/------------------------------------------------------------------- 
/--- Log File: pop3.class.log 
/--- Log Open: Thursday, 06 Nov 2008 @ 21:16:12 
/------------------------------------------------------------------- 
21:16:12 -- Connecting to "mail.daunbiru.com:110" !!!
21:16:12 -- +OK Hello there.
21:16:12 -- STATUS: AUTHORIZATION
21:16:12 -- USER robot@daunbiru.com
21:16:12 -- +OK Password required.
21:16:12 -- PASS 87b7cb79481f317bde90c116cf36084b
21:16:12 -- +OK logged in.
21:16:12 -- STATUS: TRANSACTION
21:16:12 -- STAT
21:16:12 -- +OK 3 3747
21:16:12 -- LIST
21:16:12 -- +OK POP3 clients that break here, they violate STD53.
21:16:12 -- 1 1249
21:16:12 -- 2 1249
21:16:12 -- 3 1249
21:16:12 -- .
21:16:12 -- UIDL
21:16:12 -- +OK
21:16:12 -- 1 UID58-1225954095
21:16:12 -- 2 UID59-1225954095
21:16:12 -- 3 UID60-1225954095
21:16:12 -- .
21:16:12 -- TOP 1 0
21:16:12 -- +OK headers follow.
21:16:12 -- Complete.
21:16:12 -- RETR 1
21:16:12 -- +OK 1249 octets follow.
21:16:12 -- Complete.
21:16:12 -- DELE 1
21:16:12 -- +OK Deleted.
21:16:12 -- TOP 2 0
21:16:12 -- +OK headers follow.
21:16:12 -- Complete.
21:16:12 -- RETR 2
21:16:12 -- +OK 1249 octets follow.
21:16:13 -- Complete.
21:16:13 -- DELE 2
21:16:13 -- +OK Deleted.
21:16:13 -- TOP 3 0
21:16:13 -- +OK headers follow.
21:16:13 -- Complete.
21:16:13 -- RETR 3
21:16:13 -- +OK 1249 octets follow.
21:16:13 -- Complete.
21:16:13 -- DELE 3
21:16:13 -- +OK Deleted.
21:16:13 -- QUIT
21:16:13 -- +OK Bye-bye.
21:16:13 -- Connection Closed. 
/------------------------------------------------------------------- 
/--- Log File: pop3.class.log 
/--- Log Close: Thursday, 06 Nov 2008 @ 21:16:13 
/------------------------------------------------------------------- 

/------------------------------------------------------------------- 
/--- Log File: pop3.class.log 
/--- Log Open: Thursday, 06 Nov 2008 @ 21:17:05 
/------------------------------------------------------------------- 
21:17:05 -- Connecting to "mail.daunbiru.com:110" !!!
21:17:05 -- +OK Hello there.
21:17:05 -- STATUS: AUTHORIZATION
21:17:05 -- USER robot@daunbiru.com
21:17:05 -- +OK Password required.
21:17:05 -- PASS 87b7cb79481f317bde90c116cf36084b
21:17:06 -- +OK logged in.
21:17:06 -- STATUS: TRANSACTION
21:17:06 -- STAT
21:17:06 -- +OK 1 1249
21:17:06 -- LIST
21:17:06 -- +OK POP3 clients that break here, they violate STD53.
21:17:06 -- 1 1249
21:17:06 -- .
21:17:06 -- UIDL
21:17:06 -- +OK
21:17:06 -- 1 UID61-1225954095
21:17:06 -- .
21:17:06 -- TOP 1 0
21:17:06 -- +OK headers follow.
21:17:06 -- Complete.
21:17:06 -- RETR 1
21:17:06 -- +OK 1249 octets follow.
21:17:06 -- Complete.
21:17:06 -- DELE 1
21:17:06 -- +OK Deleted.
21:17:06 -- QUIT
21:17:06 -- +OK Bye-bye.
21:17:06 -- Connection Closed. 
/------------------------------------------------------------------- 
/--- Log File: pop3.class.log 
/--- Log Close: Thursday, 06 Nov 2008 @ 21:17:06 
/------------------------------------------------------------------- 

/------------------------------------------------------------------- 
/--- Log File: pop3.class.log 
/--- Log Open: Thursday, 06 Nov 2008 @ 21:17:21 
/------------------------------------------------------------------- 
21:17:21 -- Connecting to "mail.daunbiru.com:110" !!!
21:17:21 -- +OK Hello there.
21:17:21 -- STATUS: AUTHORIZATION
21:17:21 -- USER robot@daunbiru.com
21:17:21 -- +OK Password required.
21:17:21 -- PASS 87b7cb79481f317bde90c116cf36084b
21:17:21 -- +OK logged in.
21:17:21 -- STATUS: TRANSACTION
21:17:21 -- STAT
21:17:21 -- +OK 0 0
21:17:21 -- QUIT
21:17:21 -- +OK Bye-bye.
21:17:21 -- Connection Closed. 
/------------------------------------------------------------------- 
/--- Log File: pop3.class.log 
/--- Log Close: Thursday, 06 Nov 2008 @ 21:17:21 
/------------------------------------------------------------------- 

/------------------------------------------------------------------- 
/--- Log File: pop3.class.log 
/--- Log Open: Thursday, 06 Nov 2008 @ 21:17:24 
/------------------------------------------------------------------- 
21:17:24 -- Connecting to "mail.daunbiru.com:110" !!!
21:17:24 -- +OK Hello there.
21:17:24 -- STATUS: AUTHORIZATION
21:17:24 -- USER robot@daunbiru.com
21:17:24 -- +OK Password required.
21:17:24 -- PASS 87b7cb79481f317bde90c116cf36084b
21:17:24 -- +OK logged in.
21:17:24 -- STATUS: TRANSACTION
21:17:24 -- STAT
21:17:24 -- +OK 0 0
21:17:24 -- QUIT
21:17:24 -- +OK Bye-bye.
21:17:24 -- Connection Closed. 
/------------------------------------------------------------------- 
/--- Log File: pop3.class.log 
/--- Log Close: Thursday, 06 Nov 2008 @ 21:17:24 
/------------------------------------------------------------------- 

/------------------------------------------------------------------- 
/--- Log File: pop3.class.log 
/--- Log Open: Thursday, 06 Nov 2008 @ 21:17:25 
/------------------------------------------------------------------- 
21:17:25 -- Connecting to "mail.daunbiru.com:110" !!!
21:17:25 -- +OK Hello there.
21:17:25 -- STATUS: AUTHORIZATION
21:17:25 -- USER robot@daunbiru.com
21:17:25 -- +OK Password required.
21:17:25 -- PASS 87b7cb79481f317bde90c116cf36084b
21:17:25 -- +OK logged in.
21:17:25 -- STATUS: TRANSACTION
21:17:25 -- STAT
21:17:25 -- +OK 0 0
21:17:25 -- QUIT
21:17:25 -- +OK Bye-bye.
21:17:25 -- Connection Closed. 
/------------------------------------------------------------------- 
/--- Log File: pop3.class.log 
/--- Log Close: Thursday, 06 Nov 2008 @ 21:17:25 
/------------------------------------------------------------------- 

/------------------------------------------------------------------- 
/--- Log File: pop3.class.log 
/--- Log Open: Thursday, 06 Nov 2008 @ 21:17:26 
/------------------------------------------------------------------- 
21:17:26 -- Connecting to "mail.daunbiru.com:110" !!!
21:17:26 -- +OK Hello there.
21:17:26 -- STATUS: AUTHORIZATION
21:17:26 -- USER robot@daunbiru.com
21:17:26 -- +OK Password required.
21:17:26 -- PASS 87b7cb79481f317bde90c116cf36084b
21:17:26 -- +OK logged in.
21:17:26 -- STATUS: TRANSACTION
21:17:26 -- STAT
21:17:26 -- +OK 0 0
21:17:26 -- QUIT
21:17:26 -- +OK Bye-bye.
21:17:26 -- Connection Closed. 
/------------------------------------------------------------------- 
/--- Log File: pop3.class.log 
/--- Log Close: Thursday, 06 Nov 2008 @ 21:17:26 
/------------------------------------------------------------------- 

/------------------------------------------------------------------- 
/--- Log File: pop3.class.log 
/--- Log Open: Thursday, 06 Nov 2008 @ 21:17:27 
/------------------------------------------------------------------- 
21:17:27 -- Connecting to "mail.daunbiru.com:110" !!!
21:17:27 -- +OK Hello there.
21:17:27 -- STATUS: AUTHORIZATION
21:17:27 -- USER robot@daunbiru.com
21:17:27 -- +OK Password required.
21:17:27 -- PASS 87b7cb79481f317bde90c116cf36084b
21:17:27 -- +OK logged in.
21:17:27 -- STATUS: TRANSACTION
21:17:27 -- STAT
21:17:27 -- +OK 0 0
21:17:27 -- QUIT
21:17:27 -- +OK Bye-bye.
21:17:27 -- Connection Closed. 
/------------------------------------------------------------------- 
/--- Log File: pop3.class.log 
/--- Log Close: Thursday, 06 Nov 2008 @ 21:17:27 
/------------------------------------------------------------------- 

/------------------------------------------------------------------- 
/--- Log File: pop3.class.log 
/--- Log Open: Thursday, 06 Nov 2008 @ 21:17:28 
/------------------------------------------------------------------- 
21:17:28 -- Connecting to "mail.daunbiru.com:110" !!!
21:17:28 -- +OK Hello there.
21:17:28 -- STATUS: AUTHORIZATION
21:17:28 -- USER robot@daunbiru.com
21:17:28 -- +OK Password required.
21:17:28 -- PASS 87b7cb79481f317bde90c116cf36084b
21:17:28 -- +OK logged in.
21:17:28 -- STATUS: TRANSACTION
21:17:28 -- STAT
21:17:28 -- +OK 0 0
21:17:28 -- QUIT
21:17:28 -- +OK Bye-bye.
21:17:28 -- Connection Closed. 
/------------------------------------------------------------------- 
/--- Log File: pop3.class.log 
/--- Log Close: Thursday, 06 Nov 2008 @ 21:17:28 
/------------------------------------------------------------------- 

/------------------------------------------------------------------- 
/--- Log File: pop3.class.log 
/--- Log Open: Thursday, 06 Nov 2008 @ 21:17:28 
/------------------------------------------------------------------- 
21:17:28 -- Connecting to "mail.daunbiru.com:110" !!!
21:17:28 -- +OK Hello there.
21:17:28 -- STATUS: AUTHORIZATION
21:17:28 -- USER robot@daunbiru.com
21:17:29 -- +OK Password required.
21:17:29 -- PASS 87b7cb79481f317bde90c116cf36084b
21:17:29 -- +OK logged in.
21:17:29 -- STATUS: TRANSACTION
21:17:29 -- STAT
21:17:29 -- +OK 0 0
21:17:29 -- QUIT
21:17:29 -- +OK Bye-bye.
21:17:29 -- Connection Closed. 
/------------------------------------------------------------------- 
/--- Log File: pop3.class.log 
/--- Log Close: Thursday, 06 Nov 2008 @ 21:17:29 
/------------------------------------------------------------------- 

/------------------------------------------------------------------- 
/--- Log File: pop3.class.log 
/--- Log Open: Thursday, 06 Nov 2008 @ 21:17:29 
/------------------------------------------------------------------- 
21:17:29 -- Connecting to "mail.daunbiru.com:110" !!!
21:17:29 -- +OK Hello there.
21:17:29 -- STATUS: AUTHORIZATION
21:17:29 -- USER robot@daunbiru.com
21:17:29 -- +OK Password required.
21:17:29 -- PASS 87b7cb79481f317bde90c116cf36084b
21:17:29 -- +OK logged in.
21:17:29 -- STATUS: TRANSACTION
21:17:29 -- STAT
21:17:29 -- +OK 0 0
21:17:29 -- QUIT
21:17:30 -- +OK Bye-bye.
21:17:30 -- Connection Closed. 
/------------------------------------------------------------------- 
/--- Log File: pop3.class.log 
/--- Log Close: Thursday, 06 Nov 2008 @ 21:17:30 
/------------------------------------------------------------------- 

/------------------------------------------------------------------- 
/--- Log File: pop3.class.log 
/--- Log Open: Thursday, 06 Nov 2008 @ 21:17:30 
/------------------------------------------------------------------- 
21:17:30 -- Connecting to "mail.daunbiru.com:110" !!!
21:17:30 -- +OK Hello there.
21:17:30 -- STATUS: AUTHORIZATION
21:17:30 -- USER robot@daunbiru.com
21:17:30 -- +OK Password required.
21:17:30 -- PASS 87b7cb79481f317bde90c116cf36084b
21:17:30 -- +OK logged in.
21:17:30 -- STATUS: TRANSACTION
21:17:30 -- STAT
21:17:30 -- +OK 0 0
21:17:30 -- QUIT
21:17:30 -- +OK Bye-bye.
21:17:30 -- Connection Closed. 
/------------------------------------------------------------------- 
/--- Log File: pop3.class.log 
/--- Log Close: Thursday, 06 Nov 2008 @ 21:17:30 
/------------------------------------------------------------------- 

/------------------------------------------------------------------- 
/--- Log File: pop3.class.log 
/--- Log Open: Thursday, 06 Nov 2008 @ 21:17:31 
/------------------------------------------------------------------- 
21:17:31 -- Connecting to "mail.daunbiru.com:110" !!!
21:17:31 -- +OK Hello there.
21:17:31 -- STATUS: AUTHORIZATION
21:17:31 -- USER robot@daunbiru.com
21:17:31 -- +OK Password required.
21:17:31 -- PASS 87b7cb79481f317bde90c116cf36084b
21:17:31 -- +OK logged in.
21:17:31 -- STATUS: TRANSACTION
21:17:31 -- STAT
21:17:31 -- +OK 0 0
21:17:31 -- QUIT
21:17:31 -- +OK Bye-bye.
21:17:31 -- Connection Closed. 
/------------------------------------------------------------------- 
/--- Log File: pop3.class.log 
/--- Log Close: Thursday, 06 Nov 2008 @ 21:17:31 
/------------------------------------------------------------------- 

/------------------------------------------------------------------- 
/--- Log File: pop3.class.log 
/--- Log Open: Thursday, 06 Nov 2008 @ 21:17:32 
/------------------------------------------------------------------- 
21:17:32 -- Connecting to "mail.daunbiru.com:110" !!!
21:17:32 -- +OK Hello there.
21:17:32 -- STATUS: AUTHORIZATION
21:17:32 -- USER robot@daunbiru.com
21:17:32 -- +OK Password required.
21:17:32 -- PASS 87b7cb79481f317bde90c116cf36084b
21:17:32 -- +OK logged in.
21:17:32 -- STATUS: TRANSACTION
21:17:32 -- STAT
21:17:32 -- +OK 0 0
21:17:32 -- QUIT
21:17:32 -- +OK Bye-bye.
21:17:32 -- Connection Closed. 
/------------------------------------------------------------------- 
/--- Log File: pop3.class.log 
/--- Log Close: Thursday, 06 Nov 2008 @ 21:17:32 
/------------------------------------------------------------------- 

/------------------------------------------------------------------- 
/--- Log File: pop3.class.log 
/--- Log Open: Thursday, 06 Nov 2008 @ 21:17:33 
/------------------------------------------------------------------- 
21:17:33 -- Connecting to "mail.daunbiru.com:110" !!!
21:17:33 -- +OK Hello there.
21:17:33 -- STATUS: AUTHORIZATION
21:17:33 -- USER robot@daunbiru.com
21:17:33 -- +OK Password required.
21:17:33 -- PASS 87b7cb79481f317bde90c116cf36084b
21:17:33 -- +OK logged in.
21:17:33 -- STATUS: TRANSACTION
21:17:33 -- STAT
21:17:33 -- +OK 0 0
21:17:33 -- QUIT
21:17:33 -- +OK Bye-bye.
21:17:33 -- Connection Closed. 
/------------------------------------------------------------------- 
/--- Log File: pop3.class.log 
/--- Log Close: Thursday, 06 Nov 2008 @ 21:17:33 
/------------------------------------------------------------------- 

/------------------------------------------------------------------- 
/--- Log File: pop3.class.log 
/--- Log Open: Thursday, 06 Nov 2008 @ 21:17:34 
/------------------------------------------------------------------- 
21:17:34 -- Connecting to "mail.daunbiru.com:110" !!!
21:17:34 -- +OK Hello there.
21:17:34 -- STATUS: AUTHORIZATION
21:17:34 -- USER robot@daunbiru.com
21:17:34 -- +OK Password required.
21:17:34 -- PASS 87b7cb79481f317bde90c116cf36084b
21:17:34 -- +OK logged in.
21:17:34 -- STATUS: TRANSACTION
21:17:34 -- STAT
21:17:34 -- +OK 0 0
21:17:34 -- QUIT
21:17:34 -- +OK Bye-bye.
21:17:34 -- Connection Closed. 
/------------------------------------------------------------------- 
/--- Log File: pop3.class.log 
/--- Log Close: Thursday, 06 Nov 2008 @ 21:17:34 
/------------------------------------------------------------------- 

/------------------------------------------------------------------- 
/--- Log File: pop3.class.log 
/--- Log Open: Thursday, 06 Nov 2008 @ 21:17:34 
/------------------------------------------------------------------- 
21:17:34 -- Connecting to "mail.daunbiru.com:110" !!!
21:17:34 -- +OK Hello there.
21:17:34 -- STATUS: AUTHORIZATION
21:17:34 -- USER robot@daunbiru.com
21:17:34 -- +OK Password required.
21:17:34 -- PASS 87b7cb79481f317bde90c116cf36084b
21:17:35 -- +OK logged in.
21:17:35 -- STATUS: TRANSACTION
21:17:35 -- STAT
21:17:35 -- +OK 0 0
21:17:35 -- QUIT
21:17:35 -- +OK Bye-bye.
21:17:35 -- Connection Closed. 
/------------------------------------------------------------------- 
/--- Log File: pop3.class.log 
/--- Log Close: Thursday, 06 Nov 2008 @ 21:17:35 
/------------------------------------------------------------------- 

/------------------------------------------------------------------- 
/--- Log File: pop3.class.log 
/--- Log Open: Thursday, 06 Nov 2008 @ 21:17:35 
/------------------------------------------------------------------- 
21:17:35 -- Connecting to "mail.daunbiru.com:110" !!!
21:17:35 -- +OK Hello there.
21:17:35 -- STATUS: AUTHORIZATION
21:17:35 -- USER robot@daunbiru.com
21:17:35 -- +OK Password required.
21:17:35 -- PASS 87b7cb79481f317bde90c116cf36084b
21:17:35 -- +OK logged in.
21:17:35 -- STATUS: TRANSACTION
21:17:35 -- STAT
21:17:35 -- +OK 0 0
21:17:35 -- QUIT
21:17:35 -- +OK Bye-bye.
21:17:35 -- Connection Closed. 
/------------------------------------------------------------------- 
/--- Log File: pop3.class.log 
/--- Log Close: Thursday, 06 Nov 2008 @ 21:17:35 
/------------------------------------------------------------------- 

/------------------------------------------------------------------- 
/--- Log File: pop3.class.log 
/--- Log Open: Thursday, 06 Nov 2008 @ 21:17:36 
/------------------------------------------------------------------- 
21:17:36 -- Connecting to "mail.daunbiru.com:110" !!!
21:17:36 -- +OK Hello there.
21:17:36 -- STATUS: AUTHORIZATION
21:17:36 -- USER robot@daunbiru.com
21:17:36 -- +OK Password required.
21:17:36 -- PASS 87b7cb79481f317bde90c116cf36084b
21:17:36 -- +OK logged in.
21:17:36 -- STATUS: TRANSACTION
21:17:36 -- STAT
21:17:36 -- +OK 0 0
21:17:36 -- QUIT
21:17:36 -- +OK Bye-bye.
21:17:36 -- Connection Closed. 
/------------------------------------------------------------------- 
/--- Log File: pop3.class.log 
/--- Log Close: Thursday, 06 Nov 2008 @ 21:17:36 
/------------------------------------------------------------------- 

/------------------------------------------------------------------- 
/--- Log File: pop3.class.log 
/--- Log Open: Thursday, 06 Nov 2008 @ 21:17:37 
/------------------------------------------------------------------- 
21:17:37 -- Connecting to "mail.daunbiru.com:110" !!!
21:17:37 -- +OK Hello there.
21:17:37 -- STATUS: AUTHORIZATION
21:17:37 -- USER robot@daunbiru.com
21:17:37 -- +OK Password required.
21:17:37 -- PASS 87b7cb79481f317bde90c116cf36084b
21:17:37 -- +OK logged in.
21:17:37 -- STATUS: TRANSACTION
21:17:37 -- STAT
21:17:37 -- +OK 0 0
21:17:37 -- QUIT
21:17:37 -- +OK Bye-bye.
21:17:37 -- Connection Closed. 
/------------------------------------------------------------------- 
/--- Log File: pop3.class.log 
/--- Log Close: Thursday, 06 Nov 2008 @ 21:17:37 
/------------------------------------------------------------------- 

/------------------------------------------------------------------- 
/--- Log File: pop3.class.log 
/--- Log Open: Thursday, 06 Nov 2008 @ 21:17:38 
/------------------------------------------------------------------- 
21:17:38 -- Connecting to "mail.daunbiru.com:110" !!!
21:17:38 -- +OK Hello there.
21:17:38 -- STATUS: AUTHORIZATION
21:17:38 -- USER robot@daunbiru.com
21:17:38 -- +OK Password required.
21:17:38 -- PASS 87b7cb79481f317bde90c116cf36084b
21:17:38 -- +OK logged in.
21:17:38 -- STATUS: TRANSACTION
21:17:38 -- STAT
21:17:38 -- +OK 0 0
21:17:38 -- QUIT
21:17:38 -- +OK Bye-bye.
21:17:38 -- Connection Closed. 
/------------------------------------------------------------------- 
/--- Log File: pop3.class.log 
/--- Log Close: Thursday, 06 Nov 2008 @ 21:17:38 
/------------------------------------------------------------------- 

/------------------------------------------------------------------- 
/--- Log File: pop3.class.log 
/--- Log Open: Thursday, 06 Nov 2008 @ 21:17:39 
/------------------------------------------------------------------- 
21:17:39 -- Connecting to "mail.daunbiru.com:110" !!!
21:17:39 -- +OK Hello there.
21:17:39 -- STATUS: AUTHORIZATION
21:17:39 -- USER robot@daunbiru.com
21:17:39 -- +OK Password required.
21:17:39 -- PASS 87b7cb79481f317bde90c116cf36084b
21:17:39 -- +OK logged in.
21:17:39 -- STATUS: TRANSACTION
21:17:39 -- STAT
21:17:39 -- +OK 0 0
21:17:39 -- QUIT
21:17:39 -- +OK Bye-bye.
21:17:39 -- Connection Closed. 
/------------------------------------------------------------------- 
/--- Log File: pop3.class.log 
/--- Log Close: Thursday, 06 Nov 2008 @ 21:17:39 
/------------------------------------------------------------------- 

/------------------------------------------------------------------- 
/--- Log File: pop3.class.log 
/--- Log Open: Thursday, 06 Nov 2008 @ 21:17:40 
/------------------------------------------------------------------- 
21:17:40 -- Connecting to "mail.daunbiru.com:110" !!!
21:17:40 -- +OK Hello there.
21:17:40 -- STATUS: AUTHORIZATION
21:17:40 -- USER robot@daunbiru.com
21:17:40 -- +OK Password required.
21:17:40 -- PASS 87b7cb79481f317bde90c116cf36084b
21:17:40 -- +OK logged in.
21:17:40 -- STATUS: TRANSACTION
21:17:40 -- STAT
21:17:40 -- +OK 0 0
21:17:40 -- QUIT
21:17:40 -- +OK Bye-bye.
21:17:40 -- Connection Closed. 
/------------------------------------------------------------------- 
/--- Log File: pop3.class.log 
/--- Log Close: Thursday, 06 Nov 2008 @ 21:17:40 
/------------------------------------------------------------------- 

/------------------------------------------------------------------- 
/--- Log File: pop3.class.log 
/--- Log Open: Thursday, 06 Nov 2008 @ 21:17:40 
/------------------------------------------------------------------- 
21:17:40 -- Connecting to "mail.daunbiru.com:110" !!!
21:17:40 -- +OK Hello there.
21:17:40 -- STATUS: AUTHORIZATION
21:17:40 -- USER robot@daunbiru.com
21:17:41 -- +OK Password required.
21:17:41 -- PASS 87b7cb79481f317bde90c116cf36084b
21:17:41 -- +OK logged in.
21:17:41 -- STATUS: TRANSACTION
21:17:41 -- STAT
21:17:41 -- +OK 0 0
21:17:41 -- QUIT
21:17:41 -- +OK Bye-bye.
21:17:41 -- Connection Closed. 
/------------------------------------------------------------------- 
/--- Log File: pop3.class.log 
/--- Log Close: Thursday, 06 Nov 2008 @ 21:17:41 
/------------------------------------------------------------------- 

/------------------------------------------------------------------- 
/--- Log File: pop3.class.log 
/--- Log Open: Thursday, 06 Nov 2008 @ 21:17:41 
/------------------------------------------------------------------- 
21:17:41 -- Connecting to "mail.daunbiru.com:110" !!!
21:17:41 -- +OK Hello there.
21:17:41 -- STATUS: AUTHORIZATION
21:17:41 -- USER robot@daunbiru.com
21:17:41 -- +OK Password required.
21:17:41 -- PASS 87b7cb79481f317bde90c116cf36084b
21:17:41 -- +OK logged in.
21:17:41 -- STATUS: TRANSACTION
21:17:41 -- STAT
21:17:42 -- +OK 0 0
21:17:42 -- QUIT
21:17:42 -- +OK Bye-bye.
21:17:42 -- Connection Closed. 
/------------------------------------------------------------------- 
/--- Log File: pop3.class.log 
/--- Log Close: Thursday, 06 Nov 2008 @ 21:17:42 
/------------------------------------------------------------------- 

/------------------------------------------------------------------- 
/--- Log File: pop3.class.log 
/--- Log Open: Thursday, 06 Nov 2008 @ 21:17:42 
/------------------------------------------------------------------- 
21:17:42 -- Connecting to "mail.daunbiru.com:110" !!!
21:17:42 -- +OK Hello there.
21:17:42 -- STATUS: AUTHORIZATION
21:17:42 -- USER robot@daunbiru.com
21:17:42 -- +OK Password required.
21:17:42 -- PASS 87b7cb79481f317bde90c116cf36084b
21:17:42 -- +OK logged in.
21:17:42 -- STATUS: TRANSACTION
21:17:42 -- STAT
21:17:42 -- +OK 0 0
21:17:42 -- QUIT
21:17:42 -- +OK Bye-bye.
21:17:42 -- Connection Closed. 
/------------------------------------------------------------------- 
/--- Log File: pop3.class.log 
/--- Log Close: Thursday, 06 Nov 2008 @ 21:17:42 
/------------------------------------------------------------------- 

/------------------------------------------------------------------- 
/--- Log File: pop3.class.log 
/--- Log Open: Thursday, 06 Nov 2008 @ 21:23:24 
/------------------------------------------------------------------- 
21:23:24 -- Connecting to "mail.daunbiru.com:110" !!!
21:23:24 -- +OK Hello there.
21:23:24 -- STATUS: AUTHORIZATION
21:23:24 -- USER robot@daunbiru.com
21:23:24 -- +OK Password required.
21:23:24 -- PASS 87b7cb79481f317bde90c116cf36084b
21:23:24 -- +OK logged in.
21:23:24 -- STATUS: TRANSACTION
21:23:24 -- STAT
21:23:24 -- +OK 6 7494
21:23:24 -- LIST
21:23:24 -- +OK POP3 clients that break here, they violate STD53.
21:23:24 -- 1 1249
21:23:24 -- 2 1249
21:23:24 -- 3 1249
21:23:24 -- 4 1249
21:23:24 -- 5 1249
21:23:24 -- 6 1249
21:23:24 -- .
21:23:24 -- UIDL
21:23:24 -- +OK
21:23:24 -- 1 UID62-1225954095
21:23:24 -- 2 UID63-1225954095
21:23:24 -- 3 UID64-1225954095
21:23:24 -- 4 UID65-1225954095
21:23:24 -- 5 UID66-1225954095
21:23:24 -- 6 UID67-1225954095
21:23:24 -- .
21:23:24 -- TOP 1 0
21:23:24 -- +OK headers follow.
21:23:24 -- Complete.
21:23:24 -- RETR 1
21:23:24 -- +OK 1249 octets follow.
21:23:24 -- Complete.
21:23:24 -- DELE 1
21:23:25 -- +OK Deleted.
21:23:25 -- TOP 2 0
21:23:25 -- +OK headers follow.
21:23:25 -- Complete.
21:23:25 -- RETR 2
21:23:25 -- +OK 1249 octets follow.
21:23:25 -- Complete.
21:23:25 -- DELE 2
21:23:25 -- +OK Deleted.
21:23:25 -- TOP 3 0
21:23:25 -- +OK headers follow.
21:23:25 -- Complete.
21:23:25 -- RETR 3
21:23:25 -- +OK 1249 octets follow.
21:23:25 -- Complete.
21:23:25 -- DELE 3
21:23:25 -- +OK Deleted.
21:23:25 -- TOP 4 0
21:23:25 -- +OK headers follow.
21:23:25 -- Complete.
21:23:25 -- RETR 4
21:23:25 -- +OK 1249 octets follow.
21:23:25 -- Complete.
21:23:25 -- DELE 4
21:23:25 -- +OK Deleted.
21:23:25 -- TOP 5 0
21:23:25 -- +OK headers follow.
21:23:25 -- Complete.
21:23:25 -- RETR 5
21:23:25 -- +OK 1249 octets follow.
21:23:25 -- Complete.
21:23:25 -- DELE 5
21:23:25 -- +OK Deleted.
21:23:25 -- TOP 6 0
21:23:26 -- +OK headers follow.
21:23:26 -- Complete.
21:23:26 -- RETR 6
21:23:26 -- +OK 1249 octets follow.
21:23:26 -- Complete.
21:23:26 -- DELE 6
21:23:26 -- +OK Deleted.
21:23:26 -- QUIT
21:23:26 -- +OK Bye-bye.
21:23:26 -- Connection Closed. 
/------------------------------------------------------------------- 
/--- Log File: pop3.class.log 
/--- Log Close: Thursday, 06 Nov 2008 @ 21:23:26 
/------------------------------------------------------------------- 

/------------------------------------------------------------------- 
/--- Log File: pop3.class.log 
/--- Log Open: Thursday, 06 Nov 2008 @ 21:23:29 
/------------------------------------------------------------------- 
21:23:29 -- Connecting to "mail.daunbiru.com:110" !!!
21:23:30 -- +OK Hello there.
21:23:30 -- STATUS: AUTHORIZATION
21:23:30 -- USER robot@daunbiru.com
21:23:30 -- +OK Password required.
21:23:30 -- PASS 87b7cb79481f317bde90c116cf36084b
21:23:30 -- +OK logged in.
21:23:30 -- STATUS: TRANSACTION
21:23:30 -- STAT
21:23:30 -- +OK 0 0
21:23:30 -- QUIT
21:23:30 -- +OK Bye-bye.
21:23:30 -- Connection Closed. 
/------------------------------------------------------------------- 
/--- Log File: pop3.class.log 
/--- Log Close: Thursday, 06 Nov 2008 @ 21:23:30 
/------------------------------------------------------------------- 

/------------------------------------------------------------------- 
/--- Log File: pop3.class.log 
/--- Log Open: Thursday, 06 Nov 2008 @ 21:38:38 
/------------------------------------------------------------------- 
21:38:38 -- Connecting to "mail.daunbiru.com:110" !!!
21:38:38 -- +OK Hello there.
21:38:38 -- STATUS: AUTHORIZATION
21:38:38 -- USER robot@daunbiru.com
21:38:39 -- +OK Password required.
21:38:39 -- PASS 87b7cb79481f317bde90c116cf36084b
21:38:39 -- +OK logged in.
21:38:39 -- STATUS: TRANSACTION
21:38:39 -- STAT
21:38:39 -- +OK 12 14988
21:38:39 -- LIST
21:38:39 -- +OK POP3 clients that break here, they violate STD53.
21:38:39 -- 1 1249
21:38:39 -- 2 1249
21:38:39 -- 3 1249
21:38:39 -- 4 1249
21:38:39 -- 5 1249
21:38:39 -- 6 1249
21:38:39 -- 7 1249
21:38:39 -- 8 1249
21:38:39 -- 9 1249
21:38:39 -- 10 1249
21:38:39 -- 11 1249
21:38:39 -- 12 1249
21:38:39 -- .
21:38:39 -- UIDL
21:38:39 -- +OK
21:38:39 -- 1 UID71-1225954095
21:38:39 -- 2 UID72-1225954095
21:38:39 -- 3 UID73-1225954095
21:38:39 -- 4 UID74-1225954095
21:38:39 -- 5 UID75-1225954095
21:38:39 -- 6 UID76-1225954095
21:38:39 -- 7 UID77-1225954095
21:38:39 -- 8 UID78-1225954095
21:38:39 -- 9 UID79-1225954095
21:38:39 -- 10 UID80-1225954095
21:38:39 -- 11 UID81-1225954095
21:38:39 -- 12 UID82-1225954095
21:38:39 -- .
21:38:39 -- TOP 1 0
21:38:39 -- +OK headers follow.
21:38:39 -- Complete.
21:38:39 -- RETR 1
21:38:39 -- +OK 1249 octets follow.
21:38:39 -- Complete.
21:38:39 -- DELE 1
21:38:39 -- +OK Deleted.
21:38:39 -- TOP 2 0
21:38:39 -- +OK headers follow.
21:38:39 -- Complete.
21:38:39 -- RETR 2
21:38:39 -- +OK 1249 octets follow.
21:38:39 -- Complete.
21:38:39 -- DELE 2
21:38:39 -- +OK Deleted.
21:38:39 -- TOP 3 0
21:38:39 -- +OK headers follow.
21:38:39 -- Complete.
21:38:39 -- RETR 3
21:38:39 -- +OK 1249 octets follow.
21:38:39 -- Complete.
21:38:39 -- DELE 3
21:38:39 -- +OK Deleted.
21:38:39 -- TOP 4 0
21:38:40 -- +OK headers follow.
21:38:40 -- Complete.
21:38:40 -- RETR 4
21:38:40 -- +OK 1249 octets follow.
21:38:40 -- Complete.
21:38:40 -- DELE 4
21:38:40 -- +OK Deleted.
21:38:40 -- TOP 5 0
21:38:40 -- +OK headers follow.
21:38:40 -- Complete.
21:38:40 -- RETR 5
21:38:40 -- +OK 1249 octets follow.
21:38:40 -- Complete.
21:38:40 -- DELE 5
21:38:40 -- +OK Deleted.
21:38:40 -- TOP 6 0
21:38:40 -- +OK headers follow.
21:38:40 -- Complete.
21:38:40 -- RETR 6
21:38:40 -- +OK 1249 octets follow.
21:38:40 -- Complete.
21:38:40 -- DELE 6
21:38:40 -- +OK Deleted.
21:38:40 -- TOP 7 0
21:38:40 -- +OK headers follow.
21:38:40 -- Complete.
21:38:40 -- RETR 7
21:38:40 -- +OK 1249 octets follow.
21:38:40 -- Complete.
21:38:40 -- DELE 7
21:38:40 -- +OK Deleted.
21:38:40 -- TOP 8 0
21:38:40 -- +OK headers follow.
21:38:40 -- Complete.
21:38:40 -- RETR 8
21:38:41 -- +OK 1249 octets follow.
21:38:41 -- Complete.
21:38:41 -- DELE 8
21:38:41 -- +OK Deleted.
21:38:41 -- TOP 9 0
21:38:41 -- +OK headers follow.
21:38:41 -- Complete.
21:38:41 -- RETR 9
21:38:41 -- +OK 1249 octets follow.
21:38:41 -- Complete.
21:38:41 -- DELE 9
21:38:41 -- +OK Deleted.
21:38:41 -- TOP 10 0
21:38:41 -- +OK headers follow.
21:38:41 -- Complete.
21:38:41 -- RETR 10
21:38:41 -- +OK 1249 octets follow.
21:38:41 -- Complete.
21:38:41 -- DELE 10
21:38:41 -- +OK Deleted.
21:38:41 -- TOP 11 0
21:38:41 -- +OK headers follow.
21:38:41 -- Complete.
21:38:41 -- RETR 11
21:38:41 -- +OK 1249 octets follow.
21:38:41 -- Complete.
21:38:41 -- DELE 11
21:38:41 -- +OK Deleted.
21:38:41 -- TOP 12 0
21:38:41 -- +OK headers follow.
21:38:41 -- Complete.
21:38:41 -- RETR 12
21:38:42 -- +OK 1249 octets follow.
21:38:42 -- Complete.
21:38:42 -- DELE 12
21:38:42 -- +OK Deleted.
21:38:42 -- QUIT
21:38:42 -- +OK Bye-bye.
21:38:42 -- Connection Closed. 
/------------------------------------------------------------------- 
/--- Log File: pop3.class.log 
/--- Log Close: Thursday, 06 Nov 2008 @ 21:38:42 
/------------------------------------------------------------------- 

/------------------------------------------------------------------- 
/--- Log File: pop3.class.log 
/--- Log Open: Thursday, 06 Nov 2008 @ 21:38:50 
/------------------------------------------------------------------- 
21:38:50 -- Connecting to "mail.daunbiru.com:110" !!!
21:38:50 -- +OK Hello there.
21:38:50 -- STATUS: AUTHORIZATION
21:38:50 -- USER robot@daunbiru.com
21:38:50 -- +OK Password required.
21:38:50 -- PASS 87b7cb79481f317bde90c116cf36084b
21:38:50 -- +OK logged in.
21:38:50 -- STATUS: TRANSACTION
21:38:50 -- STAT
21:38:50 -- +OK 0 0
21:38:50 -- QUIT
21:38:50 -- +OK Bye-bye.
21:38:50 -- Connection Closed. 
/------------------------------------------------------------------- 
/--- Log File: pop3.class.log 
/--- Log Close: Thursday, 06 Nov 2008 @ 21:38:50 
/------------------------------------------------------------------- 

/------------------------------------------------------------------- 
/--- Log File: pop3.class.log 
/--- Log Open: Thursday, 06 Nov 2008 @ 21:39:23 
/------------------------------------------------------------------- 
21:39:23 -- Connecting to "mail.daunbiru.com:110" !!!
21:39:23 -- +OK Hello there.
21:39:23 -- STATUS: AUTHORIZATION
21:39:23 -- USER robot@daunbiru.com
21:39:23 -- +OK Password required.
21:39:23 -- PASS 87b7cb79481f317bde90c116cf36084b
21:39:23 -- +OK logged in.
21:39:23 -- STATUS: TRANSACTION
21:39:23 -- STAT
21:39:23 -- +OK 1 1249
21:39:23 -- LIST
21:39:23 -- +OK POP3 clients that break here, they violate STD53.
21:39:23 -- 1 1249
21:39:23 -- .
21:39:23 -- UIDL
21:39:23 -- +OK
21:39:23 -- 1 UID83-1225954095
21:39:23 -- .
21:39:23 -- TOP 1 0
21:39:23 -- +OK headers follow.
21:39:23 -- Complete.
21:39:23 -- RETR 1
21:39:23 -- +OK 1249 octets follow.
21:39:23 -- Complete.
21:39:23 -- DELE 1
21:39:23 -- +OK Deleted.
21:39:23 -- QUIT
21:39:23 -- +OK Bye-bye.
21:39:23 -- Connection Closed. 
/------------------------------------------------------------------- 
/--- Log File: pop3.class.log 
/--- Log Close: Thursday, 06 Nov 2008 @ 21:39:23 
/------------------------------------------------------------------- 

