This file contains any messages produced by compilers while
running configure, to aid debugging if configure makes a mistake.

It was created by monitaapp configure 0.1, which was
generated by GNU Autoconf 2.61.  Invocation command line was

  $ ./configure --enable-maintainer-mode

## --------- ##
## Platform. ##
## --------- ##

hostname = service-desktop
uname -m = i686
uname -r = 2.6.24-23-server
uname -s = Linux
uname -v = #1 SMP Thu Feb 5 15:34:58 UTC 2009

/usr/bin/uname -p = unknown
/bin/uname -X     = unknown

/bin/arch              = unknown
/usr/bin/arch -k       = unknown
/usr/convex/getsysinfo = unknown
/usr/bin/hostinfo      = unknown
/bin/machine           = unknown
/usr/bin/oslevel       = unknown
/bin/universe          = unknown

PATH: /home/service/bin
PATH: /usr/local/sbin
PATH: /usr/local/bin
PATH: /usr/sbin
PATH: /usr/bin
PATH: /sbin
PATH: /bin
PATH: /usr/games
PATH: /usr/local/arm/bin
PATH: .
PATH: /usr/local/arm/bin


## ----------- ##
## Core tests. ##
## ----------- ##

configure:2036: checking for a BSD-compatible install
configure:2092: result: /usr/bin/install -c
configure:2103: checking whether build environment is sane
configure:2146: result: yes
configure:2174: checking for a thread-safe mkdir -p
configure:2213: result: /bin/mkdir -p
configure:2226: checking for gawk
configure:2242: found /usr/bin/gawk
configure:2253: result: gawk
configure:2264: checking whether make sets $(MAKE)
configure:2285: result: yes
configure:2475: checking whether to enable maintainer-specific portions of Makefiles
configure:2484: result: yes
configure:2510: checking for style of include used by make
configure:2538: result: GNU
configure:2608: checking for gcc
configure:2624: found /usr/bin/gcc
configure:2635: result: gcc
configure:2873: checking for C compiler version
configure:2880: gcc --version >&5
gcc (GCC) 4.2.3 (Ubuntu 4.2.3-2ubuntu7)
Copyright (C) 2007 Free Software Foundation, Inc.
This is free software; see the source for copying conditions.  There is NO
warranty; not even for MERCHANTABILITY or FITNESS FOR A PARTICULAR PURPOSE.

configure:2883: $? = 0
configure:2890: gcc -v >&5
Using built-in specs.
Target: i486-linux-gnu
Configured with: ../src/configure -v --enable-languages=c,c++,fortran,objc,obj-c++,treelang --prefix=/usr --enable-shared --with-system-zlib --libexecdir=/usr/lib --without-included-gettext --enable-threads=posix --enable-nls --with-gxx-include-dir=/usr/include/c++/4.2 --program-suffix=-4.2 --enable-clocale=gnu --enable-libstdcxx-debug --enable-objc-gc --enable-mpfr --enable-targets=all --enable-checking=release --build=i486-linux-gnu --host=i486-linux-gnu --target=i486-linux-gnu
Thread model: posix
gcc version 4.2.3 (Ubuntu 4.2.3-2ubuntu7)
configure:2893: $? = 0
configure:2900: gcc -V >&5
gcc: '-V' option must have argument
configure:2903: $? = 1
configure:2926: checking for C compiler default output file name
configure:2953: gcc    conftest.c  >&5
configure:2956: $? = 0
configure:2994: result: a.out
configure:3011: checking whether the C compiler works
configure:3021: ./a.out
configure:3024: $? = 0
configure:3041: result: yes
configure:3048: checking whether we are cross compiling
configure:3050: result: no
configure:3053: checking for suffix of executables
configure:3060: gcc -o conftest    conftest.c  >&5
configure:3063: $? = 0
configure:3087: result: 
configure:3093: checking for suffix of object files
configure:3119: gcc -c   conftest.c >&5
configure:3122: $? = 0
configure:3145: result: o
configure:3149: checking whether we are using the GNU C compiler
configure:3178: gcc -c   conftest.c >&5
configure:3184: $? = 0
configure:3201: result: yes
configure:3206: checking whether gcc accepts -g
configure:3236: gcc -c -g  conftest.c >&5
configure:3242: $? = 0
configure:3341: result: yes
configure:3358: checking for gcc option to accept ISO C89
configure:3432: gcc  -c -g -O2  conftest.c >&5
configure:3438: $? = 0
configure:3461: result: none needed
configure:3481: checking dependency style of gcc
configure:3572: result: gcc3
configure:3588: checking for library containing strerror
configure:3629: gcc -o conftest -g -O2   conftest.c  >&5
configure:3635: $? = 0
configure:3663: result: none required
configure:3729: checking for g++
configure:3745: found /usr/bin/g++
configure:3756: result: g++
configure:3787: checking for C++ compiler version
configure:3794: g++ --version >&5
g++ (GCC) 4.2.3 (Ubuntu 4.2.3-2ubuntu7)
Copyright (C) 2007 Free Software Foundation, Inc.
This is free software; see the source for copying conditions.  There is NO
warranty; not even for MERCHANTABILITY or FITNESS FOR A PARTICULAR PURPOSE.

configure:3797: $? = 0
configure:3804: g++ -v >&5
Using built-in specs.
Target: i486-linux-gnu
Configured with: ../src/configure -v --enable-languages=c,c++,fortran,objc,obj-c++,treelang --prefix=/usr --enable-shared --with-system-zlib --libexecdir=/usr/lib --without-included-gettext --enable-threads=posix --enable-nls --with-gxx-include-dir=/usr/include/c++/4.2 --program-suffix=-4.2 --enable-clocale=gnu --enable-libstdcxx-debug --enable-objc-gc --enable-mpfr --enable-targets=all --enable-checking=release --build=i486-linux-gnu --host=i486-linux-gnu --target=i486-linux-gnu
Thread model: posix
gcc version 4.2.3 (Ubuntu 4.2.3-2ubuntu7)
configure:3807: $? = 0
configure:3814: g++ -V >&5
g++: '-V' option must have argument
configure:3817: $? = 1
configure:3820: checking whether we are using the GNU C++ compiler
configure:3849: g++ -c   conftest.cpp >&5
configure:3855: $? = 0
configure:3872: result: yes
configure:3877: checking whether g++ accepts -g
configure:3907: g++ -c -g  conftest.cpp >&5
configure:3913: $? = 0
configure:4012: result: yes
configure:4037: checking dependency style of g++
configure:4128: result: gcc3
configure:4191: checking for gcc
configure:4218: result: gcc
configure:4456: checking for C compiler version
configure:4463: gcc --version >&5
gcc (GCC) 4.2.3 (Ubuntu 4.2.3-2ubuntu7)
Copyright (C) 2007 Free Software Foundation, Inc.
This is free software; see the source for copying conditions.  There is NO
warranty; not even for MERCHANTABILITY or FITNESS FOR A PARTICULAR PURPOSE.

configure:4466: $? = 0
configure:4473: gcc -v >&5
Using built-in specs.
Target: i486-linux-gnu
Configured with: ../src/configure -v --enable-languages=c,c++,fortran,objc,obj-c++,treelang --prefix=/usr --enable-shared --with-system-zlib --libexecdir=/usr/lib --without-included-gettext --enable-threads=posix --enable-nls --with-gxx-include-dir=/usr/include/c++/4.2 --program-suffix=-4.2 --enable-clocale=gnu --enable-libstdcxx-debug --enable-objc-gc --enable-mpfr --enable-targets=all --enable-checking=release --build=i486-linux-gnu --host=i486-linux-gnu --target=i486-linux-gnu
Thread model: posix
gcc version 4.2.3 (Ubuntu 4.2.3-2ubuntu7)
configure:4476: $? = 0
configure:4483: gcc -V >&5
gcc: '-V' option must have argument
configure:4486: $? = 1
configure:4489: checking whether we are using the GNU C compiler
configure:4541: result: yes
configure:4546: checking whether gcc accepts -g
configure:4681: result: yes
configure:4698: checking for gcc option to accept ISO C89
configure:4801: result: none needed
configure:4821: checking dependency style of gcc
configure:4912: result: gcc3
configure:4935: checking how to run the C preprocessor
configure:4975: gcc -E  conftest.c
configure:4981: $? = 0
configure:5012: gcc -E  conftest.c
conftest.c:10:28: error: ac_nonexistent.h: No such file or directory
configure:5018: $? = 1
configure: failed program was:
| /* confdefs.h.  */
| #define PACKAGE_NAME "monitaapp"
| #define PACKAGE_TARNAME "monitaapp"
| #define PACKAGE_VERSION "0.1"
| #define PACKAGE_STRING "monitaapp 0.1"
| #define PACKAGE_BUGREPORT ""
| #define PACKAGE "monitaapp"
| #define VERSION "0.1"
| /* end confdefs.h.  */
| #include <ac_nonexistent.h>
configure:5051: result: gcc -E
configure:5080: gcc -E  conftest.c
configure:5086: $? = 0
configure:5117: gcc -E  conftest.c
conftest.c:10:28: error: ac_nonexistent.h: No such file or directory
configure:5123: $? = 1
configure: failed program was:
| /* confdefs.h.  */
| #define PACKAGE_NAME "monitaapp"
| #define PACKAGE_TARNAME "monitaapp"
| #define PACKAGE_VERSION "0.1"
| #define PACKAGE_STRING "monitaapp 0.1"
| #define PACKAGE_BUGREPORT ""
| #define PACKAGE "monitaapp"
| #define VERSION "0.1"
| /* end confdefs.h.  */
| #include <ac_nonexistent.h>
configure:5161: checking for grep that handles long lines and -e
configure:5235: result: /bin/grep
configure:5240: checking for egrep
configure:5318: result: /bin/grep -E
configure:5323: checking for ANSI C header files
configure:5353: gcc -c -g -O2  conftest.c >&5
configure:5359: $? = 0
configure:5458: gcc -o conftest -g -O2   conftest.c  >&5
configure:5461: $? = 0
configure:5467: ./conftest
configure:5470: $? = 0
configure:5487: result: yes
configure:5522: checking for sys/types.h
configure:5543: gcc -c -g -O2  conftest.c >&5
configure:5549: $? = 0
configure:5565: result: yes
configure:5522: checking for sys/stat.h
configure:5543: gcc -c -g -O2  conftest.c >&5
configure:5549: $? = 0
configure:5565: result: yes
configure:5522: checking for stdlib.h
configure:5543: gcc -c -g -O2  conftest.c >&5
configure:5549: $? = 0
configure:5565: result: yes
configure:5522: checking for string.h
configure:5543: gcc -c -g -O2  conftest.c >&5
configure:5549: $? = 0
configure:5565: result: yes
configure:5522: checking for memory.h
configure:5543: gcc -c -g -O2  conftest.c >&5
configure:5549: $? = 0
configure:5565: result: yes
configure:5522: checking for strings.h
configure:5543: gcc -c -g -O2  conftest.c >&5
configure:5549: $? = 0
configure:5565: result: yes
configure:5522: checking for inttypes.h
configure:5543: gcc -c -g -O2  conftest.c >&5
configure:5549: $? = 0
configure:5565: result: yes
configure:5522: checking for stdint.h
configure:5543: gcc -c -g -O2  conftest.c >&5
configure:5549: $? = 0
configure:5565: result: yes
configure:5522: checking for unistd.h
configure:5543: gcc -c -g -O2  conftest.c >&5
configure:5549: $? = 0
configure:5565: result: yes
configure:5593: checking locale.h usability
configure:5610: gcc -c -g -O2  conftest.c >&5
configure:5616: $? = 0
configure:5630: result: yes
configure:5634: checking locale.h presence
configure:5649: gcc -E  conftest.c
configure:5655: $? = 0
configure:5669: result: yes
configure:5697: checking for locale.h
configure:5705: result: yes
configure:5719: checking for LC_MESSAGES
configure:5745: gcc -o conftest -g -O2   conftest.c  >&5
configure:5751: $? = 0
configure:5768: result: yes
configure:5797: checking libintl.h usability
configure:5814: gcc -c -g -O2  conftest.c >&5
configure:5820: $? = 0
configure:5834: result: yes
configure:5838: checking libintl.h presence
configure:5853: gcc -E  conftest.c
configure:5859: $? = 0
configure:5873: result: yes
configure:5901: checking for libintl.h
configure:5908: result: yes
configure:5919: checking for ngettext in libc
configure:5947: gcc -o conftest -g -O2   conftest.c  >&5
configure:5953: $? = 0
configure:5971: result: yes
configure:5975: checking for dgettext in libc
configure:6003: gcc -o conftest -g -O2   conftest.c  >&5
configure:6009: $? = 0
configure:6027: result: yes
configure:6036: checking for bind_textdomain_codeset
configure:6092: gcc -o conftest -g -O2   conftest.c  >&5
configure:6098: $? = 0
configure:6116: result: yes
configure:6603: checking for msgfmt
configure:6630: result: /usr/bin/msgfmt
configure:6643: checking for dcgettext
configure:6699: gcc -o conftest -g -O2   conftest.c   >&5
conftest.c:48: warning: conflicting types for built-in function 'dcgettext'
configure:6705: $? = 0
configure:6723: result: yes
configure:6734: checking if msgfmt accepts -c
configure:6749: $MSGFMT -c -o /dev/null conftest.foo
configure:6752: $? = 0
configure:6754: result: yes
configure:6764: checking for gmsgfmt
configure:6795: result: /usr/bin/msgfmt
configure:6805: checking for xgettext
configure:6832: result: /usr/bin/xgettext
configure:6861: gcc -o conftest -g -O2   conftest.c   >&5
configure:6867: $? = 0
configure:7105: checking for intltool >= 0.35.0
configure:7112: result: 0.37.1 found
configure:7163: checking for xgettext
configure:7193: result: /usr/bin/xgettext
configure:7203: checking for msgmerge
configure:7221: found /usr/bin/msgmerge
configure:7233: result: /usr/bin/msgmerge
configure:7243: checking for msgfmt
configure:7273: result: /usr/bin/msgfmt
configure:7305: checking for perl
configure:7323: found /usr/bin/perl
configure:7335: result: /usr/bin/perl
configure:7354: checking for XML::Parser
configure:7357: result: ok
configure:7600: checking build system type
configure:7618: result: i686-pc-linux-gnu
configure:7640: checking host system type
configure:7655: result: i686-pc-linux-gnu
configure:7677: checking for a sed that does not truncate output
configure:7733: result: /bin/sed
configure:7747: checking for ld used by gcc
configure:7814: result: /usr/bin/ld
configure:7823: checking if the linker (/usr/bin/ld) is GNU ld
configure:7838: result: yes
configure:7843: checking for /usr/bin/ld option to reload object files
configure:7850: result: -r
configure:7868: checking for BSD-compatible nm
configure:7917: result: /usr/bin/nm -B
configure:7921: checking whether ln -s works
configure:7925: result: yes
configure:7932: checking how to recognize dependent libraries
configure:8118: result: pass_all
configure:8372: checking dlfcn.h usability
configure:8389: gcc -c -g -O2  conftest.c >&5
configure:8395: $? = 0
configure:8409: result: yes
configure:8413: checking dlfcn.h presence
configure:8428: gcc -E  conftest.c
configure:8434: $? = 0
configure:8448: result: yes
configure:8476: checking for dlfcn.h
configure:8484: result: yes
configure:8507: checking how to run the C++ preprocessor
configure:8543: g++ -E  conftest.cpp
configure:8549: $? = 0
configure:8580: g++ -E  conftest.cpp
conftest.cpp:28:28: error: ac_nonexistent.h: No such file or directory
configure:8586: $? = 1
configure: failed program was:
| /* confdefs.h.  */
| #define PACKAGE_NAME "monitaapp"
| #define PACKAGE_TARNAME "monitaapp"
| #define PACKAGE_VERSION "0.1"
| #define PACKAGE_STRING "monitaapp 0.1"
| #define PACKAGE_BUGREPORT ""
| #define PACKAGE "monitaapp"
| #define VERSION "0.1"
| #define STDC_HEADERS 1
| #define GETTEXT_PACKAGE "monitaapp"
| #define HAVE_SYS_TYPES_H 1
| #define HAVE_SYS_STAT_H 1
| #define HAVE_STDLIB_H 1
| #define HAVE_STRING_H 1
| #define HAVE_MEMORY_H 1
| #define HAVE_STRINGS_H 1
| #define HAVE_INTTYPES_H 1
| #define HAVE_STDINT_H 1
| #define HAVE_UNISTD_H 1
| #define HAVE_LOCALE_H 1
| #define HAVE_LC_MESSAGES 1
| #define HAVE_BIND_TEXTDOMAIN_CODESET 1
| #define HAVE_GETTEXT 1
| #define HAVE_DCGETTEXT 1
| #define ENABLE_NLS 1
| #define HAVE_DLFCN_H 1
| /* end confdefs.h.  */
| #include <ac_nonexistent.h>
configure:8619: result: g++ -E
configure:8648: g++ -E  conftest.cpp
configure:8654: $? = 0
configure:8685: g++ -E  conftest.cpp
conftest.cpp:28:28: error: ac_nonexistent.h: No such file or directory
configure:8691: $? = 1
configure: failed program was:
| /* confdefs.h.  */
| #define PACKAGE_NAME "monitaapp"
| #define PACKAGE_TARNAME "monitaapp"
| #define PACKAGE_VERSION "0.1"
| #define PACKAGE_STRING "monitaapp 0.1"
| #define PACKAGE_BUGREPORT ""
| #define PACKAGE "monitaapp"
| #define VERSION "0.1"
| #define STDC_HEADERS 1
| #define GETTEXT_PACKAGE "monitaapp"
| #define HAVE_SYS_TYPES_H 1
| #define HAVE_SYS_STAT_H 1
| #define HAVE_STDLIB_H 1
| #define HAVE_STRING_H 1
| #define HAVE_MEMORY_H 1
| #define HAVE_STRINGS_H 1
| #define HAVE_INTTYPES_H 1
| #define HAVE_STDINT_H 1
| #define HAVE_UNISTD_H 1
| #define HAVE_LOCALE_H 1
| #define HAVE_LC_MESSAGES 1
| #define HAVE_BIND_TEXTDOMAIN_CODESET 1
| #define HAVE_GETTEXT 1
| #define HAVE_DCGETTEXT 1
| #define ENABLE_NLS 1
| #define HAVE_DLFCN_H 1
| /* end confdefs.h.  */
| #include <ac_nonexistent.h>
configure:8784: checking for g77
configure:8814: result: no
configure:8784: checking for xlf
configure:8814: result: no
configure:8784: checking for f77
configure:8814: result: no
configure:8784: checking for frt
configure:8814: result: no
configure:8784: checking for pgf77
configure:8814: result: no
configure:8784: checking for cf77
configure:8814: result: no
configure:8784: checking for fort77
configure:8814: result: no
configure:8784: checking for fl32
configure:8814: result: no
configure:8784: checking for af77
configure:8814: result: no
configure:8784: checking for xlf90
configure:8814: result: no
configure:8784: checking for f90
configure:8814: result: no
configure:8784: checking for pgf90
configure:8814: result: no
configure:8784: checking for pghpf
configure:8814: result: no
configure:8784: checking for epcf90
configure:8814: result: no
configure:8784: checking for gfortran
configure:8814: result: no
configure:8784: checking for g95
configure:8814: result: no
configure:8784: checking for xlf95
configure:8814: result: no
configure:8784: checking for f95
configure:8814: result: no
configure:8784: checking for fort
configure:8814: result: no
configure:8784: checking for ifort
configure:8814: result: no
configure:8784: checking for ifc
configure:8814: result: no
configure:8784: checking for efc
configure:8814: result: no
configure:8784: checking for pgf95
configure:8814: result: no
configure:8784: checking for lf95
configure:8814: result: no
configure:8784: checking for ftn
configure:8814: result: no
configure:8841: checking for Fortran 77 compiler version
configure:8848:  --version >&5
./configure: line 8849: --version: command not found
configure:8851: $? = 127
configure:8858:  -v >&5
./configure: line 8859: -v: command not found
configure:8861: $? = 127
configure:8868:  -V >&5
./configure: line 8869: -V: command not found
configure:8871: $? = 127
configure:8879: checking whether we are using the GNU Fortran 77 compiler
configure:8898:  -c  conftest.F >&5
./configure: line 8899: -c: command not found
configure:8904: $? = 127
configure: failed program was:
|       program main
| #ifndef __GNUC__
|        choke me
| #endif
| 
|       end
configure:8921: result: no
configure:8927: checking whether  accepts -g
configure:8944:  -c -g conftest.f >&5
./configure: line 8945: -c: command not found
configure:8950: $? = 127
configure: failed program was:
|       program main
| 
|       end
configure:8966: result: no
configure:8995: checking the maximum length of command line arguments
configure:9107: result: 98304
configure:9119: checking command to parse /usr/bin/nm -B output from gcc object
configure:9224: gcc -c -g -O2  conftest.c >&5
configure:9227: $? = 0
configure:9231: /usr/bin/nm -B conftest.o \| sed -n -e 's/^.*[ 	]\([ABCDGIRSTW][ABCDGIRSTW]*\)[ 	][ 	]*\([_A-Za-z][_A-Za-z0-9]*\)$/\1 \2 \2/p' \> conftest.nm
configure:9234: $? = 0
configure:9286: gcc -o conftest -g -O2   conftest.c conftstm.o >&5
configure:9289: $? = 0
configure:9327: result: ok
configure:9331: checking for objdir
configure:9346: result: .libs
configure:9438: checking for ar
configure:9454: found /usr/bin/ar
configure:9465: result: ar
configure:9534: checking for ranlib
configure:9550: found /usr/bin/ranlib
configure:9561: result: ranlib
configure:9630: checking for strip
configure:9646: found /usr/bin/strip
configure:9657: result: strip
configure:10255: checking if gcc supports -fno-rtti -fno-exceptions
configure:10273: gcc -c -g -O2  -fno-rtti -fno-exceptions conftest.c >&5
cc1: warning: command line option "-fno-rtti" is valid for C++/ObjC++ but not for C
configure:10277: $? = 0
configure:10290: result: no
configure:10305: checking for gcc option to produce PIC
configure:10537: result: -fPIC
configure:10545: checking if gcc PIC flag -fPIC works
configure:10563: gcc -c -g -O2  -fPIC -DPIC conftest.c >&5
configure:10567: $? = 0
configure:10580: result: yes
configure:10608: checking if gcc static flag -static works
configure:10636: result: yes
configure:10646: checking if gcc supports -c -o file.o
configure:10667: gcc -c -g -O2  -o out/conftest2.o conftest.c >&5
configure:10671: $? = 0
configure:10693: result: yes
configure:10719: checking whether the gcc linker (/usr/bin/ld) supports shared libraries
configure:11700: result: yes
configure:11721: checking whether -lc should be explicitly linked in
configure:11726: gcc -c -g -O2  conftest.c >&5
configure:11729: $? = 0
configure:11744: gcc -shared conftest.o  -v -Wl,-soname -Wl,conftest -o conftest 2\>\&1 \| grep  -lc  \>/dev/null 2\>\&1
configure:11747: $? = 0
configure:11759: result: no
configure:11767: checking dynamic linker characteristics
configure:12381: result: GNU/Linux ld.so
configure:12405: checking how to hardcode library paths into programs
configure:12430: result: immediate
configure:12444: checking whether stripping libraries is possible
configure:12449: result: yes
configure:13251: checking if libtool supports shared libraries
configure:13253: result: yes
configure:13256: checking whether to build shared libraries
configure:13277: result: yes
configure:13280: checking whether to build static libraries
configure:13284: result: yes
configure:13378: creating libtool
configure:13971: checking for ld used by g++
configure:14038: result: /usr/bin/ld
configure:14047: checking if the linker (/usr/bin/ld) is GNU ld
configure:14062: result: yes
configure:14113: checking whether the g++ linker (/usr/bin/ld) supports shared libraries
configure:15059: result: yes
configure:15076: g++ -c -g -O2  conftest.cpp >&5
configure:15079: $? = 0
configure:15235: checking for g++ option to produce PIC
configure:15519: result: -fPIC
configure:15527: checking if g++ PIC flag -fPIC works
configure:15545: g++ -c -g -O2  -fPIC -DPIC conftest.cpp >&5
configure:15549: $? = 0
configure:15562: result: yes
configure:15590: checking if g++ static flag -static works
configure:15618: result: yes
configure:15628: checking if g++ supports -c -o file.o
configure:15649: g++ -c -g -O2  -o out/conftest2.o conftest.cpp >&5
configure:15653: $? = 0
configure:15675: result: yes
configure:15701: checking whether the g++ linker (/usr/bin/ld) supports shared libraries
configure:15730: result: yes
configure:15797: checking dynamic linker characteristics
configure:16359: result: GNU/Linux ld.so
configure:16383: checking how to hardcode library paths into programs
configure:16408: result: immediate
configure:22707: checking for pkg-config
configure:22725: found /usr/bin/pkg-config
configure:22737: result: /usr/bin/pkg-config
configure:22766: checking pkg-config is at least version 0.9.0
configure:22769: result: yes
configure:22780: checking for MONITAAPP
configure:22788: $PKG_CONFIG --exists --print-errors "gtkmm-2.4 >= 2.8 libglademm-2.4 >= 2.6    "
configure:22791: $? = 0
configure:22806: $PKG_CONFIG --exists --print-errors "gtkmm-2.4 >= 2.8 libglademm-2.4 >= 2.6    "
configure:22809: $? = 0
configure:22885: result: yes
configure:23036: creating ./config.status

## ---------------------- ##
## Running config.status. ##
## ---------------------- ##

This file was extended by monitaapp config.status 0.1, which was
generated by GNU Autoconf 2.61.  Invocation command line was

  CONFIG_FILES    = 
  CONFIG_HEADERS  = 
  CONFIG_LINKS    = 
  CONFIG_COMMANDS = 
  $ ./config.status 

on service-desktop

config.status:721: creating Makefile
config.status:721: creating src/Makefile
config.status:721: creating po/Makefile.in
config.status:721: creating config.h
config.status:955: config.h is unchanged
config.status:1002: executing depfiles commands
config.status:1002: executing default-1 commands
config.status:1002: executing intltool commands
config.status:1002: executing po/stamp-it commands

## ---------------- ##
## Cache variables. ##
## ---------------- ##

ac_cv_build=i686-pc-linux-gnu
ac_cv_c_compiler_gnu=yes
ac_cv_cxx_compiler_gnu=yes
ac_cv_env_CCC_set=
ac_cv_env_CCC_value=
ac_cv_env_CC_set=
ac_cv_env_CC_value=
ac_cv_env_CFLAGS_set=
ac_cv_env_CFLAGS_value=
ac_cv_env_CPPFLAGS_set=
ac_cv_env_CPPFLAGS_value=
ac_cv_env_CPP_set=
ac_cv_env_CPP_value=
ac_cv_env_CXXCPP_set=
ac_cv_env_CXXCPP_value=
ac_cv_env_CXXFLAGS_set=
ac_cv_env_CXXFLAGS_value=
ac_cv_env_CXX_set=
ac_cv_env_CXX_value=
ac_cv_env_F77_set=
ac_cv_env_F77_value=
ac_cv_env_FFLAGS_set=
ac_cv_env_FFLAGS_value=
ac_cv_env_LDFLAGS_set=
ac_cv_env_LDFLAGS_value=
ac_cv_env_LIBS_set=
ac_cv_env_LIBS_value=
ac_cv_env_MONITAAPP_CFLAGS_set=
ac_cv_env_MONITAAPP_CFLAGS_value=
ac_cv_env_MONITAAPP_LIBS_set=
ac_cv_env_MONITAAPP_LIBS_value=
ac_cv_env_PKG_CONFIG_set=
ac_cv_env_PKG_CONFIG_value=
ac_cv_env_build_alias_set=
ac_cv_env_build_alias_value=
ac_cv_env_host_alias_set=
ac_cv_env_host_alias_value=
ac_cv_env_target_alias_set=
ac_cv_env_target_alias_value=
ac_cv_f77_compiler_gnu=no
ac_cv_func_bind_textdomain_codeset=yes
ac_cv_func_dcgettext=yes
ac_cv_header_dlfcn_h=yes
ac_cv_header_inttypes_h=yes
ac_cv_header_libintl_h=yes
ac_cv_header_locale_h=yes
ac_cv_header_memory_h=yes
ac_cv_header_stdc=yes
ac_cv_header_stdint_h=yes
ac_cv_header_stdlib_h=yes
ac_cv_header_string_h=yes
ac_cv_header_strings_h=yes
ac_cv_header_sys_stat_h=yes
ac_cv_header_sys_types_h=yes
ac_cv_header_unistd_h=yes
ac_cv_host=i686-pc-linux-gnu
ac_cv_objext=o
ac_cv_path_EGREP='/bin/grep -E'
ac_cv_path_GMSGFMT=/usr/bin/msgfmt
ac_cv_path_GREP=/bin/grep
ac_cv_path_INTLTOOL_PERL=/usr/bin/perl
ac_cv_path_MSGFMT=/usr/bin/msgfmt
ac_cv_path_MSGMERGE=/usr/bin/msgmerge
ac_cv_path_XGETTEXT=/usr/bin/xgettext
ac_cv_path_ac_pt_PKG_CONFIG=/usr/bin/pkg-config
ac_cv_path_install='/usr/bin/install -c'
ac_cv_path_mkdir=/bin/mkdir
ac_cv_prog_AWK=gawk
ac_cv_prog_CPP='gcc -E'
ac_cv_prog_CXXCPP='g++ -E'
ac_cv_prog_ac_ct_AR=ar
ac_cv_prog_ac_ct_CC=gcc
ac_cv_prog_ac_ct_CXX=g++
ac_cv_prog_ac_ct_RANLIB=ranlib
ac_cv_prog_ac_ct_STRIP=strip
ac_cv_prog_cc_c89=
ac_cv_prog_cc_g=yes
ac_cv_prog_cxx_g=yes
ac_cv_prog_f77_g=no
ac_cv_prog_make_make_set=yes
ac_cv_search_strerror='none required'
am_cv_CC_dependencies_compiler_type=gcc3
am_cv_CXX_dependencies_compiler_type=gcc3
am_cv_prog_cc_stdc=
am_cv_val_LC_MESSAGES=yes
gt_cv_func_dgettext_libc=yes
gt_cv_func_dgettext_libintl=no
gt_cv_func_ngettext_libc=yes
gt_cv_have_gettext=yes
lt_cv_deplibs_check_method=pass_all
lt_cv_file_magic_cmd='$MAGIC_CMD'
lt_cv_file_magic_test_file=
lt_cv_ld_reload_flag=-r
lt_cv_objdir=.libs
lt_cv_path_LD=/usr/bin/ld
lt_cv_path_LDCXX=/usr/bin/ld
lt_cv_path_NM='/usr/bin/nm -B'
lt_cv_path_SED=/bin/sed
lt_cv_prog_compiler_c_o=yes
lt_cv_prog_compiler_c_o_CXX=yes
lt_cv_prog_compiler_pic_works=yes
lt_cv_prog_compiler_pic_works_CXX=yes
lt_cv_prog_compiler_rtti_exceptions=no
lt_cv_prog_compiler_static_works=yes
lt_cv_prog_compiler_static_works_CXX=yes
lt_cv_prog_gnu_ld=yes
lt_cv_prog_gnu_ldcxx=yes
lt_cv_sys_global_symbol_pipe='sed -n -e '\''s/^.*[ 	]\([ABCDGIRSTW][ABCDGIRSTW]*\)[ 	][ 	]*\([_A-Za-z][_A-Za-z0-9]*\)$/\1 \2 \2/p'\'''
lt_cv_sys_global_symbol_to_c_name_address='sed -n -e '\''s/^: \([^ ]*\) $/  {\"\1\", (lt_ptr) 0},/p'\'' -e '\''s/^[BCDEGRST] \([^ ]*\) \([^ ]*\)$/  {"\2", (lt_ptr) \&\2},/p'\'''
lt_cv_sys_global_symbol_to_cdecl='sed -n -e '\''s/^. .* \(.*\)$/extern int \1;/p'\'''
lt_cv_sys_lib_dlsearch_path_spec='/lib /usr/lib /lib/i486-linux-gnu /usr/lib/i486-linux-gnu /usr/local/lib '
lt_cv_sys_lib_search_path_spec='/usr/lib/gcc/i486-linux-gnu/4.2.3 /usr/lib /lib'
lt_cv_sys_max_cmd_len=98304
lt_lt_cv_prog_compiler_c_o='"yes"'
lt_lt_cv_prog_compiler_c_o_CXX='"yes"'
lt_lt_cv_sys_global_symbol_pipe='"sed -n -e '\''s/^.*[ 	]\\([ABCDGIRSTW][ABCDGIRSTW]*\\)[ 	][ 	]*\\([_A-Za-z][_A-Za-z0-9]*\\)\$/\\1 \\2 \\2/p'\''"'
lt_lt_cv_sys_global_symbol_to_c_name_address='"sed -n -e '\''s/^: \\([^ ]*\\) \$/  {\\\"\\1\\\", (lt_ptr) 0},/p'\'' -e '\''s/^[BCDEGRST] \\([^ ]*\\) \\([^ ]*\\)\$/  {\"\\2\", (lt_ptr) \\&\\2},/p'\''"'
lt_lt_cv_sys_global_symbol_to_cdecl='"sed -n -e '\''s/^. .* \\(.*\\)\$/extern int \\1;/p'\''"'
pkg_cv_MONITAAPP_CFLAGS='-I/usr/include/gtkmm-2.4 -I/usr/lib/gtkmm-2.4/include -I/usr/include/glibmm-2.4 -I/usr/lib/glibmm-2.4/include -I/usr/include/gdkmm-2.4 -I/usr/lib/gdkmm-2.4/include -I/usr/include/pangomm-1.4 -I/usr/include/atkmm-1.6 -I/usr/include/gtk-2.0 -I/usr/include/sigc++-2.0 -I/usr/lib/sigc++-2.0/include -I/usr/include/glib-2.0 -I/usr/lib/glib-2.0/include -I/usr/lib/gtk-2.0/include -I/usr/include/cairomm-1.0 -I/usr/include/pango-1.0 -I/usr/include/cairo -I/usr/include/freetype2 -I/usr/include/libpng12 -I/usr/include/pixman-1 -I/usr/include/atk-1.0 -I/usr/include/libglademm-2.4 -I/usr/lib/libglademm-2.4/include -I/usr/include/libglade-2.0 -I/usr/include/libxml2  '
pkg_cv_MONITAAPP_LIBS='-lglademm-2.4 -lgtkmm-2.4 -lglade-2.0 -lgdkmm-2.4 -latkmm-1.6 -lpangomm-1.4 -lcairomm-1.0 -lglibmm-2.4 -lsigc-2.0 -lgtk-x11-2.0 -lxml2 -lgdk-x11-2.0 -latk-1.0 -lgdk_pixbuf-2.0 -lm -lpangocairo-1.0 -lpango-1.0 -lcairo -lgobject-2.0 -lgmodule-2.0 -ldl -lglib-2.0  '

## ----------------- ##
## Output variables. ##
## ----------------- ##

ACLOCAL='${SHELL} /home/service/Monita/sangu-banyu/missing --run aclocal-1.10'
ALL_LINGUAS=''
AMDEPBACKSLASH='\'
AMDEP_FALSE='#'
AMDEP_TRUE=''
AMTAR='${SHELL} /home/service/Monita/sangu-banyu/missing --run tar'
AR='ar'
AUTOCONF='${SHELL} /home/service/Monita/sangu-banyu/missing --run autoconf'
AUTOHEADER='${SHELL} /home/service/Monita/sangu-banyu/missing --run autoheader'
AUTOMAKE='${SHELL} /home/service/Monita/sangu-banyu/missing --run automake-1.10'
AWK='gawk'
CATALOGS=''
CATOBJEXT='.gmo'
CC='gcc'
CCDEPMODE='depmode=gcc3'
CFLAGS='-g -O2'
CPP='gcc -E'
CPPFLAGS=''
CXX='g++'
CXXCPP='g++ -E'
CXXDEPMODE='depmode=gcc3'
CXXFLAGS='-g -O2'
CYGPATH_W='echo'
DATADIRNAME='share'
DEFS='-DHAVE_CONFIG_H'
DEPDIR='.deps'
DSYMUTIL=''
ECHO='echo'
ECHO_C=''
ECHO_N='-n'
ECHO_T=''
EGREP='/bin/grep -E'
EXEEXT=''
F77=''
FFLAGS=''
GETTEXT_PACKAGE='monitaapp'
GMOFILES=''
GMSGFMT='/usr/bin/msgfmt'
GREP='/bin/grep'
INSTALL_DATA='${INSTALL} -m 644'
INSTALL_PROGRAM='${INSTALL}'
INSTALL_SCRIPT='${INSTALL}'
INSTALL_STRIP_PROGRAM='$(install_sh) -c -s'
INSTOBJEXT='.mo'
INTLLIBS=''
INTLTOOL_CAVES_RULE='%.caves:     %.caves.in     $(INTLTOOL_MERGE) $(wildcard $(top_srcdir)/po/*.po) ; LC_ALL=C $(INTLTOOL_MERGE) -d -u -c $(top_builddir)/po/.intltool-merge-cache $(top_srcdir)/po $< $@'
INTLTOOL_DESKTOP_RULE='%.desktop:   %.desktop.in   $(INTLTOOL_MERGE) $(wildcard $(top_srcdir)/po/*.po) ; LC_ALL=C $(INTLTOOL_MERGE) -d -u -c $(top_builddir)/po/.intltool-merge-cache $(top_srcdir)/po $< $@'
INTLTOOL_DIRECTORY_RULE='%.directory: %.directory.in $(INTLTOOL_MERGE) $(wildcard $(top_srcdir)/po/*.po) ; LC_ALL=C $(INTLTOOL_MERGE) -d -u -c $(top_builddir)/po/.intltool-merge-cache $(top_srcdir)/po $< $@'
INTLTOOL_EXTRACT='$(top_builddir)/intltool-extract'
INTLTOOL_KBD_RULE='%.kbd:       %.kbd.in       $(INTLTOOL_MERGE) $(wildcard $(top_srcdir)/po/*.po) ; LC_ALL=C $(INTLTOOL_MERGE) -x -u -m -c $(top_builddir)/po/.intltool-merge-cache $(top_srcdir)/po $< $@'
INTLTOOL_KEYS_RULE='%.keys:      %.keys.in      $(INTLTOOL_MERGE) $(wildcard $(top_srcdir)/po/*.po) ; LC_ALL=C $(INTLTOOL_MERGE) -k -u -c $(top_builddir)/po/.intltool-merge-cache $(top_srcdir)/po $< $@'
INTLTOOL_MERGE='$(top_builddir)/intltool-merge'
INTLTOOL_OAF_RULE='%.oaf:       %.oaf.in       $(INTLTOOL_MERGE) $(wildcard $(top_srcdir)/po/*.po) ; LC_ALL=C $(INTLTOOL_MERGE) -o -p $(top_srcdir)/po $< $@'
INTLTOOL_PERL='/usr/bin/perl'
INTLTOOL_POLICY_RULE='%.policy:    %.policy.in    $(INTLTOOL_MERGE) $(wildcard $(top_srcdir)/po/*.po) ; LC_ALL=C $(INTLTOOL_MERGE) -x -u -c $(top_builddir)/po/.intltool-merge-cache $(top_srcdir)/po $< $@'
INTLTOOL_PONG_RULE='%.pong:      %.pong.in      $(INTLTOOL_MERGE) $(wildcard $(top_srcdir)/po/*.po) ; LC_ALL=C $(INTLTOOL_MERGE) -x -u -c $(top_builddir)/po/.intltool-merge-cache $(top_srcdir)/po $< $@'
INTLTOOL_PROP_RULE='%.prop:      %.prop.in      $(INTLTOOL_MERGE) $(wildcard $(top_srcdir)/po/*.po) ; LC_ALL=C $(INTLTOOL_MERGE) -d -u -c $(top_builddir)/po/.intltool-merge-cache $(top_srcdir)/po $< $@'
INTLTOOL_SCHEMAS_RULE='%.schemas:   %.schemas.in   $(INTLTOOL_MERGE) $(wildcard $(top_srcdir)/po/*.po) ; LC_ALL=C $(INTLTOOL_MERGE) -s -u -c $(top_builddir)/po/.intltool-merge-cache $(top_srcdir)/po $< $@'
INTLTOOL_SERVER_RULE='%.server:    %.server.in    $(INTLTOOL_MERGE) $(wildcard $(top_srcdir)/po/*.po) ; LC_ALL=C $(INTLTOOL_MERGE) -o -u -c $(top_builddir)/po/.intltool-merge-cache $(top_srcdir)/po $< $@'
INTLTOOL_SERVICE_RULE='%.service: %.service.in   $(INTLTOOL_MERGE) $(wildcard $(top_srcdir)/po/*.po) ; LC_ALL=C $(INTLTOOL_MERGE) -d -u -c $(top_builddir)/po/.intltool-merge-cache $(top_srcdir)/po $< $@'
INTLTOOL_SHEET_RULE='%.sheet:     %.sheet.in     $(INTLTOOL_MERGE) $(wildcard $(top_srcdir)/po/*.po) ; LC_ALL=C $(INTLTOOL_MERGE) -x -u -c $(top_builddir)/po/.intltool-merge-cache $(top_srcdir)/po $< $@'
INTLTOOL_SOUNDLIST_RULE='%.soundlist: %.soundlist.in $(INTLTOOL_MERGE) $(wildcard $(top_srcdir)/po/*.po) ; LC_ALL=C $(INTLTOOL_MERGE) -d -u -c $(top_builddir)/po/.intltool-merge-cache $(top_srcdir)/po $< $@'
INTLTOOL_THEME_RULE='%.theme:     %.theme.in     $(INTLTOOL_MERGE) $(wildcard $(top_srcdir)/po/*.po) ; LC_ALL=C $(INTLTOOL_MERGE) -d -u -c $(top_builddir)/po/.intltool-merge-cache $(top_srcdir)/po $< $@'
INTLTOOL_UI_RULE='%.ui:        %.ui.in        $(INTLTOOL_MERGE) $(wildcard $(top_srcdir)/po/*.po) ; LC_ALL=C $(INTLTOOL_MERGE) -x -u -c $(top_builddir)/po/.intltool-merge-cache $(top_srcdir)/po $< $@'
INTLTOOL_UPDATE='$(top_builddir)/intltool-update'
INTLTOOL_XAM_RULE='%.xam:       %.xml.in       $(INTLTOOL_MERGE) $(wildcard $(top_srcdir)/po/*.po) ; LC_ALL=C $(INTLTOOL_MERGE) -x -u -c $(top_builddir)/po/.intltool-merge-cache $(top_srcdir)/po $< $@'
INTLTOOL_XML_NOMERGE_RULE='%.xml:       %.xml.in       $(INTLTOOL_MERGE) ; LC_ALL=C $(INTLTOOL_MERGE) -x -u /tmp $< $@'
INTLTOOL_XML_RULE='%.xml:       %.xml.in       $(INTLTOOL_MERGE) $(wildcard $(top_srcdir)/po/*.po) ; LC_ALL=C $(INTLTOOL_MERGE) -x -u -c $(top_builddir)/po/.intltool-merge-cache $(top_srcdir)/po $< $@'
LDFLAGS=''
LIBOBJS=''
LIBS=''
LIBTOOL='$(SHELL) $(top_builddir)/libtool'
LN_S='ln -s'
LTLIBOBJS=''
MAINT=''
MAINTAINER_MODE_FALSE='#'
MAINTAINER_MODE_TRUE=''
MAKEINFO='${SHELL} /home/service/Monita/sangu-banyu/missing --run makeinfo'
MKINSTALLDIRS='./mkinstalldirs'
MONITAAPP_CFLAGS='-I/usr/include/gtkmm-2.4 -I/usr/lib/gtkmm-2.4/include -I/usr/include/glibmm-2.4 -I/usr/lib/glibmm-2.4/include -I/usr/include/gdkmm-2.4 -I/usr/lib/gdkmm-2.4/include -I/usr/include/pangomm-1.4 -I/usr/include/atkmm-1.6 -I/usr/include/gtk-2.0 -I/usr/include/sigc++-2.0 -I/usr/lib/sigc++-2.0/include -I/usr/include/glib-2.0 -I/usr/lib/glib-2.0/include -I/usr/lib/gtk-2.0/include -I/usr/include/cairomm-1.0 -I/usr/include/pango-1.0 -I/usr/include/cairo -I/usr/include/freetype2 -I/usr/include/libpng12 -I/usr/include/pixman-1 -I/usr/include/atk-1.0 -I/usr/include/libglademm-2.4 -I/usr/lib/libglademm-2.4/include -I/usr/include/libglade-2.0 -I/usr/include/libxml2  '
MONITAAPP_LIBS='-lglademm-2.4 -lgtkmm-2.4 -lglade-2.0 -lgdkmm-2.4 -latkmm-1.6 -lpangomm-1.4 -lcairomm-1.0 -lglibmm-2.4 -lsigc-2.0 -lgtk-x11-2.0 -lxml2 -lgdk-x11-2.0 -latk-1.0 -lgdk_pixbuf-2.0 -lm -lpangocairo-1.0 -lpango-1.0 -lcairo -lgobject-2.0 -lgmodule-2.0 -ldl -lglib-2.0  '
MSGFMT='/usr/bin/msgfmt'
MSGFMT_OPTS='-c'
MSGMERGE='/usr/bin/msgmerge'
NMEDIT=''
OBJEXT='o'
PACKAGE='monitaapp'
PACKAGE_BUGREPORT=''
PACKAGE_NAME='monitaapp'
PACKAGE_STRING='monitaapp 0.1'
PACKAGE_TARNAME='monitaapp'
PACKAGE_VERSION='0.1'
PATH_SEPARATOR=':'
PKG_CONFIG='/usr/bin/pkg-config'
POFILES=''
POSUB='po'
PO_IN_DATADIR_FALSE=''
PO_IN_DATADIR_TRUE=''
RANLIB='ranlib'
SED='/bin/sed'
SET_MAKE=''
SHELL='/bin/bash'
STRIP='strip'
USE_NLS='yes'
VERSION='0.1'
XGETTEXT='/usr/bin/xgettext'
ac_ct_CC='gcc'
ac_ct_CXX='g++'
ac_ct_F77=''
am__fastdepCC_FALSE='#'
am__fastdepCC_TRUE=''
am__fastdepCXX_FALSE='#'
am__fastdepCXX_TRUE=''
am__include='include'
am__isrc=''
am__leading_dot='.'
am__quote=''
am__tar='${AMTAR} chof - "$$tardir"'
am__untar='${AMTAR} xf -'
bindir='${exec_prefix}/bin'
build='i686-pc-linux-gnu'
build_alias=''
build_cpu='i686'
build_os='linux-gnu'
build_vendor='pc'
datadir='${datarootdir}'
datarootdir='${prefix}/share'
docdir='${datarootdir}/doc/${PACKAGE_TARNAME}'
dvidir='${docdir}'
exec_prefix='${prefix}'
host='i686-pc-linux-gnu'
host_alias=''
host_cpu='i686'
host_os='linux-gnu'
host_vendor='pc'
htmldir='${docdir}'
includedir='${prefix}/include'
infodir='${datarootdir}/info'
install_sh='$(SHELL) /home/service/Monita/sangu-banyu/install-sh'
libdir='${exec_prefix}/lib'
libexecdir='${exec_prefix}/libexec'
localedir='${datarootdir}/locale'
localstatedir='${prefix}/var'
mandir='${datarootdir}/man'
mkdir_p='/bin/mkdir -p'
oldincludedir='/usr/include'
pdfdir='${docdir}'
prefix='/usr/local'
program_transform_name='s,x,x,'
psdir='${docdir}'
sbindir='${exec_prefix}/sbin'
sharedstatedir='${prefix}/com'
sysconfdir='${prefix}/etc'
target_alias=''

## ----------- ##
## confdefs.h. ##
## ----------- ##

#define PACKAGE_NAME "monitaapp"
#define PACKAGE_TARNAME "monitaapp"
#define PACKAGE_VERSION "0.1"
#define PACKAGE_STRING "monitaapp 0.1"
#define PACKAGE_BUGREPORT ""
#define PACKAGE "monitaapp"
#define VERSION "0.1"
#define STDC_HEADERS 1
#define GETTEXT_PACKAGE "monitaapp"
#define HAVE_SYS_TYPES_H 1
#define HAVE_SYS_STAT_H 1
#define HAVE_STDLIB_H 1
#define HAVE_STRING_H 1
#define HAVE_MEMORY_H 1
#define HAVE_STRINGS_H 1
#define HAVE_INTTYPES_H 1
#define HAVE_STDINT_H 1
#define HAVE_UNISTD_H 1
#define HAVE_LOCALE_H 1
#define HAVE_LC_MESSAGES 1
#define HAVE_BIND_TEXTDOMAIN_CODESET 1
#define HAVE_GETTEXT 1
#define HAVE_DCGETTEXT 1
#define ENABLE_NLS 1
#define HAVE_DLFCN_H 1

configure: exit 0

## ---------------------- ##
## Running config.status. ##
## ---------------------- ##

This file was extended by monitaapp config.status 0.1, which was
generated by GNU Autoconf 2.61.  Invocation command line was

  CONFIG_FILES    = 
  CONFIG_HEADERS  = 
  CONFIG_LINKS    = 
  CONFIG_COMMANDS = 
  $ ./config.status config.h

on service-desktop

config.status:721: creating config.h
config.status:955: config.h is unchanged

## ---------------------- ##
## Running config.status. ##
## ---------------------- ##

This file was extended by monitaapp config.status 0.1, which was
generated by GNU Autoconf 2.61.  Invocation command line was

  CONFIG_FILES    = po/Makefile.in
  CONFIG_HEADERS  = 
  CONFIG_LINKS    = 
  CONFIG_COMMANDS = 
  $ ./config.status 

on service-desktop

config.status:721: creating po/Makefile.in
config.status:1002: executing depfiles commands
config.status:1002: executing default-1 commands
config.status:1002: executing intltool commands
config.status:1002: executing po/stamp-it commands
