/------------------------------------------------------------------- 
/--- Log File: pop3.class.log 
/--- Log Open: Thursday, 06 Nov 2008 @ 21:16:12 
/------------------------------------------------------------------- 
21:16:12 -- Connecting to "mail.daunbiru.com:110" !!!
21:16:12 -- +OK Hello there.
21:16:12 -- STATUS: AUTHORIZATION
21:16:12 -- USER robot@daunbiru.com
21:16:12 -- +OK Password required.
21:16:12 -- PASS 87b7cb79481f317bde90c116cf36084b
21:16:12 -- +OK logged in.
21:16:12 -- STATUS: TRANSACTION
21:16:12 -- STAT
21:16:12 -- +OK 3 3747
21:16:12 -- LIST
21:16:12 -- +OK POP3 clients that break here, they violate STD53.
21:16:12 -- 1 1249
21:16:12 -- 2 1249
21:16:12 -- 3 1249
21:16:12 -- .
21:16:12 -- UIDL
21:16:12 -- +OK
21:16:12 -- 1 UID58-1225954095
21:16:12 -- 2 UID59-1225954095
21:16:12 -- 3 UID60-1225954095
21:16:12 -- .
21:16:12 -- TOP 1 0
21:16:12 -- +OK headers follow.
21:16:12 -- Complete.
21:16:12 -- RETR 1
21:16:12 -- +OK 1249 octets follow.
21:16:12 -- Complete.
21:16:12 -- DELE 1
21:16:12 -- +OK Deleted.
21:16:12 -- TOP 2 0
21:16:12 -- +OK headers follow.
21:16:12 -- Complete.
21:16:12 -- RETR 2
21:16:12 -- +OK 1249 octets follow.
21:16:13 -- Complete.
21:16:13 -- DELE 2
21:16:13 -- +OK Deleted.
21:16:13 -- TOP 3 0
21:16:13 -- +OK headers follow.
21:16:13 -- Complete.
21:16:13 -- RETR 3
21:16:13 -- +OK 1249 octets follow.
21:16:13 -- Complete.
21:16:13 -- DELE 3
21:16:13 -- +OK Deleted.
21:16:13 -- QUIT
21:16:13 -- +OK Bye-bye.
21:16:13 -- Connection Closed. 
/------------------------------------------------------------------- 
/--- Log File: pop3.class.log 
/--- Log Close: Thursday, 06 Nov 2008 @ 21:16:13 
/------------------------------------------------------------------- 

/------------------------------------------------------------------- 
/--- Log File: pop3.class.log 
/--- Log Open: Thursday, 06 Nov 2008 @ 21:17:05 
/------------------------------------------------------------------- 
21:17:05 -- Connecting to "mail.daunbiru.com:110" !!!
21:17:05 -- +OK Hello there.
21:17:05 -- STATUS: AUTHORIZATION
21:17:05 -- USER robot@daunbiru.com
21:17:05 -- +OK Password required.
21:17:05 -- PASS 87b7cb79481f317bde90c116cf36084b
21:17:06 -- +OK logged in.
21:17:06 -- STATUS: TRANSACTION
21:17:06 -- STAT
21:17:06 -- +OK 1 1249
21:17:06 -- LIST
21:17:06 -- +OK POP3 clients that break here, they violate STD53.
21:17:06 -- 1 1249
21:17:06 -- .
21:17:06 -- UIDL
21:17:06 -- +OK
21:17:06 -- 1 UID61-1225954095
21:17:06 -- .
21:17:06 -- TOP 1 0
21:17:06 -- +OK headers follow.
21:17:06 -- Complete.
21:17:06 -- RETR 1
21:17:06 -- +OK 1249 octets follow.
21:17:06 -- Complete.
21:17:06 -- DELE 1
21:17:06 -- +OK Deleted.
21:17:06 -- QUIT
21:17:06 -- +OK Bye-bye.
21:17:06 -- Connection Closed. 
/------------------------------------------------------------------- 
/--- Log File: pop3.class.log 
/--- Log Close: Thursday, 06 Nov 2008 @ 21:17:06 
/------------------------------------------------------------------- 

/------------------------------------------------------------------- 
/--- Log File: pop3.class.log 
/--- Log Open: Thursday, 06 Nov 2008 @ 21:17:21 
/------------------------------------------------------------------- 
21:17:21 -- Connecting to "mail.daunbiru.com:110" !!!
21:17:21 -- +OK Hello there.
21:17:21 -- STATUS: AUTHORIZATION
21:17:21 -- USER robot@daunbiru.com
21:17:21 -- +OK Password required.
21:17:21 -- PASS 87b7cb79481f317bde90c116cf36084b
21:17:21 -- +OK logged in.
21:17:21 -- STATUS: TRANSACTION
21:17:21 -- STAT
21:17:21 -- +OK 0 0
21:17:21 -- QUIT
21:17:21 -- +OK Bye-bye.
21:17:21 -- Connection Closed. 
/------------------------------------------------------------------- 
/--- Log File: pop3.class.log 
/--- Log Close: Thursday, 06 Nov 2008 @ 21:17:21 
/------------------------------------------------------------------- 

/------------------------------------------------------------------- 
/--- Log File: pop3.class.log 
/--- Log Open: Thursday, 06 Nov 2008 @ 21:17:24 
/------------------------------------------------------------------- 
21:17:24 -- Connecting to "mail.daunbiru.com:110" !!!
21:17:24 -- +OK Hello there.
21:17:24 -- STATUS: AUTHORIZATION
21:17:24 -- USER robot@daunbiru.com
21:17:24 -- +OK Password required.
21:17:24 -- PASS 87b7cb79481f317bde90c116cf36084b
21:17:24 -- +OK logged in.
21:17:24 -- STATUS: TRANSACTION
21:17:24 -- STAT
21:17:24 -- +OK 0 0
21:17:24 -- QUIT
21:17:24 -- +OK Bye-bye.
21:17:24 -- Connection Closed. 
/------------------------------------------------------------------- 
/--- Log File: pop3.class.log 
/--- Log Close: Thursday, 06 Nov 2008 @ 21:17:24 
/------------------------------------------------------------------- 

/------------------------------------------------------------------- 
/--- Log File: pop3.class.log 
/--- Log Open: Thursday, 06 Nov 2008 @ 21:17:25 
/------------------------------------------------------------------- 
21:17:25 -- Connecting to "mail.daunbiru.com:110" !!!
21:17:25 -- +OK Hello there.
21:17:25 -- STATUS: AUTHORIZATION
21:17:25 -- USER robot@daunbiru.com
21:17:25 -- +OK Password required.
21:17:25 -- PASS 87b7cb79481f317bde90c116cf36084b
21:17:25 -- +OK logged in.
21:17:25 -- STATUS: TRANSACTION
21:17:25 -- STAT
21:17:25 -- +OK 0 0
21:17:25 -- QUIT
21:17:25 -- +OK Bye-bye.
21:17:25 -- Connection Closed. 
/------------------------------------------------------------------- 
/--- Log File: pop3.class.log 
/--- Log Close: Thursday, 06 Nov 2008 @ 21:17:25 
/------------------------------------------------------------------- 

/------------------------------------------------------------------- 
/--- Log File: pop3.class.log 
/--- Log Open: Thursday, 06 Nov 2008 @ 21:17:26 
/------------------------------------------------------------------- 
21:17:26 -- Connecting to "mail.daunbiru.com:110" !!!
21:17:26 -- +OK Hello there.
21:17:26 -- STATUS: AUTHORIZATION
21:17:26 -- USER robot@daunbiru.com
21:17:26 -- +OK Password required.
21:17:26 -- PASS 87b7cb79481f317bde90c116cf36084b
21:17:26 -- +OK logged in.
21:17:26 -- STATUS: TRANSACTION
21:17:26 -- STAT
21:17:26 -- +OK 0 0
21:17:26 -- QUIT
21:17:26 -- +OK Bye-bye.
21:17:26 -- Connection Closed. 
/------------------------------------------------------------------- 
/--- Log File: pop3.class.log 
/--- Log Close: Thursday, 06 Nov 2008 @ 21:17:26 
/------------------------------------------------------------------- 

/------------------------------------------------------------------- 
/--- Log File: pop3.class.log 
/--- Log Open: Thursday, 06 Nov 2008 @ 21:17:27 
/------------------------------------------------------------------- 
21:17:27 -- Connecting to "mail.daunbiru.com:110" !!!
21:17:27 -- +OK Hello there.
21:17:27 -- STATUS: AUTHORIZATION
21:17:27 -- USER robot@daunbiru.com
21:17:27 -- +OK Password required.
21:17:27 -- PASS 87b7cb79481f317bde90c116cf36084b
21:17:27 -- +OK logged in.
21:17:27 -- STATUS: TRANSACTION
21:17:27 -- STAT
21:17:27 -- +OK 0 0
21:17:27 -- QUIT
21:17:27 -- +OK Bye-bye.
21:17:27 -- Connection Closed. 
/------------------------------------------------------------------- 
/--- Log File: pop3.class.log 
/--- Log Close: Thursday, 06 Nov 2008 @ 21:17:27 
/------------------------------------------------------------------- 

/------------------------------------------------------------------- 
/--- Log File: pop3.class.log 
/--- Log Open: Thursday, 06 Nov 2008 @ 21:17:28 
/------------------------------------------------------------------- 
21:17:28 -- Connecting to "mail.daunbiru.com:110" !!!
21:17:28 -- +OK Hello there.
21:17:28 -- STATUS: AUTHORIZATION
21:17:28 -- USER robot@daunbiru.com
21:17:28 -- +OK Password required.
21:17:28 -- PASS 87b7cb79481f317bde90c116cf36084b
21:17:28 -- +OK logged in.
21:17:28 -- STATUS: TRANSACTION
21:17:28 -- STAT
21:17:28 -- +OK 0 0
21:17:28 -- QUIT
21:17:28 -- +OK Bye-bye.
21:17:28 -- Connection Closed. 
/------------------------------------------------------------------- 
/--- Log File: pop3.class.log 
/--- Log Close: Thursday, 06 Nov 2008 @ 21:17:28 
/------------------------------------------------------------------- 

/------------------------------------------------------------------- 
/--- Log File: pop3.class.log 
/--- Log Open: Thursday, 06 Nov 2008 @ 21:17:28 
/------------------------------------------------------------------- 
21:17:28 -- Connecting to "mail.daunbiru.com:110" !!!
21:17:28 -- +OK Hello there.
21:17:28 -- STATUS: AUTHORIZATION
21:17:28 -- USER robot@daunbiru.com
21:17:29 -- +OK Password required.
21:17:29 -- PASS 87b7cb79481f317bde90c116cf36084b
21:17:29 -- +OK logged in.
21:17:29 -- STATUS: TRANSACTION
21:17:29 -- STAT
21:17:29 -- +OK 0 0
21:17:29 -- QUIT
21:17:29 -- +OK Bye-bye.
21:17:29 -- Connection Closed. 
/------------------------------------------------------------------- 
/--- Log File: pop3.class.log 
/--- Log Close: Thursday, 06 Nov 2008 @ 21:17:29 
/------------------------------------------------------------------- 

/------------------------------------------------------------------- 
/--- Log File: pop3.class.log 
/--- Log Open: Thursday, 06 Nov 2008 @ 21:17:29 
/------------------------------------------------------------------- 
21:17:29 -- Connecting to "mail.daunbiru.com:110" !!!
21:17:29 -- +OK Hello there.
21:17:29 -- STATUS: AUTHORIZATION
21:17:29 -- USER robot@daunbiru.com
21:17:29 -- +OK Password required.
21:17:29 -- PASS 87b7cb79481f317bde90c116cf36084b
21:17:29 -- +OK logged in.
21:17:29 -- STATUS: TRANSACTION
21:17:29 -- STAT
21:17:29 -- +OK 0 0
21:17:29 -- QUIT
21:17:30 -- +OK Bye-bye.
21:17:30 -- Connection Closed. 
/------------------------------------------------------------------- 
/--- Log File: pop3.class.log 
/--- Log Close: Thursday, 06 Nov 2008 @ 21:17:30 
/------------------------------------------------------------------- 

/------------------------------------------------------------------- 
/--- Log File: pop3.class.log 
/--- Log Open: Thursday, 06 Nov 2008 @ 21:17:30 
/------------------------------------------------------------------- 
21:17:30 -- Connecting to "mail.daunbiru.com:110" !!!
21:17:30 -- +OK Hello there.
21:17:30 -- STATUS: AUTHORIZATION
21:17:30 -- USER robot@daunbiru.com
21:17:30 -- +OK Password required.
21:17:30 -- PASS 87b7cb79481f317bde90c116cf36084b
21:17:30 -- +OK logged in.
21:17:30 -- STATUS: TRANSACTION
21:17:30 -- STAT
21:17:30 -- +OK 0 0
21:17:30 -- QUIT
21:17:30 -- +OK Bye-bye.
21:17:30 -- Connection Closed. 
/------------------------------------------------------------------- 
/--- Log File: pop3.class.log 
/--- Log Close: Thursday, 06 Nov 2008 @ 21:17:30 
/------------------------------------------------------------------- 

/------------------------------------------------------------------- 
/--- Log File: pop3.class.log 
/--- Log Open: Thursday, 06 Nov 2008 @ 21:17:31 
/------------------------------------------------------------------- 
21:17:31 -- Connecting to "mail.daunbiru.com:110" !!!
21:17:31 -- +OK Hello there.
21:17:31 -- STATUS: AUTHORIZATION
21:17:31 -- USER robot@daunbiru.com
21:17:31 -- +OK Password required.
21:17:31 -- PASS 87b7cb79481f317bde90c116cf36084b
21:17:31 -- +OK logged in.
21:17:31 -- STATUS: TRANSACTION
21:17:31 -- STAT
21:17:31 -- +OK 0 0
21:17:31 -- QUIT
21:17:31 -- +OK Bye-bye.
21:17:31 -- Connection Closed. 
/------------------------------------------------------------------- 
/--- Log File: pop3.class.log 
/--- Log Close: Thursday, 06 Nov 2008 @ 21:17:31 
/------------------------------------------------------------------- 

/------------------------------------------------------------------- 
/--- Log File: pop3.class.log 
/--- Log Open: Thursday, 06 Nov 2008 @ 21:17:32 
/------------------------------------------------------------------- 
21:17:32 -- Connecting to "mail.daunbiru.com:110" !!!
21:17:32 -- +OK Hello there.
21:17:32 -- STATUS: AUTHORIZATION
21:17:32 -- USER robot@daunbiru.com
21:17:32 -- +OK Password required.
21:17:32 -- PASS 87b7cb79481f317bde90c116cf36084b
21:17:32 -- +OK logged in.
21:17:32 -- STATUS: TRANSACTION
21:17:32 -- STAT
21:17:32 -- +OK 0 0
21:17:32 -- QUIT
21:17:32 -- +OK Bye-bye.
21:17:32 -- Connection Closed. 
/------------------------------------------------------------------- 
/--- Log File: pop3.class.log 
/--- Log Close: Thursday, 06 Nov 2008 @ 21:17:32 
/------------------------------------------------------------------- 

/------------------------------------------------------------------- 
/--- Log File: pop3.class.log 
/--- Log Open: Thursday, 06 Nov 2008 @ 21:17:33 
/------------------------------------------------------------------- 
21:17:33 -- Connecting to "mail.daunbiru.com:110" !!!
21:17:33 -- +OK Hello there.
21:17:33 -- STATUS: AUTHORIZATION
21:17:33 -- USER robot@daunbiru.com
21:17:33 -- +OK Password required.
21:17:33 -- PASS 87b7cb79481f317bde90c116cf36084b
21:17:33 -- +OK logged in.
21:17:33 -- STATUS: TRANSACTION
21:17:33 -- STAT
21:17:33 -- +OK 0 0
21:17:33 -- QUIT
21:17:33 -- +OK Bye-bye.
21:17:33 -- Connection Closed. 
/------------------------------------------------------------------- 
/--- Log File: pop3.class.log 
/--- Log Close: Thursday, 06 Nov 2008 @ 21:17:33 
/------------------------------------------------------------------- 

/------------------------------------------------------------------- 
/--- Log File: pop3.class.log 
/--- Log Open: Thursday, 06 Nov 2008 @ 21:17:34 
/------------------------------------------------------------------- 
21:17:34 -- Connecting to "mail.daunbiru.com:110" !!!
21:17:34 -- +OK Hello there.
21:17:34 -- STATUS: AUTHORIZATION
21:17:34 -- USER robot@daunbiru.com
21:17:34 -- +OK Password required.
21:17:34 -- PASS 87b7cb79481f317bde90c116cf36084b
21:17:34 -- +OK logged in.
21:17:34 -- STATUS: TRANSACTION
21:17:34 -- STAT
21:17:34 -- +OK 0 0
21:17:34 -- QUIT
21:17:34 -- +OK Bye-bye.
21:17:34 -- Connection Closed. 
/------------------------------------------------------------------- 
/--- Log File: pop3.class.log 
/--- Log Close: Thursday, 06 Nov 2008 @ 21:17:34 
/------------------------------------------------------------------- 

/------------------------------------------------------------------- 
/--- Log File: pop3.class.log 
/--- Log Open: Thursday, 06 Nov 2008 @ 21:17:34 
/------------------------------------------------------------------- 
21:17:34 -- Connecting to "mail.daunbiru.com:110" !!!
21:17:34 -- +OK Hello there.
21:17:34 -- STATUS: AUTHORIZATION
21:17:34 -- USER robot@daunbiru.com
21:17:34 -- +OK Password required.
21:17:34 -- PASS 87b7cb79481f317bde90c116cf36084b
21:17:35 -- +OK logged in.
21:17:35 -- STATUS: TRANSACTION
21:17:35 -- STAT
21:17:35 -- +OK 0 0
21:17:35 -- QUIT
21:17:35 -- +OK Bye-bye.
21:17:35 -- Connection Closed. 
/------------------------------------------------------------------- 
/--- Log File: pop3.class.log 
/--- Log Close: Thursday, 06 Nov 2008 @ 21:17:35 
/------------------------------------------------------------------- 

/------------------------------------------------------------------- 
/--- Log File: pop3.class.log 
/--- Log Open: Thursday, 06 Nov 2008 @ 21:17:35 
/------------------------------------------------------------------- 
21:17:35 -- Connecting to "mail.daunbiru.com:110" !!!
21:17:35 -- +OK Hello there.
21:17:35 -- STATUS: AUTHORIZATION
21:17:35 -- USER robot@daunbiru.com
21:17:35 -- +OK Password required.
21:17:35 -- PASS 87b7cb79481f317bde90c116cf36084b
21:17:35 -- +OK logged in.
21:17:35 -- STATUS: TRANSACTION
21:17:35 -- STAT
21:17:35 -- +OK 0 0
21:17:35 -- QUIT
21:17:35 -- +OK Bye-bye.
21:17:35 -- Connection Closed. 
/------------------------------------------------------------------- 
/--- Log File: pop3.class.log 
/--- Log Close: Thursday, 06 Nov 2008 @ 21:17:35 
/------------------------------------------------------------------- 

/------------------------------------------------------------------- 
/--- Log File: pop3.class.log 
/--- Log Open: Thursday, 06 Nov 2008 @ 21:17:36 
/------------------------------------------------------------------- 
21:17:36 -- Connecting to "mail.daunbiru.com:110" !!!
21:17:36 -- +OK Hello there.
21:17:36 -- STATUS: AUTHORIZATION
21:17:36 -- USER robot@daunbiru.com
21:17:36 -- +OK Password required.
21:17:36 -- PASS 87b7cb79481f317bde90c116cf36084b
21:17:36 -- +OK logged in.
21:17:36 -- STATUS: TRANSACTION
21:17:36 -- STAT
21:17:36 -- +OK 0 0
21:17:36 -- QUIT
21:17:36 -- +OK Bye-bye.
21:17:36 -- Connection Closed. 
/------------------------------------------------------------------- 
/--- Log File: pop3.class.log 
/--- Log Close: Thursday, 06 Nov 2008 @ 21:17:36 
/------------------------------------------------------------------- 

/------------------------------------------------------------------- 
/--- Log File: pop3.class.log 
/--- Log Open: Thursday, 06 Nov 2008 @ 21:17:37 
/------------------------------------------------------------------- 
21:17:37 -- Connecting to "mail.daunbiru.com:110" !!!
21:17:37 -- +OK Hello there.
21:17:37 -- STATUS: AUTHORIZATION
21:17:37 -- USER robot@daunbiru.com
21:17:37 -- +OK Password required.
21:17:37 -- PASS 87b7cb79481f317bde90c116cf36084b
21:17:37 -- +OK logged in.
21:17:37 -- STATUS: TRANSACTION
21:17:37 -- STAT
21:17:37 -- +OK 0 0
21:17:37 -- QUIT
21:17:37 -- +OK Bye-bye.
21:17:37 -- Connection Closed. 
/------------------------------------------------------------------- 
/--- Log File: pop3.class.log 
/--- Log Close: Thursday, 06 Nov 2008 @ 21:17:37 
/------------------------------------------------------------------- 

/------------------------------------------------------------------- 
/--- Log File: pop3.class.log 
/--- Log Open: Thursday, 06 Nov 2008 @ 21:17:38 
/------------------------------------------------------------------- 
21:17:38 -- Connecting to "mail.daunbiru.com:110" !!!
21:17:38 -- +OK Hello there.
21:17:38 -- STATUS: AUTHORIZATION
21:17:38 -- USER robot@daunbiru.com
21:17:38 -- +OK Password required.
21:17:38 -- PASS 87b7cb79481f317bde90c116cf36084b
21:17:38 -- +OK logged in.
21:17:38 -- STATUS: TRANSACTION
21:17:38 -- STAT
21:17:38 -- +OK 0 0
21:17:38 -- QUIT
21:17:38 -- +OK Bye-bye.
21:17:38 -- Connection Closed. 
/------------------------------------------------------------------- 
/--- Log File: pop3.class.log 
/--- Log Close: Thursday, 06 Nov 2008 @ 21:17:38 
/------------------------------------------------------------------- 

/------------------------------------------------------------------- 
/--- Log File: pop3.class.log 
/--- Log Open: Thursday, 06 Nov 2008 @ 21:17:39 
/------------------------------------------------------------------- 
21:17:39 -- Connecting to "mail.daunbiru.com:110" !!!
21:17:39 -- +OK Hello there.
21:17:39 -- STATUS: AUTHORIZATION
21:17:39 -- USER robot@daunbiru.com
21:17:39 -- +OK Password required.
21:17:39 -- PASS 87b7cb79481f317bde90c116cf36084b
21:17:39 -- +OK logged in.
21:17:39 -- STATUS: TRANSACTION
21:17:39 -- STAT
21:17:39 -- +OK 0 0
21:17:39 -- QUIT
21:17:39 -- +OK Bye-bye.
21:17:39 -- Connection Closed. 
/------------------------------------------------------------------- 
/--- Log File: pop3.class.log 
/--- Log Close: Thursday, 06 Nov 2008 @ 21:17:39 
/------------------------------------------------------------------- 

/------------------------------------------------------------------- 
/--- Log File: pop3.class.log 
/--- Log Open: Thursday, 06 Nov 2008 @ 21:17:40 
/------------------------------------------------------------------- 
21:17:40 -- Connecting to "mail.daunbiru.com:110" !!!
21:17:40 -- +OK Hello there.
21:17:40 -- STATUS: AUTHORIZATION
21:17:40 -- USER robot@daunbiru.com
21:17:40 -- +OK Password required.
21:17:40 -- PASS 87b7cb79481f317bde90c116cf36084b
21:17:40 -- +OK logged in.
21:17:40 -- STATUS: TRANSACTION
21:17:40 -- STAT
21:17:40 -- +OK 0 0
21:17:40 -- QUIT
21:17:40 -- +OK Bye-bye.
21:17:40 -- Connection Closed. 
/------------------------------------------------------------------- 
/--- Log File: pop3.class.log 
/--- Log Close: Thursday, 06 Nov 2008 @ 21:17:40 
/------------------------------------------------------------------- 

/------------------------------------------------------------------- 
/--- Log File: pop3.class.log 
/--- Log Open: Thursday, 06 Nov 2008 @ 21:17:40 
/------------------------------------------------------------------- 
21:17:40 -- Connecting to "mail.daunbiru.com:110" !!!
21:17:40 -- +OK Hello there.
21:17:40 -- STATUS: AUTHORIZATION
21:17:40 -- USER robot@daunbiru.com
21:17:41 -- +OK Password required.
21:17:41 -- PASS 87b7cb79481f317bde90c116cf36084b
21:17:41 -- +OK logged in.
21:17:41 -- STATUS: TRANSACTION
21:17:41 -- STAT
21:17:41 -- +OK 0 0
21:17:41 -- QUIT
21:17:41 -- +OK Bye-bye.
21:17:41 -- Connection Closed. 
/------------------------------------------------------------------- 
/--- Log File: pop3.class.log 
/--- Log Close: Thursday, 06 Nov 2008 @ 21:17:41 
/------------------------------------------------------------------- 

/------------------------------------------------------------------- 
/--- Log File: pop3.class.log 
/--- Log Open: Thursday, 06 Nov 2008 @ 21:17:41 
/------------------------------------------------------------------- 
21:17:41 -- Connecting to "mail.daunbiru.com:110" !!!
21:17:41 -- +OK Hello there.
21:17:41 -- STATUS: AUTHORIZATION
21:17:41 -- USER robot@daunbiru.com
21:17:41 -- +OK Password required.
21:17:41 -- PASS 87b7cb79481f317bde90c116cf36084b
21:17:41 -- +OK logged in.
21:17:41 -- STATUS: TRANSACTION
21:17:41 -- STAT
21:17:42 -- +OK 0 0
21:17:42 -- QUIT
21:17:42 -- +OK Bye-bye.
21:17:42 -- Connection Closed. 
/------------------------------------------------------------------- 
/--- Log File: pop3.class.log 
/--- Log Close: Thursday, 06 Nov 2008 @ 21:17:42 
/------------------------------------------------------------------- 

/------------------------------------------------------------------- 
/--- Log File: pop3.class.log 
/--- Log Open: Thursday, 06 Nov 2008 @ 21:17:42 
/------------------------------------------------------------------- 
21:17:42 -- Connecting to "mail.daunbiru.com:110" !!!
21:17:42 -- +OK Hello there.
21:17:42 -- STATUS: AUTHORIZATION
21:17:42 -- USER robot@daunbiru.com
21:17:42 -- +OK Password required.
21:17:42 -- PASS 87b7cb79481f317bde90c116cf36084b
21:17:42 -- +OK logged in.
21:17:42 -- STATUS: TRANSACTION
21:17:42 -- STAT
21:17:42 -- +OK 0 0
21:17:42 -- QUIT
21:17:42 -- +OK Bye-bye.
21:17:42 -- Connection Closed. 
/------------------------------------------------------------------- 
/--- Log File: pop3.class.log 
/--- Log Close: Thursday, 06 Nov 2008 @ 21:17:42 
/------------------------------------------------------------------- 

/------------------------------------------------------------------- 
/--- Log File: pop3.class.log 
/--- Log Open: Thursday, 06 Nov 2008 @ 21:23:24 
/------------------------------------------------------------------- 
21:23:24 -- Connecting to "mail.daunbiru.com:110" !!!
21:23:24 -- +OK Hello there.
21:23:24 -- STATUS: AUTHORIZATION
21:23:24 -- USER robot@daunbiru.com
21:23:24 -- +OK Password required.
21:23:24 -- PASS 87b7cb79481f317bde90c116cf36084b
21:23:24 -- +OK logged in.
21:23:24 -- STATUS: TRANSACTION
21:23:24 -- STAT
21:23:24 -- +OK 6 7494
21:23:24 -- LIST
21:23:24 -- +OK POP3 clients that break here, they violate STD53.
21:23:24 -- 1 1249
21:23:24 -- 2 1249
21:23:24 -- 3 1249
21:23:24 -- 4 1249
21:23:24 -- 5 1249
21:23:24 -- 6 1249
21:23:24 -- .
21:23:24 -- UIDL
21:23:24 -- +OK
21:23:24 -- 1 UID62-1225954095
21:23:24 -- 2 UID63-1225954095
21:23:24 -- 3 UID64-1225954095
21:23:24 -- 4 UID65-1225954095
21:23:24 -- 5 UID66-1225954095
21:23:24 -- 6 UID67-1225954095
21:23:24 -- .
21:23:24 -- TOP 1 0
21:23:24 -- +OK headers follow.
21:23:24 -- Complete.
21:23:24 -- RETR 1
21:23:24 -- +OK 1249 octets follow.
21:23:24 -- Complete.
21:23:24 -- DELE 1
21:23:25 -- +OK Deleted.
21:23:25 -- TOP 2 0
21:23:25 -- +OK headers follow.
21:23:25 -- Complete.
21:23:25 -- RETR 2
21:23:25 -- +OK 1249 octets follow.
21:23:25 -- Complete.
21:23:25 -- DELE 2
21:23:25 -- +OK Deleted.
21:23:25 -- TOP 3 0
21:23:25 -- +OK headers follow.
21:23:25 -- Complete.
21:23:25 -- RETR 3
21:23:25 -- +OK 1249 octets follow.
21:23:25 -- Complete.
21:23:25 -- DELE 3
21:23:25 -- +OK Deleted.
21:23:25 -- TOP 4 0
21:23:25 -- +OK headers follow.
21:23:25 -- Complete.
21:23:25 -- RETR 4
21:23:25 -- +OK 1249 octets follow.
21:23:25 -- Complete.
21:23:25 -- DELE 4
21:23:25 -- +OK Deleted.
21:23:25 -- TOP 5 0
21:23:25 -- +OK headers follow.
21:23:25 -- Complete.
21:23:25 -- RETR 5
21:23:25 -- +OK 1249 octets follow.
21:23:25 -- Complete.
21:23:25 -- DELE 5
21:23:25 -- +OK Deleted.
21:23:25 -- TOP 6 0
21:23:26 -- +OK headers follow.
21:23:26 -- Complete.
21:23:26 -- RETR 6
21:23:26 -- +OK 1249 octets follow.
21:23:26 -- Complete.
21:23:26 -- DELE 6
21:23:26 -- +OK Deleted.
21:23:26 -- QUIT
21:23:26 -- +OK Bye-bye.
21:23:26 -- Connection Closed. 
/------------------------------------------------------------------- 
/--- Log File: pop3.class.log 
/--- Log Close: Thursday, 06 Nov 2008 @ 21:23:26 
/------------------------------------------------------------------- 

/------------------------------------------------------------------- 
/--- Log File: pop3.class.log 
/--- Log Open: Thursday, 06 Nov 2008 @ 21:23:29 
/------------------------------------------------------------------- 
21:23:29 -- Connecting to "mail.daunbiru.com:110" !!!
21:23:30 -- +OK Hello there.
21:23:30 -- STATUS: AUTHORIZATION
21:23:30 -- USER robot@daunbiru.com
21:23:30 -- +OK Password required.
21:23:30 -- PASS 87b7cb79481f317bde90c116cf36084b
21:23:30 -- +OK logged in.
21:23:30 -- STATUS: TRANSACTION
21:23:30 -- STAT
21:23:30 -- +OK 0 0
21:23:30 -- QUIT
21:23:30 -- +OK Bye-bye.
21:23:30 -- Connection Closed. 
/------------------------------------------------------------------- 
/--- Log File: pop3.class.log 
/--- Log Close: Thursday, 06 Nov 2008 @ 21:23:30 
/------------------------------------------------------------------- 

/------------------------------------------------------------------- 
/--- Log File: pop3.class.log 
/--- Log Open: Thursday, 06 Nov 2008 @ 21:38:38 
/------------------------------------------------------------------- 
21:38:38 -- Connecting to "mail.daunbiru.com:110" !!!
21:38:38 -- +OK Hello there.
21:38:38 -- STATUS: AUTHORIZATION
21:38:38 -- USER robot@daunbiru.com
21:38:39 -- +OK Password required.
21:38:39 -- PASS 87b7cb79481f317bde90c116cf36084b
21:38:39 -- +OK logged in.
21:38:39 -- STATUS: TRANSACTION
21:38:39 -- STAT
21:38:39 -- +OK 12 14988
21:38:39 -- LIST
21:38:39 -- +OK POP3 clients that break here, they violate STD53.
21:38:39 -- 1 1249
21:38:39 -- 2 1249
21:38:39 -- 3 1249
21:38:39 -- 4 1249
21:38:39 -- 5 1249
21:38:39 -- 6 1249
21:38:39 -- 7 1249
21:38:39 -- 8 1249
21:38:39 -- 9 1249
21:38:39 -- 10 1249
21:38:39 -- 11 1249
21:38:39 -- 12 1249
21:38:39 -- .
21:38:39 -- UIDL
21:38:39 -- +OK
21:38:39 -- 1 UID71-1225954095
21:38:39 -- 2 UID72-1225954095
21:38:39 -- 3 UID73-1225954095
21:38:39 -- 4 UID74-1225954095
21:38:39 -- 5 UID75-1225954095
21:38:39 -- 6 UID76-1225954095
21:38:39 -- 7 UID77-1225954095
21:38:39 -- 8 UID78-1225954095
21:38:39 -- 9 UID79-1225954095
21:38:39 -- 10 UID80-1225954095
21:38:39 -- 11 UID81-1225954095
21:38:39 -- 12 UID82-1225954095
21:38:39 -- .
21:38:39 -- TOP 1 0
21:38:39 -- +OK headers follow.
21:38:39 -- Complete.
21:38:39 -- RETR 1
21:38:39 -- +OK 1249 octets follow.
21:38:39 -- Complete.
21:38:39 -- DELE 1
21:38:39 -- +OK Deleted.
21:38:39 -- TOP 2 0
21:38:39 -- +OK headers follow.
21:38:39 -- Complete.
21:38:39 -- RETR 2
21:38:39 -- +OK 1249 octets follow.
21:38:39 -- Complete.
21:38:39 -- DELE 2
21:38:39 -- +OK Deleted.
21:38:39 -- TOP 3 0
21:38:39 -- +OK headers follow.
21:38:39 -- Complete.
21:38:39 -- RETR 3
21:38:39 -- +OK 1249 octets follow.
21:38:39 -- Complete.
21:38:39 -- DELE 3
21:38:39 -- +OK Deleted.
21:38:39 -- TOP 4 0
21:38:40 -- +OK headers follow.
21:38:40 -- Complete.
21:38:40 -- RETR 4
21:38:40 -- +OK 1249 octets follow.
21:38:40 -- Complete.
21:38:40 -- DELE 4
21:38:40 -- +OK Deleted.
21:38:40 -- TOP 5 0
21:38:40 -- +OK headers follow.
21:38:40 -- Complete.
21:38:40 -- RETR 5
21:38:40 -- +OK 1249 octets follow.
21:38:40 -- Complete.
21:38:40 -- DELE 5
21:38:40 -- +OK Deleted.
21:38:40 -- TOP 6 0
21:38:40 -- +OK headers follow.
21:38:40 -- Complete.
21:38:40 -- RETR 6
21:38:40 -- +OK 1249 octets follow.
21:38:40 -- Complete.
21:38:40 -- DELE 6
21:38:40 -- +OK Deleted.
21:38:40 -- TOP 7 0
21:38:40 -- +OK headers follow.
21:38:40 -- Complete.
21:38:40 -- RETR 7
21:38:40 -- +OK 1249 octets follow.
21:38:40 -- Complete.
21:38:40 -- DELE 7
21:38:40 -- +OK Deleted.
21:38:40 -- TOP 8 0
21:38:40 -- +OK headers follow.
21:38:40 -- Complete.
21:38:40 -- RETR 8
21:38:41 -- +OK 1249 octets follow.
21:38:41 -- Complete.
21:38:41 -- DELE 8
21:38:41 -- +OK Deleted.
21:38:41 -- TOP 9 0
21:38:41 -- +OK headers follow.
21:38:41 -- Complete.
21:38:41 -- RETR 9
21:38:41 -- +OK 1249 octets follow.
21:38:41 -- Complete.
21:38:41 -- DELE 9
21:38:41 -- +OK Deleted.
21:38:41 -- TOP 10 0
21:38:41 -- +OK headers follow.
21:38:41 -- Complete.
21:38:41 -- RETR 10
21:38:41 -- +OK 1249 octets follow.
21:38:41 -- Complete.
21:38:41 -- DELE 10
21:38:41 -- +OK Deleted.
21:38:41 -- TOP 11 0
21:38:41 -- +OK headers follow.
21:38:41 -- Complete.
21:38:41 -- RETR 11
21:38:41 -- +OK 1249 octets follow.
21:38:41 -- Complete.
21:38:41 -- DELE 11
21:38:41 -- +OK Deleted.
21:38:41 -- TOP 12 0
21:38:41 -- +OK headers follow.
21:38:41 -- Complete.
21:38:41 -- RETR 12
21:38:42 -- +OK 1249 octets follow.
21:38:42 -- Complete.
21:38:42 -- DELE 12
21:38:42 -- +OK Deleted.
21:38:42 -- QUIT
21:38:42 -- +OK Bye-bye.
21:38:42 -- Connection Closed. 
/------------------------------------------------------------------- 
/--- Log File: pop3.class.log 
/--- Log Close: Thursday, 06 Nov 2008 @ 21:38:42 
/------------------------------------------------------------------- 

/------------------------------------------------------------------- 
/--- Log File: pop3.class.log 
/--- Log Open: Thursday, 06 Nov 2008 @ 21:38:50 
/------------------------------------------------------------------- 
21:38:50 -- Connecting to "mail.daunbiru.com:110" !!!
21:38:50 -- +OK Hello there.
21:38:50 -- STATUS: AUTHORIZATION
21:38:50 -- USER robot@daunbiru.com
21:38:50 -- +OK Password required.
21:38:50 -- PASS 87b7cb79481f317bde90c116cf36084b
21:38:50 -- +OK logged in.
21:38:50 -- STATUS: TRANSACTION
21:38:50 -- STAT
21:38:50 -- +OK 0 0
21:38:50 -- QUIT
21:38:50 -- +OK Bye-bye.
21:38:50 -- Connection Closed. 
/------------------------------------------------------------------- 
/--- Log File: pop3.class.log 
/--- Log Close: Thursday, 06 Nov 2008 @ 21:38:50 
/------------------------------------------------------------------- 

/------------------------------------------------------------------- 
/--- Log File: pop3.class.log 
/--- Log Open: Thursday, 06 Nov 2008 @ 21:39:23 
/------------------------------------------------------------------- 
21:39:23 -- Connecting to "mail.daunbiru.com:110" !!!
21:39:23 -- +OK Hello there.
21:39:23 -- STATUS: AUTHORIZATION
21:39:23 -- USER robot@daunbiru.com
21:39:23 -- +OK Password required.
21:39:23 -- PASS 87b7cb79481f317bde90c116cf36084b
21:39:23 -- +OK logged in.
21:39:23 -- STATUS: TRANSACTION
21:39:23 -- STAT
21:39:23 -- +OK 1 1249
21:39:23 -- LIST
21:39:23 -- +OK POP3 clients that break here, they violate STD53.
21:39:23 -- 1 1249
21:39:23 -- .
21:39:23 -- UIDL
21:39:23 -- +OK
21:39:23 -- 1 UID83-1225954095
21:39:23 -- .
21:39:23 -- TOP 1 0
21:39:23 -- +OK headers follow.
21:39:23 -- Complete.
21:39:23 -- RETR 1
21:39:23 -- +OK 1249 octets follow.
21:39:23 -- Complete.
21:39:23 -- DELE 1
21:39:23 -- +OK Deleted.
21:39:23 -- QUIT
21:39:23 -- +OK Bye-bye.
21:39:23 -- Connection Closed. 
/------------------------------------------------------------------- 
/--- Log File: pop3.class.log 
/--- Log Close: Thursday, 06 Nov 2008 @ 21:39:23 
/------------------------------------------------------------------- 

/------------------------------------------------------------------- 
/--- Log File: pop3.class.log 
/--- Log Open: Thursday, 06 Nov 2008 @ 22:28:02 
/------------------------------------------------------------------- 
22:28:02 -- Connecting to "mail.daunbiru.com:110" !!!
22:28:02 -- +OK Hello there.
22:28:02 -- STATUS: AUTHORIZATION
22:28:02 -- USER robot@daunbiru.com
22:28:02 -- +OK Password required.
22:28:02 -- PASS 87b7cb79481f317bde90c116cf36084b
22:28:03 -- +OK logged in.
22:28:03 -- STATUS: TRANSACTION
22:28:03 -- STAT
22:28:03 -- +OK 0 0
22:28:03 -- QUIT
22:28:03 -- +OK Bye-bye.
22:28:03 -- Connection Closed. 
/------------------------------------------------------------------- 
/--- Log File: pop3.class.log 
/--- Log Close: Thursday, 06 Nov 2008 @ 22:28:03 
/------------------------------------------------------------------- 

/------------------------------------------------------------------- 
/--- Log File: pop3.class.log 
/--- Log Open: Friday, 07 Nov 2008 @ 13:55:27 
/------------------------------------------------------------------- 
13:55:27 -- Connecting to "mail.daunbiru.com:110" !!!
13:55:27 -- +OK Hello there.
13:55:27 -- STATUS: AUTHORIZATION
13:55:27 -- USER robot@daunbiru.com
13:55:27 -- +OK Password required.
13:55:27 -- PASS 87b7cb79481f317bde90c116cf36084b
13:55:27 -- +OK logged in.
13:55:27 -- STATUS: TRANSACTION
13:55:27 -- STAT
13:55:27 -- +OK 0 0
13:55:27 -- QUIT
13:55:27 -- +OK Bye-bye.
13:55:27 -- Connection Closed. 
/------------------------------------------------------------------- 
/--- Log File: pop3.class.log 
/--- Log Close: Friday, 07 Nov 2008 @ 13:55:27 
/------------------------------------------------------------------- 

/------------------------------------------------------------------- 
/--- Log File: pop3.class.log 
/--- Log Open: Friday, 07 Nov 2008 @ 15:41:34 
/------------------------------------------------------------------- 
15:41:34 -- Connecting to "mail.daunbiru.com:110" !!!
15:41:34 -- +OK Hello there.
15:41:34 -- STATUS: AUTHORIZATION
15:41:34 -- USER robot@daunbiru.com
15:41:34 -- +OK Password required.
15:41:34 -- PASS 87b7cb79481f317bde90c116cf36084b
15:41:34 -- +OK logged in.
15:41:34 -- STATUS: TRANSACTION
15:41:34 -- STAT
15:41:34 -- +OK 2 2910
15:41:34 -- LIST
15:41:34 -- +OK POP3 clients that break here, they violate STD53.
15:41:34 -- 1 1455
15:41:34 -- 2 1455
15:41:34 -- .
15:41:34 -- UIDL
15:41:34 -- +OK
15:41:34 -- 1 UID882-1225954095
15:41:34 -- 2 UID883-1225954095
15:41:34 -- .
15:41:34 -- TOP 1 0
15:41:34 -- +OK headers follow.
15:41:34 -- Complete.
15:41:34 -- RETR 1
15:41:34 -- +OK 1455 octets follow.
15:41:34 -- Complete.
15:41:34 -- DELE 1
15:41:35 -- +OK Deleted.
15:41:35 -- TOP 2 0
15:41:35 -- +OK headers follow.
15:41:35 -- Complete.
15:41:35 -- RETR 2
15:41:35 -- +OK 1455 octets follow.
15:41:35 -- Complete.
15:41:35 -- DELE 2
15:41:35 -- +OK Deleted.
15:41:35 -- QUIT
15:41:35 -- +OK Bye-bye.
15:41:35 -- Connection Closed. 
/------------------------------------------------------------------- 
/--- Log File: pop3.class.log 
/--- Log Close: Friday, 07 Nov 2008 @ 15:41:35 
/------------------------------------------------------------------- 

/------------------------------------------------------------------- 
/--- Log File: pop3.class.log 
/--- Log Open: Friday, 07 Nov 2008 @ 15:56:09 
/------------------------------------------------------------------- 
15:56:09 -- Connecting to "mail.daunbiru.com:110" !!!
15:56:09 -- +OK Hello there.
15:56:09 -- STATUS: AUTHORIZATION
15:56:09 -- USER robot@daunbiru.com
15:56:09 -- +OK Password required.
15:56:09 -- PASS 87b7cb79481f317bde90c116cf36084b
15:56:09 -- +OK logged in.
15:56:09 -- STATUS: TRANSACTION
15:56:09 -- STAT
15:56:09 -- +OK 5 7275
15:56:09 -- LIST
15:56:09 -- +OK POP3 clients that break here, they violate STD53.
15:56:09 -- 1 1455
15:56:09 -- 2 1455
15:56:09 -- 3 1455
15:56:09 -- 4 1455
15:56:09 -- 5 1455
15:56:09 -- .
15:56:09 -- UIDL
15:56:09 -- +OK
15:56:09 -- 1 UID894-1225954095
15:56:09 -- 2 UID895-1225954095
15:56:09 -- 3 UID896-1225954095
15:56:09 -- 4 UID897-1225954095
15:56:09 -- 5 UID898-1225954095
15:56:09 -- .
15:56:09 -- TOP 1 0
15:56:09 -- +OK headers follow.
15:56:09 -- Complete.
15:56:09 -- RETR 1
15:56:10 -- +OK 1455 octets follow.
15:56:10 -- Complete.
15:56:10 -- DELE 1
15:56:10 -- +OK Deleted.
15:56:10 -- TOP 2 0
15:56:10 -- +OK headers follow.
15:56:10 -- Complete.
15:56:10 -- RETR 2
15:56:11 -- +OK 1455 octets follow.
15:56:11 -- Complete.
15:56:11 -- DELE 2
15:56:11 -- +OK Deleted.
15:56:11 -- TOP 3 0
15:56:11 -- +OK headers follow.
15:56:11 -- Complete.
15:56:11 -- RETR 3
15:56:12 -- +OK 1455 octets follow.
15:56:12 -- Complete.
15:56:12 -- DELE 3
/------------------------------------------------------------------- 
/--- Log File: pop3.class.log 
/--- Log Open: Friday, 07 Nov 2008 @ 15:56:12 
/------------------------------------------------------------------- 
15:56:12 -- Connecting to "mail.daunbiru.com:110" !!!
15:56:12 -- +OK Deleted.
15:56:12 -- TOP 4 0
15:56:12 -- +OK Hello there.
15:56:12 -- STATUS: AUTHORIZATION
15:56:12 -- USER robot@daunbiru.com
15:56:12 -- +OK headers follow.
15:56:12 -- Complete.
15:56:12 -- RETR 4
15:56:12 -- +OK Password required.
15:56:12 -- PASS 87b7cb79481f317bde90c116cf36084b
15:56:12 -- +OK 1455 octets follow.
15:56:12 -- +OK logged in.
15:56:12 -- STATUS: TRANSACTION
15:56:12 -- STAT
15:56:12 -- Complete.
15:56:12 -- DELE 4
15:56:12 -- +OK 5 7275
15:56:12 -- LIST
15:56:12 -- +OK Deleted.
15:56:12 -- TOP 5 0
15:56:12 -- +OK POP3 clients that break here, they violate STD53.
15:56:12 -- 1 1455
15:56:12 -- 2 1455
15:56:12 -- 3 1455
15:56:12 -- 4 1455
15:56:12 -- 5 1455
15:56:12 -- .
15:56:12 -- UIDL
15:56:12 -- +OK headers follow.
15:56:12 -- Complete.
15:56:12 -- RETR 5
15:56:12 -- +OK
15:56:12 -- 1 UID894-1225954095
15:56:12 -- 2 UID895-1225954095
15:56:12 -- 3 UID896-1225954095
15:56:12 -- 4 UID897-1225954095
15:56:12 -- 5 UID898-1225954095
15:56:12 -- .
15:56:12 -- TOP 1 0
15:56:12 -- +OK 1455 octets follow.
15:56:12 -- +OK headers follow.
15:56:12 -- Complete.
15:56:12 -- RETR 1
15:56:12 -- Complete.
15:56:12 -- +OK 1455 octets follow.
15:56:13 -- Complete.
15:56:13 -- DELE 1
15:56:13 -- +OK Deleted.
15:56:13 -- TOP 2 0
15:56:13 -- +OK headers follow.
15:56:13 -- Complete.
15:56:13 -- RETR 2
15:56:13 -- +OK 1455 octets follow.
15:56:13 -- Complete.
15:56:13 -- DELE 2
15:56:13 -- +OK Deleted.
15:56:13 -- TOP 3 0
15:56:13 -- +OK headers follow.
15:56:13 -- Complete.
15:56:13 -- RETR 3
15:56:13 -- +OK 1455 octets follow.
15:56:13 -- Complete.
15:56:13 -- DELE 3
15:56:13 -- +OK Deleted.
15:56:13 -- TOP 4 0
15:56:13 -- +OK headers follow.
15:56:13 -- Complete.
15:56:13 -- RETR 4
15:56:13 -- +OK 1455 octets follow.
15:56:14 -- Complete.
15:56:14 -- DELE 4
15:56:14 -- +OK Deleted.
15:56:14 -- TOP 5 0
15:56:14 -- -ERR Can't open the message file - it's gone!
/------------------------------------------------------------------- 
/--- Log File: pop3.class.log 
/--- Log Open: Friday, 07 Nov 2008 @ 15:57:20 
/------------------------------------------------------------------- 
15:57:20 -- Connecting to "mail.daunbiru.com:110" !!!
15:57:20 -- +OK Hello there.
15:57:20 -- STATUS: AUTHORIZATION
15:57:20 -- USER robot@daunbiru.com
15:57:20 -- +OK Password required.
15:57:20 -- PASS 87b7cb79481f317bde90c116cf36084b
15:57:20 -- +OK logged in.
15:57:20 -- STATUS: TRANSACTION
15:57:20 -- STAT
15:57:21 -- +OK 6 8730
15:57:21 -- LIST
15:57:21 -- +OK POP3 clients that break here, they violate STD53.
15:57:21 -- 1 1455
15:57:21 -- 2 1455
15:57:21 -- 3 1455
15:57:21 -- 4 1455
15:57:21 -- 5 1455
15:57:21 -- 6 1455
15:57:21 -- .
15:57:21 -- UIDL
15:57:21 -- +OK
15:57:21 -- 1 UID894-1225954095
15:57:21 -- 2 UID895-1225954095
15:57:21 -- 3 UID896-1225954095
15:57:21 -- 4 UID897-1225954095
15:57:21 -- 5 UID898-1225954095
15:57:21 -- 6 UID899-1225954095
15:57:21 -- .
15:57:21 -- TOP 1 0
15:57:21 -- +OK headers follow.
15:57:21 -- Complete.
15:57:21 -- RETR 1
15:57:21 -- +OK 1455 octets follow.
15:57:21 -- Complete.
15:57:21 -- DELE 1
15:57:21 -- +OK Deleted.
15:57:21 -- TOP 2 0
15:57:21 -- +OK headers follow.
15:57:21 -- Complete.
15:57:21 -- RETR 2
15:57:21 -- +OK 1455 octets follow.
15:57:21 -- Complete.
15:57:21 -- DELE 2
15:57:21 -- +OK Deleted.
15:57:21 -- TOP 3 0
15:57:21 -- +OK headers follow.
15:57:21 -- Complete.
15:57:21 -- RETR 3
15:57:21 -- +OK 1455 octets follow.
15:57:21 -- Complete.
15:57:21 -- DELE 3
15:57:22 -- +OK Deleted.
15:57:22 -- TOP 4 0
15:57:22 -- +OK headers follow.
15:57:22 -- Complete.
15:57:22 -- RETR 4
15:57:22 -- +OK 1455 octets follow.
15:57:22 -- Complete.
15:57:22 -- DELE 4
15:57:22 -- +OK Deleted.
15:57:22 -- TOP 5 0
15:57:22 -- +OK headers follow.
15:57:22 -- Complete.
15:57:22 -- RETR 5
15:57:22 -- +OK 1455 octets follow.
15:57:22 -- Complete.
15:57:22 -- DELE 5
15:57:22 -- +OK Deleted.
15:57:22 -- TOP 6 0
15:57:22 -- +OK headers follow.
15:57:22 -- Complete.
15:57:22 -- RETR 6
15:57:22 -- +OK 1455 octets follow.
15:57:22 -- Complete.
15:57:22 -- DELE 6
15:57:22 -- +OK Deleted.
15:57:22 -- QUIT
15:57:22 -- +OK Bye-bye.
15:57:22 -- Connection Closed. 
/------------------------------------------------------------------- 
/--- Log File: pop3.class.log 
/--- Log Close: Friday, 07 Nov 2008 @ 15:57:22 
/------------------------------------------------------------------- 

/------------------------------------------------------------------- 
/--- Log File: pop3.class.log 
/--- Log Open: Friday, 07 Nov 2008 @ 15:57:27 
/------------------------------------------------------------------- 
15:57:27 -- Connecting to "mail.daunbiru.com:110" !!!
15:57:27 -- +OK Hello there.
15:57:27 -- STATUS: AUTHORIZATION
15:57:27 -- USER robot@daunbiru.com
15:57:27 -- +OK Password required.
15:57:27 -- PASS 87b7cb79481f317bde90c116cf36084b
15:57:27 -- +OK logged in.
15:57:27 -- STATUS: TRANSACTION
15:57:27 -- STAT
15:57:27 -- +OK 0 0
15:57:27 -- QUIT
15:57:27 -- +OK Bye-bye.
15:57:27 -- Connection Closed. 
/------------------------------------------------------------------- 
/--- Log File: pop3.class.log 
/--- Log Close: Friday, 07 Nov 2008 @ 15:57:27 
/------------------------------------------------------------------- 

/------------------------------------------------------------------- 
/--- Log File: pop3.class.log 
/--- Log Open: Friday, 07 Nov 2008 @ 15:57:29 
/------------------------------------------------------------------- 
15:57:29 -- Connecting to "mail.daunbiru.com:110" !!!
15:57:29 -- +OK Hello there.
15:57:29 -- STATUS: AUTHORIZATION
15:57:29 -- USER robot@daunbiru.com
15:57:29 -- +OK Password required.
15:57:29 -- PASS 87b7cb79481f317bde90c116cf36084b
15:57:29 -- +OK logged in.
15:57:29 -- STATUS: TRANSACTION
15:57:29 -- STAT
15:57:29 -- +OK 0 0
15:57:29 -- QUIT
15:57:29 -- +OK Bye-bye.
15:57:29 -- Connection Closed. 
/------------------------------------------------------------------- 
/--- Log File: pop3.class.log 
/--- Log Close: Friday, 07 Nov 2008 @ 15:57:29 
/------------------------------------------------------------------- 

/------------------------------------------------------------------- 
/--- Log File: pop3.class.log 
/--- Log Open: Friday, 07 Nov 2008 @ 15:58:06 
/------------------------------------------------------------------- 
15:58:06 -- Connecting to "mail.daunbiru.com:110" !!!
15:58:06 -- +OK Hello there.
15:58:06 -- STATUS: AUTHORIZATION
15:58:06 -- USER robot@daunbiru.com
15:58:06 -- +OK Password required.
15:58:06 -- PASS 87b7cb79481f317bde90c116cf36084b
15:58:06 -- +OK logged in.
15:58:06 -- STATUS: TRANSACTION
15:58:06 -- STAT
15:58:06 -- +OK 1 1455
15:58:06 -- LIST
15:58:06 -- +OK POP3 clients that break here, they violate STD53.
15:58:06 -- 1 1455
15:58:06 -- .
15:58:06 -- UIDL
15:58:06 -- +OK
15:58:06 -- 1 UID900-1225954095
15:58:06 -- .
15:58:06 -- TOP 1 0
15:58:06 -- +OK headers follow.
15:58:06 -- Complete.
15:58:06 -- RETR 1
15:58:06 -- +OK 1455 octets follow.
15:58:06 -- Complete.
15:58:06 -- DELE 1
15:58:06 -- +OK Deleted.
15:58:06 -- QUIT
15:58:06 -- +OK Bye-bye.
15:58:06 -- Connection Closed. 
/------------------------------------------------------------------- 
/--- Log File: pop3.class.log 
/--- Log Close: Friday, 07 Nov 2008 @ 15:58:06 
/------------------------------------------------------------------- 

/------------------------------------------------------------------- 
/--- Log File: pop3.class.log 
/--- Log Open: Friday, 07 Nov 2008 @ 15:58:55 
/------------------------------------------------------------------- 
15:58:55 -- Connecting to "mail.daunbiru.com:110" !!!
15:58:55 -- +OK Hello there.
15:58:55 -- STATUS: AUTHORIZATION
15:58:55 -- USER robot@daunbiru.com
15:58:55 -- +OK Password required.
15:58:55 -- PASS 87b7cb79481f317bde90c116cf36084b
15:58:55 -- +OK logged in.
15:58:55 -- STATUS: TRANSACTION
15:58:55 -- STAT
15:58:55 -- +OK 0 0
15:58:55 -- QUIT
15:58:55 -- +OK Bye-bye.
15:58:55 -- Connection Closed. 
/------------------------------------------------------------------- 
/--- Log File: pop3.class.log 
/--- Log Close: Friday, 07 Nov 2008 @ 15:58:55 
/------------------------------------------------------------------- 

/------------------------------------------------------------------- 
/--- Log File: pop3.class.log 
/--- Log Open: Friday, 07 Nov 2008 @ 15:58:57 
/------------------------------------------------------------------- 
15:58:57 -- Connecting to "mail.daunbiru.com:110" !!!
15:58:57 -- +OK Hello there.
15:58:57 -- STATUS: AUTHORIZATION
15:58:57 -- USER robot@daunbiru.com
15:58:57 -- +OK Password required.
15:58:57 -- PASS 87b7cb79481f317bde90c116cf36084b
15:58:57 -- +OK logged in.
15:58:57 -- STATUS: TRANSACTION
15:58:57 -- STAT
15:58:57 -- +OK 0 0
15:58:57 -- QUIT
15:58:57 -- +OK Bye-bye.
15:58:57 -- Connection Closed. 
/------------------------------------------------------------------- 
/--- Log File: pop3.class.log 
/--- Log Close: Friday, 07 Nov 2008 @ 15:58:57 
/------------------------------------------------------------------- 

/------------------------------------------------------------------- 
/--- Log File: pop3.class.log 
/--- Log Open: Friday, 07 Nov 2008 @ 15:59:07 
/------------------------------------------------------------------- 
15:59:07 -- Connecting to "mail.daunbiru.com:110" !!!
15:59:07 -- +OK Hello there.
15:59:07 -- STATUS: AUTHORIZATION
15:59:07 -- USER robot@daunbiru.com
15:59:07 -- +OK Password required.
15:59:07 -- PASS 87b7cb79481f317bde90c116cf36084b
15:59:07 -- +OK logged in.
15:59:07 -- STATUS: TRANSACTION
15:59:07 -- STAT
15:59:07 -- +OK 1 1455
15:59:07 -- LIST
15:59:07 -- +OK POP3 clients that break here, they violate STD53.
15:59:07 -- 1 1455
15:59:07 -- .
15:59:07 -- UIDL
15:59:07 -- +OK
15:59:07 -- 1 UID901-1225954095
15:59:07 -- .
15:59:07 -- TOP 1 0
15:59:07 -- +OK headers follow.
15:59:07 -- Complete.
15:59:07 -- RETR 1
15:59:07 -- +OK 1455 octets follow.
15:59:08 -- Complete.
15:59:08 -- DELE 1
15:59:08 -- +OK Deleted.
15:59:08 -- QUIT
15:59:08 -- +OK Bye-bye.
15:59:08 -- Connection Closed. 
/------------------------------------------------------------------- 
/--- Log File: pop3.class.log 
/--- Log Close: Friday, 07 Nov 2008 @ 15:59:08 
/------------------------------------------------------------------- 

/------------------------------------------------------------------- 
/--- Log File: pop3.class.log 
/--- Log Open: Friday, 07 Nov 2008 @ 15:59:33 
/------------------------------------------------------------------- 
15:59:33 -- Connecting to "mail.daunbiru.com:110" !!!
15:59:33 -- +OK Hello there.
15:59:33 -- STATUS: AUTHORIZATION
15:59:33 -- USER robot@daunbiru.com
15:59:33 -- +OK Password required.
15:59:33 -- PASS 87b7cb79481f317bde90c116cf36084b
15:59:33 -- +OK logged in.
15:59:33 -- STATUS: TRANSACTION
15:59:33 -- STAT
15:59:33 -- +OK 0 0
15:59:33 -- QUIT
15:59:33 -- +OK Bye-bye.
15:59:33 -- Connection Closed. 
/------------------------------------------------------------------- 
/--- Log File: pop3.class.log 
/--- Log Close: Friday, 07 Nov 2008 @ 15:59:33 
/------------------------------------------------------------------- 

/------------------------------------------------------------------- 
/--- Log File: pop3.class.log 
/--- Log Open: Friday, 07 Nov 2008 @ 15:59:58 
/------------------------------------------------------------------- 
15:59:58 -- Connecting to "mail.daunbiru.com:110" !!!
15:59:58 -- +OK Hello there.
15:59:58 -- STATUS: AUTHORIZATION
15:59:58 -- USER robot@daunbiru.com
15:59:58 -- +OK Password required.
15:59:58 -- PASS 87b7cb79481f317bde90c116cf36084b
15:59:58 -- +OK logged in.
15:59:58 -- STATUS: TRANSACTION
15:59:58 -- STAT
/------------------------------------------------------------------- 
/--- Log File: pop3.class.log 
/--- Log Open: Friday, 07 Nov 2008 @ 15:59:58 
/------------------------------------------------------------------- 
15:59:58 -- Connecting to "mail.daunbiru.com:110" !!!
15:59:58 -- +OK 0 0
15:59:58 -- QUIT
15:59:58 -- +OK Hello there.
15:59:58 -- STATUS: AUTHORIZATION
15:59:58 -- USER robot@daunbiru.com
15:59:58 -- +OK Bye-bye.
15:59:58 -- Connection Closed. 
/------------------------------------------------------------------- 
/--- Log File: pop3.class.log 
/--- Log Close: Friday, 07 Nov 2008 @ 15:59:58 
/------------------------------------------------------------------- 

15:59:58 -- +OK Password required.
15:59:58 -- PASS 87b7cb79481f317bde90c116cf36084b
15:59:58 -- +OK logged in.
15:59:58 -- STATUS: TRANSACTION
15:59:58 -- STAT
/------------------------------------------------------------------- 
/--- Log File: pop3.class.log 
/--- Log Open: Friday, 07 Nov 2008 @ 15:59:58 
/------------------------------------------------------------------- 
15:59:58 -- Connecting to "mail.daunbiru.com:110" !!!
15:59:58 -- +OK 0 0
15:59:58 -- QUIT
15:59:58 -- +OK Hello there.
15:59:58 -- STATUS: AUTHORIZATION
15:59:58 -- USER robot@daunbiru.com
15:59:58 -- +OK Bye-bye.
15:59:58 -- Connection Closed. 
/------------------------------------------------------------------- 
/--- Log File: pop3.class.log 
/--- Log Close: Friday, 07 Nov 2008 @ 15:59:58 
/------------------------------------------------------------------- 

15:59:58 -- +OK Password required.
15:59:58 -- PASS 87b7cb79481f317bde90c116cf36084b
15:59:58 -- +OK logged in.
15:59:58 -- STATUS: TRANSACTION
15:59:58 -- STAT
15:59:58 -- +OK 0 0
15:59:58 -- QUIT
15:59:59 -- +OK Bye-bye.
15:59:59 -- Connection Closed. 
/------------------------------------------------------------------- 
/--- Log File: pop3.class.log 
/--- Log Close: Friday, 07 Nov 2008 @ 15:59:59 
/------------------------------------------------------------------- 

/------------------------------------------------------------------- 
/--- Log File: pop3.class.log 
/--- Log Open: Friday, 07 Nov 2008 @ 18:09:24 
/------------------------------------------------------------------- 
18:09:24 -- Connecting to "mail.daunbiru.com:110" !!!
18:09:24 -- +OK Hello there.
18:09:24 -- STATUS: AUTHORIZATION
18:09:24 -- USER robot@daunbiru.com
18:09:24 -- +OK Password required.
18:09:24 -- PASS 87b7cb79481f317bde90c116cf36084b
18:09:24 -- +OK logged in.
18:09:24 -- STATUS: TRANSACTION
18:09:24 -- STAT
18:09:24 -- +OK 13 18916
18:09:24 -- LIST
18:09:24 -- +OK POP3 clients that break here, they violate STD53.
18:09:24 -- 1 1455
18:09:24 -- 2 1456
18:09:24 -- 3 1455
18:09:24 -- 4 1455
18:09:24 -- 5 1455
18:09:24 -- 6 1455
18:09:24 -- 7 1455
18:09:24 -- 8 1455
18:09:24 -- 9 1455
18:09:24 -- 10 1455
18:09:24 -- 11 1455
18:09:24 -- 12 1455
18:09:24 -- 13 1455
18:09:24 -- .
18:09:24 -- UIDL
18:09:24 -- +OK
18:09:24 -- 1 UID980-1225954095
18:09:24 -- 2 UID981-1225954095
18:09:24 -- 3 UID982-1225954095
18:09:24 -- 4 UID983-1225954095
18:09:24 -- 5 UID984-1225954095
18:09:24 -- 6 UID985-1225954095
18:09:24 -- 7 UID986-1225954095
18:09:24 -- 8 UID987-1225954095
18:09:24 -- 9 UID988-1225954095
18:09:24 -- 10 UID989-1225954095
18:09:24 -- 11 UID990-1225954095
18:09:24 -- 12 UID991-1225954095
18:09:24 -- 13 UID992-1225954095
18:09:24 -- .
18:09:24 -- TOP 1 0
18:09:24 -- +OK headers follow.
18:09:24 -- Complete.
18:09:24 -- RETR 1
18:09:25 -- +OK 1455 octets follow.
18:09:25 -- Complete.
18:09:25 -- DELE 1
18:09:25 -- +OK Deleted.
18:09:25 -- TOP 2 0
18:09:25 -- +OK headers follow.
18:09:25 -- Complete.
18:09:25 -- RETR 2
18:09:25 -- +OK 1456 octets follow.
18:09:25 -- Complete.
18:09:25 -- DELE 2
18:09:25 -- +OK Deleted.
18:09:25 -- TOP 3 0
18:09:25 -- +OK headers follow.
18:09:25 -- Complete.
18:09:25 -- RETR 3
18:09:25 -- +OK 1455 octets follow.
18:09:25 -- Complete.
18:09:25 -- DELE 3
18:09:25 -- +OK Deleted.
18:09:25 -- TOP 4 0
18:09:25 -- +OK headers follow.
18:09:25 -- Complete.
18:09:25 -- RETR 4
18:09:25 -- +OK 1455 octets follow.
18:09:25 -- Complete.
18:09:25 -- DELE 4
18:09:25 -- +OK Deleted.
18:09:25 -- TOP 5 0
18:09:25 -- +OK headers follow.
18:09:25 -- Complete.
18:09:25 -- RETR 5
18:09:25 -- +OK 1455 octets follow.
18:09:26 -- Complete.
18:09:26 -- DELE 5
18:09:26 -- +OK Deleted.
18:09:26 -- TOP 6 0
18:09:26 -- +OK headers follow.
18:09:26 -- Complete.
18:09:26 -- RETR 6
18:09:26 -- +OK 1455 octets follow.
18:09:26 -- Complete.
18:09:26 -- DELE 6
18:09:26 -- +OK Deleted.
18:09:26 -- TOP 7 0
18:09:26 -- +OK headers follow.
18:09:26 -- Complete.
18:09:26 -- RETR 7
18:09:26 -- +OK 1455 octets follow.
18:09:26 -- Complete.
18:09:26 -- DELE 7
18:09:26 -- +OK Deleted.
18:09:26 -- TOP 8 0
18:09:26 -- +OK headers follow.
18:09:26 -- Complete.
18:09:26 -- RETR 8
18:09:26 -- +OK 1455 octets follow.
18:09:26 -- Complete.
18:09:26 -- DELE 8
18:09:26 -- +OK Deleted.
18:09:26 -- TOP 9 0
18:09:26 -- +OK headers follow.
18:09:26 -- Complete.
18:09:26 -- RETR 9
18:09:26 -- +OK 1455 octets follow.
18:09:27 -- Complete.
18:09:27 -- DELE 9
18:09:27 -- +OK Deleted.
18:09:27 -- TOP 10 0
18:09:27 -- +OK headers follow.
18:09:27 -- Complete.
18:09:27 -- RETR 10
18:09:27 -- +OK 1455 octets follow.
18:09:27 -- Complete.
18:09:27 -- DELE 10
18:09:27 -- +OK Deleted.
18:09:27 -- TOP 11 0
18:09:27 -- +OK headers follow.
18:09:27 -- Complete.
18:09:27 -- RETR 11
18:09:27 -- +OK 1455 octets follow.
18:09:27 -- Complete.
18:09:27 -- DELE 11
18:09:27 -- +OK Deleted.
18:09:27 -- TOP 12 0
18:09:27 -- +OK headers follow.
18:09:27 -- Complete.
18:09:27 -- RETR 12
18:09:27 -- +OK 1455 octets follow.
18:09:27 -- Complete.
18:09:27 -- DELE 12
18:09:27 -- +OK Deleted.
18:09:27 -- TOP 13 0
18:09:27 -- +OK headers follow.
18:09:27 -- Complete.
18:09:27 -- RETR 13
18:09:27 -- +OK 1455 octets follow.
18:09:27 -- Complete.
18:09:27 -- DELE 13
18:09:28 -- +OK Deleted.
18:09:28 -- QUIT
18:09:28 -- +OK Bye-bye.
18:09:28 -- Connection Closed. 
/------------------------------------------------------------------- 
/--- Log File: pop3.class.log 
/--- Log Close: Friday, 07 Nov 2008 @ 18:09:28 
/------------------------------------------------------------------- 

/------------------------------------------------------------------- 
/--- Log File: pop3.class.log 
/--- Log Open: Friday, 07 Nov 2008 @ 18:10:29 
/------------------------------------------------------------------- 
18:10:29 -- Connecting to "mail.daunbiru.com:110" !!!
18:10:29 -- +OK Hello there.
18:10:29 -- STATUS: AUTHORIZATION
18:10:29 -- USER robot@daunbiru.com
18:10:29 -- +OK Password required.
18:10:29 -- PASS 87b7cb79481f317bde90c116cf36084b
18:10:29 -- +OK logged in.
18:10:29 -- STATUS: TRANSACTION
18:10:29 -- STAT
18:10:29 -- +OK 1 1455
18:10:29 -- LIST
18:10:30 -- +OK POP3 clients that break here, they violate STD53.
18:10:30 -- 1 1455
18:10:30 -- .
18:10:30 -- UIDL
18:10:30 -- +OK
18:10:30 -- 1 UID993-1225954095
18:10:30 -- .
18:10:30 -- TOP 1 0
18:10:30 -- +OK headers follow.
18:10:30 -- Complete.
18:10:30 -- RETR 1
18:10:30 -- +OK 1455 octets follow.
18:10:30 -- Complete.
18:10:30 -- DELE 1
18:10:30 -- +OK Deleted.
18:10:30 -- QUIT
18:10:30 -- +OK Bye-bye.
18:10:30 -- Connection Closed. 
/------------------------------------------------------------------- 
/--- Log File: pop3.class.log 
/--- Log Close: Friday, 07 Nov 2008 @ 18:10:30 
/------------------------------------------------------------------- 

