
[0](21:53:01)======== MONITA APP STARTING ===========
[1](21:53:01)Load file konfigurasi
[2](21:53:01)Baca konfig
[3](21:53:01)Baca konfig: OK
[4](21:53:03)Mulai logging data
[5](21:53:04)[0]-- TIME:20081026-215304

[6](21:53:05)[1]-- TIME:20081026-215305

[7](21:53:06)[2]-- TIME:20081026-215306

[8](21:53:07)[3]-- TIME:20081026-215307

[9](21:53:07)192.168.1.31: Timeout
[10](21:53:08)[0]-- TIME:20081026-215308

[11](21:53:09)[1]-- TIME:20081026-215309

[12](21:53:10)[2]-- TIME:20081026-215310

[13](21:53:11)[3]-- TIME:20081026-215311

[14](21:53:11)192.168.1.31: Timeout
[15](21:53:12)[0]-- TIME:20081026-215312

[16](21:53:13)[1]-- TIME:20081026-215313

[17](21:53:14)[2]-- TIME:20081026-215314

[18](21:53:15)[3]-- TIME:20081026-215315

[19](21:53:15)192.168.1.31: Timeout
[20](21:53:16)[0]-- TIME:20081026-215316

[21](21:53:17)[1]-- TIME:20081026-215317

[22](21:53:17)======== MONITA APP CLOSING =========
[23](21:53:17)============ BYE BYE ===============