
[0](21:48:32)======== MONITA APP STARTING ===========
[1](21:48:32)Load file konfigurasi
[2](21:48:32)Baca konfig
[3](21:48:32)Baca konfig: OK
[4](21:48:39)Mulai logging data
[5](21:48:40)[0]-- TIME:20081026-214840

[6](21:48:41)[1]-- TIME:20081026-214841

[7](21:48:42)[2]-- TIME:20081026-214842

[8](21:48:43)[3]-- TIME:20081026-214843

[9](21:48:43)192.168.1.31: Timeout
[10](21:48:44)[0]-- TIME:20081026-214844

[11](21:48:45)[1]-- TIME:20081026-214845

[12](21:48:46)[2]-- TIME:20081026-214846

[13](21:48:47)[3]-- TIME:20081026-214847

[14](21:48:47)192.168.1.31: Timeout
[15](21:48:48)[0]-- TIME:20081026-214848

[16](21:48:49)[1]-- TIME:20081026-214849

[17](21:48:50)[2]-- TIME:20081026-214850

[18](21:48:51)[3]-- TIME:20081026-214851

[19](21:48:51)192.168.1.31: Timeout
[20](21:48:52)[0]-- TIME:20081026-214852

[21](21:48:53)[1]-- TIME:20081026-214853

[22](21:48:53)Stop logging data
[23](21:48:54)[2]-- TIME:20081026-214854

[24](21:48:56)======== MONITA APP CLOSING =========
[25](21:48:56)============ BYE BYE ===============