
[0]()tes
[0](11:51:27)tes
[0](11:54:08)tes
[0](12:07:47)tes
[1](12:07:47)Load file konfigurasi
[0](12:17:45)tes
[1](12:17:45)Load file konfigurasi
[2](12:17:45)Baca konfig
[3](12:17:45)Baca konfig: OK
[0](12:21:02)======== MONITA APP STARTING ===========
[1](12:21:02)Load file konfigurasi
[2](12:21:02)Baca konfig
[3](12:21:02)Baca konfig: OK
[4](12:22:35)Mulai logging data
[5](12:22:36)Stop logging data
[0](12:49:15)======== MONITA APP STARTING ===========
[1](12:49:15)Load file konfigurasi
[2](12:49:15)Baca konfig
[3](12:49:15)Baca konfig: OK
[4](12:49:18)Mulai logging data
[5](12:49:20)[0]-- TIME:20080918-124920

[6](12:49:21)Stop logging data
[7](12:49:21)[2]-- TIME:20080918-124921

[0](13:39:17)======== MONITA APP STARTING ===========
[1](13:39:17)Load file konfigurasi
[2](13:39:17)Baca konfig
[3](13:39:17)Baca konfig: OK
[4](13:39:21)======== MONITA APP CLOSING =========
[5](13:39:21)============ BYE BYE ===============
[0](14:40:10)======== MONITA APP STARTING ===========
[1](14:40:10)Load file konfigurasi
[2](14:40:10)Baca konfig
[3](14:40:10)Baca konfig: OK
[0](15:05:52)======== MONITA APP STARTING ===========
[1](15:05:52)Load file konfigurasi
[2](15:05:52)Baca konfig
[3](15:05:52)Baca konfig: OK