
[0](11:21:21)======== MONITA APP STARTING ===========
[1](11:21:21)Load file konfigurasi
[2](11:21:21)Baca konfig
[3](11:21:21)Baca konfig: OK
[4](11:21:22)Mulai logging data
[5](11:21:23)[0]-- TIME:20081026-112123

[6](11:21:24)[1]-- TIME:20081026-112124

[7](11:21:25)[2]-- TIME:20081026-112125

[8](11:21:26)[3]-- TIME:20081026-112126

[9](11:21:26)192.168.1.31: Timeout
[10](11:21:26)192.168.1.32: Timeout
[11](11:21:27)[0]-- TIME:20081026-112127

[12](11:21:28)[1]-- TIME:20081026-112128

[13](11:21:29)[2]-- TIME:20081026-112129

[14](11:21:30)[3]-- TIME:20081026-112130

[15](11:21:30)192.168.1.31: Timeout
[16](11:21:30)192.168.1.32: Timeout
[17](11:21:31)[0]-- TIME:20081026-112131

[18](11:21:32)Stop logging data
[19](11:21:32)[2]-- TIME:20081026-112132

[20](11:21:34)======== MONITA APP CLOSING =========
[21](11:21:34)============ BYE BYE ===============