
[0](10:01:37)======== MONITA APP STARTING ===========
[1](10:01:37)Load file konfigurasi
[2](10:01:37)Baca konfig
[3](10:01:37)Baca konfig: OK
[4](10:01:38)Mulai logging data
[5](10:01:39)[0]-- TIME:20081028-100139

[6](10:01:40)[1]-- TIME:20081028-100140

[7](10:01:41)[2]-- TIME:20081028-100141

[8](10:01:42)[3]-- TIME:20081028-100142

[9](10:01:42)192.168.1.110: Timeout
[10](10:01:42)192.168.1.110: Timeout
[11](10:01:42)ALARM: Data Titik 127 (kWh) diluar jangkauan ukur
[12](10:01:42)ALARM: Data Titik 113 (kWh) diluar jangkauan ukur
[13](10:01:42)ALARM: Data Titik 116 (Voltage) diluar jangkauan ukur
[14](10:01:42)ALARM: Data Titik 101 (kwh) diluar jangkauan ukur
[15](10:01:42)ALARM: Data Titik 108 (Flowmeter) diluar jangkauan ukur
[16](10:01:42)192.168.1.39: Timeout
[17](10:01:42)192.168.1.29: Timeout
[18](10:01:42)192.168.1.32: Timeout
[19](10:01:43)[0]-- TIME:20081028-100143

[20](10:01:44)[1]-- TIME:20081028-100144

[21](10:01:44)Stop logging data
[22](10:01:45)[2]-- TIME:20081028-100145

[23](10:01:48)======== MONITA APP CLOSING =========
[24](10:01:48)============ BYE BYE ===============