
[0](17:02:45)======== MONITA APP STARTING ===========
[1](17:02:45)Load file konfigurasi
[2](17:02:45)Baca konfig
[3](17:02:45)Baca konfig: OK
[4](17:02:46)Mulai logging data
[5](17:02:48)[0]-- TIME:20081028-170248

[6](17:02:49)[1]-- TIME:20081028-170249

[7](17:02:50)[2]-- TIME:20081028-170250

[8](17:02:51)[3]-- TIME:20081028-170251

[9](17:02:51)192.168.1.110: Timeout
[10](17:02:51)192.168.1.110: Timeout
[11](17:02:51)ALARM: Data Titik 127 (kWh) diluar jangkauan ukur
[12](17:02:51)ALARM: Data Titik 113 (kWh) diluar jangkauan ukur
[13](17:02:51)ALARM: Data Titik 116 (Voltage) diluar jangkauan ukur
[14](17:02:51)ALARM: Data Titik 101 (kwh) diluar jangkauan ukur
[15](17:02:51)ALARM: Data Titik 108 (Flowmeter) diluar jangkauan ukur
[16](17:02:51)192.168.1.29: Timeout
[17](17:02:51)192.168.1.32: Timeout
[18](17:02:52)[0]-- TIME:20081028-170252

[19](17:02:53)[1]-- TIME:20081028-170253

[20](17:02:54)[2]-- TIME:20081028-170254

[21](17:02:55)[3]-- TIME:20081028-170255

[22](17:02:55)ALARM: Data Titik 153 (kWh) diluar jangkauan ukur
[23](17:02:55)ALARM: Data Titik 140 (KwH) diluar jangkauan ukur
[24](17:02:55)ALARM: Data Titik 127 (kWh) diluar jangkauan ukur
[25](17:02:55)ALARM: Data Titik 113 (kWh) diluar jangkauan ukur
[26](17:02:55)ALARM: Data Titik 116 (Voltage) diluar jangkauan ukur
[27](17:02:55)ALARM: Data Titik 101 (kwh) diluar jangkauan ukur
[28](17:02:55)ALARM: Data Titik 108 (Flowmeter) diluar jangkauan ukur
[29](17:02:55)192.168.1.29: Timeout
[30](17:02:55)192.168.1.32: Timeout
[31](17:02:56)[0]-- TIME:20081028-170256

[32](17:02:57)[1]-- TIME:20081028-170257

[33](17:02:58)[2]-- TIME:20081028-170258

[34](17:02:59)[3]-- TIME:20081028-170259

[35](17:02:59)ALARM: Data Titik 153 (kWh) diluar jangkauan ukur
[36](17:02:59)ALARM: Data Titik 140 (KwH) diluar jangkauan ukur
[37](17:02:59)ALARM: Data Titik 127 (kWh) diluar jangkauan ukur
[38](17:02:59)ALARM: Data Titik 113 (kWh) diluar jangkauan ukur
[39](17:02:59)ALARM: Data Titik 116 (Voltage) diluar jangkauan ukur
[40](17:02:59)ALARM: Data Titik 101 (kwh) diluar jangkauan ukur
[41](17:02:59)ALARM: Data Titik 108 (Flowmeter) diluar jangkauan ukur
[42](17:02:59)192.168.1.29: Timeout
[43](17:02:59)192.168.1.32: Timeout
[44](17:03:00)[0]-- TIME:20081028-170300

[45](17:03:00)Stop logging data
[46](17:03:01)[2]-- TIME:20081028-170301

[47](17:27:06)======== MONITA APP CLOSING =========
[48](17:27:06)============ BYE BYE ===============