
[0](10:01:43)======== MONITA APP STARTING ===========
[1](10:01:43)Load file konfigurasi
[2](10:01:43)Baca konfig
[3](10:01:43)Baca konfig: OK
[4](10:01:44)Mulai logging data
[5](10:01:45)[0]-- TIME:20081026-100145

[6](10:01:46)[1]-- TIME:20081026-100146

[7](10:01:47)[2]-- TIME:20081026-100147

[8](10:01:48)[3]-- TIME:20081026-100148

[9](10:01:48)192.168.1.31: Timeout
[10](10:01:48)192.168.1.32: Timeout
[11](10:01:49)[0]-- TIME:20081026-100149

[12](10:01:50)[1]-- TIME:20081026-100150

[13](10:01:51)[2]-- TIME:20081026-100151

[14](10:01:52)[3]-- TIME:20081026-100152

[15](10:01:52)192.168.1.31: Timeout
[16](10:01:52)192.168.1.32: Timeout
[17](10:01:53)[0]-- TIME:20081026-100153

[18](10:01:54)[1]-- TIME:20081026-100154

[19](10:01:55)[2]-- TIME:20081026-100155

[20](10:01:56)[3]-- TIME:20081026-100156

[21](10:01:56)192.168.1.31: Timeout
[22](10:01:56)192.168.1.32: Timeout
[23](10:01:57)[0]-- TIME:20081026-100157

[24](10:01:58)[1]-- TIME:20081026-100158

[25](10:01:59)[2]-- TIME:20081026-100159

[26](10:02:00)[3]-- TIME:20081026-100200

[27](10:02:00)192.168.1.31: Timeout
[28](10:02:00)192.168.1.32: Timeout
[29](10:02:01)[0]-- TIME:20081026-100201

[30](10:02:02)[1]-- TIME:20081026-100202

[31](10:02:03)[2]-- TIME:20081026-100203

[32](10:02:04)[3]-- TIME:20081026-100204

[33](10:02:04)192.168.1.31: Timeout
[34](10:02:04)192.168.1.32: Timeout
[35](10:02:05)[0]-- TIME:20081026-100205

[36](10:02:06)[1]-- TIME:20081026-100206

[37](10:02:07)[2]-- TIME:20081026-100207

[38](10:02:08)[3]-- TIME:20081026-100208

[39](10:02:08)192.168.1.31: Timeout
[40](10:02:08)192.168.1.32: Timeout
[41](10:02:09)[0]-- TIME:20081026-100209

[42](10:02:10)[1]-- TIME:20081026-100210

[43](10:02:11)[2]-- TIME:20081026-100211

[44](10:02:12)[3]-- TIME:20081026-100212

[45](10:02:12)192.168.1.31: Timeout
[46](10:02:12)192.168.1.32: Timeout
[47](10:02:13)[0]-- TIME:20081026-100213

[48](10:02:14)[1]-- TIME:20081026-100214

[49](10:02:15)[2]-- TIME:20081026-100215

[50](10:02:16)[3]-- TIME:20081026-100216

[51](10:02:16)192.168.1.31: Timeout
[52](10:02:16)192.168.1.32: Timeout
[53](10:02:17)[0]-- TIME:20081026-100217

[54](10:02:18)[1]-- TIME:20081026-100218

[55](10:02:19)[2]-- TIME:20081026-100219

[56](10:02:20)[3]-- TIME:20081026-100220

[57](10:02:20)192.168.1.31: Timeout
[58](10:02:20)192.168.1.32: Timeout
[59](10:02:21)[0]-- TIME:20081026-100221

[60](10:02:22)[1]-- TIME:20081026-100222

[61](10:02:23)[2]-- TIME:20081026-100223

[62](10:02:24)[3]-- TIME:20081026-100224

[63](10:02:24)192.168.1.31: Timeout
[64](10:02:24)192.168.1.32: Timeout
[65](10:02:25)[0]-- TIME:20081026-100225

[66](10:02:26)[1]-- TIME:20081026-100226

[67](10:02:27)[2]-- TIME:20081026-100227

[68](10:02:28)[3]-- TIME:20081026-100228

[69](10:02:28)192.168.1.31: Timeout
[70](10:02:28)192.168.1.32: Timeout
[71](10:02:29)[0]-- TIME:20081026-100229

[72](10:02:30)[1]-- TIME:20081026-100230

[73](10:02:31)[2]-- TIME:20081026-100231

[74](10:02:32)[3]-- TIME:20081026-100232

[75](10:02:32)192.168.1.31: Timeout
[76](10:02:32)192.168.1.32: Timeout
[77](10:02:33)[0]-- TIME:20081026-100233

[78](10:02:34)[1]-- TIME:20081026-100234

[79](10:02:35)[2]-- TIME:20081026-100235

[80](10:02:36)[3]-- TIME:20081026-100236

[81](10:02:37)192.168.1.31: Timeout
[82](10:02:37)192.168.1.32: Timeout
[83](10:02:37)[0]-- TIME:20081026-100237

[84](10:02:38)[1]-- TIME:20081026-100238

[85](10:02:39)[2]-- TIME:20081026-100239

[86](10:02:40)[3]-- TIME:20081026-100240

[87](10:02:40)192.168.1.31: Timeout
[88](10:02:40)192.168.1.32: Timeout
[89](10:02:41)[0]-- TIME:20081026-100241

[90](10:02:42)[1]-- TIME:20081026-100242

[91](10:02:43)[2]-- TIME:20081026-100243

[92](10:02:44)[3]-- TIME:20081026-100244

[93](10:02:44)192.168.1.31: Timeout
[94](10:02:44)192.168.1.32: Timeout
[95](10:02:45)[0]-- TIME:20081026-100245

[96](10:02:46)[1]-- TIME:20081026-100246

[97](10:02:47)[2]-- TIME:20081026-100247

[98](10:02:48)[3]-- TIME:20081026-100248

[99](10:02:48)192.168.1.31: Timeout
[100](10:02:48)192.168.1.32: Timeout
[101](10:02:49)[0]-- TIME:20081026-100249

[102](10:02:50)[1]-- TIME:20081026-100250

[103](10:02:51)[2]-- TIME:20081026-100251

[104](10:02:52)[3]-- TIME:20081026-100252

[105](10:02:52)192.168.1.31: Timeout
[106](10:02:52)192.168.1.32: Timeout
[107](10:02:53)[0]-- TIME:20081026-100253

[108](10:02:54)[1]-- TIME:20081026-100254

[109](10:02:55)[2]-- TIME:20081026-100255

[110](10:02:56)[3]-- TIME:20081026-100256

[111](10:02:56)192.168.1.31: Timeout
[112](10:02:56)192.168.1.32: Timeout
[113](10:02:57)[0]-- TIME:20081026-100257

[114](10:02:58)[1]-- TIME:20081026-100258

[115](10:02:59)[2]-- TIME:20081026-100259

[116](10:03:00)[3]-- TIME:20081026-100300

[117](10:03:00)192.168.1.31: Timeout
[118](10:03:00)192.168.1.32: Timeout
[119](10:03:01)[0]-- TIME:20081026-100301

[120](10:03:02)[1]-- TIME:20081026-100302

[121](10:03:03)[2]-- TIME:20081026-100303

[122](10:03:04)[3]-- TIME:20081026-100304

[123](10:03:04)192.168.1.31: Timeout
[124](10:03:04)192.168.1.32: Timeout
[125](10:03:05)[0]-- TIME:20081026-100305

[126](10:03:06)[1]-- TIME:20081026-100306

[127](10:03:07)[2]-- TIME:20081026-100307

[128](10:03:08)[3]-- TIME:20081026-100308

[129](10:03:08)192.168.1.31: Timeout
[130](10:03:08)192.168.1.32: Timeout
[131](10:03:09)[0]-- TIME:20081026-100309

[132](10:03:10)[1]-- TIME:20081026-100310

[133](10:03:11)[2]-- TIME:20081026-100311

[134](10:03:12)[3]-- TIME:20081026-100312

[135](10:03:12)192.168.1.31: Timeout
[136](10:03:12)192.168.1.32: Timeout
[137](10:03:13)[0]-- TIME:20081026-100313

[138](10:03:14)[1]-- TIME:20081026-100314

[139](10:03:15)[2]-- TIME:20081026-100315

[140](10:03:16)[3]-- TIME:20081026-100316

[141](10:03:16)192.168.1.31: Timeout
[142](10:03:16)192.168.1.32: Timeout
[143](10:03:17)[0]-- TIME:20081026-100317

[144](10:03:18)[1]-- TIME:20081026-100318

[145](10:03:19)[2]-- TIME:20081026-100319

[146](10:03:20)[3]-- TIME:20081026-100320

[147](10:03:20)192.168.1.31: Timeout
[148](10:03:20)192.168.1.32: Timeout
[149](10:03:21)[0]-- TIME:20081026-100321

[150](10:03:22)[1]-- TIME:20081026-100322

[151](10:03:23)[2]-- TIME:20081026-100323

[152](10:03:24)[3]-- TIME:20081026-100324

[153](10:03:24)192.168.1.31: Timeout
[154](10:03:24)192.168.1.32: Timeout
[155](10:03:25)[0]-- TIME:20081026-100325

[156](10:03:26)[1]-- TIME:20081026-100326

[157](10:03:27)[2]-- TIME:20081026-100327

[158](10:03:28)[3]-- TIME:20081026-100328

[159](10:03:28)192.168.1.31: Timeout
[160](10:03:28)192.168.1.32: Timeout
[161](10:03:29)[0]-- TIME:20081026-100329

[162](10:03:30)[1]-- TIME:20081026-100330

[163](10:03:31)[2]-- TIME:20081026-100331

[164](10:03:32)[3]-- TIME:20081026-100332

[165](10:03:32)192.168.1.31: Timeout
[166](10:03:32)192.168.1.32: Timeout
[167](10:03:33)[0]-- TIME:20081026-100333

[168](10:03:34)[1]-- TIME:20081026-100334

[169](10:03:35)[2]-- TIME:20081026-100335

[170](10:03:36)[3]-- TIME:20081026-100336

[171](10:03:36)192.168.1.31: Timeout
[172](10:03:36)192.168.1.32: Timeout
[173](10:03:37)[0]-- TIME:20081026-100337

[174](10:03:38)[1]-- TIME:20081026-100338

[175](10:03:39)[2]-- TIME:20081026-100339

[176](10:03:40)[3]-- TIME:20081026-100340

[177](10:03:40)192.168.1.31: Timeout
[178](10:03:40)192.168.1.32: Timeout
[179](10:03:41)[0]-- TIME:20081026-100341

[180](10:03:42)[1]-- TIME:20081026-100342

[181](10:03:43)[2]-- TIME:20081026-100343

[182](10:03:44)[3]-- TIME:20081026-100344

[183](10:03:44)192.168.1.31: Timeout
[184](10:03:44)192.168.1.32: Timeout
[185](10:03:45)[0]-- TIME:20081026-100345

[186](10:03:46)[1]-- TIME:20081026-100346

[187](10:03:47)[2]-- TIME:20081026-100347

[188](10:03:48)[3]-- TIME:20081026-100348

[189](10:03:48)192.168.1.31: Timeout
[190](10:03:48)192.168.1.32: Timeout
[191](10:03:49)[0]-- TIME:20081026-100349

[192](10:03:50)[1]-- TIME:20081026-100350

[193](10:03:51)[2]-- TIME:20081026-100351

[194](10:03:52)[3]-- TIME:20081026-100352

[195](10:03:52)192.168.1.31: Timeout
[196](10:03:52)192.168.1.32: Timeout
[197](10:03:53)[0]-- TIME:20081026-100353

[198](10:03:54)[1]-- TIME:20081026-100354

[199](10:03:55)[2]-- TIME:20081026-100355

[200](10:03:56)[3]-- TIME:20081026-100356

[201](10:03:56)192.168.1.31: Timeout
[202](10:03:56)192.168.1.32: Timeout
[203](10:03:57)[0]-- TIME:20081026-100357

[204](10:03:58)[1]-- TIME:20081026-100358

[205](10:03:59)[2]-- TIME:20081026-100359

[206](10:04:00)[3]-- TIME:20081026-100400

[207](10:04:00)192.168.1.31: Timeout
[208](10:04:00)192.168.1.32: Timeout
[209](10:04:01)[0]-- TIME:20081026-100401

[210](10:04:02)[1]-- TIME:20081026-100402

[211](10:04:03)[2]-- TIME:20081026-100403

[212](10:04:04)[3]-- TIME:20081026-100404

[213](10:04:04)192.168.1.31: Timeout
[214](10:04:04)192.168.1.32: Timeout
[215](10:04:05)[0]-- TIME:20081026-100405

[216](10:04:06)[1]-- TIME:20081026-100406

[217](10:04:07)[2]-- TIME:20081026-100407

[218](10:04:08)[3]-- TIME:20081026-100408

[219](10:04:08)192.168.1.31: Timeout
[220](10:04:08)192.168.1.32: Timeout
[221](10:04:09)[0]-- TIME:20081026-100409

[222](10:04:10)[1]-- TIME:20081026-100410

[223](10:04:11)[2]-- TIME:20081026-100411

[224](10:04:12)[3]-- TIME:20081026-100412

[225](10:04:12)192.168.1.31: Timeout
[226](10:04:12)192.168.1.32: Timeout
[227](10:04:13)[0]-- TIME:20081026-100413

[228](10:04:14)[1]-- TIME:20081026-100414

[229](10:04:15)[2]-- TIME:20081026-100415

[230](10:04:16)[3]-- TIME:20081026-100416

[231](10:04:16)192.168.1.31: Timeout
[232](10:04:16)192.168.1.32: Timeout
[233](10:04:17)[0]-- TIME:20081026-100417

[234](10:04:18)[1]-- TIME:20081026-100418

[235](10:04:19)[2]-- TIME:20081026-100419

[236](10:04:20)[3]-- TIME:20081026-100420

[237](10:04:20)192.168.1.31: Timeout
[238](10:04:20)192.168.1.32: Timeout
[239](10:04:21)[0]-- TIME:20081026-100421

[240](10:04:22)[1]-- TIME:20081026-100422

[241](10:04:23)[2]-- TIME:20081026-100423

[242](10:04:24)[3]-- TIME:20081026-100424

[243](10:04:24)192.168.1.31: Timeout
[244](10:04:24)192.168.1.32: Timeout
[245](10:04:25)[0]-- TIME:20081026-100425

[246](10:04:26)[1]-- TIME:20081026-100426

[247](10:04:27)[2]-- TIME:20081026-100427

[248](10:04:28)[3]-- TIME:20081026-100428

[249](10:04:28)192.168.1.31: Timeout
[250](10:04:28)192.168.1.32: Timeout
[251](10:04:29)[0]-- TIME:20081026-100429

[252](10:04:30)[1]-- TIME:20081026-100430

[253](10:04:31)[2]-- TIME:20081026-100431

[254](10:04:32)[3]-- TIME:20081026-100432

[255](10:04:32)192.168.1.31: Timeout
[256](10:04:32)192.168.1.32: Timeout
[257](10:04:33)[0]-- TIME:20081026-100433

[258](10:04:34)[1]-- TIME:20081026-100434

[259](10:04:35)[2]-- TIME:20081026-100435

[260](10:04:36)[3]-- TIME:20081026-100436

[261](10:04:36)192.168.1.31: Timeout
[262](10:04:36)192.168.1.32: Timeout
[263](10:04:37)[0]-- TIME:20081026-100437

[264](10:04:38)[1]-- TIME:20081026-100438

[265](10:04:39)[2]-- TIME:20081026-100439

[266](10:04:40)[3]-- TIME:20081026-100440

[267](10:04:40)192.168.1.31: Timeout
[268](10:04:40)192.168.1.32: Timeout
[269](10:04:41)[0]-- TIME:20081026-100441

[270](10:04:42)[1]-- TIME:20081026-100442

[271](10:04:43)[2]-- TIME:20081026-100443

[272](10:04:44)[3]-- TIME:20081026-100444

[273](10:04:44)192.168.1.31: Timeout
[274](10:04:44)192.168.1.32: Timeout
[275](10:04:45)[0]-- TIME:20081026-100445

[276](10:04:46)[1]-- TIME:20081026-100446

[277](10:04:47)[2]-- TIME:20081026-100447

[278](10:04:48)[3]-- TIME:20081026-100448

[279](10:04:48)192.168.1.31: Timeout
[280](10:04:48)192.168.1.32: Timeout
[281](10:04:49)[0]-- TIME:20081026-100449

[282](10:04:50)[1]-- TIME:20081026-100450

[283](10:04:51)[2]-- TIME:20081026-100451

[284](10:04:52)[3]-- TIME:20081026-100452

[285](10:04:52)192.168.1.31: Timeout
[286](10:04:52)192.168.1.32: Timeout
[287](10:04:53)[0]-- TIME:20081026-100453

[288](10:04:54)[1]-- TIME:20081026-100454

[289](10:04:55)[2]-- TIME:20081026-100455

[290](10:04:56)[3]-- TIME:20081026-100456

[291](10:04:57)192.168.1.31: Timeout
[292](10:04:57)192.168.1.32: Timeout
[293](10:04:57)[0]-- TIME:20081026-100457

[294](10:04:58)[1]-- TIME:20081026-100458

[295](10:04:59)[2]-- TIME:20081026-100459

[296](10:05:00)[3]-- TIME:20081026-100500

[297](10:05:00)192.168.1.31: Timeout
[298](10:05:00)192.168.1.32: Timeout
[299](10:05:01)[0]-- TIME:20081026-100501

[300](10:05:02)[1]-- TIME:20081026-100502

[301](10:05:03)[2]-- TIME:20081026-100503

[302](10:05:04)[3]-- TIME:20081026-100504

[303](10:05:04)192.168.1.31: Timeout
[304](10:05:04)192.168.1.32: Timeout
[305](10:05:05)[0]-- TIME:20081026-100505

[306](10:05:06)[1]-- TIME:20081026-100506

[307](10:05:07)[2]-- TIME:20081026-100507

[308](10:05:08)[3]-- TIME:20081026-100508

[309](10:05:08)192.168.1.31: Timeout
[310](10:05:08)192.168.1.32: Timeout
[311](10:05:09)[0]-- TIME:20081026-100509

[312](10:05:10)[1]-- TIME:20081026-100510

[313](10:05:11)[2]-- TIME:20081026-100511

[314](10:05:12)[3]-- TIME:20081026-100512

[315](10:05:12)192.168.1.31: Timeout
[316](10:05:12)192.168.1.32: Timeout
[317](10:05:13)[0]-- TIME:20081026-100513

[318](10:05:14)[1]-- TIME:20081026-100514

[319](10:05:15)[2]-- TIME:20081026-100515

[320](10:05:16)[3]-- TIME:20081026-100516

[321](10:05:16)192.168.1.31: Timeout
[322](10:05:16)192.168.1.32: Timeout
[323](10:05:17)[0]-- TIME:20081026-100517

[324](10:05:18)[1]-- TIME:20081026-100518

[325](10:05:19)[2]-- TIME:20081026-100519

[326](10:05:20)[3]-- TIME:20081026-100520

[327](10:05:20)192.168.1.31: Timeout
[328](10:05:20)192.168.1.32: Timeout
[329](10:05:21)[0]-- TIME:20081026-100521

[330](10:05:22)[1]-- TIME:20081026-100522

[331](10:05:23)[2]-- TIME:20081026-100523

[332](10:05:24)[3]-- TIME:20081026-100524

[333](10:05:24)192.168.1.31: Timeout
[334](10:05:24)192.168.1.32: Timeout
[335](10:05:25)[0]-- TIME:20081026-100525

[336](10:05:26)[1]-- TIME:20081026-100526

[337](10:05:27)[2]-- TIME:20081026-100527

[338](10:05:28)[3]-- TIME:20081026-100528

[339](10:05:28)192.168.1.31: Timeout
[340](10:05:28)192.168.1.32: Timeout
[341](10:05:29)[0]-- TIME:20081026-100529

[342](10:05:30)[1]-- TIME:20081026-100530

[343](10:05:31)[2]-- TIME:20081026-100531

[344](10:05:32)[3]-- TIME:20081026-100532

[345](10:05:32)192.168.1.31: Timeout
[346](10:05:32)192.168.1.32: Timeout
[347](10:05:33)[0]-- TIME:20081026-100533

[348](10:05:34)[1]-- TIME:20081026-100534

[349](10:05:35)[2]-- TIME:20081026-100535

[350](10:05:36)[3]-- TIME:20081026-100536

[351](10:05:36)192.168.1.31: Timeout
[352](10:05:36)192.168.1.32: Timeout
[353](10:05:37)[0]-- TIME:20081026-100537

[354](10:05:38)[1]-- TIME:20081026-100538

[355](10:05:39)[2]-- TIME:20081026-100539

[356](10:05:40)[3]-- TIME:20081026-100540

[357](10:05:40)192.168.1.31: Timeout
[358](10:05:40)192.168.1.32: Timeout
[359](10:05:41)[0]-- TIME:20081026-100541

[360](10:05:42)[1]-- TIME:20081026-100542

[361](10:05:43)[2]-- TIME:20081026-100543

[362](10:05:44)[3]-- TIME:20081026-100544

[363](10:05:45)192.168.1.31: Timeout
[364](10:05:45)192.168.1.32: Timeout
[365](10:05:45)[0]-- TIME:20081026-100545

[366](10:05:46)[1]-- TIME:20081026-100546

[367](10:05:47)[2]-- TIME:20081026-100547

[368](10:05:48)[3]-- TIME:20081026-100548

[369](10:05:48)192.168.1.31: Timeout
[370](10:05:48)192.168.1.32: Timeout
[371](10:05:49)[0]-- TIME:20081026-100549

[372](10:05:50)[1]-- TIME:20081026-100550

[373](10:05:51)[2]-- TIME:20081026-100551

[374](10:05:52)[3]-- TIME:20081026-100552

[375](10:05:52)192.168.1.31: Timeout
[376](10:05:52)192.168.1.32: Timeout
[377](10:05:53)[0]-- TIME:20081026-100553

[378](10:05:54)[1]-- TIME:20081026-100554

[379](10:05:55)[2]-- TIME:20081026-100555

[380](10:05:56)[3]-- TIME:20081026-100556

[381](10:05:56)192.168.1.31: Timeout
[382](10:05:56)192.168.1.32: Timeout
[383](10:05:57)[0]-- TIME:20081026-100557

[384](10:05:58)[1]-- TIME:20081026-100558

[385](10:05:59)[2]-- TIME:20081026-100559

[386](10:06:00)[3]-- TIME:20081026-100600

[387](10:06:00)192.168.1.31: Timeout
[388](10:06:00)192.168.1.32: Timeout
[389](10:06:01)[0]-- TIME:20081026-100601

[390](10:06:02)[1]-- TIME:20081026-100602

[391](10:06:03)[2]-- TIME:20081026-100603

[392](10:06:04)[3]-- TIME:20081026-100604

[393](10:06:04)192.168.1.31: Timeout
[394](10:06:04)192.168.1.32: Timeout
[395](10:06:05)[0]-- TIME:20081026-100605

[396](10:06:06)[1]-- TIME:20081026-100606

[397](10:06:07)[2]-- TIME:20081026-100607

[398](10:06:08)[3]-- TIME:20081026-100608

[399](10:06:08)192.168.1.31: Timeout
[400](10:06:08)192.168.1.32: Timeout
[401](10:06:09)[0]-- TIME:20081026-100609

[402](10:06:10)[1]-- TIME:20081026-100610

[403](10:06:11)[2]-- TIME:20081026-100611

[404](10:06:12)[3]-- TIME:20081026-100612

[405](10:06:12)192.168.1.31: Timeout
[406](10:06:12)192.168.1.32: Timeout
[407](10:06:13)[0]-- TIME:20081026-100613

[408](10:06:14)[1]-- TIME:20081026-100614

[409](10:06:15)[2]-- TIME:20081026-100615

[410](10:06:16)[3]-- TIME:20081026-100616

[411](10:06:17)192.168.1.31: Timeout
[412](10:06:17)192.168.1.32: Timeout
[413](10:06:17)[0]-- TIME:20081026-100617

[414](10:06:18)[1]-- TIME:20081026-100618

[415](10:06:19)[2]-- TIME:20081026-100619

[416](10:06:20)[3]-- TIME:20081026-100620

[417](10:06:20)192.168.1.31: Timeout
[418](10:06:21)192.168.1.32: Timeout
[419](10:06:21)[0]-- TIME:20081026-100621

[420](10:06:22)[1]-- TIME:20081026-100622

[421](10:06:23)[2]-- TIME:20081026-100623

[422](10:06:24)[3]-- TIME:20081026-100624

[423](10:06:24)192.168.1.31: Timeout
[424](10:06:24)192.168.1.32: Timeout
[425](10:06:25)[0]-- TIME:20081026-100625

[426](10:06:26)[1]-- TIME:20081026-100626

[427](10:06:27)[2]-- TIME:20081026-100627

[428](10:06:28)[3]-- TIME:20081026-100628

[429](10:06:28)192.168.1.31: Timeout
[430](10:06:28)192.168.1.32: Timeout
[431](10:06:29)[0]-- TIME:20081026-100629

[432](10:06:30)[1]-- TIME:20081026-100630

[433](10:06:31)[2]-- TIME:20081026-100631

[434](10:06:32)[3]-- TIME:20081026-100632

[435](10:06:32)192.168.1.31: Timeout
[436](10:06:32)192.168.1.32: Timeout
[437](10:06:33)[0]-- TIME:20081026-100633

[438](10:06:34)[1]-- TIME:20081026-100634

[439](10:06:35)[2]-- TIME:20081026-100635

[440](10:06:36)[3]-- TIME:20081026-100636

[441](10:06:36)192.168.1.31: Timeout
[442](10:06:36)192.168.1.32: Timeout
[443](10:06:37)[0]-- TIME:20081026-100637

[444](10:06:38)[1]-- TIME:20081026-100638

[445](10:06:39)[2]-- TIME:20081026-100639

[446](10:06:40)[3]-- TIME:20081026-100640

[447](10:06:41)192.168.1.31: Timeout
[448](10:06:41)192.168.1.32: Timeout
[449](10:06:41)[0]-- TIME:20081026-100641

[450](10:06:42)[1]-- TIME:20081026-100642

[451](10:06:43)[2]-- TIME:20081026-100643

[452](10:06:44)[3]-- TIME:20081026-100644

[453](10:06:45)192.168.1.31: Timeout
[454](10:06:45)192.168.1.32: Timeout
[455](10:06:45)[0]-- TIME:20081026-100645

[456](10:06:46)[1]-- TIME:20081026-100646

[457](10:06:47)[2]-- TIME:20081026-100647

[458](10:06:48)[3]-- TIME:20081026-100648

[459](10:06:49)192.168.1.31: Timeout
[460](10:06:49)192.168.1.32: Timeout
[461](10:06:49)[0]-- TIME:20081026-100649

[462](10:06:50)[1]-- TIME:20081026-100650

[463](10:06:51)[2]-- TIME:20081026-100651

[464](10:06:52)[3]-- TIME:20081026-100652

[465](10:06:52)192.168.1.31: Timeout
[466](10:06:52)192.168.1.32: Timeout
[467](10:06:53)[0]-- TIME:20081026-100653

[468](10:06:54)[1]-- TIME:20081026-100654

[469](10:06:55)[2]-- TIME:20081026-100655

[470](10:06:56)[3]-- TIME:20081026-100656

[471](10:06:57)192.168.1.31: Timeout
[472](10:06:57)192.168.1.32: Timeout
[473](10:06:58)[0]-- TIME:20081026-100658

[474](10:06:59)[1]-- TIME:20081026-100659

[475](10:07:00)[2]-- TIME:20081026-100700

[476](10:07:01)[3]-- TIME:20081026-100701

[477](10:07:01)192.168.1.31: Timeout
[478](10:07:01)192.168.1.32: Timeout
[479](10:07:02)[0]-- TIME:20081026-100702

[480](10:07:03)[1]-- TIME:20081026-100703

[481](10:07:04)[2]-- TIME:20081026-100704

[482](10:07:05)[3]-- TIME:20081026-100705

[483](10:07:05)192.168.1.31: Timeout
[484](10:07:05)192.168.1.32: Timeout
[485](10:07:06)[0]-- TIME:20081026-100706

[486](10:07:07)[1]-- TIME:20081026-100707

[487](10:07:08)[2]-- TIME:20081026-100708

[488](10:07:09)[3]-- TIME:20081026-100709

[489](10:07:09)192.168.1.31: Timeout
[490](10:07:09)192.168.1.32: Timeout
[491](10:07:10)[0]-- TIME:20081026-100710

[492](10:07:11)[1]-- TIME:20081026-100711

[493](10:07:12)[2]-- TIME:20081026-100712

[494](10:07:13)[3]-- TIME:20081026-100713

[495](10:07:13)192.168.1.31: Timeout
[496](10:07:13)192.168.1.32: Timeout
[497](10:07:14)[0]-- TIME:20081026-100714

[498](10:07:15)[1]-- TIME:20081026-100715

[499](10:07:16)[2]-- TIME:20081026-100716

[500](10:07:17)[3]-- TIME:20081026-100717

[501](10:07:17)192.168.1.31: Timeout
[502](10:07:17)192.168.1.32: Timeout
[503](10:07:18)[0]-- TIME:20081026-100718

[504](10:07:19)[1]-- TIME:20081026-100719

[505](10:07:20)[2]-- TIME:20081026-100720

[506](10:07:21)[3]-- TIME:20081026-100721

[507](10:07:21)192.168.1.31: Timeout
[508](10:07:21)192.168.1.32: Timeout
[509](10:07:22)[0]-- TIME:20081026-100722

[510](10:07:23)[1]-- TIME:20081026-100723

[511](10:07:24)[2]-- TIME:20081026-100724

[512](10:07:25)[3]-- TIME:20081026-100725

[513](10:07:25)192.168.1.31: Timeout
[514](10:07:25)192.168.1.32: Timeout
[515](10:07:26)[0]-- TIME:20081026-100726

[516](10:07:27)[1]-- TIME:20081026-100727

[517](10:07:28)[2]-- TIME:20081026-100728

[518](10:07:29)[3]-- TIME:20081026-100729

[519](10:07:29)192.168.1.31: Timeout
[520](10:07:29)192.168.1.32: Timeout
[521](10:07:30)[0]-- TIME:20081026-100730

[522](10:07:31)[1]-- TIME:20081026-100731

[523](10:07:32)[2]-- TIME:20081026-100732

[524](10:07:33)[3]-- TIME:20081026-100733

[525](10:07:33)192.168.1.31: Timeout
[526](10:07:33)192.168.1.32: Timeout
[527](10:07:34)[0]-- TIME:20081026-100734

[528](10:07:35)[1]-- TIME:20081026-100735

[529](10:07:36)[2]-- TIME:20081026-100736

[530](10:07:37)[3]-- TIME:20081026-100737

[531](10:07:37)192.168.1.31: Timeout
[532](10:07:37)192.168.1.32: Timeout
[533](10:07:38)[0]-- TIME:20081026-100738

[534](10:07:39)[1]-- TIME:20081026-100739

[535](10:07:40)[2]-- TIME:20081026-100740

[536](10:07:41)[3]-- TIME:20081026-100741

[537](10:07:41)192.168.1.31: Timeout
[538](10:07:41)192.168.1.32: Timeout
[539](10:07:42)[0]-- TIME:20081026-100742

[540](10:07:43)[1]-- TIME:20081026-100743

[541](10:07:44)[2]-- TIME:20081026-100744

[542](10:07:45)[3]-- TIME:20081026-100745

[543](10:07:45)192.168.1.31: Timeout
[544](10:07:45)192.168.1.32: Timeout
[545](10:07:46)[0]-- TIME:20081026-100746

[546](10:07:47)[1]-- TIME:20081026-100747

[547](10:07:48)[2]-- TIME:20081026-100748

[548](10:07:49)[3]-- TIME:20081026-100749

[549](10:07:49)192.168.1.31: Timeout
[550](10:07:49)192.168.1.32: Timeout
[551](10:07:50)[0]-- TIME:20081026-100750

[552](10:07:51)[1]-- TIME:20081026-100751

[553](10:07:52)[2]-- TIME:20081026-100752

[554](10:07:53)[3]-- TIME:20081026-100753

[555](10:07:53)192.168.1.31: Timeout
[556](10:07:53)192.168.1.32: Timeout
[557](10:07:54)[0]-- TIME:20081026-100754

[558](10:07:55)[1]-- TIME:20081026-100755

[559](10:07:56)[2]-- TIME:20081026-100756

[560](10:07:57)[3]-- TIME:20081026-100757

[561](10:07:57)192.168.1.31: Timeout
[562](10:07:57)192.168.1.32: Timeout
[563](10:07:58)[0]-- TIME:20081026-100758

[564](10:07:59)[1]-- TIME:20081026-100759

[565](10:08:00)[2]-- TIME:20081026-100800

[566](10:08:01)[3]-- TIME:20081026-100801

[567](10:08:01)192.168.1.31: Timeout
[568](10:08:01)192.168.1.32: Timeout
[569](10:08:02)[0]-- TIME:20081026-100802

[570](10:08:03)[1]-- TIME:20081026-100803

[571](10:08:04)[2]-- TIME:20081026-100804

[572](10:08:05)[3]-- TIME:20081026-100805

[573](10:08:05)192.168.1.31: Timeout
[574](10:08:05)192.168.1.32: Timeout
[575](10:08:06)[0]-- TIME:20081026-100806

[576](10:08:07)[1]-- TIME:20081026-100807

[577](10:08:08)[2]-- TIME:20081026-100808

[578](10:08:09)[3]-- TIME:20081026-100809

[579](10:08:09)192.168.1.31: Timeout
[580](10:08:09)192.168.1.32: Timeout
[581](10:08:10)[0]-- TIME:20081026-100810

[582](10:08:11)[1]-- TIME:20081026-100811

[583](10:08:12)[2]-- TIME:20081026-100812

[584](10:08:13)[3]-- TIME:20081026-100813

[585](10:08:13)192.168.1.31: Timeout
[586](10:08:13)192.168.1.32: Timeout
[587](10:08:14)[0]-- TIME:20081026-100814

[588](10:08:15)[1]-- TIME:20081026-100815

[589](10:08:16)[2]-- TIME:20081026-100816

[590](10:08:17)[3]-- TIME:20081026-100817

[591](10:08:17)192.168.1.31: Timeout
[592](10:08:17)192.168.1.32: Timeout
[593](10:08:18)[0]-- TIME:20081026-100818

[594](10:08:19)[1]-- TIME:20081026-100819

[595](10:08:20)[2]-- TIME:20081026-100820

[596](10:08:21)[3]-- TIME:20081026-100821

[597](10:08:21)192.168.1.31: Timeout
[598](10:08:21)192.168.1.32: Timeout
[599](10:08:22)[0]-- TIME:20081026-100822

[600](10:08:23)[1]-- TIME:20081026-100823

[601](10:08:24)[2]-- TIME:20081026-100824

[602](10:08:25)[3]-- TIME:20081026-100825

[603](10:08:25)192.168.1.31: Timeout
[604](10:08:25)192.168.1.32: Timeout
[605](10:08:26)[0]-- TIME:20081026-100826

[606](10:08:27)[1]-- TIME:20081026-100827

[607](10:08:28)[2]-- TIME:20081026-100828

[608](10:08:29)[3]-- TIME:20081026-100829

[609](10:08:29)192.168.1.31: Timeout
[610](10:08:29)192.168.1.32: Timeout
[611](10:08:30)[0]-- TIME:20081026-100830

[612](10:08:31)[1]-- TIME:20081026-100831

[613](10:08:32)[2]-- TIME:20081026-100832

[614](10:08:33)[3]-- TIME:20081026-100833

[615](10:08:33)192.168.1.31: Timeout
[616](10:08:33)192.168.1.32: Timeout
[617](10:08:34)[0]-- TIME:20081026-100834

[618](10:08:35)[1]-- TIME:20081026-100835

[619](10:08:36)[2]-- TIME:20081026-100836

[620](10:08:37)[3]-- TIME:20081026-100837

[621](10:08:37)192.168.1.31: Timeout
[622](10:08:37)192.168.1.32: Timeout
[623](10:08:38)[0]-- TIME:20081026-100838

[624](10:08:39)[1]-- TIME:20081026-100839

[625](10:08:40)[2]-- TIME:20081026-100840

[626](10:08:41)[3]-- TIME:20081026-100841

[627](10:08:41)192.168.1.31: Timeout
[628](10:08:41)192.168.1.32: Timeout
[629](10:08:42)[0]-- TIME:20081026-100842

[630](10:08:43)[1]-- TIME:20081026-100843

[631](10:08:44)[2]-- TIME:20081026-100844

[632](10:08:45)[3]-- TIME:20081026-100845

[633](10:08:45)192.168.1.31: Timeout
[634](10:08:45)192.168.1.32: Timeout
[635](10:08:46)[0]-- TIME:20081026-100846

[636](10:08:47)[1]-- TIME:20081026-100847

[637](10:08:48)[2]-- TIME:20081026-100848

[638](10:08:49)[3]-- TIME:20081026-100849

[639](10:08:49)192.168.1.31: Timeout
[640](10:08:49)192.168.1.32: Timeout
[641](10:08:50)[0]-- TIME:20081026-100850

[642](10:08:51)[1]-- TIME:20081026-100851

[643](10:08:52)[2]-- TIME:20081026-100852

[644](10:08:53)[3]-- TIME:20081026-100853

[645](10:08:53)192.168.1.31: Timeout
[646](10:08:53)192.168.1.32: Timeout
[647](10:08:54)[0]-- TIME:20081026-100854

[648](10:08:55)[1]-- TIME:20081026-100855

[649](10:08:56)[2]-- TIME:20081026-100856

[650](10:08:57)[3]-- TIME:20081026-100857

[651](10:08:57)192.168.1.31: Timeout
[652](10:08:57)192.168.1.32: Timeout
[653](10:08:58)[0]-- TIME:20081026-100858

[654](10:08:59)[1]-- TIME:20081026-100859

[655](10:09:00)[2]-- TIME:20081026-100900

[656](10:09:01)[3]-- TIME:20081026-100901

[657](10:09:01)192.168.1.31: Timeout
[658](10:09:01)192.168.1.32: Timeout
[659](10:09:02)[0]-- TIME:20081026-100902

[660](10:09:03)[1]-- TIME:20081026-100903

[661](10:09:04)[2]-- TIME:20081026-100904

[662](10:09:05)[3]-- TIME:20081026-100905

[663](10:09:05)192.168.1.31: Timeout
[664](10:09:05)192.168.1.32: Timeout
[665](10:09:06)[0]-- TIME:20081026-100906

[666](10:09:07)[1]-- TIME:20081026-100907

[667](10:09:08)[2]-- TIME:20081026-100908

[668](10:09:09)[3]-- TIME:20081026-100909

[669](10:09:09)192.168.1.31: Timeout
[670](10:09:09)192.168.1.32: Timeout
[671](10:09:10)[0]-- TIME:20081026-100910

[672](10:09:11)[1]-- TIME:20081026-100911

[673](10:09:12)[2]-- TIME:20081026-100912

[674](10:09:13)[3]-- TIME:20081026-100913

[675](10:09:13)192.168.1.31: Timeout
[676](10:09:13)192.168.1.32: Timeout
[677](10:09:14)[0]-- TIME:20081026-100914

[678](10:09:15)[1]-- TIME:20081026-100915

[679](10:09:16)[2]-- TIME:20081026-100916

[680](10:09:17)[3]-- TIME:20081026-100917

[681](10:09:17)192.168.1.31: Timeout
[682](10:09:17)192.168.1.32: Timeout
[683](10:09:18)[0]-- TIME:20081026-100918

[684](10:09:19)[1]-- TIME:20081026-100919

[685](10:09:20)[2]-- TIME:20081026-100920

[686](10:09:21)[3]-- TIME:20081026-100921

[687](10:09:21)192.168.1.31: Timeout
[688](10:09:21)192.168.1.32: Timeout
[689](10:09:22)[0]-- TIME:20081026-100922

[690](10:09:23)[1]-- TIME:20081026-100923

[691](10:09:24)[2]-- TIME:20081026-100924

[692](10:09:25)[3]-- TIME:20081026-100925

[693](10:09:25)192.168.1.31: Timeout
[694](10:09:25)192.168.1.32: Timeout
[695](10:09:26)[0]-- TIME:20081026-100926

[696](10:09:27)[1]-- TIME:20081026-100927

[697](10:09:28)[2]-- TIME:20081026-100928

[698](10:09:29)[3]-- TIME:20081026-100929

[699](10:09:29)192.168.1.31: Timeout
[700](10:09:29)192.168.1.32: Timeout
[701](10:09:30)[0]-- TIME:20081026-100930

[702](10:09:31)[1]-- TIME:20081026-100931

[703](10:09:32)[2]-- TIME:20081026-100932

[704](10:09:33)[3]-- TIME:20081026-100933

[705](10:09:33)192.168.1.31: Timeout
[706](10:09:33)192.168.1.32: Timeout
[707](10:09:34)[0]-- TIME:20081026-100934

[708](10:09:35)[1]-- TIME:20081026-100935

[709](10:09:36)[2]-- TIME:20081026-100936

[710](10:09:37)[3]-- TIME:20081026-100937

[711](10:09:37)192.168.1.31: Timeout
[712](10:09:37)192.168.1.32: Timeout
[713](10:09:38)[0]-- TIME:20081026-100938

[714](10:09:39)[1]-- TIME:20081026-100939

[715](10:09:40)[2]-- TIME:20081026-100940

[716](10:09:41)[3]-- TIME:20081026-100941

[717](10:09:41)192.168.1.31: Timeout
[718](10:09:41)192.168.1.32: Timeout
[719](10:09:42)[0]-- TIME:20081026-100942

[720](10:09:43)[1]-- TIME:20081026-100943

[721](10:09:44)[2]-- TIME:20081026-100944

[722](10:09:45)[3]-- TIME:20081026-100945

[723](10:09:45)192.168.1.31: Timeout
[724](10:09:45)192.168.1.32: Timeout
[725](10:09:46)[0]-- TIME:20081026-100946

[726](10:09:47)[1]-- TIME:20081026-100947

[727](10:09:48)[2]-- TIME:20081026-100948

[728](10:09:49)[3]-- TIME:20081026-100949

[729](10:09:49)192.168.1.31: Timeout
[730](10:09:49)192.168.1.32: Timeout
[731](10:09:50)[0]-- TIME:20081026-100950

[732](10:09:51)[1]-- TIME:20081026-100951

[733](10:09:52)[2]-- TIME:20081026-100952

[734](10:09:53)[3]-- TIME:20081026-100953

[735](10:09:53)192.168.1.31: Timeout
[736](10:09:53)192.168.1.32: Timeout
[737](10:09:54)[0]-- TIME:20081026-100954

[738](10:09:55)[1]-- TIME:20081026-100955

[739](10:09:56)[2]-- TIME:20081026-100956

[740](10:09:57)[3]-- TIME:20081026-100957

[741](10:09:57)192.168.1.31: Timeout
[742](10:09:57)192.168.1.32: Timeout
[743](10:09:58)[0]-- TIME:20081026-100958

[744](10:09:59)[1]-- TIME:20081026-100959

[745](10:10:00)[2]-- TIME:20081026-101000

[746](10:10:01)[3]-- TIME:20081026-101001

[747](10:10:01)192.168.1.31: Timeout
[748](10:10:01)192.168.1.32: Timeout
[749](10:10:02)[0]-- TIME:20081026-101002

[750](10:10:03)[1]-- TIME:20081026-101003

[751](10:10:04)[2]-- TIME:20081026-101004

[752](10:10:05)[3]-- TIME:20081026-101005

[753](10:10:05)192.168.1.31: Timeout
[754](10:10:05)192.168.1.32: Timeout
[755](10:10:06)[0]-- TIME:20081026-101006

[756](10:10:07)[1]-- TIME:20081026-101007

[757](10:10:08)[2]-- TIME:20081026-101008

[758](10:10:09)[3]-- TIME:20081026-101009

[759](10:10:09)192.168.1.31: Timeout
[760](10:10:09)192.168.1.32: Timeout
[761](10:10:10)[0]-- TIME:20081026-101010

[762](10:10:11)[1]-- TIME:20081026-101011

[763](10:10:12)[2]-- TIME:20081026-101012

[764](10:10:13)[3]-- TIME:20081026-101013

[765](10:10:13)192.168.1.31: Timeout
[766](10:10:13)192.168.1.32: Timeout
[767](10:10:14)[0]-- TIME:20081026-101014

[768](10:10:15)[1]-- TIME:20081026-101015

[769](10:10:16)[2]-- TIME:20081026-101016

[770](10:10:17)[3]-- TIME:20081026-101017

[771](10:10:17)192.168.1.31: Timeout
[772](10:10:17)192.168.1.32: Timeout
[773](10:10:18)[0]-- TIME:20081026-101018

[774](10:10:19)[1]-- TIME:20081026-101019

[775](10:10:20)[2]-- TIME:20081026-101020

[776](10:10:21)[3]-- TIME:20081026-101021

[777](10:10:21)192.168.1.31: Timeout
[778](10:10:21)192.168.1.32: Timeout
[779](10:10:22)[0]-- TIME:20081026-101022

[780](10:10:23)[1]-- TIME:20081026-101023

[781](10:10:24)[2]-- TIME:20081026-101024

[782](10:10:25)[3]-- TIME:20081026-101025

[783](10:10:25)192.168.1.31: Timeout
[784](10:10:25)192.168.1.32: Timeout
[785](10:10:26)[0]-- TIME:20081026-101026

[786](10:10:27)[1]-- TIME:20081026-101027

[787](10:10:28)[2]-- TIME:20081026-101028

[788](10:10:29)[3]-- TIME:20081026-101029

[789](10:10:29)192.168.1.31: Timeout
[790](10:10:29)192.168.1.32: Timeout
[791](10:10:30)[0]-- TIME:20081026-101030

[792](10:10:31)[1]-- TIME:20081026-101031

[793](10:10:32)[2]-- TIME:20081026-101032

[794](10:10:33)[3]-- TIME:20081026-101033

[795](10:10:33)192.168.1.31: Timeout
[796](10:10:33)192.168.1.32: Timeout
[797](10:10:34)[0]-- TIME:20081026-101034

[798](10:10:35)[1]-- TIME:20081026-101035

[799](10:10:36)[2]-- TIME:20081026-101036

[800](10:10:37)[3]-- TIME:20081026-101037

[801](10:10:37)192.168.1.31: Timeout
[802](10:10:37)192.168.1.32: Timeout
[803](10:10:38)[0]-- TIME:20081026-101038

[804](10:10:39)[1]-- TIME:20081026-101039

[805](10:10:40)[2]-- TIME:20081026-101040

[806](10:10:41)[3]-- TIME:20081026-101041

[807](10:10:41)192.168.1.31: Timeout
[808](10:10:41)192.168.1.32: Timeout
[809](10:10:42)[0]-- TIME:20081026-101042

[810](10:10:43)[1]-- TIME:20081026-101043

[811](10:10:44)[2]-- TIME:20081026-101044

[812](10:10:45)[3]-- TIME:20081026-101045

[813](10:10:45)192.168.1.31: Timeout
[814](10:10:45)192.168.1.32: Timeout
[815](10:10:46)[0]-- TIME:20081026-101046

[816](10:10:47)[1]-- TIME:20081026-101047

[817](10:10:48)[2]-- TIME:20081026-101048

[818](10:10:49)[3]-- TIME:20081026-101049

[819](10:10:49)192.168.1.31: Timeout
[820](10:10:49)192.168.1.32: Timeout
[821](10:10:50)[0]-- TIME:20081026-101050

[822](10:10:51)[1]-- TIME:20081026-101051

[823](10:10:52)[2]-- TIME:20081026-101052

[824](10:10:53)[3]-- TIME:20081026-101053

[825](10:10:53)192.168.1.31: Timeout
[826](10:10:53)192.168.1.32: Timeout
[827](10:10:54)[0]-- TIME:20081026-101054

[828](10:10:55)[1]-- TIME:20081026-101055

[829](10:10:56)[2]-- TIME:20081026-101056

[830](10:10:57)[3]-- TIME:20081026-101057

[831](10:10:57)192.168.1.31: Timeout
[832](10:10:57)192.168.1.32: Timeout
[833](10:10:58)[0]-- TIME:20081026-101058

[834](10:10:59)[1]-- TIME:20081026-101059

[835](10:11:00)[2]-- TIME:20081026-101100

[836](10:11:01)[3]-- TIME:20081026-101101

[837](10:11:01)192.168.1.31: Timeout
[838](10:11:01)192.168.1.32: Timeout
[839](10:11:02)[0]-- TIME:20081026-101102

[840](10:11:03)[1]-- TIME:20081026-101103

[841](10:11:04)[2]-- TIME:20081026-101104

[842](10:11:05)[3]-- TIME:20081026-101105

[843](10:11:05)192.168.1.31: Timeout
[844](10:11:05)192.168.1.32: Timeout
[845](10:11:06)[0]-- TIME:20081026-101106

[846](10:11:07)[1]-- TIME:20081026-101107

[847](10:11:08)[2]-- TIME:20081026-101108

[848](10:11:09)[3]-- TIME:20081026-101109

[849](10:11:09)192.168.1.31: Timeout
[850](10:11:09)192.168.1.32: Timeout
[851](10:11:10)[0]-- TIME:20081026-101110

[852](10:11:11)[1]-- TIME:20081026-101111

[853](10:11:12)[2]-- TIME:20081026-101112

[854](10:11:13)[3]-- TIME:20081026-101113

[855](10:11:13)192.168.1.31: Timeout
[856](10:11:13)192.168.1.32: Timeout
[857](10:11:14)[0]-- TIME:20081026-101114

[858](10:11:15)[1]-- TIME:20081026-101115

[859](10:11:16)[2]-- TIME:20081026-101116

[860](10:11:17)[3]-- TIME:20081026-101117

[861](10:11:17)192.168.1.31: Timeout
[862](10:11:17)192.168.1.32: Timeout
[863](10:11:18)[0]-- TIME:20081026-101118

[864](10:11:19)[1]-- TIME:20081026-101119

[865](10:11:20)[2]-- TIME:20081026-101120

[866](10:11:21)[3]-- TIME:20081026-101121

[867](10:11:21)192.168.1.31: Timeout
[868](10:11:21)192.168.1.32: Timeout
[869](10:11:22)[0]-- TIME:20081026-101122

[870](10:11:23)[1]-- TIME:20081026-101123

[871](10:11:24)[2]-- TIME:20081026-101124

[872](10:11:25)[3]-- TIME:20081026-101125

[873](10:11:25)192.168.1.31: Timeout
[874](10:11:25)192.168.1.32: Timeout
[875](10:11:26)[0]-- TIME:20081026-101126

[876](10:11:27)[1]-- TIME:20081026-101127

[877](10:11:28)[2]-- TIME:20081026-101128

[878](10:11:29)[3]-- TIME:20081026-101129

[879](10:11:29)192.168.1.31: Timeout
[880](10:11:29)192.168.1.32: Timeout
[881](10:11:30)[0]-- TIME:20081026-101130

[882](10:11:31)[1]-- TIME:20081026-101131

[883](10:11:32)[2]-- TIME:20081026-101132

[884](10:11:33)[3]-- TIME:20081026-101133

[885](10:11:33)192.168.1.31: Timeout
[886](10:11:33)192.168.1.32: Timeout
[887](10:11:34)[0]-- TIME:20081026-101134

[888](10:11:35)[1]-- TIME:20081026-101135

[889](10:11:36)[2]-- TIME:20081026-101136

[890](10:11:37)[3]-- TIME:20081026-101137

[891](10:11:37)192.168.1.31: Timeout
[892](10:11:37)192.168.1.32: Timeout
[893](10:11:38)[0]-- TIME:20081026-101138

[894](10:11:39)[1]-- TIME:20081026-101139

[895](10:11:40)[2]-- TIME:20081026-101140

[896](10:11:41)[3]-- TIME:20081026-101141

[897](10:11:41)192.168.1.31: Timeout
[898](10:11:41)192.168.1.32: Timeout
[899](10:11:42)[0]-- TIME:20081026-101142

[900](10:11:43)[1]-- TIME:20081026-101143

[901](10:11:44)[2]-- TIME:20081026-101144

[902](10:11:45)[3]-- TIME:20081026-101145

[903](10:11:45)192.168.1.31: Timeout
[904](10:11:45)192.168.1.32: Timeout
[905](10:11:46)[0]-- TIME:20081026-101146

[906](10:11:47)[1]-- TIME:20081026-101147

[907](10:11:48)[2]-- TIME:20081026-101148

[908](10:11:49)[3]-- TIME:20081026-101149

[909](10:11:49)192.168.1.31: Timeout
[910](10:11:49)192.168.1.32: Timeout
[911](10:11:50)[0]-- TIME:20081026-101150

[912](10:11:51)[1]-- TIME:20081026-101151

[913](10:11:52)[2]-- TIME:20081026-101152

[914](10:11:53)[3]-- TIME:20081026-101153

[915](10:11:53)192.168.1.31: Timeout
[916](10:11:53)192.168.1.32: Timeout
[917](10:11:54)[0]-- TIME:20081026-101154

[918](10:11:55)[1]-- TIME:20081026-101155

[919](10:11:56)[2]-- TIME:20081026-101156

[920](10:11:57)[3]-- TIME:20081026-101157

[921](10:11:57)192.168.1.31: Timeout
[922](10:11:57)192.168.1.32: Timeout
[923](10:11:58)[0]-- TIME:20081026-101158

[924](10:11:59)[1]-- TIME:20081026-101159

[925](10:12:00)[2]-- TIME:20081026-101200

[926](10:12:01)[3]-- TIME:20081026-101201

[927](10:12:01)192.168.1.31: Timeout
[928](10:12:01)192.168.1.32: Timeout
[929](10:12:02)[0]-- TIME:20081026-101202

[930](10:12:03)[1]-- TIME:20081026-101203

[931](10:12:04)[2]-- TIME:20081026-101204

[932](10:12:05)[3]-- TIME:20081026-101205

[933](10:12:05)192.168.1.31: Timeout
[934](10:12:05)192.168.1.32: Timeout
[935](10:12:06)[0]-- TIME:20081026-101206

[936](10:12:07)[1]-- TIME:20081026-101207

[937](10:12:08)[2]-- TIME:20081026-101208

[938](10:12:09)[3]-- TIME:20081026-101209

[939](10:12:09)192.168.1.31: Timeout
[940](10:12:09)192.168.1.32: Timeout
[941](10:12:10)[0]-- TIME:20081026-101210

[942](10:12:11)[1]-- TIME:20081026-101211

[943](10:12:12)[2]-- TIME:20081026-101212

[944](10:12:13)[3]-- TIME:20081026-101213

[945](10:12:13)192.168.1.31: Timeout
[946](10:12:13)192.168.1.32: Timeout
[947](10:12:14)[0]-- TIME:20081026-101214

[948](10:12:15)[1]-- TIME:20081026-101215

[949](10:12:16)[2]-- TIME:20081026-101216

[950](10:12:17)[3]-- TIME:20081026-101217

[951](10:12:17)192.168.1.31: Timeout
[952](10:12:17)192.168.1.32: Timeout
[953](10:12:18)[0]-- TIME:20081026-101218

[954](10:12:19)[1]-- TIME:20081026-101219

[955](10:12:20)[2]-- TIME:20081026-101220

[956](10:12:21)[3]-- TIME:20081026-101221

[957](10:12:21)192.168.1.31: Timeout
[958](10:12:21)192.168.1.32: Timeout
[959](10:12:22)[0]-- TIME:20081026-101222

[960](10:12:23)[1]-- TIME:20081026-101223

[961](10:12:24)[2]-- TIME:20081026-101224

[962](10:12:25)[3]-- TIME:20081026-101225

[963](10:12:25)192.168.1.31: Timeout
[964](10:12:25)192.168.1.32: Timeout
[965](10:12:26)[0]-- TIME:20081026-101226

[966](10:12:27)[1]-- TIME:20081026-101227

[967](10:12:28)[2]-- TIME:20081026-101228

[968](10:12:29)[3]-- TIME:20081026-101229

[969](10:12:29)192.168.1.31: Timeout
[970](10:12:29)192.168.1.32: Timeout
[971](10:12:30)[0]-- TIME:20081026-101230

[972](10:12:31)[1]-- TIME:20081026-101231

[973](10:12:32)[2]-- TIME:20081026-101232

[974](10:12:33)[3]-- TIME:20081026-101233

[975](10:12:33)192.168.1.31: Timeout
[976](10:12:33)192.168.1.32: Timeout
[977](10:12:34)[0]-- TIME:20081026-101234

[978](10:12:35)[1]-- TIME:20081026-101235

[979](10:12:36)[2]-- TIME:20081026-101236

[980](10:12:37)[3]-- TIME:20081026-101237

[981](10:12:37)192.168.1.31: Timeout
[982](10:12:37)192.168.1.32: Timeout
[983](10:12:38)[0]-- TIME:20081026-101238

[984](10:12:39)[1]-- TIME:20081026-101239

[985](10:12:40)[2]-- TIME:20081026-101240

[986](10:12:41)[3]-- TIME:20081026-101241

[987](10:12:41)192.168.1.31: Timeout
[988](10:12:41)192.168.1.32: Timeout
[989](10:12:42)[0]-- TIME:20081026-101242

[990](10:12:43)[1]-- TIME:20081026-101243

[991](10:12:44)[2]-- TIME:20081026-101244

[992](10:12:45)[3]-- TIME:20081026-101245

[993](10:12:45)192.168.1.31: Timeout
[994](10:12:45)192.168.1.32: Timeout
[995](10:12:46)[0]-- TIME:20081026-101246

[996](10:12:47)[1]-- TIME:20081026-101247

[997](10:12:48)[2]-- TIME:20081026-101248

[998](10:12:49)[3]-- TIME:20081026-101249

[999](10:12:49)192.168.1.31: Timeout
[1000](10:12:49)192.168.1.32: Timeout