
[0](14:56:53)======== MONITA APP STARTING ===========
[1](14:56:53)Load file konfigurasi
[2](14:56:53)Baca konfig
[3](14:56:53)Baca konfig: OK
[4](14:56:54)Mulai logging data
[5](14:56:55)[0]-- TIME:20081026-145655

[6](14:56:56)[1]-- TIME:20081026-145656

[7](14:56:57)[2]-- TIME:20081026-145657

[8](14:56:58)[3]-- TIME:20081026-145658

[9](14:56:58)192.168.1.31: Timeout
[10](14:56:58)192.168.1.32: Timeout
[11](14:56:59)[0]-- TIME:20081026-145659

[12](14:57:00)[1]-- TIME:20081026-145700

[13](14:57:01)[2]-- TIME:20081026-145701

[14](14:57:02)[3]-- TIME:20081026-145702

[15](14:57:02)192.168.1.31: Timeout
[16](14:57:02)192.168.1.32: Timeout
[17](14:57:03)[0]-- TIME:20081026-145703

[18](14:57:04)Stop logging data
[19](14:57:04)[2]-- TIME:20081026-145704

[20](15:00:51)Mulai logging data
[21](15:00:52)[0]-- TIME:20081026-150052

[22](15:00:53)[1]-- TIME:20081026-150053

[23](15:00:54)[2]-- TIME:20081026-150054

[24](15:00:55)Stop logging data
[25](15:00:55)[2]-- TIME:20081026-150055
