
[0](15:06:40)======== MONITA APP STARTING ===========
[1](15:06:40)Load file konfigurasi
[2](15:06:40)Baca konfig
[3](15:06:40)Baca konfig: OK
[4](15:06:41)Mulai logging data
[5](15:06:42)[0]-- TIME:20081026-150642

[6](15:06:43)[1]-- TIME:20081026-150643

[7](15:06:44)[2]-- TIME:20081026-150644

[8](15:06:45)[3]-- TIME:20081026-150645

[9](15:06:45)192.168.1.31: Timeout
[10](15:06:45)192.168.1.32: Timeout
[11](15:06:46)[0]-- TIME:20081026-150646

[12](15:06:47)[1]-- TIME:20081026-150647

[13](15:06:48)[2]-- TIME:20081026-150648

[14](15:06:49)[3]-- TIME:20081026-150649

[15](15:06:49)192.168.1.31: Timeout
[16](15:06:49)192.168.1.32: Timeout
[17](15:06:50)[0]-- TIME:20081026-150650

[18](15:06:51)[1]-- TIME:20081026-150651

[19](15:06:52)[2]-- TIME:20081026-150652

[20](15:06:53)[3]-- TIME:20081026-150653

[21](15:06:53)192.168.1.31: Timeout
[22](15:06:53)192.168.1.32: Timeout
[23](15:06:54)[0]-- TIME:20081026-150654

[24](15:06:55)Stop logging data
[25](15:06:55)[2]-- TIME:20081026-150655
