
[0](14:14:14)======== MONITA APP STARTING ===========
[1](14:14:14)Load file konfigurasi
[2](14:14:14)Baca konfig
[3](14:14:14)Baca konfig: OK
[4](14:14:24)Mulai logging data
[5](14:14:25)[0]-- TIME:20081026-141425

[6](14:14:26)[1]-- TIME:20081026-141426

[7](14:14:27)[2]-- TIME:20081026-141427

[8](14:14:28)[3]-- TIME:20081026-141428

[9](14:14:28)192.168.1.31: Timeout
[10](14:14:28)192.168.1.32: Timeout
[11](14:14:29)[0]-- TIME:20081026-141429

[12](14:14:30)[1]-- TIME:20081026-141430

[13](14:14:31)[2]-- TIME:20081026-141431

[14](14:14:32)[3]-- TIME:20081026-141432

[15](14:14:32)192.168.1.31: Timeout
[16](14:14:32)192.168.1.32: Timeout
[17](14:14:33)[0]-- TIME:20081026-141433

[18](14:14:34)[1]-- TIME:20081026-141434

[19](14:14:35)[2]-- TIME:20081026-141435

[20](14:14:36)[3]-- TIME:20081026-141436

[21](14:14:36)192.168.1.31: Timeout
[22](14:14:36)192.168.1.32: Timeout
[23](14:14:37)[0]-- TIME:20081026-141437

[24](14:14:38)[1]-- TIME:20081026-141438

[25](14:14:39)[2]-- TIME:20081026-141439

[26](14:14:40)[3]-- TIME:20081026-141440

[27](14:14:40)192.168.1.31: Timeout
[28](14:14:40)192.168.1.32: Timeout
[29](14:14:41)[0]-- TIME:20081026-141441

[30](14:14:42)[1]-- TIME:20081026-141442

[31](14:14:43)[2]-- TIME:20081026-141443

[32](14:14:44)[3]-- TIME:20081026-141444

[33](14:14:44)192.168.1.31: Timeout
[34](14:14:44)192.168.1.32: Timeout
[35](14:14:45)[0]-- TIME:20081026-141445

[36](14:14:46)[1]-- TIME:20081026-141446

[37](14:14:47)[2]-- TIME:20081026-141447

[38](14:14:48)[3]-- TIME:20081026-141448

[39](14:14:48)192.168.1.31: Timeout
[40](14:14:48)192.168.1.32: Timeout
[41](14:14:49)[0]-- TIME:20081026-141449

[42](14:14:50)[1]-- TIME:20081026-141450

[43](14:14:51)[2]-- TIME:20081026-141451

[44](14:14:52)[3]-- TIME:20081026-141452

[45](14:14:52)192.168.1.31: Timeout
[46](14:14:52)192.168.1.32: Timeout
[47](14:14:53)[0]-- TIME:20081026-141453

[48](14:14:54)[1]-- TIME:20081026-141454

[49](14:14:55)[2]-- TIME:20081026-141455

[50](14:14:56)[3]-- TIME:20081026-141456

[51](14:14:56)192.168.1.31: Timeout
[52](14:14:56)192.168.1.32: Timeout
[53](14:14:57)[0]-- TIME:20081026-141457

[54](14:14:58)[1]-- TIME:20081026-141458

[55](14:14:59)[2]-- TIME:20081026-141459

[56](14:15:00)[3]-- TIME:20081026-141500

[57](14:15:00)192.168.1.31: Timeout
[58](14:15:00)192.168.1.32: Timeout
[59](14:15:01)[0]-- TIME:20081026-141501

[60](14:15:02)[1]-- TIME:20081026-141502

[61](14:15:03)[2]-- TIME:20081026-141503

[62](14:15:04)[3]-- TIME:20081026-141504

[63](14:15:04)192.168.1.31: Timeout
[64](14:15:04)192.168.1.32: Timeout
[65](14:15:05)[0]-- TIME:20081026-141505

[66](14:15:06)[1]-- TIME:20081026-141506

[67](14:15:07)[2]-- TIME:20081026-141507

[68](14:15:08)[3]-- TIME:20081026-141508

[69](14:15:08)192.168.1.31: Timeout
[70](14:15:08)192.168.1.32: Timeout
[71](14:15:09)[0]-- TIME:20081026-141509

[72](14:15:10)[1]-- TIME:20081026-141510

[73](14:15:11)[2]-- TIME:20081026-141511

[74](14:15:12)[3]-- TIME:20081026-141512

[75](14:15:12)192.168.1.31: Timeout
[76](14:15:12)192.168.1.32: Timeout
[77](14:15:13)[0]-- TIME:20081026-141513

[78](14:15:14)[1]-- TIME:20081026-141514

[79](14:15:15)[2]-- TIME:20081026-141515

[80](14:15:16)[3]-- TIME:20081026-141516

[81](14:15:16)192.168.1.31: Timeout
[82](14:15:16)192.168.1.32: Timeout
[83](14:15:17)[0]-- TIME:20081026-141517

[84](14:15:18)[1]-- TIME:20081026-141518

[85](14:15:19)[2]-- TIME:20081026-141519

[86](14:15:20)[3]-- TIME:20081026-141520

[87](14:15:20)192.168.1.31: Timeout
[88](14:15:20)192.168.1.32: Timeout
[89](14:15:21)[0]-- TIME:20081026-141521

[90](14:15:22)[1]-- TIME:20081026-141522

[91](14:15:23)[2]-- TIME:20081026-141523

[92](14:15:24)[3]-- TIME:20081026-141524

[93](14:15:24)192.168.1.31: Timeout
[94](14:15:24)192.168.1.32: Timeout
[95](14:15:25)[0]-- TIME:20081026-141525

[96](14:15:26)[1]-- TIME:20081026-141526

[97](14:15:27)[2]-- TIME:20081026-141527

[98](14:15:28)[3]-- TIME:20081026-141528

[99](14:15:28)192.168.1.31: Timeout
[100](14:15:28)192.168.1.32: Timeout
[101](14:15:29)[0]-- TIME:20081026-141529

[102](14:15:30)[1]-- TIME:20081026-141530

[103](14:15:31)[2]-- TIME:20081026-141531

[104](14:15:32)[3]-- TIME:20081026-141532

[105](14:15:32)192.168.1.31: Timeout
[106](14:15:32)192.168.1.32: Timeout
[107](14:15:33)[0]-- TIME:20081026-141533

[108](14:15:34)[1]-- TIME:20081026-141534

[109](14:15:35)[2]-- TIME:20081026-141535

[110](14:15:36)[3]-- TIME:20081026-141536

[111](14:15:36)192.168.1.31: Timeout
[112](14:15:36)192.168.1.32: Timeout
[113](14:15:37)[0]-- TIME:20081026-141537

[114](14:15:38)[1]-- TIME:20081026-141538

[115](14:15:39)[2]-- TIME:20081026-141539

[116](14:15:40)[3]-- TIME:20081026-141540

[117](14:15:40)192.168.1.31: Timeout
[118](14:15:40)192.168.1.32: Timeout
[119](14:15:41)[0]-- TIME:20081026-141541

[120](14:15:42)[1]-- TIME:20081026-141542

[121](14:15:43)[2]-- TIME:20081026-141543

[122](14:15:44)[3]-- TIME:20081026-141544

[123](14:15:44)192.168.1.31: Timeout
[124](14:15:44)192.168.1.32: Timeout
[125](14:15:45)[0]-- TIME:20081026-141545

[126](14:15:46)[1]-- TIME:20081026-141546

[127](14:15:47)[2]-- TIME:20081026-141547

[128](14:15:48)[3]-- TIME:20081026-141548

[129](14:15:48)192.168.1.31: Timeout
[130](14:15:48)192.168.1.32: Timeout
[131](14:15:49)[0]-- TIME:20081026-141549

[132](14:15:50)[1]-- TIME:20081026-141550

[133](14:15:51)[2]-- TIME:20081026-141551

[134](14:15:52)[3]-- TIME:20081026-141552

[135](14:15:52)192.168.1.31: Timeout
[136](14:15:52)192.168.1.32: Timeout
[137](14:15:53)[0]-- TIME:20081026-141553

[138](14:15:54)[1]-- TIME:20081026-141554

[139](14:15:55)[2]-- TIME:20081026-141555

[140](14:15:56)[3]-- TIME:20081026-141556

[141](14:15:56)192.168.1.31: Timeout
[142](14:15:56)192.168.1.32: Timeout
[143](14:15:57)[0]-- TIME:20081026-141557

[144](14:15:58)[1]-- TIME:20081026-141558

[145](14:15:59)[2]-- TIME:20081026-141559

[146](14:16:00)[3]-- TIME:20081026-141600

[147](14:16:00)192.168.1.31: Timeout
[148](14:16:00)192.168.1.32: Timeout
[149](14:16:01)[0]-- TIME:20081026-141601

[150](14:16:02)[1]-- TIME:20081026-141602

[151](14:16:03)[2]-- TIME:20081026-141603

[152](14:16:04)[3]-- TIME:20081026-141604

[153](14:16:04)192.168.1.31: Timeout
[154](14:16:04)192.168.1.32: Timeout
[155](14:16:05)[0]-- TIME:20081026-141605

[156](14:16:06)[1]-- TIME:20081026-141606

[157](14:16:07)[2]-- TIME:20081026-141607

[158](14:16:08)[3]-- TIME:20081026-141608

[159](14:16:08)192.168.1.31: Timeout
[160](14:16:08)192.168.1.32: Timeout
[161](14:16:09)[0]-- TIME:20081026-141609

[162](14:16:10)[1]-- TIME:20081026-141610

[163](14:16:11)[2]-- TIME:20081026-141611

[164](14:16:12)[3]-- TIME:20081026-141612

[165](14:16:12)192.168.1.31: Timeout
[166](14:16:12)192.168.1.32: Timeout
[167](14:16:13)[0]-- TIME:20081026-141613

[168](14:16:14)[1]-- TIME:20081026-141614

[169](14:16:15)[2]-- TIME:20081026-141615

[170](14:16:16)[3]-- TIME:20081026-141616

[171](14:16:16)192.168.1.31: Timeout
[172](14:16:16)192.168.1.32: Timeout
[173](14:16:17)[0]-- TIME:20081026-141617

[174](14:16:18)[1]-- TIME:20081026-141618

[175](14:16:19)[2]-- TIME:20081026-141619

[176](14:16:20)[3]-- TIME:20081026-141620

[177](14:16:20)192.168.1.31: Timeout
[178](14:16:20)192.168.1.32: Timeout
[179](14:16:21)[0]-- TIME:20081026-141621

[180](14:16:22)[1]-- TIME:20081026-141622

[181](14:16:23)[2]-- TIME:20081026-141623

[182](14:16:24)[3]-- TIME:20081026-141624

[183](14:16:24)192.168.1.31: Timeout
[184](14:16:24)192.168.1.32: Timeout
[185](14:16:25)[0]-- TIME:20081026-141625

[186](14:16:26)[1]-- TIME:20081026-141626

[187](14:16:27)[2]-- TIME:20081026-141627

[188](14:16:28)[3]-- TIME:20081026-141628

[189](14:16:28)192.168.1.31: Timeout
[190](14:16:28)192.168.1.32: Timeout
[191](14:16:29)[0]-- TIME:20081026-141629

[192](14:16:30)[1]-- TIME:20081026-141630

[193](14:16:31)[2]-- TIME:20081026-141631

[194](14:16:32)[3]-- TIME:20081026-141632

[195](14:16:32)192.168.1.31: Timeout
[196](14:16:32)192.168.1.32: Timeout
[197](14:16:33)[0]-- TIME:20081026-141633

[198](14:16:34)[1]-- TIME:20081026-141634

[199](14:16:35)[2]-- TIME:20081026-141635

[200](14:16:36)[3]-- TIME:20081026-141636

[201](14:16:36)192.168.1.31: Timeout
[202](14:16:36)192.168.1.32: Timeout
[203](14:16:37)[0]-- TIME:20081026-141637

[204](14:16:38)[1]-- TIME:20081026-141638

[205](14:16:39)[2]-- TIME:20081026-141639

[206](14:16:40)[3]-- TIME:20081026-141640

[207](14:16:40)192.168.1.31: Timeout
[208](14:16:40)192.168.1.32: Timeout
[209](14:16:41)[0]-- TIME:20081026-141641

[210](14:16:42)[1]-- TIME:20081026-141642

[211](14:16:43)[2]-- TIME:20081026-141643

[212](14:16:44)[3]-- TIME:20081026-141644

[213](14:16:44)192.168.1.31: Timeout
[214](14:16:44)192.168.1.32: Timeout
[215](14:16:45)[0]-- TIME:20081026-141645

[216](14:16:46)[1]-- TIME:20081026-141646

[217](14:16:47)[2]-- TIME:20081026-141647

[218](14:16:48)[3]-- TIME:20081026-141648

[219](14:16:48)192.168.1.31: Timeout
[220](14:16:48)192.168.1.32: Timeout
[221](14:16:49)[0]-- TIME:20081026-141649

[222](14:16:50)[1]-- TIME:20081026-141650

[223](14:16:51)[2]-- TIME:20081026-141651

[224](14:16:52)[3]-- TIME:20081026-141652

[225](14:16:52)192.168.1.31: Timeout
[226](14:16:52)192.168.1.32: Timeout
[227](14:16:53)[0]-- TIME:20081026-141653

[228](14:16:54)[1]-- TIME:20081026-141654

[229](14:16:55)[2]-- TIME:20081026-141655

[230](14:16:56)[3]-- TIME:20081026-141656

[231](14:16:56)192.168.1.31: Timeout
[232](14:16:56)192.168.1.32: Timeout
[233](14:16:57)[0]-- TIME:20081026-141657

[234](14:16:58)[1]-- TIME:20081026-141658

[235](14:16:59)[2]-- TIME:20081026-141659

[236](14:17:00)[3]-- TIME:20081026-141700

[237](14:17:00)192.168.1.31: Timeout
[238](14:17:00)192.168.1.32: Timeout
[239](14:17:01)[0]-- TIME:20081026-141701

[240](14:17:02)[1]-- TIME:20081026-141702

[241](14:17:03)[2]-- TIME:20081026-141703

[242](14:17:04)[3]-- TIME:20081026-141704

[243](14:17:04)192.168.1.31: Timeout
[244](14:17:04)192.168.1.32: Timeout
[245](14:17:05)[0]-- TIME:20081026-141705

[246](14:17:06)[1]-- TIME:20081026-141706

[247](14:17:07)[2]-- TIME:20081026-141707

[248](14:17:08)[3]-- TIME:20081026-141708

[249](14:17:08)192.168.1.31: Timeout
[250](14:17:08)192.168.1.32: Timeout
[251](14:17:09)[0]-- TIME:20081026-141709

[252](14:17:10)[1]-- TIME:20081026-141710

[253](14:17:11)[2]-- TIME:20081026-141711

[254](14:17:12)[3]-- TIME:20081026-141712

[255](14:17:12)192.168.1.31: Timeout
[256](14:17:12)192.168.1.32: Timeout
[257](14:17:13)[0]-- TIME:20081026-141713

[258](14:17:14)[1]-- TIME:20081026-141714

[259](14:17:15)[2]-- TIME:20081026-141715

[260](14:17:16)[3]-- TIME:20081026-141716

[261](14:17:16)192.168.1.31: Timeout
[262](14:17:16)192.168.1.32: Timeout
[263](14:17:17)[0]-- TIME:20081026-141717

[264](14:17:18)[1]-- TIME:20081026-141718

[265](14:17:19)[2]-- TIME:20081026-141719

[266](14:17:20)[3]-- TIME:20081026-141720

[267](14:17:20)192.168.1.31: Timeout
[268](14:17:20)192.168.1.32: Timeout
[269](14:17:21)[0]-- TIME:20081026-141721

[270](14:17:22)[1]-- TIME:20081026-141722

[271](14:17:23)[2]-- TIME:20081026-141723

[272](14:17:24)[3]-- TIME:20081026-141724

[273](14:17:24)192.168.1.31: Timeout
[274](14:17:24)192.168.1.32: Timeout
[275](14:17:25)[0]-- TIME:20081026-141725

[276](14:17:26)[1]-- TIME:20081026-141726

[277](14:17:27)[2]-- TIME:20081026-141727

[278](14:17:28)[3]-- TIME:20081026-141728

[279](14:17:28)192.168.1.31: Timeout
[280](14:17:28)192.168.1.32: Timeout
[281](14:17:29)[0]-- TIME:20081026-141729

[282](14:17:30)[1]-- TIME:20081026-141730

[283](14:17:31)[2]-- TIME:20081026-141731

[284](14:17:32)[3]-- TIME:20081026-141732

[285](14:17:32)192.168.1.31: Timeout
[286](14:17:32)192.168.1.32: Timeout
[287](14:17:33)[0]-- TIME:20081026-141733

[288](14:17:34)[1]-- TIME:20081026-141734

[289](14:17:35)[2]-- TIME:20081026-141735

[290](14:17:36)[3]-- TIME:20081026-141736

[291](14:17:36)192.168.1.31: Timeout
[292](14:17:36)192.168.1.32: Timeout
[293](14:17:37)[0]-- TIME:20081026-141737

[294](14:17:38)[1]-- TIME:20081026-141738

[295](14:17:39)[2]-- TIME:20081026-141739

[296](14:17:40)[3]-- TIME:20081026-141740

[297](14:17:40)192.168.1.31: Timeout
[298](14:17:40)192.168.1.32: Timeout
[299](14:17:41)[0]-- TIME:20081026-141741

[300](14:17:42)[1]-- TIME:20081026-141742

[301](14:17:43)[2]-- TIME:20081026-141743

[302](14:17:44)[3]-- TIME:20081026-141744

[303](14:17:44)192.168.1.31: Timeout
[304](14:17:44)192.168.1.32: Timeout
[305](14:17:45)[0]-- TIME:20081026-141745

[306](14:17:46)[1]-- TIME:20081026-141746

[307](14:17:47)[2]-- TIME:20081026-141747

[308](14:17:48)[3]-- TIME:20081026-141748

[309](14:17:48)192.168.1.31: Timeout
[310](14:17:48)192.168.1.32: Timeout
[311](14:17:49)[0]-- TIME:20081026-141749

[312](14:17:50)[1]-- TIME:20081026-141750

[313](14:17:51)[2]-- TIME:20081026-141751

[314](14:17:52)[3]-- TIME:20081026-141752

[315](14:17:52)192.168.1.31: Timeout
[316](14:17:52)192.168.1.32: Timeout
[317](14:17:53)[0]-- TIME:20081026-141753

[318](14:17:54)[1]-- TIME:20081026-141754

[319](14:17:55)[2]-- TIME:20081026-141755

[320](14:17:56)[3]-- TIME:20081026-141756

[321](14:17:56)192.168.1.31: Timeout
[322](14:17:56)192.168.1.32: Timeout
[323](14:17:57)[0]-- TIME:20081026-141757

[324](14:17:58)[1]-- TIME:20081026-141758

[325](14:17:59)[2]-- TIME:20081026-141759

[326](14:18:00)[3]-- TIME:20081026-141800

[327](14:18:00)192.168.1.31: Timeout
[328](14:18:00)192.168.1.32: Timeout
[329](14:18:01)[0]-- TIME:20081026-141801

[330](14:18:02)[1]-- TIME:20081026-141802

[331](14:18:03)[2]-- TIME:20081026-141803

[332](14:18:04)[3]-- TIME:20081026-141804

[333](14:18:04)192.168.1.31: Timeout
[334](14:18:04)192.168.1.32: Timeout
[335](14:18:05)[0]-- TIME:20081026-141805

[336](14:18:06)[1]-- TIME:20081026-141806

[337](14:18:07)[2]-- TIME:20081026-141807

[338](14:18:08)[3]-- TIME:20081026-141808

[339](14:18:08)192.168.1.31: Timeout
[340](14:18:08)192.168.1.32: Timeout
[341](14:18:09)[0]-- TIME:20081026-141809

[342](14:18:10)[1]-- TIME:20081026-141810

[343](14:18:11)[2]-- TIME:20081026-141811

[344](14:18:12)[3]-- TIME:20081026-141812

[345](14:18:12)192.168.1.31: Timeout
[346](14:18:12)192.168.1.32: Timeout
[347](14:18:13)[0]-- TIME:20081026-141813

[348](14:18:14)[1]-- TIME:20081026-141814

[349](14:18:15)[2]-- TIME:20081026-141815

[350](14:18:16)[3]-- TIME:20081026-141816

[351](14:18:16)192.168.1.31: Timeout
[352](14:18:16)192.168.1.32: Timeout
[353](14:18:17)[0]-- TIME:20081026-141817

[354](14:18:18)[1]-- TIME:20081026-141818

[355](14:18:19)[2]-- TIME:20081026-141819

[356](14:18:20)[3]-- TIME:20081026-141820

[357](14:18:20)192.168.1.31: Timeout
[358](14:18:20)192.168.1.32: Timeout
[359](14:18:21)[0]-- TIME:20081026-141821

[360](14:18:22)[1]-- TIME:20081026-141822

[361](14:18:23)[2]-- TIME:20081026-141823

[362](14:18:24)[3]-- TIME:20081026-141824

[363](14:18:24)192.168.1.31: Timeout
[364](14:18:24)192.168.1.32: Timeout
[365](14:18:25)[0]-- TIME:20081026-141825

[366](14:18:26)[1]-- TIME:20081026-141826

[367](14:18:27)[2]-- TIME:20081026-141827

[368](14:18:28)[3]-- TIME:20081026-141828

[369](14:18:28)192.168.1.31: Timeout
[370](14:18:28)192.168.1.32: Timeout
[371](14:18:29)[0]-- TIME:20081026-141829

[372](14:18:30)[1]-- TIME:20081026-141830

[373](14:18:31)[2]-- TIME:20081026-141831

[374](14:18:32)[3]-- TIME:20081026-141832

[375](14:18:32)192.168.1.31: Timeout
[376](14:18:32)192.168.1.32: Timeout
[377](14:18:33)[0]-- TIME:20081026-141833

[378](14:18:34)[1]-- TIME:20081026-141834

[379](14:18:35)[2]-- TIME:20081026-141835

[380](14:18:36)[3]-- TIME:20081026-141836

[381](14:18:36)192.168.1.31: Timeout
[382](14:18:36)192.168.1.32: Timeout
[383](14:18:37)[0]-- TIME:20081026-141837

[384](14:18:38)[1]-- TIME:20081026-141838

[385](14:18:39)[2]-- TIME:20081026-141839

[386](14:18:40)[3]-- TIME:20081026-141840

[387](14:18:40)192.168.1.31: Timeout
[388](14:18:40)192.168.1.32: Timeout
[389](14:18:41)[0]-- TIME:20081026-141841

[390](14:18:42)[1]-- TIME:20081026-141842

[391](14:18:43)[2]-- TIME:20081026-141843

[392](14:18:44)[3]-- TIME:20081026-141844

[393](14:18:44)192.168.1.31: Timeout
[394](14:18:44)192.168.1.32: Timeout
[395](14:18:45)[0]-- TIME:20081026-141845

[396](14:18:46)[1]-- TIME:20081026-141846

[397](14:18:47)[2]-- TIME:20081026-141847

[398](14:18:48)[3]-- TIME:20081026-141848

[399](14:18:48)192.168.1.31: Timeout
[400](14:18:48)192.168.1.32: Timeout
[401](14:18:49)[0]-- TIME:20081026-141849

[402](14:18:50)[1]-- TIME:20081026-141850

[403](14:18:51)[2]-- TIME:20081026-141851

[404](14:18:52)[3]-- TIME:20081026-141852

[405](14:18:52)192.168.1.31: Timeout
[406](14:18:52)192.168.1.32: Timeout
[407](14:18:53)[0]-- TIME:20081026-141853

[408](14:18:54)[1]-- TIME:20081026-141854

[409](14:18:55)[2]-- TIME:20081026-141855

[410](14:18:56)[3]-- TIME:20081026-141856

[411](14:18:56)192.168.1.31: Timeout
[412](14:18:56)192.168.1.32: Timeout
[413](14:18:57)[0]-- TIME:20081026-141857

[414](14:18:58)[1]-- TIME:20081026-141858

[415](14:18:59)[2]-- TIME:20081026-141859

[416](14:19:00)[3]-- TIME:20081026-141900

[417](14:19:00)192.168.1.31: Timeout
[418](14:19:00)192.168.1.32: Timeout
[419](14:19:01)[0]-- TIME:20081026-141901

[420](14:19:02)[1]-- TIME:20081026-141902

[421](14:19:03)[2]-- TIME:20081026-141903

[422](14:19:04)[3]-- TIME:20081026-141904

[423](14:19:04)192.168.1.31: Timeout
[424](14:19:04)192.168.1.32: Timeout
[425](14:19:05)[0]-- TIME:20081026-141905

[426](14:19:06)[1]-- TIME:20081026-141906

[427](14:19:07)[2]-- TIME:20081026-141907

[428](14:19:08)[3]-- TIME:20081026-141908

[429](14:19:08)192.168.1.31: Timeout
[430](14:19:08)192.168.1.32: Timeout
[431](14:19:09)[0]-- TIME:20081026-141909

[432](14:19:10)[1]-- TIME:20081026-141910

[433](14:19:11)[2]-- TIME:20081026-141911

[434](14:19:12)[3]-- TIME:20081026-141912

[435](14:19:12)192.168.1.31: Timeout
[436](14:19:12)192.168.1.32: Timeout
[437](14:19:13)[0]-- TIME:20081026-141913

[438](14:19:14)[1]-- TIME:20081026-141914

[439](14:19:15)[2]-- TIME:20081026-141915

[440](14:19:16)[3]-- TIME:20081026-141916

[441](14:19:16)192.168.1.31: Timeout
[442](14:19:16)192.168.1.32: Timeout
[443](14:19:17)[0]-- TIME:20081026-141917

[444](14:19:18)[1]-- TIME:20081026-141918

[445](14:19:19)[2]-- TIME:20081026-141919

[446](14:19:20)[3]-- TIME:20081026-141920

[447](14:19:20)192.168.1.31: Timeout
[448](14:19:20)192.168.1.32: Timeout
[449](14:19:21)[0]-- TIME:20081026-141921

[450](14:19:22)[1]-- TIME:20081026-141922

[451](14:19:23)[2]-- TIME:20081026-141923

[452](14:19:24)[3]-- TIME:20081026-141924

[453](14:19:24)192.168.1.31: Timeout
[454](14:19:24)192.168.1.32: Timeout
[455](14:19:25)[0]-- TIME:20081026-141925

[456](14:19:26)[1]-- TIME:20081026-141926

[457](14:19:27)[2]-- TIME:20081026-141927

[458](14:19:28)[3]-- TIME:20081026-141928

[459](14:19:28)192.168.1.31: Timeout
[460](14:19:28)192.168.1.32: Timeout
[461](14:19:29)[0]-- TIME:20081026-141929

[462](14:19:30)[1]-- TIME:20081026-141930

[463](14:19:31)[2]-- TIME:20081026-141931

[464](14:19:32)[3]-- TIME:20081026-141932

[465](14:19:32)192.168.1.31: Timeout
[466](14:19:32)192.168.1.32: Timeout
[467](14:19:33)[0]-- TIME:20081026-141933

[468](14:19:34)[1]-- TIME:20081026-141934

[469](14:19:35)[2]-- TIME:20081026-141935

[470](14:19:36)[3]-- TIME:20081026-141936

[471](14:19:36)192.168.1.31: Timeout
[472](14:19:36)192.168.1.32: Timeout
[473](14:19:37)[0]-- TIME:20081026-141937

[474](14:19:38)[1]-- TIME:20081026-141938

[475](14:19:39)[2]-- TIME:20081026-141939

[476](14:19:40)[3]-- TIME:20081026-141940

[477](14:19:40)192.168.1.31: Timeout
[478](14:19:40)192.168.1.32: Timeout
[479](14:19:41)[0]-- TIME:20081026-141941

[480](14:19:42)[1]-- TIME:20081026-141942

[481](14:19:43)[2]-- TIME:20081026-141943

[482](14:19:44)[3]-- TIME:20081026-141944

[483](14:19:44)192.168.1.31: Timeout
[484](14:19:44)192.168.1.32: Timeout
[485](14:19:45)[0]-- TIME:20081026-141945

[486](14:19:46)[1]-- TIME:20081026-141946

[487](14:19:47)[2]-- TIME:20081026-141947

[488](14:19:48)[3]-- TIME:20081026-141948

[489](14:19:48)192.168.1.31: Timeout
[490](14:19:48)192.168.1.32: Timeout
[491](14:19:49)[0]-- TIME:20081026-141949

[492](14:19:50)[1]-- TIME:20081026-141950

[493](14:19:51)[2]-- TIME:20081026-141951

[494](14:19:52)[3]-- TIME:20081026-141952

[495](14:19:52)192.168.1.31: Timeout
[496](14:19:52)192.168.1.32: Timeout
[497](14:19:53)[0]-- TIME:20081026-141953

[498](14:19:54)[1]-- TIME:20081026-141954

[499](14:19:55)[2]-- TIME:20081026-141955

[500](14:19:56)[3]-- TIME:20081026-141956

[501](14:19:56)192.168.1.31: Timeout
[502](14:19:56)192.168.1.32: Timeout
[503](14:19:57)[0]-- TIME:20081026-141957

[504](14:19:58)[1]-- TIME:20081026-141958

[505](14:19:59)[2]-- TIME:20081026-141959

[506](14:20:00)[3]-- TIME:20081026-142000

[507](14:20:00)192.168.1.31: Timeout
[508](14:20:00)192.168.1.32: Timeout
[509](14:20:01)[0]-- TIME:20081026-142001

[510](14:20:02)[1]-- TIME:20081026-142002

[511](14:20:03)[2]-- TIME:20081026-142003

[512](14:20:04)[3]-- TIME:20081026-142004

[513](14:20:04)192.168.1.31: Timeout
[514](14:20:04)192.168.1.32: Timeout
[515](14:20:05)[0]-- TIME:20081026-142005

[516](14:20:06)[1]-- TIME:20081026-142006

[517](14:20:07)[2]-- TIME:20081026-142007

[518](14:20:08)[3]-- TIME:20081026-142008

[519](14:20:08)192.168.1.31: Timeout
[520](14:20:08)192.168.1.32: Timeout
[521](14:20:09)[0]-- TIME:20081026-142009

[522](14:20:10)[1]-- TIME:20081026-142010

[523](14:20:11)[2]-- TIME:20081026-142011

[524](14:20:12)[3]-- TIME:20081026-142012

[525](14:20:12)192.168.1.31: Timeout
[526](14:20:12)192.168.1.32: Timeout
[527](14:20:13)[0]-- TIME:20081026-142013

[528](14:20:14)[1]-- TIME:20081026-142014

[529](14:20:15)[2]-- TIME:20081026-142015

[530](14:20:16)[3]-- TIME:20081026-142016

[531](14:20:16)192.168.1.31: Timeout
[532](14:20:16)192.168.1.32: Timeout
[533](14:20:17)[0]-- TIME:20081026-142017

[534](14:20:18)[1]-- TIME:20081026-142018

[535](14:20:19)[2]-- TIME:20081026-142019

[536](14:20:20)[3]-- TIME:20081026-142020

[537](14:20:20)192.168.1.31: Timeout
[538](14:20:20)192.168.1.32: Timeout
[539](14:20:21)[0]-- TIME:20081026-142021

[540](14:20:22)[1]-- TIME:20081026-142022

[541](14:20:23)[2]-- TIME:20081026-142023

[542](14:20:24)[3]-- TIME:20081026-142024

[543](14:20:24)192.168.1.31: Timeout
[544](14:20:24)192.168.1.32: Timeout
[545](14:20:25)[0]-- TIME:20081026-142025

[546](14:20:26)[1]-- TIME:20081026-142026

[547](14:20:27)[2]-- TIME:20081026-142027

[548](14:20:28)[3]-- TIME:20081026-142028

[549](14:20:28)192.168.1.31: Timeout
[550](14:20:28)192.168.1.32: Timeout
[551](14:20:29)[0]-- TIME:20081026-142029

[552](14:20:30)[1]-- TIME:20081026-142030

[553](14:20:31)[2]-- TIME:20081026-142031

[554](14:20:32)[3]-- TIME:20081026-142032

[555](14:20:32)192.168.1.31: Timeout
[556](14:20:32)192.168.1.32: Timeout
[557](14:20:33)[0]-- TIME:20081026-142033

[558](14:20:34)[1]-- TIME:20081026-142034

[559](14:20:35)[2]-- TIME:20081026-142035

[560](14:20:36)[3]-- TIME:20081026-142036

[561](14:20:36)192.168.1.31: Timeout
[562](14:20:36)192.168.1.32: Timeout
[563](14:20:37)[0]-- TIME:20081026-142037

[564](14:20:38)[1]-- TIME:20081026-142038

[565](14:20:39)[2]-- TIME:20081026-142039

[566](14:20:40)[3]-- TIME:20081026-142040

[567](14:20:40)192.168.1.31: Timeout
[568](14:20:40)192.168.1.32: Timeout
[569](14:20:41)[0]-- TIME:20081026-142041

[570](14:20:42)[1]-- TIME:20081026-142042

[571](14:20:43)[2]-- TIME:20081026-142043

[572](14:20:44)[3]-- TIME:20081026-142044

[573](14:20:44)192.168.1.31: Timeout
[574](14:20:44)192.168.1.32: Timeout
[575](14:20:45)[0]-- TIME:20081026-142045

[576](14:20:46)[1]-- TIME:20081026-142046

[577](14:20:47)[2]-- TIME:20081026-142047

[578](14:20:48)[3]-- TIME:20081026-142048

[579](14:20:48)192.168.1.31: Timeout
[580](14:20:48)192.168.1.32: Timeout
[581](14:20:49)[0]-- TIME:20081026-142049

[582](14:20:50)[1]-- TIME:20081026-142050

[583](14:20:51)[2]-- TIME:20081026-142051

[584](14:20:52)[3]-- TIME:20081026-142052

[585](14:20:52)192.168.1.31: Timeout
[586](14:20:52)192.168.1.32: Timeout
[587](14:20:53)[0]-- TIME:20081026-142053

[588](14:20:54)[1]-- TIME:20081026-142054

[589](14:20:55)[2]-- TIME:20081026-142055

[590](14:20:56)[3]-- TIME:20081026-142056

[591](14:20:56)192.168.1.31: Timeout
[592](14:20:56)192.168.1.32: Timeout
[593](14:20:57)[0]-- TIME:20081026-142057

[594](14:20:58)[1]-- TIME:20081026-142058

[595](14:20:59)[2]-- TIME:20081026-142059

[596](14:21:00)[3]-- TIME:20081026-142100

[597](14:21:00)192.168.1.31: Timeout
[598](14:21:00)192.168.1.32: Timeout
[599](14:21:01)[0]-- TIME:20081026-142101

[600](14:21:02)[1]-- TIME:20081026-142102

[601](14:21:03)[2]-- TIME:20081026-142103

[602](14:21:04)[3]-- TIME:20081026-142104

[603](14:21:04)192.168.1.31: Timeout
[604](14:21:04)192.168.1.32: Timeout
[605](14:21:05)[0]-- TIME:20081026-142105

[606](14:21:06)[1]-- TIME:20081026-142106

[607](14:21:07)[2]-- TIME:20081026-142107

[608](14:21:08)[3]-- TIME:20081026-142108

[609](14:21:08)192.168.1.31: Timeout
[610](14:21:08)192.168.1.32: Timeout
[611](14:21:09)[0]-- TIME:20081026-142109

[612](14:21:10)[1]-- TIME:20081026-142110

[613](14:21:11)[2]-- TIME:20081026-142111

[614](14:21:12)[3]-- TIME:20081026-142112

[615](14:21:12)192.168.1.31: Timeout
[616](14:21:12)192.168.1.32: Timeout
[617](14:21:13)[0]-- TIME:20081026-142113

[618](14:21:14)[1]-- TIME:20081026-142114

[619](14:21:15)[2]-- TIME:20081026-142115

[620](14:21:16)[3]-- TIME:20081026-142116

[621](14:21:16)192.168.1.31: Timeout
[622](14:21:16)192.168.1.32: Timeout
[623](14:21:17)[0]-- TIME:20081026-142117

[624](14:21:18)[1]-- TIME:20081026-142118

[625](14:21:19)[2]-- TIME:20081026-142119

[626](14:21:20)[3]-- TIME:20081026-142120

[627](14:21:20)192.168.1.31: Timeout
[628](14:21:20)192.168.1.32: Timeout
[629](14:21:21)[0]-- TIME:20081026-142121

[630](14:21:22)[1]-- TIME:20081026-142122

[631](14:21:23)[2]-- TIME:20081026-142123

[632](14:21:24)[3]-- TIME:20081026-142124

[633](14:21:24)192.168.1.31: Timeout
[634](14:21:24)192.168.1.32: Timeout
[635](14:21:25)[0]-- TIME:20081026-142125

[636](14:21:26)[1]-- TIME:20081026-142126

[637](14:21:27)[2]-- TIME:20081026-142127

[638](14:21:28)[3]-- TIME:20081026-142128

[639](14:21:28)192.168.1.31: Timeout
[640](14:21:28)192.168.1.32: Timeout
[641](14:21:29)[0]-- TIME:20081026-142129

[642](14:21:30)[1]-- TIME:20081026-142130

[643](14:21:31)[2]-- TIME:20081026-142131

[644](14:21:32)[3]-- TIME:20081026-142132

[645](14:21:32)192.168.1.31: Timeout
[646](14:21:32)192.168.1.32: Timeout
[647](14:21:33)[0]-- TIME:20081026-142133

[648](14:21:34)[1]-- TIME:20081026-142134

[649](14:21:35)[2]-- TIME:20081026-142135

[650](14:21:36)[3]-- TIME:20081026-142136

[651](14:21:36)192.168.1.31: Timeout
[652](14:21:36)192.168.1.32: Timeout
[653](14:21:37)[0]-- TIME:20081026-142137

[654](14:21:38)[1]-- TIME:20081026-142138

[655](14:21:39)[2]-- TIME:20081026-142139

[656](14:21:40)[3]-- TIME:20081026-142140

[657](14:21:40)192.168.1.31: Timeout
[658](14:21:40)192.168.1.32: Timeout
[659](14:21:41)[0]-- TIME:20081026-142141

[660](14:21:42)[1]-- TIME:20081026-142142

[661](14:21:43)[2]-- TIME:20081026-142143

[662](14:21:44)[3]-- TIME:20081026-142144

[663](14:21:44)192.168.1.31: Timeout
[664](14:21:44)192.168.1.32: Timeout
[665](14:21:45)[0]-- TIME:20081026-142145

[666](14:21:46)[1]-- TIME:20081026-142146

[667](14:21:47)[2]-- TIME:20081026-142147

[668](14:21:48)[3]-- TIME:20081026-142148

[669](14:21:48)192.168.1.31: Timeout
[670](14:21:48)192.168.1.32: Timeout
[671](14:21:49)[0]-- TIME:20081026-142149

[672](14:21:50)[1]-- TIME:20081026-142150

[673](14:21:51)[2]-- TIME:20081026-142151

[674](14:21:52)[3]-- TIME:20081026-142152

[675](14:21:52)192.168.1.31: Timeout
[676](14:21:52)192.168.1.32: Timeout
[677](14:21:53)[0]-- TIME:20081026-142153

[678](14:21:54)[1]-- TIME:20081026-142154

[679](14:21:55)[2]-- TIME:20081026-142155

[680](14:21:56)[3]-- TIME:20081026-142156

[681](14:21:56)192.168.1.31: Timeout
[682](14:21:56)192.168.1.32: Timeout
[683](14:21:57)[0]-- TIME:20081026-142157

[684](14:21:58)[1]-- TIME:20081026-142158

[685](14:21:59)[2]-- TIME:20081026-142159

[686](14:22:00)[3]-- TIME:20081026-142200

[687](14:22:00)192.168.1.31: Timeout
[688](14:22:00)192.168.1.32: Timeout
[689](14:22:01)[0]-- TIME:20081026-142201

[690](14:22:02)[1]-- TIME:20081026-142202

[691](14:22:03)[2]-- TIME:20081026-142203

[692](14:22:04)[3]-- TIME:20081026-142204

[693](14:22:04)192.168.1.31: Timeout
[694](14:22:04)192.168.1.32: Timeout
[695](14:22:05)[0]-- TIME:20081026-142205

[696](14:22:06)[1]-- TIME:20081026-142206

[697](14:22:07)[2]-- TIME:20081026-142207

[698](14:22:08)[3]-- TIME:20081026-142208

[699](14:22:08)192.168.1.31: Timeout
[700](14:22:08)192.168.1.32: Timeout
[701](14:22:09)[0]-- TIME:20081026-142209

[702](14:22:10)[1]-- TIME:20081026-142210

[703](14:22:11)[2]-- TIME:20081026-142211

[704](14:22:12)[3]-- TIME:20081026-142212

[705](14:22:12)192.168.1.31: Timeout
[706](14:22:12)192.168.1.32: Timeout
[707](14:22:13)[0]-- TIME:20081026-142213

[708](14:22:14)[1]-- TIME:20081026-142214

[709](14:22:15)[2]-- TIME:20081026-142215

[710](14:22:16)[3]-- TIME:20081026-142216

[711](14:22:16)192.168.1.31: Timeout
[712](14:22:16)192.168.1.32: Timeout
[713](14:22:17)[0]-- TIME:20081026-142217

[714](14:22:18)[1]-- TIME:20081026-142218

[715](14:22:19)[2]-- TIME:20081026-142219

[716](14:22:20)[3]-- TIME:20081026-142220

[717](14:22:20)192.168.1.31: Timeout
[718](14:22:20)192.168.1.32: Timeout
[719](14:22:21)[0]-- TIME:20081026-142221

[720](14:22:22)[1]-- TIME:20081026-142222

[721](14:22:23)[2]-- TIME:20081026-142223

[722](14:22:24)[3]-- TIME:20081026-142224

[723](14:22:24)192.168.1.31: Timeout
[724](14:22:24)192.168.1.32: Timeout
[725](14:22:25)[0]-- TIME:20081026-142225

[726](14:22:26)[1]-- TIME:20081026-142226

[727](14:22:27)[2]-- TIME:20081026-142227

[728](14:22:28)[3]-- TIME:20081026-142228

[729](14:22:28)192.168.1.31: Timeout
[730](14:22:28)192.168.1.32: Timeout
[731](14:22:29)[0]-- TIME:20081026-142229

[732](14:22:30)[1]-- TIME:20081026-142230

[733](14:22:31)[2]-- TIME:20081026-142231

[734](14:22:32)[3]-- TIME:20081026-142232

[735](14:22:32)192.168.1.31: Timeout
[736](14:22:32)192.168.1.32: Timeout
[737](14:22:33)[0]-- TIME:20081026-142233

[738](14:22:34)[1]-- TIME:20081026-142234

[739](14:22:35)[2]-- TIME:20081026-142235

[740](14:22:36)[3]-- TIME:20081026-142236

[741](14:22:36)192.168.1.31: Timeout
[742](14:22:36)192.168.1.32: Timeout
[743](14:22:37)[0]-- TIME:20081026-142237

[744](14:22:38)[1]-- TIME:20081026-142238

[745](14:22:39)[2]-- TIME:20081026-142239

[746](14:22:40)[3]-- TIME:20081026-142240

[747](14:22:40)192.168.1.31: Timeout
[748](14:22:40)192.168.1.32: Timeout
[749](14:22:41)[0]-- TIME:20081026-142241

[750](14:22:42)[1]-- TIME:20081026-142242

[751](14:22:43)[2]-- TIME:20081026-142243

[752](14:22:44)[3]-- TIME:20081026-142244

[753](14:22:44)192.168.1.31: Timeout
[754](14:22:44)192.168.1.32: Timeout
[755](14:22:45)[0]-- TIME:20081026-142245

[756](14:22:46)[1]-- TIME:20081026-142246

[757](14:22:47)[2]-- TIME:20081026-142247

[758](14:22:48)[3]-- TIME:20081026-142248

[759](14:22:48)192.168.1.31: Timeout
[760](14:22:48)192.168.1.32: Timeout
[761](14:22:49)[0]-- TIME:20081026-142249

[762](14:22:49)Stop logging data
[763](14:22:50)[2]-- TIME:20081026-142250
