
[0](11:43:12)======== MONITA APP STARTING ===========
[1](11:43:12)Load file konfigurasi
[2](11:43:12)Baca konfig
[3](11:43:12)Baca konfig: OK
[4](11:43:14)Mulai logging data
[5](11:43:15)[0]-- TIME:20081028-114315

[6](11:43:16)[1]-- TIME:20081028-114316

[7](11:43:17)[2]-- TIME:20081028-114317

[8](11:43:18)[3]-- TIME:20081028-114318

[9](11:43:18)192.168.1.110: Timeout
[10](11:43:18)192.168.1.110: Timeout
[11](11:43:18)ALARM: Data Titik 127 (kWh) diluar jangkauan ukur
[12](11:43:18)ALARM: Data Titik 113 (kWh) diluar jangkauan ukur
[13](11:43:18)ALARM: Data Titik 116 (Voltage) diluar jangkauan ukur
[14](11:43:18)ALARM: Data Titik 101 (kwh) diluar jangkauan ukur
[15](11:43:18)ALARM: Data Titik 108 (Flowmeter) diluar jangkauan ukur
[16](11:43:18)192.168.1.29: Timeout
[17](11:43:18)192.168.1.32: Timeout
[18](11:43:19)[0]-- TIME:20081028-114319

[19](11:43:20)[1]-- TIME:20081028-114320

[20](11:43:21)[2]-- TIME:20081028-114321

[21](11:43:22)[3]-- TIME:20081028-114322

[22](11:43:22)ALARM: Data Titik 153 (kWh) diluar jangkauan ukur
[23](11:43:22)ALARM: Data Titik 140 (KwH) diluar jangkauan ukur
[24](11:43:22)ALARM: Data Titik 127 (kWh) diluar jangkauan ukur
[25](11:43:22)ALARM: Data Titik 113 (kWh) diluar jangkauan ukur
[26](11:43:22)ALARM: Data Titik 116 (Voltage) diluar jangkauan ukur
[27](11:43:22)ALARM: Data Titik 101 (kwh) diluar jangkauan ukur
[28](11:43:22)ALARM: Data Titik 108 (Flowmeter) diluar jangkauan ukur
[29](11:43:22)192.168.1.29: Timeout
[30](11:43:22)192.168.1.32: Timeout
[31](11:43:23)[0]-- TIME:20081028-114323

[32](11:43:24)[1]-- TIME:20081028-114324

[33](11:43:25)[2]-- TIME:20081028-114325

[34](11:43:26)[3]-- TIME:20081028-114326

[35](11:43:26)ALARM: Data Titik 153 (kWh) diluar jangkauan ukur
[36](11:43:26)ALARM: Data Titik 140 (KwH) diluar jangkauan ukur
[37](11:43:26)ALARM: Data Titik 127 (kWh) diluar jangkauan ukur
[38](11:43:26)ALARM: Data Titik 113 (kWh) diluar jangkauan ukur
[39](11:43:26)ALARM: Data Titik 116 (Voltage) diluar jangkauan ukur
[40](11:43:26)ALARM: Data Titik 101 (kwh) diluar jangkauan ukur
[41](11:43:26)ALARM: Data Titik 108 (Flowmeter) diluar jangkauan ukur
[42](11:43:26)192.168.1.29: Timeout
[43](11:43:26)192.168.1.32: Timeout
[44](11:43:26)192.168.1.31: Timeout
[45](11:43:26)Stop logging data
[46](11:43:27)[2]-- TIME:20081028-114327

[47](12:22:22)======== MONITA APP CLOSING =========
[48](12:22:22)============ BYE BYE ===============