
[0](10:13:14)======== MONITA APP STARTING ===========
[1](10:13:14)Load file konfigurasi
[2](10:13:14)Baca konfig
[3](10:13:14)Baca konfig: OK
[0](15:17:35)======== MONITA APP STARTING ===========
[1](15:17:35)Load file konfigurasi
[2](15:17:35)Baca konfig
[3](15:17:35)Baca konfig: OK
[4](15:17:39)======== MONITA APP CLOSING =========
[5](15:17:39)============ BYE BYE ===============
[0](15:21:49)======== MONITA APP STARTING ===========
[1](15:21:49)Load file konfigurasi
[2](15:21:49)Baca konfig
[3](15:21:49)Baca konfig: OK
[0](15:41:48)======== MONITA APP STARTING ===========
[1](15:41:48)Load file konfigurasi
[2](15:41:48)Baca konfig
[3](15:41:48)Baca konfig: OK
[0](15:47:46)======== MONITA APP STARTING ===========
[1](15:47:46)Load file konfigurasi
[2](15:47:46)Baca konfig
[3](15:47:46)Baca konfig: OK
[4](15:47:56)Mulai logging data
[5](15:47:57)[0]-- TIME:20080922-154757

[6](15:47:58)[1]-- TIME:20080922-154758

[7](15:47:59)[2]-- TIME:20080922-154759

[8](15:48:00)[3]-- TIME:20080922-154800

[0](15:49:45)======== MONITA APP STARTING ===========
[1](15:49:45)Load file konfigurasi
[2](15:49:45)Baca konfig
[3](15:49:45)Baca konfig: OK
[4](15:49:46)Mulai logging data
[5](15:49:48)[0]-- TIME:20080922-154948

[6](15:49:49)[1]-- TIME:20080922-154949

[7](15:49:50)[2]-- TIME:20080922-154950

[8](15:49:51)[3]-- TIME:20080922-154951

[0](15:56:09)======== MONITA APP STARTING ===========
[1](15:56:09)Load file konfigurasi
[2](15:56:09)Baca konfig
[3](15:56:09)Baca konfig: OK
[4](15:56:10)Mulai logging data
[5](15:56:12)[0]-- TIME:20080922-155612

[6](15:56:13)[1]-- TIME:20080922-155613

[7](15:56:14)[2]-- TIME:20080922-155614

[8](15:56:15)[3]-- TIME:20080922-155615

[9](15:56:16)[0]-- TIME:20080922-155616

[10](15:56:17)[1]-- TIME:20080922-155617

[11](15:56:18)[2]-- TIME:20080922-155618

[12](15:56:19)[3]-- TIME:20080922-155619

[13](15:56:20)[0]-- TIME:20080922-155620

[14](15:56:21)[1]-- TIME:20080922-155621

[15](15:56:22)[2]-- TIME:20080922-155622

[16](15:56:23)[3]-- TIME:20080922-155623

[17](15:56:24)[0]-- TIME:20080922-155624

[18](15:56:24)Stop logging data
[19](15:56:25)[2]-- TIME:20080922-155625

[20](15:58:37)======== MONITA APP CLOSING =========
[21](15:58:37)============ BYE BYE ===============
[0](15:59:26)======== MONITA APP STARTING ===========
[1](15:59:26)Load file konfigurasi
[2](15:59:26)Baca konfig
[3](15:59:26)Baca konfig: OK
[4](15:59:28)Mulai logging data
[5](15:59:29)[0]-- TIME:20080922-155929

[6](15:59:30)[1]-- TIME:20080922-155930

[7](15:59:31)[2]-- TIME:20080922-155931

[8](15:59:32)[3]-- TIME:20080922-155932

[9](15:59:33)[0]-- TIME:20080922-155933

[10](15:59:34)[1]-- TIME:20080922-155934

[11](15:59:35)[2]-- TIME:20080922-155935

[12](15:59:36)[3]-- TIME:20080922-155936

[13](15:59:37)Stop logging data
[14](15:59:37)[2]-- TIME:20080922-155937

[0](16:03:33)======== MONITA APP STARTING ===========
[1](16:03:33)Load file konfigurasi
[2](16:03:33)Baca konfig
[3](16:03:33)Baca konfig: OK
[4](16:03:35)Mulai logging data
[5](16:03:37)[0]-- TIME:20080922-160337

[6](16:03:38)[1]-- TIME:20080922-160338

[7](16:03:39)[2]-- TIME:20080922-160339

[8](16:03:40)[3]-- TIME:20080922-160340

[9](16:03:48)[0]-- TIME:20080922-160348

[10](16:03:49)[1]-- TIME:20080922-160349

[11](16:03:50)[2]-- TIME:20080922-160350

[12](16:03:51)[3]-- TIME:20080922-160351

[13](16:03:52)[0]-- TIME:20080922-160352

[14](16:03:53)[1]-- TIME:20080922-160353

[15](16:03:54)[2]-- TIME:20080922-160354

[16](16:03:55)[3]-- TIME:20080922-160355

[17](16:03:57)[0]-- TIME:20080922-160357

[18](16:03:58)[1]-- TIME:20080922-160358

[19](16:03:59)[2]-- TIME:20080922-160359

[20](16:04:00)[3]-- TIME:20080922-160400

[21](16:04:01)[0]-- TIME:20080922-160401

[22](16:04:02)[1]-- TIME:20080922-160402

[23](16:04:03)[2]-- TIME:20080922-160403

[24](16:04:04)[3]-- TIME:20080922-160404

[25](16:04:05)[0]-- TIME:20080922-160405

[26](16:04:06)[1]-- TIME:20080922-160406

[27](16:04:07)[2]-- TIME:20080922-160407

[28](16:04:08)[3]-- TIME:20080922-160408

[29](16:04:09)[0]-- TIME:20080922-160409

[30](16:04:10)[1]-- TIME:20080922-160410

[31](16:04:11)[2]-- TIME:20080922-160411

[32](16:04:12)[3]-- TIME:20080922-160412

[33](16:04:13)[0]-- TIME:20080922-160413

[34](16:04:14)[1]-- TIME:20080922-160414

[35](16:04:15)[2]-- TIME:20080922-160415

[36](16:04:16)[3]-- TIME:20080922-160416

[37](16:04:17)[0]-- TIME:20080922-160417

[38](16:04:18)[1]-- TIME:20080922-160418

[39](16:04:19)[2]-- TIME:20080922-160419

[40](16:04:20)[3]-- TIME:20080922-160420

[41](16:04:21)[0]-- TIME:20080922-160421

[42](16:04:22)[1]-- TIME:20080922-160422

[43](16:04:23)[2]-- TIME:20080922-160423

[44](16:04:24)[3]-- TIME:20080922-160424

[45](16:04:25)[0]-- TIME:20080922-160425

[46](16:04:26)[1]-- TIME:20080922-160426

[47](16:04:27)[2]-- TIME:20080922-160427

[48](16:04:28)[3]-- TIME:20080922-160428

[49](16:04:29)[0]-- TIME:20080922-160429

[50](16:04:30)[1]-- TIME:20080922-160430

[51](16:04:31)[2]-- TIME:20080922-160431

[52](16:04:32)[3]-- TIME:20080922-160432

[53](16:04:33)[0]-- TIME:20080922-160433

[54](16:04:34)[1]-- TIME:20080922-160434

[55](16:04:35)[2]-- TIME:20080922-160435

[56](16:04:36)[3]-- TIME:20080922-160436

[57](16:04:37)[0]-- TIME:20080922-160437

[58](16:04:38)[1]-- TIME:20080922-160438

[59](16:04:39)[2]-- TIME:20080922-160439

[60](16:04:40)[3]-- TIME:20080922-160440

[61](16:04:41)[0]-- TIME:20080922-160441

[62](16:04:42)[1]-- TIME:20080922-160442

[63](16:04:43)======== MONITA APP CLOSING =========
[64](16:04:43)============ BYE BYE ===============