
[0](14:10:14)======== MONITA APP STARTING ===========
[1](14:10:14)Load file konfigurasi
[2](14:10:14)Baca konfig
[3](14:10:14)Baca konfig: OK
[4](14:10:22)Mulai logging data
[5](14:10:23)[0]-- TIME:20081026-141023

[6](14:10:24)[1]-- TIME:20081026-141024

[7](14:10:25)[2]-- TIME:20081026-141025

[8](14:10:26)[3]-- TIME:20081026-141026

[9](14:10:26)192.168.1.31: Timeout
[10](14:10:26)192.168.1.32: Timeout
[11](14:10:27)[0]-- TIME:20081026-141027

[12](14:10:28)[1]-- TIME:20081026-141028

[13](14:10:29)[2]-- TIME:20081026-141029

[14](14:10:30)[3]-- TIME:20081026-141030

[15](14:10:30)192.168.1.31: Timeout
[16](14:10:30)192.168.1.32: Timeout
[17](14:10:31)[0]-- TIME:20081026-141031

[18](14:10:32)======== MONITA APP CLOSING =========
[19](14:10:32)============ BYE BYE ===============