
[0](14:01:33)======== MONITA APP STARTING ===========
[1](14:01:33)Load file konfigurasi
[2](14:01:33)Baca konfig
[3](14:01:33)Baca konfig: OK
[4](14:35:00)Mulai logging data
[5](14:35:01)[0]-- TIME:20081017-143501

[6](14:35:02)[1]-- TIME:20081017-143502

[7](14:35:03)[2]-- TIME:20081017-143503

[8](14:35:04)[3]-- TIME:20081017-143504

[9](14:35:04)192.168.1.111: Timeout
[10](14:35:04)ALARM: Data Titik 104 (Ac) tinggi (0xF)
[11](14:35:05)192.168.1.113: Timeout
[12](14:35:08)[0]-- TIME:20081017-143508

[13](14:35:09)[1]-- TIME:20081017-143509

[14](14:35:10)[2]-- TIME:20081017-143510

[15](14:35:11)[3]-- TIME:20081017-143511

[16](14:35:12)192.168.1.111: Timeout
[17](14:35:12)ALARM: Data Titik 104 (Ac) tinggi (0xF)
[18](14:35:12)192.168.1.113: Timeout
[19](14:35:13)[0]-- TIME:20081017-143513

[20](14:35:14)[1]-- TIME:20081017-143514

[21](14:35:15)[2]-- TIME:20081017-143515

[22](14:35:16)[3]-- TIME:20081017-143516

[23](14:35:16)192.168.1.111: Timeout
[24](14:35:16)ALARM: Data Titik 104 (Ac) tinggi (0xF)
[25](14:35:16)192.168.1.113: Timeout
[26](14:35:17)[0]-- TIME:20081017-143517

[27](14:35:18)[1]-- TIME:20081017-143518

[28](14:35:19)[2]-- TIME:20081017-143519

[29](14:35:20)[3]-- TIME:20081017-143520

[30](14:35:20)192.168.1.111: Timeout
[31](14:35:20)ALARM: Data Titik 104 (Ac) tinggi (0xF)
[32](14:35:20)192.168.1.113: Timeout
[33](14:35:21)[0]-- TIME:20081017-143521

[34](14:35:22)[1]-- TIME:20081017-143522

[35](14:35:23)[2]-- TIME:20081017-143523

[36](14:35:24)[3]-- TIME:20081017-143524

[37](14:35:24)192.168.1.111: Timeout
[38](14:35:24)ALARM: Data Titik 104 (Ac) tinggi (0xF)
[39](14:35:24)192.168.1.113: Timeout
[40](14:35:25)[0]-- TIME:20081017-143525

[41](14:35:26)[1]-- TIME:20081017-143526

[42](14:35:27)[2]-- TIME:20081017-143527

[43](14:35:28)[3]-- TIME:20081017-143528

[44](14:35:28)192.168.1.124: Timeout
[45](14:35:28)192.168.1.111: Timeout
[46](14:35:28)ALARM: Data Titik 104 (Ac) tinggi (0xF)
[47](14:35:28)192.168.1.113: Timeout
[48](14:35:29)[0]-- TIME:20081017-143529

[49](14:35:30)[1]-- TIME:20081017-143530

[50](14:35:31)[2]-- TIME:20081017-143531

[51](14:35:32)[3]-- TIME:20081017-143532

[52](14:35:32)192.168.1.111: Timeout
[53](14:35:32)ALARM: Data Titik 104 (Ac) tinggi (0xF)
[54](14:35:32)192.168.1.113: Timeout
[55](14:35:33)[0]-- TIME:20081017-143533

[56](14:35:34)[1]-- TIME:20081017-143534

[57](14:35:35)[2]-- TIME:20081017-143535

[58](14:35:36)[3]-- TIME:20081017-143536

[59](14:35:36)192.168.1.111: Timeout
[60](14:35:36)ALARM: Data Titik 104 (Ac) tinggi (0xF)
[61](14:35:36)192.168.1.113: Timeout
[62](14:35:37)[0]-- TIME:20081017-143537

[63](14:35:38)[1]-- TIME:20081017-143538

[64](14:35:39)[2]-- TIME:20081017-143539

[65](14:35:40)[3]-- TIME:20081017-143540

[66](14:35:40)192.168.1.111: Timeout
[67](14:35:40)ALARM: Data Titik 104 (Ac) tinggi (0xF)
[68](14:35:40)192.168.1.113: Timeout
[69](14:35:41)[0]-- TIME:20081017-143541

[70](14:35:42)[1]-- TIME:20081017-143542

[71](14:35:43)[2]-- TIME:20081017-143543

[72](14:35:44)[3]-- TIME:20081017-143544

[73](14:35:44)192.168.1.111: Timeout
[74](14:35:44)ALARM: Data Titik 104 (Ac) tinggi (0xF)
[75](14:35:44)192.168.1.113: Timeout
[76](14:35:45)[0]-- TIME:20081017-143545

[77](14:35:46)[1]-- TIME:20081017-143546

[78](14:35:47)[2]-- TIME:20081017-143547

[79](14:35:48)[3]-- TIME:20081017-143548

[80](14:35:48)192.168.1.111: Timeout
[81](14:35:48)ALARM: Data Titik 104 (Ac) tinggi (0xF)
[82](14:35:48)192.168.1.113: Timeout
[83](14:35:49)[0]-- TIME:20081017-143549

[84](14:35:50)[1]-- TIME:20081017-143550

[85](14:35:51)[2]-- TIME:20081017-143551

[86](14:35:52)[3]-- TIME:20081017-143552

[87](14:35:52)192.168.1.111: Timeout
[88](14:35:52)ALARM: Data Titik 104 (Ac) tinggi (0xF)
[89](14:35:52)192.168.1.113: Timeout
[90](14:35:53)[0]-- TIME:20081017-143553

[91](14:35:54)[1]-- TIME:20081017-143554

[92](14:35:55)[2]-- TIME:20081017-143555

[93](14:35:56)[3]-- TIME:20081017-143556

[94](14:35:56)192.168.1.111: Timeout
[95](14:35:56)ALARM: Data Titik 104 (Ac) tinggi (0xF)
[96](14:35:56)192.168.1.113: Timeout
[97](14:35:57)[0]-- TIME:20081017-143557

[98](14:35:58)[1]-- TIME:20081017-143558

[99](14:35:59)[2]-- TIME:20081017-143559

[100](14:36:00)[3]-- TIME:20081017-143600

[101](14:36:00)192.168.1.111: Timeout
[102](14:36:00)ALARM: Data Titik 104 (Ac) tinggi (0xF)
[103](14:36:00)192.168.1.113: Timeout
[104](14:36:01)[0]-- TIME:20081017-143601

[105](14:36:02)[1]-- TIME:20081017-143602

[106](14:36:03)[2]-- TIME:20081017-143603

[107](14:36:04)[3]-- TIME:20081017-143604

[108](14:36:04)192.168.1.111: Timeout
[109](14:36:04)ALARM: Data Titik 104 (Ac) tinggi (0xF)
[110](14:36:04)192.168.1.113: Timeout
[111](14:36:05)[0]-- TIME:20081017-143605

[112](14:36:06)[1]-- TIME:20081017-143606

[113](14:36:07)[2]-- TIME:20081017-143607

[114](14:36:08)[3]-- TIME:20081017-143608

[115](14:36:08)192.168.1.111: Timeout
[116](14:36:08)ALARM: Data Titik 104 (Ac) tinggi (0xF)
[117](14:36:08)192.168.1.113: Timeout
[118](14:36:09)[0]-- TIME:20081017-143609

[119](14:36:10)[1]-- TIME:20081017-143610

[120](14:36:11)[2]-- TIME:20081017-143611

[121](14:36:12)[3]-- TIME:20081017-143612

[122](14:36:12)192.168.1.111: Timeout
[123](14:36:12)ALARM: Data Titik 104 (Ac) tinggi (0xF)
[124](14:36:12)192.168.1.113: Timeout
[125](14:36:13)[0]-- TIME:20081017-143613

[126](14:36:14)[1]-- TIME:20081017-143614

[127](14:36:15)[2]-- TIME:20081017-143615

[128](14:36:16)[3]-- TIME:20081017-143616

[129](14:36:16)192.168.1.111: Timeout
[130](14:36:16)ALARM: Data Titik 104 (Ac) tinggi (0xF)
[131](14:36:16)192.168.1.113: Timeout
[132](14:36:17)[0]-- TIME:20081017-143617

[133](14:36:18)[1]-- TIME:20081017-143618

[134](14:36:19)[2]-- TIME:20081017-143619

[135](14:36:20)[3]-- TIME:20081017-143620

[136](14:36:20)192.168.1.111: Timeout
[137](14:36:20)ALARM: Data Titik 104 (Ac) tinggi (0xF)
[138](14:36:20)192.168.1.113: Timeout
[139](14:36:21)[0]-- TIME:20081017-143621

[140](14:36:22)[1]-- TIME:20081017-143622

[141](14:36:23)[2]-- TIME:20081017-143623

[142](14:36:24)[3]-- TIME:20081017-143624

[143](14:36:24)192.168.1.111: Timeout
[144](14:36:24)ALARM: Data Titik 104 (Ac) tinggi (0xF)
[145](14:36:24)192.168.1.113: Timeout
[146](14:36:25)[0]-- TIME:20081017-143625

[147](14:36:26)[1]-- TIME:20081017-143626

[148](14:36:27)[2]-- TIME:20081017-143627

[149](14:36:28)[3]-- TIME:20081017-143628

[150](14:36:28)192.168.1.111: Timeout
[151](14:36:28)ALARM: Data Titik 104 (Ac) tinggi (0xF)
[152](14:36:28)192.168.1.113: Timeout
[153](14:36:29)[0]-- TIME:20081017-143629

[154](14:36:30)[1]-- TIME:20081017-143630

[155](14:36:31)[2]-- TIME:20081017-143631

[156](14:36:32)[3]-- TIME:20081017-143632

[157](14:36:32)192.168.1.111: Timeout
[158](14:36:32)ALARM: Data Titik 104 (Ac) tinggi (0xF)
[159](14:36:32)192.168.1.113: Timeout
[160](14:36:33)[0]-- TIME:20081017-143633

[161](14:36:34)[1]-- TIME:20081017-143634

[162](14:36:35)[2]-- TIME:20081017-143635

[163](14:36:36)[3]-- TIME:20081017-143636

[164](14:36:36)192.168.1.111: Timeout
[165](14:36:36)ALARM: Data Titik 104 (Ac) tinggi (0xF)
[166](14:36:36)192.168.1.113: Timeout
[167](14:36:37)[0]-- TIME:20081017-143637

[168](14:36:38)[1]-- TIME:20081017-143638

[169](14:36:39)[2]-- TIME:20081017-143639

[170](14:36:40)[3]-- TIME:20081017-143640

[171](14:36:40)192.168.1.111: Timeout
[172](14:36:40)ALARM: Data Titik 104 (Ac) tinggi (0xF)
[173](14:36:40)192.168.1.113: Timeout
[174](14:36:41)[0]-- TIME:20081017-143641

[175](14:36:42)[1]-- TIME:20081017-143642

[176](14:36:43)[2]-- TIME:20081017-143643

[177](14:36:44)[3]-- TIME:20081017-143644

[178](14:36:44)192.168.1.111: Timeout
[179](14:36:44)ALARM: Data Titik 104 (Ac) tinggi (0xF)
[180](14:36:44)192.168.1.113: Timeout
[181](14:36:45)[0]-- TIME:20081017-143645

[182](14:36:46)[1]-- TIME:20081017-143646

[183](14:36:47)[2]-- TIME:20081017-143647

[184](14:36:48)[3]-- TIME:20081017-143648

[185](14:36:48)192.168.1.111: Timeout
[186](14:36:48)ALARM: Data Titik 104 (Ac) tinggi (0xF)
[187](14:36:48)192.168.1.113: Timeout
[188](14:36:49)[0]-- TIME:20081017-143649

[189](14:36:50)[1]-- TIME:20081017-143650

[190](14:36:51)[2]-- TIME:20081017-143651

[191](14:36:52)[3]-- TIME:20081017-143652

[192](14:36:52)192.168.1.111: Timeout
[193](14:36:52)ALARM: Data Titik 104 (Ac) tinggi (0xF)
[194](14:36:52)192.168.1.113: Timeout
[195](14:36:53)[0]-- TIME:20081017-143653

[196](14:36:54)[1]-- TIME:20081017-143654

[197](14:36:55)[2]-- TIME:20081017-143655

[198](14:36:56)[3]-- TIME:20081017-143656

[199](14:36:56)192.168.1.111: Timeout
[200](14:36:56)ALARM: Data Titik 104 (Ac) tinggi (0xF)
[201](14:36:56)192.168.1.113: Timeout
[202](14:36:57)[0]-- TIME:20081017-143657

[203](14:36:58)[1]-- TIME:20081017-143658

[204](14:36:59)[2]-- TIME:20081017-143659

[205](14:37:00)[3]-- TIME:20081017-143700

[206](14:37:00)192.168.1.111: Timeout
[207](14:37:00)ALARM: Data Titik 104 (Ac) tinggi (0xF)
[208](14:37:00)192.168.1.113: Timeout
[209](14:37:01)[0]-- TIME:20081017-143701

[210](14:37:02)[1]-- TIME:20081017-143702

[211](14:37:03)[2]-- TIME:20081017-143703

[212](14:37:04)[3]-- TIME:20081017-143704

[213](14:37:04)192.168.1.111: Timeout
[214](14:37:04)ALARM: Data Titik 104 (Ac) tinggi (0xF)
[215](14:37:04)192.168.1.113: Timeout
[216](14:37:05)[0]-- TIME:20081017-143705

[217](14:37:06)[1]-- TIME:20081017-143706

[218](14:37:07)[2]-- TIME:20081017-143707

[219](14:37:08)[3]-- TIME:20081017-143708

[220](14:37:08)192.168.1.111: Timeout
[221](14:37:08)ALARM: Data Titik 104 (Ac) tinggi (0xF)
[222](14:37:08)192.168.1.113: Timeout
[223](14:37:09)[0]-- TIME:20081017-143709

[224](14:37:10)[1]-- TIME:20081017-143710

[225](14:37:11)[2]-- TIME:20081017-143711

[226](14:37:12)[3]-- TIME:20081017-143712

[227](14:37:12)192.168.1.111: Timeout
[228](14:37:12)ALARM: Data Titik 104 (Ac) tinggi (0xF)
[229](14:37:12)192.168.1.113: Timeout
[230](14:37:13)[0]-- TIME:20081017-143713

[231](14:37:14)[1]-- TIME:20081017-143714

[232](14:37:15)[2]-- TIME:20081017-143715

[233](14:37:16)[3]-- TIME:20081017-143716

[234](14:37:16)192.168.1.111: Timeout
[235](14:37:16)ALARM: Data Titik 104 (Ac) tinggi (0xF)
[236](14:37:16)192.168.1.113: Timeout
[237](14:37:17)[0]-- TIME:20081017-143717

[238](14:37:18)[1]-- TIME:20081017-143718

[239](14:37:19)[2]-- TIME:20081017-143719

[240](14:37:20)[3]-- TIME:20081017-143720

[241](14:37:20)192.168.1.111: Timeout
[242](14:37:20)ALARM: Data Titik 104 (Ac) tinggi (0xF)
[243](14:37:20)192.168.1.113: Timeout
[244](14:37:21)[0]-- TIME:20081017-143721

[245](14:37:22)[1]-- TIME:20081017-143722

[246](14:37:23)[2]-- TIME:20081017-143723

[247](14:37:24)[3]-- TIME:20081017-143724

[248](14:37:24)192.168.1.111: Timeout
[249](14:37:24)ALARM: Data Titik 104 (Ac) tinggi (0xF)
[250](14:37:24)192.168.1.113: Timeout
[251](14:37:25)[0]-- TIME:20081017-143725

[252](14:37:26)[1]-- TIME:20081017-143726

[253](14:37:27)[2]-- TIME:20081017-143727

[254](14:37:28)[3]-- TIME:20081017-143728

[255](14:37:28)192.168.1.111: Timeout
[256](14:37:28)ALARM: Data Titik 104 (Ac) tinggi (0xF)
[257](14:37:28)192.168.1.113: Timeout
[258](14:37:29)[0]-- TIME:20081017-143729

[259](14:37:30)[1]-- TIME:20081017-143730

[260](14:37:31)[2]-- TIME:20081017-143731

[261](14:37:32)[3]-- TIME:20081017-143732

[262](14:37:32)192.168.1.111: Timeout
[263](14:37:32)ALARM: Data Titik 104 (Ac) tinggi (0xF)
[264](14:37:32)192.168.1.113: Timeout
[265](14:37:33)[0]-- TIME:20081017-143733

[266](14:37:34)[1]-- TIME:20081017-143734

[267](14:37:35)[2]-- TIME:20081017-143735

[268](14:37:36)[3]-- TIME:20081017-143736

[269](14:37:36)192.168.1.111: Timeout
[270](14:37:36)ALARM: Data Titik 104 (Ac) tinggi (0xF)
[271](14:37:36)192.168.1.113: Timeout
[272](14:37:37)[0]-- TIME:20081017-143737

[273](14:37:38)[1]-- TIME:20081017-143738

[274](14:37:39)[2]-- TIME:20081017-143739

[275](14:37:40)[3]-- TIME:20081017-143740

[276](14:37:40)192.168.1.111: Timeout
[277](14:37:40)ALARM: Data Titik 104 (Ac) tinggi (0xF)
[278](14:37:40)192.168.1.113: Timeout
[279](14:37:41)[0]-- TIME:20081017-143741

[280](14:37:42)[1]-- TIME:20081017-143742

[281](14:37:43)[2]-- TIME:20081017-143743

[282](14:37:44)[3]-- TIME:20081017-143744

[283](14:37:44)192.168.1.111: Timeout
[284](14:37:44)ALARM: Data Titik 104 (Ac) tinggi (0xF)
[285](14:37:44)192.168.1.113: Timeout
[286](14:37:45)[0]-- TIME:20081017-143745

[287](14:37:46)[1]-- TIME:20081017-143746

[288](14:37:47)[2]-- TIME:20081017-143747

[289](14:37:48)[3]-- TIME:20081017-143748

[290](14:37:48)192.168.1.122: Timeout
[291](14:37:48)192.168.1.111: Timeout
[292](14:37:48)ALARM: Data Titik 104 (Ac) tinggi (0xF)
[293](14:37:48)192.168.1.113: Timeout
[294](14:37:49)[0]-- TIME:20081017-143749

[295](14:37:50)[1]-- TIME:20081017-143750

[296](14:37:51)[2]-- TIME:20081017-143751

[297](14:37:52)[3]-- TIME:20081017-143752

[298](14:37:52)192.168.1.111: Timeout
[299](14:37:52)ALARM: Data Titik 104 (Ac) tinggi (0xF)
[300](14:37:52)192.168.1.113: Timeout
[301](14:37:53)[0]-- TIME:20081017-143753

[302](14:37:54)[1]-- TIME:20081017-143754

[303](14:37:55)[2]-- TIME:20081017-143755

[304](14:37:56)[3]-- TIME:20081017-143756

[305](14:37:56)192.168.1.111: Timeout
[306](14:37:56)ALARM: Data Titik 104 (Ac) tinggi (0xF)
[307](14:37:56)192.168.1.113: Timeout
[308](14:37:57)[0]-- TIME:20081017-143757

[309](14:37:58)[1]-- TIME:20081017-143758

[310](14:37:59)[2]-- TIME:20081017-143759

[311](14:38:00)[3]-- TIME:20081017-143800

[312](14:38:00)192.168.1.111: Timeout
[313](14:38:00)ALARM: Data Titik 104 (Ac) tinggi (0xF)
[314](14:38:00)192.168.1.113: Timeout
[315](14:38:01)[0]-- TIME:20081017-143801

[316](14:38:02)[1]-- TIME:20081017-143802

[317](14:38:03)[2]-- TIME:20081017-143803

[318](14:38:04)[3]-- TIME:20081017-143804

[319](14:38:04)192.168.1.111: Timeout
[320](14:38:04)ALARM: Data Titik 104 (Ac) tinggi (0xF)
[321](14:38:04)192.168.1.113: Timeout
[322](14:38:05)[0]-- TIME:20081017-143805

[323](14:38:06)[1]-- TIME:20081017-143806

[324](14:38:07)[2]-- TIME:20081017-143807

[325](14:38:08)[3]-- TIME:20081017-143808

[326](14:38:08)192.168.1.111: Timeout
[327](14:38:08)ALARM: Data Titik 104 (Ac) tinggi (0xF)
[328](14:38:08)192.168.1.113: Timeout
[329](14:38:09)[0]-- TIME:20081017-143809

[330](14:38:10)[1]-- TIME:20081017-143810

[331](14:38:11)[2]-- TIME:20081017-143811

[332](14:38:12)[3]-- TIME:20081017-143812

[333](14:38:12)192.168.1.111: Timeout
[334](14:38:12)ALARM: Data Titik 104 (Ac) tinggi (0xF)
[335](14:38:12)192.168.1.113: Timeout
[336](14:38:13)[0]-- TIME:20081017-143813

[337](14:38:14)[1]-- TIME:20081017-143814

[338](14:38:15)[2]-- TIME:20081017-143815

[339](14:38:16)[3]-- TIME:20081017-143816

[340](14:38:16)192.168.1.111: Timeout
[341](14:38:16)ALARM: Data Titik 104 (Ac) tinggi (0xF)
[342](14:38:16)192.168.1.113: Timeout
[343](14:38:17)[0]-- TIME:20081017-143817

[344](14:38:18)[1]-- TIME:20081017-143818

[345](14:38:19)[2]-- TIME:20081017-143819

[346](14:38:20)[3]-- TIME:20081017-143820

[347](14:38:20)192.168.1.111: Timeout
[348](14:38:20)ALARM: Data Titik 104 (Ac) tinggi (0xF)
[349](14:38:20)192.168.1.113: Timeout
[350](14:38:21)[0]-- TIME:20081017-143821

[351](14:38:22)[1]-- TIME:20081017-143822

[352](14:38:23)[2]-- TIME:20081017-143823

[353](14:38:24)[3]-- TIME:20081017-143824

[354](14:38:24)192.168.1.111: Timeout
[355](14:38:24)ALARM: Data Titik 104 (Ac) tinggi (0xF)
[356](14:38:24)192.168.1.113: Timeout
[357](14:38:25)[0]-- TIME:20081017-143825

[358](14:38:26)[1]-- TIME:20081017-143826

[359](14:38:27)[2]-- TIME:20081017-143827

[360](14:38:28)[3]-- TIME:20081017-143828

[361](14:38:28)192.168.1.111: Timeout
[362](14:38:28)ALARM: Data Titik 104 (Ac) tinggi (0xF)
[363](14:38:28)192.168.1.113: Timeout
[364](14:38:29)[0]-- TIME:20081017-143829

[365](14:38:30)[1]-- TIME:20081017-143830

[366](14:38:31)[2]-- TIME:20081017-143831

[367](14:38:32)[3]-- TIME:20081017-143832

[368](14:38:32)192.168.1.111: Timeout
[369](14:38:32)ALARM: Data Titik 104 (Ac) tinggi (0xF)
[370](14:38:32)192.168.1.113: Timeout
[371](14:38:33)[0]-- TIME:20081017-143833

[372](14:38:34)[1]-- TIME:20081017-143834

[373](14:38:35)[2]-- TIME:20081017-143835

[374](14:38:36)[3]-- TIME:20081017-143836

[375](14:38:36)192.168.1.111: Timeout
[376](14:38:36)ALARM: Data Titik 104 (Ac) tinggi (0xF)
[377](14:38:36)192.168.1.113: Timeout
[378](14:38:37)[0]-- TIME:20081017-143837

[379](14:38:38)[1]-- TIME:20081017-143838

[380](14:38:39)[2]-- TIME:20081017-143839

[381](14:38:40)[3]-- TIME:20081017-143840

[382](14:38:40)192.168.1.111: Timeout
[383](14:38:40)ALARM: Data Titik 104 (Ac) tinggi (0xF)
[384](14:38:40)192.168.1.113: Timeout
[385](14:38:41)[0]-- TIME:20081017-143841

[386](14:38:42)[1]-- TIME:20081017-143842

[387](14:38:43)[2]-- TIME:20081017-143843

[388](14:38:44)[3]-- TIME:20081017-143844

[389](14:38:44)192.168.1.111: Timeout
[390](14:38:44)ALARM: Data Titik 104 (Ac) tinggi (0xF)
[391](14:38:44)192.168.1.113: Timeout
[392](14:38:45)[0]-- TIME:20081017-143845

[393](14:38:46)[1]-- TIME:20081017-143846

[394](14:38:47)[2]-- TIME:20081017-143847

[395](14:38:48)[3]-- TIME:20081017-143848

[396](14:38:48)192.168.1.111: Timeout
[397](14:38:48)ALARM: Data Titik 104 (Ac) tinggi (0xF)
[398](14:38:48)192.168.1.113: Timeout
[399](14:38:49)[0]-- TIME:20081017-143849

[400](14:38:50)[1]-- TIME:20081017-143850

[401](14:38:51)[2]-- TIME:20081017-143851

[402](14:38:52)[3]-- TIME:20081017-143852

[403](14:38:52)192.168.1.111: Timeout
[404](14:38:52)ALARM: Data Titik 104 (Ac) tinggi (0xF)
[405](14:38:52)192.168.1.113: Timeout
[406](14:38:53)[0]-- TIME:20081017-143853

[407](14:38:54)[1]-- TIME:20081017-143854

[408](14:38:55)[2]-- TIME:20081017-143855

[409](14:38:56)[3]-- TIME:20081017-143856

[410](14:38:56)192.168.1.111: Timeout
[411](14:38:56)ALARM: Data Titik 104 (Ac) tinggi (0xF)
[412](14:38:56)192.168.1.113: Timeout
[413](14:38:57)[0]-- TIME:20081017-143857

[414](14:38:58)[1]-- TIME:20081017-143858

[415](14:38:59)[2]-- TIME:20081017-143859

[416](14:39:00)[3]-- TIME:20081017-143900

[417](14:39:00)192.168.1.111: Timeout
[418](14:39:00)ALARM: Data Titik 104 (Ac) tinggi (0xF)
[419](14:39:00)192.168.1.113: Timeout
[420](14:39:01)[0]-- TIME:20081017-143901

[421](14:39:02)[1]-- TIME:20081017-143902

[422](14:39:03)[2]-- TIME:20081017-143903

[423](14:39:04)[3]-- TIME:20081017-143904

[424](14:39:04)192.168.1.111: Timeout
[425](14:39:04)ALARM: Data Titik 104 (Ac) tinggi (0xF)
[426](14:39:04)192.168.1.113: Timeout
[427](14:39:05)[0]-- TIME:20081017-143905

[428](14:39:06)[1]-- TIME:20081017-143906

[429](14:39:07)[2]-- TIME:20081017-143907

[430](14:39:08)[3]-- TIME:20081017-143908

[431](14:39:08)192.168.1.111: Timeout
[432](14:39:08)ALARM: Data Titik 104 (Ac) tinggi (0xF)
[433](14:39:08)192.168.1.113: Timeout
[434](14:39:09)[0]-- TIME:20081017-143909

[435](14:39:10)[1]-- TIME:20081017-143910

[436](14:39:11)[2]-- TIME:20081017-143911

[437](14:39:12)[3]-- TIME:20081017-143912

[438](14:39:12)192.168.1.111: Timeout
[439](14:39:12)ALARM: Data Titik 104 (Ac) tinggi (0xF)
[440](14:39:12)192.168.1.113: Timeout
[441](14:39:13)[0]-- TIME:20081017-143913

[442](14:39:14)[1]-- TIME:20081017-143914

[443](14:39:15)[2]-- TIME:20081017-143915

[444](14:39:16)[3]-- TIME:20081017-143916

[445](14:39:16)192.168.1.111: Timeout
[446](14:39:16)ALARM: Data Titik 104 (Ac) tinggi (0xF)
[447](14:39:16)192.168.1.113: Timeout
[448](14:39:17)[0]-- TIME:20081017-143917

[449](14:39:18)[1]-- TIME:20081017-143918

[450](14:39:19)[2]-- TIME:20081017-143919

[451](14:39:20)[3]-- TIME:20081017-143920

[452](14:39:20)192.168.1.111: Timeout
[453](14:39:20)ALARM: Data Titik 104 (Ac) tinggi (0xF)
[454](14:39:20)192.168.1.113: Timeout
[455](14:39:21)[0]-- TIME:20081017-143921

[456](14:39:22)[1]-- TIME:20081017-143922

[457](14:39:23)[2]-- TIME:20081017-143923

[458](14:39:24)[3]-- TIME:20081017-143924

[459](14:39:24)192.168.1.111: Timeout
[460](14:39:24)ALARM: Data Titik 104 (Ac) tinggi (0xF)
[461](14:39:24)192.168.1.113: Timeout
[462](14:39:25)[0]-- TIME:20081017-143925

[463](14:39:26)[1]-- TIME:20081017-143926

[464](14:39:27)[2]-- TIME:20081017-143927

[465](14:39:28)[3]-- TIME:20081017-143928

[466](14:39:28)192.168.1.111: Timeout
[467](14:39:28)ALARM: Data Titik 104 (Ac) tinggi (0xF)
[468](14:39:28)192.168.1.113: Timeout
[469](14:39:29)[0]-- TIME:20081017-143929

[470](14:39:30)[1]-- TIME:20081017-143930

[471](14:39:31)[2]-- TIME:20081017-143931

[472](14:39:32)[3]-- TIME:20081017-143932

[473](14:39:32)192.168.1.111: Timeout
[474](14:39:32)ALARM: Data Titik 104 (Ac) tinggi (0xF)
[475](14:39:32)192.168.1.113: Timeout
[476](14:39:33)[0]-- TIME:20081017-143933

[477](14:39:34)[1]-- TIME:20081017-143934

[478](14:39:35)[2]-- TIME:20081017-143935

[479](14:39:36)[3]-- TIME:20081017-143936

[480](14:39:36)192.168.1.111: Timeout
[481](14:39:36)ALARM: Data Titik 104 (Ac) tinggi (0xF)
[482](14:39:36)192.168.1.113: Timeout
[483](14:39:37)[0]-- TIME:20081017-143937

[484](14:39:38)[1]-- TIME:20081017-143938

[485](14:39:39)[2]-- TIME:20081017-143939

[486](14:39:40)[3]-- TIME:20081017-143940

[487](14:39:40)192.168.1.111: Timeout
[488](14:39:40)ALARM: Data Titik 104 (Ac) tinggi (0xF)
[489](14:39:40)192.168.1.113: Timeout
[490](14:39:41)[0]-- TIME:20081017-143941

[491](14:39:42)[1]-- TIME:20081017-143942

[492](14:39:43)[2]-- TIME:20081017-143943

[493](14:39:44)[3]-- TIME:20081017-143944

[494](14:39:44)192.168.1.111: Timeout
[495](14:39:44)ALARM: Data Titik 104 (Ac) tinggi (0xF)
[496](14:39:44)192.168.1.113: Timeout
[497](14:39:45)[0]-- TIME:20081017-143945

[498](14:39:46)[1]-- TIME:20081017-143946

[499](14:39:47)[2]-- TIME:20081017-143947

[500](14:39:48)[3]-- TIME:20081017-143948

[501](14:39:48)192.168.1.111: Timeout
[502](14:39:48)ALARM: Data Titik 104 (Ac) tinggi (0xF)
[503](14:39:48)192.168.1.113: Timeout
[504](14:39:49)[0]-- TIME:20081017-143949

[505](14:39:50)[1]-- TIME:20081017-143950

[506](14:39:51)[2]-- TIME:20081017-143951

[507](14:39:52)[3]-- TIME:20081017-143952

[508](14:39:52)192.168.1.111: Timeout
[509](14:39:52)ALARM: Data Titik 104 (Ac) tinggi (0xF)
[510](14:39:52)192.168.1.113: Timeout
[511](14:39:53)[0]-- TIME:20081017-143953

[512](14:39:54)[1]-- TIME:20081017-143954

[513](14:39:55)[2]-- TIME:20081017-143955

[514](14:39:56)[3]-- TIME:20081017-143956

[515](14:39:56)192.168.1.111: Timeout
[516](14:39:56)ALARM: Data Titik 104 (Ac) tinggi (0xF)
[517](14:39:56)192.168.1.113: Timeout
[518](14:39:57)[0]-- TIME:20081017-143957

[519](14:39:58)[1]-- TIME:20081017-143958

[520](14:39:59)[2]-- TIME:20081017-143959

[521](14:40:00)[3]-- TIME:20081017-144000

[522](14:40:00)192.168.1.111: Timeout
[523](14:40:00)ALARM: Data Titik 104 (Ac) tinggi (0xF)
[524](14:40:00)192.168.1.113: Timeout
[525](14:40:01)[0]-- TIME:20081017-144001

[526](14:40:02)[1]-- TIME:20081017-144002

[527](14:40:03)[2]-- TIME:20081017-144003

[528](14:40:04)[3]-- TIME:20081017-144004

[529](14:40:04)192.168.1.111: Timeout
[530](14:40:04)ALARM: Data Titik 104 (Ac) tinggi (0xF)
[531](14:40:04)192.168.1.113: Timeout
[532](14:40:05)[0]-- TIME:20081017-144005

[533](14:40:06)[1]-- TIME:20081017-144006

[534](14:40:07)[2]-- TIME:20081017-144007

[535](14:40:08)[3]-- TIME:20081017-144008

[536](14:40:08)192.168.1.111: Timeout
[537](14:40:08)ALARM: Data Titik 104 (Ac) tinggi (0xF)
[538](14:40:08)192.168.1.113: Timeout
[539](14:40:09)[0]-- TIME:20081017-144009

[540](14:40:10)[1]-- TIME:20081017-144010

[541](14:40:11)[2]-- TIME:20081017-144011

[542](14:40:12)[3]-- TIME:20081017-144012

[543](14:40:12)192.168.1.111: Timeout
[544](14:40:12)ALARM: Data Titik 104 (Ac) tinggi (0xF)
[545](14:40:12)192.168.1.113: Timeout
[546](14:40:13)[0]-- TIME:20081017-144013

[547](14:40:14)[1]-- TIME:20081017-144014

[548](14:40:15)[2]-- TIME:20081017-144015

[549](14:40:16)[3]-- TIME:20081017-144016

[550](14:40:16)192.168.1.111: Timeout
[551](14:40:16)ALARM: Data Titik 104 (Ac) tinggi (0xF)
[552](14:40:16)192.168.1.113: Timeout
[553](14:40:17)[0]-- TIME:20081017-144017

[554](14:40:18)[1]-- TIME:20081017-144018

[555](14:40:19)[2]-- TIME:20081017-144019

[556](14:40:20)[3]-- TIME:20081017-144020

[557](14:40:20)192.168.1.111: Timeout
[558](14:40:20)ALARM: Data Titik 104 (Ac) tinggi (0xF)
[559](14:40:20)192.168.1.113: Timeout
[560](14:40:21)[0]-- TIME:20081017-144021

[561](14:40:22)[1]-- TIME:20081017-144022

[562](14:40:23)[2]-- TIME:20081017-144023

[563](14:40:24)[3]-- TIME:20081017-144024

[564](14:40:24)192.168.1.111: Timeout
[565](14:40:24)ALARM: Data Titik 104 (Ac) tinggi (0xF)
[566](14:40:24)192.168.1.113: Timeout
[567](14:40:25)[0]-- TIME:20081017-144025

[568](14:40:26)[1]-- TIME:20081017-144026

[569](14:40:27)[2]-- TIME:20081017-144027

[570](14:40:28)[3]-- TIME:20081017-144028

[571](14:40:28)192.168.1.111: Timeout
[572](14:40:28)ALARM: Data Titik 104 (Ac) tinggi (0xF)
[573](14:40:28)192.168.1.113: Timeout
[574](14:40:29)[0]-- TIME:20081017-144029

[575](14:40:30)[1]-- TIME:20081017-144030

[576](14:40:31)[2]-- TIME:20081017-144031

[577](14:40:32)[3]-- TIME:20081017-144032

[578](14:40:32)192.168.1.111: Timeout
[579](14:40:32)ALARM: Data Titik 104 (Ac) tinggi (0xF)
[580](14:40:32)192.168.1.113: Timeout
[581](14:40:33)[0]-- TIME:20081017-144033

[582](14:40:34)[1]-- TIME:20081017-144034

[583](14:40:35)[2]-- TIME:20081017-144035

[584](14:40:36)[3]-- TIME:20081017-144036

[585](14:40:36)192.168.1.111: Timeout
[586](14:40:36)ALARM: Data Titik 104 (Ac) tinggi (0xF)
[587](14:40:36)192.168.1.113: Timeout
[588](14:40:37)[0]-- TIME:20081017-144037

[589](14:40:38)[1]-- TIME:20081017-144038

[590](14:40:39)[2]-- TIME:20081017-144039

[591](14:40:40)[3]-- TIME:20081017-144040

[592](14:40:40)192.168.1.111: Timeout
[593](14:40:40)ALARM: Data Titik 104 (Ac) tinggi (0xF)
[594](14:40:40)192.168.1.113: Timeout
[595](14:40:41)[0]-- TIME:20081017-144041

[596](14:40:42)[1]-- TIME:20081017-144042

[597](14:40:43)[2]-- TIME:20081017-144043

[598](14:40:44)[3]-- TIME:20081017-144044

[599](14:40:44)192.168.1.111: Timeout
[600](14:40:44)ALARM: Data Titik 104 (Ac) tinggi (0xF)
[601](14:40:44)192.168.1.113: Timeout
[602](14:40:45)[0]-- TIME:20081017-144045

[603](14:40:46)[1]-- TIME:20081017-144046

[604](14:40:47)[2]-- TIME:20081017-144047

[605](14:40:48)[3]-- TIME:20081017-144048

[606](14:40:48)192.168.1.111: Timeout
[607](14:40:48)ALARM: Data Titik 104 (Ac) tinggi (0xF)
[608](14:40:48)192.168.1.113: Timeout
[609](14:40:48)192.168.1.26: Timeout
[610](14:40:49)[0]-- TIME:20081017-144049

[611](14:40:50)[1]-- TIME:20081017-144050

[612](14:40:51)[2]-- TIME:20081017-144051

[613](14:40:52)[3]-- TIME:20081017-144052

[614](14:40:52)192.168.1.111: Timeout
[615](14:40:52)ALARM: Data Titik 104 (Ac) tinggi (0xF)
[616](14:40:52)192.168.1.113: Timeout
[617](14:40:53)[0]-- TIME:20081017-144053

[618](14:40:54)[1]-- TIME:20081017-144054

[619](14:40:55)[2]-- TIME:20081017-144055

[620](14:40:56)[3]-- TIME:20081017-144056

[621](14:40:56)192.168.1.111: Timeout
[622](14:40:56)ALARM: Data Titik 104 (Ac) tinggi (0xF)
[623](14:40:56)192.168.1.113: Timeout
[624](14:40:57)[0]-- TIME:20081017-144057

[625](14:40:58)[1]-- TIME:20081017-144058

[626](14:40:59)[2]-- TIME:20081017-144059

[627](14:41:00)[3]-- TIME:20081017-144100

[628](14:41:00)192.168.1.111: Timeout
[629](14:41:00)ALARM: Data Titik 104 (Ac) tinggi (0xF)
[630](14:41:00)192.168.1.113: Timeout
[631](14:41:01)[0]-- TIME:20081017-144101

[632](14:41:02)[1]-- TIME:20081017-144102

[633](14:41:03)[2]-- TIME:20081017-144103

[634](14:41:04)[3]-- TIME:20081017-144104

[635](14:41:04)192.168.1.111: Timeout
[636](14:41:04)ALARM: Data Titik 104 (Ac) tinggi (0xF)
[637](14:41:04)192.168.1.113: Timeout
[638](14:41:05)[0]-- TIME:20081017-144105

[639](14:41:06)[1]-- TIME:20081017-144106

[640](14:41:07)[2]-- TIME:20081017-144107

[641](14:41:08)[3]-- TIME:20081017-144108

[642](14:41:08)192.168.1.111: Timeout
[643](14:41:08)ALARM: Data Titik 104 (Ac) tinggi (0xF)
[644](14:41:08)192.168.1.113: Timeout
[645](14:41:09)[0]-- TIME:20081017-144109

[646](14:41:10)[1]-- TIME:20081017-144110

[647](14:41:11)[2]-- TIME:20081017-144111

[648](14:41:12)[3]-- TIME:20081017-144112

[649](14:41:12)192.168.1.111: Timeout
[650](14:41:12)ALARM: Data Titik 104 (Ac) tinggi (0xF)
[651](14:41:12)192.168.1.113: Timeout
[652](14:41:13)[0]-- TIME:20081017-144113

[653](14:41:14)[1]-- TIME:20081017-144114

[654](14:41:15)[2]-- TIME:20081017-144115

[655](14:41:16)[3]-- TIME:20081017-144116

[656](14:41:16)192.168.1.111: Timeout
[657](14:41:16)ALARM: Data Titik 104 (Ac) tinggi (0xF)
[658](14:41:16)192.168.1.113: Timeout
[659](14:41:17)[0]-- TIME:20081017-144117

[660](14:41:18)[1]-- TIME:20081017-144118

[661](14:41:19)[2]-- TIME:20081017-144119

[662](14:41:20)[3]-- TIME:20081017-144120

[663](14:41:20)192.168.1.111: Timeout
[664](14:41:20)ALARM: Data Titik 104 (Ac) tinggi (0xF)
[665](14:41:20)192.168.1.113: Timeout
[666](14:41:20)192.168.1.26: Timeout
[667](14:41:21)[0]-- TIME:20081017-144121

[668](14:41:22)[1]-- TIME:20081017-144122

[669](14:41:23)[2]-- TIME:20081017-144123

[670](14:41:24)[3]-- TIME:20081017-144124

[671](14:41:24)192.168.1.111: Timeout
[672](14:41:24)ALARM: Data Titik 104 (Ac) tinggi (0xF)
[673](14:41:24)192.168.1.113: Timeout
[674](14:41:25)[0]-- TIME:20081017-144125

[675](14:41:26)[1]-- TIME:20081017-144126

[676](14:41:27)[2]-- TIME:20081017-144127

[677](14:41:28)[3]-- TIME:20081017-144128

[678](14:41:28)192.168.1.111: Timeout
[679](14:41:28)ALARM: Data Titik 104 (Ac) tinggi (0xF)
[680](14:41:28)192.168.1.113: Timeout
[681](14:41:29)[0]-- TIME:20081017-144129

[682](14:41:30)[1]-- TIME:20081017-144130

[683](14:41:31)[2]-- TIME:20081017-144131

[684](14:41:32)[3]-- TIME:20081017-144132

[685](14:41:32)192.168.1.111: Timeout
[686](14:41:32)ALARM: Data Titik 104 (Ac) tinggi (0xF)
[687](14:41:32)192.168.1.113: Timeout
[688](14:41:33)[0]-- TIME:20081017-144133

[689](14:41:34)[1]-- TIME:20081017-144134

[690](14:41:35)[2]-- TIME:20081017-144135

[691](14:41:36)[3]-- TIME:20081017-144136

[692](14:41:36)192.168.1.111: Timeout
[693](14:41:36)ALARM: Data Titik 104 (Ac) tinggi (0xF)
[694](14:41:36)192.168.1.113: Timeout
[695](14:41:37)[0]-- TIME:20081017-144137

[696](14:41:38)[1]-- TIME:20081017-144138

[697](14:41:39)[2]-- TIME:20081017-144139

[698](14:41:40)[3]-- TIME:20081017-144140

[699](14:41:40)192.168.1.111: Timeout
[700](14:41:40)ALARM: Data Titik 104 (Ac) tinggi (0xF)
[701](14:41:40)192.168.1.113: Timeout
[702](14:41:41)[0]-- TIME:20081017-144141

[703](14:41:42)[1]-- TIME:20081017-144142

[704](14:41:43)[2]-- TIME:20081017-144143

[705](14:41:44)[3]-- TIME:20081017-144144

[706](14:41:44)192.168.1.111: Timeout
[707](14:41:44)ALARM: Data Titik 104 (Ac) tinggi (0xF)
[708](14:41:44)192.168.1.113: Timeout
[709](14:41:45)[0]-- TIME:20081017-144145

[710](14:41:46)[1]-- TIME:20081017-144146

[711](14:41:47)[2]-- TIME:20081017-144147

[712](14:41:48)[3]-- TIME:20081017-144148

[713](14:41:48)192.168.1.111: Timeout
[714](14:41:48)ALARM: Data Titik 104 (Ac) tinggi (0xF)
[715](14:41:48)192.168.1.113: Timeout
[716](14:41:49)[0]-- TIME:20081017-144149

[717](14:41:50)[1]-- TIME:20081017-144150

[718](14:41:51)[2]-- TIME:20081017-144151

[719](14:41:52)[3]-- TIME:20081017-144152

[720](14:41:52)192.168.1.111: Timeout
[721](14:41:52)ALARM: Data Titik 104 (Ac) tinggi (0xF)
[722](14:41:52)192.168.1.113: Timeout
[723](14:41:53)[0]-- TIME:20081017-144153

[724](14:41:54)[1]-- TIME:20081017-144154

[725](14:41:55)[2]-- TIME:20081017-144155

[726](14:41:56)[3]-- TIME:20081017-144156

[727](14:41:56)192.168.1.111: Timeout
[728](14:41:56)ALARM: Data Titik 104 (Ac) tinggi (0xF)
[729](14:41:56)192.168.1.113: Timeout
[730](14:41:57)[0]-- TIME:20081017-144157

[731](14:41:58)[1]-- TIME:20081017-144158

[732](14:41:59)[2]-- TIME:20081017-144159

[733](14:42:00)[3]-- TIME:20081017-144200

[734](14:42:00)192.168.1.111: Timeout
[735](14:42:00)ALARM: Data Titik 104 (Ac) tinggi (0xF)
[736](14:42:00)192.168.1.113: Timeout
[737](14:42:01)[0]-- TIME:20081017-144201

[738](14:42:02)[1]-- TIME:20081017-144202

[739](14:42:03)[2]-- TIME:20081017-144203

[740](14:42:04)[3]-- TIME:20081017-144204

[741](14:42:04)192.168.1.111: Timeout
[742](14:42:04)ALARM: Data Titik 104 (Ac) tinggi (0xF)
[743](14:42:04)192.168.1.113: Timeout
[744](14:42:05)[0]-- TIME:20081017-144205

[745](14:42:06)[1]-- TIME:20081017-144206

[746](14:42:07)[2]-- TIME:20081017-144207

[747](14:42:08)[3]-- TIME:20081017-144208

[748](14:42:08)192.168.1.111: Timeout
[749](14:42:08)ALARM: Data Titik 104 (Ac) tinggi (0xF)
[750](14:42:08)192.168.1.113: Timeout
[751](14:42:09)[0]-- TIME:20081017-144209

[752](14:42:10)[1]-- TIME:20081017-144210

[753](14:42:11)[2]-- TIME:20081017-144211

[754](14:42:12)[3]-- TIME:20081017-144212

[755](14:42:12)192.168.1.111: Timeout
[756](14:42:12)ALARM: Data Titik 104 (Ac) tinggi (0xF)
[757](14:42:12)192.168.1.113: Timeout
[758](14:42:13)[0]-- TIME:20081017-144213

[759](14:42:14)[1]-- TIME:20081017-144214

[760](14:42:15)[2]-- TIME:20081017-144215

[761](14:42:16)[3]-- TIME:20081017-144216

[762](14:42:16)192.168.1.111: Timeout
[763](14:42:16)ALARM: Data Titik 104 (Ac) tinggi (0xF)
[764](14:42:16)192.168.1.113: Timeout
[765](14:42:17)[0]-- TIME:20081017-144217

[766](14:42:18)[1]-- TIME:20081017-144218

[767](14:42:19)[2]-- TIME:20081017-144219

[768](14:42:20)[3]-- TIME:20081017-144220

[769](14:42:20)192.168.1.111: Timeout
[770](14:42:20)ALARM: Data Titik 104 (Ac) tinggi (0xF)
[771](14:42:20)192.168.1.113: Timeout
[772](14:42:21)[0]-- TIME:20081017-144221

[773](14:42:22)[1]-- TIME:20081017-144222

[774](14:42:23)[2]-- TIME:20081017-144223

[775](14:42:24)[3]-- TIME:20081017-144224

[776](14:42:24)192.168.1.108: Timeout
[777](14:42:24)192.168.1.111: Timeout
[778](14:42:24)ALARM: Data Titik 104 (Ac) tinggi (0xF)
[779](14:42:24)192.168.1.113: Timeout
[780](14:42:25)[0]-- TIME:20081017-144225

[781](14:42:26)[1]-- TIME:20081017-144226

[782](14:42:27)[2]-- TIME:20081017-144227

[783](14:42:28)[3]-- TIME:20081017-144228

[784](14:42:28)192.168.1.111: Timeout
[785](14:42:28)ALARM: Data Titik 104 (Ac) tinggi (0xF)
[786](14:42:28)192.168.1.113: Timeout
[787](14:42:29)[0]-- TIME:20081017-144229

[788](14:42:30)[1]-- TIME:20081017-144230

[789](14:42:31)[2]-- TIME:20081017-144231

[790](14:42:32)[3]-- TIME:20081017-144232

[791](14:42:32)192.168.1.111: Timeout
[792](14:42:32)ALARM: Data Titik 104 (Ac) tinggi (0xF)
[793](14:42:32)192.168.1.113: Timeout
[794](14:42:33)[0]-- TIME:20081017-144233

[795](14:42:34)[1]-- TIME:20081017-144234

[796](14:42:35)[2]-- TIME:20081017-144235

[797](14:42:36)[3]-- TIME:20081017-144236

[798](14:42:36)192.168.1.111: Timeout
[799](14:42:36)ALARM: Data Titik 104 (Ac) tinggi (0xF)
[800](14:42:36)192.168.1.113: Timeout
[801](14:42:37)[0]-- TIME:20081017-144237

[802](14:42:38)[1]-- TIME:20081017-144238

[803](14:42:39)[2]-- TIME:20081017-144239

[804](14:42:40)[3]-- TIME:20081017-144240

[805](14:42:40)192.168.1.111: Timeout
[806](14:42:40)ALARM: Data Titik 104 (Ac) tinggi (0xF)
[807](14:42:40)192.168.1.113: Timeout
[808](14:42:41)[0]-- TIME:20081017-144241

[809](14:42:42)[1]-- TIME:20081017-144242

[810](14:42:43)[2]-- TIME:20081017-144243

[811](14:42:44)[3]-- TIME:20081017-144244

[812](14:42:44)192.168.1.111: Timeout
[813](14:42:44)ALARM: Data Titik 104 (Ac) tinggi (0xF)
[814](14:42:44)192.168.1.113: Timeout
[815](14:42:45)[0]-- TIME:20081017-144245

[816](14:42:46)[1]-- TIME:20081017-144246

[817](14:42:47)[2]-- TIME:20081017-144247

[818](14:42:48)[3]-- TIME:20081017-144248

[819](14:42:48)192.168.1.111: Timeout
[820](14:42:48)ALARM: Data Titik 104 (Ac) tinggi (0xF)
[821](14:42:48)192.168.1.113: Timeout
[822](14:42:49)[0]-- TIME:20081017-144249

[823](14:42:50)[1]-- TIME:20081017-144250

[824](14:42:51)[2]-- TIME:20081017-144251

[825](14:42:52)[3]-- TIME:20081017-144252

[826](14:42:52)192.168.1.111: Timeout
[827](14:42:52)ALARM: Data Titik 104 (Ac) tinggi (0xF)
[828](14:42:52)192.168.1.113: Timeout
[829](14:42:53)[0]-- TIME:20081017-144253

[830](14:42:54)[1]-- TIME:20081017-144254

[831](14:42:55)[2]-- TIME:20081017-144255

[832](14:42:56)[3]-- TIME:20081017-144256

[833](14:42:56)192.168.1.111: Timeout
[834](14:42:56)ALARM: Data Titik 104 (Ac) tinggi (0xF)
[835](14:42:56)192.168.1.113: Timeout
[836](14:42:57)[0]-- TIME:20081017-144257

[837](14:42:58)[1]-- TIME:20081017-144258

[838](14:42:59)[2]-- TIME:20081017-144259

[839](14:43:00)[3]-- TIME:20081017-144300

[840](14:43:00)192.168.1.111: Timeout
[841](14:43:00)ALARM: Data Titik 104 (Ac) tinggi (0xF)
[842](14:43:00)192.168.1.113: Timeout
[843](14:43:01)[0]-- TIME:20081017-144301

[844](14:43:02)[1]-- TIME:20081017-144302

[845](14:43:03)[2]-- TIME:20081017-144303

[846](14:43:04)[3]-- TIME:20081017-144304

[847](14:43:04)192.168.1.111: Timeout
[848](14:43:04)ALARM: Data Titik 104 (Ac) tinggi (0xF)
[849](14:43:04)192.168.1.113: Timeout
[850](14:43:05)[0]-- TIME:20081017-144305

[851](14:43:06)[1]-- TIME:20081017-144306

[852](14:43:07)[2]-- TIME:20081017-144307

[853](14:43:08)[3]-- TIME:20081017-144308

[854](14:43:08)192.168.1.111: Timeout
[855](14:43:08)ALARM: Data Titik 104 (Ac) tinggi (0xF)
[856](14:43:08)192.168.1.113: Timeout
[857](14:43:09)[0]-- TIME:20081017-144309

[858](14:43:10)[1]-- TIME:20081017-144310

[859](14:43:11)[2]-- TIME:20081017-144311

[860](14:43:12)[3]-- TIME:20081017-144312

[861](14:43:12)192.168.1.111: Timeout
[862](14:43:12)ALARM: Data Titik 104 (Ac) tinggi (0xF)
[863](14:43:12)192.168.1.113: Timeout
[864](14:43:13)[0]-- TIME:20081017-144313

[865](14:43:14)[1]-- TIME:20081017-144314

[866](14:43:15)[2]-- TIME:20081017-144315

[867](14:43:16)[3]-- TIME:20081017-144316

[868](14:43:16)192.168.1.111: Timeout
[869](14:43:16)ALARM: Data Titik 104 (Ac) tinggi (0xF)
[870](14:43:16)192.168.1.113: Timeout
[871](14:43:17)[0]-- TIME:20081017-144317

[872](14:43:18)[1]-- TIME:20081017-144318

[873](14:43:19)[2]-- TIME:20081017-144319

[874](14:43:20)[3]-- TIME:20081017-144320

[875](14:43:20)192.168.1.111: Timeout
[876](14:43:20)ALARM: Data Titik 104 (Ac) tinggi (0xF)
[877](14:43:20)192.168.1.113: Timeout
[878](14:43:21)[0]-- TIME:20081017-144321

[879](14:43:22)[1]-- TIME:20081017-144322

[880](14:43:23)[2]-- TIME:20081017-144323

[881](14:43:24)[3]-- TIME:20081017-144324

[882](14:43:24)192.168.1.111: Timeout
[883](14:43:24)ALARM: Data Titik 104 (Ac) tinggi (0xF)
[884](14:43:24)192.168.1.113: Timeout
[885](14:43:25)[0]-- TIME:20081017-144325

[886](14:43:26)[1]-- TIME:20081017-144326

[887](14:43:27)[2]-- TIME:20081017-144327

[888](14:43:28)[3]-- TIME:20081017-144328

[889](14:43:28)192.168.1.111: Timeout
[890](14:43:28)ALARM: Data Titik 104 (Ac) tinggi (0xF)
[891](14:43:28)192.168.1.113: Timeout
[892](14:43:29)[0]-- TIME:20081017-144329

[893](14:43:30)[1]-- TIME:20081017-144330

[894](14:43:31)[2]-- TIME:20081017-144331

[895](14:43:32)[3]-- TIME:20081017-144332

[896](14:43:32)192.168.1.111: Timeout
[897](14:43:32)ALARM: Data Titik 104 (Ac) tinggi (0xF)
[898](14:43:32)192.168.1.113: Timeout
[899](14:43:33)[0]-- TIME:20081017-144333

[900](14:43:34)[1]-- TIME:20081017-144334

[901](14:43:35)[2]-- TIME:20081017-144335

[902](14:43:36)[3]-- TIME:20081017-144336

[903](14:43:36)192.168.1.111: Timeout
[904](14:43:36)ALARM: Data Titik 104 (Ac) tinggi (0xF)
[905](14:43:36)192.168.1.113: Timeout
[906](14:43:37)[0]-- TIME:20081017-144337

[907](14:43:38)[1]-- TIME:20081017-144338

[908](14:43:39)[2]-- TIME:20081017-144339

[909](14:43:40)[3]-- TIME:20081017-144340

[910](14:43:40)192.168.1.111: Timeout
[911](14:43:40)ALARM: Data Titik 104 (Ac) tinggi (0xF)
[912](14:43:40)192.168.1.113: Timeout
[913](14:43:41)[0]-- TIME:20081017-144341

[914](14:43:42)[1]-- TIME:20081017-144342

[915](14:43:43)[2]-- TIME:20081017-144343

[916](14:43:44)[3]-- TIME:20081017-144344

[917](14:43:44)192.168.1.111: Timeout
[918](14:43:44)ALARM: Data Titik 104 (Ac) tinggi (0xF)
[919](14:43:44)192.168.1.113: Timeout
[920](14:43:45)[0]-- TIME:20081017-144345

[921](14:43:46)[1]-- TIME:20081017-144346

[922](14:43:47)[2]-- TIME:20081017-144347

[923](14:43:48)[3]-- TIME:20081017-144348

[924](14:43:48)192.168.1.111: Timeout
[925](14:43:48)ALARM: Data Titik 104 (Ac) tinggi (0xF)
[926](14:43:48)192.168.1.113: Timeout
[927](14:43:49)[0]-- TIME:20081017-144349

[928](14:43:50)[1]-- TIME:20081017-144350

[929](14:43:51)[2]-- TIME:20081017-144351

[930](14:43:52)[3]-- TIME:20081017-144352

[931](14:43:52)192.168.1.111: Timeout
[932](14:43:52)ALARM: Data Titik 104 (Ac) tinggi (0xF)
[933](14:43:52)192.168.1.113: Timeout
[934](14:43:52)192.168.1.26: Timeout
[935](14:43:53)[0]-- TIME:20081017-144353

[936](14:43:54)[1]-- TIME:20081017-144354

[937](14:43:55)[2]-- TIME:20081017-144355

[938](14:43:56)[3]-- TIME:20081017-144356

[939](14:43:56)192.168.1.111: Timeout
[940](14:43:56)ALARM: Data Titik 104 (Ac) tinggi (0xF)
[941](14:43:56)192.168.1.113: Timeout
[942](14:43:57)[0]-- TIME:20081017-144357

[943](14:43:58)[1]-- TIME:20081017-144358

[944](14:43:59)[2]-- TIME:20081017-144359

[945](14:44:00)[3]-- TIME:20081017-144400

[946](14:44:00)192.168.1.111: Timeout
[947](14:44:00)ALARM: Data Titik 104 (Ac) tinggi (0xF)
[948](14:44:00)192.168.1.113: Timeout
[949](14:44:01)[0]-- TIME:20081017-144401

[950](14:44:02)[1]-- TIME:20081017-144402

[951](14:44:03)[2]-- TIME:20081017-144403

[952](14:44:04)[3]-- TIME:20081017-144404

[953](14:44:04)192.168.1.111: Timeout
[954](14:44:04)ALARM: Data Titik 104 (Ac) tinggi (0xF)
[955](14:44:04)192.168.1.113: Timeout
[956](14:44:05)[0]-- TIME:20081017-144405

[957](14:44:06)[1]-- TIME:20081017-144406

[958](14:44:07)[2]-- TIME:20081017-144407

[959](14:44:08)[3]-- TIME:20081017-144408

[960](14:44:08)192.168.1.111: Timeout
[961](14:44:08)ALARM: Data Titik 104 (Ac) tinggi (0xF)
[962](14:44:08)192.168.1.113: Timeout
[963](14:44:09)[0]-- TIME:20081017-144409

[964](14:44:10)[1]-- TIME:20081017-144410

[965](14:44:11)[2]-- TIME:20081017-144411

[966](14:44:12)[3]-- TIME:20081017-144412

[967](14:44:12)192.168.1.111: Timeout
[968](14:44:12)ALARM: Data Titik 104 (Ac) tinggi (0xF)
[969](14:44:12)192.168.1.113: Timeout
[970](14:44:13)[0]-- TIME:20081017-144413

[971](14:44:14)[1]-- TIME:20081017-144414

[972](14:44:15)[2]-- TIME:20081017-144415

[973](14:44:16)[3]-- TIME:20081017-144416

[974](14:44:16)192.168.1.111: Timeout
[975](14:44:16)ALARM: Data Titik 104 (Ac) tinggi (0xF)
[976](14:44:16)192.168.1.113: Timeout
[977](14:44:17)[0]-- TIME:20081017-144417

[978](14:44:18)[1]-- TIME:20081017-144418

[979](14:44:19)[2]-- TIME:20081017-144419

[980](14:44:20)[3]-- TIME:20081017-144420

[981](14:44:20)192.168.1.111: Timeout
[982](14:44:20)ALARM: Data Titik 104 (Ac) tinggi (0xF)
[983](14:44:20)192.168.1.113: Timeout
[984](14:44:21)[0]-- TIME:20081017-144421

[985](14:44:22)[1]-- TIME:20081017-144422

[986](14:44:23)[2]-- TIME:20081017-144423

[987](14:44:24)[3]-- TIME:20081017-144424

[988](14:44:24)192.168.1.111: Timeout
[989](14:44:24)ALARM: Data Titik 104 (Ac) tinggi (0xF)
[990](14:44:24)192.168.1.113: Timeout
[991](14:44:25)[0]-- TIME:20081017-144425

[992](14:44:26)[1]-- TIME:20081017-144426

[993](14:44:27)[2]-- TIME:20081017-144427

[994](14:44:28)[3]-- TIME:20081017-144428

[995](14:44:28)192.168.1.111: Timeout
[996](14:44:28)ALARM: Data Titik 104 (Ac) tinggi (0xF)
[997](14:44:28)192.168.1.113: Timeout
[998](14:44:29)[0]-- TIME:20081017-144429

[999](14:44:30)[1]-- TIME:20081017-144430

[1000](14:44:31)[2]-- TIME:20081017-144431
