
[0](15:21:33)======== MONITA APP STARTING ===========
[1](15:21:33)Load file konfigurasi
[2](15:21:33)Baca konfig
[3](15:21:33)Baca konfig: OK
[4](15:21:35)Mulai logging data
[5](15:21:36)[0]-- TIME:20081026-152136

[6](15:21:37)[1]-- TIME:20081026-152137

[7](15:21:38)[2]-- TIME:20081026-152138

[8](15:21:39)[3]-- TIME:20081026-152139

[9](15:21:39)192.168.1.31: Timeout
[10](15:21:39)192.168.1.32: Timeout
[11](15:21:40)[0]-- TIME:20081026-152140

[12](15:21:41)[1]-- TIME:20081026-152141

[13](15:21:42)[2]-- TIME:20081026-152142

[14](15:21:42)Stop logging data
[15](15:21:43)[2]-- TIME:20081026-152143

[16](15:45:28)Mulai logging data
[17](15:45:29)[0]-- TIME:20081026-154529

[18](15:45:30)[1]-- TIME:20081026-154530

[19](15:45:31)[2]-- TIME:20081026-154531

[20](15:45:32)[3]-- TIME:20081026-154532

[21](15:45:32)192.168.1.31: Timeout
[22](15:45:32)192.168.1.32: Timeout
[23](15:45:33)[0]-- TIME:20081026-154533

[24](15:45:34)[1]-- TIME:20081026-154534

[25](15:45:35)[2]-- TIME:20081026-154535

[26](15:45:36)[3]-- TIME:20081026-154536

[27](15:45:36)192.168.1.31: Timeout
[28](15:45:36)192.168.1.32: Timeout
[29](15:45:37)[0]-- TIME:20081026-154537

[30](15:45:38)[1]-- TIME:20081026-154538

[31](15:45:39)[2]-- TIME:20081026-154539

[32](15:45:40)[3]-- TIME:20081026-154540

[33](15:45:40)192.168.1.31: Timeout
[34](15:45:40)192.168.1.32: Timeout
[35](15:45:41)[0]-- TIME:20081026-154541

[36](15:45:42)[1]-- TIME:20081026-154542

[37](15:45:43)[2]-- TIME:20081026-154543

[38](15:45:44)[3]-- TIME:20081026-154544

[39](15:45:44)192.168.1.31: Timeout
[40](15:45:44)192.168.1.32: Timeout
[41](15:45:45)[0]-- TIME:20081026-154545

[42](15:45:46)[1]-- TIME:20081026-154546

[43](15:45:47)[2]-- TIME:20081026-154547

[44](15:45:48)[3]-- TIME:20081026-154548

[45](15:45:48)192.168.1.31: Timeout
[46](15:45:48)192.168.1.32: Timeout
[47](15:45:49)[0]-- TIME:20081026-154549

[48](15:45:50)[1]-- TIME:20081026-154550

[49](15:45:51)[2]-- TIME:20081026-154551

[50](15:45:52)[3]-- TIME:20081026-154552

[51](15:45:52)192.168.1.31: Timeout
[52](15:45:52)192.168.1.32: Timeout
[53](15:45:53)[0]-- TIME:20081026-154553

[54](15:45:54)[1]-- TIME:20081026-154554

[55](15:45:55)[2]-- TIME:20081026-154555

[56](15:45:56)[3]-- TIME:20081026-154556

[57](15:45:56)192.168.1.31: Timeout
[58](15:45:56)192.168.1.32: Timeout
[59](15:45:57)[0]-- TIME:20081026-154557

[60](15:45:58)[1]-- TIME:20081026-154558

[61](15:45:59)[2]-- TIME:20081026-154559

[62](15:46:00)[3]-- TIME:20081026-154600

[63](15:46:00)192.168.1.31: Timeout
[64](15:46:00)192.168.1.32: Timeout
[65](15:46:01)[0]-- TIME:20081026-154601

[66](15:46:02)[1]-- TIME:20081026-154602

[67](15:46:03)[2]-- TIME:20081026-154603

[68](15:46:04)[3]-- TIME:20081026-154604

[69](15:46:04)192.168.1.31: Timeout
[70](15:46:04)192.168.1.32: Timeout
[71](15:46:05)[0]-- TIME:20081026-154605

[72](15:46:06)[1]-- TIME:20081026-154606

[73](15:46:07)[2]-- TIME:20081026-154607

[74](15:46:08)[3]-- TIME:20081026-154608

[75](15:46:08)192.168.1.31: Timeout
[76](15:46:08)192.168.1.32: Timeout
[77](15:46:09)[0]-- TIME:20081026-154609

[78](15:46:10)[1]-- TIME:20081026-154610

[79](15:46:11)[2]-- TIME:20081026-154611

[80](15:46:12)[3]-- TIME:20081026-154612

[81](15:46:12)192.168.1.31: Timeout
[82](15:46:12)192.168.1.32: Timeout
[83](15:46:13)[0]-- TIME:20081026-154613

[84](15:46:14)[1]-- TIME:20081026-154614

[85](15:46:15)[2]-- TIME:20081026-154615

[86](15:46:16)[3]-- TIME:20081026-154616

[87](15:46:16)192.168.1.31: Timeout
[88](15:46:16)192.168.1.32: Timeout
[89](15:46:17)[0]-- TIME:20081026-154617

[90](15:46:18)[1]-- TIME:20081026-154618

[91](15:46:19)[2]-- TIME:20081026-154619

[92](15:46:20)[3]-- TIME:20081026-154620

[93](15:46:20)192.168.1.31: Timeout
[94](15:46:20)192.168.1.32: Timeout
[95](15:46:21)[0]-- TIME:20081026-154621

[96](15:46:22)[1]-- TIME:20081026-154622

[97](15:46:23)[2]-- TIME:20081026-154623

[98](15:46:24)[3]-- TIME:20081026-154624

[99](15:46:24)192.168.1.31: Timeout
[100](15:46:24)192.168.1.32: Timeout
[101](15:46:25)[0]-- TIME:20081026-154625

[102](15:46:26)[1]-- TIME:20081026-154626

[103](15:46:27)[2]-- TIME:20081026-154627

[104](15:46:28)[3]-- TIME:20081026-154628

[105](15:46:28)192.168.1.31: Timeout
[106](15:46:28)192.168.1.32: Timeout
[107](15:46:29)[0]-- TIME:20081026-154629

[108](15:46:30)[1]-- TIME:20081026-154630

[109](15:46:31)[2]-- TIME:20081026-154631

[110](15:46:32)[3]-- TIME:20081026-154632

[111](15:46:32)192.168.1.31: Timeout
[112](15:46:32)192.168.1.32: Timeout
[113](15:46:33)[0]-- TIME:20081026-154633

[114](15:46:34)[1]-- TIME:20081026-154634

[115](15:46:35)[2]-- TIME:20081026-154635

[116](15:46:36)[3]-- TIME:20081026-154636

[117](15:46:36)192.168.1.31: Timeout
[118](15:46:36)192.168.1.32: Timeout
[119](15:46:37)[0]-- TIME:20081026-154637

[120](15:46:38)[1]-- TIME:20081026-154638

[121](15:46:39)[2]-- TIME:20081026-154639

[122](15:46:40)[3]-- TIME:20081026-154640

[123](15:46:40)192.168.1.31: Timeout
[124](15:46:40)192.168.1.32: Timeout
[125](15:46:41)[0]-- TIME:20081026-154641

[126](15:46:42)[1]-- TIME:20081026-154642

[127](15:46:43)[2]-- TIME:20081026-154643

[128](15:46:44)[3]-- TIME:20081026-154644

[129](15:46:44)192.168.1.31: Timeout
[130](15:46:44)192.168.1.32: Timeout
[131](15:46:45)[0]-- TIME:20081026-154645

[132](15:46:46)[1]-- TIME:20081026-154646

[133](15:46:47)[2]-- TIME:20081026-154647

[134](15:46:48)[3]-- TIME:20081026-154648

[135](15:46:48)192.168.1.31: Timeout
[136](15:46:48)192.168.1.32: Timeout
[137](15:46:49)[0]-- TIME:20081026-154649

[138](15:46:50)[1]-- TIME:20081026-154650

[139](15:46:51)[2]-- TIME:20081026-154651

[140](15:46:52)[3]-- TIME:20081026-154652

[141](15:46:52)192.168.1.31: Timeout
[142](15:46:52)192.168.1.32: Timeout
[143](15:46:53)[0]-- TIME:20081026-154653

[144](15:46:54)[1]-- TIME:20081026-154654

[145](15:46:55)[2]-- TIME:20081026-154655

[146](15:46:56)[3]-- TIME:20081026-154656

[147](15:46:56)192.168.1.31: Timeout
[148](15:46:56)192.168.1.32: Timeout
[149](15:46:57)[0]-- TIME:20081026-154657

[150](15:46:58)[1]-- TIME:20081026-154658

[151](15:46:59)[2]-- TIME:20081026-154659

[152](15:47:00)[3]-- TIME:20081026-154700

[153](15:47:00)192.168.1.31: Timeout
[154](15:47:00)192.168.1.32: Timeout
[155](15:47:01)[0]-- TIME:20081026-154701

[156](15:47:02)[1]-- TIME:20081026-154702

[157](15:47:03)[2]-- TIME:20081026-154703

[158](15:47:04)[3]-- TIME:20081026-154704

[159](15:47:04)192.168.1.31: Timeout
[160](15:47:04)192.168.1.32: Timeout
[161](15:47:05)[0]-- TIME:20081026-154705

[162](15:47:06)[1]-- TIME:20081026-154706

[163](15:47:07)[2]-- TIME:20081026-154707

[164](15:47:08)[3]-- TIME:20081026-154708

[165](15:47:08)192.168.1.31: Timeout
[166](15:47:08)192.168.1.32: Timeout
[167](15:47:09)[0]-- TIME:20081026-154709

[168](15:47:10)[1]-- TIME:20081026-154710

[169](15:47:11)[2]-- TIME:20081026-154711

[170](15:47:12)[3]-- TIME:20081026-154712

[171](15:47:12)192.168.1.31: Timeout
[172](15:47:12)192.168.1.32: Timeout
[173](15:47:13)[0]-- TIME:20081026-154713

[174](15:47:14)[1]-- TIME:20081026-154714

[175](15:47:15)[2]-- TIME:20081026-154715

[176](15:47:16)[3]-- TIME:20081026-154716

[177](15:47:16)192.168.1.31: Timeout
[178](15:47:16)192.168.1.32: Timeout
[179](15:47:17)[0]-- TIME:20081026-154717

[180](15:47:18)[1]-- TIME:20081026-154718

[181](15:47:19)[2]-- TIME:20081026-154719

[182](15:47:20)[3]-- TIME:20081026-154720

[183](15:47:20)192.168.1.31: Timeout
[184](15:47:20)192.168.1.32: Timeout
[185](15:47:21)[0]-- TIME:20081026-154721

[186](15:47:22)[1]-- TIME:20081026-154722

[187](15:47:23)[2]-- TIME:20081026-154723

[188](15:47:24)[3]-- TIME:20081026-154724

[189](15:47:24)192.168.1.31: Timeout
[190](15:47:24)192.168.1.32: Timeout
[191](15:47:25)[0]-- TIME:20081026-154725

[192](15:47:26)[1]-- TIME:20081026-154726

[193](15:47:27)[2]-- TIME:20081026-154727

[194](15:47:28)[3]-- TIME:20081026-154728

[195](15:47:28)192.168.1.31: Timeout
[196](15:47:28)192.168.1.32: Timeout
[197](15:47:29)[0]-- TIME:20081026-154729

[198](15:47:30)[1]-- TIME:20081026-154730

[199](15:47:31)[2]-- TIME:20081026-154731

[200](15:47:32)[3]-- TIME:20081026-154732

[201](15:47:32)192.168.1.31: Timeout
[202](15:47:32)192.168.1.32: Timeout
[203](15:47:33)[0]-- TIME:20081026-154733

[204](15:47:34)[1]-- TIME:20081026-154734

[205](15:47:35)[2]-- TIME:20081026-154735

[206](15:47:36)[3]-- TIME:20081026-154736

[207](15:47:36)192.168.1.31: Timeout
[208](15:47:36)192.168.1.32: Timeout
[209](15:47:37)[0]-- TIME:20081026-154737

[210](15:47:38)[1]-- TIME:20081026-154738

[211](15:47:39)[2]-- TIME:20081026-154739

[212](15:47:40)[3]-- TIME:20081026-154740

[213](15:47:40)192.168.1.31: Timeout
[214](15:47:40)192.168.1.32: Timeout
[215](15:47:41)[0]-- TIME:20081026-154741

[216](15:47:42)[1]-- TIME:20081026-154742

[217](15:47:43)[2]-- TIME:20081026-154743

[218](15:47:44)[3]-- TIME:20081026-154744

[219](15:47:44)192.168.1.31: Timeout
[220](15:47:44)192.168.1.32: Timeout
[221](15:47:45)[0]-- TIME:20081026-154745

[222](15:47:46)[1]-- TIME:20081026-154746

[223](15:47:47)[2]-- TIME:20081026-154747

[224](15:47:48)[3]-- TIME:20081026-154748

[225](15:47:48)192.168.1.31: Timeout
[226](15:47:48)192.168.1.32: Timeout
[227](15:47:49)[0]-- TIME:20081026-154749

[228](15:47:50)[1]-- TIME:20081026-154750

[229](15:47:51)[2]-- TIME:20081026-154751

[230](15:47:52)[3]-- TIME:20081026-154752

[231](15:47:52)192.168.1.31: Timeout
[232](15:47:52)192.168.1.32: Timeout
[233](15:47:53)[0]-- TIME:20081026-154753

[234](15:47:54)[1]-- TIME:20081026-154754

[235](15:47:55)[2]-- TIME:20081026-154755

[236](15:47:56)[3]-- TIME:20081026-154756

[237](15:47:56)192.168.1.31: Timeout
[238](15:47:56)192.168.1.32: Timeout
[239](15:47:57)[0]-- TIME:20081026-154757

[240](15:47:58)[1]-- TIME:20081026-154758

[241](15:47:59)[2]-- TIME:20081026-154759

[242](15:48:00)[3]-- TIME:20081026-154800

[243](15:48:00)192.168.1.31: Timeout
[244](15:48:00)192.168.1.32: Timeout
[245](15:48:01)[0]-- TIME:20081026-154801

[246](15:48:02)[1]-- TIME:20081026-154802

[247](15:48:02)Stop logging data
[248](15:48:03)[2]-- TIME:20081026-154803

[249](16:04:51)Mulai logging data
[250](16:04:52)[0]-- TIME:20081026-160452

[251](16:04:53)[1]-- TIME:20081026-160453

[252](16:04:54)Stop logging data
[253](16:04:54)[2]-- TIME:20081026-160454

[254](16:30:13)Mulai logging data
[255](16:30:14)[0]-- TIME:20081026-163014

[256](16:30:15)[1]-- TIME:20081026-163015

[257](16:30:16)[2]-- TIME:20081026-163016

[258](16:30:17)[3]-- TIME:20081026-163017

[259](16:30:17)192.168.1.31: Timeout
[260](16:30:17)192.168.1.32: Timeout
[261](16:30:18)[0]-- TIME:20081026-163018

[262](16:30:19)[1]-- TIME:20081026-163019

[263](16:30:20)[2]-- TIME:20081026-163020

[264](16:30:21)[3]-- TIME:20081026-163021

[265](16:30:21)192.168.1.31: Timeout
[266](16:30:21)192.168.1.32: Timeout
[267](16:30:22)[0]-- TIME:20081026-163022

[268](16:30:23)[1]-- TIME:20081026-163023

[269](16:30:24)[2]-- TIME:20081026-163024

[270](16:30:25)[3]-- TIME:20081026-163025

[271](16:30:25)192.168.1.31: Timeout
[272](16:30:25)192.168.1.32: Timeout
[273](16:30:26)[0]-- TIME:20081026-163026

[274](16:30:27)[1]-- TIME:20081026-163027

[275](16:30:28)[2]-- TIME:20081026-163028

[276](16:30:29)[3]-- TIME:20081026-163029

[277](16:30:29)192.168.1.31: Timeout
[278](16:30:29)192.168.1.32: Timeout
[279](16:30:30)[0]-- TIME:20081026-163030

[280](16:30:31)[1]-- TIME:20081026-163031

[281](16:30:32)[2]-- TIME:20081026-163032

[282](16:30:33)[3]-- TIME:20081026-163033

[283](16:30:33)192.168.1.31: Timeout
[284](16:30:33)192.168.1.32: Timeout
[285](16:30:34)[0]-- TIME:20081026-163034

[286](16:30:35)[1]-- TIME:20081026-163035

[287](16:30:36)[2]-- TIME:20081026-163036

[288](16:30:37)[3]-- TIME:20081026-163037

[289](16:30:37)192.168.1.31: Timeout
[290](16:30:37)192.168.1.32: Timeout
[291](16:30:38)Stop logging data
[292](16:30:38)Mulai logging data
[293](16:30:38)[0]-- TIME:20081026-163038

[294](16:30:39)[1]-- TIME:20081026-163039

[295](16:30:39)[2]-- TIME:20081026-163039

[296](16:30:40)[3]-- TIME:20081026-163040

[297](16:30:40)192.168.1.31: Timeout
[298](16:30:40)192.168.1.32: Timeout
[299](16:30:40)[0]-- TIME:20081026-163040

[300](16:30:41)[1]-- TIME:20081026-163041

[301](16:30:41)[2]-- TIME:20081026-163041

[302](16:30:42)[3]-- TIME:20081026-163042

[303](16:30:42)192.168.1.31: Timeout
[304](16:30:42)192.168.1.32: Timeout
[305](16:30:42)[0]-- TIME:20081026-163042

[306](16:30:43)[1]-- TIME:20081026-163043

[307](16:30:43)[2]-- TIME:20081026-163043

[308](16:30:44)[3]-- TIME:20081026-163044

[309](16:30:44)192.168.1.31: Timeout
[310](16:30:44)192.168.1.32: Timeout
[311](16:30:44)[0]-- TIME:20081026-163044

[312](16:30:45)[1]-- TIME:20081026-163045

[313](16:30:45)[2]-- TIME:20081026-163045

[314](16:30:46)[3]-- TIME:20081026-163046

[315](16:30:46)192.168.1.31: Timeout
[316](16:30:46)192.168.1.32: Timeout
[317](16:30:46)[0]-- TIME:20081026-163046

[318](16:30:47)[1]-- TIME:20081026-163047

[319](16:30:47)[2]-- TIME:20081026-163047

[320](16:30:48)[3]-- TIME:20081026-163048

[321](16:30:48)192.168.1.31: Timeout
[322](16:30:48)192.168.1.32: Timeout
[323](16:30:48)[0]-- TIME:20081026-163048

[324](16:30:49)[1]-- TIME:20081026-163049

[325](16:30:49)[2]-- TIME:20081026-163049

[326](16:30:50)[3]-- TIME:20081026-163050

[327](16:30:50)192.168.1.31: Timeout
[328](16:30:50)192.168.1.32: Timeout
[329](16:30:50)[0]-- TIME:20081026-163050

[330](16:30:51)[1]-- TIME:20081026-163051

[331](16:30:51)[2]-- TIME:20081026-163051

[332](16:30:52)[3]-- TIME:20081026-163052

[333](16:30:52)192.168.1.31: Timeout
[334](16:30:52)192.168.1.32: Timeout
[335](16:30:52)[0]-- TIME:20081026-163052

[336](16:30:53)[1]-- TIME:20081026-163053

[337](16:30:53)[2]-- TIME:20081026-163053

[338](16:30:54)[3]-- TIME:20081026-163054

[339](16:30:54)192.168.1.31: Timeout
[340](16:30:54)192.168.1.32: Timeout
[341](16:30:54)[0]-- TIME:20081026-163054

[342](16:30:55)[1]-- TIME:20081026-163055

[343](16:30:55)[2]-- TIME:20081026-163055

[344](16:30:56)[3]-- TIME:20081026-163056

[345](16:30:56)192.168.1.31: Timeout
[346](16:30:56)192.168.1.32: Timeout
[347](16:30:56)[0]-- TIME:20081026-163056

[348](16:30:57)[1]-- TIME:20081026-163057

[349](16:30:57)[2]-- TIME:20081026-163057

[350](16:30:58)[3]-- TIME:20081026-163058

[351](16:30:58)192.168.1.31: Timeout
[352](16:30:58)192.168.1.32: Timeout
[353](16:30:58)[0]-- TIME:20081026-163058

[354](16:30:59)[1]-- TIME:20081026-163059

[355](16:30:59)[2]-- TIME:20081026-163059

[356](16:31:00)[3]-- TIME:20081026-163100

[357](16:31:00)192.168.1.31: Timeout
[358](16:31:00)192.168.1.32: Timeout
[359](16:31:00)[0]-- TIME:20081026-163100

[360](16:31:01)[1]-- TIME:20081026-163101

[361](16:31:01)[2]-- TIME:20081026-163101

[362](16:31:02)[3]-- TIME:20081026-163102

[363](16:31:02)192.168.1.31: Timeout
[364](16:31:02)192.168.1.32: Timeout
[365](16:31:02)[0]-- TIME:20081026-163102

[366](16:31:03)[1]-- TIME:20081026-163103

[367](16:31:03)[2]-- TIME:20081026-163103

[368](16:31:04)[3]-- TIME:20081026-163104

[369](16:31:04)192.168.1.31: Timeout
[370](16:31:04)192.168.1.32: Timeout
[371](16:31:04)[0]-- TIME:20081026-163104

[372](16:31:05)[1]-- TIME:20081026-163105

[373](16:31:05)[2]-- TIME:20081026-163105

[374](16:31:06)[3]-- TIME:20081026-163106

[375](16:31:06)192.168.1.31: Timeout
[376](16:31:06)192.168.1.32: Timeout
[377](16:31:06)[0]-- TIME:20081026-163106

[378](16:31:07)[1]-- TIME:20081026-163107

[379](16:31:07)[2]-- TIME:20081026-163107

[380](16:31:08)[3]-- TIME:20081026-163108

[381](16:31:08)192.168.1.31: Timeout
[382](16:31:08)192.168.1.32: Timeout
[383](16:31:08)[0]-- TIME:20081026-163108

[384](16:31:09)[1]-- TIME:20081026-163109

[385](16:31:09)[2]-- TIME:20081026-163109

[386](16:31:10)[3]-- TIME:20081026-163110

[387](16:31:10)192.168.1.31: Timeout
[388](16:31:10)192.168.1.32: Timeout
[389](16:31:10)[0]-- TIME:20081026-163110

[390](16:31:11)[1]-- TIME:20081026-163111

[391](16:31:11)[2]-- TIME:20081026-163111

[392](16:31:12)[3]-- TIME:20081026-163112

[393](16:31:12)192.168.1.31: Timeout
[394](16:31:12)192.168.1.32: Timeout
[395](16:31:12)[0]-- TIME:20081026-163112

[396](16:31:13)[1]-- TIME:20081026-163113

[397](16:31:13)[2]-- TIME:20081026-163113

[398](16:31:14)[3]-- TIME:20081026-163114

[399](16:31:14)192.168.1.31: Timeout
[400](16:31:14)192.168.1.32: Timeout
[401](16:31:14)[0]-- TIME:20081026-163114

[402](16:31:15)[1]-- TIME:20081026-163115

[403](16:31:15)[2]-- TIME:20081026-163115

[404](16:31:16)[3]-- TIME:20081026-163116

[405](16:31:16)192.168.1.31: Timeout
[406](16:31:16)192.168.1.32: Timeout
[407](16:31:16)[0]-- TIME:20081026-163116

[408](16:31:17)[1]-- TIME:20081026-163117

[409](16:31:17)[2]-- TIME:20081026-163117

[410](16:31:18)[3]-- TIME:20081026-163118

[411](16:31:18)192.168.1.31: Timeout
[412](16:31:18)192.168.1.32: Timeout
[413](16:31:18)[0]-- TIME:20081026-163118

[414](16:31:19)[1]-- TIME:20081026-163119

[415](16:31:19)[2]-- TIME:20081026-163119

[416](16:31:20)[3]-- TIME:20081026-163120

[417](16:31:20)192.168.1.31: Timeout
[418](16:31:20)192.168.1.32: Timeout
[419](16:31:20)[0]-- TIME:20081026-163120

[420](16:31:21)[1]-- TIME:20081026-163121

[421](16:31:21)[2]-- TIME:20081026-163121

[422](16:31:22)[3]-- TIME:20081026-163122

[423](16:31:22)192.168.1.31: Timeout
[424](16:31:22)192.168.1.32: Timeout
[425](16:31:22)[0]-- TIME:20081026-163122

[426](16:31:23)[1]-- TIME:20081026-163123

[427](16:31:23)[2]-- TIME:20081026-163123

[428](16:31:24)[3]-- TIME:20081026-163124

[429](16:31:24)192.168.1.31: Timeout
[430](16:31:24)192.168.1.32: Timeout
[431](16:31:24)[0]-- TIME:20081026-163124

[432](16:31:25)[1]-- TIME:20081026-163125

[433](16:31:25)[2]-- TIME:20081026-163125

[434](16:31:26)[3]-- TIME:20081026-163126

[435](16:31:26)192.168.1.31: Timeout
[436](16:31:26)192.168.1.32: Timeout
[437](16:31:26)[0]-- TIME:20081026-163126

[438](16:31:27)[1]-- TIME:20081026-163127

[439](16:31:27)[2]-- TIME:20081026-163127

[440](16:31:28)[3]-- TIME:20081026-163128

[441](16:31:28)192.168.1.31: Timeout
[442](16:31:28)192.168.1.32: Timeout
[443](16:31:28)[0]-- TIME:20081026-163128

[444](16:31:29)[1]-- TIME:20081026-163129

[445](16:31:29)[2]-- TIME:20081026-163129

[446](16:31:30)[3]-- TIME:20081026-163130

[447](16:31:30)192.168.1.31: Timeout
[448](16:31:30)192.168.1.32: Timeout
[449](16:31:30)[0]-- TIME:20081026-163130

[450](16:31:31)[1]-- TIME:20081026-163131

[451](16:31:31)[2]-- TIME:20081026-163131

[452](16:31:32)[3]-- TIME:20081026-163132

[453](16:31:32)192.168.1.31: Timeout
[454](16:31:32)192.168.1.32: Timeout
[455](16:31:32)[0]-- TIME:20081026-163132

[456](16:31:33)[1]-- TIME:20081026-163133

[457](16:31:33)[2]-- TIME:20081026-163133

[458](16:31:34)[3]-- TIME:20081026-163134

[459](16:31:34)192.168.1.32: Timeout
[460](16:31:34)[0]-- TIME:20081026-163134

[461](16:31:35)[1]-- TIME:20081026-163135

[462](16:31:35)[2]-- TIME:20081026-163135

[463](16:31:36)[3]-- TIME:20081026-163136

[464](16:31:36)192.168.1.31: Timeout
[465](16:31:36)192.168.1.32: Timeout
[466](16:31:36)[0]-- TIME:20081026-163136

[467](16:31:37)[1]-- TIME:20081026-163137

[468](16:31:37)[2]-- TIME:20081026-163137

[469](16:31:38)[3]-- TIME:20081026-163138

[470](16:31:38)192.168.1.31: Timeout
[471](16:31:38)192.168.1.32: Timeout
[472](16:31:38)[0]-- TIME:20081026-163138

[473](16:31:39)[1]-- TIME:20081026-163139

[474](16:31:39)[2]-- TIME:20081026-163139

[475](16:31:40)[3]-- TIME:20081026-163140

[476](16:31:40)192.168.1.31: Timeout
[477](16:31:40)192.168.1.32: Timeout
[478](16:31:40)[0]-- TIME:20081026-163140

[479](16:31:41)[1]-- TIME:20081026-163141

[480](16:31:41)[2]-- TIME:20081026-163141

[481](16:31:42)[3]-- TIME:20081026-163142

[482](16:31:42)192.168.1.31: Timeout
[483](16:31:42)192.168.1.32: Timeout
[484](16:31:42)[0]-- TIME:20081026-163142

[485](16:31:43)[1]-- TIME:20081026-163143

[486](16:31:43)[2]-- TIME:20081026-163143

[487](16:31:44)[3]-- TIME:20081026-163144

[488](16:31:44)192.168.1.31: Timeout
[489](16:31:44)192.168.1.32: Timeout
[490](16:31:44)[0]-- TIME:20081026-163144

[491](16:31:45)[1]-- TIME:20081026-163145

[492](16:31:45)[2]-- TIME:20081026-163145

[493](16:31:46)[3]-- TIME:20081026-163146

[494](16:31:46)192.168.1.31: Timeout
[495](16:31:46)192.168.1.32: Timeout
[496](16:31:46)[0]-- TIME:20081026-163146

[497](16:31:47)[1]-- TIME:20081026-163147

[498](16:31:47)[2]-- TIME:20081026-163147

[499](16:31:48)[3]-- TIME:20081026-163148

[500](16:31:48)192.168.1.31: Timeout
[501](16:31:48)192.168.1.32: Timeout
[502](16:31:48)[0]-- TIME:20081026-163148

[503](16:31:49)[1]-- TIME:20081026-163149

[504](16:31:49)[2]-- TIME:20081026-163149

[505](16:31:50)[3]-- TIME:20081026-163150

[506](16:31:50)192.168.1.31: Timeout
[507](16:31:50)192.168.1.32: Timeout
[508](16:31:50)[0]-- TIME:20081026-163150

[509](16:31:51)[1]-- TIME:20081026-163151

[510](16:31:51)[2]-- TIME:20081026-163151

[511](16:31:52)[3]-- TIME:20081026-163152

[512](16:31:52)192.168.1.31: Timeout
[513](16:31:52)192.168.1.32: Timeout
[514](16:31:52)[0]-- TIME:20081026-163152

[515](16:31:53)[1]-- TIME:20081026-163153

[516](16:31:53)[2]-- TIME:20081026-163153

[517](16:31:54)[3]-- TIME:20081026-163154

[518](16:31:54)192.168.1.31: Timeout
[519](16:31:54)192.168.1.32: Timeout
[520](16:31:54)[0]-- TIME:20081026-163154

[521](16:31:55)[1]-- TIME:20081026-163155

[522](16:31:55)[2]-- TIME:20081026-163155

[523](16:31:56)[3]-- TIME:20081026-163156

[524](16:31:56)192.168.1.31: Timeout
[525](16:31:56)192.168.1.32: Timeout
[526](16:31:56)[0]-- TIME:20081026-163156

[527](16:31:57)[1]-- TIME:20081026-163157

[528](16:31:57)[2]-- TIME:20081026-163157

[529](16:31:58)[3]-- TIME:20081026-163158

[530](16:31:58)192.168.1.31: Timeout
[531](16:31:58)192.168.1.32: Timeout
[532](16:31:58)[0]-- TIME:20081026-163158

[533](16:31:59)[1]-- TIME:20081026-163159

[534](16:31:59)[2]-- TIME:20081026-163159

[535](16:32:00)[3]-- TIME:20081026-163200

[536](16:32:00)192.168.1.31: Timeout
[537](16:32:00)192.168.1.32: Timeout
[538](16:32:00)[0]-- TIME:20081026-163200

[539](16:32:01)[1]-- TIME:20081026-163201

[540](16:32:01)[2]-- TIME:20081026-163201

[541](16:32:02)[3]-- TIME:20081026-163202

[542](16:32:02)192.168.1.31: Timeout
[543](16:32:02)192.168.1.32: Timeout
[544](16:32:02)[0]-- TIME:20081026-163202

[545](16:32:03)[1]-- TIME:20081026-163203

[546](16:32:03)[2]-- TIME:20081026-163203

[547](16:32:04)[3]-- TIME:20081026-163204

[548](16:32:04)192.168.1.31: Timeout
[549](16:32:04)192.168.1.32: Timeout
[550](16:32:04)[0]-- TIME:20081026-163204

[551](16:32:05)[1]-- TIME:20081026-163205

[552](16:32:05)[2]-- TIME:20081026-163205

[553](16:32:06)[3]-- TIME:20081026-163206

[554](16:32:06)192.168.1.31: Timeout
[555](16:32:06)192.168.1.32: Timeout
[556](16:32:06)[0]-- TIME:20081026-163206

[557](16:32:07)[1]-- TIME:20081026-163207

[558](16:32:07)[2]-- TIME:20081026-163207

[559](16:32:08)[3]-- TIME:20081026-163208

[560](16:32:08)192.168.1.31: Timeout
[561](16:32:08)192.168.1.32: Timeout
[562](16:32:08)[0]-- TIME:20081026-163208

[563](16:32:09)[1]-- TIME:20081026-163209

[564](16:32:09)[2]-- TIME:20081026-163209

[565](16:32:10)[3]-- TIME:20081026-163210

[566](16:32:10)192.168.1.31: Timeout
[567](16:32:10)192.168.1.32: Timeout
[568](16:32:10)[0]-- TIME:20081026-163210

[569](16:32:11)[1]-- TIME:20081026-163211

[570](16:32:11)[2]-- TIME:20081026-163211

[571](16:32:12)[3]-- TIME:20081026-163212

[572](16:32:12)192.168.1.31: Timeout
[573](16:32:12)192.168.1.32: Timeout
[574](16:32:12)[0]-- TIME:20081026-163212

[575](16:32:13)[1]-- TIME:20081026-163213

[576](16:32:13)[2]-- TIME:20081026-163213

[577](16:32:14)[3]-- TIME:20081026-163214

[578](16:32:14)192.168.1.31: Timeout
[579](16:32:14)192.168.1.32: Timeout
[580](16:32:14)[0]-- TIME:20081026-163214

[581](16:32:15)[1]-- TIME:20081026-163215

[582](16:32:15)[2]-- TIME:20081026-163215

[583](16:32:16)[3]-- TIME:20081026-163216

[584](16:32:16)192.168.1.31: Timeout
[585](16:32:16)192.168.1.32: Timeout
[586](16:32:16)[0]-- TIME:20081026-163216

[587](16:32:17)[1]-- TIME:20081026-163217

[588](16:32:17)[2]-- TIME:20081026-163217

[589](16:32:18)[3]-- TIME:20081026-163218

[590](16:32:18)192.168.1.31: Timeout
[591](16:32:18)192.168.1.32: Timeout
[592](16:32:18)[0]-- TIME:20081026-163218

[593](16:32:19)[1]-- TIME:20081026-163219

[594](16:32:19)[2]-- TIME:20081026-163219

[595](16:32:20)[3]-- TIME:20081026-163220

[596](16:32:20)192.168.1.31: Timeout
[597](16:32:20)192.168.1.32: Timeout
[598](16:32:20)[0]-- TIME:20081026-163220

[599](16:32:21)[1]-- TIME:20081026-163221

[600](16:32:21)[2]-- TIME:20081026-163221

[601](16:32:22)[3]-- TIME:20081026-163222

[602](16:32:22)192.168.1.31: Timeout
[603](16:32:22)192.168.1.32: Timeout
[604](16:32:22)[0]-- TIME:20081026-163222

[605](16:32:23)[1]-- TIME:20081026-163223

[606](16:32:23)[2]-- TIME:20081026-163223

[607](16:32:24)[3]-- TIME:20081026-163224

[608](16:32:24)192.168.1.31: Timeout
[609](16:32:24)192.168.1.32: Timeout
[610](16:32:24)[0]-- TIME:20081026-163224

[611](16:32:25)[1]-- TIME:20081026-163225

[612](16:32:25)[2]-- TIME:20081026-163225

[613](16:32:26)[3]-- TIME:20081026-163226

[614](16:32:26)192.168.1.31: Timeout
[615](16:32:26)192.168.1.32: Timeout
[616](16:32:26)[0]-- TIME:20081026-163226

[617](16:32:27)[1]-- TIME:20081026-163227

[618](16:32:27)[2]-- TIME:20081026-163227

[619](16:32:28)[3]-- TIME:20081026-163228

[620](16:32:28)192.168.1.31: Timeout
[621](16:32:28)192.168.1.32: Timeout
[622](16:32:28)[0]-- TIME:20081026-163228

[623](16:32:29)[1]-- TIME:20081026-163229

[624](16:32:29)[2]-- TIME:20081026-163229

[625](16:32:30)[3]-- TIME:20081026-163230

[626](16:32:30)192.168.1.31: Timeout
[627](16:32:30)192.168.1.32: Timeout
[628](16:32:30)[0]-- TIME:20081026-163230

[629](16:32:31)[1]-- TIME:20081026-163231

[630](16:32:31)[2]-- TIME:20081026-163231

[631](16:32:32)[3]-- TIME:20081026-163232

[632](16:32:32)192.168.1.31: Timeout
[633](16:32:32)192.168.1.32: Timeout
[634](16:32:32)[0]-- TIME:20081026-163232

[635](16:32:33)[1]-- TIME:20081026-163233

[636](16:32:33)[2]-- TIME:20081026-163233

[637](16:32:34)[3]-- TIME:20081026-163234

[638](16:32:34)192.168.1.31: Timeout
[639](16:32:34)192.168.1.32: Timeout
[640](16:32:34)[0]-- TIME:20081026-163234

[641](16:32:35)[1]-- TIME:20081026-163235

[642](16:32:35)[2]-- TIME:20081026-163235

[643](16:32:36)[3]-- TIME:20081026-163236

[644](16:32:36)192.168.1.31: Timeout
[645](16:32:36)192.168.1.32: Timeout
[646](16:32:36)[0]-- TIME:20081026-163236

[647](16:32:37)[1]-- TIME:20081026-163237

[648](16:32:37)[2]-- TIME:20081026-163237

[649](16:32:38)[3]-- TIME:20081026-163238

[650](16:32:38)192.168.1.31: Timeout
[651](16:32:38)192.168.1.32: Timeout
[652](16:32:38)[0]-- TIME:20081026-163238

[653](16:32:39)[1]-- TIME:20081026-163239

[654](16:32:39)[2]-- TIME:20081026-163239

[655](16:32:40)[3]-- TIME:20081026-163240

[656](16:32:40)192.168.1.31: Timeout
[657](16:32:40)192.168.1.32: Timeout
[658](16:32:40)[0]-- TIME:20081026-163240

[659](16:32:41)[1]-- TIME:20081026-163241

[660](16:32:41)[2]-- TIME:20081026-163241

[661](16:32:42)[3]-- TIME:20081026-163242

[662](16:32:42)192.168.1.31: Timeout
[663](16:32:42)192.168.1.32: Timeout
[664](16:32:42)[0]-- TIME:20081026-163242

[665](16:32:43)[1]-- TIME:20081026-163243

[666](16:32:43)[2]-- TIME:20081026-163243

[667](16:32:44)[3]-- TIME:20081026-163244

[668](16:32:44)192.168.1.31: Timeout
[669](16:32:44)192.168.1.32: Timeout
[670](16:32:44)[0]-- TIME:20081026-163244

[671](16:32:45)[1]-- TIME:20081026-163245

[672](16:32:45)[2]-- TIME:20081026-163245

[673](16:32:46)[3]-- TIME:20081026-163246

[674](16:32:46)192.168.1.31: Timeout
[675](16:32:46)192.168.1.32: Timeout
[676](16:32:46)[0]-- TIME:20081026-163246

[677](16:32:47)[1]-- TIME:20081026-163247

[678](16:32:47)[2]-- TIME:20081026-163247

[679](16:32:48)[3]-- TIME:20081026-163248

[680](16:32:48)192.168.1.31: Timeout
[681](16:32:48)192.168.1.32: Timeout
[682](16:32:48)[0]-- TIME:20081026-163248

[683](16:32:49)[1]-- TIME:20081026-163249

[684](16:32:49)[2]-- TIME:20081026-163249

[685](16:32:50)[3]-- TIME:20081026-163250

[686](16:32:50)192.168.1.31: Timeout
[687](16:32:50)192.168.1.32: Timeout
[688](16:32:50)[0]-- TIME:20081026-163250

[689](16:32:51)[1]-- TIME:20081026-163251

[690](16:32:51)[2]-- TIME:20081026-163251

[691](16:32:52)[3]-- TIME:20081026-163252

[692](16:32:52)192.168.1.31: Timeout
[693](16:32:52)192.168.1.32: Timeout
[694](16:32:52)[0]-- TIME:20081026-163252

[695](16:32:53)[1]-- TIME:20081026-163253

[696](16:32:53)[2]-- TIME:20081026-163253

[697](16:32:54)[3]-- TIME:20081026-163254

[698](16:32:54)192.168.1.31: Timeout
[699](16:32:54)192.168.1.32: Timeout
[700](16:32:54)[0]-- TIME:20081026-163254

[701](16:32:55)[1]-- TIME:20081026-163255

[702](16:32:55)[2]-- TIME:20081026-163255

[703](16:32:56)[3]-- TIME:20081026-163256

[704](16:32:56)192.168.1.31: Timeout
[705](16:32:56)192.168.1.32: Timeout
[706](16:32:56)[0]-- TIME:20081026-163256

[707](16:32:57)[1]-- TIME:20081026-163257

[708](16:32:57)[2]-- TIME:20081026-163257

[709](16:32:58)[3]-- TIME:20081026-163258

[710](16:32:58)192.168.1.31: Timeout
[711](16:32:58)192.168.1.32: Timeout
[712](16:32:58)[0]-- TIME:20081026-163258

[713](16:32:59)[1]-- TIME:20081026-163259

[714](16:32:59)[2]-- TIME:20081026-163259

[715](16:33:00)[3]-- TIME:20081026-163300

[716](16:33:00)192.168.1.31: Timeout
[717](16:33:00)192.168.1.32: Timeout
[718](16:33:01)[0]-- TIME:20081026-163301

[719](16:33:01)[1]-- TIME:20081026-163301

[720](16:33:02)[2]-- TIME:20081026-163302

[721](16:33:02)[3]-- TIME:20081026-163302

[722](16:33:02)192.168.1.31: Timeout
[723](16:33:03)[0]-- TIME:20081026-163303

[724](16:33:03)[1]-- TIME:20081026-163303

[725](16:33:04)[2]-- TIME:20081026-163304

[726](16:33:04)[3]-- TIME:20081026-163304

[727](16:33:04)192.168.1.31: Timeout
[728](16:33:04)192.168.1.32: Timeout
[729](16:33:05)[0]-- TIME:20081026-163305

[730](16:33:05)[1]-- TIME:20081026-163305

[731](16:33:06)[2]-- TIME:20081026-163306

[732](16:33:06)[3]-- TIME:20081026-163306

[733](16:33:06)192.168.1.31: Timeout
[734](16:33:06)192.168.1.32: Timeout
[735](16:33:07)[0]-- TIME:20081026-163307

[736](16:33:07)[1]-- TIME:20081026-163307

[737](16:33:08)[2]-- TIME:20081026-163308

[738](16:33:08)[3]-- TIME:20081026-163308

[739](16:33:08)192.168.1.31: Timeout
[740](16:33:08)192.168.1.32: Timeout
[741](16:33:09)[0]-- TIME:20081026-163309

[742](16:33:09)[1]-- TIME:20081026-163309

[743](16:33:10)[2]-- TIME:20081026-163310

[744](16:33:10)[3]-- TIME:20081026-163310

[745](16:33:10)192.168.1.31: Timeout
[746](16:33:10)192.168.1.32: Timeout
[747](16:33:11)[0]-- TIME:20081026-163311

[748](16:33:11)[1]-- TIME:20081026-163311

[749](16:33:12)[2]-- TIME:20081026-163312

[750](16:33:12)[3]-- TIME:20081026-163312

[751](16:33:12)192.168.1.31: Timeout
[752](16:33:12)192.168.1.32: Timeout
[753](16:33:13)[0]-- TIME:20081026-163313

[754](16:33:13)[1]-- TIME:20081026-163313

[755](16:33:14)[2]-- TIME:20081026-163314

[756](16:33:14)[3]-- TIME:20081026-163314

[757](16:33:14)192.168.1.31: Timeout
[758](16:33:14)192.168.1.32: Timeout
[759](16:33:15)[0]-- TIME:20081026-163315

[760](16:33:15)[1]-- TIME:20081026-163315

[761](16:33:16)[2]-- TIME:20081026-163316

[762](16:33:16)[3]-- TIME:20081026-163316

[763](16:33:16)192.168.1.31: Timeout
[764](16:33:16)192.168.1.32: Timeout
[765](16:33:17)[0]-- TIME:20081026-163317

[766](16:33:17)[1]-- TIME:20081026-163317

[767](16:33:18)[2]-- TIME:20081026-163318

[768](16:33:18)[3]-- TIME:20081026-163318

[769](16:33:18)192.168.1.31: Timeout
[770](16:33:19)[0]-- TIME:20081026-163319

[771](16:33:19)[1]-- TIME:20081026-163319

[772](16:33:20)[2]-- TIME:20081026-163320

[773](16:33:20)[3]-- TIME:20081026-163320

[774](16:33:20)192.168.1.31: Timeout
[775](16:33:20)192.168.1.32: Timeout
[776](16:33:21)[0]-- TIME:20081026-163321

[777](16:33:21)[1]-- TIME:20081026-163321

[778](16:33:22)[2]-- TIME:20081026-163322

[779](16:33:22)[3]-- TIME:20081026-163322

[780](16:33:22)192.168.1.31: Timeout
[781](16:33:22)192.168.1.32: Timeout
[782](16:33:23)[0]-- TIME:20081026-163323

[783](16:33:23)[1]-- TIME:20081026-163323

[784](16:33:24)[2]-- TIME:20081026-163324

[785](16:33:24)[3]-- TIME:20081026-163324

[786](16:33:24)192.168.1.31: Timeout
[787](16:33:24)192.168.1.32: Timeout
[788](16:33:25)[0]-- TIME:20081026-163325

[789](16:33:25)[1]-- TIME:20081026-163325

[790](16:33:26)[2]-- TIME:20081026-163326

[791](16:33:26)[3]-- TIME:20081026-163326

[792](16:33:26)192.168.1.31: Timeout
[793](16:33:26)192.168.1.32: Timeout
[794](16:33:27)[0]-- TIME:20081026-163327

[795](16:33:27)[1]-- TIME:20081026-163327

[796](16:33:28)[2]-- TIME:20081026-163328

[797](16:33:28)[3]-- TIME:20081026-163328

[798](16:33:28)192.168.1.31: Timeout
[799](16:33:28)192.168.1.32: Timeout
[800](16:33:29)[0]-- TIME:20081026-163329

[801](16:33:29)[1]-- TIME:20081026-163329

[802](16:33:30)[2]-- TIME:20081026-163330

[803](16:33:30)[3]-- TIME:20081026-163330

[804](16:33:30)192.168.1.31: Timeout
[805](16:33:30)192.168.1.32: Timeout
[806](16:33:31)[0]-- TIME:20081026-163331

[807](16:33:31)[1]-- TIME:20081026-163331

[808](16:33:32)[2]-- TIME:20081026-163332

[809](16:33:32)[3]-- TIME:20081026-163332

[810](16:33:32)192.168.1.31: Timeout
[811](16:33:32)192.168.1.32: Timeout
[812](16:33:33)[0]-- TIME:20081026-163333

[813](16:33:33)[1]-- TIME:20081026-163333

[814](16:33:34)[2]-- TIME:20081026-163334

[815](16:33:34)[3]-- TIME:20081026-163334

[816](16:33:34)192.168.1.31: Timeout
[817](16:33:34)192.168.1.32: Timeout
[818](16:33:35)[0]-- TIME:20081026-163335

[819](16:33:35)[1]-- TIME:20081026-163335

[820](16:33:36)[2]-- TIME:20081026-163336

[821](16:33:36)[3]-- TIME:20081026-163336

[822](16:33:36)192.168.1.31: Timeout
[823](16:33:36)192.168.1.32: Timeout
[824](16:33:37)[0]-- TIME:20081026-163337

[825](16:33:37)[1]-- TIME:20081026-163337

[826](16:33:38)[2]-- TIME:20081026-163338

[827](16:33:38)[3]-- TIME:20081026-163338

[828](16:33:38)192.168.1.31: Timeout
[829](16:33:38)192.168.1.32: Timeout
[830](16:33:39)[0]-- TIME:20081026-163339

[831](16:33:39)[1]-- TIME:20081026-163339

[832](16:33:40)[2]-- TIME:20081026-163340

[833](16:33:40)[3]-- TIME:20081026-163340

[834](16:33:40)192.168.1.31: Timeout
[835](16:33:40)192.168.1.32: Timeout
[836](16:33:41)[0]-- TIME:20081026-163341

[837](16:33:41)[1]-- TIME:20081026-163341

[838](16:33:42)[2]-- TIME:20081026-163342

[839](16:33:42)[3]-- TIME:20081026-163342

[840](16:33:42)192.168.1.31: Timeout
[841](16:33:42)192.168.1.32: Timeout
[842](16:33:43)[0]-- TIME:20081026-163343

[843](16:33:43)[1]-- TIME:20081026-163343

[844](16:33:44)[2]-- TIME:20081026-163344

[845](16:33:44)[3]-- TIME:20081026-163344

[846](16:33:44)192.168.1.31: Timeout
[847](16:33:44)192.168.1.32: Timeout
[848](16:33:45)[0]-- TIME:20081026-163345

[849](16:33:45)[1]-- TIME:20081026-163345

[850](16:33:46)[2]-- TIME:20081026-163346

[851](16:33:46)[3]-- TIME:20081026-163346

[852](16:33:46)192.168.1.31: Timeout
[853](16:33:46)192.168.1.32: Timeout
[854](16:33:47)[0]-- TIME:20081026-163347

[855](16:33:47)[1]-- TIME:20081026-163347

[856](16:33:48)[2]-- TIME:20081026-163348

[857](16:33:48)[3]-- TIME:20081026-163348

[858](16:33:48)192.168.1.31: Timeout
[859](16:33:48)192.168.1.32: Timeout
[860](16:33:49)[0]-- TIME:20081026-163349

[861](16:33:49)[1]-- TIME:20081026-163349

[862](16:33:50)[2]-- TIME:20081026-163350

[863](16:33:50)[3]-- TIME:20081026-163350

[864](16:33:50)192.168.1.31: Timeout
[865](16:33:50)192.168.1.32: Timeout
[866](16:33:51)[0]-- TIME:20081026-163351

[867](16:33:51)[1]-- TIME:20081026-163351

[868](16:33:52)[2]-- TIME:20081026-163352

[869](16:33:52)[3]-- TIME:20081026-163352

[870](16:33:52)192.168.1.31: Timeout
[871](16:33:52)192.168.1.32: Timeout
[872](16:33:53)[0]-- TIME:20081026-163353

[873](16:33:53)[1]-- TIME:20081026-163353

[874](16:33:54)[2]-- TIME:20081026-163354

[875](16:33:54)[3]-- TIME:20081026-163354

[876](16:33:54)192.168.1.31: Timeout
[877](16:33:54)192.168.1.32: Timeout
[878](16:33:55)[0]-- TIME:20081026-163355

[879](16:33:55)[1]-- TIME:20081026-163355

[880](16:33:56)[2]-- TIME:20081026-163356

[881](16:33:56)[3]-- TIME:20081026-163356

[882](16:33:56)192.168.1.31: Timeout
[883](16:33:56)192.168.1.32: Timeout
[884](16:33:57)[0]-- TIME:20081026-163357

[885](16:33:57)[1]-- TIME:20081026-163357

[886](16:33:58)[2]-- TIME:20081026-163358

[887](16:33:58)[3]-- TIME:20081026-163358

[888](16:33:58)192.168.1.31: Timeout
[889](16:33:58)192.168.1.32: Timeout
[890](16:33:59)[0]-- TIME:20081026-163359

[891](16:33:59)[1]-- TIME:20081026-163359

[892](16:34:00)[2]-- TIME:20081026-163400

[893](16:34:00)[3]-- TIME:20081026-163400

[894](16:34:00)192.168.1.31: Timeout
[895](16:34:00)192.168.1.32: Timeout
[896](16:34:01)[0]-- TIME:20081026-163401

[897](16:34:01)[1]-- TIME:20081026-163401

[898](16:34:02)[2]-- TIME:20081026-163402

[899](16:34:02)[3]-- TIME:20081026-163402

[900](16:34:02)192.168.1.31: Timeout
[901](16:34:02)192.168.1.32: Timeout
[902](16:34:03)[0]-- TIME:20081026-163403

[903](16:34:03)[1]-- TIME:20081026-163403

[904](16:34:04)[2]-- TIME:20081026-163404

[905](16:34:04)[3]-- TIME:20081026-163404

[906](16:34:04)192.168.1.31: Timeout
[907](16:34:04)192.168.1.32: Timeout
[908](16:34:05)[0]-- TIME:20081026-163405

[909](16:34:05)[1]-- TIME:20081026-163405

[910](16:34:06)[2]-- TIME:20081026-163406

[911](16:34:06)[3]-- TIME:20081026-163406

[912](16:34:06)192.168.1.31: Timeout
[913](16:34:06)192.168.1.32: Timeout
[914](16:34:07)[0]-- TIME:20081026-163407

[915](16:34:07)[1]-- TIME:20081026-163407

[916](16:34:08)[2]-- TIME:20081026-163408

[917](16:34:08)[3]-- TIME:20081026-163408

[918](16:34:08)192.168.1.31: Timeout
[919](16:34:08)192.168.1.32: Timeout
[920](16:34:09)[0]-- TIME:20081026-163409

[921](16:34:09)[1]-- TIME:20081026-163409

[922](16:34:10)[2]-- TIME:20081026-163410

[923](16:34:10)[3]-- TIME:20081026-163410

[924](16:34:10)192.168.1.31: Timeout
[925](16:34:10)192.168.1.32: Timeout
[926](16:34:11)[0]-- TIME:20081026-163411

[927](16:34:11)[1]-- TIME:20081026-163411

[928](16:34:12)[2]-- TIME:20081026-163412

[929](16:34:12)[3]-- TIME:20081026-163412

[930](16:34:12)192.168.1.31: Timeout
[931](16:34:12)192.168.1.32: Timeout
[932](16:34:13)[0]-- TIME:20081026-163413

[933](16:34:13)[1]-- TIME:20081026-163413

[934](16:34:14)[2]-- TIME:20081026-163414

[935](16:34:14)[3]-- TIME:20081026-163414

[936](16:34:14)192.168.1.31: Timeout
[937](16:34:14)192.168.1.32: Timeout
[938](16:34:15)[0]-- TIME:20081026-163415

[939](16:34:15)[1]-- TIME:20081026-163415

[940](16:34:16)[2]-- TIME:20081026-163416

[941](16:34:16)[3]-- TIME:20081026-163416

[942](16:34:16)192.168.1.31: Timeout
[943](16:34:16)192.168.1.32: Timeout
[944](16:34:17)[0]-- TIME:20081026-163417

[945](16:34:17)[1]-- TIME:20081026-163417

[946](16:34:18)[2]-- TIME:20081026-163418

[947](16:34:18)[3]-- TIME:20081026-163418

[948](16:34:18)192.168.1.31: Timeout
[949](16:34:18)192.168.1.32: Timeout
[950](16:34:19)[0]-- TIME:20081026-163419

[951](16:34:19)[1]-- TIME:20081026-163419

[952](16:34:20)[2]-- TIME:20081026-163420

[953](16:34:20)[3]-- TIME:20081026-163420

[954](16:34:20)192.168.1.31: Timeout
[955](16:34:20)192.168.1.32: Timeout
[956](16:34:21)[0]-- TIME:20081026-163421

[957](16:34:21)[1]-- TIME:20081026-163421

[958](16:34:22)[2]-- TIME:20081026-163422

[959](16:34:22)[3]-- TIME:20081026-163422

[960](16:34:22)192.168.1.31: Timeout
[961](16:34:22)192.168.1.32: Timeout
[962](16:34:23)[0]-- TIME:20081026-163423

[963](16:34:23)[1]-- TIME:20081026-163423

[964](16:34:24)[2]-- TIME:20081026-163424

[965](16:34:24)[3]-- TIME:20081026-163424

[966](16:34:24)192.168.1.31: Timeout
[967](16:34:24)192.168.1.32: Timeout
[968](16:34:25)[0]-- TIME:20081026-163425

[969](16:34:25)[1]-- TIME:20081026-163425

[970](16:34:26)[2]-- TIME:20081026-163426

[971](16:34:26)[3]-- TIME:20081026-163426

[972](16:34:26)192.168.1.31: Timeout
[973](16:34:26)192.168.1.32: Timeout
[974](16:34:27)[0]-- TIME:20081026-163427

[975](16:34:27)[1]-- TIME:20081026-163427

[976](16:34:28)[2]-- TIME:20081026-163428

[977](16:34:28)[3]-- TIME:20081026-163428

[978](16:34:28)192.168.1.31: Timeout
[979](16:34:28)192.168.1.32: Timeout
[980](16:34:29)[0]-- TIME:20081026-163429

[981](16:34:29)[1]-- TIME:20081026-163429

[982](16:34:30)[2]-- TIME:20081026-163430

[983](16:34:30)[3]-- TIME:20081026-163430

[984](16:34:30)192.168.1.31: Timeout
[985](16:34:30)192.168.1.32: Timeout
[986](16:34:31)[0]-- TIME:20081026-163431

[987](16:34:31)[1]-- TIME:20081026-163431

[988](16:34:32)[2]-- TIME:20081026-163432

[989](16:34:32)[3]-- TIME:20081026-163432

[990](16:34:32)192.168.1.31: Timeout
[991](16:34:32)192.168.1.32: Timeout
[992](16:34:33)[0]-- TIME:20081026-163433

[993](16:34:33)[1]-- TIME:20081026-163433

[994](16:34:34)[2]-- TIME:20081026-163434

[995](16:34:34)[3]-- TIME:20081026-163434

[996](16:34:34)192.168.1.31: Timeout
[997](16:34:34)192.168.1.32: Timeout
[998](16:34:35)[0]-- TIME:20081026-163435

[999](16:34:35)[1]-- TIME:20081026-163435

[1000](16:34:36)[2]-- TIME:20081026-163436
