
[0](10:43:43)======== MONITA APP STARTING ===========
[1](10:43:43)Load file konfigurasi
[2](10:43:43)Baca konfig
[3](10:43:43)Baca konfig: OK
[4](10:44:21)SELECT * FROM data_harian RIGHT JOIN waktu on waktu.id_waktu=data_harian.id_waktu WHERE id_titik_ukur='93' AND waktu.waktu LIKE '20080923%'ORDER BY waktu ASC LIMIT 1440
[0](10:47:53)======== MONITA APP STARTING ===========
[1](10:47:53)Load file konfigurasi
[2](10:47:53)Baca konfig
[3](10:47:53)Baca konfig: OK
[4](10:47:58)SELECT * FROM data_harian RIGHT JOIN waktu on waktu.id_waktu=data_harian.id_waktu WHERE id_titik_ukur='93' AND waktu.waktu LIKE '20080923%'ORDER BY waktu ASC LIMIT 1440
[0](10:49:09)======== MONITA APP STARTING ===========
[1](10:49:09)Load file konfigurasi
[2](10:49:09)Baca konfig
[3](10:49:09)Baca konfig: OK
[4](10:49:12)SELECT * FROM data_harian RIGHT JOIN waktu on waktu.id_waktu=data_harian.id_waktu WHERE id_titik_ukur='93' AND waktu.waktu LIKE '20080923%'ORDER BY waktu ASC LIMIT 1440
[0](10:51:08)======== MONITA APP STARTING ===========
[1](10:51:08)Load file konfigurasi
[2](10:51:08)Baca konfig
[3](10:51:08)Baca konfig: OK
[4](10:51:11)SELECT * FROM data_harian RIGHT JOIN waktu on waktu.id_waktu=data_harian.id_waktu WHERE id_titik_ukur='93' AND waktu.waktu LIKE '20080923%'ORDER BY waktu ASC LIMIT 1440
[0](10:54:40)======== MONITA APP STARTING ===========
[1](10:54:40)Load file konfigurasi
[2](10:54:40)Baca konfig
[3](10:54:40)Baca konfig: OK
[4](10:54:44)SELECT * FROM data_harian RIGHT JOIN waktu on waktu.id_waktu=data_harian.id_waktu WHERE id_titik_ukur='93' AND waktu.waktu LIKE '20080923%'ORDER BY waktu ASC LIMIT 1440
[0](10:57:49)======== MONITA APP STARTING ===========
[1](10:57:49)Load file konfigurasi
[2](10:57:49)Baca konfig
[3](10:57:49)Baca konfig: OK
[4](10:57:52)SELECT * FROM data_harian RIGHT JOIN waktu on waktu.id_waktu=data_harian.id_waktu WHERE id_titik_ukur='93' AND waktu.waktu LIKE '20080923%'ORDER BY waktu ASC LIMIT 1440
[0](10:59:46)======== MONITA APP STARTING ===========
[1](10:59:46)Load file konfigurasi
[2](10:59:46)Baca konfig
[3](10:59:46)Baca konfig: OK
[4](10:59:51)SELECT * FROM data_harian RIGHT JOIN waktu on waktu.id_waktu=data_harian.id_waktu WHERE id_titik_ukur='93' AND waktu.waktu LIKE '20080923%'ORDER BY waktu ASC LIMIT 1440
[0](11:00:27)======== MONITA APP STARTING ===========
[1](11:00:27)Load file konfigurasi
[2](11:00:27)Baca konfig
[3](11:00:27)Baca konfig: OK
[4](11:00:30)SELECT * FROM data_harian RIGHT JOIN waktu on waktu.id_waktu=data_harian.id_waktu WHERE id_titik_ukur='93' AND waktu.waktu LIKE '20080923%'ORDER BY waktu ASC LIMIT 1440
[0](11:01:08)======== MONITA APP STARTING ===========
[1](11:01:08)Load file konfigurasi
[2](11:01:08)Baca konfig
[3](11:01:08)Baca konfig: OK
[4](11:01:11)SELECT * FROM data_harian RIGHT JOIN waktu on waktu.id_waktu=data_harian.id_waktu WHERE id_titik_ukur='93' AND waktu.waktu LIKE '20080923%'ORDER BY waktu ASC LIMIT 1440
[0](11:02:05)======== MONITA APP STARTING ===========
[1](11:02:05)Load file konfigurasi
[2](11:02:05)Baca konfig
[3](11:02:05)Baca konfig: OK
[4](11:02:08)SELECT * FROM data_harian RIGHT JOIN waktu on waktu.id_waktu=data_harian.id_waktu WHERE id_titik_ukur='93' AND waktu.waktu LIKE '20080923%'ORDER BY waktu ASC LIMIT 1440
[0](11:02:38)======== MONITA APP STARTING ===========
[1](11:02:38)Load file konfigurasi
[2](11:02:38)Baca konfig
[3](11:02:38)Baca konfig: OK
[4](11:02:42)SELECT * FROM data_harian RIGHT JOIN waktu on waktu.id_waktu=data_harian.id_waktu WHERE id_titik_ukur='93' AND waktu.waktu LIKE '20080923%'ORDER BY waktu ASC LIMIT 1440
[0](11:02:57)======== MONITA APP STARTING ===========
[1](11:02:57)Load file konfigurasi
[2](11:02:57)Baca konfig
[3](11:02:57)Baca konfig: OK
[4](11:03:01)SELECT * FROM data_harian RIGHT JOIN waktu on waktu.id_waktu=data_harian.id_waktu WHERE id_titik_ukur='93' AND waktu.waktu LIKE '20080923%'ORDER BY waktu ASC LIMIT 1440
[0](11:06:14)======== MONITA APP STARTING ===========
[1](11:06:14)Load file konfigurasi
[2](11:06:14)Baca konfig
[3](11:06:14)Baca konfig: OK
[4](11:06:17)SELECT * FROM data_harian RIGHT JOIN waktu on waktu.id_waktu=data_harian.id_waktu WHERE id_titik_ukur='93' AND waktu.waktu LIKE '20080923%'ORDER BY waktu ASC LIMIT 1440
[0](11:09:56)======== MONITA APP STARTING ===========
[1](11:09:56)Load file konfigurasi
[2](11:09:56)Baca konfig
[3](11:09:56)Baca konfig: OK
[4](11:09:59)SELECT * FROM data_harian RIGHT JOIN waktu on waktu.id_waktu=data_harian.id_waktu WHERE id_titik_ukur='93' AND waktu.waktu LIKE '20080923%'ORDER BY waktu ASC LIMIT 1440
[0](12:06:35)======== MONITA APP STARTING ===========
[1](12:06:35)Load file konfigurasi
[2](12:06:35)Baca konfig
[3](12:06:35)Baca konfig: OK
[4](12:06:38)SELECT * FROM data_harian RIGHT JOIN waktu on waktu.id_waktu=data_harian.id_waktu WHERE id_titik_ukur='93' AND waktu.waktu LIKE '20080923%'ORDER BY waktu ASC LIMIT 1440
[0](12:08:59)======== MONITA APP STARTING ===========
[1](12:08:59)Load file konfigurasi
[2](12:08:59)Baca konfig
[3](12:08:59)Baca konfig: OK
[4](12:09:02)SELECT * FROM data_harian RIGHT JOIN waktu on waktu.id_waktu=data_harian.id_waktu WHERE id_titik_ukur='93' AND waktu.waktu LIKE '20080923%'ORDER BY waktu ASC LIMIT 1440
[0](12:13:12)======== MONITA APP STARTING ===========
[1](12:13:12)Load file konfigurasi
[2](12:13:12)Baca konfig
[3](12:13:12)Baca konfig: OK
[4](12:13:15)SELECT * FROM data_harian RIGHT JOIN waktu on waktu.id_waktu=data_harian.id_waktu WHERE id_titik_ukur='93' AND waktu.waktu LIKE '20080923%'ORDER BY waktu ASC LIMIT 1440
[5](12:13:16)SELECT * FROM data_harian RIGHT JOIN waktu on waktu.id_waktu=data_harian.id_waktu WHERE id_titik_ukur='94' AND waktu.waktu LIKE '20080923%'ORDER BY waktu ASC LIMIT 1440
[6](12:13:17)SELECT * FROM data_harian RIGHT JOIN waktu on waktu.id_waktu=data_harian.id_waktu WHERE id_titik_ukur='95' AND waktu.waktu LIKE '20080923%'ORDER BY waktu ASC LIMIT 1440
[7](12:13:18)SELECT * FROM data_harian RIGHT JOIN waktu on waktu.id_waktu=data_harian.id_waktu WHERE id_titik_ukur='96' AND waktu.waktu LIKE '20080923%'ORDER BY waktu ASC LIMIT 1440
[8](12:13:19)SELECT * FROM data_harian RIGHT JOIN waktu on waktu.id_waktu=data_harian.id_waktu WHERE id_titik_ukur='97' AND waktu.waktu LIKE '20080923%'ORDER BY waktu ASC LIMIT 1440
[9](12:13:20)SELECT * FROM data_harian RIGHT JOIN waktu on waktu.id_waktu=data_harian.id_waktu WHERE id_titik_ukur='98' AND waktu.waktu LIKE '20080923%'ORDER BY waktu ASC LIMIT 1440
[10](12:13:21)SELECT * FROM data_harian RIGHT JOIN waktu on waktu.id_waktu=data_harian.id_waktu WHERE id_titik_ukur='99' AND waktu.waktu LIKE '20080923%'ORDER BY waktu ASC LIMIT 1440
[11](12:13:22)SELECT * FROM data_harian RIGHT JOIN waktu on waktu.id_waktu=data_harian.id_waktu WHERE id_titik_ukur='100' AND waktu.waktu LIKE '20080923%'ORDER BY waktu ASC LIMIT 1440
[12](12:13:23)SELECT * FROM data_harian RIGHT JOIN waktu on waktu.id_waktu=data_harian.id_waktu WHERE id_titik_ukur='111' AND waktu.waktu LIKE '20080923%'ORDER BY waktu ASC LIMIT 1440
[13](12:13:24)SELECT * FROM data_harian RIGHT JOIN waktu on waktu.id_waktu=data_harian.id_waktu WHERE id_titik_ukur='112' AND waktu.waktu LIKE '20080923%'ORDER BY waktu ASC LIMIT 1440
[14](12:13:45)======== MONITA APP CLOSING =========
[15](12:13:45)============ BYE BYE ===============
[0](12:18:56)======== MONITA APP STARTING ===========
[1](12:18:56)Load file konfigurasi
[2](12:18:56)Baca konfig
[3](12:18:56)Baca konfig: OK
[4](12:19:00)SELECT * FROM data_harian RIGHT JOIN waktu on waktu.id_waktu=data_harian.id_waktu WHERE id_titik_ukur='93' AND waktu.waktu LIKE '20080923%'ORDER BY waktu ASC LIMIT 1440
[5](12:19:01)SELECT * FROM data_harian RIGHT JOIN waktu on waktu.id_waktu=data_harian.id_waktu WHERE id_titik_ukur='94' AND waktu.waktu LIKE '20080923%'ORDER BY waktu ASC LIMIT 1440
[6](12:19:02)SELECT * FROM data_harian RIGHT JOIN waktu on waktu.id_waktu=data_harian.id_waktu WHERE id_titik_ukur='95' AND waktu.waktu LIKE '20080923%'ORDER BY waktu ASC LIMIT 1440
[7](12:19:03)SELECT * FROM data_harian RIGHT JOIN waktu on waktu.id_waktu=data_harian.id_waktu WHERE id_titik_ukur='96' AND waktu.waktu LIKE '20080923%'ORDER BY waktu ASC LIMIT 1440
[8](12:19:04)SELECT * FROM data_harian RIGHT JOIN waktu on waktu.id_waktu=data_harian.id_waktu WHERE id_titik_ukur='97' AND waktu.waktu LIKE '20080923%'ORDER BY waktu ASC LIMIT 1440
[9](12:19:05)SELECT * FROM data_harian RIGHT JOIN waktu on waktu.id_waktu=data_harian.id_waktu WHERE id_titik_ukur='98' AND waktu.waktu LIKE '20080923%'ORDER BY waktu ASC LIMIT 1440
[10](12:19:06)SELECT * FROM data_harian RIGHT JOIN waktu on waktu.id_waktu=data_harian.id_waktu WHERE id_titik_ukur='99' AND waktu.waktu LIKE '20080923%'ORDER BY waktu ASC LIMIT 1440
[11](12:19:07)SELECT * FROM data_harian RIGHT JOIN waktu on waktu.id_waktu=data_harian.id_waktu WHERE id_titik_ukur='100' AND waktu.waktu LIKE '20080923%'ORDER BY waktu ASC LIMIT 1440
[12](12:19:08)SELECT * FROM data_harian RIGHT JOIN waktu on waktu.id_waktu=data_harian.id_waktu WHERE id_titik_ukur='111' AND waktu.waktu LIKE '20080923%'ORDER BY waktu ASC LIMIT 1440
[13](12:19:09)SELECT * FROM data_harian RIGHT JOIN waktu on waktu.id_waktu=data_harian.id_waktu WHERE id_titik_ukur='112' AND waktu.waktu LIKE '20080923%'ORDER BY waktu ASC LIMIT 1440
[0](12:26:13)======== MONITA APP STARTING ===========
[1](12:26:13)Load file konfigurasi
[2](12:26:13)Baca konfig
[3](12:26:13)Baca konfig: OK
[4](12:26:17)SELECT * FROM data_harian RIGHT JOIN waktu on waktu.id_waktu=data_harian.id_waktu WHERE id_titik_ukur='93' AND waktu.waktu LIKE '20080923%'ORDER BY waktu ASC LIMIT 1440
[5](12:26:18)SELECT * FROM data_harian RIGHT JOIN waktu on waktu.id_waktu=data_harian.id_waktu WHERE id_titik_ukur='94' AND waktu.waktu LIKE '20080923%'ORDER BY waktu ASC LIMIT 1440
[6](12:26:19)SELECT * FROM data_harian RIGHT JOIN waktu on waktu.id_waktu=data_harian.id_waktu WHERE id_titik_ukur='95' AND waktu.waktu LIKE '20080923%'ORDER BY waktu ASC LIMIT 1440
[7](12:26:20)SELECT * FROM data_harian RIGHT JOIN waktu on waktu.id_waktu=data_harian.id_waktu WHERE id_titik_ukur='96' AND waktu.waktu LIKE '20080923%'ORDER BY waktu ASC LIMIT 1440
[8](12:26:21)SELECT * FROM data_harian RIGHT JOIN waktu on waktu.id_waktu=data_harian.id_waktu WHERE id_titik_ukur='97' AND waktu.waktu LIKE '20080923%'ORDER BY waktu ASC LIMIT 1440
[9](12:26:22)SELECT * FROM data_harian RIGHT JOIN waktu on waktu.id_waktu=data_harian.id_waktu WHERE id_titik_ukur='98' AND waktu.waktu LIKE '20080923%'ORDER BY waktu ASC LIMIT 1440
[10](12:26:23)SELECT * FROM data_harian RIGHT JOIN waktu on waktu.id_waktu=data_harian.id_waktu WHERE id_titik_ukur='99' AND waktu.waktu LIKE '20080923%'ORDER BY waktu ASC LIMIT 1440
[11](12:26:24)SELECT * FROM data_harian RIGHT JOIN waktu on waktu.id_waktu=data_harian.id_waktu WHERE id_titik_ukur='100' AND waktu.waktu LIKE '20080923%'ORDER BY waktu ASC LIMIT 1440
[12](12:26:26)SELECT * FROM data_harian RIGHT JOIN waktu on waktu.id_waktu=data_harian.id_waktu WHERE id_titik_ukur='111' AND waktu.waktu LIKE '20080923%'ORDER BY waktu ASC LIMIT 1440
[13](12:26:27)SELECT * FROM data_harian RIGHT JOIN waktu on waktu.id_waktu=data_harian.id_waktu WHERE id_titik_ukur='112' AND waktu.waktu LIKE '20080923%'ORDER BY waktu ASC LIMIT 1440
[0](12:40:50)======== MONITA APP STARTING ===========
[1](12:40:50)Load file konfigurasi
[2](12:40:50)Baca konfig
[3](12:40:50)Baca konfig: OK
[4](12:45:21)SELECT * FROM data_harian RIGHT JOIN waktu on waktu.id_waktu=data_harian.id_waktu WHERE id_titik_ukur='93' AND waktu.waktu LIKE '20080923%'ORDER BY waktu ASC LIMIT 1440
[5](12:45:22)SELECT * FROM data_harian RIGHT JOIN waktu on waktu.id_waktu=data_harian.id_waktu WHERE id_titik_ukur='94' AND waktu.waktu LIKE '20080923%'ORDER BY waktu ASC LIMIT 1440
[6](12:45:23)SELECT * FROM data_harian RIGHT JOIN waktu on waktu.id_waktu=data_harian.id_waktu WHERE id_titik_ukur='95' AND waktu.waktu LIKE '20080923%'ORDER BY waktu ASC LIMIT 1440
[7](12:45:24)SELECT * FROM data_harian RIGHT JOIN waktu on waktu.id_waktu=data_harian.id_waktu WHERE id_titik_ukur='96' AND waktu.waktu LIKE '20080923%'ORDER BY waktu ASC LIMIT 1440
[8](12:45:25)SELECT * FROM data_harian RIGHT JOIN waktu on waktu.id_waktu=data_harian.id_waktu WHERE id_titik_ukur='97' AND waktu.waktu LIKE '20080923%'ORDER BY waktu ASC LIMIT 1440
[9](12:45:26)SELECT * FROM data_harian RIGHT JOIN waktu on waktu.id_waktu=data_harian.id_waktu WHERE id_titik_ukur='98' AND waktu.waktu LIKE '20080923%'ORDER BY waktu ASC LIMIT 1440
[10](12:45:27)SELECT * FROM data_harian RIGHT JOIN waktu on waktu.id_waktu=data_harian.id_waktu WHERE id_titik_ukur='99' AND waktu.waktu LIKE '20080923%'ORDER BY waktu ASC LIMIT 1440
[11](12:45:29)SELECT * FROM data_harian RIGHT JOIN waktu on waktu.id_waktu=data_harian.id_waktu WHERE id_titik_ukur='100' AND waktu.waktu LIKE '20080923%'ORDER BY waktu ASC LIMIT 1440
[12](12:45:30)SELECT * FROM data_harian RIGHT JOIN waktu on waktu.id_waktu=data_harian.id_waktu WHERE id_titik_ukur='111' AND waktu.waktu LIKE '20080923%'ORDER BY waktu ASC LIMIT 1440
[13](12:45:31)SELECT * FROM data_harian RIGHT JOIN waktu on waktu.id_waktu=data_harian.id_waktu WHERE id_titik_ukur='112' AND waktu.waktu LIKE '20080923%'ORDER BY waktu ASC LIMIT 1440
[0](12:50:43)======== MONITA APP STARTING ===========
[1](12:50:43)Load file konfigurasi
[2](12:50:43)Baca konfig
[3](12:50:43)Baca konfig: OK
[4](12:50:47)SELECT * FROM data_harian RIGHT JOIN waktu on waktu.id_waktu=data_harian.id_waktu WHERE id_titik_ukur='93' AND waktu.waktu LIKE '20080923%'ORDER BY waktu ASC LIMIT 1440
[5](12:50:48)SELECT * FROM data_harian RIGHT JOIN waktu on waktu.id_waktu=data_harian.id_waktu WHERE id_titik_ukur='94' AND waktu.waktu LIKE '20080923%'ORDER BY waktu ASC LIMIT 1440
[6](12:50:49)SELECT * FROM data_harian RIGHT JOIN waktu on waktu.id_waktu=data_harian.id_waktu WHERE id_titik_ukur='95' AND waktu.waktu LIKE '20080923%'ORDER BY waktu ASC LIMIT 1440
[7](12:50:50)SELECT * FROM data_harian RIGHT JOIN waktu on waktu.id_waktu=data_harian.id_waktu WHERE id_titik_ukur='96' AND waktu.waktu LIKE '20080923%'ORDER BY waktu ASC LIMIT 1440
[8](12:50:51)SELECT * FROM data_harian RIGHT JOIN waktu on waktu.id_waktu=data_harian.id_waktu WHERE id_titik_ukur='97' AND waktu.waktu LIKE '20080923%'ORDER BY waktu ASC LIMIT 1440
[9](12:50:52)SELECT * FROM data_harian RIGHT JOIN waktu on waktu.id_waktu=data_harian.id_waktu WHERE id_titik_ukur='98' AND waktu.waktu LIKE '20080923%'ORDER BY waktu ASC LIMIT 1440
[10](12:50:54)SELECT * FROM data_harian RIGHT JOIN waktu on waktu.id_waktu=data_harian.id_waktu WHERE id_titik_ukur='99' AND waktu.waktu LIKE '20080923%'ORDER BY waktu ASC LIMIT 1440
[11](12:50:55)SELECT * FROM data_harian RIGHT JOIN waktu on waktu.id_waktu=data_harian.id_waktu WHERE id_titik_ukur='100' AND waktu.waktu LIKE '20080923%'ORDER BY waktu ASC LIMIT 1440
[12](12:50:56)SELECT * FROM data_harian RIGHT JOIN waktu on waktu.id_waktu=data_harian.id_waktu WHERE id_titik_ukur='111' AND waktu.waktu LIKE '20080923%'ORDER BY waktu ASC LIMIT 1440
[13](12:50:57)SELECT * FROM data_harian RIGHT JOIN waktu on waktu.id_waktu=data_harian.id_waktu WHERE id_titik_ukur='112' AND waktu.waktu LIKE '20080923%'ORDER BY waktu ASC LIMIT 1440
[14](13:01:23)SELECT * FROM data_harian RIGHT JOIN waktu on waktu.id_waktu=data_harian.id_waktu WHERE id_titik_ukur='93' AND waktu.waktu LIKE '20080923%'ORDER BY waktu ASC LIMIT 1440
[15](13:01:24)SELECT * FROM data_harian RIGHT JOIN waktu on waktu.id_waktu=data_harian.id_waktu WHERE id_titik_ukur='94' AND waktu.waktu LIKE '20080923%'ORDER BY waktu ASC LIMIT 1440
[16](13:01:25)SELECT * FROM data_harian RIGHT JOIN waktu on waktu.id_waktu=data_harian.id_waktu WHERE id_titik_ukur='95' AND waktu.waktu LIKE '20080923%'ORDER BY waktu ASC LIMIT 1440
[17](13:01:26)SELECT * FROM data_harian RIGHT JOIN waktu on waktu.id_waktu=data_harian.id_waktu WHERE id_titik_ukur='96' AND waktu.waktu LIKE '20080923%'ORDER BY waktu ASC LIMIT 1440
[18](13:01:27)SELECT * FROM data_harian RIGHT JOIN waktu on waktu.id_waktu=data_harian.id_waktu WHERE id_titik_ukur='97' AND waktu.waktu LIKE '20080923%'ORDER BY waktu ASC LIMIT 1440
[19](13:01:28)SELECT * FROM data_harian RIGHT JOIN waktu on waktu.id_waktu=data_harian.id_waktu WHERE id_titik_ukur='98' AND waktu.waktu LIKE '20080923%'ORDER BY waktu ASC LIMIT 1440
[20](13:01:29)SELECT * FROM data_harian RIGHT JOIN waktu on waktu.id_waktu=data_harian.id_waktu WHERE id_titik_ukur='99' AND waktu.waktu LIKE '20080923%'ORDER BY waktu ASC LIMIT 1440
[21](13:01:30)SELECT * FROM data_harian RIGHT JOIN waktu on waktu.id_waktu=data_harian.id_waktu WHERE id_titik_ukur='100' AND waktu.waktu LIKE '20080923%'ORDER BY waktu ASC LIMIT 1440
[22](13:01:31)SELECT * FROM data_harian RIGHT JOIN waktu on waktu.id_waktu=data_harian.id_waktu WHERE id_titik_ukur='111' AND waktu.waktu LIKE '20080923%'ORDER BY waktu ASC LIMIT 1440
[0](13:01:32)======== MONITA APP STARTING ===========
[1](13:01:32)Load file konfigurasi
[2](13:01:32)Baca konfig
[3](13:01:32)Baca konfig: OK
[4](13:01:36)SELECT * FROM data_harian RIGHT JOIN waktu on waktu.id_waktu=data_harian.id_waktu WHERE id_titik_ukur='93' AND waktu.waktu LIKE '20080923%'ORDER BY waktu ASC LIMIT 1440
[5](13:01:37)SELECT * FROM data_harian RIGHT JOIN waktu on waktu.id_waktu=data_harian.id_waktu WHERE id_titik_ukur='94' AND waktu.waktu LIKE '20080923%'ORDER BY waktu ASC LIMIT 1440
[6](13:01:38)SELECT * FROM data_harian RIGHT JOIN waktu on waktu.id_waktu=data_harian.id_waktu WHERE id_titik_ukur='95' AND waktu.waktu LIKE '20080923%'ORDER BY waktu ASC LIMIT 1440
[7](13:01:39)SELECT * FROM data_harian RIGHT JOIN waktu on waktu.id_waktu=data_harian.id_waktu WHERE id_titik_ukur='96' AND waktu.waktu LIKE '20080923%'ORDER BY waktu ASC LIMIT 1440
[8](13:01:40)SELECT * FROM data_harian RIGHT JOIN waktu on waktu.id_waktu=data_harian.id_waktu WHERE id_titik_ukur='97' AND waktu.waktu LIKE '20080923%'ORDER BY waktu ASC LIMIT 1440
[9](13:01:41)SELECT * FROM data_harian RIGHT JOIN waktu on waktu.id_waktu=data_harian.id_waktu WHERE id_titik_ukur='98' AND waktu.waktu LIKE '20080923%'ORDER BY waktu ASC LIMIT 1440
[10](13:01:42)SELECT * FROM data_harian RIGHT JOIN waktu on waktu.id_waktu=data_harian.id_waktu WHERE id_titik_ukur='99' AND waktu.waktu LIKE '20080923%'ORDER BY waktu ASC LIMIT 1440
[11](13:01:43)SELECT * FROM data_harian RIGHT JOIN waktu on waktu.id_waktu=data_harian.id_waktu WHERE id_titik_ukur='100' AND waktu.waktu LIKE '20080923%'ORDER BY waktu ASC LIMIT 1440
[12](13:01:44)SELECT * FROM data_harian RIGHT JOIN waktu on waktu.id_waktu=data_harian.id_waktu WHERE id_titik_ukur='111' AND waktu.waktu LIKE '20080923%'ORDER BY waktu ASC LIMIT 1440
[13](13:01:45)SELECT * FROM data_harian RIGHT JOIN waktu on waktu.id_waktu=data_harian.id_waktu WHERE id_titik_ukur='112' AND waktu.waktu LIKE '20080923%'ORDER BY waktu ASC LIMIT 1440
[0](13:04:41)======== MONITA APP STARTING ===========
[1](13:04:41)Load file konfigurasi
[2](13:04:41)Baca konfig
[3](13:04:41)Baca konfig: OK
[4](13:04:43)SELECT * FROM data_harian RIGHT JOIN waktu on waktu.id_waktu=data_harian.id_waktu WHERE id_titik_ukur='93' AND waktu.waktu LIKE '20080923%'ORDER BY waktu ASC LIMIT 1440
[5](13:04:45)SELECT * FROM data_harian RIGHT JOIN waktu on waktu.id_waktu=data_harian.id_waktu WHERE id_titik_ukur='94' AND waktu.waktu LIKE '20080923%'ORDER BY waktu ASC LIMIT 1440
[6](13:04:46)SELECT * FROM data_harian RIGHT JOIN waktu on waktu.id_waktu=data_harian.id_waktu WHERE id_titik_ukur='95' AND waktu.waktu LIKE '20080923%'ORDER BY waktu ASC LIMIT 1440
[7](13:04:47)SELECT * FROM data_harian RIGHT JOIN waktu on waktu.id_waktu=data_harian.id_waktu WHERE id_titik_ukur='96' AND waktu.waktu LIKE '20080923%'ORDER BY waktu ASC LIMIT 1440
[8](13:04:48)SELECT * FROM data_harian RIGHT JOIN waktu on waktu.id_waktu=data_harian.id_waktu WHERE id_titik_ukur='97' AND waktu.waktu LIKE '20080923%'ORDER BY waktu ASC LIMIT 1440
[9](13:04:49)SELECT * FROM data_harian RIGHT JOIN waktu on waktu.id_waktu=data_harian.id_waktu WHERE id_titik_ukur='98' AND waktu.waktu LIKE '20080923%'ORDER BY waktu ASC LIMIT 1440
[10](13:04:50)SELECT * FROM data_harian RIGHT JOIN waktu on waktu.id_waktu=data_harian.id_waktu WHERE id_titik_ukur='99' AND waktu.waktu LIKE '20080923%'ORDER BY waktu ASC LIMIT 1440
[11](13:04:51)SELECT * FROM data_harian RIGHT JOIN waktu on waktu.id_waktu=data_harian.id_waktu WHERE id_titik_ukur='100' AND waktu.waktu LIKE '20080923%'ORDER BY waktu ASC LIMIT 1440
[12](13:04:52)SELECT * FROM data_harian RIGHT JOIN waktu on waktu.id_waktu=data_harian.id_waktu WHERE id_titik_ukur='111' AND waktu.waktu LIKE '20080923%'ORDER BY waktu ASC LIMIT 1440
[13](13:04:53)SELECT * FROM data_harian RIGHT JOIN waktu on waktu.id_waktu=data_harian.id_waktu WHERE id_titik_ukur='112' AND waktu.waktu LIKE '20080923%'ORDER BY waktu ASC LIMIT 1440
[14](13:23:35)SELECT * FROM data_harian RIGHT JOIN waktu on waktu.id_waktu=data_harian.id_waktu WHERE id_titik_ukur='93' AND waktu.waktu LIKE '20080923%'ORDER BY waktu ASC LIMIT 1440
[15](13:23:36)SELECT * FROM data_harian RIGHT JOIN waktu on waktu.id_waktu=data_harian.id_waktu WHERE id_titik_ukur='94' AND waktu.waktu LIKE '20080923%'ORDER BY waktu ASC LIMIT 1440
[16](13:23:37)SELECT * FROM data_harian RIGHT JOIN waktu on waktu.id_waktu=data_harian.id_waktu WHERE id_titik_ukur='95' AND waktu.waktu LIKE '20080923%'ORDER BY waktu ASC LIMIT 1440
[17](13:23:39)SELECT * FROM data_harian RIGHT JOIN waktu on waktu.id_waktu=data_harian.id_waktu WHERE id_titik_ukur='96' AND waktu.waktu LIKE '20080923%'ORDER BY waktu ASC LIMIT 1440
[18](13:23:40)SELECT * FROM data_harian RIGHT JOIN waktu on waktu.id_waktu=data_harian.id_waktu WHERE id_titik_ukur='97' AND waktu.waktu LIKE '20080923%'ORDER BY waktu ASC LIMIT 1440
[19](13:23:41)SELECT * FROM data_harian RIGHT JOIN waktu on waktu.id_waktu=data_harian.id_waktu WHERE id_titik_ukur='98' AND waktu.waktu LIKE '20080923%'ORDER BY waktu ASC LIMIT 1440
[20](13:23:42)SELECT * FROM data_harian RIGHT JOIN waktu on waktu.id_waktu=data_harian.id_waktu WHERE id_titik_ukur='99' AND waktu.waktu LIKE '20080923%'ORDER BY waktu ASC LIMIT 1440
[21](13:23:43)SELECT * FROM data_harian RIGHT JOIN waktu on waktu.id_waktu=data_harian.id_waktu WHERE id_titik_ukur='100' AND waktu.waktu LIKE '20080923%'ORDER BY waktu ASC LIMIT 1440
[22](13:23:44)SELECT * FROM data_harian RIGHT JOIN waktu on waktu.id_waktu=data_harian.id_waktu WHERE id_titik_ukur='111' AND waktu.waktu LIKE '20080923%'ORDER BY waktu ASC LIMIT 1440
[23](13:23:45)SELECT * FROM data_harian RIGHT JOIN waktu on waktu.id_waktu=data_harian.id_waktu WHERE id_titik_ukur='112' AND waktu.waktu LIKE '20080923%'ORDER BY waktu ASC LIMIT 1440
[0](13:30:28)======== MONITA APP STARTING ===========
[1](13:30:28)Load file konfigurasi
[2](13:30:28)Baca konfig
[3](13:30:28)Baca konfig: OK
[4](13:30:30)SELECT * FROM data_harian RIGHT JOIN waktu on waktu.id_waktu=data_harian.id_waktu WHERE id_titik_ukur='93' AND waktu.waktu LIKE '20080924%'ORDER BY waktu ASC LIMIT 1440
[5](13:30:32)SELECT * FROM data_harian RIGHT JOIN waktu on waktu.id_waktu=data_harian.id_waktu WHERE id_titik_ukur='94' AND waktu.waktu LIKE '20080924%'ORDER BY waktu ASC LIMIT 1440
[6](13:30:33)SELECT * FROM data_harian RIGHT JOIN waktu on waktu.id_waktu=data_harian.id_waktu WHERE id_titik_ukur='95' AND waktu.waktu LIKE '20080924%'ORDER BY waktu ASC LIMIT 1440
[7](13:30:34)SELECT * FROM data_harian RIGHT JOIN waktu on waktu.id_waktu=data_harian.id_waktu WHERE id_titik_ukur='96' AND waktu.waktu LIKE '20080924%'ORDER BY waktu ASC LIMIT 1440
[8](13:30:35)SELECT * FROM data_harian RIGHT JOIN waktu on waktu.id_waktu=data_harian.id_waktu WHERE id_titik_ukur='97' AND waktu.waktu LIKE '20080924%'ORDER BY waktu ASC LIMIT 1440
[9](13:30:36)SELECT * FROM data_harian RIGHT JOIN waktu on waktu.id_waktu=data_harian.id_waktu WHERE id_titik_ukur='98' AND waktu.waktu LIKE '20080924%'ORDER BY waktu ASC LIMIT 1440
[10](13:30:37)SELECT * FROM data_harian RIGHT JOIN waktu on waktu.id_waktu=data_harian.id_waktu WHERE id_titik_ukur='99' AND waktu.waktu LIKE '20080924%'ORDER BY waktu ASC LIMIT 1440
[11](13:30:38)SELECT * FROM data_harian RIGHT JOIN waktu on waktu.id_waktu=data_harian.id_waktu WHERE id_titik_ukur='100' AND waktu.waktu LIKE '20080924%'ORDER BY waktu ASC LIMIT 1440
[12](13:30:39)SELECT * FROM data_harian RIGHT JOIN waktu on waktu.id_waktu=data_harian.id_waktu WHERE id_titik_ukur='111' AND waktu.waktu LIKE '20080924%'ORDER BY waktu ASC LIMIT 1440
[13](13:30:40)SELECT * FROM data_harian RIGHT JOIN waktu on waktu.id_waktu=data_harian.id_waktu WHERE id_titik_ukur='112' AND waktu.waktu LIKE '20080924%'ORDER BY waktu ASC LIMIT 1440
[0](13:36:40)======== MONITA APP STARTING ===========
[1](13:36:40)Load file konfigurasi
[2](13:36:40)Baca konfig
[3](13:36:40)Baca konfig: OK
[4](13:36:43)SELECT * FROM data_harian RIGHT JOIN waktu on waktu.id_waktu=data_harian.id_waktu WHERE id_titik_ukur='93' AND waktu.waktu LIKE '20080924%'ORDER BY waktu ASC LIMIT 1440
[5](13:36:44)SELECT * FROM data_harian RIGHT JOIN waktu on waktu.id_waktu=data_harian.id_waktu WHERE id_titik_ukur='94' AND waktu.waktu LIKE '20080924%'ORDER BY waktu ASC LIMIT 1440
[6](13:36:46)SELECT * FROM data_harian RIGHT JOIN waktu on waktu.id_waktu=data_harian.id_waktu WHERE id_titik_ukur='95' AND waktu.waktu LIKE '20080924%'ORDER BY waktu ASC LIMIT 1440
[7](13:36:47)SELECT * FROM data_harian RIGHT JOIN waktu on waktu.id_waktu=data_harian.id_waktu WHERE id_titik_ukur='96' AND waktu.waktu LIKE '20080924%'ORDER BY waktu ASC LIMIT 1440
[8](13:36:48)SELECT * FROM data_harian RIGHT JOIN waktu on waktu.id_waktu=data_harian.id_waktu WHERE id_titik_ukur='97' AND waktu.waktu LIKE '20080924%'ORDER BY waktu ASC LIMIT 1440
[9](13:36:49)SELECT * FROM data_harian RIGHT JOIN waktu on waktu.id_waktu=data_harian.id_waktu WHERE id_titik_ukur='98' AND waktu.waktu LIKE '20080924%'ORDER BY waktu ASC LIMIT 1440
[10](13:36:50)SELECT * FROM data_harian RIGHT JOIN waktu on waktu.id_waktu=data_harian.id_waktu WHERE id_titik_ukur='99' AND waktu.waktu LIKE '20080924%'ORDER BY waktu ASC LIMIT 1440
[11](13:36:51)SELECT * FROM data_harian RIGHT JOIN waktu on waktu.id_waktu=data_harian.id_waktu WHERE id_titik_ukur='100' AND waktu.waktu LIKE '20080924%'ORDER BY waktu ASC LIMIT 1440
[12](13:36:52)SELECT * FROM data_harian RIGHT JOIN waktu on waktu.id_waktu=data_harian.id_waktu WHERE id_titik_ukur='111' AND waktu.waktu LIKE '20080924%'ORDER BY waktu ASC LIMIT 1440
[13](13:36:54)SELECT * FROM data_harian RIGHT JOIN waktu on waktu.id_waktu=data_harian.id_waktu WHERE id_titik_ukur='112' AND waktu.waktu LIKE '20080924%'ORDER BY waktu ASC LIMIT 1440
[0](13:39:12)======== MONITA APP STARTING ===========
[1](13:39:12)Load file konfigurasi
[2](13:39:12)Baca konfig
[3](13:39:12)Baca konfig: OK
[4](13:39:16)SELECT * FROM data_harian RIGHT JOIN waktu on waktu.id_waktu=data_harian.id_waktu WHERE id_titik_ukur='93' AND waktu.waktu LIKE '20080924%'ORDER BY waktu ASC LIMIT 1440
[5](13:39:17)SELECT * FROM data_harian RIGHT JOIN waktu on waktu.id_waktu=data_harian.id_waktu WHERE id_titik_ukur='94' AND waktu.waktu LIKE '20080924%'ORDER BY waktu ASC LIMIT 1440
[6](13:39:18)SELECT * FROM data_harian RIGHT JOIN waktu on waktu.id_waktu=data_harian.id_waktu WHERE id_titik_ukur='95' AND waktu.waktu LIKE '20080924%'ORDER BY waktu ASC LIMIT 1440
[7](13:39:19)SELECT * FROM data_harian RIGHT JOIN waktu on waktu.id_waktu=data_harian.id_waktu WHERE id_titik_ukur='96' AND waktu.waktu LIKE '20080924%'ORDER BY waktu ASC LIMIT 1440
[8](13:39:20)SELECT * FROM data_harian RIGHT JOIN waktu on waktu.id_waktu=data_harian.id_waktu WHERE id_titik_ukur='97' AND waktu.waktu LIKE '20080924%'ORDER BY waktu ASC LIMIT 1440
[9](13:39:22)SELECT * FROM data_harian RIGHT JOIN waktu on waktu.id_waktu=data_harian.id_waktu WHERE id_titik_ukur='98' AND waktu.waktu LIKE '20080924%'ORDER BY waktu ASC LIMIT 1440
[10](13:39:23)SELECT * FROM data_harian RIGHT JOIN waktu on waktu.id_waktu=data_harian.id_waktu WHERE id_titik_ukur='99' AND waktu.waktu LIKE '20080924%'ORDER BY waktu ASC LIMIT 1440
[11](13:39:24)SELECT * FROM data_harian RIGHT JOIN waktu on waktu.id_waktu=data_harian.id_waktu WHERE id_titik_ukur='100' AND waktu.waktu LIKE '20080924%'ORDER BY waktu ASC LIMIT 1440
[12](13:39:25)SELECT * FROM data_harian RIGHT JOIN waktu on waktu.id_waktu=data_harian.id_waktu WHERE id_titik_ukur='111' AND waktu.waktu LIKE '20080924%'ORDER BY waktu ASC LIMIT 1440
[13](13:39:26)SELECT * FROM data_harian RIGHT JOIN waktu on waktu.id_waktu=data_harian.id_waktu WHERE id_titik_ukur='112' AND waktu.waktu LIKE '20080924%'ORDER BY waktu ASC LIMIT 1440
[0](13:40:21)======== MONITA APP STARTING ===========
[1](13:40:21)Load file konfigurasi
[2](13:40:21)Baca konfig
[3](13:40:21)Baca konfig: OK
[4](13:40:25)SELECT * FROM data_harian RIGHT JOIN waktu on waktu.id_waktu=data_harian.id_waktu WHERE id_titik_ukur='93' AND waktu.waktu LIKE '20080924%'ORDER BY waktu ASC LIMIT 1440
[5](13:40:26)SELECT * FROM data_harian RIGHT JOIN waktu on waktu.id_waktu=data_harian.id_waktu WHERE id_titik_ukur='94' AND waktu.waktu LIKE '20080924%'ORDER BY waktu ASC LIMIT 1440
[6](13:40:27)SELECT * FROM data_harian RIGHT JOIN waktu on waktu.id_waktu=data_harian.id_waktu WHERE id_titik_ukur='95' AND waktu.waktu LIKE '20080924%'ORDER BY waktu ASC LIMIT 1440
[7](13:40:28)SELECT * FROM data_harian RIGHT JOIN waktu on waktu.id_waktu=data_harian.id_waktu WHERE id_titik_ukur='96' AND waktu.waktu LIKE '20080924%'ORDER BY waktu ASC LIMIT 1440
[8](13:40:29)SELECT * FROM data_harian RIGHT JOIN waktu on waktu.id_waktu=data_harian.id_waktu WHERE id_titik_ukur='97' AND waktu.waktu LIKE '20080924%'ORDER BY waktu ASC LIMIT 1440
[9](13:40:56)SELECT * FROM data_harian RIGHT JOIN waktu on waktu.id_waktu=data_harian.id_waktu WHERE id_titik_ukur='98' AND waktu.waktu LIKE '20080924%'ORDER BY waktu ASC LIMIT 1440
[10](13:40:57)SELECT * FROM data_harian RIGHT JOIN waktu on waktu.id_waktu=data_harian.id_waktu WHERE id_titik_ukur='99' AND waktu.waktu LIKE '20080924%'ORDER BY waktu ASC LIMIT 1440
[11](13:40:59)SELECT * FROM data_harian RIGHT JOIN waktu on waktu.id_waktu=data_harian.id_waktu WHERE id_titik_ukur='100' AND waktu.waktu LIKE '20080924%'ORDER BY waktu ASC LIMIT 1440
[12](13:41:00)SELECT * FROM data_harian RIGHT JOIN waktu on waktu.id_waktu=data_harian.id_waktu WHERE id_titik_ukur='111' AND waktu.waktu LIKE '20080924%'ORDER BY waktu ASC LIMIT 1440
[13](13:41:01)SELECT * FROM data_harian RIGHT JOIN waktu on waktu.id_waktu=data_harian.id_waktu WHERE id_titik_ukur='112' AND waktu.waktu LIKE '20080924%'ORDER BY waktu ASC LIMIT 1440
[0](13:42:19)======== MONITA APP STARTING ===========
[1](13:42:19)Load file konfigurasi
[2](13:42:19)Baca konfig
[3](13:42:19)Baca konfig: OK
[4](13:42:22)SELECT * FROM data_harian RIGHT JOIN waktu on waktu.id_waktu=data_harian.id_waktu WHERE id_titik_ukur='101' AND waktu.waktu LIKE '20080924%'ORDER BY waktu ASC LIMIT 1440
[5](13:42:23)SELECT * FROM data_harian RIGHT JOIN waktu on waktu.id_waktu=data_harian.id_waktu WHERE id_titik_ukur='102' AND waktu.waktu LIKE '20080924%'ORDER BY waktu ASC LIMIT 1440
[6](13:42:24)SELECT * FROM data_harian RIGHT JOIN waktu on waktu.id_waktu=data_harian.id_waktu WHERE id_titik_ukur='103' AND waktu.waktu LIKE '20080924%'ORDER BY waktu ASC LIMIT 1440
[7](13:42:26)SELECT * FROM data_harian RIGHT JOIN waktu on waktu.id_waktu=data_harian.id_waktu WHERE id_titik_ukur='104' AND waktu.waktu LIKE '20080924%'ORDER BY waktu ASC LIMIT 1440
[8](13:42:27)SELECT * FROM data_harian RIGHT JOIN waktu on waktu.id_waktu=data_harian.id_waktu WHERE id_titik_ukur='105' AND waktu.waktu LIKE '20080924%'ORDER BY waktu ASC LIMIT 1440
[9](13:42:28)SELECT * FROM data_harian RIGHT JOIN waktu on waktu.id_waktu=data_harian.id_waktu WHERE id_titik_ukur='106' AND waktu.waktu LIKE '20080924%'ORDER BY waktu ASC LIMIT 1440
[10](13:42:29)SELECT * FROM data_harian RIGHT JOIN waktu on waktu.id_waktu=data_harian.id_waktu WHERE id_titik_ukur='107' AND waktu.waktu LIKE '20080924%'ORDER BY waktu ASC LIMIT 1440
[11](13:42:30)SELECT * FROM data_harian RIGHT JOIN waktu on waktu.id_waktu=data_harian.id_waktu WHERE id_titik_ukur='108' AND waktu.waktu LIKE '20080924%'ORDER BY waktu ASC LIMIT 1440
[12](13:42:31)SELECT * FROM data_harian RIGHT JOIN waktu on waktu.id_waktu=data_harian.id_waktu WHERE id_titik_ukur='109' AND waktu.waktu LIKE '20080924%'ORDER BY waktu ASC LIMIT 1440
[13](13:42:32)SELECT * FROM data_harian RIGHT JOIN waktu on waktu.id_waktu=data_harian.id_waktu WHERE id_titik_ukur='110' AND waktu.waktu LIKE '20080924%'ORDER BY waktu ASC LIMIT 1440
[0](13:47:40)======== MONITA APP STARTING ===========
[1](13:47:40)Load file konfigurasi
[2](13:47:40)Baca konfig
[3](13:47:40)Baca konfig: OK
[4](13:47:44)SELECT * FROM data_harian RIGHT JOIN waktu on waktu.id_waktu=data_harian.id_waktu WHERE id_titik_ukur='101' AND waktu.waktu LIKE '20080924%'ORDER BY waktu ASC LIMIT 1440
[5](13:47:45)SELECT * FROM data_harian RIGHT JOIN waktu on waktu.id_waktu=data_harian.id_waktu WHERE id_titik_ukur='102' AND waktu.waktu LIKE '20080924%'ORDER BY waktu ASC LIMIT 1440
[6](13:47:46)SELECT * FROM data_harian RIGHT JOIN waktu on waktu.id_waktu=data_harian.id_waktu WHERE id_titik_ukur='103' AND waktu.waktu LIKE '20080924%'ORDER BY waktu ASC LIMIT 1440
[7](13:47:48)SELECT * FROM data_harian RIGHT JOIN waktu on waktu.id_waktu=data_harian.id_waktu WHERE id_titik_ukur='104' AND waktu.waktu LIKE '20080924%'ORDER BY waktu ASC LIMIT 1440
[8](13:47:49)SELECT * FROM data_harian RIGHT JOIN waktu on waktu.id_waktu=data_harian.id_waktu WHERE id_titik_ukur='105' AND waktu.waktu LIKE '20080924%'ORDER BY waktu ASC LIMIT 1440
[9](13:47:50)SELECT * FROM data_harian RIGHT JOIN waktu on waktu.id_waktu=data_harian.id_waktu WHERE id_titik_ukur='106' AND waktu.waktu LIKE '20080924%'ORDER BY waktu ASC LIMIT 1440
[10](13:47:51)SELECT * FROM data_harian RIGHT JOIN waktu on waktu.id_waktu=data_harian.id_waktu WHERE id_titik_ukur='107' AND waktu.waktu LIKE '20080924%'ORDER BY waktu ASC LIMIT 1440
[11](13:47:53)SELECT * FROM data_harian RIGHT JOIN waktu on waktu.id_waktu=data_harian.id_waktu WHERE id_titik_ukur='108' AND waktu.waktu LIKE '20080924%'ORDER BY waktu ASC LIMIT 1440
[12](13:47:54)SELECT * FROM data_harian RIGHT JOIN waktu on waktu.id_waktu=data_harian.id_waktu WHERE id_titik_ukur='109' AND waktu.waktu LIKE '20080924%'ORDER BY waktu ASC LIMIT 1440
[13](13:47:55)SELECT * FROM data_harian RIGHT JOIN waktu on waktu.id_waktu=data_harian.id_waktu WHERE id_titik_ukur='110' AND waktu.waktu LIKE '20080924%'ORDER BY waktu ASC LIMIT 1440
[0](13:53:41)======== MONITA APP STARTING ===========
[1](13:53:41)Load file konfigurasi
[2](13:53:41)Baca konfig
[3](13:53:41)Baca konfig: OK
[4](13:53:44)SELECT * FROM data_harian RIGHT JOIN waktu on waktu.id_waktu=data_harian.id_waktu WHERE id_titik_ukur='101' AND waktu.waktu LIKE '20080924%'ORDER BY waktu ASC LIMIT 1440
[5](13:53:45)SELECT * FROM data_harian RIGHT JOIN waktu on waktu.id_waktu=data_harian.id_waktu WHERE id_titik_ukur='102' AND waktu.waktu LIKE '20080924%'ORDER BY waktu ASC LIMIT 1440
[6](13:53:46)SELECT * FROM data_harian RIGHT JOIN waktu on waktu.id_waktu=data_harian.id_waktu WHERE id_titik_ukur='103' AND waktu.waktu LIKE '20080924%'ORDER BY waktu ASC LIMIT 1440
[7](13:53:48)SELECT * FROM data_harian RIGHT JOIN waktu on waktu.id_waktu=data_harian.id_waktu WHERE id_titik_ukur='104' AND waktu.waktu LIKE '20080924%'ORDER BY waktu ASC LIMIT 1440
[8](13:53:49)SELECT * FROM data_harian RIGHT JOIN waktu on waktu.id_waktu=data_harian.id_waktu WHERE id_titik_ukur='105' AND waktu.waktu LIKE '20080924%'ORDER BY waktu ASC LIMIT 1440
[9](13:53:50)SELECT * FROM data_harian RIGHT JOIN waktu on waktu.id_waktu=data_harian.id_waktu WHERE id_titik_ukur='106' AND waktu.waktu LIKE '20080924%'ORDER BY waktu ASC LIMIT 1440
[10](13:53:51)SELECT * FROM data_harian RIGHT JOIN waktu on waktu.id_waktu=data_harian.id_waktu WHERE id_titik_ukur='107' AND waktu.waktu LIKE '20080924%'ORDER BY waktu ASC LIMIT 1440
[11](13:53:53)SELECT * FROM data_harian RIGHT JOIN waktu on waktu.id_waktu=data_harian.id_waktu WHERE id_titik_ukur='108' AND waktu.waktu LIKE '20080924%'ORDER BY waktu ASC LIMIT 1440
[12](13:53:54)SELECT * FROM data_harian RIGHT JOIN waktu on waktu.id_waktu=data_harian.id_waktu WHERE id_titik_ukur='109' AND waktu.waktu LIKE '20080924%'ORDER BY waktu ASC LIMIT 1440
[13](13:53:55)SELECT * FROM data_harian RIGHT JOIN waktu on waktu.id_waktu=data_harian.id_waktu WHERE id_titik_ukur='110' AND waktu.waktu LIKE '20080924%'ORDER BY waktu ASC LIMIT 1440
[14](14:00:36)======== MONITA APP CLOSING =========
[15](14:00:36)============ BYE BYE ===============
[0](14:22:23)======== MONITA APP STARTING ===========
[1](14:22:23)Load file konfigurasi
[2](14:22:23)Baca konfig
[3](14:22:23)Baca konfig: OK
[4](14:22:26)SELECT * FROM data_harian RIGHT JOIN waktu on waktu.id_waktu=data_harian.id_waktu WHERE id_titik_ukur='101' AND waktu.waktu LIKE '20080924%'ORDER BY waktu ASC LIMIT 1440
[5](14:22:27)SELECT * FROM data_harian RIGHT JOIN waktu on waktu.id_waktu=data_harian.id_waktu WHERE id_titik_ukur='102' AND waktu.waktu LIKE '20080924%'ORDER BY waktu ASC LIMIT 1440
[6](14:22:29)SELECT * FROM data_harian RIGHT JOIN waktu on waktu.id_waktu=data_harian.id_waktu WHERE id_titik_ukur='103' AND waktu.waktu LIKE '20080924%'ORDER BY waktu ASC LIMIT 1440
[7](14:22:30)SELECT * FROM data_harian RIGHT JOIN waktu on waktu.id_waktu=data_harian.id_waktu WHERE id_titik_ukur='104' AND waktu.waktu LIKE '20080924%'ORDER BY waktu ASC LIMIT 1440
[8](14:22:31)SELECT * FROM data_harian RIGHT JOIN waktu on waktu.id_waktu=data_harian.id_waktu WHERE id_titik_ukur='105' AND waktu.waktu LIKE '20080924%'ORDER BY waktu ASC LIMIT 1440
[9](14:22:33)SELECT * FROM data_harian RIGHT JOIN waktu on waktu.id_waktu=data_harian.id_waktu WHERE id_titik_ukur='106' AND waktu.waktu LIKE '20080924%'ORDER BY waktu ASC LIMIT 1440
[10](14:22:34)SELECT * FROM data_harian RIGHT JOIN waktu on waktu.id_waktu=data_harian.id_waktu WHERE id_titik_ukur='107' AND waktu.waktu LIKE '20080924%'ORDER BY waktu ASC LIMIT 1440
[11](14:22:35)SELECT * FROM data_harian RIGHT JOIN waktu on waktu.id_waktu=data_harian.id_waktu WHERE id_titik_ukur='108' AND waktu.waktu LIKE '20080924%'ORDER BY waktu ASC LIMIT 1440
[12](14:22:36)SELECT * FROM data_harian RIGHT JOIN waktu on waktu.id_waktu=data_harian.id_waktu WHERE id_titik_ukur='109' AND waktu.waktu LIKE '20080924%'ORDER BY waktu ASC LIMIT 1440
[13](14:22:38)SELECT * FROM data_harian RIGHT JOIN waktu on waktu.id_waktu=data_harian.id_waktu WHERE id_titik_ukur='110' AND waktu.waktu LIKE '20080924%'ORDER BY waktu ASC LIMIT 1440
[0](15:00:26)======== MONITA APP STARTING ===========
[1](15:00:26)Load file konfigurasi
[2](15:00:26)Baca konfig
[3](15:00:26)Baca konfig: OK
[4](15:00:29)SELECT * FROM data_harian RIGHT JOIN waktu on waktu.id_waktu=data_harian.id_waktu WHERE id_titik_ukur='101' AND waktu.waktu LIKE '20080924%'ORDER BY waktu ASC LIMIT 1440
[5](15:00:30)SELECT * FROM data_harian RIGHT JOIN waktu on waktu.id_waktu=data_harian.id_waktu WHERE id_titik_ukur='102' AND waktu.waktu LIKE '20080924%'ORDER BY waktu ASC LIMIT 1440
[6](15:00:32)SELECT * FROM data_harian RIGHT JOIN waktu on waktu.id_waktu=data_harian.id_waktu WHERE id_titik_ukur='103' AND waktu.waktu LIKE '20080924%'ORDER BY waktu ASC LIMIT 1440
[7](15:00:33)SELECT * FROM data_harian RIGHT JOIN waktu on waktu.id_waktu=data_harian.id_waktu WHERE id_titik_ukur='104' AND waktu.waktu LIKE '20080924%'ORDER BY waktu ASC LIMIT 1440
[8](15:00:34)SELECT * FROM data_harian RIGHT JOIN waktu on waktu.id_waktu=data_harian.id_waktu WHERE id_titik_ukur='105' AND waktu.waktu LIKE '20080924%'ORDER BY waktu ASC LIMIT 1440
[9](15:00:35)SELECT * FROM data_harian RIGHT JOIN waktu on waktu.id_waktu=data_harian.id_waktu WHERE id_titik_ukur='106' AND waktu.waktu LIKE '20080924%'ORDER BY waktu ASC LIMIT 1440
[10](15:00:36)SELECT * FROM data_harian RIGHT JOIN waktu on waktu.id_waktu=data_harian.id_waktu WHERE id_titik_ukur='107' AND waktu.waktu LIKE '20080924%'ORDER BY waktu ASC LIMIT 1440
[11](15:00:37)SELECT * FROM data_harian RIGHT JOIN waktu on waktu.id_waktu=data_harian.id_waktu WHERE id_titik_ukur='108' AND waktu.waktu LIKE '20080924%'ORDER BY waktu ASC LIMIT 1440
[12](15:00:38)SELECT * FROM data_harian RIGHT JOIN waktu on waktu.id_waktu=data_harian.id_waktu WHERE id_titik_ukur='109' AND waktu.waktu LIKE '20080924%'ORDER BY waktu ASC LIMIT 1440
[13](15:00:40)SELECT * FROM data_harian RIGHT JOIN waktu on waktu.id_waktu=data_harian.id_waktu WHERE id_titik_ukur='110' AND waktu.waktu LIKE '20080924%'ORDER BY waktu ASC LIMIT 1440
[0](15:19:47)======== MONITA APP STARTING ===========
[1](15:19:48)Load file konfigurasi
[2](15:19:48)Baca konfig
[3](15:19:48)Baca konfig: OK
[4](15:19:52)SELECT * FROM data_harian RIGHT JOIN waktu on waktu.id_waktu=data_harian.id_waktu WHERE id_titik_ukur='101' AND waktu.waktu LIKE '20080924%'ORDER BY waktu ASC LIMIT 1440
[5](15:19:53)SELECT * FROM data_harian RIGHT JOIN waktu on waktu.id_waktu=data_harian.id_waktu WHERE id_titik_ukur='102' AND waktu.waktu LIKE '20080924%'ORDER BY waktu ASC LIMIT 1440
[6](15:19:54)SELECT * FROM data_harian RIGHT JOIN waktu on waktu.id_waktu=data_harian.id_waktu WHERE id_titik_ukur='103' AND waktu.waktu LIKE '20080924%'ORDER BY waktu ASC LIMIT 1440
[7](15:19:55)SELECT * FROM data_harian RIGHT JOIN waktu on waktu.id_waktu=data_harian.id_waktu WHERE id_titik_ukur='104' AND waktu.waktu LIKE '20080924%'ORDER BY waktu ASC LIMIT 1440
[8](15:19:56)SELECT * FROM data_harian RIGHT JOIN waktu on waktu.id_waktu=data_harian.id_waktu WHERE id_titik_ukur='105' AND waktu.waktu LIKE '20080924%'ORDER BY waktu ASC LIMIT 1440
[9](15:19:58)SELECT * FROM data_harian RIGHT JOIN waktu on waktu.id_waktu=data_harian.id_waktu WHERE id_titik_ukur='106' AND waktu.waktu LIKE '20080924%'ORDER BY waktu ASC LIMIT 1440
[10](15:19:59)SELECT * FROM data_harian RIGHT JOIN waktu on waktu.id_waktu=data_harian.id_waktu WHERE id_titik_ukur='107' AND waktu.waktu LIKE '20080924%'ORDER BY waktu ASC LIMIT 1440
[11](15:20:00)SELECT * FROM data_harian RIGHT JOIN waktu on waktu.id_waktu=data_harian.id_waktu WHERE id_titik_ukur='108' AND waktu.waktu LIKE '20080924%'ORDER BY waktu ASC LIMIT 1440
[12](15:20:01)SELECT * FROM data_harian RIGHT JOIN waktu on waktu.id_waktu=data_harian.id_waktu WHERE id_titik_ukur='109' AND waktu.waktu LIKE '20080924%'ORDER BY waktu ASC LIMIT 1440
[13](15:20:03)SELECT * FROM data_harian RIGHT JOIN waktu on waktu.id_waktu=data_harian.id_waktu WHERE id_titik_ukur='110' AND waktu.waktu LIKE '20080924%'ORDER BY waktu ASC LIMIT 1440
[14](15:20:10)======== MONITA APP CLOSING =========
[15](15:20:10)============ BYE BYE ===============
[0](15:29:19)======== MONITA APP STARTING ===========
[1](15:29:19)Load file konfigurasi
[2](15:29:19)Baca konfig
[3](15:29:19)Baca konfig: OK
[4](15:29:22)SELECT * FROM data_harian RIGHT JOIN waktu on waktu.id_waktu=data_harian.id_waktu WHERE id_titik_ukur='101' AND waktu.waktu LIKE '20080924%'ORDER BY waktu ASC LIMIT 1440
[5](15:29:24)SELECT * FROM data_harian RIGHT JOIN waktu on waktu.id_waktu=data_harian.id_waktu WHERE id_titik_ukur='102' AND waktu.waktu LIKE '20080924%'ORDER BY waktu ASC LIMIT 1440
[6](15:29:25)SELECT * FROM data_harian RIGHT JOIN waktu on waktu.id_waktu=data_harian.id_waktu WHERE id_titik_ukur='103' AND waktu.waktu LIKE '20080924%'ORDER BY waktu ASC LIMIT 1440
[7](15:29:26)SELECT * FROM data_harian RIGHT JOIN waktu on waktu.id_waktu=data_harian.id_waktu WHERE id_titik_ukur='104' AND waktu.waktu LIKE '20080924%'ORDER BY waktu ASC LIMIT 1440
[8](15:29:27)SELECT * FROM data_harian RIGHT JOIN waktu on waktu.id_waktu=data_harian.id_waktu WHERE id_titik_ukur='105' AND waktu.waktu LIKE '20080924%'ORDER BY waktu ASC LIMIT 1440
[9](15:31:03)SELECT * FROM data_harian RIGHT JOIN waktu on waktu.id_waktu=data_harian.id_waktu WHERE id_titik_ukur='106' AND waktu.waktu LIKE '20080924%'ORDER BY waktu ASC LIMIT 1440
[10](15:31:04)SELECT * FROM data_harian RIGHT JOIN waktu on waktu.id_waktu=data_harian.id_waktu WHERE id_titik_ukur='107' AND waktu.waktu LIKE '20080924%'ORDER BY waktu ASC LIMIT 1440
[11](15:31:05)SELECT * FROM data_harian RIGHT JOIN waktu on waktu.id_waktu=data_harian.id_waktu WHERE id_titik_ukur='108' AND waktu.waktu LIKE '20080924%'ORDER BY waktu ASC LIMIT 1440
[12](15:31:07)SELECT * FROM data_harian RIGHT JOIN waktu on waktu.id_waktu=data_harian.id_waktu WHERE id_titik_ukur='109' AND waktu.waktu LIKE '20080924%'ORDER BY waktu ASC LIMIT 1440
[13](15:31:08)SELECT * FROM data_harian RIGHT JOIN waktu on waktu.id_waktu=data_harian.id_waktu WHERE id_titik_ukur='110' AND waktu.waktu LIKE '20080924%'ORDER BY waktu ASC LIMIT 1440