
[0](09:47:29)======== MONITA APP STARTING ===========
[1](09:47:29)Load file konfigurasi
[2](09:47:29)Baca konfig
[3](09:47:29)Baca konfig: OK
[0](10:32:05)======== MONITA APP STARTING ===========
[1](10:32:05)Load file konfigurasi
[2](10:32:05)Baca konfig
[3](10:32:05)Baca konfig: OK
[4](10:32:08)Mulai logging data
[0](10:35:30)======== MONITA APP STARTING ===========
[1](10:35:30)Load file konfigurasi
[2](10:35:30)Baca konfig
[3](10:35:30)Baca konfig: OK
[4](10:35:32)Mulai logging data
[5](10:35:33)[0]-- TIME:20080919-103533

[6](10:35:34)[1]-- TIME:20080919-103534

[7](10:35:35)[2]-- TIME:20080919-103535

[8](10:35:36)[3]-- TIME:20080919-103536

[4](10:43:25)======== MONITA APP CLOSING =========
[5](10:43:25)============ BYE BYE ===============
[0](10:43:30)======== MONITA APP STARTING ===========
[1](10:43:30)Load file konfigurasi
[2](10:43:30)Baca konfig
[3](10:43:30)Baca konfig: OK
[4](10:43:31)Mulai logging data
[5](10:43:33)[0]-- TIME:20080919-104333

[6](10:43:34)[1]-- TIME:20080919-104334

[7](10:43:35)[2]-- TIME:20080919-104335

[8](10:43:36)[3]-- TIME:20080919-104336

[0](10:51:28)======== MONITA APP STARTING ===========
[1](10:51:28)Load file konfigurasi
[2](10:51:28)Baca konfig
[3](10:51:28)Baca konfig: OK
[4](10:51:30)Mulai logging data
[5](10:51:31)[0]-- TIME:20080919-105131

[6](10:51:32)[1]-- TIME:20080919-105132

[7](10:51:33)[2]-- TIME:20080919-105133

[8](10:51:34)[3]-- TIME:20080919-105134

[0](11:05:03)======== MONITA APP STARTING ===========
[1](11:05:03)Load file konfigurasi
[2](11:05:03)Baca konfig
[3](11:05:03)Baca konfig: OK
[4](11:05:04)Mulai logging data
[5](11:05:05)[0]-- TIME:20080919-110505

[6](11:05:06)[1]-- TIME:20080919-110506

[7](11:05:07)[2]-- TIME:20080919-110507

[8](11:05:08)[3]-- TIME:20080919-110508

[0](11:08:23)======== MONITA APP STARTING ===========
[1](11:08:23)Load file konfigurasi
[2](11:08:23)Baca konfig
[3](11:08:23)Baca konfig: OK
[4](11:08:25)Mulai logging data
[5](11:08:27)[0]-- TIME:20080919-110827

[6](11:08:28)[1]-- TIME:20080919-110828

[7](11:08:29)[2]-- TIME:20080919-110829

[8](11:08:30)[3]-- TIME:20080919-110830

[0](11:10:08)======== MONITA APP STARTING ===========
[1](11:10:08)Load file konfigurasi
[2](11:10:08)Baca konfig
[3](11:10:08)Baca konfig: OK
[4](11:10:09)Mulai logging data
[5](11:10:11)[0]-- TIME:20080919-111011

[6](11:10:12)[1]-- TIME:20080919-111012

[7](11:10:13)[2]-- TIME:20080919-111013

[8](11:10:14)[3]-- TIME:20080919-111014

[0](11:14:12)======== MONITA APP STARTING ===========
[1](11:14:12)Load file konfigurasi
[2](11:14:12)Baca konfig
[3](11:14:12)Baca konfig: OK
[4](11:14:13)Mulai logging data
[5](11:14:15)[0]-- TIME:20080919-111415

[6](11:14:16)[1]-- TIME:20080919-111416

[7](11:14:17)[2]-- TIME:20080919-111417

[8](11:14:18)[3]-- TIME:20080919-111418

[0](11:18:35)======== MONITA APP STARTING ===========
[1](11:18:35)Load file konfigurasi
[2](11:18:35)Baca konfig
[3](11:18:35)Baca konfig: OK
[0](11:20:10)======== MONITA APP STARTING ===========
[1](11:20:10)Load file konfigurasi
[2](11:20:10)Baca konfig
[3](11:20:10)Baca konfig: OK
[4](11:20:12)Mulai logging data
[5](11:20:14)[0]-- TIME:20080919-112014

[6](11:20:15)[1]-- TIME:20080919-112015

[7](11:20:16)[2]-- TIME:20080919-112016

[8](11:20:17)[3]-- TIME:20080919-112017

[0](11:20:24)======== MONITA APP STARTING ===========
[1](11:20:24)Load file konfigurasi
[2](11:20:24)Baca konfig
[3](11:20:24)Baca konfig: OK
[4](11:20:25)Mulai logging data
[5](11:20:27)[0]-- TIME:20080919-112027

[6](11:20:28)[1]-- TIME:20080919-112028

[7](11:20:29)[2]-- TIME:20080919-112029

[8](11:20:30)[3]-- TIME:20080919-112030

[0](11:21:56)======== MONITA APP STARTING ===========
[1](11:21:56)Load file konfigurasi
[2](11:21:56)Baca konfig
[3](11:21:56)Baca konfig: OK
[4](11:21:57)Mulai logging data
[5](11:21:59)[0]-- TIME:20080919-112159

[6](11:22:00)[1]-- TIME:20080919-112200

[7](11:22:01)[2]-- TIME:20080919-112201

[8](11:22:02)[3]-- TIME:20080919-112202

[0](11:31:44)======== MONITA APP STARTING ===========
[1](11:31:44)Load file konfigurasi
[2](11:31:44)Baca konfig
[3](11:31:44)Baca konfig: OK
[4](11:31:52)======== MONITA APP CLOSING =========
[5](11:31:52)============ BYE BYE ===============
[0](11:34:28)======== MONITA APP STARTING ===========
[1](11:34:28)Load file konfigurasi
[2](11:34:28)Baca konfig
[3](11:34:28)Baca konfig: OK
[4](11:34:29)Mulai logging data
[5](11:34:31)[0]-- TIME:20080919-113431

[6](11:34:32)[1]-- TIME:20080919-113432

[7](11:34:33)[2]-- TIME:20080919-113433

[8](11:34:34)[3]-- TIME:20080919-113434

[9](11:34:35)[0]-- TIME:20080919-113435

[10](11:34:36)[1]-- TIME:20080919-113436

[11](11:34:37)[2]-- TIME:20080919-113437

[12](11:34:38)[3]-- TIME:20080919-113438

[13](11:34:39)[0]-- TIME:20080919-113439

[14](11:34:40)[1]-- TIME:20080919-113440

[15](11:34:41)[2]-- TIME:20080919-113441

[16](11:34:42)[3]-- TIME:20080919-113442

[17](11:34:43)[0]-- TIME:20080919-113443

[18](11:34:44)[1]-- TIME:20080919-113444

[19](11:34:45)[2]-- TIME:20080919-113445

[20](11:34:46)[3]-- TIME:20080919-113446

[21](11:34:47)[0]-- TIME:20080919-113447

[22](11:34:48)[1]-- TIME:20080919-113448

[23](11:34:48)Stop logging data
[24](11:34:49)[2]-- TIME:20080919-113449

[25](11:34:52)======== MONITA APP CLOSING =========
[26](11:34:52)============ BYE BYE ===============
[0](11:41:47)======== MONITA APP STARTING ===========
[1](11:41:47)Load file konfigurasi
[2](11:41:47)Baca konfig
[3](11:41:47)Baca konfig: OK
[4](11:41:48)Mulai logging data
[5](11:41:50)[0]-- TIME:20080919-114150

[6](11:41:51)[1]-- TIME:20080919-114151

[7](11:41:52)[2]-- TIME:20080919-114152

[8](11:41:53)[3]-- TIME:20080919-114153

[9](11:41:54)[0]-- TIME:20080919-114154

[10](11:41:55)[1]-- TIME:20080919-114155

[11](11:41:56)[2]-- TIME:20080919-114156

[12](11:41:56)Stop logging data
[13](11:41:57)[2]-- TIME:20080919-114157

[14](11:41:59)======== MONITA APP CLOSING =========
[15](11:41:59)============ BYE BYE ===============
[0](11:57:51)======== MONITA APP STARTING ===========
[1](11:57:51)Load file konfigurasi
[2](11:57:51)Baca konfig
[3](11:57:51)Baca konfig: OK
[4](11:58:06)======== MONITA APP CLOSING =========
[5](11:58:06)============ BYE BYE ===============
[0](12:00:08)======== MONITA APP STARTING ===========
[1](12:00:08)Load file konfigurasi
[2](12:00:08)Baca konfig
[3](12:00:08)Baca konfig: OK
[4](12:00:19)======== MONITA APP CLOSING =========
[5](12:00:19)============ BYE BYE ===============
[0](13:15:29)======== MONITA APP STARTING ===========
[1](13:15:29)Load file konfigurasi
[2](13:15:29)Baca konfig
[3](13:15:29)Baca konfig: OK
[4](13:15:32)======== MONITA APP CLOSING =========
[5](13:15:32)============ BYE BYE ===============
[0](15:13:08)======== MONITA APP STARTING ===========
[1](15:13:08)Load file konfigurasi
[2](15:13:08)Baca konfig
[3](15:13:08)Baca konfig: OK
[4](15:13:15)======== MONITA APP CLOSING =========
[5](15:13:15)============ BYE BYE ===============
[0](15:23:23)======== MONITA APP STARTING ===========
[1](15:23:23)Load file konfigurasi
[2](15:23:23)Baca konfig
[3](15:23:23)Baca konfig: OK
[4](15:23:51)======== MONITA APP CLOSING =========
[5](15:23:51)============ BYE BYE ===============
[0](15:44:19)======== MONITA APP STARTING ===========
[1](15:44:19)Load file konfigurasi
[2](15:44:19)Baca konfig
[3](15:44:19)Baca konfig: OK
[0](15:45:12)======== MONITA APP STARTING ===========
[1](15:45:12)Load file konfigurasi
[2](15:45:12)Baca konfig
[3](15:45:12)Baca konfig: OK
[0](16:07:00)======== MONITA APP STARTING ===========
[1](16:07:00)Load file konfigurasi
[2](16:07:00)Baca konfig
[3](16:07:00)Baca konfig: OK
[0](16:13:13)======== MONITA APP STARTING ===========
[1](16:13:13)Load file konfigurasi
[2](16:13:13)Baca konfig
[3](16:13:13)Baca konfig: OK
[0](16:21:43)======== MONITA APP STARTING ===========
[1](16:21:43)Load file konfigurasi
[2](16:21:43)Baca konfig
[3](16:21:43)Baca konfig: OK
[0](16:34:42)======== MONITA APP STARTING ===========
[1](16:34:42)Load file konfigurasi
[2](16:34:42)Baca konfig
[3](16:34:42)Baca konfig: OK
[0](16:36:25)======== MONITA APP STARTING ===========
[1](16:36:25)Load file konfigurasi
[2](16:36:25)Baca konfig
[3](16:36:25)Baca konfig: OK
[0](16:38:31)======== MONITA APP STARTING ===========
[1](16:38:31)Load file konfigurasi
[2](16:38:31)Baca konfig
[3](16:38:31)Baca konfig: OK
[0](17:00:16)======== MONITA APP STARTING ===========
[1](17:00:16)Load file konfigurasi
[2](17:00:16)Baca konfig
[3](17:00:16)Baca konfig: OK
[0](17:02:06)======== MONITA APP STARTING ===========
[1](17:02:06)Load file konfigurasi
[2](17:02:06)Baca konfig
[3](17:02:06)Baca konfig: OK
[4](17:02:27)======== MONITA APP CLOSING =========
[5](17:02:27)============ BYE BYE ===============
[0](17:03:15)======== MONITA APP STARTING ===========
[1](17:03:15)Load file konfigurasi
[2](17:03:15)Baca konfig
[3](17:03:15)Baca konfig: OK
[0](17:05:01)======== MONITA APP STARTING ===========
[1](17:05:01)Load file konfigurasi
[2](17:05:01)Baca konfig
[3](17:05:01)Baca konfig: OK
[0](17:27:10)======== MONITA APP STARTING ===========
[1](17:27:10)Load file konfigurasi
[2](17:27:10)Baca konfig
[3](17:27:10)Baca konfig: OK
[0](17:46:20)======== MONITA APP STARTING ===========
[1](17:46:20)Load file konfigurasi
[2](17:46:20)Baca konfig
[3](17:46:20)Baca konfig: OK
[0](17:47:10)======== MONITA APP STARTING ===========
[1](17:47:10)Load file konfigurasi
[2](17:47:10)Baca konfig
[3](17:47:10)Baca konfig: OK
[0](18:02:53)======== MONITA APP STARTING ===========
[1](18:02:53)Load file konfigurasi
[2](18:02:53)Baca konfig
[3](18:02:53)Baca konfig: OK
[0](18:05:00)======== MONITA APP STARTING ===========
[1](18:05:00)Load file konfigurasi
[2](18:05:00)Baca konfig
[3](18:05:00)Baca konfig: OK