
[0](22:01:13)======== MONITA APP STARTING ===========
[1](22:01:13)Load file konfigurasi
[2](22:01:13)Baca konfig
[3](22:01:13)Baca konfig: OK
[4](22:01:15)Mulai logging data
[5](22:01:16)[0]-- TIME:20081026-220116

[6](22:01:17)[1]-- TIME:20081026-220117

[7](22:01:18)[2]-- TIME:20081026-220118

[8](22:01:19)[3]-- TIME:20081026-220119

[9](22:01:19)192.168.1.31: Timeout
[10](22:01:20)[0]-- TIME:20081026-220120

[11](22:01:21)[1]-- TIME:20081026-220121

[12](22:01:22)[2]-- TIME:20081026-220122

[13](22:01:23)[3]-- TIME:20081026-220123

[14](22:01:23)192.168.1.31: Timeout
[15](22:01:24)[0]-- TIME:20081026-220124

[16](22:01:25)[1]-- TIME:20081026-220125

[17](22:01:26)[2]-- TIME:20081026-220126

[18](22:01:26)Stop logging data
[19](22:01:27)[2]-- TIME:20081026-220127

[20](22:01:31)======== MONITA APP CLOSING =========
[21](22:01:31)============ BYE BYE ===============