
[0](10:51:02)======== MONITA APP STARTING ===========
[1](10:51:02)Load file konfigurasi
[2](10:51:02)Baca konfig
[3](10:51:02)Baca konfig: OK
[4](10:51:08)Mulai logging data
[5](10:51:09)[0]-- TIME:20081028-105109

[6](10:51:10)[1]-- TIME:20081028-105110

[7](10:51:11)[2]-- TIME:20081028-105111

[8](10:51:12)[3]-- TIME:20081028-105112

[9](10:51:12)192.168.1.110: Timeout
[10](10:51:12)192.168.1.110: Timeout
[11](10:51:12)ALARM: Data Titik 127 (kWh) diluar jangkauan ukur
[12](10:51:12)ALARM: Data Titik 113 (kWh) diluar jangkauan ukur
[13](10:51:12)ALARM: Data Titik 116 (Voltage) diluar jangkauan ukur
[14](10:51:12)ALARM: Data Titik 101 (kwh) diluar jangkauan ukur
[15](10:51:12)ALARM: Data Titik 108 (Flowmeter) diluar jangkauan ukur
[16](10:51:12)192.168.1.29: Timeout
[17](10:51:12)192.168.1.32: Timeout
[18](10:51:13)[0]-- TIME:20081028-105113

[19](10:51:14)Stop logging data
[20](10:51:14)[2]-- TIME:20081028-105114

[21](10:51:25)======== MONITA APP CLOSING =========
[22](10:51:25)============ BYE BYE ===============