
[0](08:35:26)======== MONITA APP STARTING ===========
[1](08:35:26)Load file konfigurasi
[2](08:35:26)Baca konfig
[3](08:35:26)Baca konfig: OK
[4](08:35:35)Mulai logging data
[5](08:35:36)[0]-- TIME:20081027-083536

[6](08:35:37)[1]-- TIME:20081027-083537

[7](08:35:38)[2]-- TIME:20081027-083538

[8](08:35:39)[3]-- TIME:20081027-083539

[9](08:35:39)192.168.1.31: Timeout
[10](08:35:40)[0]-- TIME:20081027-083540

[11](08:35:41)[1]-- TIME:20081027-083541

[12](08:35:42)[2]-- TIME:20081027-083542

[13](08:35:43)[3]-- TIME:20081027-083543

[14](08:35:43)192.168.1.31: Timeout
[15](08:35:44)[0]-- TIME:20081027-083544

[16](08:35:45)[1]-- TIME:20081027-083545

[17](08:35:46)[2]-- TIME:20081027-083546

[18](08:35:47)Stop logging data
[19](08:35:47)[2]-- TIME:20081027-083547

[20](08:36:13)Mulai logging data
[21](08:36:14)[0]-- TIME:20081027-083614

[22](08:36:15)[1]-- TIME:20081027-083615

[23](08:36:16)[2]-- TIME:20081027-083616

[24](08:36:17)Stop logging data
[25](08:36:17)[2]-- TIME:20081027-083617

[26](08:38:27)======== MONITA APP CLOSING =========
[27](08:38:27)============ BYE BYE ===============