
[0](11:48:39)======== MONITA APP STARTING ===========
[1](11:48:39)Load file konfigurasi
[2](11:48:39)Baca konfig
[3](11:48:39)Baca konfig: OK
[4](11:48:41)Mulai logging data
[5](11:48:42)[0]-- TIME:20081026-114842

[6](11:48:43)[1]-- TIME:20081026-114843

[7](11:48:44)[2]-- TIME:20081026-114844

[8](11:48:45)[3]-- TIME:20081026-114845

[9](11:48:45)192.168.1.31: Timeout
[10](11:48:45)192.168.1.32: Timeout
[11](11:48:46)[0]-- TIME:20081026-114846

[12](11:48:47)[1]-- TIME:20081026-114847

[13](11:48:48)[2]-- TIME:20081026-114848

[14](11:48:49)[3]-- TIME:20081026-114849

[15](11:48:49)192.168.1.31: Timeout
[16](11:48:49)192.168.1.32: Timeout
[17](11:48:50)[0]-- TIME:20081026-114850

[18](11:48:51)[1]-- TIME:20081026-114851

[19](11:48:52)[2]-- TIME:20081026-114852

[20](11:48:53)[3]-- TIME:20081026-114853

[21](11:48:53)192.168.1.31: Timeout
[22](11:48:53)192.168.1.32: Timeout
[23](11:48:54)[0]-- TIME:20081026-114854

[24](11:48:55)[1]-- TIME:20081026-114855

[25](11:48:56)[2]-- TIME:20081026-114856

[26](11:48:57)[3]-- TIME:20081026-114857

[27](11:48:57)192.168.1.31: Timeout
[28](11:48:57)192.168.1.32: Timeout
[29](11:48:58)[0]-- TIME:20081026-114858

[30](11:48:59)[1]-- TIME:20081026-114859

[31](11:49:00)[2]-- TIME:20081026-114900

[32](11:49:01)[3]-- TIME:20081026-114901

[33](11:49:01)192.168.1.31: Timeout
[34](11:49:01)192.168.1.32: Timeout
[35](11:49:02)Stop logging data
[36](11:49:02)[2]-- TIME:20081026-114902

[37](11:49:04)======== MONITA APP CLOSING =========
[38](11:49:04)============ BYE BYE ===============