
[0](18:08:57)======== MONITA APP STARTING ===========
[1](18:08:57)Load file konfigurasi
[2](18:08:57)Baca konfig
[3](18:08:57)Baca konfig: OK
[4](18:09:00)Mulai logging data
[5](18:09:01)[0]-- TIME:20081026-180901

[6](18:09:02)[1]-- TIME:20081026-180902

[7](18:09:03)[2]-- TIME:20081026-180903

[8](18:09:04)[3]-- TIME:20081026-180904

[9](18:09:04)192.168.1.31: Timeout
[10](18:09:05)[0]-- TIME:20081026-180905

[11](18:09:06)[1]-- TIME:20081026-180906

[12](18:09:07)[2]-- TIME:20081026-180907

[13](18:09:08)[3]-- TIME:20081026-180908

[14](18:09:08)192.168.1.31: Timeout
[15](18:09:09)[0]-- TIME:20081026-180909

[16](18:09:10)[1]-- TIME:20081026-180910

[17](18:09:11)Stop logging data
[18](18:09:11)[2]-- TIME:20081026-180911

[19](18:09:55)Mulai logging data
[20](18:09:56)[0]-- TIME:20081026-180956

[21](18:09:57)[1]-- TIME:20081026-180957

[22](18:09:58)[2]-- TIME:20081026-180958

[23](18:09:59)[3]-- TIME:20081026-180959

[24](18:09:59)192.168.1.31: Timeout
[25](18:10:00)[0]-- TIME:20081026-181000

[26](18:10:01)Stop logging data
[27](18:10:01)[2]-- TIME:20081026-181001

[28](18:35:49)Mulai logging data
[29](18:35:50)[0]-- TIME:20081026-183550

[30](18:35:51)[1]-- TIME:20081026-183551

[31](18:35:52)[2]-- TIME:20081026-183552

[32](18:35:53)[3]-- TIME:20081026-183553

[33](18:35:53)192.168.1.31: Timeout
[34](18:35:54)[0]-- TIME:20081026-183554

[35](18:35:54)Stop logging data
[36](18:35:55)[2]-- TIME:20081026-183555

[37](18:36:08)======== MONITA APP CLOSING =========
[38](18:36:08)============ BYE BYE ===============