
[0](14:51:18)======== MONITA APP STARTING ===========
[1](14:51:18)Load file konfigurasi
[2](14:51:18)Baca konfig
[3](14:51:18)Baca konfig: OK
[4](14:51:19)Mulai logging data
[5](14:51:22)[0]-- TIME:20081017-145122

[6](14:51:23)[1]-- TIME:20081017-145123

[7](14:51:24)[2]-- TIME:20081017-145124

[8](14:51:25)[3]-- TIME:20081017-145125

[9](14:51:25)192.168.1.111: Timeout
[10](14:51:25)ALARM: Data Titik 104 (Ac) tinggi (0xF)
[11](14:51:25)192.168.1.113: Timeout
[12](14:51:29)[0]-- TIME:20081017-145129

[13](14:51:30)[1]-- TIME:20081017-145130

[14](14:51:31)[2]-- TIME:20081017-145131

[15](14:51:32)[3]-- TIME:20081017-145132

[16](14:51:32)192.168.1.107: Timeout
[17](14:51:32)192.168.1.111: Timeout
[18](14:51:32)ALARM: Data Titik 104 (Ac) tinggi (0xF)
[19](14:51:32)192.168.1.113: Timeout
[20](14:51:33)[0]-- TIME:20081017-145133

[21](14:51:34)[1]-- TIME:20081017-145134

[22](14:51:35)[2]-- TIME:20081017-145135

[23](14:51:36)[3]-- TIME:20081017-145136

[24](14:51:36)192.168.1.109: Timeout
[25](14:51:36)192.168.1.111: Timeout
[26](14:51:36)ALARM: Data Titik 104 (Ac) tinggi (0xF)
[27](14:51:36)192.168.1.113: Timeout
[28](14:51:37)[0]-- TIME:20081017-145137

[29](14:51:38)[1]-- TIME:20081017-145138

[30](14:51:39)[2]-- TIME:20081017-145139

[31](14:51:40)[3]-- TIME:20081017-145140

[32](14:51:40)192.168.1.111: Timeout
[33](14:51:40)ALARM: Data Titik 104 (Ac) tinggi (0xF)
[34](14:51:40)192.168.1.113: Timeout
[35](14:51:41)[0]-- TIME:20081017-145141

[36](14:51:42)[1]-- TIME:20081017-145142

[37](14:51:43)[2]-- TIME:20081017-145143

[38](14:51:44)[3]-- TIME:20081017-145144

[39](14:51:44)192.168.1.111: Timeout
[40](14:51:44)ALARM: Data Titik 104 (Ac) tinggi (0xF)
[41](14:51:44)192.168.1.113: Timeout
[42](14:51:45)[0]-- TIME:20081017-145145

[43](14:51:46)[1]-- TIME:20081017-145146

[44](14:51:47)[2]-- TIME:20081017-145147

[45](14:51:48)[3]-- TIME:20081017-145148

[46](14:51:48)192.168.1.111: Timeout
[47](14:51:48)ALARM: Data Titik 104 (Ac) tinggi (0xF)
[48](14:51:48)192.168.1.113: Timeout
[49](14:51:49)[0]-- TIME:20081017-145149

[50](14:51:50)[1]-- TIME:20081017-145150

[51](14:51:51)[2]-- TIME:20081017-145151

[52](14:51:52)[3]-- TIME:20081017-145152

[53](14:51:52)192.168.1.111: Timeout
[54](14:51:52)ALARM: Data Titik 104 (Ac) tinggi (0xF)
[55](14:51:52)192.168.1.113: Timeout
[56](14:51:53)[0]-- TIME:20081017-145153

[57](14:51:54)[1]-- TIME:20081017-145154

[58](14:51:55)[2]-- TIME:20081017-145155

[59](14:51:56)[3]-- TIME:20081017-145156

[60](14:51:56)192.168.1.111: Timeout
[61](14:51:56)ALARM: Data Titik 104 (Ac) tinggi (0xF)
[62](14:51:56)192.168.1.113: Timeout
[63](14:51:57)[0]-- TIME:20081017-145157

[64](14:51:58)[1]-- TIME:20081017-145158

[65](14:51:59)[2]-- TIME:20081017-145159

[66](14:52:00)[3]-- TIME:20081017-145200

[67](14:52:00)192.168.1.111: Timeout
[68](14:52:00)ALARM: Data Titik 104 (Ac) tinggi (0xF)
[69](14:52:00)192.168.1.113: Timeout
[70](14:52:01)[0]-- TIME:20081017-145201

[71](14:52:02)[1]-- TIME:20081017-145202

[72](14:52:03)[2]-- TIME:20081017-145203

[73](14:52:04)[3]-- TIME:20081017-145204

[74](14:52:04)192.168.1.111: Timeout
[75](14:52:04)ALARM: Data Titik 104 (Ac) tinggi (0xF)
[76](14:52:04)192.168.1.113: Timeout
[77](14:52:05)[0]-- TIME:20081017-145205

[78](14:52:06)[1]-- TIME:20081017-145206

[79](14:52:07)[2]-- TIME:20081017-145207

[80](14:52:08)[3]-- TIME:20081017-145208

[81](14:52:08)192.168.1.108: Timeout
[82](14:52:08)192.168.1.111: Timeout
[83](14:52:08)ALARM: Data Titik 104 (Ac) tinggi (0xF)
[84](14:52:08)192.168.1.113: Timeout
[85](14:52:09)[0]-- TIME:20081017-145209

[86](14:52:10)[1]-- TIME:20081017-145210

[87](14:52:11)[2]-- TIME:20081017-145211

[88](14:52:12)[3]-- TIME:20081017-145212

[89](14:52:12)192.168.1.111: Timeout
[90](14:52:12)ALARM: Data Titik 104 (Ac) tinggi (0xF)
[91](14:52:12)192.168.1.113: Timeout
[92](14:52:13)[0]-- TIME:20081017-145213

[93](14:52:14)[1]-- TIME:20081017-145214

[94](14:52:15)[2]-- TIME:20081017-145215

[95](14:52:16)[3]-- TIME:20081017-145216

[96](14:52:16)192.168.1.111: Timeout
[97](14:52:16)ALARM: Data Titik 104 (Ac) tinggi (0xF)
[98](14:52:16)192.168.1.113: Timeout
[99](14:52:17)[0]-- TIME:20081017-145217

[100](14:52:18)[1]-- TIME:20081017-145218

[101](14:52:19)[2]-- TIME:20081017-145219

[102](14:52:20)[3]-- TIME:20081017-145220

[103](14:52:20)192.168.1.111: Timeout
[104](14:52:20)ALARM: Data Titik 104 (Ac) tinggi (0xF)
[105](14:52:20)192.168.1.113: Timeout
[106](14:52:21)[0]-- TIME:20081017-145221

[107](14:52:22)[1]-- TIME:20081017-145222

[108](14:52:23)[2]-- TIME:20081017-145223

[109](14:52:24)[3]-- TIME:20081017-145224

[110](14:52:24)192.168.1.111: Timeout
[111](14:52:24)ALARM: Data Titik 104 (Ac) tinggi (0xF)
[112](14:52:24)192.168.1.113: Timeout
[113](14:52:25)[0]-- TIME:20081017-145225

[114](14:52:26)[1]-- TIME:20081017-145226

[115](14:52:27)[2]-- TIME:20081017-145227

[116](14:52:28)[3]-- TIME:20081017-145228

[117](14:52:28)192.168.1.111: Timeout
[118](14:52:28)ALARM: Data Titik 104 (Ac) tinggi (0xF)
[119](14:52:28)192.168.1.113: Timeout
[120](14:52:29)[0]-- TIME:20081017-145229

[121](14:52:30)[1]-- TIME:20081017-145230

[122](14:52:31)[2]-- TIME:20081017-145231

[123](14:52:32)[3]-- TIME:20081017-145232

[124](14:52:32)192.168.1.108: Timeout
[125](14:52:32)192.168.1.111: Timeout
[126](14:52:32)ALARM: Data Titik 104 (Ac) tinggi (0xF)
[127](14:52:32)192.168.1.113: Timeout
[128](14:52:33)[0]-- TIME:20081017-145233

[129](14:52:34)[1]-- TIME:20081017-145234

[130](14:52:35)[2]-- TIME:20081017-145235

[131](14:52:36)[3]-- TIME:20081017-145236

[132](14:52:36)192.168.1.111: Timeout
[133](14:52:36)ALARM: Data Titik 104 (Ac) tinggi (0xF)
[134](14:52:36)192.168.1.113: Timeout
[135](14:52:37)[0]-- TIME:20081017-145237

[136](14:52:38)[1]-- TIME:20081017-145238

[137](14:52:39)[2]-- TIME:20081017-145239

[138](14:52:40)[3]-- TIME:20081017-145240

[139](14:52:40)192.168.1.111: Timeout
[140](14:52:40)ALARM: Data Titik 104 (Ac) tinggi (0xF)
[141](14:52:40)192.168.1.113: Timeout
[142](14:52:41)[0]-- TIME:20081017-145241

[143](14:52:42)[1]-- TIME:20081017-145242

[144](14:52:43)[2]-- TIME:20081017-145243

[145](14:52:44)[3]-- TIME:20081017-145244

[146](14:52:44)192.168.1.111: Timeout
[147](14:52:44)ALARM: Data Titik 104 (Ac) tinggi (0xF)
[148](14:52:44)192.168.1.113: Timeout
[149](14:52:45)[0]-- TIME:20081017-145245

[150](14:52:46)[1]-- TIME:20081017-145246

[151](14:52:47)[2]-- TIME:20081017-145247

[152](14:52:48)[3]-- TIME:20081017-145248

[153](14:52:48)192.168.1.111: Timeout
[154](14:52:48)ALARM: Data Titik 104 (Ac) tinggi (0xF)
[155](14:52:48)192.168.1.113: Timeout
[156](14:52:49)[0]-- TIME:20081017-145249

[157](14:52:50)[1]-- TIME:20081017-145250

[158](14:52:51)[2]-- TIME:20081017-145251

[159](14:52:52)[3]-- TIME:20081017-145252

[160](14:52:52)192.168.1.111: Timeout
[161](14:52:52)ALARM: Data Titik 104 (Ac) tinggi (0xF)
[162](14:52:52)192.168.1.113: Timeout
[163](14:52:53)[0]-- TIME:20081017-145253

[164](14:52:54)[1]-- TIME:20081017-145254

[165](14:52:55)[2]-- TIME:20081017-145255

[166](14:52:56)[3]-- TIME:20081017-145256

[167](14:52:56)192.168.1.111: Timeout
[168](14:52:56)ALARM: Data Titik 104 (Ac) tinggi (0xF)
[169](14:52:56)192.168.1.113: Timeout
[170](14:52:57)[0]-- TIME:20081017-145257

[171](14:52:58)[1]-- TIME:20081017-145258

[172](14:52:59)[2]-- TIME:20081017-145259

[173](14:53:00)[3]-- TIME:20081017-145300

[174](14:53:00)192.168.1.111: Timeout
[175](14:53:00)ALARM: Data Titik 104 (Ac) tinggi (0xF)
[176](14:53:00)192.168.1.113: Timeout
[177](14:53:01)[0]-- TIME:20081017-145301

[178](14:53:02)[1]-- TIME:20081017-145302

[179](14:53:03)[2]-- TIME:20081017-145303

[180](14:53:04)[3]-- TIME:20081017-145304

[181](14:53:04)192.168.1.111: Timeout
[182](14:53:04)ALARM: Data Titik 104 (Ac) tinggi (0xF)
[183](14:53:04)192.168.1.113: Timeout
[184](14:53:05)[0]-- TIME:20081017-145305

[185](14:53:06)[1]-- TIME:20081017-145306

[186](14:53:07)[2]-- TIME:20081017-145307

[187](14:53:08)[3]-- TIME:20081017-145308

[188](14:53:08)192.168.1.111: Timeout
[189](14:53:08)ALARM: Data Titik 104 (Ac) tinggi (0xF)
[190](14:53:08)192.168.1.113: Timeout
[191](14:53:09)[0]-- TIME:20081017-145309

[192](14:53:10)[1]-- TIME:20081017-145310

[193](14:53:11)[2]-- TIME:20081017-145311

[194](14:53:12)[3]-- TIME:20081017-145312

[195](14:53:12)192.168.1.111: Timeout
[196](14:53:12)ALARM: Data Titik 104 (Ac) tinggi (0xF)
[197](14:53:12)192.168.1.113: Timeout
[198](14:53:13)[0]-- TIME:20081017-145313

[199](14:53:14)[1]-- TIME:20081017-145314

[200](14:53:15)[2]-- TIME:20081017-145315

[201](14:53:16)[3]-- TIME:20081017-145316

[202](14:53:16)192.168.1.111: Timeout
[203](14:53:16)ALARM: Data Titik 104 (Ac) tinggi (0xF)
[204](14:53:16)192.168.1.113: Timeout
[205](14:53:17)[0]-- TIME:20081017-145317

[206](14:53:18)[1]-- TIME:20081017-145318

[207](14:53:19)[2]-- TIME:20081017-145319

[208](14:53:20)[3]-- TIME:20081017-145320

[209](14:53:20)192.168.1.111: Timeout
[210](14:53:20)ALARM: Data Titik 104 (Ac) tinggi (0xF)
[211](14:53:20)192.168.1.113: Timeout
[212](14:53:20)192.168.1.26: Timeout
[213](14:53:21)[0]-- TIME:20081017-145321

[214](14:53:22)[1]-- TIME:20081017-145322

[215](14:53:23)[2]-- TIME:20081017-145323

[216](14:53:24)[3]-- TIME:20081017-145324

[217](14:53:24)192.168.1.111: Timeout
[218](14:53:24)ALARM: Data Titik 104 (Ac) tinggi (0xF)
[219](14:53:24)192.168.1.113: Timeout
[220](14:53:25)[0]-- TIME:20081017-145325

[221](14:53:26)[1]-- TIME:20081017-145326

[222](14:53:27)[2]-- TIME:20081017-145327

[223](14:53:28)[3]-- TIME:20081017-145328

[224](14:53:28)192.168.1.111: Timeout
[225](14:53:28)ALARM: Data Titik 104 (Ac) tinggi (0xF)
[226](14:53:28)192.168.1.113: Timeout
[227](14:53:29)[0]-- TIME:20081017-145329

[228](14:53:30)[1]-- TIME:20081017-145330

[229](14:53:31)[2]-- TIME:20081017-145331

[230](14:53:32)[3]-- TIME:20081017-145332

[231](14:53:32)192.168.1.111: Timeout
[232](14:53:32)ALARM: Data Titik 104 (Ac) tinggi (0xF)
[233](14:53:32)192.168.1.113: Timeout
[234](14:53:33)[0]-- TIME:20081017-145333

[235](14:53:34)[1]-- TIME:20081017-145334

[236](14:53:35)[2]-- TIME:20081017-145335

[237](14:53:36)[3]-- TIME:20081017-145336

[238](14:53:36)192.168.1.111: Timeout
[239](14:53:36)ALARM: Data Titik 104 (Ac) tinggi (0xF)
[240](14:53:36)192.168.1.113: Timeout
[241](14:53:37)[0]-- TIME:20081017-145337

[242](14:53:38)[1]-- TIME:20081017-145338

[243](14:53:39)[2]-- TIME:20081017-145339

[244](14:53:40)[3]-- TIME:20081017-145340

[245](14:53:40)192.168.1.111: Timeout
[246](14:53:40)ALARM: Data Titik 104 (Ac) tinggi (0xF)
[247](14:53:40)192.168.1.113: Timeout
[248](14:53:40)192.168.1.26: Timeout
[249](14:53:41)[0]-- TIME:20081017-145341

[250](14:53:42)[1]-- TIME:20081017-145342

[251](14:53:43)[2]-- TIME:20081017-145343

[252](14:53:44)[3]-- TIME:20081017-145344

[253](14:53:44)192.168.1.111: Timeout
[254](14:53:44)ALARM: Data Titik 104 (Ac) tinggi (0xF)
[255](14:53:44)192.168.1.113: Timeout
[256](14:53:45)[0]-- TIME:20081017-145345

[257](14:53:46)[1]-- TIME:20081017-145346

[258](14:53:47)[2]-- TIME:20081017-145347

[259](14:53:48)[3]-- TIME:20081017-145348

[260](14:53:48)192.168.1.111: Timeout
[261](14:53:48)ALARM: Data Titik 104 (Ac) tinggi (0xF)
[262](14:53:48)192.168.1.113: Timeout
[263](14:53:49)[0]-- TIME:20081017-145349

[264](14:53:50)[1]-- TIME:20081017-145350

[265](14:53:51)[2]-- TIME:20081017-145351

[266](14:53:52)[3]-- TIME:20081017-145352

[267](14:53:52)192.168.1.111: Timeout
[268](14:53:52)ALARM: Data Titik 104 (Ac) tinggi (0xF)
[269](14:53:52)192.168.1.113: Timeout
[270](14:53:53)[0]-- TIME:20081017-145353

[271](14:53:54)[1]-- TIME:20081017-145354

[272](14:53:55)[2]-- TIME:20081017-145355

[273](14:53:56)[3]-- TIME:20081017-145356

[274](14:53:56)192.168.1.111: Timeout
[275](14:53:56)ALARM: Data Titik 104 (Ac) tinggi (0xF)
[276](14:53:56)192.168.1.113: Timeout
[277](14:53:57)[0]-- TIME:20081017-145357

[278](14:53:58)[1]-- TIME:20081017-145358

[279](14:53:59)[2]-- TIME:20081017-145359

[280](14:54:00)[3]-- TIME:20081017-145400

[281](14:54:00)192.168.1.111: Timeout
[282](14:54:00)ALARM: Data Titik 104 (Ac) tinggi (0xF)
[283](14:54:00)192.168.1.113: Timeout
[284](14:54:01)[0]-- TIME:20081017-145401

[285](14:54:02)[1]-- TIME:20081017-145402

[286](14:54:03)[2]-- TIME:20081017-145403

[287](14:54:04)[3]-- TIME:20081017-145404

[288](14:54:04)192.168.1.111: Timeout
[289](14:54:04)ALARM: Data Titik 104 (Ac) tinggi (0xF)
[290](14:54:04)192.168.1.113: Timeout
[291](14:54:05)[0]-- TIME:20081017-145405

[292](14:54:06)[1]-- TIME:20081017-145406

[293](14:54:07)[2]-- TIME:20081017-145407

[294](14:54:08)[3]-- TIME:20081017-145408

[295](14:54:08)192.168.1.111: Timeout
[296](14:54:08)ALARM: Data Titik 104 (Ac) tinggi (0xF)
[297](14:54:08)192.168.1.113: Timeout
[298](14:54:09)[0]-- TIME:20081017-145409

[299](14:54:10)[1]-- TIME:20081017-145410

[300](14:54:11)[2]-- TIME:20081017-145411

[301](14:54:12)[3]-- TIME:20081017-145412

[302](14:54:12)192.168.1.111: Timeout
[303](14:54:12)ALARM: Data Titik 104 (Ac) tinggi (0xF)
[304](14:54:12)192.168.1.113: Timeout
[305](14:54:13)[0]-- TIME:20081017-145413

[306](14:54:14)[1]-- TIME:20081017-145414

[307](14:54:15)[2]-- TIME:20081017-145415

[308](14:54:16)[3]-- TIME:20081017-145416

[309](14:54:16)192.168.1.111: Timeout
[310](14:54:16)ALARM: Data Titik 104 (Ac) tinggi (0xF)
[311](14:54:16)192.168.1.113: Timeout
[312](14:54:17)[0]-- TIME:20081017-145417

[313](14:54:18)[1]-- TIME:20081017-145418

[314](14:54:19)[2]-- TIME:20081017-145419

[315](14:54:20)[3]-- TIME:20081017-145420

[316](14:54:20)192.168.1.111: Timeout
[317](14:54:20)ALARM: Data Titik 104 (Ac) tinggi (0xF)
[318](14:54:20)192.168.1.113: Timeout
[319](14:54:21)[0]-- TIME:20081017-145421

[320](14:54:22)[1]-- TIME:20081017-145422

[321](14:54:23)[2]-- TIME:20081017-145423

[322](14:54:24)[3]-- TIME:20081017-145424

[323](14:54:24)192.168.1.111: Timeout
[324](14:54:24)ALARM: Data Titik 104 (Ac) tinggi (0xF)
[325](14:54:24)192.168.1.113: Timeout
[326](14:54:25)[0]-- TIME:20081017-145425

[327](14:54:26)[1]-- TIME:20081017-145426

[328](14:54:27)[2]-- TIME:20081017-145427

[329](14:54:28)[3]-- TIME:20081017-145428

[330](14:54:28)192.168.1.111: Timeout
[331](14:54:28)ALARM: Data Titik 104 (Ac) tinggi (0xF)
[332](14:54:28)192.168.1.113: Timeout
[333](14:54:29)[0]-- TIME:20081017-145429

[334](14:54:30)[1]-- TIME:20081017-145430

[335](14:54:31)[2]-- TIME:20081017-145431

[336](14:54:32)[3]-- TIME:20081017-145432

[337](14:54:32)192.168.1.111: Timeout
[338](14:54:32)ALARM: Data Titik 104 (Ac) tinggi (0xF)
[339](14:54:32)192.168.1.113: Timeout
[340](14:54:33)[0]-- TIME:20081017-145433

[341](14:54:34)[1]-- TIME:20081017-145434

[342](14:54:35)[2]-- TIME:20081017-145435

[343](14:54:36)[3]-- TIME:20081017-145436

[344](14:54:36)192.168.1.111: Timeout
[345](14:54:36)ALARM: Data Titik 104 (Ac) tinggi (0xF)
[346](14:54:36)192.168.1.113: Timeout
[347](14:54:37)[0]-- TIME:20081017-145437

[348](14:54:38)[1]-- TIME:20081017-145438

[349](14:54:39)[2]-- TIME:20081017-145439

[350](14:54:40)[3]-- TIME:20081017-145440

[351](14:54:40)192.168.1.111: Timeout
[352](14:54:40)ALARM: Data Titik 104 (Ac) tinggi (0xF)
[353](14:54:40)192.168.1.113: Timeout
[354](14:54:41)[0]-- TIME:20081017-145441

[355](14:54:42)[1]-- TIME:20081017-145442

[356](14:54:43)[2]-- TIME:20081017-145443

[357](14:54:44)[3]-- TIME:20081017-145444

[358](14:54:44)192.168.1.111: Timeout
[359](14:54:44)ALARM: Data Titik 104 (Ac) tinggi (0xF)
[360](14:54:44)192.168.1.113: Timeout
[361](14:54:45)[0]-- TIME:20081017-145445

[362](14:54:46)[1]-- TIME:20081017-145446

[363](14:54:47)[2]-- TIME:20081017-145447

[364](14:54:48)[3]-- TIME:20081017-145448

[365](14:54:48)192.168.1.109: Timeout
[366](14:54:48)192.168.1.111: Timeout
[367](14:54:48)ALARM: Data Titik 104 (Ac) tinggi (0xF)
[368](14:54:48)192.168.1.113: Timeout
[369](14:54:49)[0]-- TIME:20081017-145449

[370](14:54:50)[1]-- TIME:20081017-145450

[371](14:54:51)[2]-- TIME:20081017-145451

[372](14:54:52)[3]-- TIME:20081017-145452

[373](14:54:52)192.168.1.111: Timeout
[374](14:54:52)ALARM: Data Titik 104 (Ac) tinggi (0xF)
[375](14:54:52)192.168.1.113: Timeout
[376](14:54:53)[0]-- TIME:20081017-145453

[377](14:54:54)[1]-- TIME:20081017-145454

[378](14:54:55)[2]-- TIME:20081017-145455

[379](14:54:56)[3]-- TIME:20081017-145456

[380](14:54:56)192.168.1.111: Timeout
[381](14:54:56)ALARM: Data Titik 104 (Ac) tinggi (0xF)
[382](14:54:56)192.168.1.113: Timeout
[383](14:54:57)[0]-- TIME:20081017-145457

[384](14:54:58)[1]-- TIME:20081017-145458

[385](14:54:59)[2]-- TIME:20081017-145459

[386](14:55:00)[3]-- TIME:20081017-145500

[387](14:55:00)192.168.1.111: Timeout
[388](14:55:00)ALARM: Data Titik 104 (Ac) tinggi (0xF)
[389](14:55:00)192.168.1.113: Timeout
[390](14:55:01)[0]-- TIME:20081017-145501

[391](14:55:02)[1]-- TIME:20081017-145502

[392](14:55:03)[2]-- TIME:20081017-145503

[393](14:55:04)[3]-- TIME:20081017-145504

[394](14:55:04)192.168.1.111: Timeout
[395](14:55:04)ALARM: Data Titik 104 (Ac) tinggi (0xF)
[396](14:55:04)192.168.1.113: Timeout
[397](14:55:05)[0]-- TIME:20081017-145505

[398](14:55:06)[1]-- TIME:20081017-145506

[399](14:55:07)[2]-- TIME:20081017-145507

[400](14:55:08)[3]-- TIME:20081017-145508

[401](14:55:08)192.168.1.111: Timeout
[402](14:55:08)ALARM: Data Titik 104 (Ac) tinggi (0xF)
[403](14:55:08)192.168.1.113: Timeout
[404](14:55:09)[0]-- TIME:20081017-145509

[405](14:55:10)[1]-- TIME:20081017-145510

[406](14:55:11)[2]-- TIME:20081017-145511

[407](14:55:12)[3]-- TIME:20081017-145512

[408](14:55:12)192.168.1.111: Timeout
[409](14:55:12)ALARM: Data Titik 104 (Ac) tinggi (0xF)
[410](14:55:12)192.168.1.113: Timeout
[411](14:55:13)[0]-- TIME:20081017-145513

[412](14:55:14)[1]-- TIME:20081017-145514

[413](14:55:15)[2]-- TIME:20081017-145515

[414](14:55:16)[3]-- TIME:20081017-145516

[415](14:55:16)192.168.1.111: Timeout
[416](14:55:16)ALARM: Data Titik 104 (Ac) tinggi (0xF)
[417](14:55:16)192.168.1.113: Timeout
[418](14:55:17)[0]-- TIME:20081017-145517

[419](14:55:18)[1]-- TIME:20081017-145518

[420](14:55:19)[2]-- TIME:20081017-145519

[421](14:55:20)[3]-- TIME:20081017-145520

[422](14:55:20)192.168.1.111: Timeout
[423](14:55:20)ALARM: Data Titik 104 (Ac) tinggi (0xF)
[424](14:55:20)192.168.1.113: Timeout
[425](14:55:21)[0]-- TIME:20081017-145521

[426](14:55:22)[1]-- TIME:20081017-145522

[427](14:55:23)[2]-- TIME:20081017-145523

[428](14:55:24)[3]-- TIME:20081017-145524

[429](14:55:24)192.168.1.111: Timeout
[430](14:55:24)ALARM: Data Titik 104 (Ac) tinggi (0xF)
[431](14:55:24)192.168.1.113: Timeout
[432](14:55:25)[0]-- TIME:20081017-145525

[433](14:55:26)[1]-- TIME:20081017-145526

[434](14:55:27)[2]-- TIME:20081017-145527

[435](14:55:28)[3]-- TIME:20081017-145528

[436](14:55:28)192.168.1.111: Timeout
[437](14:55:28)ALARM: Data Titik 104 (Ac) tinggi (0xF)
[438](14:55:28)192.168.1.113: Timeout
[439](14:55:29)[0]-- TIME:20081017-145529

[440](14:55:30)[1]-- TIME:20081017-145530

[441](14:55:31)[2]-- TIME:20081017-145531

[442](14:55:32)[3]-- TIME:20081017-145532

[443](14:55:32)192.168.1.111: Timeout
[444](14:55:32)ALARM: Data Titik 104 (Ac) tinggi (0xF)
[445](14:55:32)192.168.1.113: Timeout
[446](14:55:33)[0]-- TIME:20081017-145533

[447](14:55:34)[1]-- TIME:20081017-145534

[448](14:55:35)[2]-- TIME:20081017-145535

[449](14:55:36)[3]-- TIME:20081017-145536

[450](14:55:36)192.168.1.111: Timeout
[451](14:55:36)ALARM: Data Titik 104 (Ac) tinggi (0xF)
[452](14:55:36)192.168.1.113: Timeout
[453](14:55:37)[0]-- TIME:20081017-145537

[454](14:55:38)[1]-- TIME:20081017-145538

[455](14:55:39)[2]-- TIME:20081017-145539

[456](14:55:40)[3]-- TIME:20081017-145540

[457](14:55:40)192.168.1.111: Timeout
[458](14:55:40)ALARM: Data Titik 104 (Ac) tinggi (0xF)
[459](14:55:40)192.168.1.113: Timeout
[460](14:55:41)[0]-- TIME:20081017-145541

[461](14:55:42)[1]-- TIME:20081017-145542

[462](14:55:43)[2]-- TIME:20081017-145543

[463](14:55:44)[3]-- TIME:20081017-145544

[464](14:55:44)192.168.1.111: Timeout
[465](14:55:44)ALARM: Data Titik 104 (Ac) tinggi (0xF)
[466](14:55:44)192.168.1.113: Timeout
[467](14:55:45)[0]-- TIME:20081017-145545

[468](14:55:46)[1]-- TIME:20081017-145546

[469](14:55:47)[2]-- TIME:20081017-145547

[470](14:55:48)[3]-- TIME:20081017-145548

[471](14:55:48)192.168.1.111: Timeout
[472](14:55:48)ALARM: Data Titik 104 (Ac) tinggi (0xF)
[473](14:55:48)192.168.1.113: Timeout
[474](14:55:49)[0]-- TIME:20081017-145549

[475](14:55:50)[1]-- TIME:20081017-145550

[476](14:55:51)[2]-- TIME:20081017-145551

[477](14:55:52)[3]-- TIME:20081017-145552

[478](14:55:52)192.168.1.108: Timeout
[479](14:55:52)192.168.1.111: Timeout
[480](14:55:52)ALARM: Data Titik 104 (Ac) tinggi (0xF)
[481](14:55:52)192.168.1.113: Timeout
[482](14:55:53)[0]-- TIME:20081017-145553

[483](14:55:54)[1]-- TIME:20081017-145554

[484](14:55:55)[2]-- TIME:20081017-145555

[485](14:55:56)[3]-- TIME:20081017-145556

[486](14:55:56)192.168.1.111: Timeout
[487](14:55:56)ALARM: Data Titik 104 (Ac) tinggi (0xF)
[488](14:55:56)192.168.1.113: Timeout
[489](14:55:57)[0]-- TIME:20081017-145557

[490](14:55:58)[1]-- TIME:20081017-145558

[491](14:55:59)[2]-- TIME:20081017-145559

[492](14:56:00)[3]-- TIME:20081017-145600

[493](14:56:00)192.168.1.111: Timeout
[494](14:56:00)ALARM: Data Titik 104 (Ac) tinggi (0xF)
[495](14:56:00)192.168.1.113: Timeout
[496](14:56:01)[0]-- TIME:20081017-145601

[497](14:56:02)[1]-- TIME:20081017-145602

[498](14:56:03)[2]-- TIME:20081017-145603

[499](14:56:04)[3]-- TIME:20081017-145604

[500](14:56:04)192.168.1.111: Timeout
[501](14:56:04)ALARM: Data Titik 104 (Ac) tinggi (0xF)
[502](14:56:04)192.168.1.113: Timeout
[503](14:56:05)[0]-- TIME:20081017-145605

[504](14:56:06)[1]-- TIME:20081017-145606

[505](14:56:07)[2]-- TIME:20081017-145607

[506](14:56:08)[3]-- TIME:20081017-145608

[507](14:56:08)192.168.1.111: Timeout
[508](14:56:08)ALARM: Data Titik 104 (Ac) tinggi (0xF)
[509](14:56:08)192.168.1.113: Timeout
[510](14:56:09)[0]-- TIME:20081017-145609

[511](14:56:10)[1]-- TIME:20081017-145610

[512](14:56:11)[2]-- TIME:20081017-145611

[513](14:56:12)[3]-- TIME:20081017-145612

[514](14:56:12)192.168.1.111: Timeout
[515](14:56:12)ALARM: Data Titik 104 (Ac) tinggi (0xF)
[516](14:56:12)192.168.1.113: Timeout
[517](14:56:13)[0]-- TIME:20081017-145613

[518](14:56:14)[1]-- TIME:20081017-145614

[519](14:56:15)[2]-- TIME:20081017-145615

[520](14:56:16)[3]-- TIME:20081017-145616

[521](14:56:16)192.168.1.107: Timeout
[522](14:56:16)192.168.1.111: Timeout
[523](14:56:16)ALARM: Data Titik 104 (Ac) tinggi (0xF)
[524](14:56:16)192.168.1.113: Timeout
[525](14:56:17)[0]-- TIME:20081017-145617

[526](14:56:18)[1]-- TIME:20081017-145618

[527](14:56:19)[2]-- TIME:20081017-145619

[528](14:56:20)[3]-- TIME:20081017-145620

[529](14:56:20)192.168.1.111: Timeout
[530](14:56:20)ALARM: Data Titik 104 (Ac) tinggi (0xF)
[531](14:56:20)192.168.1.113: Timeout
[532](14:56:21)[0]-- TIME:20081017-145621

[533](14:56:22)[1]-- TIME:20081017-145622

[534](14:56:23)[2]-- TIME:20081017-145623

[535](14:56:24)[3]-- TIME:20081017-145624

[536](14:56:24)192.168.1.111: Timeout
[537](14:56:24)ALARM: Data Titik 104 (Ac) tinggi (0xF)
[538](14:56:24)192.168.1.113: Timeout
[539](14:56:25)[0]-- TIME:20081017-145625

[540](14:56:26)[1]-- TIME:20081017-145626

[541](14:56:27)[2]-- TIME:20081017-145627

[542](14:56:28)[3]-- TIME:20081017-145628

[543](14:56:28)192.168.1.111: Timeout
[544](14:56:28)ALARM: Data Titik 104 (Ac) tinggi (0xF)
[545](14:56:28)192.168.1.113: Timeout
[546](14:56:29)[0]-- TIME:20081017-145629

[547](14:56:30)[1]-- TIME:20081017-145630

[548](14:56:31)[2]-- TIME:20081017-145631

[549](14:56:32)[3]-- TIME:20081017-145632

[550](14:56:32)192.168.1.111: Timeout
[551](14:56:32)ALARM: Data Titik 104 (Ac) tinggi (0xF)
[552](14:56:32)192.168.1.113: Timeout
[553](14:56:33)[0]-- TIME:20081017-145633

[554](14:56:34)[1]-- TIME:20081017-145634

[555](14:56:35)[2]-- TIME:20081017-145635

[556](14:56:36)[3]-- TIME:20081017-145636

[557](14:56:36)192.168.1.111: Timeout
[558](14:56:36)ALARM: Data Titik 104 (Ac) tinggi (0xF)
[559](14:56:36)192.168.1.113: Timeout
[560](14:56:37)[0]-- TIME:20081017-145637

[561](14:56:38)[1]-- TIME:20081017-145638

[562](14:56:39)[2]-- TIME:20081017-145639

[563](14:56:40)[3]-- TIME:20081017-145640

[564](14:56:40)192.168.1.111: Timeout
[565](14:56:40)ALARM: Data Titik 104 (Ac) tinggi (0xF)
[566](14:56:40)192.168.1.113: Timeout
[567](14:56:41)[0]-- TIME:20081017-145641

[568](14:56:42)[1]-- TIME:20081017-145642

[569](14:56:43)[2]-- TIME:20081017-145643

[570](14:56:44)[3]-- TIME:20081017-145644

[571](14:56:44)192.168.1.111: Timeout
[572](14:56:44)ALARM: Data Titik 104 (Ac) tinggi (0xF)
[573](14:56:44)192.168.1.113: Timeout
[574](14:56:45)[0]-- TIME:20081017-145645

[575](14:56:46)[1]-- TIME:20081017-145646

[576](14:56:47)[2]-- TIME:20081017-145647

[577](14:56:48)[3]-- TIME:20081017-145648

[578](14:56:48)192.168.1.111: Timeout
[579](14:56:48)ALARM: Data Titik 104 (Ac) tinggi (0xF)
[580](14:56:48)192.168.1.113: Timeout
[581](14:56:49)[0]-- TIME:20081017-145649

[582](14:56:50)[1]-- TIME:20081017-145650

[583](14:56:51)[2]-- TIME:20081017-145651

[584](14:56:52)[3]-- TIME:20081017-145652

[585](14:56:52)192.168.1.111: Timeout
[586](14:56:52)ALARM: Data Titik 104 (Ac) tinggi (0xF)
[587](14:56:52)192.168.1.113: Timeout
[588](14:56:53)[0]-- TIME:20081017-145653

[589](14:56:54)[1]-- TIME:20081017-145654

[590](14:56:55)[2]-- TIME:20081017-145655

[591](14:56:56)[3]-- TIME:20081017-145656

[592](14:56:56)192.168.1.111: Timeout
[593](14:56:56)ALARM: Data Titik 104 (Ac) tinggi (0xF)
[594](14:56:56)192.168.1.113: Timeout
[595](14:56:57)[0]-- TIME:20081017-145657

[596](14:56:58)[1]-- TIME:20081017-145658

[597](14:56:59)[2]-- TIME:20081017-145659

[598](14:57:00)[3]-- TIME:20081017-145700

[599](14:57:00)192.168.1.111: Timeout
[600](14:57:00)ALARM: Data Titik 104 (Ac) tinggi (0xF)
[601](14:57:00)192.168.1.113: Timeout
[602](14:57:01)[0]-- TIME:20081017-145701

[603](14:57:02)[1]-- TIME:20081017-145702

[604](14:57:03)[2]-- TIME:20081017-145703

[605](14:57:04)[3]-- TIME:20081017-145704

[606](14:57:04)192.168.1.111: Timeout
[607](14:57:04)ALARM: Data Titik 104 (Ac) tinggi (0xF)
[608](14:57:04)192.168.1.113: Timeout
[609](14:57:05)[0]-- TIME:20081017-145705

[610](14:57:06)[1]-- TIME:20081017-145706

[611](14:57:07)[2]-- TIME:20081017-145707

[612](14:57:08)[3]-- TIME:20081017-145708

[613](14:57:08)192.168.1.111: Timeout
[614](14:57:08)ALARM: Data Titik 104 (Ac) tinggi (0xF)
[615](14:57:08)192.168.1.113: Timeout
[616](14:57:09)[0]-- TIME:20081017-145709

[617](14:57:10)[1]-- TIME:20081017-145710

[618](14:57:11)[2]-- TIME:20081017-145711

[619](14:57:12)[3]-- TIME:20081017-145712

[620](14:57:12)192.168.1.111: Timeout
[621](14:57:12)ALARM: Data Titik 104 (Ac) tinggi (0xF)
[622](14:57:12)192.168.1.113: Timeout
[623](14:57:13)[0]-- TIME:20081017-145713

[624](14:57:14)[1]-- TIME:20081017-145714

[625](14:57:15)[2]-- TIME:20081017-145715

[626](14:57:16)[3]-- TIME:20081017-145716

[627](14:57:16)192.168.1.111: Timeout
[628](14:57:16)ALARM: Data Titik 104 (Ac) tinggi (0xF)
[629](14:57:16)192.168.1.113: Timeout
[630](14:57:17)[0]-- TIME:20081017-145717

[631](14:57:18)[1]-- TIME:20081017-145718

[632](14:57:19)[2]-- TIME:20081017-145719

[633](14:57:20)[3]-- TIME:20081017-145720

[634](14:57:20)192.168.1.111: Timeout
[635](14:57:20)ALARM: Data Titik 104 (Ac) tinggi (0xF)
[636](14:57:20)192.168.1.113: Timeout
[637](14:57:21)[0]-- TIME:20081017-145721

[638](14:57:22)[1]-- TIME:20081017-145722

[639](14:57:23)[2]-- TIME:20081017-145723

[640](14:57:24)[3]-- TIME:20081017-145724

[641](14:57:24)192.168.1.108: Timeout
[642](14:57:24)192.168.1.111: Timeout
[643](14:57:24)ALARM: Data Titik 104 (Ac) tinggi (0xF)
[644](14:57:24)192.168.1.113: Timeout
[645](14:57:25)[0]-- TIME:20081017-145725

[646](14:57:26)[1]-- TIME:20081017-145726

[647](14:57:27)[2]-- TIME:20081017-145727

[648](14:57:28)[3]-- TIME:20081017-145728

[649](14:57:28)192.168.1.107: Timeout
[650](14:57:28)192.168.1.111: Timeout
[651](14:57:28)ALARM: Data Titik 104 (Ac) tinggi (0xF)
[652](14:57:28)192.168.1.113: Timeout
[653](14:57:29)[0]-- TIME:20081017-145729

[654](14:57:30)[1]-- TIME:20081017-145730

[655](14:57:31)[2]-- TIME:20081017-145731

[656](14:57:32)[3]-- TIME:20081017-145732

[657](14:57:32)192.168.1.111: Timeout
[658](14:57:32)ALARM: Data Titik 104 (Ac) tinggi (0xF)
[659](14:57:32)192.168.1.113: Timeout
[660](14:57:33)[0]-- TIME:20081017-145733

[661](14:57:34)[1]-- TIME:20081017-145734

[662](14:57:35)[2]-- TIME:20081017-145735

[663](14:57:36)[3]-- TIME:20081017-145736

[664](14:57:36)192.168.1.111: Timeout
[665](14:57:36)ALARM: Data Titik 104 (Ac) tinggi (0xF)
[666](14:57:36)192.168.1.113: Timeout
[667](14:57:37)[0]-- TIME:20081017-145737

[668](14:57:38)[1]-- TIME:20081017-145738

[669](14:57:39)[2]-- TIME:20081017-145739

[670](14:57:40)[3]-- TIME:20081017-145740

[671](14:57:40)192.168.1.111: Timeout
[672](14:57:40)ALARM: Data Titik 104 (Ac) tinggi (0xF)
[673](14:57:40)192.168.1.113: Timeout
[674](14:57:41)[0]-- TIME:20081017-145741

[675](14:57:42)[1]-- TIME:20081017-145742

[676](14:57:43)[2]-- TIME:20081017-145743

[677](14:57:44)[3]-- TIME:20081017-145744

[678](14:57:44)192.168.1.111: Timeout
[679](14:57:44)ALARM: Data Titik 104 (Ac) tinggi (0xF)
[680](14:57:44)192.168.1.113: Timeout
[681](14:57:45)[0]-- TIME:20081017-145745

[682](14:57:46)[1]-- TIME:20081017-145746

[683](14:57:47)[2]-- TIME:20081017-145747

[684](14:57:48)[3]-- TIME:20081017-145748

[685](14:57:48)192.168.1.111: Timeout
[686](14:57:48)ALARM: Data Titik 104 (Ac) tinggi (0xF)
[687](14:57:48)192.168.1.113: Timeout
[688](14:57:49)[0]-- TIME:20081017-145749

[689](14:57:50)[1]-- TIME:20081017-145750

[690](14:57:51)[2]-- TIME:20081017-145751

[691](14:57:52)[3]-- TIME:20081017-145752

[692](14:57:52)192.168.1.111: Timeout
[693](14:57:52)ALARM: Data Titik 104 (Ac) tinggi (0xF)
[694](14:57:52)192.168.1.113: Timeout
[695](14:57:53)[0]-- TIME:20081017-145753

[696](14:57:54)[1]-- TIME:20081017-145754

[697](14:57:55)[2]-- TIME:20081017-145755

[698](14:57:56)[3]-- TIME:20081017-145756

[699](14:57:56)192.168.1.111: Timeout
[700](14:57:56)ALARM: Data Titik 104 (Ac) tinggi (0xF)
[701](14:57:56)192.168.1.113: Timeout
[702](14:57:57)[0]-- TIME:20081017-145757

[703](14:57:58)[1]-- TIME:20081017-145758

[704](14:57:59)[2]-- TIME:20081017-145759

[705](14:58:00)[3]-- TIME:20081017-145800

[706](14:58:00)192.168.1.111: Timeout
[707](14:58:00)ALARM: Data Titik 104 (Ac) tinggi (0xF)
[708](14:58:00)192.168.1.113: Timeout
[709](14:58:01)[0]-- TIME:20081017-145801

[710](14:58:02)[1]-- TIME:20081017-145802

[711](14:58:03)[2]-- TIME:20081017-145803

[712](14:58:04)[3]-- TIME:20081017-145804

[713](14:58:04)192.168.1.111: Timeout
[714](14:58:04)ALARM: Data Titik 104 (Ac) tinggi (0xF)
[715](14:58:04)192.168.1.113: Timeout
[716](14:58:05)[0]-- TIME:20081017-145805

[717](14:58:06)[1]-- TIME:20081017-145806

[718](14:58:07)[2]-- TIME:20081017-145807

[719](14:58:08)[3]-- TIME:20081017-145808

[720](14:58:08)192.168.1.111: Timeout
[721](14:58:08)ALARM: Data Titik 104 (Ac) tinggi (0xF)
[722](14:58:08)192.168.1.113: Timeout
[723](14:58:09)[0]-- TIME:20081017-145809

[724](14:58:10)[1]-- TIME:20081017-145810

[725](14:58:11)[2]-- TIME:20081017-145811

[726](14:58:12)[3]-- TIME:20081017-145812

[727](14:58:12)192.168.1.111: Timeout
[728](14:58:12)ALARM: Data Titik 104 (Ac) tinggi (0xF)
[729](14:58:12)192.168.1.113: Timeout
[730](14:58:13)[0]-- TIME:20081017-145813

[731](14:58:14)[1]-- TIME:20081017-145814

[732](14:58:15)[2]-- TIME:20081017-145815

[733](14:58:16)[3]-- TIME:20081017-145816

[734](14:58:16)192.168.1.111: Timeout
[735](14:58:16)ALARM: Data Titik 104 (Ac) tinggi (0xF)
[736](14:58:16)192.168.1.113: Timeout
[737](14:58:17)[0]-- TIME:20081017-145817

[738](14:58:18)[1]-- TIME:20081017-145818

[739](14:58:19)[2]-- TIME:20081017-145819

[740](14:58:20)[3]-- TIME:20081017-145820

[741](14:58:20)192.168.1.123: Timeout
[742](14:58:20)192.168.1.111: Timeout
[743](14:58:20)ALARM: Data Titik 104 (Ac) tinggi (0xF)
[744](14:58:20)192.168.1.113: Timeout
[745](14:58:21)[0]-- TIME:20081017-145821

[746](14:58:22)[1]-- TIME:20081017-145822

[747](14:58:23)[2]-- TIME:20081017-145823

[748](14:58:24)[3]-- TIME:20081017-145824

[749](14:58:24)192.168.1.111: Timeout
[750](14:58:24)ALARM: Data Titik 104 (Ac) tinggi (0xF)
[751](14:58:24)192.168.1.113: Timeout
[752](14:58:25)[0]-- TIME:20081017-145825

[753](14:58:26)[1]-- TIME:20081017-145826

[754](14:58:27)[2]-- TIME:20081017-145827

[755](14:58:28)[3]-- TIME:20081017-145828

[756](14:58:28)192.168.1.111: Timeout
[757](14:58:28)ALARM: Data Titik 104 (Ac) tinggi (0xF)
[758](14:58:28)192.168.1.113: Timeout
[759](14:58:29)[0]-- TIME:20081017-145829

[760](14:58:30)[1]-- TIME:20081017-145830

[761](14:58:31)[2]-- TIME:20081017-145831

[762](14:58:32)[3]-- TIME:20081017-145832

[763](14:58:32)192.168.1.111: Timeout
[764](14:58:32)ALARM: Data Titik 104 (Ac) tinggi (0xF)
[765](14:58:32)192.168.1.113: Timeout
[766](14:58:33)[0]-- TIME:20081017-145833

[767](14:58:34)[1]-- TIME:20081017-145834

[768](14:58:35)[2]-- TIME:20081017-145835

[769](14:58:36)[3]-- TIME:20081017-145836

[770](14:58:36)192.168.1.111: Timeout
[771](14:58:36)ALARM: Data Titik 104 (Ac) tinggi (0xF)
[772](14:58:36)192.168.1.113: Timeout
[773](14:58:36)192.168.1.26: Timeout
[774](14:58:37)[0]-- TIME:20081017-145837

[775](14:58:38)[1]-- TIME:20081017-145838

[776](14:58:39)[2]-- TIME:20081017-145839

[777](14:58:40)[3]-- TIME:20081017-145840

[778](14:58:40)192.168.1.111: Timeout
[779](14:58:40)ALARM: Data Titik 104 (Ac) tinggi (0xF)
[780](14:58:40)192.168.1.113: Timeout
[781](14:58:41)[0]-- TIME:20081017-145841

[782](14:58:42)[1]-- TIME:20081017-145842

[783](14:58:43)[2]-- TIME:20081017-145843

[784](14:58:44)[3]-- TIME:20081017-145844

[785](14:58:44)192.168.1.111: Timeout
[786](14:58:44)ALARM: Data Titik 104 (Ac) tinggi (0xF)
[787](14:58:44)192.168.1.113: Timeout
[788](14:58:45)[0]-- TIME:20081017-145845

[789](14:58:46)[1]-- TIME:20081017-145846

[790](14:58:47)[2]-- TIME:20081017-145847

[791](14:58:48)[3]-- TIME:20081017-145848

[792](14:58:48)192.168.1.111: Timeout
[793](14:58:48)ALARM: Data Titik 104 (Ac) tinggi (0xF)
[794](14:58:48)192.168.1.113: Timeout
[795](14:58:49)[0]-- TIME:20081017-145849

[796](14:58:50)[1]-- TIME:20081017-145850

[797](14:58:51)[2]-- TIME:20081017-145851

[798](14:58:52)[3]-- TIME:20081017-145852

[799](14:58:52)192.168.1.111: Timeout
[800](14:58:52)ALARM: Data Titik 104 (Ac) tinggi (0xF)
[801](14:58:52)192.168.1.113: Timeout
[802](14:58:53)[0]-- TIME:20081017-145853

[803](14:58:54)[1]-- TIME:20081017-145854

[804](14:58:55)[2]-- TIME:20081017-145855

[805](14:58:56)[3]-- TIME:20081017-145856

[806](14:58:56)192.168.1.111: Timeout
[807](14:58:56)ALARM: Data Titik 104 (Ac) tinggi (0xF)
[808](14:58:56)192.168.1.113: Timeout
[809](14:58:57)[0]-- TIME:20081017-145857

[810](14:58:58)[1]-- TIME:20081017-145858

[811](14:58:59)[2]-- TIME:20081017-145859

[812](14:59:00)[3]-- TIME:20081017-145900

[813](14:59:00)192.168.1.111: Timeout
[814](14:59:00)ALARM: Data Titik 104 (Ac) tinggi (0xF)
[815](14:59:00)192.168.1.113: Timeout
[816](14:59:01)[0]-- TIME:20081017-145901

[817](14:59:02)[1]-- TIME:20081017-145902

[818](14:59:03)[2]-- TIME:20081017-145903

[819](14:59:04)[3]-- TIME:20081017-145904

[820](14:59:04)192.168.1.111: Timeout
[821](14:59:04)ALARM: Data Titik 104 (Ac) tinggi (0xF)
[822](14:59:04)192.168.1.113: Timeout
[823](14:59:05)[0]-- TIME:20081017-145905

[824](14:59:06)[1]-- TIME:20081017-145906

[825](14:59:07)[2]-- TIME:20081017-145907

[826](14:59:08)[3]-- TIME:20081017-145908

[827](14:59:08)192.168.1.111: Timeout
[828](14:59:08)ALARM: Data Titik 104 (Ac) tinggi (0xF)
[829](14:59:08)192.168.1.113: Timeout
[830](14:59:09)[0]-- TIME:20081017-145909

[831](14:59:10)[1]-- TIME:20081017-145910

[832](14:59:11)[2]-- TIME:20081017-145911

[833](14:59:12)[3]-- TIME:20081017-145912

[834](14:59:12)192.168.1.111: Timeout
[835](14:59:12)ALARM: Data Titik 104 (Ac) tinggi (0xF)
[836](14:59:12)192.168.1.113: Timeout
[837](14:59:13)[0]-- TIME:20081017-145913

[838](14:59:14)[1]-- TIME:20081017-145914

[839](14:59:15)[2]-- TIME:20081017-145915

[840](14:59:16)[3]-- TIME:20081017-145916

[841](14:59:16)192.168.1.111: Timeout
[842](14:59:16)ALARM: Data Titik 104 (Ac) tinggi (0xF)
[843](14:59:16)192.168.1.113: Timeout
[844](14:59:17)[0]-- TIME:20081017-145917

[845](14:59:18)[1]-- TIME:20081017-145918

[846](14:59:19)[2]-- TIME:20081017-145919

[847](14:59:20)[3]-- TIME:20081017-145920

[848](14:59:20)192.168.1.111: Timeout
[849](14:59:20)ALARM: Data Titik 104 (Ac) tinggi (0xF)
[850](14:59:20)192.168.1.113: Timeout
[851](14:59:21)[0]-- TIME:20081017-145921

[852](14:59:22)[1]-- TIME:20081017-145922

[853](14:59:23)[2]-- TIME:20081017-145923

[854](14:59:24)[3]-- TIME:20081017-145924

[855](14:59:24)192.168.1.111: Timeout
[856](14:59:24)ALARM: Data Titik 104 (Ac) tinggi (0xF)
[857](14:59:24)192.168.1.113: Timeout
[858](14:59:25)[0]-- TIME:20081017-145925

[859](14:59:26)[1]-- TIME:20081017-145926

[860](14:59:27)[2]-- TIME:20081017-145927

[861](14:59:28)[3]-- TIME:20081017-145928

[862](14:59:28)192.168.1.111: Timeout
[863](14:59:28)ALARM: Data Titik 104 (Ac) tinggi (0xF)
[864](14:59:28)192.168.1.113: Timeout
[865](14:59:29)[0]-- TIME:20081017-145929

[866](14:59:30)[1]-- TIME:20081017-145930

[867](14:59:31)[2]-- TIME:20081017-145931

[868](14:59:32)[3]-- TIME:20081017-145932

[869](14:59:32)192.168.1.111: Timeout
[870](14:59:32)ALARM: Data Titik 104 (Ac) tinggi (0xF)
[871](14:59:32)192.168.1.113: Timeout
[872](14:59:33)[0]-- TIME:20081017-145933

[873](14:59:34)[1]-- TIME:20081017-145934

[874](14:59:35)[2]-- TIME:20081017-145935

[875](14:59:36)[3]-- TIME:20081017-145936

[876](14:59:36)192.168.1.111: Timeout
[877](14:59:36)ALARM: Data Titik 104 (Ac) tinggi (0xF)
[878](14:59:36)192.168.1.113: Timeout
[879](14:59:37)[0]-- TIME:20081017-145937

[880](14:59:38)[1]-- TIME:20081017-145938

[881](14:59:39)[2]-- TIME:20081017-145939

[882](14:59:40)[3]-- TIME:20081017-145940

[883](14:59:40)192.168.1.111: Timeout
[884](14:59:40)ALARM: Data Titik 104 (Ac) tinggi (0xF)
[885](14:59:40)192.168.1.113: Timeout
[886](14:59:41)[0]-- TIME:20081017-145941

[887](14:59:42)[1]-- TIME:20081017-145942

[888](14:59:43)[2]-- TIME:20081017-145943

[889](14:59:44)[3]-- TIME:20081017-145944

[890](14:59:44)192.168.1.107: Timeout
[891](14:59:44)192.168.1.111: Timeout
[892](14:59:44)ALARM: Data Titik 104 (Ac) tinggi (0xF)
[893](14:59:44)192.168.1.113: Timeout
[894](14:59:44)192.168.1.26: Timeout
[895](14:59:45)[0]-- TIME:20081017-145945

[896](14:59:46)[1]-- TIME:20081017-145946

[897](14:59:47)[2]-- TIME:20081017-145947

[898](14:59:48)[3]-- TIME:20081017-145948

[899](14:59:48)192.168.1.111: Timeout
[900](14:59:48)ALARM: Data Titik 104 (Ac) tinggi (0xF)
[901](14:59:48)192.168.1.113: Timeout
[902](14:59:49)[0]-- TIME:20081017-145949

[903](14:59:50)[1]-- TIME:20081017-145950

[904](14:59:51)[2]-- TIME:20081017-145951

[905](14:59:52)[3]-- TIME:20081017-145952

[906](14:59:52)192.168.1.111: Timeout
[907](14:59:52)ALARM: Data Titik 104 (Ac) tinggi (0xF)
[908](14:59:52)192.168.1.113: Timeout
[909](14:59:53)[0]-- TIME:20081017-145953

[910](14:59:54)[1]-- TIME:20081017-145954

[911](14:59:55)[2]-- TIME:20081017-145955

[912](14:59:56)[3]-- TIME:20081017-145956

[913](14:59:56)192.168.1.109: Timeout
[914](14:59:56)192.168.1.111: Timeout
[915](14:59:56)ALARM: Data Titik 104 (Ac) tinggi (0xF)
[916](14:59:56)192.168.1.113: Timeout
[917](14:59:57)[0]-- TIME:20081017-145957

[918](14:59:58)[1]-- TIME:20081017-145958

[919](14:59:59)[2]-- TIME:20081017-145959

[920](15:00:00)[3]-- TIME:20081017-150000

[921](15:00:00)192.168.1.111: Timeout
[922](15:00:00)ALARM: Data Titik 104 (Ac) tinggi (0xF)
[923](15:00:00)192.168.1.113: Timeout
[924](15:00:01)[0]-- TIME:20081017-150001

[925](15:00:02)[1]-- TIME:20081017-150002

[926](15:00:03)[2]-- TIME:20081017-150003

[927](15:00:04)[3]-- TIME:20081017-150004

[928](15:00:04)192.168.1.111: Timeout
[929](15:00:04)ALARM: Data Titik 104 (Ac) tinggi (0xF)
[930](15:00:04)192.168.1.113: Timeout
[931](15:00:05)[0]-- TIME:20081017-150005

[932](15:00:06)[1]-- TIME:20081017-150006

[933](15:00:07)[2]-- TIME:20081017-150007

[934](15:00:08)[3]-- TIME:20081017-150008

[935](15:00:08)192.168.1.111: Timeout
[936](15:00:08)ALARM: Data Titik 104 (Ac) tinggi (0xF)
[937](15:00:08)192.168.1.113: Timeout
[938](15:00:09)[0]-- TIME:20081017-150009

[939](15:00:10)[1]-- TIME:20081017-150010

[940](15:00:11)[2]-- TIME:20081017-150011

[941](15:00:12)[3]-- TIME:20081017-150012

[942](15:00:12)192.168.1.107: Timeout
[943](15:00:12)192.168.1.111: Timeout
[944](15:00:12)ALARM: Data Titik 104 (Ac) tinggi (0xF)
[945](15:00:12)192.168.1.113: Timeout
[946](15:00:13)[0]-- TIME:20081017-150013

[947](15:00:14)[1]-- TIME:20081017-150014

[948](15:00:15)[2]-- TIME:20081017-150015

[949](15:00:16)[3]-- TIME:20081017-150016

[950](15:00:16)192.168.1.111: Timeout
[951](15:00:16)ALARM: Data Titik 104 (Ac) tinggi (0xF)
[952](15:00:16)192.168.1.113: Timeout
[953](15:00:16)192.168.1.26: Timeout
[954](15:00:17)[0]-- TIME:20081017-150017

[955](15:00:18)[1]-- TIME:20081017-150018

[956](15:00:19)[2]-- TIME:20081017-150019

[957](15:00:20)[3]-- TIME:20081017-150020

[958](15:00:20)192.168.1.111: Timeout
[959](15:00:20)ALARM: Data Titik 104 (Ac) tinggi (0xF)
[960](15:00:20)192.168.1.113: Timeout
[961](15:00:21)[0]-- TIME:20081017-150021

[962](15:00:22)[1]-- TIME:20081017-150022

[963](15:00:23)[2]-- TIME:20081017-150023

[964](15:00:24)[3]-- TIME:20081017-150024

[965](15:00:24)192.168.1.111: Timeout
[966](15:00:24)ALARM: Data Titik 104 (Ac) tinggi (0xF)
[967](15:00:24)192.168.1.113: Timeout
[968](15:00:25)[0]-- TIME:20081017-150025

[969](15:00:26)[1]-- TIME:20081017-150026

[970](15:00:27)[2]-- TIME:20081017-150027

[971](15:00:28)[3]-- TIME:20081017-150028

[972](15:00:28)192.168.1.111: Timeout
[973](15:00:28)ALARM: Data Titik 104 (Ac) tinggi (0xF)
[974](15:00:28)192.168.1.113: Timeout
[975](15:00:29)[0]-- TIME:20081017-150029

[976](15:00:30)[1]-- TIME:20081017-150030

[977](15:00:31)[2]-- TIME:20081017-150031

[978](15:00:32)[3]-- TIME:20081017-150032

[979](15:00:32)192.168.1.109: Timeout
[980](15:00:32)192.168.1.111: Timeout
[981](15:00:32)ALARM: Data Titik 104 (Ac) tinggi (0xF)
[982](15:00:32)192.168.1.113: Timeout
[983](15:00:32)192.168.1.26: Timeout
[984](15:00:33)[0]-- TIME:20081017-150033

[985](15:00:34)[1]-- TIME:20081017-150034

[986](15:00:35)[2]-- TIME:20081017-150035

[987](15:00:36)[3]-- TIME:20081017-150036

[988](15:00:36)192.168.1.111: Timeout
[989](15:00:36)ALARM: Data Titik 104 (Ac) tinggi (0xF)
[990](15:00:36)192.168.1.113: Timeout
[991](15:00:37)[0]-- TIME:20081017-150037

[992](15:00:38)[1]-- TIME:20081017-150038

[993](15:00:39)[2]-- TIME:20081017-150039

[994](15:00:40)[3]-- TIME:20081017-150040

[995](15:00:40)192.168.1.111: Timeout
[996](15:00:40)ALARM: Data Titik 104 (Ac) tinggi (0xF)
[997](15:00:40)192.168.1.113: Timeout
[998](15:00:41)[0]-- TIME:20081017-150041

[999](15:00:42)[1]-- TIME:20081017-150042

[1000](15:00:43)[2]-- TIME:20081017-150043
