
[0](13:02:15)======== MONITA APP STARTING ===========
[1](13:02:15)Load file konfigurasi
[2](13:02:15)Baca konfig
[3](13:02:15)Baca konfig: OK
[4](13:02:20)Mulai logging data
[5](13:02:21)[0]-- TIME:20081117-130221

[6](13:02:22)[1]-- TIME:20081117-130222

[7](13:02:23)[2]-- TIME:20081117-130223

[8](13:02:24)[3]-- TIME:20081117-130224

[9](13:02:33)[0]-- TIME:20081117-130233

[10](13:02:34)[1]-- TIME:20081117-130234

[11](13:02:35)[2]-- TIME:20081117-130235

[12](13:02:36)[3]-- TIME:20081117-130236

[13](13:02:36)Stop logging data
[14](13:02:37)[2]-- TIME:20081117-130237

[15](13:02:58)Mulai logging data
[16](13:02:59)[0]-- TIME:20081117-130259

[17](13:03:00)[1]-- TIME:20081117-130300

[18](13:03:01)[2]-- TIME:20081117-130301

[19](13:03:02)[3]-- TIME:20081117-130302

[20](13:03:03)[0]-- TIME:20081117-130303

[21](13:03:03)Stop logging data
[22](13:03:04)[2]-- TIME:20081117-130304
