
[0](12:31:53)======== MONITA APP STARTING ===========
[1](12:31:53)Load file konfigurasi
[2](12:31:53)Baca konfig
[3](12:31:53)Baca konfig: OK
[4](12:32:04)Mulai logging data
[5](12:32:06)[0]-- TIME:20081118-123206

[6](12:32:07)[1]-- TIME:20081118-123207

[7](12:32:08)[2]-- TIME:20081118-123208

[8](12:32:09)[3]-- TIME:20081118-123209

[9](12:32:17)[0]-- TIME:20081118-123217

[10](12:32:18)[1]-- TIME:20081118-123218

[11](12:32:19)[2]-- TIME:20081118-123219

[12](12:32:20)[3]-- TIME:20081118-123220

[13](12:32:21)[0]-- TIME:20081118-123221

[14](12:32:22)[1]-- TIME:20081118-123222

[15](12:32:23)[2]-- TIME:20081118-123223

[16](12:32:24)Stop logging data
[17](12:32:24)[2]-- TIME:20081118-123224

[18](12:38:15)Mulai logging data
[19](12:38:17)[0]-- TIME:20081118-123817

[20](12:38:18)[1]-- TIME:20081118-123818

[21](12:38:19)[2]-- TIME:20081118-123819

[22](12:38:19)Stop logging data
[23](12:38:20)[2]-- TIME:20081118-123820
