
[0](16:10:53)======== MONITA APP STARTING ===========
[1](16:10:53)Load file konfigurasi
[2](16:10:53)Baca konfig
[3](16:10:53)Baca konfig: OK
[4](16:10:54)Mulai logging data
[5](16:10:56)[0]-- TIME:20081017-161056

[6](16:10:57)[1]-- TIME:20081017-161057

[7](16:10:58)[2]-- TIME:20081017-161058

[8](16:10:59)[3]-- TIME:20081017-161059

[9](16:10:59)192.168.1.111: Timeout
[10](16:10:59)ALARM: Data Titik 104 (Ac) tinggi (0xF)
[11](16:10:59)192.168.1.113: Timeout
[12](16:11:03)[0]-- TIME:20081017-161103

[13](16:11:04)[1]-- TIME:20081017-161104

[14](16:11:05)[2]-- TIME:20081017-161105

[15](16:11:06)[3]-- TIME:20081017-161106

[16](16:11:06)192.168.1.108: Timeout
[17](16:11:06)192.168.1.111: Timeout
[18](16:11:06)ALARM: Data Titik 104 (Ac) tinggi (0xF)
[19](16:11:06)192.168.1.113: Timeout
[20](16:11:07)[0]-- TIME:20081017-161107

[21](16:11:08)[1]-- TIME:20081017-161108

[22](16:11:09)[2]-- TIME:20081017-161109

[23](16:11:10)[3]-- TIME:20081017-161110

[24](16:11:10)192.168.1.111: Timeout
[25](16:11:10)ALARM: Data Titik 104 (Ac) tinggi (0xF)
[26](16:11:10)192.168.1.113: Timeout
[27](16:11:11)[0]-- TIME:20081017-161111

[28](16:11:12)[1]-- TIME:20081017-161112

[29](16:11:13)[2]-- TIME:20081017-161113

[30](16:11:14)[3]-- TIME:20081017-161114

[31](16:11:14)192.168.1.111: Timeout
[32](16:11:14)ALARM: Data Titik 104 (Ac) tinggi (0xF)
[33](16:11:14)192.168.1.113: Timeout
[34](16:11:15)[0]-- TIME:20081017-161115

[35](16:11:16)[1]-- TIME:20081017-161116

[36](16:11:17)[2]-- TIME:20081017-161117

[37](16:11:18)[3]-- TIME:20081017-161118

[38](16:11:18)192.168.1.111: Timeout
[39](16:11:18)ALARM: Data Titik 104 (Ac) tinggi (0xF)
[40](16:11:18)192.168.1.113: Timeout
[41](16:11:19)[0]-- TIME:20081017-161119

[42](16:11:20)[1]-- TIME:20081017-161120

[43](16:11:21)[2]-- TIME:20081017-161121

[44](16:11:22)[3]-- TIME:20081017-161122

[45](16:11:22)192.168.1.111: Timeout
[46](16:11:22)ALARM: Data Titik 104 (Ac) tinggi (0xF)
[47](16:11:22)192.168.1.113: Timeout
[48](16:11:23)[0]-- TIME:20081017-161123

[49](16:11:24)[1]-- TIME:20081017-161124

[50](16:11:25)[2]-- TIME:20081017-161125

[51](16:11:26)[3]-- TIME:20081017-161126

[52](16:11:26)192.168.1.111: Timeout
[53](16:11:26)ALARM: Data Titik 104 (Ac) tinggi (0xF)
[54](16:11:26)192.168.1.113: Timeout
[55](16:11:26)192.168.1.26: Timeout
[56](16:11:27)[0]-- TIME:20081017-161127

[57](16:11:28)[1]-- TIME:20081017-161128

[58](16:11:29)[2]-- TIME:20081017-161129

[59](16:11:30)[3]-- TIME:20081017-161130

[60](16:11:30)ALARM: Data Titik 104 (Ac) tinggi (0xF)
[61](16:11:30)192.168.1.113: Timeout
[62](16:11:31)[0]-- TIME:20081017-161131

[63](16:11:32)[1]-- TIME:20081017-161132

[64](16:11:33)[2]-- TIME:20081017-161133

[65](16:11:34)[3]-- TIME:20081017-161134

[66](16:11:34)ALARM: Data Titik 104 (Ac) tinggi (0xF)
[67](16:11:34)192.168.1.113: Timeout
[68](16:11:35)[0]-- TIME:20081017-161135

[69](16:11:36)[1]-- TIME:20081017-161136

[70](16:11:37)[2]-- TIME:20081017-161137

[71](16:11:38)[3]-- TIME:20081017-161138

[72](16:11:38)192.168.1.107: Timeout
[73](16:11:38)ALARM: Data Titik 104 (Ac) tinggi (0xF)
[74](16:11:38)192.168.1.113: Timeout
[75](16:11:39)[0]-- TIME:20081017-161139

[76](16:11:40)[1]-- TIME:20081017-161140

[77](16:11:41)[2]-- TIME:20081017-161141

[78](16:11:42)[3]-- TIME:20081017-161142

[79](16:11:42)192.168.1.111: Timeout
[80](16:11:42)ALARM: Data Titik 104 (Ac) tinggi (0xF)
[81](16:11:42)192.168.1.113: Timeout
[82](16:11:43)[0]-- TIME:20081017-161143

[83](16:11:44)[1]-- TIME:20081017-161144

[84](16:11:45)[2]-- TIME:20081017-161145

[85](16:11:46)[3]-- TIME:20081017-161146

[86](16:11:46)192.168.1.111: Timeout
[87](16:11:46)ALARM: Data Titik 104 (Ac) tinggi (0xF)
[88](16:11:46)192.168.1.113: Timeout
[89](16:11:47)[0]-- TIME:20081017-161147

[90](16:11:48)[1]-- TIME:20081017-161148

[91](16:11:49)[2]-- TIME:20081017-161149

[92](16:11:50)[3]-- TIME:20081017-161150

[93](16:11:50)192.168.1.111: Timeout
[94](16:11:50)ALARM: Data Titik 104 (Ac) tinggi (0xF)
[95](16:11:50)192.168.1.113: Timeout
[96](16:11:51)[0]-- TIME:20081017-161151

[97](16:11:52)[1]-- TIME:20081017-161152

[98](16:11:53)[2]-- TIME:20081017-161153

[99](16:11:54)[3]-- TIME:20081017-161154

[100](16:11:54)192.168.1.111: Timeout
[101](16:11:54)ALARM: Data Titik 104 (Ac) tinggi (0xF)
[102](16:11:54)192.168.1.113: Timeout
[103](16:11:55)[0]-- TIME:20081017-161155

[104](16:11:56)[1]-- TIME:20081017-161156

[105](16:11:57)[2]-- TIME:20081017-161157

[106](16:11:58)[3]-- TIME:20081017-161158

[107](16:11:58)192.168.1.111: Timeout
[108](16:11:58)ALARM: Data Titik 104 (Ac) tinggi (0xF)
[109](16:11:59)[0]-- TIME:20081017-161159

[110](16:12:00)[1]-- TIME:20081017-161200

[111](16:12:01)[2]-- TIME:20081017-161201

[112](16:12:02)[3]-- TIME:20081017-161202

[113](16:12:02)192.168.1.111: Timeout
[114](16:12:02)ALARM: Data Titik 104 (Ac) tinggi (0xF)
[115](16:12:03)[0]-- TIME:20081017-161203

[116](16:12:04)[1]-- TIME:20081017-161204

[117](16:12:05)[2]-- TIME:20081017-161205

[118](16:12:06)[3]-- TIME:20081017-161206

[119](16:12:06)192.168.1.111: Timeout
[120](16:12:06)ALARM: Data Titik 104 (Ac) tinggi (0xF)
[121](16:12:06)192.168.1.113: Timeout
[122](16:12:07)[0]-- TIME:20081017-161207

[123](16:12:08)[1]-- TIME:20081017-161208

[124](16:12:09)[2]-- TIME:20081017-161209

[125](16:12:10)[3]-- TIME:20081017-161210

[126](16:12:10)192.168.1.111: Timeout
[127](16:12:10)ALARM: Data Titik 104 (Ac) tinggi (0xF)
[128](16:12:11)[0]-- TIME:20081017-161211

[129](16:12:12)[1]-- TIME:20081017-161212

[130](16:12:13)[2]-- TIME:20081017-161213

[131](16:12:14)[3]-- TIME:20081017-161214

[132](16:12:14)192.168.1.111: Timeout
[133](16:12:14)ALARM: Data Titik 104 (Ac) tinggi (0xF)
[134](16:12:15)[0]-- TIME:20081017-161215

[135](16:12:16)[1]-- TIME:20081017-161216

[136](16:12:17)[2]-- TIME:20081017-161217

[137](16:12:18)[3]-- TIME:20081017-161218

[138](16:12:18)192.168.1.111: Timeout
[139](16:12:18)ALARM: Data Titik 104 (Ac) tinggi (0xF)
[140](16:12:18)192.168.1.113: Timeout
[141](16:12:19)[0]-- TIME:20081017-161219

[142](16:12:20)[1]-- TIME:20081017-161220

[143](16:12:21)[2]-- TIME:20081017-161221

[144](16:12:22)[3]-- TIME:20081017-161222

[145](16:12:22)192.168.1.111: Timeout
[146](16:12:22)ALARM: Data Titik 104 (Ac) tinggi (0xF)
[147](16:12:22)192.168.1.113: Timeout
[148](16:12:23)[0]-- TIME:20081017-161223

[149](16:12:24)[1]-- TIME:20081017-161224

[150](16:12:25)[2]-- TIME:20081017-161225

[151](16:12:26)[3]-- TIME:20081017-161226

[152](16:12:26)192.168.1.111: Timeout
[153](16:12:26)ALARM: Data Titik 104 (Ac) tinggi (0xF)
[154](16:12:26)192.168.1.113: Timeout
[155](16:12:27)[0]-- TIME:20081017-161227

[156](16:12:28)[1]-- TIME:20081017-161228

[157](16:12:29)[2]-- TIME:20081017-161229

[158](16:12:30)[3]-- TIME:20081017-161230

[159](16:12:31)192.168.1.111: Timeout
[160](16:12:31)ALARM: Data Titik 104 (Ac) tinggi (0xF)
[161](16:12:31)192.168.1.113: Timeout
[162](16:12:31)[0]-- TIME:20081017-161231

[163](16:12:32)[1]-- TIME:20081017-161232

[164](16:12:33)[2]-- TIME:20081017-161233

[165](16:12:34)[3]-- TIME:20081017-161234

[166](16:12:34)192.168.1.111: Timeout
[167](16:12:34)ALARM: Data Titik 104 (Ac) tinggi (0xF)
[168](16:12:34)192.168.1.113: Timeout
[169](16:12:35)[0]-- TIME:20081017-161235

[170](16:12:36)[1]-- TIME:20081017-161236

[171](16:12:37)[2]-- TIME:20081017-161237

[172](16:12:38)[3]-- TIME:20081017-161238

[173](16:12:38)192.168.1.111: Timeout
[174](16:12:38)ALARM: Data Titik 104 (Ac) tinggi (0xF)
[175](16:12:38)192.168.1.113: Timeout
[176](16:12:39)[0]-- TIME:20081017-161239

[177](16:12:40)[1]-- TIME:20081017-161240

[178](16:12:41)[2]-- TIME:20081017-161241

[179](16:12:42)[3]-- TIME:20081017-161242

[180](16:12:42)192.168.1.111: Timeout
[181](16:12:42)ALARM: Data Titik 104 (Ac) tinggi (0xF)
[182](16:12:42)192.168.1.113: Timeout
[183](16:12:43)[0]-- TIME:20081017-161243

[184](16:12:44)[1]-- TIME:20081017-161244

[185](16:12:45)[2]-- TIME:20081017-161245

[186](16:12:46)[3]-- TIME:20081017-161246

[187](16:12:46)192.168.1.111: Timeout
[188](16:12:46)ALARM: Data Titik 104 (Ac) tinggi (0xF)
[189](16:12:46)192.168.1.113: Timeout
[190](16:12:47)[0]-- TIME:20081017-161247

[191](16:12:48)[1]-- TIME:20081017-161248

[192](16:12:49)[2]-- TIME:20081017-161249

[193](16:12:50)[3]-- TIME:20081017-161250

[194](16:12:50)192.168.1.111: Timeout
[195](16:12:50)ALARM: Data Titik 104 (Ac) tinggi (0xF)
[196](16:12:50)192.168.1.113: Timeout
[197](16:12:51)[0]-- TIME:20081017-161251

[198](16:12:52)[1]-- TIME:20081017-161252

[199](16:12:53)[2]-- TIME:20081017-161253

[200](16:12:54)[3]-- TIME:20081017-161254

[201](16:12:54)192.168.1.111: Timeout
[202](16:12:54)ALARM: Data Titik 104 (Ac) tinggi (0xF)
[203](16:12:54)192.168.1.113: Timeout
[204](16:12:55)[0]-- TIME:20081017-161255

[205](16:12:56)[1]-- TIME:20081017-161256

[206](16:12:57)[2]-- TIME:20081017-161257

[207](16:12:58)[3]-- TIME:20081017-161258

[208](16:12:58)192.168.1.111: Timeout
[209](16:12:58)ALARM: Data Titik 104 (Ac) tinggi (0xF)
[210](16:12:58)192.168.1.113: Timeout
[211](16:12:59)[0]-- TIME:20081017-161259

[212](16:13:00)[1]-- TIME:20081017-161300

[213](16:13:01)[2]-- TIME:20081017-161301

[214](16:13:02)[3]-- TIME:20081017-161302

[215](16:13:02)192.168.1.111: Timeout
[216](16:13:02)ALARM: Data Titik 104 (Ac) tinggi (0xF)
[217](16:13:03)192.168.1.113: Timeout
[218](16:13:03)[0]-- TIME:20081017-161303

[219](16:13:04)[1]-- TIME:20081017-161304

[220](16:13:05)[2]-- TIME:20081017-161305

[221](16:13:06)[3]-- TIME:20081017-161306

[222](16:13:06)192.168.1.111: Timeout
[223](16:13:06)ALARM: Data Titik 104 (Ac) tinggi (0xF)
[224](16:13:06)192.168.1.113: Timeout
[225](16:13:07)[0]-- TIME:20081017-161307

[226](16:13:08)[1]-- TIME:20081017-161308

[227](16:13:09)[2]-- TIME:20081017-161309

[228](16:13:10)[3]-- TIME:20081017-161310

[229](16:13:10)192.168.1.111: Timeout
[230](16:13:10)ALARM: Data Titik 104 (Ac) tinggi (0xF)
[231](16:13:10)192.168.1.113: Timeout
[232](16:13:11)[0]-- TIME:20081017-161311

[233](16:13:12)[1]-- TIME:20081017-161312

[234](16:13:13)[2]-- TIME:20081017-161313

[235](16:13:14)[3]-- TIME:20081017-161314

[236](16:13:14)192.168.1.111: Timeout
[237](16:13:14)ALARM: Data Titik 104 (Ac) tinggi (0xF)
[238](16:13:14)192.168.1.113: Timeout
[239](16:13:15)[0]-- TIME:20081017-161315

[240](16:13:16)[1]-- TIME:20081017-161316

[241](16:13:17)[2]-- TIME:20081017-161317

[242](16:13:18)[3]-- TIME:20081017-161318

[243](16:13:18)192.168.1.111: Timeout
[244](16:13:18)ALARM: Data Titik 104 (Ac) tinggi (0xF)
[245](16:13:18)192.168.1.113: Timeout
[246](16:13:19)[0]-- TIME:20081017-161319

[247](16:13:20)[1]-- TIME:20081017-161320

[248](16:13:21)[2]-- TIME:20081017-161321

[249](16:13:22)[3]-- TIME:20081017-161322

[250](16:13:22)192.168.1.111: Timeout
[251](16:13:22)ALARM: Data Titik 104 (Ac) tinggi (0xF)
[252](16:13:22)192.168.1.113: Timeout
[253](16:13:23)[0]-- TIME:20081017-161323

[254](16:13:24)[1]-- TIME:20081017-161324

[255](16:13:25)[2]-- TIME:20081017-161325

[256](16:13:26)[3]-- TIME:20081017-161326

[257](16:13:26)192.168.1.107: Timeout
[258](16:13:26)192.168.1.111: Timeout
[259](16:13:26)ALARM: Data Titik 104 (Ac) tinggi (0xF)
[260](16:13:26)192.168.1.113: Timeout
[261](16:13:27)[0]-- TIME:20081017-161327

[262](16:13:28)[1]-- TIME:20081017-161328

[263](16:13:29)[2]-- TIME:20081017-161329

[264](16:13:30)[3]-- TIME:20081017-161330

[265](16:13:30)192.168.1.111: Timeout
[266](16:13:30)ALARM: Data Titik 104 (Ac) tinggi (0xF)
[267](16:13:30)192.168.1.113: Timeout
[268](16:13:31)[0]-- TIME:20081017-161331

[269](16:13:32)[1]-- TIME:20081017-161332

[270](16:13:33)[2]-- TIME:20081017-161333

[271](16:13:34)[3]-- TIME:20081017-161334

[272](16:13:35)192.168.1.111: Timeout
[273](16:13:35)ALARM: Data Titik 104 (Ac) tinggi (0xF)
[274](16:13:35)192.168.1.113: Timeout
[275](16:13:35)[0]-- TIME:20081017-161335

[276](16:13:36)[1]-- TIME:20081017-161336

[277](16:13:37)[2]-- TIME:20081017-161337

[278](16:13:38)[3]-- TIME:20081017-161338

[279](16:13:38)192.168.1.111: Timeout
[280](16:13:38)ALARM: Data Titik 104 (Ac) tinggi (0xF)
[281](16:13:38)192.168.1.113: Timeout
[282](16:13:39)[0]-- TIME:20081017-161339

[283](16:13:40)[1]-- TIME:20081017-161340

[284](16:13:41)[2]-- TIME:20081017-161341

[285](16:13:42)[3]-- TIME:20081017-161342

[286](16:13:42)192.168.1.111: Timeout
[287](16:13:42)ALARM: Data Titik 104 (Ac) tinggi (0xF)
[288](16:13:42)192.168.1.113: Timeout
[289](16:13:43)[0]-- TIME:20081017-161343

[290](16:13:44)[1]-- TIME:20081017-161344

[291](16:13:45)[2]-- TIME:20081017-161345

[292](16:13:46)[3]-- TIME:20081017-161346

[293](16:13:46)192.168.1.111: Timeout
[294](16:13:46)ALARM: Data Titik 104 (Ac) tinggi (0xF)
[295](16:13:46)192.168.1.113: Timeout
[296](16:13:47)[0]-- TIME:20081017-161347

[297](16:13:48)[1]-- TIME:20081017-161348

[298](16:13:49)[2]-- TIME:20081017-161349

[299](16:13:50)[3]-- TIME:20081017-161350

[300](16:13:50)192.168.1.111: Timeout
[301](16:13:50)ALARM: Data Titik 104 (Ac) tinggi (0xF)
[302](16:13:50)192.168.1.113: Timeout
[303](16:13:51)[0]-- TIME:20081017-161351

[304](16:13:52)[1]-- TIME:20081017-161352

[305](16:13:53)[2]-- TIME:20081017-161353

[306](16:13:54)[3]-- TIME:20081017-161354

[307](16:13:54)192.168.1.111: Timeout
[308](16:13:54)ALARM: Data Titik 104 (Ac) tinggi (0xF)
[309](16:13:54)192.168.1.113: Timeout
[310](16:13:55)[0]-- TIME:20081017-161355

[311](16:13:56)[1]-- TIME:20081017-161356

[312](16:13:57)[2]-- TIME:20081017-161357

[313](16:13:58)[3]-- TIME:20081017-161358

[314](16:13:58)192.168.1.111: Timeout
[315](16:13:58)ALARM: Data Titik 104 (Ac) tinggi (0xF)
[316](16:13:58)192.168.1.113: Timeout
[317](16:13:58)192.168.1.26: Timeout
[318](16:13:59)[0]-- TIME:20081017-161359

[319](16:14:00)[1]-- TIME:20081017-161400

[320](16:14:01)[2]-- TIME:20081017-161401

[321](16:14:02)[3]-- TIME:20081017-161402

[322](16:14:02)192.168.1.111: Timeout
[323](16:14:02)ALARM: Data Titik 104 (Ac) tinggi (0xF)
[324](16:14:02)192.168.1.113: Timeout
[325](16:14:03)[0]-- TIME:20081017-161403

[326](16:14:04)[1]-- TIME:20081017-161404

[327](16:14:05)[2]-- TIME:20081017-161405

[328](16:14:06)[3]-- TIME:20081017-161406

[329](16:14:06)192.168.1.111: Timeout
[330](16:14:06)ALARM: Data Titik 104 (Ac) tinggi (0xF)
[331](16:14:06)192.168.1.113: Timeout
[332](16:14:07)[0]-- TIME:20081017-161407

[333](16:14:08)[1]-- TIME:20081017-161408

[334](16:14:09)[2]-- TIME:20081017-161409

[335](16:14:10)[3]-- TIME:20081017-161410

[336](16:14:10)192.168.1.111: Timeout
[337](16:14:10)ALARM: Data Titik 104 (Ac) tinggi (0xF)
[338](16:14:10)192.168.1.113: Timeout
[339](16:14:11)[0]-- TIME:20081017-161411

[340](16:14:12)[1]-- TIME:20081017-161412

[341](16:14:13)[2]-- TIME:20081017-161413

[342](16:14:14)[3]-- TIME:20081017-161414

[343](16:14:15)192.168.1.111: Timeout
[344](16:14:15)ALARM: Data Titik 104 (Ac) tinggi (0xF)
[345](16:14:15)192.168.1.113: Timeout
[346](16:14:15)[0]-- TIME:20081017-161415

[347](16:14:16)[1]-- TIME:20081017-161416

[348](16:14:17)[2]-- TIME:20081017-161417

[349](16:14:18)[3]-- TIME:20081017-161418

[350](16:14:18)192.168.1.111: Timeout
[351](16:14:18)ALARM: Data Titik 104 (Ac) tinggi (0xF)
[352](16:14:18)192.168.1.113: Timeout
[353](16:14:19)[0]-- TIME:20081017-161419

[354](16:14:20)[1]-- TIME:20081017-161420

[355](16:14:21)[2]-- TIME:20081017-161421

[356](16:14:22)[3]-- TIME:20081017-161422

[357](16:14:22)192.168.1.111: Timeout
[358](16:14:22)ALARM: Data Titik 104 (Ac) tinggi (0xF)
[359](16:14:22)192.168.1.113: Timeout
[360](16:14:23)[0]-- TIME:20081017-161423

[361](16:14:24)[1]-- TIME:20081017-161424

[362](16:14:25)[2]-- TIME:20081017-161425

[363](16:14:26)[3]-- TIME:20081017-161426

[364](16:14:26)192.168.1.111: Timeout
[365](16:14:26)ALARM: Data Titik 104 (Ac) tinggi (0xF)
[366](16:14:26)192.168.1.113: Timeout
[367](16:14:27)[0]-- TIME:20081017-161427

[368](16:14:28)[1]-- TIME:20081017-161428

[369](16:14:29)[2]-- TIME:20081017-161429

[370](16:14:30)[3]-- TIME:20081017-161430

[371](16:14:30)192.168.1.111: Timeout
[372](16:14:30)ALARM: Data Titik 104 (Ac) tinggi (0xF)
[373](16:14:30)192.168.1.113: Timeout
[374](16:14:31)[0]-- TIME:20081017-161431

[375](16:14:32)[1]-- TIME:20081017-161432

[376](16:14:33)[2]-- TIME:20081017-161433

[377](16:14:34)[3]-- TIME:20081017-161434

[378](16:14:34)192.168.1.111: Timeout
[379](16:14:34)ALARM: Data Titik 104 (Ac) tinggi (0xF)
[380](16:14:34)192.168.1.113: Timeout
[381](16:14:35)[0]-- TIME:20081017-161435

[382](16:14:36)[1]-- TIME:20081017-161436

[383](16:14:37)[2]-- TIME:20081017-161437

[384](16:14:38)[3]-- TIME:20081017-161438

[385](16:14:38)192.168.1.111: Timeout
[386](16:14:38)ALARM: Data Titik 104 (Ac) tinggi (0xF)
[387](16:14:38)192.168.1.113: Timeout
[388](16:14:39)[0]-- TIME:20081017-161439

[389](16:14:40)[1]-- TIME:20081017-161440

[390](16:14:41)[2]-- TIME:20081017-161441

[391](16:14:42)[3]-- TIME:20081017-161442

[392](16:14:42)192.168.1.111: Timeout
[393](16:14:42)ALARM: Data Titik 104 (Ac) tinggi (0xF)
[394](16:14:42)192.168.1.113: Timeout
[395](16:14:43)[0]-- TIME:20081017-161443

[396](16:14:44)[1]-- TIME:20081017-161444

[397](16:14:45)[2]-- TIME:20081017-161445

[398](16:14:46)[3]-- TIME:20081017-161446

[399](16:14:46)192.168.1.111: Timeout
[400](16:14:46)ALARM: Data Titik 104 (Ac) tinggi (0xF)
[401](16:14:46)192.168.1.113: Timeout
[402](16:14:47)[0]-- TIME:20081017-161447

[403](16:14:48)[1]-- TIME:20081017-161448

[404](16:14:49)[2]-- TIME:20081017-161449

[405](16:14:50)[3]-- TIME:20081017-161450

[406](16:14:50)192.168.1.111: Timeout
[407](16:14:50)ALARM: Data Titik 104 (Ac) tinggi (0xF)
[408](16:14:50)192.168.1.113: Timeout
[409](16:14:51)[0]-- TIME:20081017-161451

[410](16:14:52)[1]-- TIME:20081017-161452

[411](16:14:53)[2]-- TIME:20081017-161453

[412](16:14:54)[3]-- TIME:20081017-161454

[413](16:14:54)192.168.1.111: Timeout
[414](16:14:54)ALARM: Data Titik 104 (Ac) tinggi (0xF)
[415](16:14:54)192.168.1.113: Timeout
[416](16:14:55)[0]-- TIME:20081017-161455

[417](16:14:56)[1]-- TIME:20081017-161456

[418](16:14:57)[2]-- TIME:20081017-161457

[419](16:14:58)[3]-- TIME:20081017-161458

[420](16:14:59)192.168.1.111: Timeout
[421](16:14:59)ALARM: Data Titik 104 (Ac) tinggi (0xF)
[422](16:14:59)192.168.1.113: Timeout
[423](16:14:59)[0]-- TIME:20081017-161459

[424](16:15:00)[1]-- TIME:20081017-161500

[425](16:15:01)[2]-- TIME:20081017-161501

[426](16:15:02)[3]-- TIME:20081017-161502

[427](16:15:02)192.168.1.111: Timeout
[428](16:15:03)ALARM: Data Titik 104 (Ac) tinggi (0xF)
[429](16:15:03)192.168.1.113: Timeout
[430](16:15:03)[0]-- TIME:20081017-161503

[431](16:15:04)[1]-- TIME:20081017-161504

[432](16:15:05)[2]-- TIME:20081017-161505

[433](16:15:06)[3]-- TIME:20081017-161506

[434](16:15:06)192.168.1.111: Timeout
[435](16:15:06)ALARM: Data Titik 104 (Ac) tinggi (0xF)
[436](16:15:06)192.168.1.113: Timeout
[437](16:15:07)[0]-- TIME:20081017-161507

[438](16:15:08)[1]-- TIME:20081017-161508

[439](16:15:09)[2]-- TIME:20081017-161509

[440](16:15:10)[3]-- TIME:20081017-161510

[441](16:15:10)192.168.1.111: Timeout
[442](16:15:10)ALARM: Data Titik 104 (Ac) tinggi (0xF)
[443](16:15:10)192.168.1.113: Timeout
[444](16:15:11)[0]-- TIME:20081017-161511

[445](16:15:12)[1]-- TIME:20081017-161512

[446](16:15:13)[2]-- TIME:20081017-161513

[447](16:15:14)[3]-- TIME:20081017-161514

[448](16:15:14)192.168.1.111: Timeout
[449](16:15:14)ALARM: Data Titik 104 (Ac) tinggi (0xF)
[450](16:15:14)192.168.1.113: Timeout
[451](16:15:15)[0]-- TIME:20081017-161515

[452](16:15:16)[1]-- TIME:20081017-161516

[453](16:15:17)[2]-- TIME:20081017-161517

[454](16:15:18)[3]-- TIME:20081017-161518

[455](16:15:18)192.168.1.111: Timeout
[456](16:15:18)ALARM: Data Titik 104 (Ac) tinggi (0xF)
[457](16:15:18)192.168.1.113: Timeout
[458](16:15:19)[0]-- TIME:20081017-161519

[459](16:15:20)[1]-- TIME:20081017-161520

[460](16:15:21)[2]-- TIME:20081017-161521

[461](16:15:22)[3]-- TIME:20081017-161522

[462](16:15:22)192.168.1.111: Timeout
[463](16:15:22)ALARM: Data Titik 104 (Ac) tinggi (0xF)
[464](16:15:22)192.168.1.113: Timeout
[465](16:15:23)[0]-- TIME:20081017-161523

[466](16:15:24)[1]-- TIME:20081017-161524

[467](16:15:25)[2]-- TIME:20081017-161525

[468](16:15:26)[3]-- TIME:20081017-161526

[469](16:15:26)192.168.1.111: Timeout
[470](16:15:26)ALARM: Data Titik 104 (Ac) tinggi (0xF)
[471](16:15:26)192.168.1.113: Timeout
[472](16:15:27)[0]-- TIME:20081017-161527

[473](16:15:28)[1]-- TIME:20081017-161528

[474](16:15:29)[2]-- TIME:20081017-161529

[475](16:15:30)[3]-- TIME:20081017-161530

[476](16:15:30)192.168.1.111: Timeout
[477](16:15:30)ALARM: Data Titik 104 (Ac) tinggi (0xF)
[478](16:15:30)192.168.1.113: Timeout
[479](16:15:31)[0]-- TIME:20081017-161531

[480](16:15:32)[1]-- TIME:20081017-161532

[481](16:15:33)[2]-- TIME:20081017-161533

[482](16:15:34)[3]-- TIME:20081017-161534

[483](16:15:34)192.168.1.111: Timeout
[484](16:15:34)ALARM: Data Titik 104 (Ac) tinggi (0xF)
[485](16:15:34)192.168.1.113: Timeout
[486](16:15:35)[0]-- TIME:20081017-161535

[487](16:15:36)[1]-- TIME:20081017-161536

[488](16:15:37)[2]-- TIME:20081017-161537

[489](16:15:38)[3]-- TIME:20081017-161538

[490](16:15:38)192.168.1.111: Timeout
[491](16:15:38)ALARM: Data Titik 104 (Ac) tinggi (0xF)
[492](16:15:38)192.168.1.113: Timeout
[493](16:15:39)[0]-- TIME:20081017-161539

[494](16:15:40)[1]-- TIME:20081017-161540

[495](16:15:41)[2]-- TIME:20081017-161541

[496](16:15:42)[3]-- TIME:20081017-161542

[497](16:15:42)192.168.1.111: Timeout
[498](16:15:42)ALARM: Data Titik 104 (Ac) tinggi (0xF)
[499](16:15:42)192.168.1.113: Timeout
[500](16:15:43)[0]-- TIME:20081017-161543

[501](16:15:44)[1]-- TIME:20081017-161544

[502](16:15:45)[2]-- TIME:20081017-161545

[503](16:15:46)[3]-- TIME:20081017-161546

[504](16:15:46)192.168.1.111: Timeout
[505](16:15:46)ALARM: Data Titik 104 (Ac) tinggi (0xF)
[506](16:15:46)192.168.1.113: Timeout
[507](16:15:47)[0]-- TIME:20081017-161547

[508](16:15:48)[1]-- TIME:20081017-161548

[509](16:15:49)[2]-- TIME:20081017-161549

[510](16:15:50)[3]-- TIME:20081017-161550

[511](16:15:50)192.168.1.111: Timeout
[512](16:15:50)ALARM: Data Titik 104 (Ac) tinggi (0xF)
[513](16:15:50)192.168.1.113: Timeout
[514](16:15:51)[0]-- TIME:20081017-161551

[515](16:15:52)[1]-- TIME:20081017-161552

[516](16:15:53)[2]-- TIME:20081017-161553

[517](16:15:54)[3]-- TIME:20081017-161554

[518](16:15:54)192.168.1.111: Timeout
[519](16:15:54)ALARM: Data Titik 104 (Ac) tinggi (0xF)
[520](16:15:54)192.168.1.113: Timeout
[521](16:15:55)[0]-- TIME:20081017-161555

[522](16:15:56)[1]-- TIME:20081017-161556

[523](16:15:57)[2]-- TIME:20081017-161557

[524](16:15:58)[3]-- TIME:20081017-161558

[525](16:15:58)192.168.1.111: Timeout
[526](16:15:58)ALARM: Data Titik 104 (Ac) tinggi (0xF)
[527](16:15:58)192.168.1.113: Timeout
[528](16:15:59)[0]-- TIME:20081017-161559

[529](16:16:00)[1]-- TIME:20081017-161600

[530](16:16:01)[2]-- TIME:20081017-161601

[531](16:16:02)[3]-- TIME:20081017-161602

[532](16:16:03)192.168.1.111: Timeout
[533](16:16:03)ALARM: Data Titik 104 (Ac) tinggi (0xF)
[534](16:16:03)192.168.1.113: Timeout
[535](16:16:03)[0]-- TIME:20081017-161603

[536](16:16:04)[1]-- TIME:20081017-161604

[537](16:16:05)[2]-- TIME:20081017-161605

[538](16:16:06)[3]-- TIME:20081017-161606

[539](16:16:06)192.168.1.111: Timeout
[540](16:16:06)ALARM: Data Titik 104 (Ac) tinggi (0xF)
[541](16:16:06)192.168.1.113: Timeout
[542](16:16:07)[0]-- TIME:20081017-161607

[543](16:16:08)[1]-- TIME:20081017-161608

[544](16:16:09)[2]-- TIME:20081017-161609

[545](16:16:10)[3]-- TIME:20081017-161610

[546](16:16:10)192.168.1.111: Timeout
[547](16:16:10)ALARM: Data Titik 104 (Ac) tinggi (0xF)
[548](16:16:10)192.168.1.113: Timeout
[549](16:16:11)[0]-- TIME:20081017-161611

[550](16:16:12)[1]-- TIME:20081017-161612

[551](16:16:13)[2]-- TIME:20081017-161613

[552](16:16:14)[3]-- TIME:20081017-161614

[553](16:16:14)192.168.1.107: Timeout
[554](16:16:14)192.168.1.111: Timeout
[555](16:16:14)ALARM: Data Titik 104 (Ac) tinggi (0xF)
[556](16:16:14)192.168.1.113: Timeout
[557](16:16:15)[0]-- TIME:20081017-161615

[558](16:16:16)[1]-- TIME:20081017-161616

[559](16:16:17)[2]-- TIME:20081017-161617

[560](16:16:18)[3]-- TIME:20081017-161618

[561](16:16:18)192.168.1.111: Timeout
[562](16:16:18)ALARM: Data Titik 104 (Ac) tinggi (0xF)
[563](16:16:18)192.168.1.113: Timeout
[564](16:16:19)[0]-- TIME:20081017-161619

[565](16:16:20)[1]-- TIME:20081017-161620

[566](16:16:21)[2]-- TIME:20081017-161621

[567](16:16:22)[3]-- TIME:20081017-161622

[568](16:16:22)192.168.1.111: Timeout
[569](16:16:22)ALARM: Data Titik 104 (Ac) tinggi (0xF)
[570](16:16:22)192.168.1.113: Timeout
[571](16:16:23)[0]-- TIME:20081017-161623

[572](16:16:24)[1]-- TIME:20081017-161624

[573](16:16:25)[2]-- TIME:20081017-161625

[574](16:16:26)[3]-- TIME:20081017-161626

[575](16:16:26)192.168.1.122: Timeout
[576](16:16:26)192.168.1.111: Timeout
[577](16:16:26)ALARM: Data Titik 104 (Ac) tinggi (0xF)
[578](16:16:26)192.168.1.113: Timeout
[579](16:16:26)192.168.1.26: Timeout
[580](16:16:27)[0]-- TIME:20081017-161627

[581](16:16:28)[1]-- TIME:20081017-161628

[582](16:16:29)[2]-- TIME:20081017-161629

[583](16:16:30)[3]-- TIME:20081017-161630

[584](16:16:30)192.168.1.111: Timeout
[585](16:16:30)ALARM: Data Titik 104 (Ac) tinggi (0xF)
[586](16:16:30)192.168.1.113: Timeout
[587](16:16:30)192.168.1.26: Timeout
[588](16:16:31)[0]-- TIME:20081017-161631

[589](16:16:32)[1]-- TIME:20081017-161632

[590](16:16:33)[2]-- TIME:20081017-161633

[591](16:16:34)[3]-- TIME:20081017-161634

[592](16:16:34)192.168.1.108: Timeout
[593](16:16:35)192.168.1.111: Timeout
[594](16:16:35)ALARM: Data Titik 104 (Ac) tinggi (0xF)
[595](16:16:35)192.168.1.113: Timeout
[596](16:16:35)[0]-- TIME:20081017-161635

[597](16:16:36)[1]-- TIME:20081017-161636

[598](16:16:37)[2]-- TIME:20081017-161637

[599](16:16:38)[3]-- TIME:20081017-161638

[600](16:16:38)192.168.1.111: Timeout
[601](16:16:38)ALARM: Data Titik 104 (Ac) tinggi (0xF)
[602](16:16:38)192.168.1.113: Timeout
[603](16:16:39)[0]-- TIME:20081017-161639

[604](16:16:40)[1]-- TIME:20081017-161640

[605](16:16:41)[2]-- TIME:20081017-161641

[606](16:16:42)[3]-- TIME:20081017-161642

[607](16:16:42)192.168.1.111: Timeout
[608](16:16:42)ALARM: Data Titik 104 (Ac) tinggi (0xF)
[609](16:16:42)192.168.1.113: Timeout
[610](16:16:43)[0]-- TIME:20081017-161643

[611](16:16:44)[1]-- TIME:20081017-161644

[612](16:16:45)[2]-- TIME:20081017-161645

[613](16:16:46)[3]-- TIME:20081017-161646

[614](16:16:46)192.168.1.111: Timeout
[615](16:16:46)ALARM: Data Titik 104 (Ac) tinggi (0xF)
[616](16:16:46)192.168.1.113: Timeout
[617](16:16:47)[0]-- TIME:20081017-161647

[618](16:16:48)[1]-- TIME:20081017-161648

[619](16:16:49)[2]-- TIME:20081017-161649

[620](16:16:50)[3]-- TIME:20081017-161650

[621](16:16:50)192.168.1.111: Timeout
[622](16:16:50)ALARM: Data Titik 104 (Ac) tinggi (0xF)
[623](16:16:50)192.168.1.113: Timeout
[624](16:16:51)[0]-- TIME:20081017-161651

[625](16:16:52)[1]-- TIME:20081017-161652

[626](16:16:53)[2]-- TIME:20081017-161653

[627](16:16:54)[3]-- TIME:20081017-161654

[628](16:16:54)192.168.1.111: Timeout
[629](16:16:54)ALARM: Data Titik 104 (Ac) tinggi (0xF)
[630](16:16:54)192.168.1.113: Timeout
[631](16:16:55)[0]-- TIME:20081017-161655

[632](16:16:56)[1]-- TIME:20081017-161656

[633](16:16:57)[2]-- TIME:20081017-161657

[634](16:16:58)[3]-- TIME:20081017-161658

[635](16:16:58)192.168.1.111: Timeout
[636](16:16:58)ALARM: Data Titik 104 (Ac) tinggi (0xF)
[637](16:16:58)192.168.1.113: Timeout
[638](16:16:59)[0]-- TIME:20081017-161659

[639](16:17:00)[1]-- TIME:20081017-161700

[640](16:17:01)[2]-- TIME:20081017-161701

[641](16:17:02)[3]-- TIME:20081017-161702

[642](16:17:03)192.168.1.111: Timeout
[643](16:17:03)ALARM: Data Titik 104 (Ac) tinggi (0xF)
[644](16:17:03)192.168.1.113: Timeout
[645](16:17:03)[0]-- TIME:20081017-161703

[646](16:17:04)[1]-- TIME:20081017-161704

[647](16:17:05)[2]-- TIME:20081017-161705

[648](16:17:06)[3]-- TIME:20081017-161706

[649](16:17:06)192.168.1.111: Timeout
[650](16:17:06)ALARM: Data Titik 104 (Ac) tinggi (0xF)
[651](16:17:06)192.168.1.113: Timeout
[652](16:17:07)[0]-- TIME:20081017-161707

[653](16:17:08)[1]-- TIME:20081017-161708

[654](16:17:09)[2]-- TIME:20081017-161709

[655](16:17:10)[3]-- TIME:20081017-161710

[656](16:17:10)192.168.1.111: Timeout
[657](16:17:10)ALARM: Data Titik 104 (Ac) tinggi (0xF)
[658](16:17:10)192.168.1.113: Timeout
[659](16:17:11)[0]-- TIME:20081017-161711

[660](16:17:12)[1]-- TIME:20081017-161712

[661](16:17:13)[2]-- TIME:20081017-161713

[662](16:17:14)[3]-- TIME:20081017-161714

[663](16:17:14)192.168.1.107: Timeout
[664](16:17:14)192.168.1.111: Timeout
[665](16:17:14)ALARM: Data Titik 104 (Ac) tinggi (0xF)
[666](16:17:14)192.168.1.113: Timeout
[667](16:17:15)[0]-- TIME:20081017-161715

[668](16:17:16)[1]-- TIME:20081017-161716

[669](16:17:17)[2]-- TIME:20081017-161717

[670](16:17:18)[3]-- TIME:20081017-161718

[671](16:17:18)192.168.1.111: Timeout
[672](16:17:18)ALARM: Data Titik 104 (Ac) tinggi (0xF)
[673](16:17:18)192.168.1.113: Timeout
[674](16:17:19)[0]-- TIME:20081017-161719

[675](16:17:20)[1]-- TIME:20081017-161720

[676](16:17:21)[2]-- TIME:20081017-161721

[677](16:17:22)[3]-- TIME:20081017-161722

[678](16:17:22)192.168.1.111: Timeout
[679](16:17:22)ALARM: Data Titik 104 (Ac) tinggi (0xF)
[680](16:17:22)192.168.1.113: Timeout
[681](16:17:23)[0]-- TIME:20081017-161723

[682](16:17:24)[1]-- TIME:20081017-161724

[683](16:17:25)[2]-- TIME:20081017-161725

[684](16:17:26)[3]-- TIME:20081017-161726

[685](16:17:26)192.168.1.111: Timeout
[686](16:17:26)ALARM: Data Titik 104 (Ac) tinggi (0xF)
[687](16:17:26)192.168.1.113: Timeout
[688](16:17:27)[0]-- TIME:20081017-161727

[689](16:17:28)[1]-- TIME:20081017-161728

[690](16:17:29)[2]-- TIME:20081017-161729

[691](16:17:30)[3]-- TIME:20081017-161730

[692](16:17:30)192.168.1.111: Timeout
[693](16:17:30)ALARM: Data Titik 104 (Ac) tinggi (0xF)
[694](16:17:30)192.168.1.113: Timeout
[695](16:17:31)[0]-- TIME:20081017-161731

[696](16:17:32)[1]-- TIME:20081017-161732

[697](16:17:33)[2]-- TIME:20081017-161733

[698](16:17:34)[3]-- TIME:20081017-161734

[699](16:17:34)192.168.1.108: Timeout
[700](16:17:34)192.168.1.111: Timeout
[701](16:17:34)ALARM: Data Titik 104 (Ac) tinggi (0xF)
[702](16:17:34)192.168.1.113: Timeout
[703](16:17:35)[0]-- TIME:20081017-161735

[704](16:17:36)[1]-- TIME:20081017-161736

[705](16:17:37)[2]-- TIME:20081017-161737

[706](16:17:38)[3]-- TIME:20081017-161738

[707](16:17:38)192.168.1.111: Timeout
[708](16:17:38)ALARM: Data Titik 104 (Ac) tinggi (0xF)
[709](16:17:38)192.168.1.113: Timeout
[710](16:17:39)[0]-- TIME:20081017-161739

[711](16:17:40)[1]-- TIME:20081017-161740

[712](16:17:41)[2]-- TIME:20081017-161741

[713](16:17:42)[3]-- TIME:20081017-161742

[714](16:17:42)192.168.1.111: Timeout
[715](16:17:42)ALARM: Data Titik 104 (Ac) tinggi (0xF)
[716](16:17:42)192.168.1.113: Timeout
[717](16:17:43)[0]-- TIME:20081017-161743

[718](16:17:44)[1]-- TIME:20081017-161744

[719](16:17:45)[2]-- TIME:20081017-161745

[720](16:17:46)[3]-- TIME:20081017-161746

[721](16:17:46)192.168.1.111: Timeout
[722](16:17:46)ALARM: Data Titik 104 (Ac) tinggi (0xF)
[723](16:17:46)192.168.1.113: Timeout
[724](16:17:47)[0]-- TIME:20081017-161747

[725](16:17:48)[1]-- TIME:20081017-161748

[726](16:17:49)[2]-- TIME:20081017-161749

[727](16:17:50)[3]-- TIME:20081017-161750

[728](16:17:50)192.168.1.111: Timeout
[729](16:17:50)ALARM: Data Titik 104 (Ac) tinggi (0xF)
[730](16:17:50)192.168.1.113: Timeout
[731](16:17:51)[0]-- TIME:20081017-161751

[732](16:17:52)[1]-- TIME:20081017-161752

[733](16:17:53)[2]-- TIME:20081017-161753

[734](16:17:54)[3]-- TIME:20081017-161754

[735](16:17:54)192.168.1.111: Timeout
[736](16:17:54)ALARM: Data Titik 104 (Ac) tinggi (0xF)
[737](16:17:54)192.168.1.113: Timeout
[738](16:17:55)[0]-- TIME:20081017-161755

[739](16:17:56)[1]-- TIME:20081017-161756

[740](16:17:57)[2]-- TIME:20081017-161757

[741](16:17:58)[3]-- TIME:20081017-161758

[742](16:17:58)192.168.1.111: Timeout
[743](16:17:58)ALARM: Data Titik 104 (Ac) tinggi (0xF)
[744](16:17:58)192.168.1.113: Timeout
[745](16:17:59)[0]-- TIME:20081017-161759

[746](16:18:00)[1]-- TIME:20081017-161800

[747](16:18:01)[2]-- TIME:20081017-161801

[748](16:18:02)[3]-- TIME:20081017-161802

[749](16:18:03)192.168.1.111: Timeout
[750](16:18:03)ALARM: Data Titik 104 (Ac) tinggi (0xF)
[751](16:18:03)192.168.1.113: Timeout
[752](16:18:03)192.168.1.26: Timeout
[753](16:18:03)[0]-- TIME:20081017-161803

[754](16:18:04)[1]-- TIME:20081017-161804

[755](16:18:05)[2]-- TIME:20081017-161805

[756](16:18:06)[3]-- TIME:20081017-161806

[757](16:18:06)192.168.1.111: Timeout
[758](16:18:06)ALARM: Data Titik 104 (Ac) tinggi (0xF)
[759](16:18:06)192.168.1.113: Timeout
[760](16:18:07)[0]-- TIME:20081017-161807

[761](16:18:08)[1]-- TIME:20081017-161808

[762](16:18:09)[2]-- TIME:20081017-161809

[763](16:18:10)[3]-- TIME:20081017-161810

[764](16:18:10)192.168.1.111: Timeout
[765](16:18:10)ALARM: Data Titik 104 (Ac) tinggi (0xF)
[766](16:18:10)192.168.1.113: Timeout
[767](16:18:11)[0]-- TIME:20081017-161811

[768](16:18:12)[1]-- TIME:20081017-161812

[769](16:18:13)[2]-- TIME:20081017-161813

[770](16:18:14)[3]-- TIME:20081017-161814

[771](16:18:14)192.168.1.111: Timeout
[772](16:18:14)ALARM: Data Titik 104 (Ac) tinggi (0xF)
[773](16:18:14)192.168.1.113: Timeout
[774](16:18:15)[0]-- TIME:20081017-161815

[775](16:18:16)[1]-- TIME:20081017-161816

[776](16:18:17)[2]-- TIME:20081017-161817

[777](16:18:18)[3]-- TIME:20081017-161818

[778](16:18:18)192.168.1.111: Timeout
[779](16:18:18)ALARM: Data Titik 104 (Ac) tinggi (0xF)
[780](16:18:18)192.168.1.113: Timeout
[781](16:18:19)[0]-- TIME:20081017-161819

[782](16:18:20)[1]-- TIME:20081017-161820

[783](16:18:21)[2]-- TIME:20081017-161821

[784](16:18:22)[3]-- TIME:20081017-161822

[785](16:18:22)192.168.1.111: Timeout
[786](16:18:22)ALARM: Data Titik 104 (Ac) tinggi (0xF)
[787](16:18:22)192.168.1.113: Timeout
[788](16:18:23)[0]-- TIME:20081017-161823

[789](16:18:24)[1]-- TIME:20081017-161824

[790](16:18:25)[2]-- TIME:20081017-161825

[791](16:18:26)[3]-- TIME:20081017-161826

[792](16:18:26)192.168.1.111: Timeout
[793](16:18:26)ALARM: Data Titik 104 (Ac) tinggi (0xF)
[794](16:18:26)192.168.1.113: Timeout
[795](16:18:27)[0]-- TIME:20081017-161827

[796](16:18:28)[1]-- TIME:20081017-161828

[797](16:18:29)[2]-- TIME:20081017-161829

[798](16:18:30)[3]-- TIME:20081017-161830

[799](16:18:30)192.168.1.111: Timeout
[800](16:18:30)ALARM: Data Titik 104 (Ac) tinggi (0xF)
[801](16:18:30)192.168.1.113: Timeout
[802](16:18:31)[0]-- TIME:20081017-161831

[803](16:18:32)[1]-- TIME:20081017-161832

[804](16:18:33)[2]-- TIME:20081017-161833

[805](16:18:34)[3]-- TIME:20081017-161834

[806](16:18:34)192.168.1.111: Timeout
[807](16:18:34)ALARM: Data Titik 104 (Ac) tinggi (0xF)
[808](16:18:34)192.168.1.113: Timeout
[809](16:18:35)[0]-- TIME:20081017-161835

[810](16:18:36)[1]-- TIME:20081017-161836

[811](16:18:37)[2]-- TIME:20081017-161837

[812](16:18:38)[3]-- TIME:20081017-161838

[813](16:18:38)192.168.1.107: Timeout
[814](16:18:38)192.168.1.111: Timeout
[815](16:18:38)ALARM: Data Titik 104 (Ac) tinggi (0xF)
[816](16:18:38)192.168.1.113: Timeout
[817](16:18:39)[0]-- TIME:20081017-161839

[818](16:18:40)[1]-- TIME:20081017-161840

[819](16:18:41)[2]-- TIME:20081017-161841

[820](16:18:42)[3]-- TIME:20081017-161842

[821](16:18:42)192.168.1.111: Timeout
[822](16:18:42)ALARM: Data Titik 104 (Ac) tinggi (0xF)
[823](16:18:42)192.168.1.113: Timeout
[824](16:18:43)[0]-- TIME:20081017-161843

[825](16:18:44)[1]-- TIME:20081017-161844

[826](16:18:45)[2]-- TIME:20081017-161845

[827](16:18:46)[3]-- TIME:20081017-161846

[828](16:18:46)192.168.1.111: Timeout
[829](16:18:46)ALARM: Data Titik 104 (Ac) tinggi (0xF)
[830](16:18:46)192.168.1.113: Timeout
[831](16:18:47)[0]-- TIME:20081017-161847

[832](16:18:48)[1]-- TIME:20081017-161848

[833](16:18:49)[2]-- TIME:20081017-161849

[834](16:18:50)[3]-- TIME:20081017-161850

[835](16:18:50)192.168.1.111: Timeout
[836](16:18:50)ALARM: Data Titik 104 (Ac) tinggi (0xF)
[837](16:18:50)192.168.1.113: Timeout
[838](16:18:51)[0]-- TIME:20081017-161851

[839](16:18:52)[1]-- TIME:20081017-161852

[840](16:18:53)[2]-- TIME:20081017-161853

[841](16:18:54)[3]-- TIME:20081017-161854

[842](16:18:54)192.168.1.111: Timeout
[843](16:18:54)ALARM: Data Titik 104 (Ac) tinggi (0xF)
[844](16:18:54)192.168.1.113: Timeout
[845](16:18:55)[0]-- TIME:20081017-161855

[846](16:18:56)[1]-- TIME:20081017-161856

[847](16:18:57)[2]-- TIME:20081017-161857

[848](16:18:58)[3]-- TIME:20081017-161858

[849](16:18:58)192.168.1.111: Timeout
[850](16:18:58)ALARM: Data Titik 104 (Ac) tinggi (0xF)
[851](16:18:58)192.168.1.113: Timeout
[852](16:18:59)[0]-- TIME:20081017-161859

[853](16:19:00)[1]-- TIME:20081017-161900

[854](16:19:01)[2]-- TIME:20081017-161901

[855](16:19:02)[3]-- TIME:20081017-161902

[856](16:19:03)192.168.1.111: Timeout
[857](16:19:03)ALARM: Data Titik 104 (Ac) tinggi (0xF)
[858](16:19:03)192.168.1.113: Timeout
[859](16:19:03)[0]-- TIME:20081017-161903

[860](16:19:04)[1]-- TIME:20081017-161904

[861](16:19:05)[2]-- TIME:20081017-161905

[862](16:19:06)[3]-- TIME:20081017-161906

[863](16:19:06)192.168.1.111: Timeout
[864](16:19:06)ALARM: Data Titik 104 (Ac) tinggi (0xF)
[865](16:19:06)192.168.1.113: Timeout
[866](16:19:07)[0]-- TIME:20081017-161907

[867](16:19:08)[1]-- TIME:20081017-161908

[868](16:19:09)[2]-- TIME:20081017-161909

[869](16:19:10)[3]-- TIME:20081017-161910

[870](16:19:10)192.168.1.111: Timeout
[871](16:19:10)ALARM: Data Titik 104 (Ac) tinggi (0xF)
[872](16:19:10)192.168.1.113: Timeout
[873](16:19:11)[0]-- TIME:20081017-161911

[874](16:19:12)[1]-- TIME:20081017-161912

[875](16:19:13)[2]-- TIME:20081017-161913

[876](16:19:14)[3]-- TIME:20081017-161914

[877](16:19:14)192.168.1.111: Timeout
[878](16:19:14)ALARM: Data Titik 104 (Ac) tinggi (0xF)
[879](16:19:14)192.168.1.113: Timeout
[880](16:19:15)[0]-- TIME:20081017-161915

[881](16:19:16)[1]-- TIME:20081017-161916

[882](16:19:17)[2]-- TIME:20081017-161917

[883](16:19:18)[3]-- TIME:20081017-161918

[884](16:19:18)192.168.1.111: Timeout
[885](16:19:18)ALARM: Data Titik 104 (Ac) tinggi (0xF)
[886](16:19:18)192.168.1.113: Timeout
[887](16:19:19)[0]-- TIME:20081017-161919

[888](16:19:20)[1]-- TIME:20081017-161920

[889](16:19:21)[2]-- TIME:20081017-161921

[890](16:19:22)[3]-- TIME:20081017-161922

[891](16:19:22)192.168.1.107: Timeout
[892](16:19:22)192.168.1.111: Timeout
[893](16:19:22)ALARM: Data Titik 104 (Ac) tinggi (0xF)
[894](16:19:22)192.168.1.113: Timeout
[895](16:19:23)[0]-- TIME:20081017-161923

[896](16:19:24)[1]-- TIME:20081017-161924

[897](16:19:25)[2]-- TIME:20081017-161925

[898](16:19:26)[3]-- TIME:20081017-161926

[899](16:19:26)192.168.1.111: Timeout
[900](16:19:26)ALARM: Data Titik 104 (Ac) tinggi (0xF)
[901](16:19:26)192.168.1.113: Timeout
[902](16:19:26)192.168.1.26: Timeout
[903](16:19:27)[0]-- TIME:20081017-161927

[904](16:19:28)[1]-- TIME:20081017-161928

[905](16:19:29)[2]-- TIME:20081017-161929

[906](16:19:30)[3]-- TIME:20081017-161930

[907](16:19:30)192.168.1.111: Timeout
[908](16:19:30)ALARM: Data Titik 104 (Ac) tinggi (0xF)
[909](16:19:30)192.168.1.113: Timeout
[910](16:19:31)[0]-- TIME:20081017-161931

[911](16:19:32)[1]-- TIME:20081017-161932

[912](16:19:33)[2]-- TIME:20081017-161933

[913](16:19:34)[3]-- TIME:20081017-161934

[914](16:19:34)192.168.1.111: Timeout
[915](16:19:34)ALARM: Data Titik 104 (Ac) tinggi (0xF)
[916](16:19:34)192.168.1.113: Timeout
[917](16:19:35)[0]-- TIME:20081017-161935

[918](16:19:36)[1]-- TIME:20081017-161936

[919](16:19:37)[2]-- TIME:20081017-161937

[920](16:19:38)[3]-- TIME:20081017-161938

[921](16:19:38)192.168.1.111: Timeout
[922](16:19:38)ALARM: Data Titik 104 (Ac) tinggi (0xF)
[923](16:19:38)192.168.1.113: Timeout
[924](16:19:39)[0]-- TIME:20081017-161939

[925](16:19:40)[1]-- TIME:20081017-161940

[926](16:19:41)[2]-- TIME:20081017-161941

[927](16:19:42)[3]-- TIME:20081017-161942

[928](16:19:42)192.168.1.111: Timeout
[929](16:19:42)ALARM: Data Titik 104 (Ac) tinggi (0xF)
[930](16:19:42)192.168.1.113: Timeout
[931](16:19:43)[0]-- TIME:20081017-161943

[932](16:19:44)[1]-- TIME:20081017-161944

[933](16:19:45)[2]-- TIME:20081017-161945

[934](16:19:46)[3]-- TIME:20081017-161946

[935](16:19:46)192.168.1.111: Timeout
[936](16:19:46)ALARM: Data Titik 104 (Ac) tinggi (0xF)
[937](16:19:46)192.168.1.113: Timeout
[938](16:19:47)[0]-- TIME:20081017-161947

[939](16:19:48)[1]-- TIME:20081017-161948

[940](16:19:49)[2]-- TIME:20081017-161949

[941](16:19:50)[3]-- TIME:20081017-161950

[942](16:19:50)192.168.1.111: Timeout
[943](16:19:50)ALARM: Data Titik 104 (Ac) tinggi (0xF)
[944](16:19:50)192.168.1.113: Timeout
[945](16:19:51)[0]-- TIME:20081017-161951

[946](16:19:52)[1]-- TIME:20081017-161952

[947](16:19:53)[2]-- TIME:20081017-161953

[948](16:19:54)[3]-- TIME:20081017-161954

[949](16:19:54)192.168.1.111: Timeout
[950](16:19:54)ALARM: Data Titik 104 (Ac) tinggi (0xF)
[951](16:19:54)192.168.1.113: Timeout
[952](16:19:55)[0]-- TIME:20081017-161955

[953](16:19:56)[1]-- TIME:20081017-161956

[954](16:19:57)[2]-- TIME:20081017-161957

[955](16:19:58)[3]-- TIME:20081017-161958

[956](16:19:58)192.168.1.111: Timeout
[957](16:19:58)ALARM: Data Titik 104 (Ac) tinggi (0xF)
[958](16:19:58)192.168.1.113: Timeout
[959](16:19:59)[0]-- TIME:20081017-161959

[960](16:20:00)[1]-- TIME:20081017-162000

[961](16:20:01)[2]-- TIME:20081017-162001

[962](16:20:02)[3]-- TIME:20081017-162002

[963](16:20:03)192.168.1.111: Timeout
[964](16:20:03)ALARM: Data Titik 104 (Ac) tinggi (0xF)
[965](16:20:03)192.168.1.113: Timeout
[966](16:20:03)[0]-- TIME:20081017-162003

[967](16:20:04)[1]-- TIME:20081017-162004

[968](16:20:05)[2]-- TIME:20081017-162005

[969](16:20:06)[3]-- TIME:20081017-162006

[970](16:20:06)192.168.1.111: Timeout
[971](16:20:06)ALARM: Data Titik 104 (Ac) tinggi (0xF)
[972](16:20:06)192.168.1.113: Timeout
[973](16:20:07)[0]-- TIME:20081017-162007

[974](16:20:08)[1]-- TIME:20081017-162008

[975](16:20:09)[2]-- TIME:20081017-162009

[976](16:20:10)[3]-- TIME:20081017-162010

[977](16:20:10)192.168.1.111: Timeout
[978](16:20:10)ALARM: Data Titik 104 (Ac) tinggi (0xF)
[979](16:20:10)192.168.1.113: Timeout
[980](16:20:11)[0]-- TIME:20081017-162011

[981](16:20:12)[1]-- TIME:20081017-162012

[982](16:20:13)[2]-- TIME:20081017-162013

[983](16:20:14)[3]-- TIME:20081017-162014

[984](16:20:15)192.168.1.111: Timeout
[985](16:20:15)ALARM: Data Titik 104 (Ac) tinggi (0xF)
[986](16:20:15)192.168.1.113: Timeout
[987](16:20:15)[0]-- TIME:20081017-162015

[988](16:20:16)[1]-- TIME:20081017-162016

[989](16:20:17)[2]-- TIME:20081017-162017

[990](16:20:18)[3]-- TIME:20081017-162018

[991](16:20:18)192.168.1.111: Timeout
[992](16:20:18)ALARM: Data Titik 104 (Ac) tinggi (0xF)
[993](16:20:18)192.168.1.113: Timeout
[994](16:20:19)[0]-- TIME:20081017-162019

[995](16:20:20)[1]-- TIME:20081017-162020

[996](16:20:21)[2]-- TIME:20081017-162021

[997](16:20:22)[3]-- TIME:20081017-162022

[998](16:20:22)192.168.1.111: Timeout
[999](16:20:22)ALARM: Data Titik 104 (Ac) tinggi (0xF)
[1000](16:20:22)192.168.1.113: Timeout