
[0](15:31:14)ALARM: Data Titik 102 tinggi (0xF)
[1](15:31:14)ALARM: Data Titik 104 tinggi (0xF)
[2](15:31:14)ALARM: Data Titik 94 rendah
[3](15:31:14)ALARM: Data Titik 96 rendah
[4](15:31:14)ALARM: Data Titik 97 diluar jangkauan ukur
[5](15:31:15)[0]-- TIME:20080926-153115

[6](15:31:16)[1]-- TIME:20080926-153116

[7](15:31:17)[2]-- TIME:20080926-153117

[8](15:31:18)[3]-- TIME:20080926-153118

[9](15:31:18)ALARM: Data Titik 214 diluar jangkauan ukur
[10](15:31:18)ALARM: Data Titik 201 tinggi (0xF)
[11](15:31:18)ALARM: Data Titik 202 tinggi (0xF)
[12](15:31:18)ALARM: Data Titik 206 rendah
[13](15:31:18)ALARM: Data Titik 209 rendah
[14](15:31:18)ALARM: Data Titik 177 tinggi (0xF)
[15](15:31:18)ALARM: Data Titik 186 rendah
[16](15:31:18)ALARM: Data Titik 159 tinggi (0xF)
[17](15:31:18)ALARM: Data Titik 221 tinggi (0x5F)
[18](15:31:18)SET: Alarm off
[19](15:31:18)ALARM: Data Titik 102 tinggi (0xF)
[20](15:31:18)ALARM: Data Titik 104 tinggi (0xF)
[21](15:31:18)ALARM: Data Titik 94 rendah
[22](15:31:18)ALARM: Data Titik 96 rendah
[23](15:31:18)ALARM: Data Titik 97 diluar jangkauan ukur
[24](15:31:19)[0]-- TIME:20080926-153119

[25](15:31:20)[1]-- TIME:20080926-153120

[26](15:31:21)[2]-- TIME:20080926-153121
