
[0](18:27:32)======== MONITA APP STARTING ===========
[1](18:27:32)Load file konfigurasi
[2](18:27:32)Baca konfig
[3](18:27:32)Baca konfig: OK
[4](18:28:33)Mulai logging data
[5](18:28:34)[0]-- TIME:20081028-182834

[6](18:28:35)[1]-- TIME:20081028-182835

[7](18:28:36)[2]-- TIME:20081028-182836

[8](18:28:37)[3]-- TIME:20081028-182837

[9](18:28:37)192.168.1.110: Timeout
[10](18:28:37)192.168.1.110: Timeout
[11](18:28:37)ALARM: Data Titik 127 (kWh) diluar jangkauan ukur
[12](18:28:37)ALARM: Data Titik 130 (Voltage) diluar jangkauan ukur
[13](18:28:37)ALARM: Data Titik 113 (kWh) diluar jangkauan ukur
[14](18:28:37)ALARM: Data Titik 116 (Voltage) diluar jangkauan ukur
[15](18:28:38)ALARM: Data Titik 101 (kwh) diluar jangkauan ukur
[16](18:28:38)192.168.1.18: Timeout
[17](18:28:38)ALARM: Data Titik 108 (Flowmeter) diluar jangkauan ukur
[18](18:28:38)192.168.1.29: Timeout
[19](18:28:38)192.168.1.32: Timeout
[20](18:28:39)[0]-- TIME:20081028-182839

[21](18:28:40)[1]-- TIME:20081028-182840

[22](18:28:40)Stop logging data
[23](18:28:41)[2]-- TIME:20081028-182841

[24](18:34:01)Mulai logging data
[25](18:34:02)[0]-- TIME:20081028-183402

[26](18:34:03)[1]-- TIME:20081028-183403

[27](18:34:04)[2]-- TIME:20081028-183404

[28](18:34:05)[3]-- TIME:20081028-183405

[29](18:34:05)192.168.1.110: Timeout
[30](18:34:05)192.168.1.110: Timeout
[31](18:34:05)ALARM: Data Titik 127 (kWh) diluar jangkauan ukur
[32](18:34:05)ALARM: Data Titik 130 (Voltage) diluar jangkauan ukur
[33](18:34:05)ALARM: Data Titik 113 (kWh) diluar jangkauan ukur
[34](18:34:05)ALARM: Data Titik 116 (Voltage) diluar jangkauan ukur
[35](18:34:05)ALARM: Data Titik 101 (kwh) diluar jangkauan ukur
[36](18:34:05)192.168.1.18: Timeout
[37](18:34:05)ALARM: Data Titik 108 (Flowmeter) diluar jangkauan ukur
[38](18:34:05)192.168.1.29: Timeout
[39](18:34:05)192.168.1.32: Timeout
[40](18:34:06)[0]-- TIME:20081028-183406

[41](18:34:07)[1]-- TIME:20081028-183407

[42](18:34:08)[2]-- TIME:20081028-183408

[43](18:34:09)[3]-- TIME:20081028-183409

[44](18:34:09)ALARM: Data Titik 153 (kWh) diluar jangkauan ukur
[45](18:34:09)ALARM: Data Titik 140 (KwH) diluar jangkauan ukur
[46](18:34:09)ALARM: Data Titik 127 (kWh) diluar jangkauan ukur
[47](18:34:09)ALARM: Data Titik 130 (Voltage) diluar jangkauan ukur
[48](18:34:09)ALARM: Data Titik 113 (kWh) diluar jangkauan ukur
[49](18:34:09)ALARM: Data Titik 116 (Voltage) diluar jangkauan ukur
[50](18:34:09)ALARM: Data Titik 101 (kwh) diluar jangkauan ukur
[51](18:34:09)192.168.1.18: Timeout
[52](18:34:09)ALARM: Data Titik 108 (Flowmeter) diluar jangkauan ukur
[53](18:34:09)192.168.1.29: Timeout
[54](18:34:09)192.168.1.32: Timeout
[55](18:34:10)Stop logging data
[56](18:34:10)[2]-- TIME:20081028-183410
