
[0](10:00:29)======== MONITA APP STARTING ===========
[1](10:00:29)Load file konfigurasi
[2](10:00:29)Baca konfig
[3](10:00:29)Baca konfig: OK
[4](10:00:32)Baca konfig
[5](10:00:32)Baca konfig: OK
[6](10:00:33)Simpan konfig
[7](10:00:33)Simpan konfig: OK
[8](10:00:34)Mulai logging data
[9](10:00:35)[0]-- TIME:20081026-100035

[10](10:00:36)[1]-- TIME:20081026-100036

[11](10:00:37)[2]-- TIME:20081026-100037

[12](10:00:38)[3]-- TIME:20081026-100038

[13](10:00:38)192.168.1.31: Timeout
[14](10:00:38)192.168.1.32: Timeout
[15](10:00:39)[0]-- TIME:20081026-100039

[16](10:00:40)[1]-- TIME:20081026-100040

[17](10:00:41)[2]-- TIME:20081026-100041

[18](10:00:42)[3]-- TIME:20081026-100042

[19](10:00:42)192.168.1.31: Timeout
[20](10:00:42)192.168.1.32: Timeout
[21](10:00:43)[0]-- TIME:20081026-100043

[22](10:00:44)[1]-- TIME:20081026-100044

[23](10:00:45)[2]-- TIME:20081026-100045

[24](10:00:46)[3]-- TIME:20081026-100046

[25](10:00:46)192.168.1.31: Timeout
[26](10:00:46)192.168.1.32: Timeout
[27](10:00:47)[0]-- TIME:20081026-100047

[28](10:00:48)[1]-- TIME:20081026-100048

[29](10:00:49)[2]-- TIME:20081026-100049

[30](10:00:50)[3]-- TIME:20081026-100050

[31](10:00:50)192.168.1.31: Timeout
[32](10:00:50)192.168.1.32: Timeout
[33](10:00:51)[0]-- TIME:20081026-100051

[34](10:00:52)[1]-- TIME:20081026-100052

[35](10:00:53)[2]-- TIME:20081026-100053

[36](10:00:54)[3]-- TIME:20081026-100054

[37](10:00:54)192.168.1.31: Timeout
[38](10:00:54)192.168.1.32: Timeout
[39](10:00:55)[0]-- TIME:20081026-100055

[40](10:00:56)[1]-- TIME:20081026-100056

[41](10:00:57)[2]-- TIME:20081026-100057

[42](10:00:58)[3]-- TIME:20081026-100058

[43](10:00:58)192.168.1.31: Timeout
[44](10:00:58)192.168.1.32: Timeout
[45](10:00:59)[0]-- TIME:20081026-100059

[46](10:01:00)[1]-- TIME:20081026-100100

[47](10:01:01)[2]-- TIME:20081026-100101

[48](10:01:02)[3]-- TIME:20081026-100102

[49](10:01:02)192.168.1.31: Timeout
[50](10:01:02)192.168.1.32: Timeout
[51](10:01:03)[0]-- TIME:20081026-100103

[52](10:01:04)[1]-- TIME:20081026-100104

[53](10:01:05)[2]-- TIME:20081026-100105

[54](10:01:06)[3]-- TIME:20081026-100106

[55](10:01:06)192.168.1.31: Timeout
[56](10:01:06)192.168.1.32: Timeout
[57](10:01:07)[0]-- TIME:20081026-100107

[58](10:01:08)[1]-- TIME:20081026-100108

[59](10:01:09)[2]-- TIME:20081026-100109

[60](10:01:10)[3]-- TIME:20081026-100110

[61](10:01:10)192.168.1.31: Timeout
[62](10:01:10)192.168.1.32: Timeout
[63](10:01:11)[0]-- TIME:20081026-100111

[64](10:01:12)[1]-- TIME:20081026-100112

[65](10:01:13)[2]-- TIME:20081026-100113

[66](10:01:14)[3]-- TIME:20081026-100114

[67](10:01:14)192.168.1.31: Timeout
[68](10:01:14)192.168.1.32: Timeout
[69](10:01:15)[0]-- TIME:20081026-100115

[70](10:01:16)[1]-- TIME:20081026-100116

[71](10:01:17)[2]-- TIME:20081026-100117

[72](10:01:18)[3]-- TIME:20081026-100118

[73](10:01:18)192.168.1.31: Timeout
[74](10:01:18)192.168.1.32: Timeout
[75](10:01:19)[0]-- TIME:20081026-100119

[76](10:01:20)[1]-- TIME:20081026-100120

[77](10:01:21)[2]-- TIME:20081026-100121

[78](10:01:22)[3]-- TIME:20081026-100122

[79](10:01:22)192.168.1.31: Timeout
[80](10:01:22)192.168.1.32: Timeout
[81](10:01:23)[0]-- TIME:20081026-100123

[82](10:01:24)[1]-- TIME:20081026-100124

[83](10:01:25)[2]-- TIME:20081026-100125

[84](10:01:26)[3]-- TIME:20081026-100126

[85](10:01:26)192.168.1.31: Timeout
[86](10:01:26)192.168.1.32: Timeout
[87](10:01:27)[0]-- TIME:20081026-100127

[88](10:01:28)[1]-- TIME:20081026-100128

[89](10:01:29)[2]-- TIME:20081026-100129

[90](10:01:30)[3]-- TIME:20081026-100130

[91](10:01:30)192.168.1.31: Timeout
[92](10:01:30)192.168.1.32: Timeout
[93](10:01:31)[0]-- TIME:20081026-100131

[94](10:01:32)[1]-- TIME:20081026-100132

[95](10:01:33)[2]-- TIME:20081026-100133

[96](10:01:34)[3]-- TIME:20081026-100134

[97](10:01:34)192.168.1.31: Timeout
[98](10:01:34)192.168.1.32: Timeout
[99](10:01:35)[0]-- TIME:20081026-100135

[100](10:01:36)[1]-- TIME:20081026-100136

[101](10:01:37)[2]-- TIME:20081026-100137

[102](10:01:37)Stop logging data
[103](10:01:38)[2]-- TIME:20081026-100138

[104](10:01:40)======== MONITA APP CLOSING =========
[105](10:01:40)============ BYE BYE ===============