
[0](10:10:37)======== MONITA APP STARTING ===========
[1](10:10:37)Load file konfigurasi
[2](10:10:37)Baca konfig
[3](10:10:37)Baca konfig: OK
[4](10:13:22)======== MONITA APP CLOSING =========
[5](10:13:22)============ BYE BYE ===============
[0](10:58:28)======== MONITA APP STARTING ===========
[1](10:58:28)Load file konfigurasi
[2](10:58:28)Baca konfig
[3](10:58:28)Baca konfig: OK
[0](11:00:20)======== MONITA APP STARTING ===========
[1](11:00:20)Load file konfigurasi
[2](11:00:20)Baca konfig
[3](11:00:20)Baca konfig: OK
[0](11:02:44)======== MONITA APP STARTING ===========
[1](11:02:44)Load file konfigurasi
[2](11:02:44)Baca konfig
[3](11:02:44)Baca konfig: OK
[4](11:02:59)======== MONITA APP CLOSING =========
[5](11:02:59)============ BYE BYE ===============
[0](11:04:26)======== MONITA APP STARTING ===========
[1](11:04:26)Load file konfigurasi
[2](11:04:26)Baca konfig
[3](11:04:26)Baca konfig: OK
[0](11:12:49)======== MONITA APP STARTING ===========
[1](11:12:49)Load file konfigurasi
[2](11:12:49)Baca konfig
[3](11:12:49)Baca konfig: OK
[0](11:15:45)======== MONITA APP STARTING ===========
[1](11:15:45)Load file konfigurasi
[2](11:15:45)Baca konfig
[3](11:15:45)Baca konfig: OK
[4](11:16:14)======== MONITA APP CLOSING =========
[5](11:16:14)============ BYE BYE ===============
[0](11:18:04)======== MONITA APP STARTING ===========
[1](11:18:04)Load file konfigurasi
[2](11:18:04)Baca konfig
[3](11:18:04)Baca konfig: OK
[0](11:19:46)======== MONITA APP STARTING ===========
[1](11:19:46)Load file konfigurasi
[2](11:19:46)Baca konfig
[3](11:19:46)Baca konfig: OK
[0](11:21:04)======== MONITA APP STARTING ===========
[1](11:21:04)Load file konfigurasi
[2](11:21:04)Baca konfig
[3](11:21:04)Baca konfig: OK
[0](11:51:38)======== MONITA APP STARTING ===========
[1](11:51:38)Load file konfigurasi
[2](11:51:38)Baca konfig
[3](11:51:38)Baca konfig: OK
[0](12:50:04)======== MONITA APP STARTING ===========
[1](12:50:04)Load file konfigurasi
[2](12:50:04)Baca konfig
[3](12:50:04)Baca konfig: OK
[4](12:50:08)Simpan report csv: OK
[0](13:29:19)======== MONITA APP STARTING ===========
[1](13:29:19)Load file konfigurasi
[2](13:29:19)Baca konfig
[3](13:29:19)Baca konfig: OK
[4](13:29:25)Simpan report csv: OK
[0](13:30:57)======== MONITA APP STARTING ===========
[1](13:30:57)Load file konfigurasi
[2](13:30:57)Baca konfig
[3](13:30:57)Baca konfig: OK
[4](13:31:01)Simpan report csv: OK
[0](14:06:22)======== MONITA APP STARTING ===========
[1](14:06:22)Load file konfigurasi
[2](14:06:22)Baca konfig
[3](14:06:22)Baca konfig: OK
[4](14:06:26)Simpan report csv: OK
[0](14:27:01)======== MONITA APP STARTING ===========
[1](14:27:01)Load file konfigurasi
[2](14:27:01)Baca konfig
[3](14:27:01)Baca konfig: OK
[4](14:27:05)Simpan report csv: OK
[0](14:34:33)======== MONITA APP STARTING ===========
[1](14:34:33)Load file konfigurasi
[2](14:34:33)Baca konfig
[3](14:34:33)Baca konfig: OK
[4](14:34:36)Simpan report csv: OK
[5](14:36:05)======== MONITA APP CLOSING =========
[6](14:36:05)============ BYE BYE ===============
[0](14:37:31)======== MONITA APP STARTING ===========
[1](14:37:31)Load file konfigurasi
[2](14:37:31)Baca konfig
[3](14:37:31)Baca konfig: OK
[4](14:37:35)Simpan report csv: OK
[0](14:39:54)======== MONITA APP STARTING ===========
[1](14:39:54)Load file konfigurasi
[2](14:39:54)Baca konfig
[3](14:39:54)Baca konfig: OK
[4](14:39:58)Simpan report csv: OK
[0](14:41:57)======== MONITA APP STARTING ===========
[1](14:41:57)Load file konfigurasi
[2](14:41:57)Baca konfig
[3](14:41:57)Baca konfig: OK
[4](14:42:00)Simpan report csv: OK
[0](14:45:12)======== MONITA APP STARTING ===========
[1](14:45:12)Load file konfigurasi
[2](14:45:12)Baca konfig
[3](14:45:12)Baca konfig: OK
[0](14:56:19)======== MONITA APP STARTING ===========
[1](14:56:19)Load file konfigurasi
[2](14:56:19)Baca konfig
[3](14:56:19)Baca konfig: OK
[0](14:58:32)======== MONITA APP STARTING ===========
[1](14:58:32)Load file konfigurasi
[2](14:58:32)Baca konfig
[3](14:58:32)Baca konfig: OK
[0](15:00:35)======== MONITA APP STARTING ===========
[1](15:00:35)Load file konfigurasi
[2](15:00:35)Baca konfig
[3](15:00:35)Baca konfig: OK
[0](15:20:59)======== MONITA APP STARTING ===========
[1](15:20:59)Load file konfigurasi
[2](15:20:59)Baca konfig
[3](15:20:59)Baca konfig: OK
[4](15:21:03)Simpan report csv: OK
[0](15:33:54)======== MONITA APP STARTING ===========
[1](15:33:54)Load file konfigurasi
[2](15:33:54)Baca konfig
[3](15:33:54)Baca konfig: OK
[0](15:34:54)======== MONITA APP STARTING ===========
[1](15:34:54)Load file konfigurasi
[2](15:34:54)Baca konfig
[3](15:34:54)Baca konfig: OK
[0](15:35:37)======== MONITA APP STARTING ===========
[1](15:35:37)Load file konfigurasi
[2](15:35:37)Baca konfig
[3](15:35:37)Baca konfig: OK
[0](15:49:21)======== MONITA APP STARTING ===========
[1](15:49:21)Load file konfigurasi
[2](15:49:21)Baca konfig
[3](15:49:21)Baca konfig: OK
[0](16:29:31)======== MONITA APP STARTING ===========
[1](16:29:31)Load file konfigurasi
[2](16:29:31)Baca konfig
[3](16:29:31)Baca konfig: OK
[0](16:33:45)======== MONITA APP STARTING ===========
[1](16:33:45)Load file konfigurasi
[2](16:33:45)Baca konfig
[3](16:33:45)Baca konfig: OK
[4](16:33:50)SELECT * FROM data_harian RIGHT JOIN waktu on waktu.id_waktu=data_harian.id_waktu WHERE id_titik_ukur='93' AND waktu.waktu LIKE '20080923%'ORDER BY waktu ASC LIMIT 1440
[0](16:58:59)======== MONITA APP STARTING ===========
[1](16:58:59)Load file konfigurasi
[2](16:58:59)Baca konfig
[3](16:58:59)Baca konfig: OK
[4](16:59:06)SELECT * FROM data_harian RIGHT JOIN waktu on waktu.id_waktu=data_harian.id_waktu WHERE id_titik_ukur='93' AND waktu.waktu LIKE '20080923%'ORDER BY waktu ASC LIMIT 1440
[0](17:01:41)======== MONITA APP STARTING ===========
[1](17:01:41)Load file konfigurasi
[2](17:01:41)Baca konfig
[3](17:01:41)Baca konfig: OK
[4](17:01:44)SELECT * FROM data_harian RIGHT JOIN waktu on waktu.id_waktu=data_harian.id_waktu WHERE id_titik_ukur='93' AND waktu.waktu LIKE '20080923%'ORDER BY waktu ASC LIMIT 1440
[0](17:02:59)======== MONITA APP STARTING ===========
[1](17:02:59)Load file konfigurasi
[2](17:02:59)Baca konfig
[3](17:02:59)Baca konfig: OK
[4](17:03:03)SELECT * FROM data_harian RIGHT JOIN waktu on waktu.id_waktu=data_harian.id_waktu WHERE id_titik_ukur='93' AND waktu.waktu LIKE '20080923%'ORDER BY waktu ASC LIMIT 1440