
[0](10:26:33)======== MONITA APP STARTING ===========
[1](10:26:33)Load file konfigurasi
[2](10:26:33)Baca konfig
[3](10:26:33)Baca konfig: OK
[4](10:26:37)Simpan konfig
[5](10:26:37)Simpan konfig: OK
[6](10:26:40)Mulai logging data
[7](10:26:42)[0]-- TIME:20081027-102642

[8](10:26:43)[1]-- TIME:20081027-102643

[9](10:26:44)[2]-- TIME:20081027-102644

[10](10:26:45)[3]-- TIME:20081027-102645

[11](10:26:45)ALARM: Data Titik 153 (kWh) diluar jangkauan ukur
[12](10:26:45)ALARM: Data Titik 140 (KwH) diluar jangkauan ukur
[13](10:26:45)ALARM: Data Titik 127 (kWh) diluar jangkauan ukur
[14](10:26:45)ALARM: Data Titik 113 (kWh) diluar jangkauan ukur
[15](10:26:45)ALARM: Data Titik 101 (kwh) diluar jangkauan ukur
[16](10:26:45)192.168.1.25: Timeout
[17](10:26:45)ALARM: Data Titik 108 (Flowmeter) diluar jangkauan ukur
[18](10:26:45)192.168.1.39: Timeout
[19](10:26:45)192.168.1.29: Timeout
[20](10:26:45)192.168.1.32: Timeout
[21](10:26:46)[0]-- TIME:20081027-102646

[22](10:26:46)Stop logging data
[23](10:26:47)[2]-- TIME:20081027-102647

[24](10:32:58)Mulai logging data
[25](10:32:59)[0]-- TIME:20081027-103259

[26](10:33:00)[1]-- TIME:20081027-103300

[27](10:33:01)[2]-- TIME:20081027-103301

[28](10:33:02)[3]-- TIME:20081027-103302

[29](10:33:02)ALARM: Data Titik 153 (kWh) diluar jangkauan ukur
[30](10:33:02)ALARM: Data Titik 140 (KwH) diluar jangkauan ukur
[31](10:33:02)ALARM: Data Titik 127 (kWh) diluar jangkauan ukur
[32](10:33:02)ALARM: Data Titik 113 (kWh) diluar jangkauan ukur
[33](10:33:02)ALARM: Data Titik 101 (kwh) diluar jangkauan ukur
[34](10:33:02)192.168.1.25: Timeout
[35](10:33:02)ALARM: Data Titik 108 (Flowmeter) diluar jangkauan ukur
[36](10:33:02)192.168.1.29: Timeout
[37](10:33:02)192.168.1.32: Timeout
[38](10:33:03)[0]-- TIME:20081027-103303

[39](10:33:04)[1]-- TIME:20081027-103304

[40](10:33:05)[2]-- TIME:20081027-103305

[41](10:33:06)[3]-- TIME:20081027-103306

[42](10:33:06)ALARM: Data Titik 153 (kWh) diluar jangkauan ukur
[43](10:33:06)ALARM: Data Titik 140 (KwH) diluar jangkauan ukur
[44](10:33:06)ALARM: Data Titik 127 (kWh) diluar jangkauan ukur
[45](10:33:06)ALARM: Data Titik 113 (kWh) diluar jangkauan ukur
[46](10:33:06)ALARM: Data Titik 101 (kwh) diluar jangkauan ukur
[47](10:33:06)192.168.1.25: Timeout
[48](10:33:06)ALARM: Data Titik 108 (Flowmeter) diluar jangkauan ukur
[49](10:33:06)192.168.1.29: Timeout
[50](10:33:06)192.168.1.32: Timeout
[51](10:33:07)[0]-- TIME:20081027-103307

[52](10:33:08)[1]-- TIME:20081027-103308

[53](10:33:09)[2]-- TIME:20081027-103309

[54](10:33:10)[3]-- TIME:20081027-103310

[55](10:33:10)ALARM: Data Titik 153 (kWh) diluar jangkauan ukur
[56](10:33:10)ALARM: Data Titik 140 (KwH) diluar jangkauan ukur
[57](10:33:10)ALARM: Data Titik 127 (kWh) diluar jangkauan ukur
[58](10:33:10)ALARM: Data Titik 113 (kWh) diluar jangkauan ukur
[59](10:33:10)ALARM: Data Titik 101 (kwh) diluar jangkauan ukur
[60](10:33:10)192.168.1.25: Timeout
[61](10:33:10)ALARM: Data Titik 108 (Flowmeter) diluar jangkauan ukur
[62](10:33:10)192.168.1.29: Timeout
[63](10:33:10)192.168.1.32: Timeout
[64](10:33:11)[0]-- TIME:20081027-103311

[65](10:33:12)Stop logging data
[66](10:33:12)[2]-- TIME:20081027-103312

[67](11:09:37)Mulai logging data
[68](11:09:38)[0]-- TIME:20081027-110938

[69](11:09:39)[1]-- TIME:20081027-110939

[70](11:09:40)[2]-- TIME:20081027-110940

[71](11:09:41)[3]-- TIME:20081027-110941

[72](11:09:41)ALARM: Data Titik 153 (kWh) diluar jangkauan ukur
[73](11:09:41)ALARM: Data Titik 140 (KwH) diluar jangkauan ukur
[74](11:09:41)ALARM: Data Titik 127 (kWh) diluar jangkauan ukur
[75](11:09:41)ALARM: Data Titik 113 (kWh) diluar jangkauan ukur
[76](11:09:41)ALARM: Data Titik 101 (kwh) diluar jangkauan ukur
[77](11:09:41)192.168.1.25: Timeout
[78](11:09:41)ALARM: Data Titik 108 (Flowmeter) diluar jangkauan ukur
[79](11:09:41)192.168.1.29: Timeout
[80](11:09:41)192.168.1.32: Timeout
[81](11:09:42)[0]-- TIME:20081027-110942

[82](11:09:43)[1]-- TIME:20081027-110943

[83](11:09:44)[2]-- TIME:20081027-110944

[84](11:09:45)[3]-- TIME:20081027-110945

[85](11:09:45)ALARM: Data Titik 153 (kWh) diluar jangkauan ukur
[86](11:09:45)ALARM: Data Titik 140 (KwH) diluar jangkauan ukur
[87](11:09:45)ALARM: Data Titik 127 (kWh) diluar jangkauan ukur
[88](11:09:45)ALARM: Data Titik 113 (kWh) diluar jangkauan ukur
[89](11:09:45)ALARM: Data Titik 101 (kwh) diluar jangkauan ukur
[90](11:09:45)192.168.1.25: Timeout
[91](11:09:45)ALARM: Data Titik 108 (Flowmeter) diluar jangkauan ukur
[92](11:09:45)192.168.1.29: Timeout
[93](11:09:45)192.168.1.32: Timeout
[94](11:09:46)[0]-- TIME:20081027-110946

[95](11:09:47)[1]-- TIME:20081027-110947

[96](11:09:48)[2]-- TIME:20081027-110948

[97](11:09:49)[3]-- TIME:20081027-110949

[98](11:09:49)ALARM: Data Titik 153 (kWh) diluar jangkauan ukur
[99](11:09:49)ALARM: Data Titik 140 (KwH) diluar jangkauan ukur
[100](11:09:49)ALARM: Data Titik 127 (kWh) diluar jangkauan ukur
[101](11:09:49)ALARM: Data Titik 113 (kWh) diluar jangkauan ukur
[102](11:09:49)ALARM: Data Titik 101 (kwh) diluar jangkauan ukur
[103](11:09:49)192.168.1.25: Timeout
[104](11:09:49)ALARM: Data Titik 108 (Flowmeter) diluar jangkauan ukur
[105](11:09:49)192.168.1.29: Timeout
[106](11:09:49)192.168.1.32: Timeout
[107](11:09:50)[0]-- TIME:20081027-110950

[108](11:09:51)[1]-- TIME:20081027-110951

[109](11:09:52)[2]-- TIME:20081027-110952

[110](11:09:53)[3]-- TIME:20081027-110953

[111](11:09:53)ALARM: Data Titik 153 (kWh) diluar jangkauan ukur
[112](11:09:53)ALARM: Data Titik 140 (KwH) diluar jangkauan ukur
[113](11:09:53)ALARM: Data Titik 127 (kWh) diluar jangkauan ukur
[114](11:09:53)ALARM: Data Titik 113 (kWh) diluar jangkauan ukur
[115](11:09:53)ALARM: Data Titik 101 (kwh) diluar jangkauan ukur
[116](11:09:53)192.168.1.25: Timeout
[117](11:09:53)ALARM: Data Titik 108 (Flowmeter) diluar jangkauan ukur
[118](11:09:53)192.168.1.29: Timeout
[119](11:09:53)192.168.1.32: Timeout
[120](11:09:54)[0]-- TIME:20081027-110954

[121](11:09:55)[1]-- TIME:20081027-110955

[122](11:09:56)[2]-- TIME:20081027-110956

[123](11:09:57)[3]-- TIME:20081027-110957

[124](11:09:57)ALARM: Data Titik 153 (kWh) diluar jangkauan ukur
[125](11:09:57)ALARM: Data Titik 140 (KwH) diluar jangkauan ukur
[126](11:09:57)ALARM: Data Titik 127 (kWh) diluar jangkauan ukur
[127](11:09:57)ALARM: Data Titik 113 (kWh) diluar jangkauan ukur
[128](11:09:57)ALARM: Data Titik 101 (kwh) diluar jangkauan ukur
[129](11:09:57)192.168.1.25: Timeout
[130](11:09:57)ALARM: Data Titik 108 (Flowmeter) diluar jangkauan ukur
[131](11:09:57)192.168.1.29: Timeout
[132](11:09:57)192.168.1.32: Timeout
[133](11:09:58)[0]-- TIME:20081027-110958

[134](11:09:59)[1]-- TIME:20081027-110959

[135](11:10:00)[2]-- TIME:20081027-111000

[136](11:10:01)[3]-- TIME:20081027-111001

[137](11:10:01)ALARM: Data Titik 153 (kWh) diluar jangkauan ukur
[138](11:10:01)ALARM: Data Titik 140 (KwH) diluar jangkauan ukur
[139](11:10:01)ALARM: Data Titik 127 (kWh) diluar jangkauan ukur
[140](11:10:01)ALARM: Data Titik 113 (kWh) diluar jangkauan ukur
[141](11:10:01)ALARM: Data Titik 101 (kwh) diluar jangkauan ukur
[142](11:10:01)192.168.1.25: Timeout
[143](11:10:01)ALARM: Data Titik 108 (Flowmeter) diluar jangkauan ukur
[144](11:10:01)192.168.1.29: Timeout
[145](11:10:01)192.168.1.32: Timeout
[146](11:10:02)[0]-- TIME:20081027-111002

[147](11:10:03)[1]-- TIME:20081027-111003

[148](11:10:04)[2]-- TIME:20081027-111004

[149](11:10:05)[3]-- TIME:20081027-111005

[150](11:10:05)ALARM: Data Titik 153 (kWh) diluar jangkauan ukur
[151](11:10:05)ALARM: Data Titik 140 (KwH) diluar jangkauan ukur
[152](11:10:05)ALARM: Data Titik 127 (kWh) diluar jangkauan ukur
[153](11:10:05)ALARM: Data Titik 113 (kWh) diluar jangkauan ukur
[154](11:10:05)ALARM: Data Titik 101 (kwh) diluar jangkauan ukur
[155](11:10:05)192.168.1.25: Timeout
[156](11:10:05)ALARM: Data Titik 108 (Flowmeter) diluar jangkauan ukur
[157](11:10:05)192.168.1.29: Timeout
[158](11:10:05)192.168.1.32: Timeout
[159](11:10:06)[0]-- TIME:20081027-111006

[160](11:10:07)[1]-- TIME:20081027-111007

[161](11:10:08)[2]-- TIME:20081027-111008

[162](11:10:09)[3]-- TIME:20081027-111009

[163](11:10:09)ALARM: Data Titik 153 (kWh) diluar jangkauan ukur
[164](11:10:09)ALARM: Data Titik 140 (KwH) diluar jangkauan ukur
[165](11:10:09)ALARM: Data Titik 127 (kWh) diluar jangkauan ukur
[166](11:10:09)ALARM: Data Titik 113 (kWh) diluar jangkauan ukur
[167](11:10:09)ALARM: Data Titik 101 (kwh) diluar jangkauan ukur
[168](11:10:09)192.168.1.25: Timeout
[169](11:10:09)ALARM: Data Titik 108 (Flowmeter) diluar jangkauan ukur
[170](11:10:09)192.168.1.29: Timeout
[171](11:10:09)192.168.1.32: Timeout
[172](11:10:10)[0]-- TIME:20081027-111010

[173](11:10:11)[1]-- TIME:20081027-111011

[174](11:10:12)[2]-- TIME:20081027-111012

[175](11:10:13)[3]-- TIME:20081027-111013

[176](11:10:13)ALARM: Data Titik 153 (kWh) diluar jangkauan ukur
[177](11:10:13)ALARM: Data Titik 140 (KwH) diluar jangkauan ukur
[178](11:10:13)ALARM: Data Titik 127 (kWh) diluar jangkauan ukur
[179](11:10:13)ALARM: Data Titik 113 (kWh) diluar jangkauan ukur
[180](11:10:13)ALARM: Data Titik 101 (kwh) diluar jangkauan ukur
[181](11:10:13)192.168.1.25: Timeout
[182](11:10:13)ALARM: Data Titik 108 (Flowmeter) diluar jangkauan ukur
[183](11:10:13)192.168.1.29: Timeout
[184](11:10:13)192.168.1.32: Timeout
[185](11:10:14)[0]-- TIME:20081027-111014

[186](11:10:15)[1]-- TIME:20081027-111015

[187](11:10:16)[2]-- TIME:20081027-111016

[188](11:10:17)[3]-- TIME:20081027-111017

[189](11:10:17)ALARM: Data Titik 153 (kWh) diluar jangkauan ukur
[190](11:10:17)ALARM: Data Titik 140 (KwH) diluar jangkauan ukur
[191](11:10:17)ALARM: Data Titik 127 (kWh) diluar jangkauan ukur
[192](11:10:17)ALARM: Data Titik 113 (kWh) diluar jangkauan ukur
[193](11:10:17)ALARM: Data Titik 101 (kwh) diluar jangkauan ukur
[194](11:10:17)192.168.1.25: Timeout
[195](11:10:17)ALARM: Data Titik 108 (Flowmeter) diluar jangkauan ukur
[196](11:10:17)192.168.1.29: Timeout
[197](11:10:17)192.168.1.32: Timeout
[198](11:10:18)[0]-- TIME:20081027-111018

[199](11:10:19)[1]-- TIME:20081027-111019

[200](11:10:20)[2]-- TIME:20081027-111020

[201](11:10:21)[3]-- TIME:20081027-111021

[202](11:10:21)ALARM: Data Titik 153 (kWh) diluar jangkauan ukur
[203](11:10:21)ALARM: Data Titik 140 (KwH) diluar jangkauan ukur
[204](11:10:21)ALARM: Data Titik 127 (kWh) diluar jangkauan ukur
[205](11:10:21)ALARM: Data Titik 113 (kWh) diluar jangkauan ukur
[206](11:10:21)ALARM: Data Titik 101 (kwh) diluar jangkauan ukur
[207](11:10:21)192.168.1.25: Timeout
[208](11:10:21)ALARM: Data Titik 108 (Flowmeter) diluar jangkauan ukur
[209](11:10:21)192.168.1.29: Timeout
[210](11:10:21)192.168.1.32: Timeout
[211](11:10:22)[0]-- TIME:20081027-111022

[212](11:10:23)[1]-- TIME:20081027-111023

[213](11:10:24)[2]-- TIME:20081027-111024

[214](11:10:25)[3]-- TIME:20081027-111025

[215](11:10:25)ALARM: Data Titik 153 (kWh) diluar jangkauan ukur
[216](11:10:25)ALARM: Data Titik 140 (KwH) diluar jangkauan ukur
[217](11:10:25)ALARM: Data Titik 127 (kWh) diluar jangkauan ukur
[218](11:10:25)ALARM: Data Titik 113 (kWh) diluar jangkauan ukur
[219](11:10:25)ALARM: Data Titik 101 (kwh) diluar jangkauan ukur
[220](11:10:25)192.168.1.25: Timeout
[221](11:10:25)ALARM: Data Titik 108 (Flowmeter) diluar jangkauan ukur
[222](11:10:25)192.168.1.29: Timeout
[223](11:10:25)192.168.1.32: Timeout
[224](11:10:26)[0]-- TIME:20081027-111026

[225](11:10:27)[1]-- TIME:20081027-111027

[226](11:10:28)[2]-- TIME:20081027-111028

[227](11:10:29)[3]-- TIME:20081027-111029

[228](11:10:29)ALARM: Data Titik 153 (kWh) diluar jangkauan ukur
[229](11:10:29)ALARM: Data Titik 140 (KwH) diluar jangkauan ukur
[230](11:10:29)ALARM: Data Titik 127 (kWh) diluar jangkauan ukur
[231](11:10:29)ALARM: Data Titik 113 (kWh) diluar jangkauan ukur
[232](11:10:29)ALARM: Data Titik 101 (kwh) diluar jangkauan ukur
[233](11:10:29)192.168.1.25: Timeout
[234](11:10:29)ALARM: Data Titik 108 (Flowmeter) diluar jangkauan ukur
[235](11:10:29)192.168.1.29: Timeout
[236](11:10:29)192.168.1.32: Timeout
[237](11:10:30)[0]-- TIME:20081027-111030

[238](11:10:31)[1]-- TIME:20081027-111031

[239](11:10:32)[2]-- TIME:20081027-111032

[240](11:10:33)[3]-- TIME:20081027-111033

[241](11:10:33)ALARM: Data Titik 153 (kWh) diluar jangkauan ukur
[242](11:10:33)ALARM: Data Titik 140 (KwH) diluar jangkauan ukur
[243](11:10:33)ALARM: Data Titik 127 (kWh) diluar jangkauan ukur
[244](11:10:33)ALARM: Data Titik 113 (kWh) diluar jangkauan ukur
[245](11:10:33)ALARM: Data Titik 101 (kwh) diluar jangkauan ukur
[246](11:10:33)192.168.1.25: Timeout
[247](11:10:33)ALARM: Data Titik 108 (Flowmeter) diluar jangkauan ukur
[248](11:10:33)192.168.1.29: Timeout
[249](11:10:33)192.168.1.32: Timeout
[250](11:10:34)[0]-- TIME:20081027-111034

[251](11:10:35)[1]-- TIME:20081027-111035

[252](11:10:36)[2]-- TIME:20081027-111036

[253](11:10:37)[3]-- TIME:20081027-111037

[254](11:10:37)ALARM: Data Titik 153 (kWh) diluar jangkauan ukur
[255](11:10:37)ALARM: Data Titik 140 (KwH) diluar jangkauan ukur
[256](11:10:37)ALARM: Data Titik 127 (kWh) diluar jangkauan ukur
[257](11:10:37)ALARM: Data Titik 113 (kWh) diluar jangkauan ukur
[258](11:10:37)ALARM: Data Titik 101 (kwh) diluar jangkauan ukur
[259](11:10:37)192.168.1.25: Timeout
[260](11:10:37)ALARM: Data Titik 108 (Flowmeter) diluar jangkauan ukur
[261](11:10:37)192.168.1.29: Timeout
[262](11:10:37)192.168.1.32: Timeout
[263](11:10:38)[0]-- TIME:20081027-111038

[264](11:10:39)[1]-- TIME:20081027-111039

[265](11:10:40)[2]-- TIME:20081027-111040

[266](11:10:41)[3]-- TIME:20081027-111041

[267](11:10:41)ALARM: Data Titik 153 (kWh) diluar jangkauan ukur
[268](11:10:41)ALARM: Data Titik 140 (KwH) diluar jangkauan ukur
[269](11:10:41)ALARM: Data Titik 127 (kWh) diluar jangkauan ukur
[270](11:10:41)ALARM: Data Titik 113 (kWh) diluar jangkauan ukur
[271](11:10:41)ALARM: Data Titik 101 (kwh) diluar jangkauan ukur
[272](11:10:41)192.168.1.25: Timeout
[273](11:10:41)ALARM: Data Titik 108 (Flowmeter) diluar jangkauan ukur
[274](11:10:41)192.168.1.29: Timeout
[275](11:10:41)192.168.1.32: Timeout
[276](11:10:42)[0]-- TIME:20081027-111042

[277](11:10:43)[1]-- TIME:20081027-111043

[278](11:10:44)[2]-- TIME:20081027-111044

[279](11:10:45)[3]-- TIME:20081027-111045

[280](11:10:45)ALARM: Data Titik 153 (kWh) diluar jangkauan ukur
[281](11:10:45)ALARM: Data Titik 140 (KwH) diluar jangkauan ukur
[282](11:10:45)ALARM: Data Titik 127 (kWh) diluar jangkauan ukur
[283](11:10:45)ALARM: Data Titik 113 (kWh) diluar jangkauan ukur
[284](11:10:45)ALARM: Data Titik 101 (kwh) diluar jangkauan ukur
[285](11:10:45)192.168.1.25: Timeout
[286](11:10:45)ALARM: Data Titik 108 (Flowmeter) diluar jangkauan ukur
[287](11:10:45)192.168.1.29: Timeout
[288](11:10:45)192.168.1.32: Timeout
[289](11:10:46)[0]-- TIME:20081027-111046

[290](11:10:47)[1]-- TIME:20081027-111047

[291](11:10:48)[2]-- TIME:20081027-111048

[292](11:10:49)[3]-- TIME:20081027-111049

[293](11:10:49)ALARM: Data Titik 153 (kWh) diluar jangkauan ukur
[294](11:10:49)ALARM: Data Titik 140 (KwH) diluar jangkauan ukur
[295](11:10:49)ALARM: Data Titik 127 (kWh) diluar jangkauan ukur
[296](11:10:49)ALARM: Data Titik 113 (kWh) diluar jangkauan ukur
[297](11:10:49)ALARM: Data Titik 101 (kwh) diluar jangkauan ukur
[298](11:10:49)192.168.1.25: Timeout
[299](11:10:49)ALARM: Data Titik 108 (Flowmeter) diluar jangkauan ukur
[300](11:10:49)192.168.1.29: Timeout
[301](11:10:49)192.168.1.32: Timeout
[302](11:10:50)[0]-- TIME:20081027-111050

[303](11:10:51)[1]-- TIME:20081027-111051

[304](11:10:52)[2]-- TIME:20081027-111052

[305](11:10:53)[3]-- TIME:20081027-111053

[306](11:10:53)ALARM: Data Titik 153 (kWh) diluar jangkauan ukur
[307](11:10:53)ALARM: Data Titik 140 (KwH) diluar jangkauan ukur
[308](11:10:53)ALARM: Data Titik 127 (kWh) diluar jangkauan ukur
[309](11:10:53)ALARM: Data Titik 113 (kWh) diluar jangkauan ukur
[310](11:10:53)ALARM: Data Titik 101 (kwh) diluar jangkauan ukur
[311](11:10:53)192.168.1.25: Timeout
[312](11:10:53)ALARM: Data Titik 108 (Flowmeter) diluar jangkauan ukur
[313](11:10:53)192.168.1.29: Timeout
[314](11:10:53)192.168.1.32: Timeout
[315](11:10:54)[0]-- TIME:20081027-111054

[316](11:10:55)[1]-- TIME:20081027-111055

[317](11:10:56)[2]-- TIME:20081027-111056

[318](11:10:57)[3]-- TIME:20081027-111057

[319](11:10:57)ALARM: Data Titik 153 (kWh) diluar jangkauan ukur
[320](11:10:57)ALARM: Data Titik 140 (KwH) diluar jangkauan ukur
[321](11:10:57)ALARM: Data Titik 127 (kWh) diluar jangkauan ukur
[322](11:10:57)ALARM: Data Titik 113 (kWh) diluar jangkauan ukur
[323](11:10:57)ALARM: Data Titik 101 (kwh) diluar jangkauan ukur
[324](11:10:57)192.168.1.25: Timeout
[325](11:10:57)ALARM: Data Titik 108 (Flowmeter) diluar jangkauan ukur
[326](11:10:57)192.168.1.29: Timeout
[327](11:10:57)192.168.1.32: Timeout
[328](11:10:58)[0]-- TIME:20081027-111058

[329](11:10:59)[1]-- TIME:20081027-111059

[330](11:11:00)[2]-- TIME:20081027-111100

[331](11:11:01)[3]-- TIME:20081027-111101

[332](11:11:01)ALARM: Data Titik 153 (kWh) diluar jangkauan ukur
[333](11:11:01)ALARM: Data Titik 140 (KwH) diluar jangkauan ukur
[334](11:11:01)ALARM: Data Titik 127 (kWh) diluar jangkauan ukur
[335](11:11:01)ALARM: Data Titik 113 (kWh) diluar jangkauan ukur
[336](11:11:01)ALARM: Data Titik 101 (kwh) diluar jangkauan ukur
[337](11:11:01)192.168.1.25: Timeout
[338](11:11:01)ALARM: Data Titik 108 (Flowmeter) diluar jangkauan ukur
[339](11:11:01)192.168.1.29: Timeout
[340](11:11:01)192.168.1.32: Timeout
[341](11:11:02)[0]-- TIME:20081027-111102

[342](11:11:03)[1]-- TIME:20081027-111103

[343](11:11:04)[2]-- TIME:20081027-111104

[344](11:11:05)[3]-- TIME:20081027-111105

[345](11:11:05)ALARM: Data Titik 153 (kWh) diluar jangkauan ukur
[346](11:11:05)ALARM: Data Titik 140 (KwH) diluar jangkauan ukur
[347](11:11:05)ALARM: Data Titik 127 (kWh) diluar jangkauan ukur
[348](11:11:05)ALARM: Data Titik 113 (kWh) diluar jangkauan ukur
[349](11:11:05)ALARM: Data Titik 101 (kwh) diluar jangkauan ukur
[350](11:11:05)192.168.1.25: Timeout
[351](11:11:05)ALARM: Data Titik 108 (Flowmeter) diluar jangkauan ukur
[352](11:11:05)192.168.1.29: Timeout
[353](11:11:05)192.168.1.32: Timeout
[354](11:11:06)[0]-- TIME:20081027-111106

[355](11:11:07)[1]-- TIME:20081027-111107

[356](11:11:08)[2]-- TIME:20081027-111108

[357](11:11:09)[3]-- TIME:20081027-111109

[358](11:11:09)ALARM: Data Titik 153 (kWh) diluar jangkauan ukur
[359](11:11:09)ALARM: Data Titik 140 (KwH) diluar jangkauan ukur
[360](11:11:09)ALARM: Data Titik 127 (kWh) diluar jangkauan ukur
[361](11:11:09)ALARM: Data Titik 113 (kWh) diluar jangkauan ukur
[362](11:11:09)ALARM: Data Titik 101 (kwh) diluar jangkauan ukur
[363](11:11:09)192.168.1.25: Timeout
[364](11:11:09)ALARM: Data Titik 108 (Flowmeter) diluar jangkauan ukur
[365](11:11:09)192.168.1.29: Timeout
[366](11:11:09)192.168.1.32: Timeout
[367](11:11:10)[0]-- TIME:20081027-111110

[368](11:11:11)[1]-- TIME:20081027-111111

[369](11:11:12)[2]-- TIME:20081027-111112

[370](11:11:13)[3]-- TIME:20081027-111113

[371](11:11:13)ALARM: Data Titik 153 (kWh) diluar jangkauan ukur
[372](11:11:13)ALARM: Data Titik 140 (KwH) diluar jangkauan ukur
[373](11:11:13)ALARM: Data Titik 127 (kWh) diluar jangkauan ukur
[374](11:11:13)ALARM: Data Titik 113 (kWh) diluar jangkauan ukur
[375](11:11:13)ALARM: Data Titik 101 (kwh) diluar jangkauan ukur
[376](11:11:13)192.168.1.25: Timeout
[377](11:11:13)ALARM: Data Titik 108 (Flowmeter) diluar jangkauan ukur
[378](11:11:13)192.168.1.29: Timeout
[379](11:11:13)192.168.1.32: Timeout
[380](11:11:14)[0]-- TIME:20081027-111114

[381](11:11:15)[1]-- TIME:20081027-111115

[382](11:11:16)[2]-- TIME:20081027-111116

[383](11:11:17)[3]-- TIME:20081027-111117

[384](11:11:17)ALARM: Data Titik 153 (kWh) diluar jangkauan ukur
[385](11:11:17)ALARM: Data Titik 140 (KwH) diluar jangkauan ukur
[386](11:11:17)ALARM: Data Titik 127 (kWh) diluar jangkauan ukur
[387](11:11:17)ALARM: Data Titik 113 (kWh) diluar jangkauan ukur
[388](11:11:17)ALARM: Data Titik 101 (kwh) diluar jangkauan ukur
[389](11:11:17)192.168.1.25: Timeout
[390](11:11:17)ALARM: Data Titik 108 (Flowmeter) diluar jangkauan ukur
[391](11:11:17)192.168.1.29: Timeout
[392](11:11:17)192.168.1.32: Timeout
[393](11:11:18)[0]-- TIME:20081027-111118

[394](11:11:19)[1]-- TIME:20081027-111119

[395](11:11:20)[2]-- TIME:20081027-111120

[396](11:11:21)[3]-- TIME:20081027-111121

[397](11:11:21)ALARM: Data Titik 153 (kWh) diluar jangkauan ukur
[398](11:11:21)ALARM: Data Titik 140 (KwH) diluar jangkauan ukur
[399](11:11:21)ALARM: Data Titik 127 (kWh) diluar jangkauan ukur
[400](11:11:21)ALARM: Data Titik 113 (kWh) diluar jangkauan ukur
[401](11:11:21)ALARM: Data Titik 101 (kwh) diluar jangkauan ukur
[402](11:11:21)192.168.1.25: Timeout
[403](11:11:21)ALARM: Data Titik 108 (Flowmeter) diluar jangkauan ukur
[404](11:11:21)192.168.1.29: Timeout
[405](11:11:21)192.168.1.32: Timeout
[406](11:11:22)[0]-- TIME:20081027-111122

[407](11:11:23)[1]-- TIME:20081027-111123

[408](11:11:24)[2]-- TIME:20081027-111124

[409](11:11:25)[3]-- TIME:20081027-111125

[410](11:11:25)ALARM: Data Titik 153 (kWh) diluar jangkauan ukur
[411](11:11:25)ALARM: Data Titik 140 (KwH) diluar jangkauan ukur
[412](11:11:25)ALARM: Data Titik 127 (kWh) diluar jangkauan ukur
[413](11:11:25)ALARM: Data Titik 113 (kWh) diluar jangkauan ukur
[414](11:11:25)ALARM: Data Titik 101 (kwh) diluar jangkauan ukur
[415](11:11:25)192.168.1.25: Timeout
[416](11:11:25)ALARM: Data Titik 108 (Flowmeter) diluar jangkauan ukur
[417](11:11:25)192.168.1.29: Timeout
[418](11:11:25)192.168.1.32: Timeout
[419](11:11:26)[0]-- TIME:20081027-111126

[420](11:11:27)[1]-- TIME:20081027-111127

[421](11:11:28)[2]-- TIME:20081027-111128

[422](11:11:29)[3]-- TIME:20081027-111129

[423](11:11:29)ALARM: Data Titik 153 (kWh) diluar jangkauan ukur
[424](11:11:29)ALARM: Data Titik 140 (KwH) diluar jangkauan ukur
[425](11:11:29)ALARM: Data Titik 127 (kWh) diluar jangkauan ukur
[426](11:11:29)ALARM: Data Titik 113 (kWh) diluar jangkauan ukur
[427](11:11:29)ALARM: Data Titik 101 (kwh) diluar jangkauan ukur
[428](11:11:29)192.168.1.25: Timeout
[429](11:11:29)ALARM: Data Titik 108 (Flowmeter) diluar jangkauan ukur
[430](11:11:29)192.168.1.29: Timeout
[431](11:11:29)192.168.1.32: Timeout
[432](11:11:30)[0]-- TIME:20081027-111130

[433](11:11:31)[1]-- TIME:20081027-111131

[434](11:11:32)[2]-- TIME:20081027-111132

[435](11:11:33)[3]-- TIME:20081027-111133

[436](11:11:33)ALARM: Data Titik 153 (kWh) diluar jangkauan ukur
[437](11:11:33)ALARM: Data Titik 140 (KwH) diluar jangkauan ukur
[438](11:11:33)ALARM: Data Titik 127 (kWh) diluar jangkauan ukur
[439](11:11:33)ALARM: Data Titik 113 (kWh) diluar jangkauan ukur
[440](11:11:33)ALARM: Data Titik 101 (kwh) diluar jangkauan ukur
[441](11:11:33)192.168.1.25: Timeout
[442](11:11:33)ALARM: Data Titik 108 (Flowmeter) diluar jangkauan ukur
[443](11:11:33)192.168.1.29: Timeout
[444](11:11:33)192.168.1.32: Timeout
[445](11:11:34)[0]-- TIME:20081027-111134

[446](11:11:35)[1]-- TIME:20081027-111135

[447](11:11:36)[2]-- TIME:20081027-111136

[448](11:11:37)[3]-- TIME:20081027-111137

[449](11:11:37)ALARM: Data Titik 153 (kWh) diluar jangkauan ukur
[450](11:11:37)ALARM: Data Titik 140 (KwH) diluar jangkauan ukur
[451](11:11:37)ALARM: Data Titik 127 (kWh) diluar jangkauan ukur
[452](11:11:37)ALARM: Data Titik 113 (kWh) diluar jangkauan ukur
[453](11:11:37)ALARM: Data Titik 101 (kwh) diluar jangkauan ukur
[454](11:11:37)192.168.1.25: Timeout
[455](11:11:37)ALARM: Data Titik 108 (Flowmeter) diluar jangkauan ukur
[456](11:11:37)192.168.1.29: Timeout
[457](11:11:37)192.168.1.32: Timeout
[458](11:11:38)[0]-- TIME:20081027-111138

[459](11:11:39)[1]-- TIME:20081027-111139

[460](11:11:40)[2]-- TIME:20081027-111140

[461](11:11:41)[3]-- TIME:20081027-111141

[462](11:11:41)ALARM: Data Titik 153 (kWh) diluar jangkauan ukur
[463](11:11:41)ALARM: Data Titik 140 (KwH) diluar jangkauan ukur
[464](11:11:41)ALARM: Data Titik 127 (kWh) diluar jangkauan ukur
[465](11:11:41)ALARM: Data Titik 113 (kWh) diluar jangkauan ukur
[466](11:11:41)ALARM: Data Titik 101 (kwh) diluar jangkauan ukur
[467](11:11:41)192.168.1.25: Timeout
[468](11:11:41)ALARM: Data Titik 108 (Flowmeter) diluar jangkauan ukur
[469](11:11:41)192.168.1.29: Timeout
[470](11:11:41)192.168.1.32: Timeout
[471](11:11:42)[0]-- TIME:20081027-111142

[472](11:11:43)[1]-- TIME:20081027-111143

[473](11:11:44)[2]-- TIME:20081027-111144

[474](11:11:45)Stop logging data
[475](11:11:45)[2]-- TIME:20081027-111145
