
[0](11:15:38)======== MONITA APP STARTING ===========
[1](11:15:38)Load file konfigurasi
[2](11:15:38)Baca konfig
[3](11:15:38)Baca konfig: OK
[4](11:15:39)Mulai logging data
[5](11:15:40)[0]-- TIME:20081026-111540

[6](11:15:41)[1]-- TIME:20081026-111541

[7](11:15:42)[2]-- TIME:20081026-111542

[8](11:15:43)[3]-- TIME:20081026-111543

[9](11:15:43)192.168.1.31: Timeout
[10](11:15:43)192.168.1.32: Timeout
[11](11:15:44)[0]-- TIME:20081026-111544

[12](11:15:45)[1]-- TIME:20081026-111545

[13](11:15:46)[2]-- TIME:20081026-111546

[14](11:15:47)[3]-- TIME:20081026-111547

[15](11:15:47)192.168.1.31: Timeout
[16](11:15:47)192.168.1.32: Timeout
[17](11:15:48)[0]-- TIME:20081026-111548

[18](11:15:49)[1]-- TIME:20081026-111549

[19](11:15:50)[2]-- TIME:20081026-111550

[20](11:15:51)[3]-- TIME:20081026-111551

[21](11:15:51)192.168.1.31: Timeout
[22](11:15:51)192.168.1.32: Timeout
[23](11:15:52)[0]-- TIME:20081026-111552

[24](11:15:53)Stop logging data
[25](11:15:53)[2]-- TIME:20081026-111553
