
[0](09:22:59)======== MONITA APP STARTING ===========
[1](09:22:59)Load file konfigurasi
[2](09:22:59)Baca konfig
[3](09:22:59)Baca konfig: OK
[0](09:51:37)======== MONITA APP STARTING ===========
[1](09:51:37)Load file konfigurasi
[2](09:51:37)Baca konfig
[3](09:51:37)Baca konfig: OK
[0](10:41:20)======== MONITA APP STARTING ===========
[1](10:41:20)Load file konfigurasi
[2](10:41:20)Baca konfig
[3](10:41:20)Baca konfig: OK
[4](10:41:23)======== MONITA APP CLOSING =========
[5](10:41:23)============ BYE BYE ===============
[0](10:56:22)======== MONITA APP STARTING ===========
[1](10:56:22)Load file konfigurasi
[2](10:56:22)Baca konfig
[3](10:56:22)Baca konfig: OK
[0](11:02:45)======== MONITA APP STARTING ===========
[1](11:02:45)Load file konfigurasi
[2](11:02:45)Baca konfig
[3](11:02:45)Baca konfig: OK
[0](11:04:03)======== MONITA APP STARTING ===========
[1](11:04:03)Load file konfigurasi
[2](11:04:03)Baca konfig
[3](11:04:03)Baca konfig: OK
[0](11:20:29)======== MONITA APP STARTING ===========
[1](11:20:29)Load file konfigurasi
[2](11:20:29)Baca konfig
[3](11:20:29)Baca konfig: OK
[0](11:31:15)======== MONITA APP STARTING ===========
[1](11:31:15)Load file konfigurasi
[2](11:31:15)Baca konfig
[3](11:31:15)Baca konfig: OK
[0](11:32:23)======== MONITA APP STARTING ===========
[1](11:32:23)Load file konfigurasi
[2](11:32:23)Baca konfig
[3](11:32:23)Baca konfig: OK
[0](11:41:47)======== MONITA APP STARTING ===========
[1](11:41:47)Load file konfigurasi
[2](11:41:47)Baca konfig
[3](11:41:47)Baca konfig: OK
[4](11:42:15)======== MONITA APP CLOSING =========
[5](11:42:15)============ BYE BYE ===============
[0](11:45:22)======== MONITA APP STARTING ===========
[1](11:45:22)Load file konfigurasi
[2](11:45:22)Baca konfig
[3](11:45:22)Baca konfig: OK
[0](12:59:49)======== MONITA APP STARTING ===========
[1](12:59:49)Load file konfigurasi
[2](12:59:49)Baca konfig
[3](12:59:49)Baca konfig: OK
[0](14:54:56)======== MONITA APP STARTING ===========
[1](14:54:56)Load file konfigurasi
[2](14:54:56)Baca konfig
[3](14:54:56)Baca konfig: OK
[0](15:05:11)======== MONITA APP STARTING ===========
[1](15:05:11)Load file konfigurasi
[2](15:05:11)Baca konfig
[3](15:05:11)Baca konfig: OK
[0](15:22:23)======== MONITA APP STARTING ===========
[1](15:22:23)Load file konfigurasi
[2](15:22:23)Baca konfig
[3](15:22:23)Baca konfig: OK
[0](15:27:46)======== MONITA APP STARTING ===========
[1](15:27:46)Load file konfigurasi
[2](15:27:46)Baca konfig
[3](15:27:46)Baca konfig: OK
[4](15:40:39)======== MONITA APP CLOSING =========
[5](15:40:39)============ BYE BYE ===============
[0](16:37:55)======== MONITA APP STARTING ===========
[1](16:37:55)Load file konfigurasi
[2](16:37:55)Baca konfig
[3](16:37:55)Baca konfig: OK
[0](16:43:23)======== MONITA APP STARTING ===========
[1](16:43:23)Load file konfigurasi
[2](16:43:23)Baca konfig
[3](16:43:23)Baca konfig: OK
[0](17:00:27)======== MONITA APP STARTING ===========
[1](17:00:27)Load file konfigurasi
[2](17:00:27)Baca konfig
[3](17:00:27)Baca konfig: OK
[4](17:00:31)======== MONITA APP CLOSING =========
[5](17:00:31)============ BYE BYE ===============
[0](17:04:37)======== MONITA APP STARTING ===========
[1](17:04:37)Load file konfigurasi
[2](17:04:37)Baca konfig
[3](17:04:37)Baca konfig: OK
[4](17:04:42)Mulai logging data
[0](18:19:05)======== MONITA APP STARTING ===========
[1](18:19:05)Load file konfigurasi
[2](18:19:05)Baca konfig
[3](18:19:05)Baca konfig: OK
[4](18:19:10)======== MONITA APP CLOSING =========
[5](18:19:10)============ BYE BYE ===============
[0](18:26:37)======== MONITA APP STARTING ===========
[1](18:26:37)Load file konfigurasi
[2](18:26:37)Baca konfig
[3](18:26:37)Baca konfig: OK
[4](18:26:39)Mulai logging data
[0](18:28:01)======== MONITA APP STARTING ===========
[1](18:28:01)Load file konfigurasi
[2](18:28:01)Baca konfig
[3](18:28:01)Baca konfig: OK
[4](18:28:03)Mulai logging data
[0](18:34:26)======== MONITA APP STARTING ===========
[1](18:34:26)Load file konfigurasi
[2](18:34:26)Baca konfig
[3](18:34:26)Baca konfig: OK
[4](18:34:27)Mulai logging data
[0](18:40:52)======== MONITA APP STARTING ===========
[1](18:40:52)Load file konfigurasi
[2](18:40:52)Baca konfig
[3](18:40:52)Baca konfig: OK
[4](18:40:53)Mulai logging data
[0](18:42:44)======== MONITA APP STARTING ===========
[1](18:42:44)Load file konfigurasi
[2](18:42:44)Baca konfig
[3](18:42:44)Baca konfig: OK
[4](18:42:45)Mulai logging data
[0](18:45:44)======== MONITA APP STARTING ===========
[1](18:45:44)Load file konfigurasi
[2](18:45:44)Baca konfig
[3](18:45:44)Baca konfig: OK
[4](18:45:45)Mulai logging data
[0](18:47:14)======== MONITA APP STARTING ===========
[1](18:47:14)Load file konfigurasi
[2](18:47:14)Baca konfig
[3](18:47:14)Baca konfig: OK
[4](18:47:15)Mulai logging data
[5](18:47:16)[0]-- TIME:20080925-184716

[6](18:47:17)[1]-- TIME:20080925-184717

[7](18:47:18)Stop logging data
[8](18:47:18)[2]-- TIME:20080925-184718

[9](18:47:20)======== MONITA APP CLOSING =========
[10](18:47:20)============ BYE BYE ===============
[0](18:49:34)======== MONITA APP STARTING ===========
[1](18:49:34)Load file konfigurasi
[2](18:49:34)Baca konfig
[3](18:49:34)Baca konfig: OK
[4](18:50:15)Mulai logging data
[0](18:53:01)======== MONITA APP STARTING ===========
[1](18:53:01)Load file konfigurasi
[2](18:53:01)Baca konfig
[3](18:53:01)Baca konfig: OK
[4](18:53:02)Mulai logging data
[0](19:00:06)======== MONITA APP STARTING ===========
[1](19:00:06)Load file konfigurasi
[2](19:00:06)Baca konfig
[3](19:00:06)Baca konfig: OK
[4](19:00:07)Mulai logging data
[0](19:03:11)======== MONITA APP STARTING ===========
[1](19:03:11)Load file konfigurasi
[2](19:03:11)Baca konfig
[3](19:03:11)Baca konfig: OK
[4](19:03:13)Mulai logging data
[0](19:04:19)======== MONITA APP STARTING ===========
[1](19:04:19)Load file konfigurasi
[2](19:04:19)Baca konfig
[3](19:04:19)Baca konfig: OK
[4](19:04:20)Mulai logging data
[5](19:04:21)[0]-- TIME:20080925-190421

[6](19:04:22)[1]-- TIME:20080925-190422

[7](19:04:23)[2]-- TIME:20080925-190423

[8](19:04:24)[3]-- TIME:20080925-190424

[9](19:04:24)ALARM: Data Titik 97 diluar jangkauan ukur
[10](19:04:24)ALARM: Data Titik 102 tinggi
[11](19:04:24)ALARM: Data Titik 104 tinggi
[12](19:04:24)ALARM: Data Titik 158 tinggi
[13](19:04:25)ALARM: Data Titik 177 tinggi
[14](19:04:25)ALARM: Data Titik 186 rendah
[15](19:04:28)[0]-- TIME:20080925-190428

[16](19:04:29)[1]-- TIME:20080925-190429

[17](19:04:30)[2]-- TIME:20080925-190430

[18](19:04:31)[3]-- TIME:20080925-190431

[19](19:04:31)ALARM: Data Titik 97 diluar jangkauan ukur
[20](19:04:31)ALARM: Data Titik 102 tinggi
[21](19:04:31)ALARM: Data Titik 104 tinggi
[22](19:04:31)ALARM: Data Titik 158 tinggi
[23](19:04:31)ALARM: Data Titik 177 tinggi
[24](19:04:31)ALARM: Data Titik 186 rendah
[25](19:04:32)[0]-- TIME:20080925-190432

[26](19:04:33)[1]-- TIME:20080925-190433

[27](19:04:34)[2]-- TIME:20080925-190434

[28](19:04:34)Stop logging data
[29](19:04:35)[2]-- TIME:20080925-190435

[30](19:04:58)Mulai logging data
[31](19:04:59)[0]-- TIME:20080925-190459

[32](19:05:00)[1]-- TIME:20080925-190500

[33](19:05:01)[2]-- TIME:20080925-190501

[34](19:05:02)[3]-- TIME:20080925-190502

[35](19:05:02)ALARM: Data Titik 97 diluar jangkauan ukur
[36](19:05:02)ALARM: Data Titik 102 tinggi
[37](19:05:02)ALARM: Data Titik 104 tinggi
[38](19:05:02)ALARM: Data Titik 158 tinggi
[39](19:05:02)ALARM: Data Titik 177 tinggi
[40](19:05:02)ALARM: Data Titik 186 rendah
[41](19:05:03)[0]-- TIME:20080925-190503

[42](19:05:04)[1]-- TIME:20080925-190504

[43](19:05:05)[2]-- TIME:20080925-190505

[44](19:05:06)[3]-- TIME:20080925-190506

[45](19:05:06)ALARM: Data Titik 97 diluar jangkauan ukur
[46](19:05:06)ALARM: Data Titik 102 tinggi
[47](19:05:06)ALARM: Data Titik 104 tinggi
[48](19:05:06)ALARM: Data Titik 158 tinggi
[49](19:05:06)ALARM: Data Titik 177 tinggi
[50](19:05:06)ALARM: Data Titik 186 rendah
[51](19:05:07)[0]-- TIME:20080925-190507

[52](19:05:08)[1]-- TIME:20080925-190508

[53](19:05:09)[2]-- TIME:20080925-190509

[54](19:05:10)[3]-- TIME:20080925-190510

[55](19:05:10)ALARM: Data Titik 97 diluar jangkauan ukur
[56](19:05:10)ALARM: Data Titik 102 tinggi
[57](19:05:10)ALARM: Data Titik 104 tinggi
[58](19:05:10)ALARM: Data Titik 158 tinggi
[59](19:05:10)ALARM: Data Titik 177 tinggi
[60](19:05:10)ALARM: Data Titik 186 rendah
[61](19:05:11)[0]-- TIME:20080925-190511

[62](19:05:12)[1]-- TIME:20080925-190512

[63](19:05:13)Stop logging data
[64](19:05:13)[2]-- TIME:20080925-190513

[65](19:05:15)======== MONITA APP CLOSING =========
[66](19:05:15)============ BYE BYE ===============
[0](19:14:49)======== MONITA APP STARTING ===========
[1](19:14:49)Load file konfigurasi
[2](19:14:49)Baca konfig
[3](19:14:49)Baca konfig: OK
[4](19:14:50)Mulai logging data
[5](19:14:51)[0]-- TIME:20080925-191451

[6](19:14:52)[1]-- TIME:20080925-191452

[7](19:14:53)[2]-- TIME:20080925-191453

[8](19:14:54)[3]-- TIME:20080925-191454

[9](19:14:55)ALARM: Data Titik 97 diluar jangkauan ukur
[10](19:14:55)ALARM: Data Titik 102 tinggi
[11](19:14:55)ALARM: Data Titik 104 tinggi
[12](19:14:55)ALARM: Data Titik 158 tinggi
[13](19:14:55)ALARM: Data Titik 177 tinggi
[14](19:14:55)ALARM: Data Titik 186 rendah
[15](19:14:57)[0]-- TIME:20080925-191457

[16](19:14:58)[1]-- TIME:20080925-191458

[17](19:14:59)[2]-- TIME:20080925-191459

[18](19:15:00)[3]-- TIME:20080925-191500

[19](19:15:00)ALARM: Data Titik 97 diluar jangkauan ukur
[20](19:15:00)ALARM: Data Titik 104 tinggi
[21](19:15:00)ALARM: Data Titik 158 tinggi
[22](19:15:00)ALARM: Data Titik 177 tinggi
[23](19:15:00)ALARM: Data Titik 186 rendah
[24](19:15:01)[0]-- TIME:20080925-191501

[25](19:15:02)[1]-- TIME:20080925-191502

[26](19:15:03)[2]-- TIME:20080925-191503

[27](19:15:04)Stop logging data
[28](19:15:04)[2]-- TIME:20080925-191504

[0](19:27:25)======== MONITA APP STARTING ===========
[1](19:27:25)Load file konfigurasi
[2](19:27:25)Baca konfig
[3](19:27:25)Baca konfig: OK
[4](19:27:27)Mulai logging data
[5](19:27:28)[0]-- TIME:20080925-192728

[6](19:27:29)[1]-- TIME:20080925-192729

[7](19:27:30)[2]-- TIME:20080925-192730

[8](19:27:31)[3]-- TIME:20080925-192731

[9](19:27:31)ALARM: Data Titik 97 diluar jangkauan ukur
[10](19:27:31)ALARM: Data Titik 102 tinggi
[11](19:27:31)ALARM: Data Titik 104 tinggi
[12](19:27:31)ALARM: Data Titik 177 tinggi
[13](19:27:31)ALARM: Data Titik 186 rendah
[14](19:27:33)[0]-- TIME:20080925-192733

[15](19:27:34)[1]-- TIME:20080925-192734

[16](19:27:35)[2]-- TIME:20080925-192735

[17](19:27:36)[3]-- TIME:20080925-192736

[18](19:27:36)ALARM: Data Titik 97 diluar jangkauan ukur
[19](19:27:36)ALARM: Data Titik 102 tinggi
[20](19:27:36)ALARM: Data Titik 104 tinggi
[21](19:27:36)ALARM: Data Titik 177 tinggi
[22](19:27:37)ALARM: Data Titik 186 rendah
[23](19:27:37)[0]-- TIME:20080925-192737

[24](19:27:38)[1]-- TIME:20080925-192738

[25](19:27:39)[2]-- TIME:20080925-192739

[26](19:27:40)[3]-- TIME:20080925-192740

[27](19:27:40)ALARM: Data Titik 97 diluar jangkauan ukur
[28](19:27:40)ALARM: Data Titik 102 tinggi
[29](19:27:40)ALARM: Data Titik 104 tinggi
[30](19:27:40)ALARM: Data Titik 177 tinggi
[31](19:27:40)ALARM: Data Titik 186 rendah
[32](19:27:41)[0]-- TIME:20080925-192741

[33](19:27:42)[1]-- TIME:20080925-192742

[34](19:27:43)[2]-- TIME:20080925-192743

[35](19:27:44)[3]-- TIME:20080925-192744

[36](19:27:44)ALARM: Data Titik 97 diluar jangkauan ukur
[37](19:27:44)ALARM: Data Titik 102 tinggi
[38](19:27:44)ALARM: Data Titik 104 tinggi
[39](19:27:44)ALARM: Data Titik 177 tinggi
[40](19:27:44)ALARM: Data Titik 186 rendah
[41](19:27:45)[0]-- TIME:20080925-192745

[42](19:27:46)[1]-- TIME:20080925-192746

[43](19:27:47)[2]-- TIME:20080925-192747

[44](19:27:48)[3]-- TIME:20080925-192748

[45](19:27:48)ALARM: Data Titik 97 diluar jangkauan ukur
[46](19:27:48)ALARM: Data Titik 102 tinggi
[47](19:27:48)ALARM: Data Titik 104 tinggi
[48](19:27:48)ALARM: Data Titik 177 tinggi
[49](19:27:49)ALARM: Data Titik 186 rendah
[50](19:27:49)[0]-- TIME:20080925-192749

[51](19:27:50)[1]-- TIME:20080925-192750

[52](19:27:51)[2]-- TIME:20080925-192751

[53](19:27:52)[3]-- TIME:20080925-192752

[54](19:27:52)ALARM: Data Titik 97 diluar jangkauan ukur
[55](19:27:52)ALARM: Data Titik 102 tinggi
[56](19:27:52)ALARM: Data Titik 104 tinggi
[57](19:27:52)ALARM: Data Titik 177 tinggi
[58](19:27:52)ALARM: Data Titik 186 rendah
[59](19:27:53)[0]-- TIME:20080925-192753

[60](19:27:54)[1]-- TIME:20080925-192754

[61](19:27:55)[2]-- TIME:20080925-192755

[62](19:27:56)[3]-- TIME:20080925-192756

[63](19:27:56)ALARM: Data Titik 97 diluar jangkauan ukur
[64](19:27:56)ALARM: Data Titik 102 tinggi
[65](19:27:56)ALARM: Data Titik 104 tinggi
[66](19:27:56)ALARM: Data Titik 177 tinggi
[67](19:27:57)ALARM: Data Titik 186 rendah
[68](19:27:57)[0]-- TIME:20080925-192757

[69](19:27:58)[1]-- TIME:20080925-192758

[70](19:27:59)[2]-- TIME:20080925-192759

[71](19:28:00)[3]-- TIME:20080925-192800

[72](19:28:00)ALARM: Data Titik 97 diluar jangkauan ukur
[73](19:28:01)ALARM: Data Titik 102 tinggi
[74](19:28:01)ALARM: Data Titik 104 tinggi
[75](19:28:01)ALARM: Data Titik 177 tinggi
[76](19:28:01)ALARM: Data Titik 186 rendah
[77](19:28:01)[0]-- TIME:20080925-192801

[78](19:28:02)[1]-- TIME:20080925-192802

[79](19:28:03)[2]-- TIME:20080925-192803

[80](19:28:04)Stop logging data
[81](19:28:04)[2]-- TIME:20080925-192804

[82](19:28:07)Mulai logging data
[83](19:28:09)[0]-- TIME:20080925-192809

[84](19:28:10)[1]-- TIME:20080925-192810

[85](19:28:11)[2]-- TIME:20080925-192811

[86](19:28:12)[3]-- TIME:20080925-192812

[87](19:28:12)ALARM: Data Titik 97 diluar jangkauan ukur
[88](19:28:12)ALARM: Data Titik 102 tinggi
[89](19:28:12)ALARM: Data Titik 104 tinggi
[90](19:28:12)ALARM: Data Titik 177 tinggi
[91](19:28:12)ALARM: Data Titik 186 rendah
[92](19:28:13)[0]-- TIME:20080925-192813

[93](19:28:14)[1]-- TIME:20080925-192814

[94](19:28:15)[2]-- TIME:20080925-192815

[95](19:28:16)[3]-- TIME:20080925-192816

[96](19:28:16)ALARM: Data Titik 97 diluar jangkauan ukur
[97](19:28:16)ALARM: Data Titik 102 tinggi
[98](19:28:16)ALARM: Data Titik 104 tinggi
[99](19:28:16)ALARM: Data Titik 177 tinggi
[100](19:28:16)ALARM: Data Titik 186 rendah
[101](19:28:17)[0]-- TIME:20080925-192817

[102](19:28:18)[1]-- TIME:20080925-192818

[103](19:28:19)[2]-- TIME:20080925-192819

[104](19:28:20)[3]-- TIME:20080925-192820

[105](19:28:20)ALARM: Data Titik 97 diluar jangkauan ukur
[106](19:28:20)ALARM: Data Titik 102 tinggi
[107](19:28:20)ALARM: Data Titik 104 tinggi
[108](19:28:20)ALARM: Data Titik 177 tinggi
[109](19:28:20)ALARM: Data Titik 186 rendah
[110](19:28:21)[0]-- TIME:20080925-192821

[111](19:28:22)[1]-- TIME:20080925-192822

[112](19:28:23)[2]-- TIME:20080925-192823

[113](19:28:24)[3]-- TIME:20080925-192824

[114](19:28:24)ALARM: Data Titik 97 diluar jangkauan ukur
[115](19:28:24)ALARM: Data Titik 102 tinggi
[116](19:28:24)ALARM: Data Titik 104 tinggi
[117](19:28:24)ALARM: Data Titik 177 tinggi
[118](19:28:24)ALARM: Data Titik 186 rendah
[119](19:28:25)[0]-- TIME:20080925-192825

[120](19:28:26)[1]-- TIME:20080925-192826

[121](19:28:27)[2]-- TIME:20080925-192827

[122](19:28:28)[3]-- TIME:20080925-192828

[123](19:28:28)ALARM: Data Titik 97 diluar jangkauan ukur
[124](19:28:28)ALARM: Data Titik 102 tinggi
[125](19:28:28)ALARM: Data Titik 104 tinggi
[126](19:28:28)ALARM: Data Titik 177 tinggi
[127](19:28:28)ALARM: Data Titik 186 rendah
[128](19:28:29)[0]-- TIME:20080925-192829

[129](19:28:30)[1]-- TIME:20080925-192830

[130](19:28:31)[2]-- TIME:20080925-192831

[131](19:28:32)[3]-- TIME:20080925-192832

[132](19:28:32)ALARM: Data Titik 97 diluar jangkauan ukur
[133](19:28:32)ALARM: Data Titik 102 tinggi
[134](19:28:32)ALARM: Data Titik 104 tinggi
[135](19:28:32)ALARM: Data Titik 177 tinggi
[136](19:28:32)ALARM: Data Titik 186 rendah
[137](19:28:33)[0]-- TIME:20080925-192833

[138](19:28:34)[1]-- TIME:20080925-192834

[139](19:28:35)[2]-- TIME:20080925-192835

[140](19:28:36)[3]-- TIME:20080925-192836

[141](19:28:36)ALARM: Data Titik 97 diluar jangkauan ukur
[142](19:28:36)ALARM: Data Titik 102 tinggi
[143](19:28:36)ALARM: Data Titik 104 tinggi
[144](19:28:36)ALARM: Data Titik 177 tinggi
[145](19:28:36)ALARM: Data Titik 186 rendah
[146](19:28:37)[0]-- TIME:20080925-192837

[147](19:28:38)[1]-- TIME:20080925-192838

[148](19:28:39)[2]-- TIME:20080925-192839

[149](19:28:40)[3]-- TIME:20080925-192840

[150](19:28:40)ALARM: Data Titik 97 diluar jangkauan ukur
[151](19:28:40)ALARM: Data Titik 102 tinggi
[152](19:28:40)ALARM: Data Titik 104 tinggi
[153](19:28:40)ALARM: Data Titik 177 tinggi
[154](19:28:40)ALARM: Data Titik 186 rendah
[155](19:28:41)[0]-- TIME:20080925-192841

[156](19:28:42)[1]-- TIME:20080925-192842

[157](19:28:43)[2]-- TIME:20080925-192843

[158](19:28:44)[3]-- TIME:20080925-192844

[159](19:28:44)ALARM: Data Titik 97 diluar jangkauan ukur
[160](19:28:44)ALARM: Data Titik 102 tinggi
[161](19:28:44)ALARM: Data Titik 104 tinggi
[162](19:28:44)ALARM: Data Titik 177 tinggi
[163](19:28:44)ALARM: Data Titik 186 rendah
[164](19:28:45)[0]-- TIME:20080925-192845

[165](19:28:46)[1]-- TIME:20080925-192846

[166](19:28:47)[2]-- TIME:20080925-192847

[167](19:28:48)[3]-- TIME:20080925-192848

[168](19:28:48)ALARM: Data Titik 97 diluar jangkauan ukur
[169](19:28:48)ALARM: Data Titik 102 tinggi
[170](19:28:48)ALARM: Data Titik 104 tinggi
[171](19:28:48)ALARM: Data Titik 177 tinggi
[172](19:28:48)ALARM: Data Titik 186 rendah
[173](19:28:49)[0]-- TIME:20080925-192849

[174](19:28:49)======== MONITA APP CLOSING =========
[175](19:28:49)============ BYE BYE ===============