
[0](18:45:33)======== MONITA APP STARTING ===========
[1](18:45:33)Load file konfigurasi
[2](18:45:33)Baca konfig
[3](18:45:33)Baca konfig: OK
[4](18:45:34)Mulai logging data
[5](18:45:35)[0]-- TIME:20081028-184535

[6](18:45:36)[1]-- TIME:20081028-184536

[7](18:45:37)[2]-- TIME:20081028-184537

[8](18:45:38)[3]-- TIME:20081028-184538

[9](18:45:38)192.168.1.110: Timeout
[10](18:45:38)192.168.1.110: Timeout
[11](18:45:38)ALARM: Data Titik 127 (kWh) diluar jangkauan ukur
[12](18:45:38)ALARM: Data Titik 130 (Voltage) diluar jangkauan ukur
[13](18:45:38)ALARM: Data Titik 113 (kWh) diluar jangkauan ukur
[14](18:45:38)ALARM: Data Titik 116 (Voltage) diluar jangkauan ukur
[15](18:45:38)ALARM: Data Titik 101 (kwh) diluar jangkauan ukur
[16](18:45:38)192.168.1.18: Timeout
[17](18:45:38)ALARM: Data Titik 108 (Flowmeter) diluar jangkauan ukur
[18](18:45:38)192.168.1.29: Timeout
[19](18:45:39)[0]-- TIME:20081028-184539

[20](18:45:40)[1]-- TIME:20081028-184540

[21](18:45:41)Stop logging data
[22](18:45:41)[2]-- TIME:20081028-184541

[23](18:45:43)======== MONITA APP CLOSING =========
[24](18:45:43)============ BYE BYE ===============