
[0](21:42:55)======== MONITA APP STARTING ===========
[1](21:42:55)Load file konfigurasi
[2](21:42:55)Baca konfig
[3](21:42:55)Baca konfig: OK
[4](21:45:13)Mulai logging data
[5](21:45:14)[0]-- TIME:20081026-214514

[6](21:45:15)[1]-- TIME:20081026-214515

[7](21:45:16)[2]-- TIME:20081026-214516

[8](21:45:17)[3]-- TIME:20081026-214517

[9](21:45:17)192.168.1.31: Timeout
[10](21:45:18)[0]-- TIME:20081026-214518

[11](21:45:19)[1]-- TIME:20081026-214519

[12](21:45:20)[2]-- TIME:20081026-214520

[13](21:45:21)[3]-- TIME:20081026-214521

[14](21:45:21)192.168.1.31: Timeout
[15](21:45:22)[0]-- TIME:20081026-214522

[16](21:45:23)[1]-- TIME:20081026-214523

[17](21:45:24)[2]-- TIME:20081026-214524

[18](21:45:25)[3]-- TIME:20081026-214525

[19](21:45:25)192.168.1.31: Timeout
[20](21:45:26)[0]-- TIME:20081026-214526

[21](21:45:27)[1]-- TIME:20081026-214527

[22](21:45:28)[2]-- TIME:20081026-214528

[23](21:45:29)[3]-- TIME:20081026-214529

[24](21:45:29)192.168.1.31: Timeout
[25](21:45:30)[0]-- TIME:20081026-214530

[26](21:45:31)[1]-- TIME:20081026-214531

[27](21:45:32)[2]-- TIME:20081026-214532

[28](21:45:33)[3]-- TIME:20081026-214533

[29](21:45:33)192.168.1.31: Timeout
[30](21:45:34)[0]-- TIME:20081026-214534

[31](21:45:35)[1]-- TIME:20081026-214535

[32](21:45:36)[2]-- TIME:20081026-214536

[33](21:45:37)[3]-- TIME:20081026-214537

[34](21:45:37)192.168.1.31: Timeout
[35](21:45:38)[0]-- TIME:20081026-214538

[36](21:45:39)Stop logging data
[37](21:45:39)[2]-- TIME:20081026-214539

[38](21:46:11)Mulai logging data
[39](21:46:12)[0]-- TIME:20081026-214612

[40](21:46:13)[1]-- TIME:20081026-214613

[41](21:46:14)[2]-- TIME:20081026-214614

[42](21:46:15)[3]-- TIME:20081026-214615

[43](21:46:15)192.168.1.31: Timeout
[44](21:46:16)[0]-- TIME:20081026-214616

[45](21:46:17)[1]-- TIME:20081026-214617

[46](21:46:18)[2]-- TIME:20081026-214618

[47](21:46:19)[3]-- TIME:20081026-214619

[48](21:46:19)192.168.1.31: Timeout
[49](21:46:20)[0]-- TIME:20081026-214620

[50](21:46:21)Stop logging data
[51](21:46:21)[2]-- TIME:20081026-214621

[52](21:46:23)======== MONITA APP CLOSING =========
[53](21:46:23)============ BYE BYE ===============