
[0](14:45:01)ALARM: Data Titik 97 diluar jangkauan ukur
[1](14:45:01)[0]-- TIME:20080926-144501

[2](14:45:02)[1]-- TIME:20080926-144502

[3](14:45:03)[2]-- TIME:20080926-144503

[4](14:45:04)[3]-- TIME:20080926-144504

[5](14:45:04)ALARM: Data Titik 214 diluar jangkauan ukur
[6](14:45:04)ALARM: Data Titik 201 tinggi (0xF)
[7](14:45:04)ALARM: Data Titik 202 tinggi (0xF)
[8](14:45:04)ALARM: Data Titik 206 rendah
[9](14:45:04)ALARM: Data Titik 209 rendah
[10](14:45:05)ALARM: Data Titik 177 tinggi (0xF)
[11](14:45:05)ALARM: Data Titik 186 rendah
[12](14:45:05)ALARM: Data Titik 159 tinggi (0xF)
[13](14:45:05)ALARM: Data Titik 221 tinggi (0x5F)
[14](14:45:05)SET: Alarm off
[15](14:45:05)ALARM: Data Titik 102 tinggi (0xF)
[16](14:45:05)ALARM: Data Titik 104 tinggi (0xF)
[17](14:45:05)ALARM: Data Titik 94 rendah
[18](14:45:05)ALARM: Data Titik 97 diluar jangkauan ukur
[19](14:45:05)[0]-- TIME:20080926-144505

[20](14:45:06)[1]-- TIME:20080926-144506

[21](14:45:07)[2]-- TIME:20080926-144507

[22](14:45:08)[3]-- TIME:20080926-144508

[23](14:45:08)ALARM: Data Titik 214 diluar jangkauan ukur
[24](14:45:08)ALARM: Data Titik 201 tinggi (0xF)
[25](14:45:08)ALARM: Data Titik 202 tinggi (0xF)
[26](14:45:08)ALARM: Data Titik 206 rendah
[27](14:45:08)ALARM: Data Titik 209 rendah
[28](14:45:08)ALARM: Data Titik 177 tinggi (0xF)
[29](14:45:09)ALARM: Data Titik 186 rendah
[30](14:45:09)ALARM: Data Titik 159 tinggi (0xF)
[31](14:45:09)ALARM: Data Titik 221 tinggi (0x5F)
[32](14:45:09)SET: Alarm off
[33](14:45:09)ALARM: Data Titik 102 tinggi (0xF)
[34](14:45:09)ALARM: Data Titik 104 tinggi (0xF)
[35](14:45:09)ALARM: Data Titik 94 rendah
[36](14:45:09)ALARM: Data Titik 97 diluar jangkauan ukur
[37](14:45:09)[0]-- TIME:20080926-144509

[38](14:45:10)[1]-- TIME:20080926-144510

[39](14:45:11)[2]-- TIME:20080926-144511

[40](14:45:12)[3]-- TIME:20080926-144512

[41](14:45:12)ALARM: Data Titik 214 diluar jangkauan ukur
[42](14:45:12)ALARM: Data Titik 201 tinggi (0xF)
[43](14:45:12)ALARM: Data Titik 202 tinggi (0xF)
[44](14:45:12)ALARM: Data Titik 206 rendah
[45](14:45:12)ALARM: Data Titik 209 rendah
[46](14:45:12)ALARM: Data Titik 177 tinggi (0xF)
[47](14:45:13)ALARM: Data Titik 186 rendah
[48](14:45:13)ALARM: Data Titik 159 tinggi (0xF)
[49](14:45:13)ALARM: Data Titik 221 tinggi (0x5F)
[50](14:45:13)SET: Alarm off
[51](14:45:13)ALARM: Data Titik 102 tinggi (0xF)
[52](14:45:13)ALARM: Data Titik 104 tinggi (0xF)
[53](14:45:13)ALARM: Data Titik 94 rendah
[54](14:45:13)ALARM: Data Titik 97 diluar jangkauan ukur
[55](14:45:13)[0]-- TIME:20080926-144513

[56](14:45:14)[1]-- TIME:20080926-144514

[57](14:45:15)[2]-- TIME:20080926-144515

[58](14:45:16)[3]-- TIME:20080926-144516

[59](14:45:16)ALARM: Data Titik 214 diluar jangkauan ukur
[60](14:45:16)ALARM: Data Titik 201 tinggi (0xF)
[61](14:45:16)ALARM: Data Titik 202 tinggi (0xF)
[62](14:45:16)ALARM: Data Titik 206 rendah
[63](14:45:16)ALARM: Data Titik 209 rendah
[64](14:45:17)ALARM: Data Titik 177 tinggi (0xF)
[65](14:45:17)ALARM: Data Titik 186 rendah
[66](14:45:17)ALARM: Data Titik 159 tinggi (0xF)
[67](14:45:17)ALARM: Data Titik 221 tinggi (0x5F)
[68](14:45:17)SET: Alarm off
[69](14:45:17)ALARM: Data Titik 102 tinggi (0xF)
[70](14:45:17)ALARM: Data Titik 104 tinggi (0xF)
[71](14:45:17)ALARM: Data Titik 94 rendah
[72](14:45:17)ALARM: Data Titik 97 diluar jangkauan ukur
[73](14:45:17)[0]-- TIME:20080926-144517

[74](14:45:18)[1]-- TIME:20080926-144518

[75](14:45:19)[2]-- TIME:20080926-144519

[76](14:45:20)[3]-- TIME:20080926-144520

[77](14:45:20)ALARM: Data Titik 214 diluar jangkauan ukur
[78](14:45:20)ALARM: Data Titik 201 tinggi (0xF)
[79](14:45:20)ALARM: Data Titik 202 tinggi (0xF)
[80](14:45:20)ALARM: Data Titik 206 rendah
[81](14:45:20)ALARM: Data Titik 209 rendah
[82](14:45:21)ALARM: Data Titik 177 tinggi (0xF)
[83](14:45:21)ALARM: Data Titik 186 rendah
[84](14:45:21)ALARM: Data Titik 159 tinggi (0xF)
[85](14:45:21)ALARM: Data Titik 221 tinggi (0x5F)
[86](14:45:21)SET: Alarm off
[87](14:45:21)ALARM: Data Titik 102 tinggi (0xF)
[88](14:45:21)ALARM: Data Titik 104 tinggi (0xF)
[89](14:45:21)ALARM: Data Titik 94 rendah
[90](14:45:21)ALARM: Data Titik 97 diluar jangkauan ukur
[91](14:45:21)[0]-- TIME:20080926-144521

[92](14:45:22)[1]-- TIME:20080926-144522

[93](14:45:23)[2]-- TIME:20080926-144523

[94](14:45:24)[3]-- TIME:20080926-144524

[95](14:45:24)ALARM: Data Titik 214 diluar jangkauan ukur
[96](14:45:24)ALARM: Data Titik 201 tinggi (0xF)
[97](14:45:24)ALARM: Data Titik 202 tinggi (0xF)
[98](14:45:24)ALARM: Data Titik 206 rendah
[99](14:45:24)ALARM: Data Titik 209 rendah
[100](14:45:24)ALARM: Data Titik 177 tinggi (0xF)
[101](14:45:25)ALARM: Data Titik 186 rendah
[102](14:45:25)ALARM: Data Titik 159 tinggi (0xF)
[103](14:45:25)ALARM: Data Titik 221 tinggi (0x5F)
[104](14:45:25)SET: Alarm off
[105](14:45:25)ALARM: Data Titik 102 tinggi (0xF)
[106](14:45:25)ALARM: Data Titik 104 tinggi (0xF)
[107](14:45:25)ALARM: Data Titik 94 rendah
[108](14:45:25)ALARM: Data Titik 97 diluar jangkauan ukur
[109](14:45:25)[0]-- TIME:20080926-144525

[110](14:45:26)[1]-- TIME:20080926-144526

[111](14:45:27)[2]-- TIME:20080926-144527

[112](14:45:28)[3]-- TIME:20080926-144528

[113](14:45:28)ALARM: Data Titik 214 diluar jangkauan ukur
[114](14:45:28)ALARM: Data Titik 201 tinggi (0xF)
[115](14:45:28)ALARM: Data Titik 202 tinggi (0xF)
[116](14:45:28)ALARM: Data Titik 206 rendah
[117](14:45:28)ALARM: Data Titik 209 rendah
[118](14:45:29)ALARM: Data Titik 177 tinggi (0xF)
[119](14:45:29)ALARM: Data Titik 186 rendah
[120](14:45:29)ALARM: Data Titik 158 tinggi (0x3F)
[121](14:45:29)ALARM: Pintu terbuka
[122](14:45:29)alarmKeras hidup!
[123](14:45:29)ALARM: Data Titik 159 tinggi (0xF)
[124](14:45:29)ALARM: Data Titik 221 tinggi (0x5F)
[125](14:45:29)SET: Alarm off
[126](14:45:29)ALARM: Data Titik 102 tinggi (0xF)
[127](14:45:29)ALARM: Data Titik 104 tinggi (0xF)
[128](14:45:29)ALARM: Data Titik 94 rendah
[129](14:45:29)ALARM: Data Titik 97 diluar jangkauan ukur
[130](14:45:29)[0]-- TIME:20080926-144529

[131](14:45:30)[1]-- TIME:20080926-144530

[132](14:45:31)[2]-- TIME:20080926-144531

[133](14:45:32)[3]-- TIME:20080926-144532

[134](14:45:32)ALARM: Data Titik 214 diluar jangkauan ukur
[135](14:45:32)ALARM: Data Titik 201 tinggi (0xF)
[136](14:45:32)ALARM: Data Titik 202 tinggi (0xF)
[137](14:45:32)ALARM: Data Titik 206 rendah
[138](14:45:32)ALARM: Data Titik 209 rendah
[139](14:45:32)ALARM: Data Titik 177 tinggi (0xF)
[140](14:45:32)ALARM: Data Titik 186 rendah
[141](14:45:33)ALARM: Data Titik 159 tinggi (0xF)
[142](14:45:33)ALARM: Data Titik 221 tinggi (0x5F)
[143](14:45:33)SET: Alarm off
[144](14:45:33)ALARM: Data Titik 102 tinggi (0xF)
[145](14:45:33)ALARM: Data Titik 104 tinggi (0xF)
[146](14:45:33)ALARM: Data Titik 94 rendah
[147](14:45:33)ALARM: Data Titik 97 diluar jangkauan ukur
[148](14:45:33)[0]-- TIME:20080926-144533

[149](14:45:34)[1]-- TIME:20080926-144534

[150](14:45:35)[2]-- TIME:20080926-144535

[151](14:45:36)[3]-- TIME:20080926-144536

[152](14:45:36)ALARM: Data Titik 214 diluar jangkauan ukur
[153](14:45:36)ALARM: Data Titik 201 tinggi (0xF)
[154](14:45:36)ALARM: Data Titik 202 tinggi (0xF)
[155](14:45:36)ALARM: Data Titik 206 rendah
[156](14:45:36)ALARM: Data Titik 209 rendah
[157](14:45:36)ALARM: Data Titik 177 tinggi (0xF)
[158](14:45:36)ALARM: Data Titik 186 rendah
[159](14:45:37)ALARM: Data Titik 159 tinggi (0xF)
[160](14:45:37)ALARM: Data Titik 221 tinggi (0x5F)
[161](14:45:37)SET: Alarm off
[162](14:45:37)ALARM: Data Titik 102 tinggi (0xF)
[163](14:45:37)ALARM: Data Titik 104 tinggi (0xF)
[164](14:45:37)ALARM: Data Titik 94 rendah
[165](14:45:37)ALARM: Data Titik 97 diluar jangkauan ukur
[166](14:45:37)[0]-- TIME:20080926-144537

[167](14:45:38)[1]-- TIME:20080926-144538

[168](14:45:39)[2]-- TIME:20080926-144539

[169](14:45:40)[3]-- TIME:20080926-144540

[170](14:45:40)ALARM: Data Titik 214 diluar jangkauan ukur
[171](14:45:40)ALARM: Data Titik 201 tinggi (0xF)
[172](14:45:40)ALARM: Data Titik 202 tinggi (0xF)
[173](14:45:40)ALARM: Data Titik 206 rendah
[174](14:45:40)ALARM: Data Titik 209 rendah
[175](14:45:40)ALARM: Data Titik 177 tinggi (0xF)
[176](14:45:40)ALARM: Data Titik 186 rendah
[177](14:45:41)ALARM: Data Titik 159 tinggi (0xF)
[178](14:45:41)ALARM: Data Titik 221 tinggi (0x5F)
[179](14:45:41)SET: Alarm off
[180](14:45:41)ALARM: Data Titik 102 tinggi (0xF)
[181](14:45:41)ALARM: Data Titik 104 tinggi (0xF)
[182](14:45:41)ALARM: Data Titik 94 rendah
[183](14:45:41)ALARM: Data Titik 97 diluar jangkauan ukur
[184](14:45:41)[0]-- TIME:20080926-144541

[185](14:45:42)[1]-- TIME:20080926-144542

[186](14:45:43)[2]-- TIME:20080926-144543

[187](14:45:44)[3]-- TIME:20080926-144544

[188](14:45:44)ALARM: Data Titik 214 diluar jangkauan ukur
[189](14:45:44)ALARM: Data Titik 201 tinggi (0xF)
[190](14:45:44)ALARM: Data Titik 202 tinggi (0xF)
[191](14:45:44)ALARM: Data Titik 206 rendah
[192](14:45:44)ALARM: Data Titik 209 rendah
[193](14:45:44)ALARM: Data Titik 177 tinggi (0xF)
[194](14:45:45)ALARM: Data Titik 186 rendah
[195](14:45:45)ALARM: Data Titik 159 tinggi (0xF)
[196](14:45:45)ALARM: Data Titik 221 tinggi (0x5F)
[197](14:45:45)SET: Alarm off
[198](14:45:45)ALARM: Data Titik 102 tinggi (0xF)
[199](14:45:45)ALARM: Data Titik 104 tinggi (0xF)
[200](14:45:45)ALARM: Data Titik 94 rendah
[201](14:45:45)ALARM: Data Titik 97 diluar jangkauan ukur
[202](14:45:45)[0]-- TIME:20080926-144545

[203](14:45:46)[1]-- TIME:20080926-144546

[204](14:45:47)[2]-- TIME:20080926-144547

[205](14:45:48)[3]-- TIME:20080926-144548

[206](14:45:48)ALARM: Data Titik 214 diluar jangkauan ukur
[207](14:45:48)ALARM: Data Titik 201 tinggi (0xF)
[208](14:45:48)ALARM: Data Titik 202 tinggi (0xF)
[209](14:45:48)ALARM: Data Titik 206 rendah
[210](14:45:48)ALARM: Data Titik 209 rendah
[211](14:45:48)ALARM: Data Titik 177 tinggi (0xF)
[212](14:45:48)ALARM: Data Titik 186 rendah
[213](14:45:48)ALARM: Data Titik 159 tinggi (0xF)
[214](14:45:49)ALARM: Data Titik 221 tinggi (0x5F)
[215](14:45:49)SET: Alarm off
[216](14:45:49)ALARM: Data Titik 102 tinggi (0xF)
[217](14:45:49)ALARM: Data Titik 104 tinggi (0xF)
[218](14:45:49)ALARM: Data Titik 94 rendah
[219](14:45:49)ALARM: Data Titik 97 diluar jangkauan ukur
[220](14:45:49)[0]-- TIME:20080926-144549

[221](14:45:50)[1]-- TIME:20080926-144550

[222](14:45:51)[2]-- TIME:20080926-144551

[223](14:45:52)[3]-- TIME:20080926-144552

[224](14:45:52)ALARM: Data Titik 214 diluar jangkauan ukur
[225](14:45:52)ALARM: Data Titik 201 tinggi (0xF)
[226](14:45:52)ALARM: Data Titik 202 tinggi (0xF)
[227](14:45:52)ALARM: Data Titik 206 rendah
[228](14:45:52)ALARM: Data Titik 209 rendah
[229](14:45:52)ALARM: Data Titik 177 tinggi (0xF)
[230](14:45:53)ALARM: Data Titik 186 rendah
[231](14:45:53)ALARM: Data Titik 159 tinggi (0xF)
[232](14:45:53)ALARM: Data Titik 221 tinggi (0x5F)
[233](14:45:53)SET: Alarm off
[234](14:45:53)ALARM: Data Titik 102 tinggi (0xF)
[235](14:45:53)ALARM: Data Titik 104 tinggi (0xF)
[236](14:45:53)ALARM: Data Titik 94 rendah
[237](14:45:53)ALARM: Data Titik 97 diluar jangkauan ukur
[238](14:45:53)[0]-- TIME:20080926-144553

[239](14:45:54)[1]-- TIME:20080926-144554

[240](14:45:55)[2]-- TIME:20080926-144555

[241](14:45:56)[3]-- TIME:20080926-144556

[242](14:45:56)ALARM: Data Titik 214 diluar jangkauan ukur
[243](14:45:56)ALARM: Data Titik 201 tinggi (0xF)
[244](14:45:56)ALARM: Data Titik 202 tinggi (0xF)
[245](14:45:56)ALARM: Data Titik 206 rendah
[246](14:45:56)ALARM: Data Titik 209 rendah
[247](14:45:56)ALARM: Data Titik 177 tinggi (0xF)
[248](14:45:57)ALARM: Data Titik 186 rendah
[249](14:45:57)ALARM: Data Titik 159 tinggi (0xF)
[250](14:45:57)ALARM: Data Titik 221 tinggi (0x5F)
[251](14:45:57)SET: Alarm off
[252](14:45:57)ALARM: Data Titik 102 tinggi (0xF)
[253](14:45:57)ALARM: Data Titik 104 tinggi (0xF)
[254](14:45:57)ALARM: Data Titik 94 rendah
[255](14:45:57)ALARM: Data Titik 97 diluar jangkauan ukur
[256](14:45:57)[0]-- TIME:20080926-144557

[257](14:45:58)[1]-- TIME:20080926-144558

[258](14:45:59)[2]-- TIME:20080926-144559

[259](14:46:00)[3]-- TIME:20080926-144600

[260](14:46:00)ALARM: Data Titik 214 diluar jangkauan ukur
[261](14:46:01)ALARM: Data Titik 201 tinggi (0xF)
[262](14:46:01)ALARM: Data Titik 202 tinggi (0xF)
[263](14:46:01)ALARM: Data Titik 206 rendah
[264](14:46:01)ALARM: Data Titik 209 rendah
[265](14:46:01)ALARM: Data Titik 177 tinggi (0xF)
[266](14:46:01)ALARM: Data Titik 186 rendah
[267](14:46:01)ALARM: Data Titik 159 tinggi (0xF)
[268](14:46:01)ALARM: Data Titik 221 tinggi (0x5F)
[269](14:46:01)SET: Alarm off
[270](14:46:01)ALARM: Data Titik 102 tinggi (0xF)
[271](14:46:01)ALARM: Data Titik 104 tinggi (0xF)
[272](14:46:01)ALARM: Data Titik 94 rendah
[273](14:46:01)ALARM: Data Titik 97 diluar jangkauan ukur
[274](14:46:01)[0]-- TIME:20080926-144601

[275](14:46:02)[1]-- TIME:20080926-144602

[276](14:46:03)[2]-- TIME:20080926-144603

[277](14:46:04)[3]-- TIME:20080926-144604

[278](14:46:04)ALARM: Data Titik 214 diluar jangkauan ukur
[279](14:46:04)ALARM: Data Titik 201 tinggi (0xF)
[280](14:46:04)ALARM: Data Titik 202 tinggi (0xF)
[281](14:46:04)ALARM: Data Titik 206 rendah
[282](14:46:04)ALARM: Data Titik 209 rendah
[283](14:46:05)ALARM: Data Titik 177 tinggi (0xF)
[284](14:46:05)ALARM: Data Titik 186 rendah
[285](14:46:05)ALARM: Data Titik 159 tinggi (0xF)
[286](14:46:05)ALARM: Data Titik 221 tinggi (0x5F)
[287](14:46:05)SET: Alarm off
[288](14:46:05)ALARM: Data Titik 102 tinggi (0xF)
[289](14:46:05)ALARM: Data Titik 104 tinggi (0xF)
[290](14:46:05)ALARM: Data Titik 94 rendah
[291](14:46:05)ALARM: Data Titik 97 diluar jangkauan ukur
[292](14:46:05)[0]-- TIME:20080926-144605

[293](14:46:06)[1]-- TIME:20080926-144606

[294](14:46:07)[2]-- TIME:20080926-144607

[295](14:46:08)[3]-- TIME:20080926-144608

[296](14:46:09)ALARM: Data Titik 214 diluar jangkauan ukur
[297](14:46:09)ALARM: Data Titik 201 tinggi (0xF)
[298](14:46:09)ALARM: Data Titik 202 tinggi (0xF)
[299](14:46:09)ALARM: Data Titik 206 rendah
[300](14:46:09)ALARM: Data Titik 209 rendah
[301](14:46:09)ALARM: Data Titik 177 tinggi (0xF)
[302](14:46:09)ALARM: Data Titik 186 rendah
[303](14:46:09)ALARM: Data Titik 159 tinggi (0xF)
[304](14:46:09)ALARM: Data Titik 221 tinggi (0x5F)
[305](14:46:09)SET: Alarm off
[306](14:46:09)ALARM: Data Titik 102 tinggi (0xF)
[307](14:46:09)ALARM: Data Titik 104 tinggi (0xF)
[308](14:46:09)ALARM: Data Titik 94 rendah
[309](14:46:09)ALARM: Data Titik 97 diluar jangkauan ukur
[310](14:46:09)[0]-- TIME:20080926-144609

[311](14:46:10)[1]-- TIME:20080926-144610

[312](14:46:11)[2]-- TIME:20080926-144611

[313](14:46:12)[3]-- TIME:20080926-144612

[314](14:46:12)ALARM: Data Titik 214 diluar jangkauan ukur
[315](14:46:12)ALARM: Data Titik 201 tinggi (0xF)
[316](14:46:12)ALARM: Data Titik 202 tinggi (0xF)
[317](14:46:12)ALARM: Data Titik 206 rendah
[318](14:46:12)ALARM: Data Titik 209 rendah
[319](14:46:13)ALARM: Data Titik 177 tinggi (0xF)
[320](14:46:13)ALARM: Data Titik 186 rendah
[321](14:46:13)ALARM: Data Titik 159 tinggi (0xF)
[322](14:46:13)ALARM: Data Titik 221 tinggi (0x5F)
[323](14:46:13)SET: Alarm off
[324](14:46:13)ALARM: Data Titik 102 tinggi (0xF)
[325](14:46:13)ALARM: Data Titik 104 tinggi (0xF)
[326](14:46:13)ALARM: Data Titik 94 rendah
[327](14:46:13)ALARM: Data Titik 97 diluar jangkauan ukur
[328](14:46:13)[0]-- TIME:20080926-144613

[329](14:46:14)[1]-- TIME:20080926-144614

[330](14:46:15)[2]-- TIME:20080926-144615

[331](14:46:16)[3]-- TIME:20080926-144616

[332](14:46:16)ALARM: Data Titik 214 diluar jangkauan ukur
[333](14:46:16)ALARM: Data Titik 201 tinggi (0xF)
[334](14:46:16)ALARM: Data Titik 202 tinggi (0xF)
[335](14:46:16)ALARM: Data Titik 206 rendah
[336](14:46:16)ALARM: Data Titik 209 rendah
[337](14:46:17)ALARM: Data Titik 177 tinggi (0xF)
[338](14:46:17)ALARM: Data Titik 186 rendah
[339](14:46:17)ALARM: Data Titik 159 tinggi (0xF)
[340](14:46:17)ALARM: Data Titik 221 tinggi (0x5F)
[341](14:46:17)SET: Alarm off
[342](14:46:17)ALARM: Data Titik 102 tinggi (0xF)
[343](14:46:17)ALARM: Data Titik 104 tinggi (0xF)
[344](14:46:17)ALARM: Data Titik 94 rendah
[345](14:46:17)ALARM: Data Titik 97 diluar jangkauan ukur
[346](14:46:17)[0]-- TIME:20080926-144617

[347](14:46:18)[1]-- TIME:20080926-144618

[348](14:46:19)[2]-- TIME:20080926-144619

[349](14:46:20)[3]-- TIME:20080926-144620

[350](14:46:20)ALARM: Data Titik 214 diluar jangkauan ukur
[351](14:46:20)ALARM: Data Titik 201 tinggi (0xF)
[352](14:46:20)ALARM: Data Titik 202 tinggi (0xF)
[353](14:46:20)ALARM: Data Titik 206 rendah
[354](14:46:20)ALARM: Data Titik 209 rendah
[355](14:46:21)ALARM: Data Titik 177 tinggi (0xF)
[356](14:46:21)ALARM: Data Titik 186 rendah
[357](14:46:21)ALARM: Data Titik 159 tinggi (0xF)
[358](14:46:21)ALARM: Data Titik 221 tinggi (0x5F)
[359](14:46:21)SET: Alarm off
[360](14:46:21)ALARM: Data Titik 102 tinggi (0xF)
[361](14:46:21)ALARM: Data Titik 104 tinggi (0xF)
[362](14:46:21)ALARM: Data Titik 94 rendah
[363](14:46:21)ALARM: Data Titik 97 diluar jangkauan ukur
[364](14:46:21)[0]-- TIME:20080926-144621

[365](14:46:22)[1]-- TIME:20080926-144622

[366](14:46:23)[2]-- TIME:20080926-144623

[367](14:46:24)[3]-- TIME:20080926-144624

[368](14:46:24)ALARM: Data Titik 214 diluar jangkauan ukur
[369](14:46:24)ALARM: Data Titik 201 tinggi (0xF)
[370](14:46:24)ALARM: Data Titik 202 tinggi (0xF)
[371](14:46:24)ALARM: Data Titik 206 rendah
[372](14:46:25)ALARM: Data Titik 209 rendah
[373](14:46:25)ALARM: Data Titik 177 tinggi (0xF)
[374](14:46:25)ALARM: Data Titik 186 rendah
[375](14:46:25)ALARM: Data Titik 159 tinggi (0xF)
[376](14:46:25)ALARM: Data Titik 221 tinggi (0x5F)
[377](14:46:25)SET: Alarm off
[378](14:46:25)ALARM: Data Titik 102 tinggi (0xF)
[379](14:46:25)ALARM: Data Titik 104 tinggi (0xF)
[380](14:46:25)ALARM: Data Titik 94 rendah
[381](14:46:25)ALARM: Data Titik 97 diluar jangkauan ukur
[382](14:46:25)[0]-- TIME:20080926-144625

[383](14:46:26)[1]-- TIME:20080926-144626

[384](14:46:27)[2]-- TIME:20080926-144627

[385](15:10:13)[3]-- TIME:20080926-144628

[0](15:27:44)[1]-- TIME:20080926-152744

[1](15:27:45)[2]-- TIME:20080926-152745

[2](15:27:46)[3]-- TIME:20080926-152746

[3](15:27:46)ALARM: Data Titik 214 diluar jangkauan ukur
[4](15:27:46)ALARM: Data Titik 201 tinggi (0xF)
[5](15:27:46)ALARM: Data Titik 202 tinggi (0xF)
[6](15:27:46)ALARM: Data Titik 206 rendah
[7](15:27:46)ALARM: Data Titik 209 rendah
[8](15:27:46)ALARM: Data Titik 177 tinggi (0xF)
[9](15:27:46)ALARM: Data Titik 186 rendah
[10](15:27:46)ALARM: Data Titik 159 tinggi (0xF)
[11](15:27:46)ALARM: Data Titik 221 tinggi (0x5F)
[12](15:27:46)SET: Alarm off
[13](15:27:46)ALARM: Data Titik 102 tinggi (0xF)
[14](15:27:46)ALARM: Data Titik 104 tinggi (0xF)
[15](15:27:46)ALARM: Data Titik 94 rendah
[16](15:27:46)ALARM: Data Titik 96 rendah
[17](15:27:46)ALARM: Data Titik 97 diluar jangkauan ukur
[18](15:27:47)[0]-- TIME:20080926-152747

[19](15:27:48)[1]-- TIME:20080926-152748

[20](15:27:49)[2]-- TIME:20080926-152749

[21](15:27:50)[3]-- TIME:20080926-152750

[22](15:27:50)ALARM: Data Titik 214 diluar jangkauan ukur
[23](15:27:50)ALARM: Data Titik 201 tinggi (0xF)
[24](15:27:50)ALARM: Data Titik 202 tinggi (0xF)
[25](15:27:50)ALARM: Data Titik 206 rendah
[26](15:27:50)ALARM: Data Titik 209 rendah
[27](15:27:50)ALARM: Data Titik 177 tinggi (0xF)
[28](15:27:50)ALARM: Data Titik 186 rendah
[29](15:27:50)ALARM: Data Titik 159 tinggi (0xF)
[30](15:27:50)ALARM: Data Titik 221 tinggi (0x5F)
[31](15:27:50)SET: Alarm off
[32](15:27:50)ALARM: Data Titik 102 tinggi (0xF)
[33](15:27:50)ALARM: Data Titik 104 tinggi (0xF)
[34](15:27:50)ALARM: Data Titik 94 rendah
[35](15:27:50)ALARM: Data Titik 96 rendah
[36](15:27:50)ALARM: Data Titik 97 diluar jangkauan ukur
[37](15:27:51)[0]-- TIME:20080926-152751

[38](15:27:52)[1]-- TIME:20080926-152752

[39](15:27:53)[2]-- TIME:20080926-152753

[40](15:27:54)[3]-- TIME:20080926-152754

[41](15:27:54)ALARM: Data Titik 214 diluar jangkauan ukur
[42](15:27:54)ALARM: Data Titik 201 tinggi (0xF)
[43](15:27:54)ALARM: Data Titik 202 tinggi (0xF)
[44](15:27:54)ALARM: Data Titik 206 rendah
[45](15:27:54)ALARM: Data Titik 209 rendah
[46](15:27:54)ALARM: Data Titik 177 tinggi (0xF)
[47](15:27:54)ALARM: Data Titik 186 rendah
[48](15:27:54)ALARM: Data Titik 159 tinggi (0xF)
[49](15:27:54)ALARM: Data Titik 221 tinggi (0x5F)
[50](15:27:54)SET: Alarm off
[51](15:27:54)ALARM: Data Titik 102 tinggi (0xF)
[52](15:27:54)ALARM: Data Titik 104 tinggi (0xF)
[53](15:27:54)ALARM: Data Titik 94 rendah
[54](15:27:54)ALARM: Data Titik 96 rendah
[55](15:27:54)ALARM: Data Titik 97 diluar jangkauan ukur
[56](15:27:55)[0]-- TIME:20080926-152755

[57](15:27:56)[1]-- TIME:20080926-152756

[58](15:27:57)[2]-- TIME:20080926-152757

[59](15:27:58)[3]-- TIME:20080926-152758

[60](15:27:58)ALARM: Data Titik 214 diluar jangkauan ukur
[61](15:27:58)ALARM: Data Titik 201 tinggi (0xF)
[62](15:27:58)ALARM: Data Titik 202 tinggi (0xF)
[63](15:27:58)ALARM: Data Titik 206 rendah
[64](15:27:58)ALARM: Data Titik 209 rendah
[65](15:27:58)ALARM: Data Titik 177 tinggi (0xF)
[66](15:27:58)ALARM: Data Titik 186 rendah
[67](15:27:58)ALARM: Data Titik 159 tinggi (0xF)
[68](15:27:58)ALARM: Data Titik 221 tinggi (0x5F)
[69](15:27:58)SET: Alarm off
[70](15:27:58)ALARM: Data Titik 102 tinggi (0xF)
[71](15:27:58)ALARM: Data Titik 104 tinggi (0xF)
[72](15:27:58)ALARM: Data Titik 94 rendah
[73](15:27:58)ALARM: Data Titik 96 rendah
[74](15:27:58)ALARM: Data Titik 97 diluar jangkauan ukur
[75](15:27:59)[0]-- TIME:20080926-152759

[76](15:28:00)[1]-- TIME:20080926-152800

[77](15:28:01)[2]-- TIME:20080926-152801

[78](15:28:02)[3]-- TIME:20080926-152802

[79](15:28:02)ALARM: Data Titik 214 diluar jangkauan ukur
[80](15:28:02)ALARM: Data Titik 201 tinggi (0xF)
[81](15:28:02)ALARM: Data Titik 202 tinggi (0xF)
[82](15:28:02)ALARM: Data Titik 206 rendah
[83](15:28:02)ALARM: Data Titik 209 rendah
[84](15:28:02)ALARM: Data Titik 177 tinggi (0xF)
[85](15:28:02)ALARM: Data Titik 186 rendah
[86](15:28:02)ALARM: Data Titik 159 tinggi (0xF)
[87](15:28:02)ALARM: Data Titik 221 tinggi (0x5F)
[88](15:28:02)SET: Alarm off
[89](15:28:02)ALARM: Data Titik 102 tinggi (0xF)
[90](15:28:02)ALARM: Data Titik 104 tinggi (0xF)
[91](15:28:02)ALARM: Data Titik 94 rendah
[92](15:28:02)ALARM: Data Titik 96 rendah
[93](15:28:02)ALARM: Data Titik 97 diluar jangkauan ukur
[94](15:28:03)[0]-- TIME:20080926-152803

[95](15:28:04)[1]-- TIME:20080926-152804

[96](15:28:05)[2]-- TIME:20080926-152805

[97](15:28:06)[3]-- TIME:20080926-152806

[98](15:28:06)ALARM: Data Titik 214 diluar jangkauan ukur
[99](15:28:06)ALARM: Data Titik 201 tinggi (0xF)
[100](15:28:06)ALARM: Data Titik 202 tinggi (0xF)
[101](15:28:06)ALARM: Data Titik 206 rendah
[102](15:28:06)ALARM: Data Titik 209 rendah
[103](15:28:06)ALARM: Data Titik 177 tinggi (0xF)
[104](15:28:06)ALARM: Data Titik 186 rendah
[105](15:28:06)ALARM: Data Titik 159 tinggi (0xF)
[106](15:28:06)ALARM: Data Titik 221 tinggi (0x5F)
[107](15:28:06)SET: Alarm off
[108](15:28:06)ALARM: Data Titik 102 tinggi (0xF)
[109](15:28:06)ALARM: Data Titik 104 tinggi (0xF)
[110](15:28:06)ALARM: Data Titik 94 rendah
[111](15:28:06)ALARM: Data Titik 96 rendah
[112](15:28:06)ALARM: Data Titik 97 diluar jangkauan ukur
[113](15:28:07)[0]-- TIME:20080926-152807

[114](15:28:08)[1]-- TIME:20080926-152808

[115](15:28:09)[2]-- TIME:20080926-152809

[116](15:28:10)[3]-- TIME:20080926-152810

[117](15:28:10)ALARM: Data Titik 214 diluar jangkauan ukur
[118](15:28:10)ALARM: Data Titik 201 tinggi (0xF)
[119](15:28:10)ALARM: Data Titik 202 tinggi (0xF)
[120](15:28:10)ALARM: Data Titik 206 rendah
[121](15:28:10)ALARM: Data Titik 209 rendah
[122](15:28:10)ALARM: Data Titik 177 tinggi (0xF)
[123](15:28:10)ALARM: Data Titik 186 rendah
[124](15:28:10)ALARM: Data Titik 159 tinggi (0xF)
[125](15:28:10)ALARM: Data Titik 221 tinggi (0x5F)
[126](15:28:10)SET: Alarm off
[127](15:28:10)ALARM: Data Titik 102 tinggi (0xF)
[128](15:28:10)ALARM: Data Titik 104 tinggi (0xF)
[129](15:28:10)ALARM: Data Titik 94 rendah
[130](15:28:10)ALARM: Data Titik 96 rendah
[131](15:28:10)ALARM: Data Titik 97 diluar jangkauan ukur
[132](15:28:11)[0]-- TIME:20080926-152811

[133](15:28:12)[1]-- TIME:20080926-152812

[134](15:28:13)[2]-- TIME:20080926-152813

[135](15:28:14)[3]-- TIME:20080926-152814

[136](15:28:14)ALARM: Data Titik 214 diluar jangkauan ukur
[137](15:28:14)ALARM: Data Titik 201 tinggi (0xF)
[138](15:28:14)ALARM: Data Titik 202 tinggi (0xF)
[139](15:28:14)ALARM: Data Titik 206 rendah
[140](15:28:14)ALARM: Data Titik 209 rendah
[141](15:28:14)ALARM: Data Titik 177 tinggi (0xF)
[142](15:28:14)ALARM: Data Titik 186 rendah
[143](15:28:14)ALARM: Data Titik 159 tinggi (0xF)
[144](15:28:14)ALARM: Data Titik 221 tinggi (0x5F)
[145](15:28:14)SET: Alarm off
[146](15:28:14)ALARM: Data Titik 102 tinggi (0xF)
[147](15:28:14)ALARM: Data Titik 104 tinggi (0xF)
[148](15:28:14)ALARM: Data Titik 94 rendah
[149](15:28:14)ALARM: Data Titik 96 rendah
[150](15:28:14)ALARM: Data Titik 97 diluar jangkauan ukur
[151](15:28:15)[0]-- TIME:20080926-152815

[152](15:28:16)[1]-- TIME:20080926-152816

[153](15:28:17)[2]-- TIME:20080926-152817

[154](15:28:18)[3]-- TIME:20080926-152818

[155](15:28:18)ALARM: Data Titik 214 diluar jangkauan ukur
[156](15:28:18)ALARM: Data Titik 201 tinggi (0xF)
[157](15:28:18)ALARM: Data Titik 202 tinggi (0xF)
[158](15:28:18)ALARM: Data Titik 206 rendah
[159](15:28:18)ALARM: Data Titik 209 rendah
[160](15:28:18)ALARM: Data Titik 177 tinggi (0xF)
[161](15:28:18)ALARM: Data Titik 186 rendah
[162](15:28:18)ALARM: Data Titik 159 tinggi (0xF)
[163](15:28:18)ALARM: Data Titik 221 tinggi (0x5F)
[164](15:28:18)SET: Alarm off
[165](15:28:18)ALARM: Data Titik 102 tinggi (0xF)
[166](15:28:18)ALARM: Data Titik 104 tinggi (0xF)
[167](15:28:18)ALARM: Data Titik 94 rendah
[168](15:28:18)ALARM: Data Titik 96 rendah
[169](15:28:18)ALARM: Data Titik 97 diluar jangkauan ukur
[170](15:28:19)[0]-- TIME:20080926-152819

[171](15:28:20)[1]-- TIME:20080926-152820

[172](15:28:21)[2]-- TIME:20080926-152821

[173](15:28:22)[3]-- TIME:20080926-152822

[174](15:28:22)ALARM: Data Titik 214 diluar jangkauan ukur
[175](15:28:22)ALARM: Data Titik 201 tinggi (0xF)
[176](15:28:22)ALARM: Data Titik 202 tinggi (0xF)
[177](15:28:22)ALARM: Data Titik 206 rendah
[178](15:28:22)ALARM: Data Titik 209 rendah
[179](15:28:22)ALARM: Data Titik 177 tinggi (0xF)
[180](15:28:22)ALARM: Data Titik 186 rendah
[181](15:28:22)ALARM: Data Titik 159 tinggi (0xF)
[182](15:28:22)ALARM: Data Titik 221 tinggi (0x5F)
[183](15:28:22)SET: Alarm off
[184](15:28:22)ALARM: Data Titik 102 tinggi (0xF)
[185](15:28:22)ALARM: Data Titik 104 tinggi (0xF)
[186](15:28:22)ALARM: Data Titik 94 rendah
[187](15:28:22)ALARM: Data Titik 96 rendah
[188](15:28:22)ALARM: Data Titik 97 diluar jangkauan ukur
[189](15:28:23)[0]-- TIME:20080926-152823

[190](15:28:24)[1]-- TIME:20080926-152824

[191](15:28:25)[2]-- TIME:20080926-152825

[192](15:28:26)[3]-- TIME:20080926-152826

[193](15:28:26)ALARM: Data Titik 214 diluar jangkauan ukur
[194](15:28:26)ALARM: Data Titik 201 tinggi (0xF)
[195](15:28:26)ALARM: Data Titik 202 tinggi (0xF)
[196](15:28:26)ALARM: Data Titik 206 rendah
[197](15:28:26)ALARM: Data Titik 209 rendah
[198](15:28:26)ALARM: Data Titik 177 tinggi (0xF)
[199](15:28:26)ALARM: Data Titik 186 rendah
[200](15:28:26)ALARM: Data Titik 159 tinggi (0xF)
[201](15:28:26)ALARM: Data Titik 221 tinggi (0x5F)
[202](15:28:26)SET: Alarm off
[203](15:28:26)ALARM: Data Titik 102 tinggi (0xF)
[204](15:28:26)ALARM: Data Titik 104 tinggi (0xF)
[205](15:28:26)ALARM: Data Titik 94 rendah
[206](15:28:26)ALARM: Data Titik 96 rendah
[207](15:28:26)ALARM: Data Titik 97 diluar jangkauan ukur
[208](15:28:27)[0]-- TIME:20080926-152827

[209](15:28:28)[1]-- TIME:20080926-152828

[210](15:28:29)[2]-- TIME:20080926-152829

[211](15:28:30)[3]-- TIME:20080926-152830

[212](15:28:30)ALARM: Data Titik 214 diluar jangkauan ukur
[213](15:28:30)ALARM: Data Titik 201 tinggi (0xF)
[214](15:28:30)ALARM: Data Titik 202 tinggi (0xF)
[215](15:28:30)ALARM: Data Titik 206 rendah
[216](15:28:30)ALARM: Data Titik 209 rendah
[217](15:28:30)ALARM: Data Titik 177 tinggi (0xF)
[218](15:28:30)ALARM: Data Titik 186 rendah
[219](15:28:30)ALARM: Data Titik 159 tinggi (0xF)
[220](15:28:30)ALARM: Data Titik 221 tinggi (0x5F)
[221](15:28:30)SET: Alarm off
[222](15:28:30)ALARM: Data Titik 102 tinggi (0xF)
[223](15:28:30)ALARM: Data Titik 104 tinggi (0xF)
[224](15:28:30)ALARM: Data Titik 94 rendah
[225](15:28:30)ALARM: Data Titik 96 rendah
[226](15:28:30)ALARM: Data Titik 97 diluar jangkauan ukur
[227](15:28:31)[0]-- TIME:20080926-152831

[228](15:28:32)[1]-- TIME:20080926-152832

[229](15:28:33)[2]-- TIME:20080926-152833

[230](15:28:34)[3]-- TIME:20080926-152834

[231](15:28:34)ALARM: Data Titik 214 diluar jangkauan ukur
[232](15:28:34)ALARM: Data Titik 201 tinggi (0xF)
[233](15:28:34)ALARM: Data Titik 202 tinggi (0xF)
[234](15:28:34)ALARM: Data Titik 206 rendah
[235](15:28:34)ALARM: Data Titik 209 rendah
[236](15:28:34)ALARM: Data Titik 177 tinggi (0xF)
[237](15:28:34)ALARM: Data Titik 186 rendah
[238](15:28:34)ALARM: Data Titik 159 tinggi (0xF)
[239](15:28:34)ALARM: Data Titik 221 tinggi (0x5F)
[240](15:28:34)SET: Alarm off
[241](15:28:34)ALARM: Data Titik 102 tinggi (0xF)
[242](15:28:34)ALARM: Data Titik 104 tinggi (0xF)
[243](15:28:34)ALARM: Data Titik 94 rendah
[244](15:28:34)ALARM: Data Titik 96 rendah
[245](15:28:34)ALARM: Data Titik 97 diluar jangkauan ukur
[246](15:28:35)[0]-- TIME:20080926-152835

[247](15:28:36)[1]-- TIME:20080926-152836

[248](15:28:37)[2]-- TIME:20080926-152837

[249](15:28:38)[3]-- TIME:20080926-152838

[250](15:28:38)ALARM: Data Titik 214 diluar jangkauan ukur
[251](15:28:38)ALARM: Data Titik 201 tinggi (0xF)
[252](15:28:38)ALARM: Data Titik 202 tinggi (0xF)
[253](15:28:38)ALARM: Data Titik 206 rendah
[254](15:28:38)ALARM: Data Titik 209 rendah
[255](15:28:38)ALARM: Data Titik 177 tinggi (0xF)
[256](15:28:38)ALARM: Data Titik 186 rendah
[257](15:28:38)ALARM: Data Titik 159 tinggi (0xF)
[258](15:28:38)ALARM: Data Titik 221 tinggi (0x5F)
[259](15:28:38)SET: Alarm off
[260](15:28:38)ALARM: Data Titik 102 tinggi (0xF)
[261](15:28:38)ALARM: Data Titik 104 tinggi (0xF)
[262](15:28:38)ALARM: Data Titik 94 rendah
[263](15:28:38)ALARM: Data Titik 96 rendah
[264](15:28:38)ALARM: Data Titik 97 diluar jangkauan ukur
[265](15:28:39)[0]-- TIME:20080926-152839

[266](15:28:40)[1]-- TIME:20080926-152840

[267](15:28:41)[2]-- TIME:20080926-152841

[268](15:28:42)[3]-- TIME:20080926-152842

[269](15:28:42)ALARM: Data Titik 214 diluar jangkauan ukur
[270](15:28:42)ALARM: Data Titik 201 tinggi (0xF)
[271](15:28:42)ALARM: Data Titik 202 tinggi (0xF)
[272](15:28:42)ALARM: Data Titik 206 rendah
[273](15:28:42)ALARM: Data Titik 209 rendah
[274](15:28:42)ALARM: Data Titik 177 tinggi (0xF)
[275](15:28:42)ALARM: Data Titik 186 rendah
[276](15:28:42)ALARM: Data Titik 159 tinggi (0xF)
[277](15:28:42)ALARM: Data Titik 221 tinggi (0x5F)
[278](15:28:42)SET: Alarm off
[279](15:28:42)ALARM: Data Titik 102 tinggi (0xF)
[280](15:28:42)ALARM: Data Titik 104 tinggi (0xF)
[281](15:28:42)ALARM: Data Titik 94 rendah
[282](15:28:42)ALARM: Data Titik 96 rendah
[283](15:28:42)ALARM: Data Titik 97 diluar jangkauan ukur
[284](15:28:43)[0]-- TIME:20080926-152843

[285](15:28:44)[1]-- TIME:20080926-152844

[286](15:28:45)[2]-- TIME:20080926-152845

[287](15:28:46)[3]-- TIME:20080926-152846

[288](15:28:46)ALARM: Data Titik 214 diluar jangkauan ukur
[289](15:28:46)ALARM: Data Titik 201 tinggi (0xF)
[290](15:28:46)ALARM: Data Titik 202 tinggi (0xF)
[291](15:28:46)ALARM: Data Titik 206 rendah
[292](15:28:46)ALARM: Data Titik 209 rendah
[293](15:28:46)ALARM: Data Titik 177 tinggi (0xF)
[294](15:28:46)ALARM: Data Titik 186 rendah
[295](15:28:46)ALARM: Data Titik 159 tinggi (0xF)
[296](15:28:46)ALARM: Data Titik 221 tinggi (0x5F)
[297](15:28:46)SET: Alarm off
[298](15:28:46)ALARM: Data Titik 102 tinggi (0xF)
[299](15:28:46)ALARM: Data Titik 104 tinggi (0xF)
[300](15:28:46)ALARM: Data Titik 94 rendah
[301](15:28:46)ALARM: Data Titik 96 rendah
[302](15:28:46)ALARM: Data Titik 97 diluar jangkauan ukur
[303](15:28:47)[0]-- TIME:20080926-152847

[304](15:28:48)[1]-- TIME:20080926-152848

[305](15:28:49)[2]-- TIME:20080926-152849

[306](15:28:50)[3]-- TIME:20080926-152850

[307](15:28:50)ALARM: Data Titik 214 diluar jangkauan ukur
[308](15:28:50)ALARM: Data Titik 201 tinggi (0xF)
[309](15:28:50)ALARM: Data Titik 202 tinggi (0xF)
[310](15:28:50)ALARM: Data Titik 206 rendah
[311](15:28:50)ALARM: Data Titik 209 rendah
[312](15:28:50)ALARM: Data Titik 177 tinggi (0xF)
[313](15:28:50)ALARM: Data Titik 186 rendah
[314](15:28:50)ALARM: Data Titik 159 tinggi (0xF)
[315](15:28:50)ALARM: Data Titik 221 tinggi (0x5F)
[316](15:28:50)SET: Alarm off
[317](15:28:50)ALARM: Data Titik 102 tinggi (0xF)
[318](15:28:50)ALARM: Data Titik 104 tinggi (0xF)
[319](15:28:50)ALARM: Data Titik 94 rendah
[320](15:28:50)ALARM: Data Titik 96 rendah
[321](15:28:50)ALARM: Data Titik 97 diluar jangkauan ukur
[322](15:28:51)[0]-- TIME:20080926-152851

[323](15:28:52)[1]-- TIME:20080926-152852

[324](15:28:53)[2]-- TIME:20080926-152853

[325](15:28:54)[3]-- TIME:20080926-152854

[326](15:28:54)ALARM: Data Titik 214 diluar jangkauan ukur
[327](15:28:54)ALARM: Data Titik 201 tinggi (0xF)
[328](15:28:54)ALARM: Data Titik 202 tinggi (0xF)
[329](15:28:54)ALARM: Data Titik 206 rendah
[330](15:28:54)ALARM: Data Titik 209 rendah
[331](15:28:54)ALARM: Data Titik 177 tinggi (0xF)
[332](15:28:54)ALARM: Data Titik 186 rendah
[333](15:28:54)ALARM: Data Titik 159 tinggi (0xF)
[334](15:28:54)ALARM: Data Titik 221 tinggi (0x5F)
[335](15:28:54)SET: Alarm off
[336](15:28:54)ALARM: Data Titik 102 tinggi (0xF)
[337](15:28:54)ALARM: Data Titik 104 tinggi (0xF)
[338](15:28:54)ALARM: Data Titik 94 rendah
[339](15:28:54)ALARM: Data Titik 96 rendah
[340](15:28:54)ALARM: Data Titik 97 diluar jangkauan ukur
[341](15:28:55)[0]-- TIME:20080926-152855

[342](15:28:56)[1]-- TIME:20080926-152856

[343](15:28:57)[2]-- TIME:20080926-152857

[344](15:28:58)[3]-- TIME:20080926-152858

[345](15:28:58)ALARM: Data Titik 214 diluar jangkauan ukur
[346](15:28:58)ALARM: Data Titik 201 tinggi (0xF)
[347](15:28:58)ALARM: Data Titik 202 tinggi (0xF)
[348](15:28:58)ALARM: Data Titik 206 rendah
[349](15:28:58)ALARM: Data Titik 209 rendah
[350](15:28:58)ALARM: Data Titik 177 tinggi (0xF)
[351](15:28:58)ALARM: Data Titik 186 rendah
[352](15:28:58)ALARM: Data Titik 159 tinggi (0xF)
[353](15:28:58)ALARM: Data Titik 221 tinggi (0x5F)
[354](15:28:58)SET: Alarm off
[355](15:28:58)ALARM: Data Titik 102 tinggi (0xF)
[356](15:28:58)ALARM: Data Titik 104 tinggi (0xF)
[357](15:28:58)ALARM: Data Titik 94 rendah
[358](15:28:58)ALARM: Data Titik 96 rendah
[359](15:28:58)ALARM: Data Titik 97 diluar jangkauan ukur
[360](15:28:59)[0]-- TIME:20080926-152859

[361](15:29:00)[1]-- TIME:20080926-152900

[362](15:29:01)[2]-- TIME:20080926-152901

[363](15:29:02)[3]-- TIME:20080926-152902

[364](15:29:02)ALARM: Data Titik 214 diluar jangkauan ukur
[365](15:29:02)ALARM: Data Titik 201 tinggi (0xF)
[366](15:29:02)ALARM: Data Titik 202 tinggi (0xF)
[367](15:29:02)ALARM: Data Titik 206 rendah
[368](15:29:02)ALARM: Data Titik 209 rendah
[369](15:29:02)ALARM: Data Titik 177 tinggi (0xF)
[370](15:29:02)ALARM: Data Titik 186 rendah
[371](15:29:02)ALARM: Data Titik 159 tinggi (0xF)
[372](15:29:02)ALARM: Data Titik 221 tinggi (0x5F)
[373](15:29:02)SET: Alarm off
[374](15:29:02)ALARM: Data Titik 102 tinggi (0xF)
[375](15:29:02)ALARM: Data Titik 104 tinggi (0xF)
[376](15:29:02)ALARM: Data Titik 94 rendah
[377](15:29:02)ALARM: Data Titik 96 rendah
[378](15:29:02)ALARM: Data Titik 97 diluar jangkauan ukur
[379](15:29:03)[0]-- TIME:20080926-152903

[380](15:29:04)[1]-- TIME:20080926-152904

[381](15:29:05)[2]-- TIME:20080926-152905

[382](15:29:06)[3]-- TIME:20080926-152906

[383](15:29:06)ALARM: Data Titik 214 diluar jangkauan ukur
[384](15:29:06)ALARM: Data Titik 201 tinggi (0xF)
[385](15:29:06)ALARM: Data Titik 202 tinggi (0xF)
[386](15:29:06)ALARM: Data Titik 206 rendah
[387](15:29:06)ALARM: Data Titik 209 rendah
[388](15:29:06)ALARM: Data Titik 177 tinggi (0xF)
[389](15:29:06)ALARM: Data Titik 186 rendah
[390](15:29:06)ALARM: Data Titik 159 tinggi (0xF)
[391](15:29:06)ALARM: Data Titik 221 tinggi (0x5F)
[392](15:29:06)SET: Alarm off
[393](15:29:06)ALARM: Data Titik 102 tinggi (0xF)
[394](15:29:06)ALARM: Data Titik 104 tinggi (0xF)
[395](15:29:06)ALARM: Data Titik 94 rendah
[396](15:29:06)ALARM: Data Titik 96 rendah
[397](15:29:06)ALARM: Data Titik 97 diluar jangkauan ukur
[398](15:29:07)[0]-- TIME:20080926-152907

[399](15:29:08)[1]-- TIME:20080926-152908

[400](15:29:09)[2]-- TIME:20080926-152909

[401](15:29:10)[3]-- TIME:20080926-152910

[402](15:29:10)ALARM: Data Titik 214 diluar jangkauan ukur
[403](15:29:10)ALARM: Data Titik 201 tinggi (0xF)
[404](15:29:10)ALARM: Data Titik 202 tinggi (0xF)
[405](15:29:10)ALARM: Data Titik 206 rendah
[406](15:29:10)ALARM: Data Titik 209 rendah
[407](15:29:10)ALARM: Data Titik 177 tinggi (0xF)
[408](15:29:10)ALARM: Data Titik 186 rendah
[409](15:29:10)ALARM: Data Titik 159 tinggi (0xF)
[410](15:29:10)ALARM: Data Titik 221 tinggi (0x5F)
[411](15:29:10)SET: Alarm off
[412](15:29:10)ALARM: Data Titik 102 tinggi (0xF)
[413](15:29:10)ALARM: Data Titik 104 tinggi (0xF)
[414](15:29:10)ALARM: Data Titik 94 rendah
[415](15:29:10)ALARM: Data Titik 96 rendah
[416](15:29:10)ALARM: Data Titik 97 diluar jangkauan ukur
[417](15:29:11)[0]-- TIME:20080926-152911

[418](15:29:12)[1]-- TIME:20080926-152912

[419](15:29:13)[2]-- TIME:20080926-152913

[420](15:29:14)[3]-- TIME:20080926-152914

[421](15:29:14)ALARM: Data Titik 214 diluar jangkauan ukur
[422](15:29:14)ALARM: Data Titik 201 tinggi (0xF)
[423](15:29:14)ALARM: Data Titik 202 tinggi (0xF)
[424](15:29:14)ALARM: Data Titik 206 rendah
[425](15:29:14)ALARM: Data Titik 209 rendah
[426](15:29:14)ALARM: Data Titik 177 tinggi (0xF)
[427](15:29:14)ALARM: Data Titik 186 rendah
[428](15:29:14)ALARM: Data Titik 159 tinggi (0xF)
[429](15:29:14)ALARM: Data Titik 221 tinggi (0x5F)
[430](15:29:14)SET: Alarm off
[431](15:29:14)ALARM: Data Titik 102 tinggi (0xF)
[432](15:29:14)ALARM: Data Titik 104 tinggi (0xF)
[433](15:29:14)ALARM: Data Titik 94 rendah
[434](15:29:14)ALARM: Data Titik 96 rendah
[435](15:29:14)ALARM: Data Titik 97 diluar jangkauan ukur
[436](15:29:15)[0]-- TIME:20080926-152915

[437](15:29:16)[1]-- TIME:20080926-152916

[438](15:29:17)[2]-- TIME:20080926-152917

[439](15:29:18)[3]-- TIME:20080926-152918

[440](15:29:18)ALARM: Data Titik 214 diluar jangkauan ukur
[441](15:29:18)ALARM: Data Titik 201 tinggi (0xF)
[442](15:29:18)ALARM: Data Titik 202 tinggi (0xF)
[443](15:29:18)ALARM: Data Titik 206 rendah
[444](15:29:18)ALARM: Data Titik 209 rendah
[445](15:29:18)ALARM: Data Titik 177 tinggi (0xF)
[446](15:29:18)ALARM: Data Titik 186 rendah
[447](15:29:18)ALARM: Data Titik 159 tinggi (0xF)
[448](15:29:18)ALARM: Data Titik 221 tinggi (0x5F)
[449](15:29:18)SET: Alarm off
[450](15:29:18)ALARM: Data Titik 102 tinggi (0xF)
[451](15:29:18)ALARM: Data Titik 104 tinggi (0xF)
[452](15:29:18)ALARM: Data Titik 94 rendah
[453](15:29:18)ALARM: Data Titik 96 rendah
[454](15:29:18)ALARM: Data Titik 97 diluar jangkauan ukur
[455](15:29:19)[0]-- TIME:20080926-152919

[456](15:29:20)[1]-- TIME:20080926-152920

[457](15:29:21)[2]-- TIME:20080926-152921

[458](15:29:22)[3]-- TIME:20080926-152922

[459](15:29:22)ALARM: Data Titik 214 diluar jangkauan ukur
[460](15:29:22)ALARM: Data Titik 201 tinggi (0xF)
[461](15:29:22)ALARM: Data Titik 202 tinggi (0xF)
[462](15:29:22)ALARM: Data Titik 206 rendah
[463](15:29:22)ALARM: Data Titik 209 rendah
[464](15:29:22)ALARM: Data Titik 177 tinggi (0xF)
[465](15:29:22)ALARM: Data Titik 186 rendah
[466](15:29:22)ALARM: Data Titik 159 tinggi (0xF)
[467](15:29:22)ALARM: Data Titik 221 tinggi (0x5F)
[468](15:29:22)SET: Alarm off
[469](15:29:22)ALARM: Data Titik 102 tinggi (0xF)
[470](15:29:22)ALARM: Data Titik 104 tinggi (0xF)
[471](15:29:22)ALARM: Data Titik 94 rendah
[472](15:29:22)ALARM: Data Titik 96 rendah
[473](15:29:22)ALARM: Data Titik 97 diluar jangkauan ukur
[474](15:29:23)[0]-- TIME:20080926-152923

[475](15:29:24)[1]-- TIME:20080926-152924

[476](15:29:25)[2]-- TIME:20080926-152925

[477](15:29:26)[3]-- TIME:20080926-152926

[478](15:29:26)ALARM: Data Titik 214 diluar jangkauan ukur
[479](15:29:26)ALARM: Data Titik 201 tinggi (0xF)
[480](15:29:26)ALARM: Data Titik 202 tinggi (0xF)
[481](15:29:26)ALARM: Data Titik 206 rendah
[482](15:29:26)ALARM: Data Titik 209 rendah
[483](15:29:26)ALARM: Data Titik 177 tinggi (0xF)
[484](15:29:26)ALARM: Data Titik 186 rendah
[485](15:29:26)ALARM: Data Titik 159 tinggi (0xF)
[486](15:29:26)ALARM: Data Titik 221 tinggi (0x5F)
[487](15:29:26)SET: Alarm off
[488](15:29:26)ALARM: Data Titik 102 tinggi (0xF)
[489](15:29:26)ALARM: Data Titik 104 tinggi (0xF)
[490](15:29:26)ALARM: Data Titik 94 rendah
[491](15:29:26)ALARM: Data Titik 96 rendah
[492](15:29:26)ALARM: Data Titik 97 diluar jangkauan ukur
[493](15:29:27)[0]-- TIME:20080926-152927

[494](15:29:28)[1]-- TIME:20080926-152928

[495](15:29:29)[2]-- TIME:20080926-152929

[496](15:29:30)[3]-- TIME:20080926-152930

[497](15:29:30)ALARM: Data Titik 214 diluar jangkauan ukur
[498](15:29:30)ALARM: Data Titik 201 tinggi (0xF)
[499](15:29:30)ALARM: Data Titik 202 tinggi (0xF)
[500](15:29:30)ALARM: Data Titik 206 rendah
[501](15:29:30)ALARM: Data Titik 209 rendah
[502](15:29:30)ALARM: Data Titik 177 tinggi (0xF)
[503](15:29:30)ALARM: Data Titik 186 rendah
[504](15:29:30)ALARM: Data Titik 159 tinggi (0xF)
[505](15:29:30)ALARM: Data Titik 221 tinggi (0x5F)
[506](15:29:30)SET: Alarm off
[507](15:29:30)ALARM: Data Titik 102 tinggi (0xF)
[508](15:29:30)ALARM: Data Titik 104 tinggi (0xF)
[509](15:29:30)ALARM: Data Titik 94 rendah
[510](15:29:30)ALARM: Data Titik 96 rendah
[511](15:29:30)ALARM: Data Titik 97 diluar jangkauan ukur
[512](15:29:31)[0]-- TIME:20080926-152931

[513](15:29:32)[1]-- TIME:20080926-152932

[514](15:29:33)[2]-- TIME:20080926-152933

[515](15:29:34)[3]-- TIME:20080926-152934

[516](15:29:34)ALARM: Data Titik 214 diluar jangkauan ukur
[517](15:29:34)ALARM: Data Titik 201 tinggi (0xF)
[518](15:29:34)ALARM: Data Titik 202 tinggi (0xF)
[519](15:29:34)ALARM: Data Titik 206 rendah
[520](15:29:34)ALARM: Data Titik 209 rendah
[521](15:29:34)ALARM: Data Titik 177 tinggi (0xF)
[522](15:29:34)ALARM: Data Titik 186 rendah
[523](15:29:34)ALARM: Data Titik 159 tinggi (0xF)
[524](15:29:34)ALARM: Data Titik 221 tinggi (0x5F)
[525](15:29:34)SET: Alarm off
[526](15:29:34)ALARM: Data Titik 102 tinggi (0xF)
[527](15:29:34)ALARM: Data Titik 104 tinggi (0xF)
[528](15:29:34)ALARM: Data Titik 94 rendah
[529](15:29:34)ALARM: Data Titik 96 rendah
[530](15:29:34)ALARM: Data Titik 97 diluar jangkauan ukur
[531](15:29:35)[0]-- TIME:20080926-152935

[532](15:29:36)[1]-- TIME:20080926-152936

[533](15:29:37)[2]-- TIME:20080926-152937

[534](15:29:38)[3]-- TIME:20080926-152938

[535](15:29:38)ALARM: Data Titik 214 diluar jangkauan ukur
[536](15:29:38)ALARM: Data Titik 201 tinggi (0xF)
[537](15:29:38)ALARM: Data Titik 202 tinggi (0xF)
[538](15:29:38)ALARM: Data Titik 206 rendah
[539](15:29:38)ALARM: Data Titik 209 rendah
[540](15:29:38)ALARM: Data Titik 177 tinggi (0xF)
[541](15:29:38)ALARM: Data Titik 186 rendah
[542](15:29:38)ALARM: Data Titik 159 tinggi (0xF)
[543](15:29:38)ALARM: Data Titik 221 tinggi (0x5F)
[544](15:29:38)SET: Alarm off
[545](15:29:38)ALARM: Data Titik 102 tinggi (0xF)
[546](15:29:38)ALARM: Data Titik 104 tinggi (0xF)
[547](15:29:38)ALARM: Data Titik 94 rendah
[548](15:29:38)ALARM: Data Titik 96 rendah
[549](15:29:38)ALARM: Data Titik 97 diluar jangkauan ukur
[550](15:29:39)[0]-- TIME:20080926-152939

[551](15:29:40)[1]-- TIME:20080926-152940

[552](15:29:41)[2]-- TIME:20080926-152941

[553](15:29:42)[3]-- TIME:20080926-152942

[554](15:29:42)ALARM: Data Titik 214 diluar jangkauan ukur
[555](15:29:42)ALARM: Data Titik 201 tinggi (0xF)
[556](15:29:42)ALARM: Data Titik 202 tinggi (0xF)
[557](15:29:42)ALARM: Data Titik 206 rendah
[558](15:29:42)ALARM: Data Titik 209 rendah
[559](15:29:42)ALARM: Data Titik 177 tinggi (0xF)
[560](15:29:42)ALARM: Data Titik 186 rendah
[561](15:29:42)ALARM: Data Titik 159 tinggi (0xF)
[562](15:29:42)ALARM: Data Titik 221 tinggi (0x5F)
[563](15:29:42)SET: Alarm off
[564](15:29:42)ALARM: Data Titik 102 tinggi (0xF)
[565](15:29:42)ALARM: Data Titik 104 tinggi (0xF)
[566](15:29:42)ALARM: Data Titik 94 rendah
[567](15:29:42)ALARM: Data Titik 96 rendah
[568](15:29:42)ALARM: Data Titik 97 diluar jangkauan ukur
[569](15:29:43)[0]-- TIME:20080926-152943

[570](15:29:44)[1]-- TIME:20080926-152944

[571](15:29:45)[2]-- TIME:20080926-152945

[572](15:29:46)[3]-- TIME:20080926-152946

[573](15:29:46)ALARM: Data Titik 214 diluar jangkauan ukur
[574](15:29:46)ALARM: Data Titik 201 tinggi (0xF)
[575](15:29:46)ALARM: Data Titik 202 tinggi (0xF)
[576](15:29:46)ALARM: Data Titik 206 rendah
[577](15:29:46)ALARM: Data Titik 209 rendah
[578](15:29:46)ALARM: Data Titik 177 tinggi (0xF)
[579](15:29:46)ALARM: Data Titik 186 rendah
[580](15:29:46)ALARM: Data Titik 159 tinggi (0xF)
[581](15:29:46)ALARM: Data Titik 221 tinggi (0x5F)
[582](15:29:46)SET: Alarm off
[583](15:29:46)ALARM: Data Titik 102 tinggi (0xF)
[584](15:29:46)ALARM: Data Titik 104 tinggi (0xF)
[585](15:29:46)ALARM: Data Titik 94 rendah
[586](15:29:46)ALARM: Data Titik 96 rendah
[587](15:29:46)ALARM: Data Titik 97 diluar jangkauan ukur
[588](15:29:47)[0]-- TIME:20080926-152947

[589](15:29:48)[1]-- TIME:20080926-152948

[590](15:29:49)[2]-- TIME:20080926-152949

[591](15:29:50)[3]-- TIME:20080926-152950

[592](15:29:50)ALARM: Data Titik 214 diluar jangkauan ukur
[593](15:29:50)ALARM: Data Titik 201 tinggi (0xF)
[594](15:29:50)ALARM: Data Titik 202 tinggi (0xF)
[595](15:29:50)ALARM: Data Titik 206 rendah
[596](15:29:50)ALARM: Data Titik 209 rendah
[597](15:29:50)ALARM: Data Titik 177 tinggi (0xF)
[598](15:29:50)ALARM: Data Titik 186 rendah
[599](15:29:50)ALARM: Data Titik 159 tinggi (0xF)
[600](15:29:50)ALARM: Data Titik 221 tinggi (0x5F)
[601](15:29:50)SET: Alarm off
[602](15:29:50)ALARM: Data Titik 102 tinggi (0xF)
[603](15:29:50)ALARM: Data Titik 104 tinggi (0xF)
[604](15:29:50)ALARM: Data Titik 94 rendah
[605](15:29:50)ALARM: Data Titik 96 rendah
[606](15:29:50)ALARM: Data Titik 97 diluar jangkauan ukur
[607](15:29:51)[0]-- TIME:20080926-152951

[608](15:29:52)[1]-- TIME:20080926-152952

[609](15:29:53)[2]-- TIME:20080926-152953

[610](15:29:54)[3]-- TIME:20080926-152954

[611](15:29:54)ALARM: Data Titik 214 diluar jangkauan ukur
[612](15:29:54)ALARM: Data Titik 201 tinggi (0xF)
[613](15:29:54)ALARM: Data Titik 202 tinggi (0xF)
[614](15:29:54)ALARM: Data Titik 206 rendah
[615](15:29:54)ALARM: Data Titik 209 rendah
[616](15:29:54)ALARM: Data Titik 177 tinggi (0xF)
[617](15:29:54)ALARM: Data Titik 186 rendah
[618](15:29:54)ALARM: Data Titik 159 tinggi (0xF)
[619](15:29:54)ALARM: Data Titik 221 tinggi (0x5F)
[620](15:29:54)SET: Alarm off
[621](15:29:54)ALARM: Data Titik 102 tinggi (0xF)
[622](15:29:54)ALARM: Data Titik 104 tinggi (0xF)
[623](15:29:54)ALARM: Data Titik 94 rendah
[624](15:29:54)ALARM: Data Titik 96 rendah
[625](15:29:54)ALARM: Data Titik 97 diluar jangkauan ukur
[626](15:29:55)[0]-- TIME:20080926-152955

[627](15:29:56)[1]-- TIME:20080926-152956

[628](15:29:57)[2]-- TIME:20080926-152957

[629](15:29:58)[3]-- TIME:20080926-152958

[630](15:29:58)ALARM: Data Titik 214 diluar jangkauan ukur
[631](15:29:58)ALARM: Data Titik 201 tinggi (0xF)
[632](15:29:58)ALARM: Data Titik 202 tinggi (0xF)
[633](15:29:58)ALARM: Data Titik 206 rendah
[634](15:29:58)ALARM: Data Titik 209 rendah
[635](15:29:58)ALARM: Data Titik 177 tinggi (0xF)
[636](15:29:58)ALARM: Data Titik 186 rendah
[637](15:29:58)ALARM: Data Titik 159 tinggi (0xF)
[638](15:29:58)ALARM: Data Titik 221 tinggi (0x5F)
[639](15:29:58)SET: Alarm off
[640](15:29:58)ALARM: Data Titik 102 tinggi (0xF)
[641](15:29:58)ALARM: Data Titik 104 tinggi (0xF)
[642](15:29:58)ALARM: Data Titik 94 rendah
[643](15:29:58)ALARM: Data Titik 96 rendah
[644](15:29:58)ALARM: Data Titik 97 diluar jangkauan ukur
[645](15:29:59)[0]-- TIME:20080926-152959

[646](15:30:00)[1]-- TIME:20080926-153000

[647](15:30:01)[2]-- TIME:20080926-153001

[648](15:30:02)[3]-- TIME:20080926-153002

[649](15:30:02)ALARM: Data Titik 214 diluar jangkauan ukur
[650](15:30:02)ALARM: Data Titik 201 tinggi (0xF)
[651](15:30:02)ALARM: Data Titik 202 tinggi (0xF)
[652](15:30:02)ALARM: Data Titik 206 rendah
[653](15:30:02)ALARM: Data Titik 209 rendah
[654](15:30:02)ALARM: Data Titik 177 tinggi (0xF)
[655](15:30:02)ALARM: Data Titik 186 rendah
[656](15:30:02)ALARM: Data Titik 159 tinggi (0xF)
[657](15:30:02)ALARM: Data Titik 221 tinggi (0x5F)
[658](15:30:02)SET: Alarm off
[659](15:30:02)ALARM: Data Titik 102 tinggi (0xF)
[660](15:30:02)ALARM: Data Titik 104 tinggi (0xF)
[661](15:30:02)ALARM: Data Titik 94 rendah
[662](15:30:02)ALARM: Data Titik 96 rendah
[663](15:30:02)ALARM: Data Titik 97 diluar jangkauan ukur
[664](15:30:03)[0]-- TIME:20080926-153003

[665](15:30:04)[1]-- TIME:20080926-153004

[666](15:30:05)[2]-- TIME:20080926-153005

[667](15:30:06)[3]-- TIME:20080926-153006

[668](15:30:06)ALARM: Data Titik 214 diluar jangkauan ukur
[669](15:30:06)ALARM: Data Titik 201 tinggi (0xF)
[670](15:30:06)ALARM: Data Titik 202 tinggi (0xF)
[671](15:30:06)ALARM: Data Titik 206 rendah
[672](15:30:06)ALARM: Data Titik 209 rendah
[673](15:30:06)ALARM: Data Titik 177 tinggi (0xF)
[674](15:30:06)ALARM: Data Titik 186 rendah
[675](15:30:06)ALARM: Data Titik 159 tinggi (0xF)
[676](15:30:06)ALARM: Data Titik 221 tinggi (0x5F)
[677](15:30:06)SET: Alarm off
[678](15:30:06)ALARM: Data Titik 102 tinggi (0xF)
[679](15:30:06)ALARM: Data Titik 104 tinggi (0xF)
[680](15:30:06)ALARM: Data Titik 94 rendah
[681](15:30:06)ALARM: Data Titik 96 rendah
[682](15:30:06)ALARM: Data Titik 97 diluar jangkauan ukur
[683](15:30:07)[0]-- TIME:20080926-153007

[684](15:30:08)[1]-- TIME:20080926-153008

[685](15:30:09)[2]-- TIME:20080926-153009

[686](15:30:10)[3]-- TIME:20080926-153010

[687](15:30:10)ALARM: Data Titik 214 diluar jangkauan ukur
[688](15:30:10)ALARM: Data Titik 201 tinggi (0xF)
[689](15:30:10)ALARM: Data Titik 202 tinggi (0xF)
[690](15:30:10)ALARM: Data Titik 206 rendah
[691](15:30:10)ALARM: Data Titik 209 rendah
[692](15:30:10)ALARM: Data Titik 177 tinggi (0xF)
[693](15:30:10)ALARM: Data Titik 186 rendah
[694](15:30:10)ALARM: Data Titik 159 tinggi (0xF)
[695](15:30:10)ALARM: Data Titik 221 tinggi (0x5F)
[696](15:30:10)SET: Alarm off
[697](15:30:10)ALARM: Data Titik 102 tinggi (0xF)
[698](15:30:10)ALARM: Data Titik 104 tinggi (0xF)
[699](15:30:10)ALARM: Data Titik 94 rendah
[700](15:30:10)ALARM: Data Titik 96 rendah
[701](15:30:10)ALARM: Data Titik 97 diluar jangkauan ukur
[702](15:30:11)[0]-- TIME:20080926-153011

[703](15:30:12)[1]-- TIME:20080926-153012

[704](15:30:13)[2]-- TIME:20080926-153013

[705](15:30:14)[3]-- TIME:20080926-153014

[706](15:30:14)ALARM: Data Titik 214 diluar jangkauan ukur
[707](15:30:14)ALARM: Data Titik 201 tinggi (0xF)
[708](15:30:14)ALARM: Data Titik 202 tinggi (0xF)
[709](15:30:14)ALARM: Data Titik 206 rendah
[710](15:30:14)ALARM: Data Titik 209 rendah
[711](15:30:14)ALARM: Data Titik 177 tinggi (0xF)
[712](15:30:14)ALARM: Data Titik 186 rendah
[713](15:30:14)ALARM: Data Titik 159 tinggi (0xF)
[714](15:30:14)ALARM: Data Titik 221 tinggi (0x5F)
[715](15:30:14)SET: Alarm off
[716](15:30:14)ALARM: Data Titik 102 tinggi (0xF)
[717](15:30:14)ALARM: Data Titik 104 tinggi (0xF)
[718](15:30:14)ALARM: Data Titik 94 rendah
[719](15:30:14)ALARM: Data Titik 96 rendah
[720](15:30:14)ALARM: Data Titik 97 diluar jangkauan ukur
[721](15:30:15)[0]-- TIME:20080926-153015

[722](15:30:16)[1]-- TIME:20080926-153016

[723](15:30:17)[2]-- TIME:20080926-153017

[724](15:30:18)[3]-- TIME:20080926-153018

[725](15:30:18)ALARM: Data Titik 214 diluar jangkauan ukur
[726](15:30:18)ALARM: Data Titik 201 tinggi (0xF)
[727](15:30:18)ALARM: Data Titik 202 tinggi (0xF)
[728](15:30:18)ALARM: Data Titik 206 rendah
[729](15:30:18)ALARM: Data Titik 209 rendah
[730](15:30:18)ALARM: Data Titik 177 tinggi (0xF)
[731](15:30:18)ALARM: Data Titik 186 rendah
[732](15:30:18)ALARM: Data Titik 159 tinggi (0xF)
[733](15:30:18)ALARM: Data Titik 221 tinggi (0x5F)
[734](15:30:18)SET: Alarm off
[735](15:30:18)ALARM: Data Titik 102 tinggi (0xF)
[736](15:30:18)ALARM: Data Titik 104 tinggi (0xF)
[737](15:30:18)ALARM: Data Titik 94 rendah
[738](15:30:18)ALARM: Data Titik 96 rendah
[739](15:30:18)ALARM: Data Titik 97 diluar jangkauan ukur
[740](15:30:19)[0]-- TIME:20080926-153019

[741](15:30:20)[1]-- TIME:20080926-153020

[742](15:30:21)[2]-- TIME:20080926-153021

[743](15:30:22)[3]-- TIME:20080926-153022

[744](15:30:22)ALARM: Data Titik 214 diluar jangkauan ukur
[745](15:30:22)ALARM: Data Titik 201 tinggi (0xF)
[746](15:30:22)ALARM: Data Titik 202 tinggi (0xF)
[747](15:30:22)ALARM: Data Titik 206 rendah
[748](15:30:22)ALARM: Data Titik 209 rendah
[749](15:30:22)ALARM: Data Titik 177 tinggi (0xF)
[750](15:30:22)ALARM: Data Titik 186 rendah
[751](15:30:22)ALARM: Data Titik 159 tinggi (0xF)
[752](15:30:22)ALARM: Data Titik 221 tinggi (0x5F)
[753](15:30:22)SET: Alarm off
[754](15:30:22)ALARM: Data Titik 102 tinggi (0xF)
[755](15:30:22)ALARM: Data Titik 104 tinggi (0xF)
[756](15:30:22)ALARM: Data Titik 94 rendah
[757](15:30:22)ALARM: Data Titik 96 rendah
[758](15:30:22)ALARM: Data Titik 97 diluar jangkauan ukur
[759](15:30:23)[0]-- TIME:20080926-153023

[760](15:30:24)[1]-- TIME:20080926-153024

[761](15:30:25)[2]-- TIME:20080926-153025

[762](15:30:26)[3]-- TIME:20080926-153026

[763](15:30:26)ALARM: Data Titik 214 diluar jangkauan ukur
[764](15:30:26)ALARM: Data Titik 201 tinggi (0xF)
[765](15:30:26)ALARM: Data Titik 202 tinggi (0xF)
[766](15:30:26)ALARM: Data Titik 206 rendah
[767](15:30:26)ALARM: Data Titik 209 rendah
[768](15:30:26)ALARM: Data Titik 177 tinggi (0xF)
[769](15:30:26)ALARM: Data Titik 186 rendah
[770](15:30:26)ALARM: Data Titik 159 tinggi (0xF)
[771](15:30:26)ALARM: Data Titik 221 tinggi (0x5F)
[772](15:30:26)SET: Alarm off
[773](15:30:26)ALARM: Data Titik 102 tinggi (0xF)
[774](15:30:26)ALARM: Data Titik 104 tinggi (0xF)
[775](15:30:26)ALARM: Data Titik 94 rendah
[776](15:30:26)ALARM: Data Titik 96 rendah
[777](15:30:26)ALARM: Data Titik 97 diluar jangkauan ukur
[778](15:30:27)[0]-- TIME:20080926-153027

[779](15:30:28)[1]-- TIME:20080926-153028

[780](15:30:29)[2]-- TIME:20080926-153029

[781](15:30:30)[3]-- TIME:20080926-153030

[782](15:30:30)ALARM: Data Titik 214 diluar jangkauan ukur
[783](15:30:30)ALARM: Data Titik 201 tinggi (0xF)
[784](15:30:30)ALARM: Data Titik 202 tinggi (0xF)
[785](15:30:30)ALARM: Data Titik 206 rendah
[786](15:30:30)ALARM: Data Titik 209 rendah
[787](15:30:30)ALARM: Data Titik 177 tinggi (0xF)
[788](15:30:30)ALARM: Data Titik 186 rendah
[789](15:30:30)ALARM: Data Titik 159 tinggi (0xF)
[790](15:30:30)ALARM: Data Titik 221 tinggi (0x5F)
[791](15:30:30)SET: Alarm off
[792](15:30:30)ALARM: Data Titik 102 tinggi (0xF)
[793](15:30:30)ALARM: Data Titik 104 tinggi (0xF)
[794](15:30:30)ALARM: Data Titik 94 rendah
[795](15:30:30)ALARM: Data Titik 96 rendah
[796](15:30:30)ALARM: Data Titik 97 diluar jangkauan ukur
[797](15:30:31)[0]-- TIME:20080926-153031

[798](15:30:32)[1]-- TIME:20080926-153032

[799](15:30:33)[2]-- TIME:20080926-153033

[800](15:30:34)[3]-- TIME:20080926-153034

[801](15:30:34)ALARM: Data Titik 214 diluar jangkauan ukur
[802](15:30:34)ALARM: Data Titik 201 tinggi (0xF)
[803](15:30:34)ALARM: Data Titik 202 tinggi (0xF)
[804](15:30:34)ALARM: Data Titik 206 rendah
[805](15:30:34)ALARM: Data Titik 209 rendah
[806](15:30:34)ALARM: Data Titik 177 tinggi (0xF)
[807](15:30:34)ALARM: Data Titik 186 rendah
[808](15:30:34)ALARM: Data Titik 159 tinggi (0xF)
[809](15:30:34)ALARM: Data Titik 221 tinggi (0x5F)
[810](15:30:34)SET: Alarm off
[811](15:30:34)ALARM: Data Titik 102 tinggi (0xF)
[812](15:30:34)ALARM: Data Titik 104 tinggi (0xF)
[813](15:30:34)ALARM: Data Titik 94 rendah
[814](15:30:34)ALARM: Data Titik 96 rendah
[815](15:30:34)ALARM: Data Titik 97 diluar jangkauan ukur
[816](15:30:35)[0]-- TIME:20080926-153035

[817](15:30:36)[1]-- TIME:20080926-153036

[818](15:30:37)[2]-- TIME:20080926-153037

[819](15:30:38)[3]-- TIME:20080926-153038

[820](15:30:38)ALARM: Data Titik 214 diluar jangkauan ukur
[821](15:30:38)ALARM: Data Titik 201 tinggi (0xF)
[822](15:30:38)ALARM: Data Titik 202 tinggi (0xF)
[823](15:30:38)ALARM: Data Titik 206 rendah
[824](15:30:38)ALARM: Data Titik 209 rendah
[825](15:30:38)ALARM: Data Titik 177 tinggi (0xF)
[826](15:30:38)ALARM: Data Titik 186 rendah
[827](15:30:38)ALARM: Data Titik 159 tinggi (0xF)
[828](15:30:38)ALARM: Data Titik 221 tinggi (0x5F)
[829](15:30:38)SET: Alarm off
[830](15:30:38)ALARM: Data Titik 102 tinggi (0xF)
[831](15:30:38)ALARM: Data Titik 104 tinggi (0xF)
[832](15:30:38)ALARM: Data Titik 94 rendah
[833](15:30:38)ALARM: Data Titik 96 rendah
[834](15:30:38)ALARM: Data Titik 97 diluar jangkauan ukur
[835](15:30:39)[0]-- TIME:20080926-153039

[836](15:30:40)[1]-- TIME:20080926-153040

[837](15:30:41)[2]-- TIME:20080926-153041

[838](15:30:42)[3]-- TIME:20080926-153042

[839](15:30:42)ALARM: Data Titik 214 diluar jangkauan ukur
[840](15:30:42)ALARM: Data Titik 201 tinggi (0xF)
[841](15:30:42)ALARM: Data Titik 202 tinggi (0xF)
[842](15:30:42)ALARM: Data Titik 206 rendah
[843](15:30:42)ALARM: Data Titik 209 rendah
[844](15:30:42)ALARM: Data Titik 177 tinggi (0xF)
[845](15:30:42)ALARM: Data Titik 186 rendah
[846](15:30:42)ALARM: Data Titik 159 tinggi (0xF)
[847](15:30:42)ALARM: Data Titik 221 tinggi (0x5F)
[848](15:30:42)SET: Alarm off
[849](15:30:42)ALARM: Data Titik 102 tinggi (0xF)
[850](15:30:42)ALARM: Data Titik 104 tinggi (0xF)
[851](15:30:42)ALARM: Data Titik 94 rendah
[852](15:30:42)ALARM: Data Titik 96 rendah
[853](15:30:42)ALARM: Data Titik 97 diluar jangkauan ukur
[854](15:30:43)[0]-- TIME:20080926-153043

[855](15:30:44)[1]-- TIME:20080926-153044

[856](15:30:45)[2]-- TIME:20080926-153045

[857](15:30:46)[3]-- TIME:20080926-153046

[858](15:30:46)ALARM: Data Titik 214 diluar jangkauan ukur
[859](15:30:46)ALARM: Data Titik 201 tinggi (0xF)
[860](15:30:46)ALARM: Data Titik 202 tinggi (0xF)
[861](15:30:46)ALARM: Data Titik 206 rendah
[862](15:30:46)ALARM: Data Titik 209 rendah
[863](15:30:46)ALARM: Data Titik 177 tinggi (0xF)
[864](15:30:46)ALARM: Data Titik 186 rendah
[865](15:30:46)ALARM: Data Titik 159 tinggi (0xF)
[866](15:30:46)ALARM: Data Titik 221 tinggi (0x5F)
[867](15:30:46)SET: Alarm off
[868](15:30:46)ALARM: Data Titik 102 tinggi (0xF)
[869](15:30:46)ALARM: Data Titik 104 tinggi (0xF)
[870](15:30:46)ALARM: Data Titik 94 rendah
[871](15:30:46)ALARM: Data Titik 96 rendah
[872](15:30:46)ALARM: Data Titik 97 diluar jangkauan ukur
[873](15:30:47)[0]-- TIME:20080926-153047

[874](15:30:48)[1]-- TIME:20080926-153048

[875](15:30:49)[2]-- TIME:20080926-153049

[876](15:30:50)[3]-- TIME:20080926-153050

[877](15:30:50)ALARM: Data Titik 214 diluar jangkauan ukur
[878](15:30:50)ALARM: Data Titik 201 tinggi (0xF)
[879](15:30:50)ALARM: Data Titik 202 tinggi (0xF)
[880](15:30:50)ALARM: Data Titik 206 rendah
[881](15:30:50)ALARM: Data Titik 209 rendah
[882](15:30:50)ALARM: Data Titik 177 tinggi (0xF)
[883](15:30:50)ALARM: Data Titik 186 rendah
[884](15:30:50)ALARM: Data Titik 159 tinggi (0xF)
[885](15:30:50)ALARM: Data Titik 221 tinggi (0x5F)
[886](15:30:50)SET: Alarm off
[887](15:30:50)ALARM: Data Titik 102 tinggi (0xF)
[888](15:30:50)ALARM: Data Titik 104 tinggi (0xF)
[889](15:30:50)ALARM: Data Titik 94 rendah
[890](15:30:50)ALARM: Data Titik 96 rendah
[891](15:30:50)ALARM: Data Titik 97 diluar jangkauan ukur
[892](15:30:51)[0]-- TIME:20080926-153051

[893](15:30:52)[1]-- TIME:20080926-153052

[894](15:30:53)[2]-- TIME:20080926-153053

[895](15:30:54)[3]-- TIME:20080926-153054

[896](15:30:54)ALARM: Data Titik 214 diluar jangkauan ukur
[897](15:30:54)ALARM: Data Titik 201 tinggi (0xF)
[898](15:30:54)ALARM: Data Titik 202 tinggi (0xF)
[899](15:30:54)ALARM: Data Titik 206 rendah
[900](15:30:54)ALARM: Data Titik 209 rendah
[901](15:30:54)ALARM: Data Titik 177 tinggi (0xF)
[902](15:30:54)ALARM: Data Titik 186 rendah
[903](15:30:54)ALARM: Data Titik 159 tinggi (0xF)
[904](15:30:54)ALARM: Data Titik 221 tinggi (0x5F)
[905](15:30:54)SET: Alarm off
[906](15:30:54)ALARM: Data Titik 102 tinggi (0xF)
[907](15:30:54)ALARM: Data Titik 104 tinggi (0xF)
[908](15:30:54)ALARM: Data Titik 94 rendah
[909](15:30:54)ALARM: Data Titik 96 rendah
[910](15:30:54)ALARM: Data Titik 97 diluar jangkauan ukur
[911](15:30:55)[0]-- TIME:20080926-153055

[912](15:30:56)[1]-- TIME:20080926-153056

[913](15:30:57)[2]-- TIME:20080926-153057

[914](15:30:58)[3]-- TIME:20080926-153058

[915](15:30:58)ALARM: Data Titik 214 diluar jangkauan ukur
[916](15:30:58)ALARM: Data Titik 201 tinggi (0xF)
[917](15:30:58)ALARM: Data Titik 202 tinggi (0xF)
[918](15:30:58)ALARM: Data Titik 206 rendah
[919](15:30:58)ALARM: Data Titik 209 rendah
[920](15:30:58)ALARM: Data Titik 177 tinggi (0xF)
[921](15:30:58)ALARM: Data Titik 186 rendah
[922](15:30:58)ALARM: Data Titik 159 tinggi (0xF)
[923](15:30:58)ALARM: Data Titik 221 tinggi (0x5F)
[924](15:30:58)SET: Alarm off
[925](15:30:58)ALARM: Data Titik 102 tinggi (0xF)
[926](15:30:58)ALARM: Data Titik 104 tinggi (0xF)
[927](15:30:58)ALARM: Data Titik 94 rendah
[928](15:30:58)ALARM: Data Titik 96 rendah
[929](15:30:58)ALARM: Data Titik 97 diluar jangkauan ukur
[930](15:30:59)[0]-- TIME:20080926-153059

[931](15:31:00)[1]-- TIME:20080926-153100

[932](15:31:01)[2]-- TIME:20080926-153101

[933](15:31:02)[3]-- TIME:20080926-153102

[934](15:31:02)ALARM: Data Titik 214 diluar jangkauan ukur
[935](15:31:02)ALARM: Data Titik 201 tinggi (0xF)
[936](15:31:02)ALARM: Data Titik 202 tinggi (0xF)
[937](15:31:02)ALARM: Data Titik 206 rendah
[938](15:31:02)ALARM: Data Titik 209 rendah
[939](15:31:02)ALARM: Data Titik 177 tinggi (0xF)
[940](15:31:02)ALARM: Data Titik 186 rendah
[941](15:31:02)ALARM: Data Titik 159 tinggi (0xF)
[942](15:31:02)ALARM: Data Titik 221 tinggi (0x5F)
[943](15:31:02)SET: Alarm off
[944](15:31:02)ALARM: Data Titik 102 tinggi (0xF)
[945](15:31:02)ALARM: Data Titik 104 tinggi (0xF)
[946](15:31:02)ALARM: Data Titik 94 rendah
[947](15:31:02)ALARM: Data Titik 96 rendah
[948](15:31:02)ALARM: Data Titik 97 diluar jangkauan ukur
[949](15:31:03)[0]-- TIME:20080926-153103

[950](15:31:04)[1]-- TIME:20080926-153104

[951](15:31:05)[2]-- TIME:20080926-153105

[952](15:31:06)[3]-- TIME:20080926-153106

[953](15:31:06)ALARM: Data Titik 214 diluar jangkauan ukur
[954](15:31:06)ALARM: Data Titik 201 tinggi (0xF)
[955](15:31:06)ALARM: Data Titik 202 tinggi (0xF)
[956](15:31:06)ALARM: Data Titik 206 rendah
[957](15:31:06)ALARM: Data Titik 209 rendah
[958](15:31:06)ALARM: Data Titik 177 tinggi (0xF)
[959](15:31:06)ALARM: Data Titik 186 rendah
[960](15:31:06)ALARM: Data Titik 159 tinggi (0xF)
[961](15:31:06)ALARM: Data Titik 221 tinggi (0x5F)
[962](15:31:06)SET: Alarm off
[963](15:31:06)ALARM: Data Titik 102 tinggi (0xF)
[964](15:31:06)ALARM: Data Titik 104 tinggi (0xF)
[965](15:31:06)ALARM: Data Titik 94 rendah
[966](15:31:06)ALARM: Data Titik 96 rendah
[967](15:31:06)ALARM: Data Titik 97 diluar jangkauan ukur
[968](15:31:07)[0]-- TIME:20080926-153107

[969](15:31:08)[1]-- TIME:20080926-153108

[970](15:31:09)[2]-- TIME:20080926-153109

[971](15:31:10)[3]-- TIME:20080926-153110

[972](15:31:10)ALARM: Data Titik 214 diluar jangkauan ukur
[973](15:31:10)ALARM: Data Titik 201 tinggi (0xF)
[974](15:31:10)ALARM: Data Titik 202 tinggi (0xF)
[975](15:31:10)ALARM: Data Titik 206 rendah
[976](15:31:10)ALARM: Data Titik 209 rendah
[977](15:31:10)ALARM: Data Titik 177 tinggi (0xF)
[978](15:31:10)ALARM: Data Titik 186 rendah
[979](15:31:10)ALARM: Data Titik 159 tinggi (0xF)
[980](15:31:10)ALARM: Data Titik 221 tinggi (0x5F)
[981](15:31:10)SET: Alarm off
[982](15:31:10)ALARM: Data Titik 102 tinggi (0xF)
[983](15:31:10)ALARM: Data Titik 104 tinggi (0xF)
[984](15:31:10)ALARM: Data Titik 94 rendah
[985](15:31:10)ALARM: Data Titik 96 rendah
[986](15:31:10)ALARM: Data Titik 97 diluar jangkauan ukur
[987](15:31:11)[0]-- TIME:20080926-153111

[988](15:31:12)[1]-- TIME:20080926-153112

[989](15:31:13)[2]-- TIME:20080926-153113

[990](15:31:14)[3]-- TIME:20080926-153114

[991](15:31:14)ALARM: Data Titik 214 diluar jangkauan ukur
[992](15:31:14)ALARM: Data Titik 201 tinggi (0xF)
[993](15:31:14)ALARM: Data Titik 202 tinggi (0xF)
[994](15:31:14)ALARM: Data Titik 206 rendah
[995](15:31:14)ALARM: Data Titik 209 rendah
[996](15:31:14)ALARM: Data Titik 177 tinggi (0xF)
[997](15:31:14)ALARM: Data Titik 186 rendah
[998](15:31:14)ALARM: Data Titik 159 tinggi (0xF)
[999](15:31:14)ALARM: Data Titik 221 tinggi (0x5F)
[1000](15:31:14)SET: Alarm off