
[0](13:45:36)======== MONITA APP STARTING ===========
[1](13:45:36)Load file konfigurasi
[2](13:45:36)Baca konfig
[3](13:45:36)Baca konfig: OK
[4](13:45:49)Simpan konfig
[5](13:45:49)Simpan konfig: OK
[6](14:56:49)Simpan konfig
[7](14:56:49)Simpan konfig: OK
[8](15:11:08)Simpan konfig
[9](15:11:08)Simpan konfig: OK
[10](15:11:49)Mulai logging data
[11](15:11:50)[0]-- TIME:20081105-151150

[12](15:11:51)[1]-- TIME:20081105-151151

[13](15:11:52)[2]-- TIME:20081105-151152

[14](15:11:53)[3]-- TIME:20081105-151153

[15](15:11:54)[0]-- TIME:20081105-151154

[16](15:11:55)[1]-- TIME:20081105-151155

[17](15:11:56)[2]-- TIME:20081105-151156

[18](15:11:57)[3]-- TIME:20081105-151157

[19](15:11:58)[0]-- TIME:20081105-151158

[20](15:11:59)[1]-- TIME:20081105-151159

[21](15:12:00)[2]-- TIME:20081105-151200

[22](15:12:01)[3]-- TIME:20081105-151201

[23](15:12:02)[0]-- TIME:20081105-151202

[24](15:12:03)[1]-- TIME:20081105-151203

[25](15:12:04)[2]-- TIME:20081105-151204

[26](15:12:05)[3]-- TIME:20081105-151205

[27](15:12:06)[0]-- TIME:20081105-151206

[28](15:12:07)[1]-- TIME:20081105-151207

[29](15:12:08)[2]-- TIME:20081105-151208

[30](15:12:09)[3]-- TIME:20081105-151209

[31](15:12:10)[0]-- TIME:20081105-151210

[32](15:12:11)[1]-- TIME:20081105-151211

[33](15:12:12)[2]-- TIME:20081105-151212

[34](15:12:13)[3]-- TIME:20081105-151213

[35](15:12:14)[0]-- TIME:20081105-151214

[36](15:12:15)[1]-- TIME:20081105-151215

[37](15:12:16)[2]-- TIME:20081105-151216

[38](15:12:17)[3]-- TIME:20081105-151217

[39](15:12:18)[0]-- TIME:20081105-151218

[40](15:12:19)[1]-- TIME:20081105-151219

[41](15:12:20)[2]-- TIME:20081105-151220

[42](15:12:21)[3]-- TIME:20081105-151221

[43](15:12:22)[0]-- TIME:20081105-151222

[44](15:12:23)[1]-- TIME:20081105-151223

[45](15:12:24)[2]-- TIME:20081105-151224

[46](15:12:25)[3]-- TIME:20081105-151225

[47](15:12:26)[0]-- TIME:20081105-151226

[48](15:12:27)[1]-- TIME:20081105-151227

[49](15:12:28)[2]-- TIME:20081105-151228

[50](15:12:29)[3]-- TIME:20081105-151229

[51](15:12:31)[0]-- TIME:20081105-151231

[52](15:12:31)[1]-- TIME:20081105-151231

[53](15:12:33)[2]-- TIME:20081105-151233

[54](15:12:34)[3]-- TIME:20081105-151234

[55](15:12:35)[0]-- TIME:20081105-151235

[56](15:12:36)[1]-- TIME:20081105-151236

[57](15:12:37)[2]-- TIME:20081105-151237

[58](15:12:38)[3]-- TIME:20081105-151238

[59](15:12:39)[0]-- TIME:20081105-151239

[60](15:12:40)[1]-- TIME:20081105-151240

[61](15:12:40)Stop logging data
[62](15:12:41)[2]-- TIME:20081105-151241
