
[0](18:49:25)======== MONITA APP STARTING ===========
[1](18:49:25)Load file konfigurasi
[2](18:49:25)Baca konfig
[3](18:49:25)Baca konfig: OK
[4](18:49:27)Mulai logging data
[5](18:49:28)[0]-- TIME:20081026-184928

[6](18:49:29)[1]-- TIME:20081026-184929

[7](18:49:30)[2]-- TIME:20081026-184930

[8](18:49:31)[3]-- TIME:20081026-184931

[9](18:49:31)192.168.1.31: Timeout
[10](18:49:32)[0]-- TIME:20081026-184932

[11](18:49:33)[1]-- TIME:20081026-184933

[12](18:49:34)[2]-- TIME:20081026-184934

[13](18:49:35)[3]-- TIME:20081026-184935

[14](18:49:35)192.168.1.31: Timeout
[15](18:49:36)[0]-- TIME:20081026-184936

[16](18:49:37)[1]-- TIME:20081026-184937

[17](18:49:38)[2]-- TIME:20081026-184938

[18](18:49:39)[3]-- TIME:20081026-184939

[19](18:49:39)192.168.1.31: Timeout
[20](18:49:40)[0]-- TIME:20081026-184940

[21](18:49:40)Stop logging data
[22](18:49:41)[2]-- TIME:20081026-184941

[23](19:00:26)======== MONITA APP CLOSING =========
[24](19:00:26)============ BYE BYE ===============