
[0](15:02:39)======== MONITA APP STARTING ===========
[1](15:02:39)Load file konfigurasi
[2](15:02:39)Baca konfig
[3](15:02:39)Baca konfig: OK
[4](15:02:40)Mulai logging data
[5](15:02:41)[0]-- TIME:20081026-150241

[6](15:02:42)[1]-- TIME:20081026-150242

[7](15:02:43)[2]-- TIME:20081026-150243

[8](15:02:44)[3]-- TIME:20081026-150244

[9](15:02:44)192.168.1.31: Timeout
[10](15:02:44)192.168.1.32: Timeout
[11](15:02:45)[0]-- TIME:20081026-150245

[12](15:02:46)[1]-- TIME:20081026-150246

[13](15:02:47)[2]-- TIME:20081026-150247

[14](15:02:48)[3]-- TIME:20081026-150248

[15](15:02:48)192.168.1.31: Timeout
[16](15:02:48)192.168.1.32: Timeout
[17](15:02:49)[0]-- TIME:20081026-150249

[18](15:02:50)[1]-- TIME:20081026-150250

[19](15:02:51)Stop logging data
[20](15:02:51)[2]-- TIME:20081026-150251
