
[0](21:41:02)======== MONITA APP STARTING ===========
[1](21:41:02)Load file konfigurasi
[2](21:41:02)Baca konfig
[3](21:41:02)Baca konfig: OK
[4](21:41:14)Mulai logging data
[5](21:41:16)[0]-- TIME:20081026-214116

[6](21:41:17)[1]-- TIME:20081026-214117

[7](21:41:18)[2]-- TIME:20081026-214118

[8](21:41:19)[3]-- TIME:20081026-214119

[9](21:41:19)192.168.1.110: Timeout
[10](21:41:19)192.168.1.110: Timeout
[11](21:41:19)ALARM: Data Titik 127 (kWh) diluar jangkauan ukur
[12](21:41:19)ALARM: Data Titik 130 (Voltage) diluar jangkauan ukur
[13](21:41:19)ALARM: Data Titik 113 (kWh) diluar jangkauan ukur
[14](21:41:19)ALARM: Data Titik 116 (Voltage) diluar jangkauan ukur
[15](21:41:19)ALARM: Data Titik 101 (kwh) diluar jangkauan ukur
[16](21:41:20)ALARM: Data Titik 108 (Flowmeter) diluar jangkauan ukur
[17](21:41:20)192.168.1.29: Timeout
[18](21:41:20)192.168.1.31: Timeout
[19](21:41:20)[0]-- TIME:20081026-214120

[20](21:41:21)[1]-- TIME:20081026-214121

[21](21:41:22)[2]-- TIME:20081026-214122

[22](21:41:23)[3]-- TIME:20081026-214123

[23](21:41:23)ALARM: Data Titik 153 (kWh) diluar jangkauan ukur
[24](21:41:23)ALARM: Data Titik 140 (KwH) diluar jangkauan ukur
[25](21:41:23)ALARM: Data Titik 127 (kWh) diluar jangkauan ukur
[26](21:41:23)ALARM: Data Titik 130 (Voltage) diluar jangkauan ukur
[27](21:41:23)ALARM: Data Titik 113 (kWh) diluar jangkauan ukur
[28](21:41:23)ALARM: Data Titik 116 (Voltage) diluar jangkauan ukur
[29](21:41:23)ALARM: Data Titik 101 (kwh) diluar jangkauan ukur
[30](21:41:23)ALARM: Data Titik 108 (Flowmeter) diluar jangkauan ukur
[31](21:41:23)192.168.1.29: Timeout
[32](21:41:23)192.168.1.31: Timeout
[33](21:41:24)[0]-- TIME:20081026-214124

[34](21:41:25)[1]-- TIME:20081026-214125

[35](21:41:26)[2]-- TIME:20081026-214126

[36](21:41:27)[3]-- TIME:20081026-214127

[37](21:41:27)ALARM: Data Titik 153 (kWh) diluar jangkauan ukur
[38](21:41:27)ALARM: Data Titik 140 (KwH) diluar jangkauan ukur
[39](21:41:27)ALARM: Data Titik 127 (kWh) diluar jangkauan ukur
[40](21:41:27)ALARM: Data Titik 130 (Voltage) diluar jangkauan ukur
[41](21:41:27)ALARM: Data Titik 113 (kWh) diluar jangkauan ukur
[42](21:41:27)ALARM: Data Titik 116 (Voltage) diluar jangkauan ukur
[43](21:41:27)ALARM: Data Titik 101 (kwh) diluar jangkauan ukur
[44](21:41:27)192.168.1.18: Timeout
[45](21:41:27)ALARM: Data Titik 108 (Flowmeter) diluar jangkauan ukur
[46](21:41:27)192.168.1.29: Timeout
[47](21:41:27)192.168.1.31: Timeout
[48](21:41:28)Stop logging data
[49](21:41:28)[2]-- TIME:20081026-214128

[50](21:41:52)Simpan konfig
[51](21:41:52)Simpan konfig: OK
[52](21:41:57)Simpan konfig
[53](21:41:57)Simpan konfig: OK
[54](21:41:57)Mulai logging data
[55](21:41:58)[0]-- TIME:20081026-214158

[56](21:41:59)[1]-- TIME:20081026-214159

[57](21:42:00)[2]-- TIME:20081026-214200

[58](21:42:01)[3]-- TIME:20081026-214201

[59](21:42:01)192.168.1.31: Timeout
[60](21:42:02)[0]-- TIME:20081026-214202

[61](21:42:03)[1]-- TIME:20081026-214203

[62](21:42:04)[2]-- TIME:20081026-214204

[63](21:42:05)[3]-- TIME:20081026-214205

[64](21:42:05)192.168.1.31: Timeout
[65](21:42:06)[0]-- TIME:20081026-214206

[66](21:42:07)[1]-- TIME:20081026-214207

[67](21:42:08)[2]-- TIME:20081026-214208

[68](21:42:09)[3]-- TIME:20081026-214209

[69](21:42:09)192.168.1.31: Timeout
[70](21:42:10)[0]-- TIME:20081026-214210

[71](21:42:11)[1]-- TIME:20081026-214211

[72](21:42:12)[2]-- TIME:20081026-214212

[73](21:42:13)[3]-- TIME:20081026-214213

[74](21:42:13)192.168.1.31: Timeout
[75](21:42:14)[0]-- TIME:20081026-214214

[76](21:42:15)[1]-- TIME:20081026-214215

[77](21:42:16)[2]-- TIME:20081026-214216

[78](21:42:17)[3]-- TIME:20081026-214217

[79](21:42:17)192.168.1.31: Timeout
[80](21:42:18)[0]-- TIME:20081026-214218

[81](21:42:19)[1]-- TIME:20081026-214219

[82](21:42:20)[2]-- TIME:20081026-214220

[83](21:42:21)[3]-- TIME:20081026-214221

[84](21:42:21)192.168.1.31: Timeout
[85](21:42:22)[0]-- TIME:20081026-214222

[86](21:42:23)[1]-- TIME:20081026-214223

[87](21:42:24)[2]-- TIME:20081026-214224

[88](21:42:25)[3]-- TIME:20081026-214225

[89](21:42:25)192.168.1.31: Timeout
[90](21:42:26)[0]-- TIME:20081026-214226

[91](21:42:27)[1]-- TIME:20081026-214227

[92](21:42:28)[2]-- TIME:20081026-214228

[93](21:42:29)[3]-- TIME:20081026-214229

[94](21:42:29)192.168.1.31: Timeout
[95](21:42:30)[0]-- TIME:20081026-214230

[96](21:42:31)[1]-- TIME:20081026-214231

[97](21:42:32)[2]-- TIME:20081026-214232

[98](21:42:33)[3]-- TIME:20081026-214233

[99](21:42:33)192.168.1.31: Timeout
[100](21:42:34)[0]-- TIME:20081026-214234

[101](21:42:35)[1]-- TIME:20081026-214235

[102](21:42:36)[2]-- TIME:20081026-214236

[103](21:42:37)[3]-- TIME:20081026-214237

[104](21:42:37)192.168.1.31: Timeout
[105](21:42:38)[0]-- TIME:20081026-214238

[106](21:42:39)[1]-- TIME:20081026-214239

[107](21:42:40)[2]-- TIME:20081026-214240

[108](21:42:41)[3]-- TIME:20081026-214241

[109](21:42:41)192.168.1.31: Timeout
[110](21:42:42)[0]-- TIME:20081026-214242

[111](21:42:43)[1]-- TIME:20081026-214243

[112](21:42:44)[2]-- TIME:20081026-214244

[113](21:42:45)[3]-- TIME:20081026-214245

[114](21:42:45)192.168.1.31: Timeout
[115](21:42:46)[0]-- TIME:20081026-214246

[116](21:42:47)[1]-- TIME:20081026-214247

[117](21:42:48)[2]-- TIME:20081026-214248

[118](21:42:49)Stop logging data
[119](21:42:49)[2]-- TIME:20081026-214249

[120](21:42:52)======== MONITA APP CLOSING =========
[121](21:42:52)============ BYE BYE ===============