
[0](10:12:36)[1]-- TIME:20081017-101236

[1](10:12:37)[2]-- TIME:20081017-101237

[2](10:12:38)[3]-- TIME:20081017-101238

[3](10:12:39)ALARM: Data Titik 159 (pintu gerbang(besi)) tinggi (0xF)
[4](10:12:39)ALARM: Data Titik 221 (saklar semua pintu dbe) tinggi (0x5F)
[5](10:12:39)SET: Alarm off
[6](10:12:39)alarmKeras mati!
[7](10:12:39)Inisialisasi buffer alarm: 0
[8](10:12:39)ALARM: Data Titik 104 (Ac) tinggi (0xF)
[9](10:12:39)[0]-- TIME:20081017-101239

[10](10:12:40)[1]-- TIME:20081017-101240

[11](10:12:41)[2]-- TIME:20081017-101241

[12](10:12:42)[3]-- TIME:20081017-101242

[13](10:12:43)ALARM: Data Titik 159 (pintu gerbang(besi)) tinggi (0xF)
[14](10:12:43)ALARM: Data Titik 221 (saklar semua pintu dbe) tinggi (0x5F)
[15](10:12:43)SET: Alarm off
[16](10:12:43)alarmKeras mati!
[17](10:12:43)Inisialisasi buffer alarm: 0
[18](10:12:43)ALARM: Data Titik 104 (Ac) tinggi (0xF)
[19](10:12:43)[0]-- TIME:20081017-101243

[20](10:12:44)[1]-- TIME:20081017-101244

[21](10:12:45)[2]-- TIME:20081017-101245

[22](10:12:46)[3]-- TIME:20081017-101246

[23](10:12:47)ALARM: Data Titik 159 (pintu gerbang(besi)) tinggi (0xF)
[24](10:12:47)ALARM: Data Titik 221 (saklar semua pintu dbe) tinggi (0x5F)
[25](10:12:47)SET: Alarm off
[26](10:12:47)alarmKeras mati!
[27](10:12:47)Inisialisasi buffer alarm: 0
[28](10:12:47)ALARM: Data Titik 104 (Ac) tinggi (0xF)
[29](10:12:47)[0]-- TIME:20081017-101247

[30](10:12:48)[1]-- TIME:20081017-101248

[31](10:12:49)[2]-- TIME:20081017-101249

[32](10:12:50)[3]-- TIME:20081017-101250

[33](10:12:51)ALARM: Data Titik 159 (pintu gerbang(besi)) tinggi (0xF)
[34](10:12:51)ALARM: Data Titik 221 (saklar semua pintu dbe) tinggi (0x5F)
[35](10:12:51)SET: Alarm off
[36](10:12:51)alarmKeras mati!
[37](10:12:51)Inisialisasi buffer alarm: 0
[38](10:12:51)ALARM: Data Titik 104 (Ac) tinggi (0xF)
[39](10:12:51)[0]-- TIME:20081017-101251

[40](10:12:52)[1]-- TIME:20081017-101252

[41](10:12:53)[2]-- TIME:20081017-101253

[42](10:12:54)[3]-- TIME:20081017-101254

[43](10:12:55)ALARM: Data Titik 159 (pintu gerbang(besi)) tinggi (0xF)
[44](10:12:55)ALARM: Data Titik 221 (saklar semua pintu dbe) tinggi (0x5F)
[45](10:12:55)SET: Alarm off
[46](10:12:55)alarmKeras mati!
[47](10:12:55)Inisialisasi buffer alarm: 0
[48](10:12:55)ALARM: Data Titik 104 (Ac) tinggi (0xF)
[49](10:12:55)[0]-- TIME:20081017-101255

[50](10:12:56)[1]-- TIME:20081017-101256

[51](10:12:57)[2]-- TIME:20081017-101257

[52](10:12:58)[3]-- TIME:20081017-101258

[53](10:12:59)ALARM: Data Titik 159 (pintu gerbang(besi)) tinggi (0xF)
[54](10:12:59)ALARM: Data Titik 221 (saklar semua pintu dbe) tinggi (0x5F)
[55](10:12:59)SET: Alarm off
[56](10:12:59)alarmKeras mati!
[57](10:12:59)Inisialisasi buffer alarm: 0
[58](10:12:59)ALARM: Data Titik 104 (Ac) tinggi (0xF)
[59](10:12:59)[0]-- TIME:20081017-101259

[60](10:13:00)[1]-- TIME:20081017-101300

[61](10:13:01)[2]-- TIME:20081017-101301

[62](10:13:02)[3]-- TIME:20081017-101302

[63](10:13:03)ALARM: Data Titik 159 (pintu gerbang(besi)) tinggi (0xF)
[64](10:13:03)ALARM: Data Titik 221 (saklar semua pintu dbe) tinggi (0x5F)
[65](10:13:03)SET: Alarm off
[66](10:13:03)alarmKeras mati!
[67](10:13:03)Inisialisasi buffer alarm: 0
[68](10:13:03)ALARM: Data Titik 104 (Ac) tinggi (0xF)
[69](10:13:03)[0]-- TIME:20081017-101303

[70](10:13:04)[1]-- TIME:20081017-101304

[71](10:13:05)[2]-- TIME:20081017-101305

[72](10:13:06)[3]-- TIME:20081017-101306

[73](10:13:07)ALARM: Data Titik 159 (pintu gerbang(besi)) tinggi (0xF)
[74](10:13:07)ALARM: Data Titik 221 (saklar semua pintu dbe) tinggi (0x5F)
[75](10:13:07)SET: Alarm off
[76](10:13:07)alarmKeras mati!
[77](10:13:07)Inisialisasi buffer alarm: 0
[78](10:13:07)ALARM: Data Titik 104 (Ac) tinggi (0xF)
[79](10:13:07)[0]-- TIME:20081017-101307

[80](10:13:08)[1]-- TIME:20081017-101308

[81](10:13:09)[2]-- TIME:20081017-101309

[82](10:13:10)[3]-- TIME:20081017-101310

[83](10:13:11)ALARM: Data Titik 159 (pintu gerbang(besi)) tinggi (0xF)
[84](10:13:11)ALARM: Data Titik 221 (saklar semua pintu dbe) tinggi (0x5F)
[85](10:13:11)SET: Alarm off
[86](10:13:11)alarmKeras mati!
[87](10:13:11)Inisialisasi buffer alarm: 0
[88](10:13:11)ALARM: Data Titik 104 (Ac) tinggi (0xF)
[89](10:13:11)[0]-- TIME:20081017-101311

[90](10:13:12)[1]-- TIME:20081017-101312

[91](10:13:13)[2]-- TIME:20081017-101313

[92](10:13:14)[3]-- TIME:20081017-101314

[93](10:13:15)ALARM: Data Titik 177 (titik 1) diluar jangkauan ukur
[94](10:13:15)ALARM: Data Titik 159 (pintu gerbang(besi)) tinggi (0xF)
[95](10:13:15)ALARM: Data Titik 221 (saklar semua pintu dbe) tinggi (0x5F)
[96](10:13:15)SET: Alarm off
[97](10:13:15)alarmKeras mati!
[98](10:13:15)Inisialisasi buffer alarm: 0
[99](10:13:15)ALARM: Data Titik 104 (Ac) tinggi (0xF)
[100](10:13:16)[0]-- TIME:20081017-101316

[101](10:13:17)[1]-- TIME:20081017-101317

[102](10:13:18)[2]-- TIME:20081017-101318

[103](10:13:19)[3]-- TIME:20081017-101319

[104](10:13:19)ALARM: Data Titik 159 (pintu gerbang(besi)) tinggi (0xF)
[105](10:13:19)ALARM: Data Titik 221 (saklar semua pintu dbe) tinggi (0x5F)
[106](10:13:19)SET: Alarm off
[107](10:13:19)alarmKeras mati!
[108](10:13:19)Inisialisasi buffer alarm: 0
[109](10:13:19)ALARM: Data Titik 104 (Ac) tinggi (0xF)
[110](10:13:20)[0]-- TIME:20081017-101320

[111](10:13:21)[1]-- TIME:20081017-101321

[112](10:13:22)[2]-- TIME:20081017-101322

[113](10:13:23)[3]-- TIME:20081017-101323

[114](10:13:23)ALARM: Data Titik 177 (titik 1) diluar jangkauan ukur
[115](10:13:23)ALARM: Data Titik 159 (pintu gerbang(besi)) tinggi (0xF)
[116](10:13:23)ALARM: Data Titik 221 (saklar semua pintu dbe) tinggi (0x5F)
[117](10:13:23)SET: Alarm off
[118](10:13:23)alarmKeras mati!
[119](10:13:23)Inisialisasi buffer alarm: 0
[120](10:13:23)ALARM: Data Titik 104 (Ac) tinggi (0xF)
[121](10:13:24)[0]-- TIME:20081017-101324

[122](10:13:25)[1]-- TIME:20081017-101325

[123](10:13:26)[2]-- TIME:20081017-101326

[124](10:13:27)[3]-- TIME:20081017-101327

[125](10:13:27)ALARM: Data Titik 159 (pintu gerbang(besi)) tinggi (0xF)
[126](10:13:27)ALARM: Data Titik 221 (saklar semua pintu dbe) tinggi (0x5F)
[127](10:13:27)SET: Alarm off
[128](10:13:27)alarmKeras mati!
[129](10:13:27)Inisialisasi buffer alarm: 0
[130](10:13:27)ALARM: Data Titik 104 (Ac) tinggi (0xF)
[131](10:13:28)[0]-- TIME:20081017-101328

[132](10:13:29)[1]-- TIME:20081017-101329

[133](10:13:30)[2]-- TIME:20081017-101330

[134](10:13:31)[3]-- TIME:20081017-101331

[135](10:13:31)ALARM: Data Titik 159 (pintu gerbang(besi)) tinggi (0xF)
[136](10:13:31)ALARM: Data Titik 221 (saklar semua pintu dbe) tinggi (0x5F)
[137](10:13:31)SET: Alarm off
[138](10:13:31)alarmKeras mati!
[139](10:13:31)Inisialisasi buffer alarm: 0
[140](10:13:31)ALARM: Data Titik 104 (Ac) tinggi (0xF)
[141](10:13:32)[0]-- TIME:20081017-101332

[142](10:13:33)[1]-- TIME:20081017-101333

[143](10:13:34)[2]-- TIME:20081017-101334

[144](10:13:35)[3]-- TIME:20081017-101335

[145](10:13:35)ALARM: Data Titik 177 (titik 1) diluar jangkauan ukur
[146](10:13:35)ALARM: Data Titik 159 (pintu gerbang(besi)) tinggi (0xF)
[147](10:13:35)ALARM: Data Titik 221 (saklar semua pintu dbe) tinggi (0x5F)
[148](10:13:35)SET: Alarm off
[149](10:13:35)alarmKeras mati!
[150](10:13:35)Inisialisasi buffer alarm: 0
[151](10:13:35)ALARM: Data Titik 104 (Ac) tinggi (0xF)
[152](10:13:36)[0]-- TIME:20081017-101336

[153](10:13:37)[1]-- TIME:20081017-101337

[154](10:13:38)[2]-- TIME:20081017-101338

[155](10:13:39)[3]-- TIME:20081017-101339

[156](10:13:39)ALARM: Data Titik 177 (titik 1) diluar jangkauan ukur
[157](10:13:39)ALARM: Data Titik 159 (pintu gerbang(besi)) tinggi (0xF)
[158](10:13:39)ALARM: Data Titik 221 (saklar semua pintu dbe) tinggi (0x5F)
[159](10:13:39)SET: Alarm off
[160](10:13:39)alarmKeras mati!
[161](10:13:39)Inisialisasi buffer alarm: 0
[162](10:13:39)ALARM: Data Titik 104 (Ac) tinggi (0xF)
[163](10:13:40)[0]-- TIME:20081017-101340

[164](10:13:41)[1]-- TIME:20081017-101341

[165](10:13:42)[2]-- TIME:20081017-101342

[166](10:13:43)[3]-- TIME:20081017-101343

[167](10:13:43)ALARM: Data Titik 159 (pintu gerbang(besi)) tinggi (0xF)
[168](10:13:43)ALARM: Data Titik 221 (saklar semua pintu dbe) tinggi (0x5F)
[169](10:13:43)SET: Alarm off
[170](10:13:43)alarmKeras mati!
[171](10:13:43)Inisialisasi buffer alarm: 0
[172](10:13:43)ALARM: Data Titik 104 (Ac) tinggi (0xF)
[173](10:13:44)[0]-- TIME:20081017-101344

[174](10:13:45)[1]-- TIME:20081017-101345

[175](10:13:46)[2]-- TIME:20081017-101346

[176](10:13:47)[3]-- TIME:20081017-101347

[177](10:13:47)ALARM: Data Titik 177 (titik 1) diluar jangkauan ukur
[178](10:13:47)ALARM: Data Titik 159 (pintu gerbang(besi)) tinggi (0xF)
[179](10:13:47)ALARM: Data Titik 221 (saklar semua pintu dbe) tinggi (0x5F)
[180](10:13:47)SET: Alarm off
[181](10:13:47)alarmKeras mati!
[182](10:13:47)Inisialisasi buffer alarm: 0
[183](10:13:47)ALARM: Data Titik 104 (Ac) tinggi (0xF)
[184](10:13:48)[0]-- TIME:20081017-101348

[185](10:13:49)[1]-- TIME:20081017-101349

[186](10:13:50)[2]-- TIME:20081017-101350

[187](10:13:51)[3]-- TIME:20081017-101351

[188](10:13:51)ALARM: Data Titik 159 (pintu gerbang(besi)) tinggi (0xF)
[189](10:13:51)ALARM: Data Titik 221 (saklar semua pintu dbe) tinggi (0x5F)
[190](10:13:51)SET: Alarm off
[191](10:13:51)alarmKeras mati!
[192](10:13:51)Inisialisasi buffer alarm: 0
[193](10:13:51)ALARM: Data Titik 104 (Ac) tinggi (0xF)
[194](10:13:52)[0]-- TIME:20081017-101352

[195](10:13:53)[1]-- TIME:20081017-101353

[196](10:13:54)[2]-- TIME:20081017-101354

[197](10:13:55)[3]-- TIME:20081017-101355

[198](10:13:55)ALARM: Data Titik 159 (pintu gerbang(besi)) tinggi (0xF)
[199](10:13:55)ALARM: Data Titik 221 (saklar semua pintu dbe) tinggi (0x5F)
[200](10:13:55)SET: Alarm off
[201](10:13:55)alarmKeras mati!
[202](10:13:55)Inisialisasi buffer alarm: 0
[203](10:13:55)ALARM: Data Titik 104 (Ac) tinggi (0xF)
[204](10:13:56)[0]-- TIME:20081017-101356

[205](10:13:57)[1]-- TIME:20081017-101357

[206](10:13:58)[2]-- TIME:20081017-101358

[207](10:13:59)[3]-- TIME:20081017-101359

[208](10:13:59)ALARM: Data Titik 159 (pintu gerbang(besi)) tinggi (0xF)
[209](10:13:59)ALARM: Data Titik 221 (saklar semua pintu dbe) tinggi (0x5F)
[210](10:13:59)SET: Alarm off
[211](10:13:59)alarmKeras mati!
[212](10:13:59)Inisialisasi buffer alarm: 0
[213](10:13:59)ALARM: Data Titik 104 (Ac) tinggi (0xF)
[214](10:14:00)[0]-- TIME:20081017-101400

[215](10:14:01)[1]-- TIME:20081017-101401

[216](10:14:02)[2]-- TIME:20081017-101402

[217](10:14:03)[3]-- TIME:20081017-101403

[218](10:14:03)ALARM: Data Titik 159 (pintu gerbang(besi)) tinggi (0xF)
[219](10:14:03)ALARM: Data Titik 221 (saklar semua pintu dbe) tinggi (0x5F)
[220](10:14:03)SET: Alarm off
[221](10:14:03)alarmKeras mati!
[222](10:14:03)Inisialisasi buffer alarm: 0
[223](10:14:03)ALARM: Data Titik 104 (Ac) tinggi (0xF)
[224](10:14:04)[0]-- TIME:20081017-101404

[225](10:14:05)[1]-- TIME:20081017-101405

[226](10:14:06)[2]-- TIME:20081017-101406

[227](10:14:07)[3]-- TIME:20081017-101407

[228](10:14:07)ALARM: Data Titik 159 (pintu gerbang(besi)) tinggi (0xF)
[229](10:14:07)ALARM: Data Titik 221 (saklar semua pintu dbe) tinggi (0x5F)
[230](10:14:07)SET: Alarm off
[231](10:14:07)alarmKeras mati!
[232](10:14:07)Inisialisasi buffer alarm: 0
[233](10:14:07)ALARM: Data Titik 104 (Ac) tinggi (0xF)
[234](10:14:08)[0]-- TIME:20081017-101408

[235](10:14:09)[1]-- TIME:20081017-101409

[236](10:14:10)[2]-- TIME:20081017-101410

[237](10:14:11)[3]-- TIME:20081017-101411

[238](10:14:11)ALARM: Data Titik 159 (pintu gerbang(besi)) tinggi (0xF)
[239](10:14:11)ALARM: Data Titik 221 (saklar semua pintu dbe) tinggi (0x5F)
[240](10:14:11)SET: Alarm off
[241](10:14:11)alarmKeras mati!
[242](10:14:11)Inisialisasi buffer alarm: 0
[243](10:14:11)ALARM: Data Titik 104 (Ac) tinggi (0xF)
[244](10:14:12)[0]-- TIME:20081017-101412

[245](10:14:13)[1]-- TIME:20081017-101413

[246](10:14:14)[2]-- TIME:20081017-101414

[247](10:14:15)[3]-- TIME:20081017-101415

[248](10:14:15)ALARM: Data Titik 159 (pintu gerbang(besi)) tinggi (0xF)
[249](10:14:15)ALARM: Data Titik 221 (saklar semua pintu dbe) tinggi (0x5F)
[250](10:14:15)SET: Alarm off
[251](10:14:15)alarmKeras mati!
[252](10:14:15)Inisialisasi buffer alarm: 0
[253](10:14:15)ALARM: Data Titik 104 (Ac) tinggi (0xF)
[254](10:14:16)[0]-- TIME:20081017-101416

[255](10:14:17)[1]-- TIME:20081017-101417

[256](10:14:18)[2]-- TIME:20081017-101418

[257](10:14:19)[3]-- TIME:20081017-101419

[258](10:14:19)ALARM: Data Titik 159 (pintu gerbang(besi)) tinggi (0xF)
[259](10:14:19)ALARM: Data Titik 221 (saklar semua pintu dbe) tinggi (0x5F)
[260](10:14:19)SET: Alarm off
[261](10:14:19)alarmKeras mati!
[262](10:14:19)Inisialisasi buffer alarm: 0
[263](10:14:19)ALARM: Data Titik 104 (Ac) tinggi (0xF)
[264](10:14:20)[0]-- TIME:20081017-101420

[265](10:14:21)[1]-- TIME:20081017-101421

[266](10:14:22)[2]-- TIME:20081017-101422

[267](10:14:23)[3]-- TIME:20081017-101423

[268](10:14:23)ALARM: Data Titik 159 (pintu gerbang(besi)) tinggi (0xF)
[269](10:14:23)ALARM: Data Titik 221 (saklar semua pintu dbe) tinggi (0x5F)
[270](10:14:23)SET: Alarm off
[271](10:14:23)alarmKeras mati!
[272](10:14:23)Inisialisasi buffer alarm: 0
[273](10:14:23)ALARM: Data Titik 104 (Ac) tinggi (0xF)
[274](10:14:24)[0]-- TIME:20081017-101424

[275](10:14:25)[1]-- TIME:20081017-101425

[276](10:14:26)[2]-- TIME:20081017-101426

[277](10:14:27)[3]-- TIME:20081017-101427

[278](10:14:27)ALARM: Data Titik 159 (pintu gerbang(besi)) tinggi (0xF)
[279](10:14:27)ALARM: Data Titik 221 (saklar semua pintu dbe) tinggi (0x5F)
[280](10:14:27)SET: Alarm off
[281](10:14:27)alarmKeras mati!
[282](10:14:27)Inisialisasi buffer alarm: 0
[283](10:14:27)ALARM: Data Titik 104 (Ac) tinggi (0xF)
[284](10:14:28)[0]-- TIME:20081017-101428

[285](10:14:29)[1]-- TIME:20081017-101429

[286](10:14:30)[2]-- TIME:20081017-101430

[287](10:14:31)[3]-- TIME:20081017-101431

[288](10:14:31)ALARM: Data Titik 159 (pintu gerbang(besi)) tinggi (0xF)
[289](10:14:31)ALARM: Data Titik 221 (saklar semua pintu dbe) tinggi (0x5F)
[290](10:14:31)SET: Alarm off
[291](10:14:31)alarmKeras mati!
[292](10:14:31)Inisialisasi buffer alarm: 0
[293](10:14:31)ALARM: Data Titik 104 (Ac) tinggi (0xF)
[294](10:14:32)[0]-- TIME:20081017-101432

[295](10:14:33)[1]-- TIME:20081017-101433

[296](10:14:34)[2]-- TIME:20081017-101434

[297](10:14:35)[3]-- TIME:20081017-101435

[298](10:14:35)ALARM: Data Titik 159 (pintu gerbang(besi)) tinggi (0xF)
[299](10:14:35)ALARM: Data Titik 221 (saklar semua pintu dbe) tinggi (0x5F)
[300](10:14:35)SET: Alarm off
[301](10:14:35)alarmKeras mati!
[302](10:14:35)Inisialisasi buffer alarm: 0
[303](10:14:35)ALARM: Data Titik 104 (Ac) tinggi (0xF)
[304](10:14:36)[0]-- TIME:20081017-101436

[305](10:14:37)[1]-- TIME:20081017-101437

[306](10:14:38)[2]-- TIME:20081017-101438

[307](10:14:39)[3]-- TIME:20081017-101439

[308](10:14:39)ALARM: Data Titik 159 (pintu gerbang(besi)) tinggi (0xF)
[309](10:14:39)ALARM: Data Titik 221 (saklar semua pintu dbe) tinggi (0x5F)
[310](10:14:39)SET: Alarm off
[311](10:14:39)alarmKeras mati!
[312](10:14:39)Inisialisasi buffer alarm: 0
[313](10:14:39)ALARM: Data Titik 104 (Ac) tinggi (0xF)
[314](10:14:40)[0]-- TIME:20081017-101440

[315](10:14:41)[1]-- TIME:20081017-101441

[316](10:14:42)[2]-- TIME:20081017-101442

[317](10:14:43)[3]-- TIME:20081017-101443

[318](10:14:43)ALARM: Data Titik 159 (pintu gerbang(besi)) tinggi (0xF)
[319](10:14:43)ALARM: Data Titik 221 (saklar semua pintu dbe) tinggi (0x5F)
[320](10:14:43)SET: Alarm off
[321](10:14:43)alarmKeras mati!
[322](10:14:43)Inisialisasi buffer alarm: 0
[323](10:14:43)ALARM: Data Titik 104 (Ac) tinggi (0xF)
[324](10:14:44)[0]-- TIME:20081017-101444

[325](10:14:45)[1]-- TIME:20081017-101445

[326](10:14:47)[2]-- TIME:20081017-101447

[327](10:14:48)[3]-- TIME:20081017-101448

[328](10:14:48)ALARM: Data Titik 159 (pintu gerbang(besi)) tinggi (0xF)
[329](10:14:48)ALARM: Data Titik 221 (saklar semua pintu dbe) tinggi (0x5F)
[330](10:14:48)SET: Alarm off
[331](10:14:48)alarmKeras mati!
[332](10:14:48)Inisialisasi buffer alarm: 0
[333](10:14:48)ALARM: Data Titik 104 (Ac) tinggi (0xF)
[334](10:14:49)[0]-- TIME:20081017-101449

[335](10:14:50)[1]-- TIME:20081017-101450

[336](10:14:51)[2]-- TIME:20081017-101451

[337](10:14:52)[3]-- TIME:20081017-101452

[338](10:14:52)ALARM: Data Titik 159 (pintu gerbang(besi)) tinggi (0xF)
[339](10:14:52)ALARM: Data Titik 221 (saklar semua pintu dbe) tinggi (0x5F)
[340](10:14:52)SET: Alarm off
[341](10:14:52)alarmKeras mati!
[342](10:14:52)Inisialisasi buffer alarm: 0
[343](10:14:53)[0]-- TIME:20081017-101453

[344](10:14:54)[1]-- TIME:20081017-101454

[345](10:14:55)[2]-- TIME:20081017-101455

[346](10:14:56)[3]-- TIME:20081017-101456

[347](10:14:56)ALARM: Data Titik 159 (pintu gerbang(besi)) tinggi (0xF)
[348](10:14:56)ALARM: Data Titik 221 (saklar semua pintu dbe) tinggi (0x5F)
[349](10:14:56)SET: Alarm off
[350](10:14:56)alarmKeras mati!
[351](10:14:56)Inisialisasi buffer alarm: 0
[352](10:14:56)ALARM: Data Titik 104 (Ac) tinggi (0xF)
[353](10:14:57)[0]-- TIME:20081017-101457

[354](10:14:58)[1]-- TIME:20081017-101458

[355](10:14:59)[2]-- TIME:20081017-101459

[356](10:15:00)[3]-- TIME:20081017-101500

[357](10:15:00)ALARM: Data Titik 159 (pintu gerbang(besi)) tinggi (0xF)
[358](10:15:00)ALARM: Data Titik 221 (saklar semua pintu dbe) tinggi (0x5F)
[359](10:15:00)SET: Alarm off
[360](10:15:00)alarmKeras mati!
[361](10:15:00)Inisialisasi buffer alarm: 0
[362](10:15:00)ALARM: Data Titik 104 (Ac) tinggi (0xF)
[363](10:15:01)[0]-- TIME:20081017-101501

[364](10:15:02)[1]-- TIME:20081017-101502

[365](10:15:03)[2]-- TIME:20081017-101503

[366](10:15:04)[3]-- TIME:20081017-101504

[367](10:15:04)ALARM: Data Titik 159 (pintu gerbang(besi)) tinggi (0xF)
[368](10:15:04)ALARM: Data Titik 221 (saklar semua pintu dbe) tinggi (0x5F)
[369](10:15:04)SET: Alarm off
[370](10:15:04)alarmKeras mati!
[371](10:15:04)Inisialisasi buffer alarm: 0
[372](10:15:04)ALARM: Data Titik 104 (Ac) tinggi (0xF)
[373](10:15:05)[0]-- TIME:20081017-101505

[374](10:15:06)[1]-- TIME:20081017-101506

[375](10:15:07)[2]-- TIME:20081017-101507

[376](10:15:08)[3]-- TIME:20081017-101508

[377](10:15:08)ALARM: Data Titik 159 (pintu gerbang(besi)) tinggi (0xF)
[378](10:15:08)ALARM: Data Titik 221 (saklar semua pintu dbe) tinggi (0x5F)
[379](10:15:08)SET: Alarm off
[380](10:15:08)alarmKeras mati!
[381](10:15:08)Inisialisasi buffer alarm: 0
[382](10:15:08)ALARM: Data Titik 104 (Ac) tinggi (0xF)
[383](10:15:09)[0]-- TIME:20081017-101509

[384](10:15:10)[1]-- TIME:20081017-101510

[385](10:15:11)[2]-- TIME:20081017-101511

[386](10:15:12)[3]-- TIME:20081017-101512

[387](10:15:12)ALARM: Data Titik 159 (pintu gerbang(besi)) tinggi (0xF)
[388](10:15:12)ALARM: Data Titik 221 (saklar semua pintu dbe) tinggi (0x5F)
[389](10:15:12)SET: Alarm off
[390](10:15:12)alarmKeras mati!
[391](10:15:12)Inisialisasi buffer alarm: 0
[392](10:15:12)ALARM: Data Titik 104 (Ac) tinggi (0xF)
[393](10:15:13)[0]-- TIME:20081017-101513

[394](10:15:14)[1]-- TIME:20081017-101514

[395](10:15:15)[2]-- TIME:20081017-101515

[396](10:15:16)[3]-- TIME:20081017-101516

[397](10:15:16)ALARM: Data Titik 159 (pintu gerbang(besi)) tinggi (0xF)
[398](10:15:16)ALARM: Data Titik 221 (saklar semua pintu dbe) tinggi (0x5F)
[399](10:15:16)SET: Alarm off
[400](10:15:16)alarmKeras mati!
[401](10:15:16)Inisialisasi buffer alarm: 0
[402](10:15:16)ALARM: Data Titik 104 (Ac) tinggi (0xF)
[403](10:15:17)[0]-- TIME:20081017-101517

[404](10:15:18)[1]-- TIME:20081017-101518

[405](10:15:19)[2]-- TIME:20081017-101519

[406](10:15:20)[3]-- TIME:20081017-101520

[407](10:15:20)ALARM: Data Titik 159 (pintu gerbang(besi)) tinggi (0xF)
[408](10:15:20)ALARM: Data Titik 221 (saklar semua pintu dbe) tinggi (0x5F)
[409](10:15:20)SET: Alarm off
[410](10:15:20)alarmKeras mati!
[411](10:15:20)Inisialisasi buffer alarm: 0
[412](10:15:20)ALARM: Data Titik 104 (Ac) tinggi (0xF)
[413](10:15:21)[0]-- TIME:20081017-101521

[414](10:15:22)[1]-- TIME:20081017-101522

[415](10:15:23)[2]-- TIME:20081017-101523

[416](10:15:24)[3]-- TIME:20081017-101524

[417](10:15:24)ALARM: Data Titik 159 (pintu gerbang(besi)) tinggi (0xF)
[418](10:15:24)ALARM: Data Titik 221 (saklar semua pintu dbe) tinggi (0x5F)
[419](10:15:24)SET: Alarm off
[420](10:15:24)alarmKeras mati!
[421](10:15:24)Inisialisasi buffer alarm: 0
[422](10:15:24)ALARM: Data Titik 104 (Ac) tinggi (0xF)
[423](10:15:25)[0]-- TIME:20081017-101525

[424](10:15:26)[1]-- TIME:20081017-101526

[425](10:15:27)[2]-- TIME:20081017-101527

[426](10:15:28)[3]-- TIME:20081017-101528

[427](10:15:28)ALARM: Data Titik 159 (pintu gerbang(besi)) tinggi (0xF)
[428](10:15:28)ALARM: Data Titik 221 (saklar semua pintu dbe) tinggi (0x5F)
[429](10:15:28)SET: Alarm off
[430](10:15:28)alarmKeras mati!
[431](10:15:28)Inisialisasi buffer alarm: 0
[432](10:15:28)ALARM: Data Titik 104 (Ac) tinggi (0xF)
[433](10:15:29)[0]-- TIME:20081017-101529

[434](10:15:30)[1]-- TIME:20081017-101530

[435](10:15:31)[2]-- TIME:20081017-101531

[436](10:15:32)[3]-- TIME:20081017-101532

[437](10:15:32)ALARM: Data Titik 159 (pintu gerbang(besi)) tinggi (0xF)
[438](10:15:32)ALARM: Data Titik 221 (saklar semua pintu dbe) tinggi (0x5F)
[439](10:15:32)SET: Alarm off
[440](10:15:33)alarmKeras mati!
[441](10:15:33)Inisialisasi buffer alarm: 0
[442](10:15:33)[0]-- TIME:20081017-101533

[443](10:15:34)[1]-- TIME:20081017-101534

[444](10:15:35)[2]-- TIME:20081017-101535

[445](10:15:36)[3]-- TIME:20081017-101536

[446](10:15:37)[0]-- TIME:20081017-101537

[447](10:15:38)[1]-- TIME:20081017-101538

[448](10:15:39)[2]-- TIME:20081017-101539

[449](10:15:40)[3]-- TIME:20081017-101540

[450](10:15:41)[0]-- TIME:20081017-101541

[451](10:15:42)[1]-- TIME:20081017-101542

[452](10:15:43)[2]-- TIME:20081017-101543

[453](10:15:44)[3]-- TIME:20081017-101544

[454](10:15:45)[0]-- TIME:20081017-101545

[455](10:15:46)[1]-- TIME:20081017-101546

[456](10:15:47)[2]-- TIME:20081017-101547

[457](10:15:48)[3]-- TIME:20081017-101548

[458](10:15:49)[0]-- TIME:20081017-101549

[459](10:15:50)[1]-- TIME:20081017-101550

[460](10:15:51)[2]-- TIME:20081017-101551

[461](10:15:52)[3]-- TIME:20081017-101552

[462](10:15:53)[0]-- TIME:20081017-101553

[463](10:15:54)[1]-- TIME:20081017-101554

[464](10:15:55)[2]-- TIME:20081017-101555

[465](10:15:56)[3]-- TIME:20081017-101556

[466](10:15:57)[0]-- TIME:20081017-101557

[467](10:15:58)[1]-- TIME:20081017-101558

[468](10:15:59)[2]-- TIME:20081017-101559

[469](10:16:00)[3]-- TIME:20081017-101600

[470](10:16:01)[0]-- TIME:20081017-101601

[471](10:16:02)[1]-- TIME:20081017-101602

[472](10:16:03)[2]-- TIME:20081017-101603

[473](10:16:04)[3]-- TIME:20081017-101604

[474](10:16:05)[0]-- TIME:20081017-101605

[475](10:16:06)[1]-- TIME:20081017-101606

[476](10:16:07)[2]-- TIME:20081017-101607

[477](10:16:08)[3]-- TIME:20081017-101608

[478](10:16:09)[0]-- TIME:20081017-101609

[479](10:16:10)[1]-- TIME:20081017-101610

[480](10:16:11)[2]-- TIME:20081017-101611

[481](10:16:12)[3]-- TIME:20081017-101612

[482](10:16:13)[0]-- TIME:20081017-101613

[483](10:16:14)[1]-- TIME:20081017-101614

[484](10:16:15)[2]-- TIME:20081017-101615

[485](10:16:16)[3]-- TIME:20081017-101616

[486](10:16:17)[0]-- TIME:20081017-101617

[487](10:16:18)[1]-- TIME:20081017-101618

[488](10:16:19)[2]-- TIME:20081017-101619

[489](10:16:20)[3]-- TIME:20081017-101620

[490](10:16:21)[0]-- TIME:20081017-101621

[491](10:16:22)[1]-- TIME:20081017-101622

[492](10:16:23)[2]-- TIME:20081017-101623

[493](10:16:24)[3]-- TIME:20081017-101624

[494](10:16:25)[0]-- TIME:20081017-101625

[495](10:16:26)[1]-- TIME:20081017-101626

[496](10:16:27)[2]-- TIME:20081017-101627

[497](10:16:28)[3]-- TIME:20081017-101628

[498](10:16:29)[0]-- TIME:20081017-101629

[499](10:16:30)[1]-- TIME:20081017-101630

[500](10:16:31)[2]-- TIME:20081017-101631

[501](10:16:32)[3]-- TIME:20081017-101632

[502](10:16:33)[0]-- TIME:20081017-101633

[503](10:16:34)[1]-- TIME:20081017-101634

[504](10:16:35)[2]-- TIME:20081017-101635

[505](10:16:36)[3]-- TIME:20081017-101636

[506](10:16:37)[0]-- TIME:20081017-101637

[507](10:16:38)[1]-- TIME:20081017-101638

[508](10:16:39)[2]-- TIME:20081017-101639

[509](10:16:40)[3]-- TIME:20081017-101640

[510](10:16:41)[0]-- TIME:20081017-101641

[511](10:16:42)[1]-- TIME:20081017-101642

[512](10:16:43)[2]-- TIME:20081017-101643

[513](10:16:44)[3]-- TIME:20081017-101644

[514](10:16:45)[0]-- TIME:20081017-101645

[515](10:16:46)[1]-- TIME:20081017-101646

[516](10:16:47)[2]-- TIME:20081017-101647

[517](10:16:48)[3]-- TIME:20081017-101648

[518](10:16:49)[0]-- TIME:20081017-101649

[519](10:16:50)[1]-- TIME:20081017-101650

[520](10:16:51)[2]-- TIME:20081017-101651

[521](10:16:52)[3]-- TIME:20081017-101652

[522](10:16:53)[0]-- TIME:20081017-101653

[523](10:16:54)[1]-- TIME:20081017-101654

[524](10:16:55)[2]-- TIME:20081017-101655

[525](10:16:56)[3]-- TIME:20081017-101656

[526](10:16:57)[0]-- TIME:20081017-101657

[527](10:16:58)[1]-- TIME:20081017-101658

[528](10:16:59)[2]-- TIME:20081017-101659

[529](10:17:00)[3]-- TIME:20081017-101700

[530](10:17:01)[0]-- TIME:20081017-101701

[531](10:17:02)[1]-- TIME:20081017-101702

[532](10:17:03)[2]-- TIME:20081017-101703

[533](10:17:04)[3]-- TIME:20081017-101704

[534](10:17:05)[0]-- TIME:20081017-101705

[535](10:17:06)[1]-- TIME:20081017-101706

[536](10:17:07)[2]-- TIME:20081017-101707

[537](10:17:08)[3]-- TIME:20081017-101708

[538](10:17:09)[0]-- TIME:20081017-101709

[539](10:17:10)[1]-- TIME:20081017-101710

[540](10:17:11)[2]-- TIME:20081017-101711

[541](10:17:12)[3]-- TIME:20081017-101712

[542](10:17:13)[0]-- TIME:20081017-101713

[543](10:17:14)[1]-- TIME:20081017-101714

[544](10:17:15)[2]-- TIME:20081017-101715

[545](10:17:16)[3]-- TIME:20081017-101716

[546](10:17:17)[0]-- TIME:20081017-101717

[547](10:17:18)[1]-- TIME:20081017-101718

[548](10:17:19)[2]-- TIME:20081017-101719

[549](10:17:20)[3]-- TIME:20081017-101720

[550](10:17:21)[0]-- TIME:20081017-101721

[551](10:17:22)[1]-- TIME:20081017-101722

[552](10:17:23)[2]-- TIME:20081017-101723

[553](10:17:24)[3]-- TIME:20081017-101724

[554](10:17:25)[0]-- TIME:20081017-101725

[555](10:17:26)[1]-- TIME:20081017-101726

[556](10:17:27)[2]-- TIME:20081017-101727

[557](10:17:28)[3]-- TIME:20081017-101728

[558](10:17:29)[0]-- TIME:20081017-101729

[559](10:17:30)[1]-- TIME:20081017-101730

[560](10:17:31)[2]-- TIME:20081017-101731

[561](10:17:32)[3]-- TIME:20081017-101732

[562](10:17:33)[0]-- TIME:20081017-101733

[563](10:17:34)[1]-- TIME:20081017-101734

[564](10:17:35)[2]-- TIME:20081017-101735

[565](10:17:36)[3]-- TIME:20081017-101736

[566](10:17:37)[0]-- TIME:20081017-101737

[567](10:17:38)[1]-- TIME:20081017-101738

[568](10:17:39)[2]-- TIME:20081017-101739

[569](10:17:40)[3]-- TIME:20081017-101740

[570](10:17:41)[0]-- TIME:20081017-101741

[571](10:17:42)[1]-- TIME:20081017-101742

[572](10:17:43)[2]-- TIME:20081017-101743

[573](10:17:44)[3]-- TIME:20081017-101744

[574](10:17:45)[0]-- TIME:20081017-101745

[575](10:17:46)[1]-- TIME:20081017-101746

[576](10:17:47)[2]-- TIME:20081017-101747

[577](10:17:48)[3]-- TIME:20081017-101748

[578](10:17:49)[0]-- TIME:20081017-101749

[579](10:17:50)[1]-- TIME:20081017-101750

[580](10:17:51)[2]-- TIME:20081017-101751

[581](10:17:52)[3]-- TIME:20081017-101752

[582](10:17:53)[0]-- TIME:20081017-101753

[583](10:17:54)[1]-- TIME:20081017-101754

[584](10:17:55)[2]-- TIME:20081017-101755

[585](10:17:56)[3]-- TIME:20081017-101756

[586](10:17:57)[0]-- TIME:20081017-101757

[587](10:17:58)[1]-- TIME:20081017-101758

[588](10:17:59)[2]-- TIME:20081017-101759

[589](10:18:00)[3]-- TIME:20081017-101800

[590](10:18:01)[0]-- TIME:20081017-101801

[591](10:18:02)[1]-- TIME:20081017-101802

[592](10:18:03)[2]-- TIME:20081017-101803

[593](10:18:04)[3]-- TIME:20081017-101804

[594](10:18:05)[0]-- TIME:20081017-101805

[595](10:18:06)[1]-- TIME:20081017-101806

[596](10:18:07)[2]-- TIME:20081017-101807

[597](10:18:08)[3]-- TIME:20081017-101808

[598](10:18:09)[0]-- TIME:20081017-101809

[599](10:18:10)[1]-- TIME:20081017-101810

[600](10:18:11)[2]-- TIME:20081017-101811

[601](10:18:12)[3]-- TIME:20081017-101812

[602](10:18:13)[0]-- TIME:20081017-101813

[603](10:18:14)[1]-- TIME:20081017-101814

[604](10:18:15)[2]-- TIME:20081017-101815

[605](10:18:16)[3]-- TIME:20081017-101816

[606](10:18:17)[0]-- TIME:20081017-101817

[607](10:18:18)[1]-- TIME:20081017-101818

[608](10:18:19)[2]-- TIME:20081017-101819

[609](10:18:20)[3]-- TIME:20081017-101820

[610](10:18:21)[0]-- TIME:20081017-101821

[611](10:18:22)[1]-- TIME:20081017-101822

[612](10:18:23)[2]-- TIME:20081017-101823

[613](10:18:25)[3]-- TIME:20081017-101825

[614](10:18:26)[0]-- TIME:20081017-101826

[615](10:18:27)[1]-- TIME:20081017-101827

[616](10:18:28)[2]-- TIME:20081017-101828

[617](10:18:29)[3]-- TIME:20081017-101829

[618](10:18:30)[0]-- TIME:20081017-101830

[619](10:18:31)[1]-- TIME:20081017-101831

[620](10:18:31)Stop logging data
[621](10:18:32)[2]-- TIME:20081017-101832

[0](17:35:34)[0]-- TIME:20081017-173534

[1](17:35:35)[1]-- TIME:20081017-173535

[2](17:35:36)[2]-- TIME:20081017-173536

[3](17:35:37)[3]-- TIME:20081017-173537

[4](17:35:37)192.168.1.111: Timeout
[5](17:35:37)ALARM: Data Titik 104 (Ac) tinggi (0xF)
[6](17:35:37)192.168.1.113: Timeout
[7](17:35:38)[0]-- TIME:20081017-173538

[8](17:35:39)[1]-- TIME:20081017-173539

[9](17:35:40)[2]-- TIME:20081017-173540

[10](17:35:41)[3]-- TIME:20081017-173541

[11](17:35:41)192.168.1.111: Timeout
[12](17:35:41)ALARM: Data Titik 104 (Ac) tinggi (0xF)
[13](17:35:41)192.168.1.113: Timeout
[14](17:35:42)[0]-- TIME:20081017-173542

[15](17:35:43)[1]-- TIME:20081017-173543

[16](17:35:44)[2]-- TIME:20081017-173544

[17](17:35:45)[3]-- TIME:20081017-173545

[18](17:35:45)192.168.1.111: Timeout
[19](17:35:45)ALARM: Data Titik 104 (Ac) tinggi (0xF)
[20](17:35:45)192.168.1.113: Timeout
[21](17:35:46)[0]-- TIME:20081017-173546

[22](17:35:47)[1]-- TIME:20081017-173547

[23](17:35:48)[2]-- TIME:20081017-173548

[24](17:35:49)[3]-- TIME:20081017-173549

[25](17:35:49)192.168.1.111: Timeout
[26](17:35:49)ALARM: Data Titik 104 (Ac) tinggi (0xF)
[27](17:35:49)192.168.1.113: Timeout
[28](17:35:50)[0]-- TIME:20081017-173550

[29](17:35:51)[1]-- TIME:20081017-173551

[30](17:35:52)[2]-- TIME:20081017-173552

[31](17:35:53)[3]-- TIME:20081017-173553

[32](17:35:53)192.168.1.111: Timeout
[33](17:35:53)ALARM: Data Titik 104 (Ac) tinggi (0xF)
[34](17:35:53)192.168.1.113: Timeout
[35](17:35:53)192.168.1.26: Timeout
[36](17:35:54)[0]-- TIME:20081017-173554

[37](17:35:55)[1]-- TIME:20081017-173555

[38](17:35:56)[2]-- TIME:20081017-173556

[39](17:35:57)[3]-- TIME:20081017-173557

[40](17:35:57)192.168.1.111: Timeout
[41](17:35:57)ALARM: Data Titik 104 (Ac) tinggi (0xF)
[42](17:35:57)192.168.1.113: Timeout
[43](17:35:57)192.168.1.26: Timeout
[44](17:35:58)[0]-- TIME:20081017-173558

[45](17:35:59)[1]-- TIME:20081017-173559

[46](17:36:00)[2]-- TIME:20081017-173600

[47](17:36:01)[3]-- TIME:20081017-173601

[48](17:36:02)192.168.1.111: Timeout
[49](17:36:02)ALARM: Data Titik 104 (Ac) tinggi (0xF)
[50](17:36:02)192.168.1.113: Timeout
[51](17:36:02)192.168.1.26: Timeout
[52](17:36:02)[0]-- TIME:20081017-173602

[53](17:36:03)[1]-- TIME:20081017-173603

[54](17:36:04)[2]-- TIME:20081017-173604

[55](17:36:05)[3]-- TIME:20081017-173605

[56](17:36:05)192.168.1.111: Timeout
[57](17:36:05)ALARM: Data Titik 104 (Ac) tinggi (0xF)
[58](17:36:05)192.168.1.113: Timeout
[59](17:36:06)[0]-- TIME:20081017-173606

[60](17:36:07)[1]-- TIME:20081017-173607

[61](17:36:08)[2]-- TIME:20081017-173608

[62](17:36:09)[3]-- TIME:20081017-173609

[63](17:36:09)192.168.1.111: Timeout
[64](17:36:09)ALARM: Data Titik 104 (Ac) tinggi (0xF)
[65](17:36:09)192.168.1.113: Timeout
[66](17:36:10)[0]-- TIME:20081017-173610

[67](17:36:11)[1]-- TIME:20081017-173611

[68](17:36:12)[2]-- TIME:20081017-173612

[69](17:36:13)[3]-- TIME:20081017-173613

[70](17:36:13)192.168.1.111: Timeout
[71](17:36:13)ALARM: Data Titik 104 (Ac) tinggi (0xF)
[72](17:36:13)192.168.1.113: Timeout
[73](17:36:14)[0]-- TIME:20081017-173614

[74](17:36:15)[1]-- TIME:20081017-173615

[75](17:36:16)[2]-- TIME:20081017-173616

[76](17:36:17)[3]-- TIME:20081017-173617

[77](17:36:17)192.168.1.111: Timeout
[78](17:36:17)ALARM: Data Titik 104 (Ac) tinggi (0xF)
[79](17:36:17)192.168.1.113: Timeout
[80](17:36:18)[0]-- TIME:20081017-173618

[81](17:36:19)[1]-- TIME:20081017-173619

[82](17:36:20)[2]-- TIME:20081017-173620

[83](17:36:21)[3]-- TIME:20081017-173621

[84](17:36:21)192.168.1.111: Timeout
[85](17:36:21)ALARM: Data Titik 104 (Ac) tinggi (0xF)
[86](17:36:21)192.168.1.113: Timeout
[87](17:36:22)[0]-- TIME:20081017-173622

[88](17:36:23)[1]-- TIME:20081017-173623

[89](17:36:24)[2]-- TIME:20081017-173624

[90](17:36:25)[3]-- TIME:20081017-173625

[91](17:36:25)192.168.1.111: Timeout
[92](17:36:25)ALARM: Data Titik 104 (Ac) tinggi (0xF)
[93](17:36:25)192.168.1.113: Timeout
[94](17:36:26)[0]-- TIME:20081017-173626

[95](17:36:27)[1]-- TIME:20081017-173627

[96](17:36:28)[2]-- TIME:20081017-173628

[97](17:36:29)[3]-- TIME:20081017-173629

[98](17:36:29)192.168.1.111: Timeout
[99](17:36:29)ALARM: Data Titik 104 (Ac) tinggi (0xF)
[100](17:36:29)192.168.1.113: Timeout
[101](17:36:30)[0]-- TIME:20081017-173630

[102](17:36:31)[1]-- TIME:20081017-173631

[103](17:36:32)[2]-- TIME:20081017-173632

[104](17:36:33)[3]-- TIME:20081017-173633

[105](17:36:33)192.168.1.111: Timeout
[106](17:36:33)ALARM: Data Titik 104 (Ac) tinggi (0xF)
[107](17:36:33)192.168.1.113: Timeout
[108](17:36:34)[0]-- TIME:20081017-173634

[109](17:36:35)[1]-- TIME:20081017-173635

[110](17:36:36)[2]-- TIME:20081017-173636

[111](17:36:37)[3]-- TIME:20081017-173637

[112](17:36:37)192.168.1.111: Timeout
[113](17:36:37)ALARM: Data Titik 104 (Ac) tinggi (0xF)
[114](17:36:37)192.168.1.113: Timeout
[115](17:36:38)[0]-- TIME:20081017-173638

[116](17:36:39)[1]-- TIME:20081017-173639

[117](17:36:40)[2]-- TIME:20081017-173640

[118](17:36:41)[3]-- TIME:20081017-173641

[119](17:36:41)192.168.1.111: Timeout
[120](17:36:41)ALARM: Data Titik 104 (Ac) tinggi (0xF)
[121](17:36:41)192.168.1.113: Timeout
[122](17:36:42)[0]-- TIME:20081017-173642

[123](17:36:43)[1]-- TIME:20081017-173643

[124](17:36:44)[2]-- TIME:20081017-173644

[125](17:36:45)[3]-- TIME:20081017-173645

[126](17:36:45)192.168.1.111: Timeout
[127](17:36:45)ALARM: Data Titik 104 (Ac) tinggi (0xF)
[128](17:36:45)192.168.1.113: Timeout
[129](17:36:46)[0]-- TIME:20081017-173646

[130](17:36:47)[1]-- TIME:20081017-173647

[131](17:36:48)[2]-- TIME:20081017-173648

[132](17:36:49)[3]-- TIME:20081017-173649

[133](17:36:49)192.168.1.111: Timeout
[134](17:36:49)ALARM: Data Titik 104 (Ac) tinggi (0xF)
[135](17:36:49)192.168.1.113: Timeout
[136](17:36:50)[0]-- TIME:20081017-173650

[137](17:36:51)[1]-- TIME:20081017-173651

[138](17:36:52)[2]-- TIME:20081017-173652

[139](17:36:53)[3]-- TIME:20081017-173653

[140](17:36:53)192.168.1.107: Timeout
[141](17:36:53)192.168.1.111: Timeout
[142](17:36:53)ALARM: Data Titik 104 (Ac) tinggi (0xF)
[143](17:36:53)192.168.1.113: Timeout
[144](17:36:54)[0]-- TIME:20081017-173654

[145](17:36:55)[1]-- TIME:20081017-173655

[146](17:36:56)[2]-- TIME:20081017-173656

[147](17:36:57)[3]-- TIME:20081017-173657

[148](17:36:57)192.168.1.111: Timeout
[149](17:36:57)ALARM: Data Titik 104 (Ac) tinggi (0xF)
[150](17:36:58)192.168.1.113: Timeout
[151](17:36:58)[0]-- TIME:20081017-173658

[152](17:36:59)[1]-- TIME:20081017-173659

[153](17:37:00)[2]-- TIME:20081017-173700

[154](17:37:01)[3]-- TIME:20081017-173701

[155](17:37:02)192.168.1.111: Timeout
[156](17:37:02)ALARM: Data Titik 104 (Ac) tinggi (0xF)
[157](17:37:02)192.168.1.113: Timeout
[158](17:37:02)[0]-- TIME:20081017-173702

[159](17:37:03)[1]-- TIME:20081017-173703

[160](17:37:04)[2]-- TIME:20081017-173704

[161](17:37:05)[3]-- TIME:20081017-173705

[162](17:37:05)192.168.1.111: Timeout
[163](17:37:05)ALARM: Data Titik 104 (Ac) tinggi (0xF)
[164](17:37:05)192.168.1.113: Timeout
[165](17:37:06)[0]-- TIME:20081017-173706

[166](17:37:07)[1]-- TIME:20081017-173707

[167](17:37:08)[2]-- TIME:20081017-173708

[168](17:37:09)[3]-- TIME:20081017-173709

[169](17:37:09)192.168.1.111: Timeout
[170](17:37:09)ALARM: Data Titik 104 (Ac) tinggi (0xF)
[171](17:37:09)192.168.1.113: Timeout
[172](17:37:10)[0]-- TIME:20081017-173710

[173](17:37:11)[1]-- TIME:20081017-173711

[174](17:37:12)[2]-- TIME:20081017-173712

[175](17:37:13)[3]-- TIME:20081017-173713

[176](17:37:13)192.168.1.111: Timeout
[177](17:37:13)ALARM: Data Titik 104 (Ac) tinggi (0xF)
[178](17:37:13)192.168.1.113: Timeout
[179](17:37:14)[0]-- TIME:20081017-173714

[180](17:37:15)[1]-- TIME:20081017-173715

[181](17:37:16)[2]-- TIME:20081017-173716

[182](17:37:17)[3]-- TIME:20081017-173717

[183](17:37:17)192.168.1.111: Timeout
[184](17:37:17)ALARM: Data Titik 104 (Ac) tinggi (0xF)
[185](17:37:17)192.168.1.113: Timeout
[186](17:37:18)[0]-- TIME:20081017-173718

[187](17:37:19)[1]-- TIME:20081017-173719

[188](17:37:20)[2]-- TIME:20081017-173720

[189](17:37:21)[3]-- TIME:20081017-173721

[190](17:37:21)192.168.1.111: Timeout
[191](17:37:21)ALARM: Data Titik 104 (Ac) tinggi (0xF)
[192](17:37:21)192.168.1.113: Timeout
[193](17:37:22)[0]-- TIME:20081017-173722

[194](17:37:23)[1]-- TIME:20081017-173723

[195](17:37:24)[2]-- TIME:20081017-173724

[196](17:37:25)[3]-- TIME:20081017-173725

[197](17:37:25)192.168.1.111: Timeout
[198](17:37:25)ALARM: Data Titik 104 (Ac) tinggi (0xF)
[199](17:37:25)192.168.1.113: Timeout
[200](17:37:26)[0]-- TIME:20081017-173726

[201](17:37:27)[1]-- TIME:20081017-173727

[202](17:37:28)[2]-- TIME:20081017-173728

[203](17:37:29)[3]-- TIME:20081017-173729

[204](17:37:29)192.168.1.111: Timeout
[205](17:37:29)ALARM: Data Titik 104 (Ac) tinggi (0xF)
[206](17:37:29)192.168.1.113: Timeout
[207](17:37:30)[0]-- TIME:20081017-173730

[208](17:37:31)[1]-- TIME:20081017-173731

[209](17:37:32)[2]-- TIME:20081017-173732

[210](17:37:33)[3]-- TIME:20081017-173733

[211](17:37:33)192.168.1.111: Timeout
[212](17:37:33)ALARM: Data Titik 104 (Ac) tinggi (0xF)
[213](17:37:34)192.168.1.113: Timeout
[214](17:37:34)[0]-- TIME:20081017-173734

[215](17:37:35)[1]-- TIME:20081017-173735

[216](17:37:36)[2]-- TIME:20081017-173736

[217](17:37:37)[3]-- TIME:20081017-173737

[218](17:37:37)192.168.1.111: Timeout
[219](17:37:38)ALARM: Data Titik 104 (Ac) tinggi (0xF)
[220](17:37:38)192.168.1.113: Timeout
[221](17:37:38)[0]-- TIME:20081017-173738

[222](17:37:39)[1]-- TIME:20081017-173739

[223](17:37:40)[2]-- TIME:20081017-173740

[224](17:37:41)[3]-- TIME:20081017-173741

[225](17:37:41)192.168.1.111: Timeout
[226](17:37:41)ALARM: Data Titik 104 (Ac) tinggi (0xF)
[227](17:37:42)192.168.1.113: Timeout
[228](17:37:42)[0]-- TIME:20081017-173742

[229](17:37:43)[1]-- TIME:20081017-173743

[230](17:37:44)[2]-- TIME:20081017-173744

[231](17:37:45)[3]-- TIME:20081017-173745

[232](17:37:45)192.168.1.111: Timeout
[233](17:37:45)ALARM: Data Titik 104 (Ac) tinggi (0xF)
[234](17:37:45)192.168.1.113: Timeout
[235](17:37:46)[0]-- TIME:20081017-173746

[236](17:37:47)[1]-- TIME:20081017-173747

[237](17:37:48)[2]-- TIME:20081017-173748

[238](17:37:49)[3]-- TIME:20081017-173749

[239](17:37:50)192.168.1.111: Timeout
[240](17:37:50)ALARM: Data Titik 104 (Ac) tinggi (0xF)
[241](17:37:50)192.168.1.113: Timeout
[242](17:37:50)[0]-- TIME:20081017-173750

[243](17:37:51)[1]-- TIME:20081017-173751

[244](17:37:52)[2]-- TIME:20081017-173752

[245](17:37:53)[3]-- TIME:20081017-173753

[246](17:37:53)192.168.1.109: Timeout
[247](17:37:53)192.168.1.111: Timeout
[248](17:37:53)ALARM: Data Titik 104 (Ac) tinggi (0xF)
[249](17:37:53)192.168.1.113: Timeout
[250](17:37:54)[0]-- TIME:20081017-173754

[251](17:37:55)[1]-- TIME:20081017-173755

[252](17:37:56)[2]-- TIME:20081017-173756

[253](17:37:57)[3]-- TIME:20081017-173757

[254](17:37:58)192.168.1.111: Timeout
[255](17:37:58)ALARM: Data Titik 104 (Ac) tinggi (0xF)
[256](17:37:58)192.168.1.113: Timeout
[257](17:37:58)[0]-- TIME:20081017-173758

[258](17:37:59)[1]-- TIME:20081017-173759

[259](17:38:00)[2]-- TIME:20081017-173800

[260](17:38:01)[3]-- TIME:20081017-173801

[261](17:38:02)192.168.1.111: Timeout
[262](17:38:02)ALARM: Data Titik 104 (Ac) tinggi (0xF)
[263](17:38:02)192.168.1.113: Timeout
[264](17:38:02)[0]-- TIME:20081017-173802

[265](17:38:03)[1]-- TIME:20081017-173803

[266](17:38:04)[2]-- TIME:20081017-173804

[267](17:38:05)[3]-- TIME:20081017-173805

[268](17:38:06)192.168.1.111: Timeout
[269](17:38:06)ALARM: Data Titik 104 (Ac) tinggi (0xF)
[270](17:38:06)192.168.1.113: Timeout
[271](17:38:06)[0]-- TIME:20081017-173806

[272](17:38:07)[1]-- TIME:20081017-173807

[273](17:38:08)[2]-- TIME:20081017-173808

[274](17:38:09)[3]-- TIME:20081017-173809

[275](17:38:10)192.168.1.111: Timeout
[276](17:38:10)ALARM: Data Titik 104 (Ac) tinggi (0xF)
[277](17:38:10)192.168.1.113: Timeout
[278](17:38:10)[0]-- TIME:20081017-173810

[279](17:38:11)[1]-- TIME:20081017-173811

[280](17:38:12)[2]-- TIME:20081017-173812

[281](17:38:13)[3]-- TIME:20081017-173813

[282](17:38:14)192.168.1.111: Timeout
[283](17:38:14)ALARM: Data Titik 104 (Ac) tinggi (0xF)
[284](17:38:14)192.168.1.113: Timeout
[285](17:38:14)[0]-- TIME:20081017-173814

[286](17:38:15)[1]-- TIME:20081017-173815

[287](17:38:16)[2]-- TIME:20081017-173816

[288](17:38:17)[3]-- TIME:20081017-173817

[289](17:38:18)192.168.1.111: Timeout
[290](17:38:18)ALARM: Data Titik 104 (Ac) tinggi (0xF)
[291](17:38:18)192.168.1.113: Timeout
[292](17:38:18)[0]-- TIME:20081017-173818

[293](17:38:19)[1]-- TIME:20081017-173819

[294](17:38:20)[2]-- TIME:20081017-173820

[295](17:38:21)[3]-- TIME:20081017-173821

[296](17:38:22)192.168.1.111: Timeout
[297](17:38:22)ALARM: Data Titik 104 (Ac) tinggi (0xF)
[298](17:38:22)192.168.1.113: Timeout
[299](17:38:22)[0]-- TIME:20081017-173822

[300](17:38:23)[1]-- TIME:20081017-173823

[301](17:38:24)[2]-- TIME:20081017-173824

[302](17:38:25)[3]-- TIME:20081017-173825

[303](17:38:26)192.168.1.111: Timeout
[304](17:38:26)ALARM: Data Titik 104 (Ac) tinggi (0xF)
[305](17:38:26)192.168.1.113: Timeout
[306](17:38:26)[0]-- TIME:20081017-173826

[307](17:38:27)[1]-- TIME:20081017-173827

[308](17:38:28)[2]-- TIME:20081017-173828

[309](17:38:29)[3]-- TIME:20081017-173829

[310](17:38:30)192.168.1.111: Timeout
[311](17:38:30)ALARM: Data Titik 104 (Ac) tinggi (0xF)
[312](17:38:30)192.168.1.113: Timeout
[313](17:38:30)[0]-- TIME:20081017-173830

[314](17:38:31)[1]-- TIME:20081017-173831

[315](17:38:32)[2]-- TIME:20081017-173832

[316](17:38:33)[3]-- TIME:20081017-173833

[317](17:38:34)192.168.1.109: Timeout
[318](17:38:34)192.168.1.111: Timeout
[319](17:38:34)ALARM: Data Titik 104 (Ac) tinggi (0xF)
[320](17:38:34)192.168.1.113: Timeout
[321](17:38:34)[0]-- TIME:20081017-173834

[322](17:38:35)[1]-- TIME:20081017-173835

[323](17:38:36)[2]-- TIME:20081017-173836

[324](17:38:37)[3]-- TIME:20081017-173837

[325](17:38:38)192.168.1.111: Timeout
[326](17:38:38)ALARM: Data Titik 104 (Ac) tinggi (0xF)
[327](17:38:38)192.168.1.113: Timeout
[328](17:38:38)[0]-- TIME:20081017-173838

[329](17:38:39)[1]-- TIME:20081017-173839

[330](17:38:40)[2]-- TIME:20081017-173840

[331](17:38:41)[3]-- TIME:20081017-173841

[332](17:38:42)192.168.1.111: Timeout
[333](17:38:42)ALARM: Data Titik 104 (Ac) tinggi (0xF)
[334](17:38:42)192.168.1.113: Timeout
[335](17:38:42)[0]-- TIME:20081017-173842

[336](17:38:43)[1]-- TIME:20081017-173843

[337](17:38:44)[2]-- TIME:20081017-173844

[338](17:38:45)[3]-- TIME:20081017-173845

[339](17:38:46)192.168.1.111: Timeout
[340](17:38:46)ALARM: Data Titik 104 (Ac) tinggi (0xF)
[341](17:38:46)192.168.1.113: Timeout
[342](17:38:46)[0]-- TIME:20081017-173846

[343](17:38:47)[1]-- TIME:20081017-173847

[344](17:38:48)[2]-- TIME:20081017-173848

[345](17:38:49)[3]-- TIME:20081017-173849

[346](17:38:50)192.168.1.109: Timeout
[347](17:38:50)192.168.1.111: Timeout
[348](17:38:50)ALARM: Data Titik 104 (Ac) tinggi (0xF)
[349](17:38:50)192.168.1.113: Timeout
[350](17:38:50)[0]-- TIME:20081017-173850

[351](17:38:51)[1]-- TIME:20081017-173851

[352](17:38:52)[2]-- TIME:20081017-173852

[353](17:38:53)[3]-- TIME:20081017-173853

[354](17:38:54)192.168.1.111: Timeout
[355](17:38:54)ALARM: Data Titik 104 (Ac) tinggi (0xF)
[356](17:38:54)192.168.1.113: Timeout
[357](17:38:54)[0]-- TIME:20081017-173854

[358](17:38:55)[1]-- TIME:20081017-173855

[359](17:38:56)[2]-- TIME:20081017-173856

[360](17:38:57)[3]-- TIME:20081017-173857

[361](17:38:58)192.168.1.111: Timeout
[362](17:38:58)ALARM: Data Titik 104 (Ac) tinggi (0xF)
[363](17:38:58)192.168.1.113: Timeout
[364](17:38:58)[0]-- TIME:20081017-173858

[365](17:38:59)[1]-- TIME:20081017-173859

[366](17:39:00)[2]-- TIME:20081017-173900

[367](17:39:01)[3]-- TIME:20081017-173901

[368](17:39:02)192.168.1.122: Timeout
[369](17:39:02)192.168.1.111: Timeout
[370](17:39:02)ALARM: Data Titik 104 (Ac) tinggi (0xF)
[371](17:39:02)192.168.1.113: Timeout
[372](17:39:02)[0]-- TIME:20081017-173902

[373](17:39:03)[1]-- TIME:20081017-173903

[374](17:39:04)[2]-- TIME:20081017-173904

[375](17:39:05)[3]-- TIME:20081017-173905

[376](17:39:06)192.168.1.111: Timeout
[377](17:39:06)ALARM: Data Titik 104 (Ac) tinggi (0xF)
[378](17:39:06)192.168.1.113: Timeout
[379](17:39:06)[0]-- TIME:20081017-173906

[380](17:39:07)[1]-- TIME:20081017-173907

[381](17:39:08)[2]-- TIME:20081017-173908

[382](17:39:09)[3]-- TIME:20081017-173909

[383](17:39:10)192.168.1.111: Timeout
[384](17:39:10)ALARM: Data Titik 104 (Ac) tinggi (0xF)
[385](17:39:10)192.168.1.113: Timeout
[386](17:39:10)[0]-- TIME:20081017-173910

[387](17:39:11)[1]-- TIME:20081017-173911

[388](17:39:12)[2]-- TIME:20081017-173912

[389](17:39:13)[3]-- TIME:20081017-173913

[390](17:39:14)192.168.1.111: Timeout
[391](17:39:14)ALARM: Data Titik 104 (Ac) tinggi (0xF)
[392](17:39:14)192.168.1.113: Timeout
[393](17:39:14)[0]-- TIME:20081017-173914

[394](17:39:15)[1]-- TIME:20081017-173915

[395](17:39:16)[2]-- TIME:20081017-173916

[396](17:39:17)[3]-- TIME:20081017-173917

[397](17:39:18)192.168.1.111: Timeout
[398](17:39:18)ALARM: Data Titik 104 (Ac) tinggi (0xF)
[399](17:39:18)192.168.1.113: Timeout
[400](17:39:18)[0]-- TIME:20081017-173918

[401](17:39:19)[1]-- TIME:20081017-173919

[402](17:39:21)[2]-- TIME:20081017-173921

[403](17:39:22)[3]-- TIME:20081017-173922

[404](17:39:22)192.168.1.111: Timeout
[405](17:39:22)ALARM: Data Titik 104 (Ac) tinggi (0xF)
[406](17:39:22)192.168.1.113: Timeout
[407](17:39:23)[0]-- TIME:20081017-173923

[408](17:39:24)[1]-- TIME:20081017-173924

[409](17:39:25)[2]-- TIME:20081017-173925

[410](17:39:26)[3]-- TIME:20081017-173926

[411](17:39:26)192.168.1.111: Timeout
[412](17:39:26)ALARM: Data Titik 104 (Ac) tinggi (0xF)
[413](17:39:26)192.168.1.113: Timeout
[414](17:39:27)[0]-- TIME:20081017-173927

[415](17:39:28)[1]-- TIME:20081017-173928

[416](17:39:29)[2]-- TIME:20081017-173929

[417](17:39:30)[3]-- TIME:20081017-173930

[418](17:39:30)192.168.1.111: Timeout
[419](17:39:30)ALARM: Data Titik 104 (Ac) tinggi (0xF)
[420](17:39:30)192.168.1.113: Timeout
[421](17:39:31)[0]-- TIME:20081017-173931

[422](17:39:32)[1]-- TIME:20081017-173932

[423](17:39:33)[2]-- TIME:20081017-173933

[424](17:39:34)[3]-- TIME:20081017-173934

[425](17:39:34)192.168.1.111: Timeout
[426](17:39:34)ALARM: Data Titik 104 (Ac) tinggi (0xF)
[427](17:39:34)192.168.1.113: Timeout
[428](17:39:35)[0]-- TIME:20081017-173935

[429](17:39:36)[1]-- TIME:20081017-173936

[430](17:39:37)[2]-- TIME:20081017-173937

[431](17:39:38)[3]-- TIME:20081017-173938

[432](17:39:38)192.168.1.111: Timeout
[433](17:39:38)ALARM: Data Titik 104 (Ac) tinggi (0xF)
[434](17:39:38)192.168.1.113: Timeout
[435](17:39:39)[0]-- TIME:20081017-173939

[436](17:39:40)[1]-- TIME:20081017-173940

[437](17:39:41)[2]-- TIME:20081017-173941

[438](17:39:42)[3]-- TIME:20081017-173942

[439](17:39:42)192.168.1.111: Timeout
[440](17:39:42)ALARM: Data Titik 104 (Ac) tinggi (0xF)
[441](17:39:42)192.168.1.113: Timeout
[442](17:39:43)[0]-- TIME:20081017-173943

[443](17:39:44)[1]-- TIME:20081017-173944

[444](17:39:45)[2]-- TIME:20081017-173945

[445](17:39:46)[3]-- TIME:20081017-173946

[446](17:39:46)192.168.1.111: Timeout
[447](17:39:46)ALARM: Data Titik 104 (Ac) tinggi (0xF)
[448](17:39:46)192.168.1.113: Timeout
[449](17:39:47)[0]-- TIME:20081017-173947

[450](17:39:48)[1]-- TIME:20081017-173948

[451](17:39:49)[2]-- TIME:20081017-173949

[452](17:39:50)[3]-- TIME:20081017-173950

[453](17:39:50)192.168.1.111: Timeout
[454](17:39:50)ALARM: Data Titik 104 (Ac) tinggi (0xF)
[455](17:39:50)192.168.1.113: Timeout
[456](17:39:51)[0]-- TIME:20081017-173951

[457](17:39:52)[1]-- TIME:20081017-173952

[458](17:39:53)[2]-- TIME:20081017-173953

[459](17:39:54)[3]-- TIME:20081017-173954

[460](17:39:54)192.168.1.111: Timeout
[461](17:39:54)ALARM: Data Titik 104 (Ac) tinggi (0xF)
[462](17:39:54)192.168.1.113: Timeout
[463](17:39:55)[0]-- TIME:20081017-173955

[464](17:39:56)[1]-- TIME:20081017-173956

[465](17:39:57)[2]-- TIME:20081017-173957

[466](17:39:58)[3]-- TIME:20081017-173958

[467](17:39:58)192.168.1.111: Timeout
[468](17:39:58)ALARM: Data Titik 104 (Ac) tinggi (0xF)
[469](17:39:58)192.168.1.113: Timeout
[470](17:39:59)[0]-- TIME:20081017-173959

[471](17:40:00)[1]-- TIME:20081017-174000

[472](17:40:01)[2]-- TIME:20081017-174001

[473](17:40:02)[3]-- TIME:20081017-174002

[474](17:40:02)192.168.1.111: Timeout
[475](17:40:02)ALARM: Data Titik 104 (Ac) tinggi (0xF)
[476](17:40:02)192.168.1.113: Timeout
[477](17:40:03)[0]-- TIME:20081017-174003

[478](17:40:04)[1]-- TIME:20081017-174004

[479](17:40:05)[2]-- TIME:20081017-174005

[480](17:40:06)[3]-- TIME:20081017-174006

[481](17:40:06)192.168.1.111: Timeout
[482](17:40:06)ALARM: Data Titik 104 (Ac) tinggi (0xF)
[483](17:40:06)192.168.1.113: Timeout
[484](17:40:07)[0]-- TIME:20081017-174007

[485](17:40:08)[1]-- TIME:20081017-174008

[486](17:40:09)[2]-- TIME:20081017-174009

[487](17:40:10)[3]-- TIME:20081017-174010

[488](17:40:10)192.168.1.111: Timeout
[489](17:40:10)ALARM: Data Titik 104 (Ac) tinggi (0xF)
[490](17:40:10)192.168.1.113: Timeout
[491](17:40:11)[0]-- TIME:20081017-174011

[492](17:40:12)[1]-- TIME:20081017-174012

[493](17:40:13)[2]-- TIME:20081017-174013

[494](17:40:14)[3]-- TIME:20081017-174014

[495](17:40:14)192.168.1.111: Timeout
[496](17:40:14)ALARM: Data Titik 104 (Ac) tinggi (0xF)
[497](17:40:14)192.168.1.113: Timeout
[498](17:40:15)[0]-- TIME:20081017-174015

[499](17:40:16)[1]-- TIME:20081017-174016

[500](17:40:17)[2]-- TIME:20081017-174017

[501](17:40:18)[3]-- TIME:20081017-174018

[502](17:40:18)192.168.1.111: Timeout
[503](17:40:18)ALARM: Data Titik 104 (Ac) tinggi (0xF)
[504](17:40:18)192.168.1.113: Timeout
[505](17:40:19)[0]-- TIME:20081017-174019

[506](17:40:20)[1]-- TIME:20081017-174020

[507](17:40:21)[2]-- TIME:20081017-174021

[508](17:40:22)[3]-- TIME:20081017-174022

[509](17:40:22)192.168.1.111: Timeout
[510](17:40:22)ALARM: Data Titik 104 (Ac) tinggi (0xF)
[511](17:40:22)192.168.1.113: Timeout
[512](17:40:23)[0]-- TIME:20081017-174023

[513](17:40:24)[1]-- TIME:20081017-174024

[514](17:40:25)[2]-- TIME:20081017-174025

[515](17:40:26)[3]-- TIME:20081017-174026

[516](17:40:26)192.168.1.111: Timeout
[517](17:40:26)ALARM: Data Titik 104 (Ac) tinggi (0xF)
[518](17:40:26)192.168.1.113: Timeout
[519](17:40:27)[0]-- TIME:20081017-174027

[520](17:40:28)[1]-- TIME:20081017-174028

[521](17:40:29)[2]-- TIME:20081017-174029

[522](17:40:30)[3]-- TIME:20081017-174030

[523](17:40:30)192.168.1.111: Timeout
[524](17:40:30)ALARM: Data Titik 104 (Ac) tinggi (0xF)
[525](17:40:30)192.168.1.113: Timeout
[526](17:40:31)[0]-- TIME:20081017-174031

[527](17:40:32)[1]-- TIME:20081017-174032

[528](17:40:33)[2]-- TIME:20081017-174033

[529](17:40:34)[3]-- TIME:20081017-174034

[530](17:40:34)192.168.1.111: Timeout
[531](17:40:34)ALARM: Data Titik 104 (Ac) tinggi (0xF)
[532](17:40:34)192.168.1.113: Timeout
[533](17:40:35)[0]-- TIME:20081017-174035

[534](17:40:36)[1]-- TIME:20081017-174036

[535](17:40:37)[2]-- TIME:20081017-174037

[536](17:40:38)[3]-- TIME:20081017-174038

[537](17:40:38)192.168.1.111: Timeout
[538](17:40:38)ALARM: Data Titik 104 (Ac) tinggi (0xF)
[539](17:40:38)192.168.1.113: Timeout
[540](17:40:39)[0]-- TIME:20081017-174039

[541](17:40:40)[1]-- TIME:20081017-174040

[542](17:40:41)[2]-- TIME:20081017-174041

[543](17:40:42)[3]-- TIME:20081017-174042

[544](17:40:42)192.168.1.111: Timeout
[545](17:40:42)ALARM: Data Titik 104 (Ac) tinggi (0xF)
[546](17:40:42)192.168.1.113: Timeout
[547](17:40:43)[0]-- TIME:20081017-174043

[548](17:40:44)[1]-- TIME:20081017-174044

[549](17:40:45)[2]-- TIME:20081017-174045

[550](17:40:46)[3]-- TIME:20081017-174046

[551](17:40:46)192.168.1.111: Timeout
[552](17:40:46)ALARM: Data Titik 104 (Ac) tinggi (0xF)
[553](17:40:46)192.168.1.113: Timeout
[554](17:40:47)[0]-- TIME:20081017-174047

[555](17:40:48)[1]-- TIME:20081017-174048

[556](17:40:49)[2]-- TIME:20081017-174049

[557](17:40:50)[3]-- TIME:20081017-174050

[558](17:40:50)192.168.1.111: Timeout
[559](17:40:50)ALARM: Data Titik 104 (Ac) tinggi (0xF)
[560](17:40:50)192.168.1.113: Timeout
[561](17:40:51)[0]-- TIME:20081017-174051

[562](17:40:52)[1]-- TIME:20081017-174052

[563](17:40:53)[2]-- TIME:20081017-174053

[564](17:40:54)[3]-- TIME:20081017-174054

[565](17:40:54)192.168.1.111: Timeout
[566](17:40:54)ALARM: Data Titik 104 (Ac) tinggi (0xF)
[567](17:40:54)192.168.1.113: Timeout
[568](17:40:54)192.168.1.26: Timeout
[569](17:40:55)[0]-- TIME:20081017-174055

[570](17:40:56)[1]-- TIME:20081017-174056

[571](17:40:57)[2]-- TIME:20081017-174057

[572](17:40:58)[3]-- TIME:20081017-174058

[573](17:40:58)192.168.1.111: Timeout
[574](17:40:58)ALARM: Data Titik 104 (Ac) tinggi (0xF)
[575](17:40:58)192.168.1.113: Timeout
[576](17:40:59)[0]-- TIME:20081017-174059

[577](17:41:00)[1]-- TIME:20081017-174100

[578](17:41:01)[2]-- TIME:20081017-174101

[579](17:41:02)[3]-- TIME:20081017-174102

[580](17:41:02)192.168.1.111: Timeout
[581](17:41:02)ALARM: Data Titik 104 (Ac) tinggi (0xF)
[582](17:41:02)192.168.1.113: Timeout
[583](17:41:03)[0]-- TIME:20081017-174103

[584](17:41:04)[1]-- TIME:20081017-174104

[585](17:41:05)[2]-- TIME:20081017-174105

[586](17:41:06)[3]-- TIME:20081017-174106

[587](17:41:06)192.168.1.111: Timeout
[588](17:41:06)ALARM: Data Titik 104 (Ac) tinggi (0xF)
[589](17:41:06)192.168.1.113: Timeout
[590](17:41:06)192.168.1.26: Timeout
[591](17:41:07)[0]-- TIME:20081017-174107

[592](17:41:08)[1]-- TIME:20081017-174108

[593](17:41:09)[2]-- TIME:20081017-174109

[594](17:41:10)[3]-- TIME:20081017-174110

[595](17:41:10)192.168.1.111: Timeout
[596](17:41:10)ALARM: Data Titik 104 (Ac) tinggi (0xF)
[597](17:41:10)192.168.1.113: Timeout
[598](17:41:11)[0]-- TIME:20081017-174111

[599](17:41:12)[1]-- TIME:20081017-174112

[600](17:41:13)[2]-- TIME:20081017-174113

[601](17:41:14)[3]-- TIME:20081017-174114

[602](17:41:14)192.168.1.111: Timeout
[603](17:41:14)ALARM: Data Titik 104 (Ac) tinggi (0xF)
[604](17:41:14)192.168.1.113: Timeout
[605](17:41:15)[0]-- TIME:20081017-174115

[606](17:41:16)[1]-- TIME:20081017-174116

[607](17:41:17)[2]-- TIME:20081017-174117

[608](17:41:18)[3]-- TIME:20081017-174118

[609](17:41:18)192.168.1.111: Timeout
[610](17:41:18)ALARM: Data Titik 104 (Ac) tinggi (0xF)
[611](17:41:18)192.168.1.113: Timeout
[612](17:41:19)[0]-- TIME:20081017-174119

[613](17:41:20)[1]-- TIME:20081017-174120

[614](17:41:21)[2]-- TIME:20081017-174121

[615](17:41:22)[3]-- TIME:20081017-174122

[616](17:41:22)192.168.1.111: Timeout
[617](17:41:22)ALARM: Data Titik 104 (Ac) tinggi (0xF)
[618](17:41:22)192.168.1.113: Timeout
[619](17:41:23)[0]-- TIME:20081017-174123

[620](17:41:24)[1]-- TIME:20081017-174124

[621](17:41:25)[2]-- TIME:20081017-174125

[622](17:41:26)[3]-- TIME:20081017-174126

[623](17:41:26)192.168.1.111: Timeout
[624](17:41:26)ALARM: Data Titik 104 (Ac) tinggi (0xF)
[625](17:41:26)192.168.1.113: Timeout
[626](17:41:27)[0]-- TIME:20081017-174127

[627](17:41:28)[1]-- TIME:20081017-174128

[628](17:41:29)[2]-- TIME:20081017-174129

[629](17:41:30)[3]-- TIME:20081017-174130

[630](17:41:30)192.168.1.111: Timeout
[631](17:41:30)ALARM: Data Titik 104 (Ac) tinggi (0xF)
[632](17:41:30)192.168.1.113: Timeout
[633](17:41:31)[0]-- TIME:20081017-174131

[634](17:41:32)[1]-- TIME:20081017-174132

[635](17:41:33)[2]-- TIME:20081017-174133

[636](17:41:34)[3]-- TIME:20081017-174134

[637](17:41:34)192.168.1.111: Timeout
[638](17:41:34)ALARM: Data Titik 104 (Ac) tinggi (0xF)
[639](17:41:34)192.168.1.113: Timeout
[640](17:41:35)[0]-- TIME:20081017-174135

[641](17:41:36)[1]-- TIME:20081017-174136

[642](17:41:37)[2]-- TIME:20081017-174137

[643](17:41:38)[3]-- TIME:20081017-174138

[644](17:41:38)192.168.1.111: Timeout
[645](17:41:38)ALARM: Data Titik 104 (Ac) tinggi (0xF)
[646](17:41:38)192.168.1.113: Timeout
[647](17:41:39)[0]-- TIME:20081017-174139

[648](17:41:40)[1]-- TIME:20081017-174140

[649](17:41:41)[2]-- TIME:20081017-174141

[650](17:41:42)[3]-- TIME:20081017-174142

[651](17:41:42)192.168.1.111: Timeout
[652](17:41:42)ALARM: Data Titik 104 (Ac) tinggi (0xF)
[653](17:41:42)192.168.1.113: Timeout
[654](17:41:43)[0]-- TIME:20081017-174143

[655](17:41:44)[1]-- TIME:20081017-174144

[656](17:41:45)[2]-- TIME:20081017-174145

[657](17:41:46)[3]-- TIME:20081017-174146

[658](17:41:46)192.168.1.111: Timeout
[659](17:41:46)ALARM: Data Titik 104 (Ac) tinggi (0xF)
[660](17:41:46)192.168.1.113: Timeout
[661](17:41:47)[0]-- TIME:20081017-174147

[662](17:41:48)[1]-- TIME:20081017-174148

[663](17:41:49)[2]-- TIME:20081017-174149

[664](17:41:50)[3]-- TIME:20081017-174150

[665](17:41:50)192.168.1.111: Timeout
[666](17:41:50)ALARM: Data Titik 104 (Ac) tinggi (0xF)
[667](17:41:50)192.168.1.113: Timeout
[668](17:41:51)[0]-- TIME:20081017-174151

[669](17:41:52)[1]-- TIME:20081017-174152

[670](17:41:53)[2]-- TIME:20081017-174153

[671](17:41:54)[3]-- TIME:20081017-174154

[672](17:41:54)192.168.1.111: Timeout
[673](17:41:54)ALARM: Data Titik 104 (Ac) tinggi (0xF)
[674](17:41:54)192.168.1.113: Timeout
[675](17:41:55)[0]-- TIME:20081017-174155

[676](17:41:56)[1]-- TIME:20081017-174156

[677](17:41:57)[2]-- TIME:20081017-174157

[678](17:41:58)[3]-- TIME:20081017-174158

[679](17:41:58)192.168.1.111: Timeout
[680](17:41:58)ALARM: Data Titik 104 (Ac) tinggi (0xF)
[681](17:41:58)192.168.1.113: Timeout
[682](17:41:59)[0]-- TIME:20081017-174159

[683](17:42:00)[1]-- TIME:20081017-174200

[684](17:42:01)[2]-- TIME:20081017-174201

[685](17:42:02)[3]-- TIME:20081017-174202

[686](17:42:02)192.168.1.111: Timeout
[687](17:42:02)ALARM: Data Titik 104 (Ac) tinggi (0xF)
[688](17:42:02)192.168.1.113: Timeout
[689](17:42:03)[0]-- TIME:20081017-174203

[690](17:42:04)[1]-- TIME:20081017-174204

[691](17:42:05)[2]-- TIME:20081017-174205

[692](17:42:06)[3]-- TIME:20081017-174206

[693](17:42:06)192.168.1.111: Timeout
[694](17:42:06)ALARM: Data Titik 104 (Ac) tinggi (0xF)
[695](17:42:06)192.168.1.113: Timeout
[696](17:42:07)[0]-- TIME:20081017-174207

[697](17:42:08)[1]-- TIME:20081017-174208

[698](17:42:09)[2]-- TIME:20081017-174209

[699](17:42:10)[3]-- TIME:20081017-174210

[700](17:42:10)192.168.1.111: Timeout
[701](17:42:10)ALARM: Data Titik 104 (Ac) tinggi (0xF)
[702](17:42:10)192.168.1.113: Timeout
[703](17:42:11)[0]-- TIME:20081017-174211

[704](17:42:12)[1]-- TIME:20081017-174212

[705](17:42:13)[2]-- TIME:20081017-174213

[706](17:42:14)[3]-- TIME:20081017-174214

[707](17:42:14)192.168.1.111: Timeout
[708](17:42:14)ALARM: Data Titik 104 (Ac) tinggi (0xF)
[709](17:42:14)192.168.1.113: Timeout
[710](17:42:15)[0]-- TIME:20081017-174215

[711](17:42:16)[1]-- TIME:20081017-174216

[712](17:42:17)[2]-- TIME:20081017-174217

[713](17:42:18)[3]-- TIME:20081017-174218

[714](17:42:18)192.168.1.111: Timeout
[715](17:42:18)ALARM: Data Titik 104 (Ac) tinggi (0xF)
[716](17:42:18)192.168.1.113: Timeout
[717](17:42:19)[0]-- TIME:20081017-174219

[718](17:42:20)[1]-- TIME:20081017-174220

[719](17:42:21)[2]-- TIME:20081017-174221

[720](17:42:22)[3]-- TIME:20081017-174222

[721](17:42:22)192.168.1.111: Timeout
[722](17:42:22)ALARM: Data Titik 104 (Ac) tinggi (0xF)
[723](17:42:22)192.168.1.113: Timeout
[724](17:42:23)[0]-- TIME:20081017-174223

[725](17:42:24)[1]-- TIME:20081017-174224

[726](17:42:25)[2]-- TIME:20081017-174225

[727](17:42:26)[3]-- TIME:20081017-174226

[728](17:42:26)192.168.1.111: Timeout
[729](17:42:26)ALARM: Data Titik 104 (Ac) tinggi (0xF)
[730](17:42:26)192.168.1.113: Timeout
[731](17:42:27)[0]-- TIME:20081017-174227

[732](17:42:28)[1]-- TIME:20081017-174228

[733](17:42:29)[2]-- TIME:20081017-174229

[734](17:42:30)[3]-- TIME:20081017-174230

[735](17:42:30)192.168.1.111: Timeout
[736](17:42:30)ALARM: Data Titik 104 (Ac) tinggi (0xF)
[737](17:42:30)192.168.1.113: Timeout
[738](17:42:31)[0]-- TIME:20081017-174231

[739](17:42:32)[1]-- TIME:20081017-174232

[740](17:42:33)[2]-- TIME:20081017-174233

[741](17:42:34)[3]-- TIME:20081017-174234

[742](17:42:34)192.168.1.111: Timeout
[743](17:42:34)ALARM: Data Titik 104 (Ac) tinggi (0xF)
[744](17:42:34)192.168.1.113: Timeout
[745](17:42:35)[0]-- TIME:20081017-174235

[746](17:42:36)[1]-- TIME:20081017-174236

[747](17:42:37)[2]-- TIME:20081017-174237

[748](17:42:38)[3]-- TIME:20081017-174238

[749](17:42:38)192.168.1.111: Timeout
[750](17:42:38)ALARM: Data Titik 104 (Ac) tinggi (0xF)
[751](17:42:38)192.168.1.113: Timeout
[752](17:42:39)[0]-- TIME:20081017-174239

[753](17:42:40)[1]-- TIME:20081017-174240

[754](17:42:41)[2]-- TIME:20081017-174241

[755](17:42:42)[3]-- TIME:20081017-174242

[756](17:42:42)192.168.1.111: Timeout
[757](17:42:42)ALARM: Data Titik 104 (Ac) tinggi (0xF)
[758](17:42:42)192.168.1.113: Timeout
[759](17:42:43)[0]-- TIME:20081017-174243

[760](17:42:44)[1]-- TIME:20081017-174244

[761](17:42:45)[2]-- TIME:20081017-174245

[762](17:42:46)[3]-- TIME:20081017-174246

[763](17:42:46)192.168.1.111: Timeout
[764](17:42:46)ALARM: Data Titik 104 (Ac) tinggi (0xF)
[765](17:42:46)192.168.1.113: Timeout
[766](17:42:47)[0]-- TIME:20081017-174247

[767](17:42:48)[1]-- TIME:20081017-174248

[768](17:42:49)[2]-- TIME:20081017-174249

[769](17:42:50)[3]-- TIME:20081017-174250

[770](17:42:50)192.168.1.111: Timeout
[771](17:42:50)ALARM: Data Titik 104 (Ac) tinggi (0xF)
[772](17:42:50)192.168.1.113: Timeout
[773](17:42:51)[0]-- TIME:20081017-174251

[774](17:42:52)[1]-- TIME:20081017-174252

[775](17:42:53)[2]-- TIME:20081017-174253

[776](17:42:54)[3]-- TIME:20081017-174254

[777](17:42:54)192.168.1.111: Timeout
[778](17:42:54)ALARM: Data Titik 104 (Ac) tinggi (0xF)
[779](17:42:54)192.168.1.113: Timeout
[780](17:42:55)[0]-- TIME:20081017-174255

[781](17:42:56)[1]-- TIME:20081017-174256

[782](17:42:57)[2]-- TIME:20081017-174257

[783](17:42:58)[3]-- TIME:20081017-174258

[784](17:42:58)192.168.1.111: Timeout
[785](17:42:58)ALARM: Data Titik 104 (Ac) tinggi (0xF)
[786](17:42:58)192.168.1.113: Timeout
[787](17:42:59)[0]-- TIME:20081017-174259

[788](17:43:00)[1]-- TIME:20081017-174300

[789](17:43:01)[2]-- TIME:20081017-174301

[790](17:43:02)[3]-- TIME:20081017-174302

[791](17:43:02)192.168.1.111: Timeout
[792](17:43:02)ALARM: Data Titik 104 (Ac) tinggi (0xF)
[793](17:43:02)192.168.1.113: Timeout
[794](17:43:03)[0]-- TIME:20081017-174303

[795](17:43:04)[1]-- TIME:20081017-174304

[796](17:43:05)[2]-- TIME:20081017-174305

[797](17:43:06)[3]-- TIME:20081017-174306

[798](17:43:06)192.168.1.111: Timeout
[799](17:43:06)ALARM: Data Titik 104 (Ac) tinggi (0xF)
[800](17:43:06)192.168.1.113: Timeout
[801](17:43:07)[0]-- TIME:20081017-174307

[802](17:43:08)[1]-- TIME:20081017-174308

[803](17:43:09)[2]-- TIME:20081017-174309

[804](17:43:10)[3]-- TIME:20081017-174310

[805](17:43:10)192.168.1.111: Timeout
[806](17:43:10)ALARM: Data Titik 104 (Ac) tinggi (0xF)
[807](17:43:10)192.168.1.113: Timeout
[808](17:43:11)[0]-- TIME:20081017-174311

[809](17:43:12)[1]-- TIME:20081017-174312

[810](17:43:13)[2]-- TIME:20081017-174313

[811](17:43:14)[3]-- TIME:20081017-174314

[812](17:43:14)192.168.1.111: Timeout
[813](17:43:14)192.168.1.112: Timeout
[814](17:43:14)192.168.1.113: Timeout
[815](17:43:15)[0]-- TIME:20081017-174315

[816](17:43:16)[1]-- TIME:20081017-174316

[817](17:43:17)[2]-- TIME:20081017-174317

[818](17:43:18)[3]-- TIME:20081017-174318

[819](17:43:18)192.168.1.111: Timeout
[820](17:43:18)ALARM: Data Titik 104 (Ac) tinggi (0xF)
[821](17:43:18)192.168.1.113: Timeout
[822](17:43:19)[0]-- TIME:20081017-174319

[823](17:43:20)[1]-- TIME:20081017-174320

[824](17:43:21)[2]-- TIME:20081017-174321

[825](17:43:22)[3]-- TIME:20081017-174322

[826](17:43:22)192.168.1.111: Timeout
[827](17:43:22)ALARM: Data Titik 104 (Ac) tinggi (0xF)
[828](17:43:22)192.168.1.113: Timeout
[829](17:43:23)[0]-- TIME:20081017-174323

[830](17:43:24)[1]-- TIME:20081017-174324

[831](17:43:25)[2]-- TIME:20081017-174325

[832](17:43:26)[3]-- TIME:20081017-174326

[833](17:43:26)192.168.1.111: Timeout
[834](17:43:26)ALARM: Data Titik 104 (Ac) tinggi (0xF)
[835](17:43:26)192.168.1.113: Timeout
[836](17:43:27)[0]-- TIME:20081017-174327

[837](17:43:28)[1]-- TIME:20081017-174328

[838](17:43:29)[2]-- TIME:20081017-174329

[839](17:43:30)[3]-- TIME:20081017-174330

[840](17:43:30)192.168.1.111: Timeout
[841](17:43:30)ALARM: Data Titik 104 (Ac) tinggi (0xF)
[842](17:43:30)192.168.1.113: Timeout
[843](17:43:31)[0]-- TIME:20081017-174331

[844](17:43:32)[1]-- TIME:20081017-174332

[845](17:43:33)[2]-- TIME:20081017-174333

[846](17:43:34)[3]-- TIME:20081017-174334

[847](17:43:34)192.168.1.107: Timeout
[848](17:43:34)192.168.1.111: Timeout
[849](17:43:34)ALARM: Data Titik 104 (Ac) tinggi (0xF)
[850](17:43:34)192.168.1.113: Timeout
[851](17:43:35)[0]-- TIME:20081017-174335

[852](17:43:36)[1]-- TIME:20081017-174336

[853](17:43:37)[2]-- TIME:20081017-174337

[854](17:43:38)[3]-- TIME:20081017-174338

[855](17:43:38)192.168.1.111: Timeout
[856](17:43:38)ALARM: Data Titik 104 (Ac) tinggi (0xF)
[857](17:43:38)192.168.1.113: Timeout
[858](17:43:38)192.168.1.26: Timeout
[859](17:43:39)[0]-- TIME:20081017-174339

[860](17:43:40)[1]-- TIME:20081017-174340

[861](17:43:41)[2]-- TIME:20081017-174341

[862](17:43:42)[3]-- TIME:20081017-174342

[863](17:43:42)192.168.1.111: Timeout
[864](17:43:42)ALARM: Data Titik 104 (Ac) tinggi (0xF)
[865](17:43:42)192.168.1.113: Timeout
[866](17:43:42)192.168.1.26: Timeout
[867](17:43:43)[0]-- TIME:20081017-174343

[868](17:43:44)[1]-- TIME:20081017-174344

[869](17:43:45)[2]-- TIME:20081017-174345

[870](17:43:46)[3]-- TIME:20081017-174346

[871](17:43:46)192.168.1.111: Timeout
[872](17:43:46)ALARM: Data Titik 104 (Ac) tinggi (0xF)
[873](17:43:46)192.168.1.113: Timeout
[874](17:43:47)[0]-- TIME:20081017-174347

[875](17:43:48)[1]-- TIME:20081017-174348

[876](17:43:49)[2]-- TIME:20081017-174349

[877](17:43:50)[3]-- TIME:20081017-174350

[878](17:43:50)192.168.1.111: Timeout
[879](17:43:50)ALARM: Data Titik 104 (Ac) tinggi (0xF)
[880](17:43:50)192.168.1.113: Timeout
[881](17:43:51)[0]-- TIME:20081017-174351

[882](17:43:52)[1]-- TIME:20081017-174352

[883](17:43:53)[2]-- TIME:20081017-174353

[884](17:43:54)[3]-- TIME:20081017-174354

[885](17:43:54)192.168.1.111: Timeout
[886](17:43:54)ALARM: Data Titik 104 (Ac) tinggi (0xF)
[887](17:43:54)192.168.1.113: Timeout
[888](17:43:55)[0]-- TIME:20081017-174355

[889](17:43:56)[1]-- TIME:20081017-174356

[890](17:43:57)[2]-- TIME:20081017-174357

[891](17:43:58)[3]-- TIME:20081017-174358

[892](17:43:58)192.168.1.111: Timeout
[893](17:43:58)ALARM: Data Titik 104 (Ac) tinggi (0xF)
[894](17:43:58)192.168.1.113: Timeout
[895](17:43:59)[0]-- TIME:20081017-174359

[896](17:44:00)[1]-- TIME:20081017-174400

[897](17:44:01)[2]-- TIME:20081017-174401

[898](17:44:02)[3]-- TIME:20081017-174402

[899](17:44:02)192.168.1.111: Timeout
[900](17:44:02)ALARM: Data Titik 104 (Ac) tinggi (0xF)
[901](17:44:02)192.168.1.113: Timeout
[902](17:44:03)[0]-- TIME:20081017-174403

[903](17:44:04)[1]-- TIME:20081017-174404

[904](17:44:05)[2]-- TIME:20081017-174405

[905](17:44:06)[3]-- TIME:20081017-174406

[906](17:44:06)192.168.1.111: Timeout
[907](17:44:06)ALARM: Data Titik 104 (Ac) tinggi (0xF)
[908](17:44:06)192.168.1.113: Timeout
[909](17:44:07)[0]-- TIME:20081017-174407

[910](17:44:08)[1]-- TIME:20081017-174408

[911](17:44:09)[2]-- TIME:20081017-174409

[912](17:44:10)[3]-- TIME:20081017-174410

[913](17:44:10)192.168.1.111: Timeout
[914](17:44:10)ALARM: Data Titik 104 (Ac) tinggi (0xF)
[915](17:44:10)192.168.1.113: Timeout
[916](17:44:11)[0]-- TIME:20081017-174411

[917](17:44:12)[1]-- TIME:20081017-174412

[918](17:44:13)[2]-- TIME:20081017-174413

[919](17:44:14)[3]-- TIME:20081017-174414

[920](17:44:14)192.168.1.111: Timeout
[921](17:44:14)ALARM: Data Titik 104 (Ac) tinggi (0xF)
[922](17:44:14)192.168.1.113: Timeout
[923](17:44:15)[0]-- TIME:20081017-174415

[924](17:44:16)[1]-- TIME:20081017-174416

[925](17:44:17)[2]-- TIME:20081017-174417

[926](17:44:18)[3]-- TIME:20081017-174418

[927](17:44:18)192.168.1.111: Timeout
[928](17:44:18)ALARM: Data Titik 104 (Ac) tinggi (0xF)
[929](17:44:18)192.168.1.113: Timeout
[930](17:44:19)[0]-- TIME:20081017-174419

[931](17:44:20)[1]-- TIME:20081017-174420

[932](17:44:21)[2]-- TIME:20081017-174421

[933](17:44:22)[3]-- TIME:20081017-174422

[934](17:44:22)192.168.1.111: Timeout
[935](17:44:22)ALARM: Data Titik 104 (Ac) tinggi (0xF)
[936](17:44:22)192.168.1.113: Timeout
[937](17:44:23)[0]-- TIME:20081017-174423

[938](17:44:24)[1]-- TIME:20081017-174424

[939](17:44:25)[2]-- TIME:20081017-174425

[940](17:44:26)[3]-- TIME:20081017-174426

[941](17:44:26)192.168.1.107: Timeout
[942](17:44:26)192.168.1.111: Timeout
[943](17:44:26)ALARM: Data Titik 104 (Ac) tinggi (0xF)
[944](17:44:26)192.168.1.113: Timeout
[945](17:44:27)[0]-- TIME:20081017-174427

[946](17:44:28)[1]-- TIME:20081017-174428

[947](17:44:29)[2]-- TIME:20081017-174429

[948](17:44:30)[3]-- TIME:20081017-174430

[949](17:44:30)192.168.1.111: Timeout
[950](17:44:30)ALARM: Data Titik 104 (Ac) tinggi (0xF)
[951](17:44:30)192.168.1.113: Timeout
[952](17:44:31)[0]-- TIME:20081017-174431

[953](17:44:32)[1]-- TIME:20081017-174432

[954](17:44:33)[2]-- TIME:20081017-174433

[955](17:44:34)[3]-- TIME:20081017-174434

[956](17:44:34)192.168.1.111: Timeout
[957](17:44:34)ALARM: Data Titik 104 (Ac) tinggi (0xF)
[958](17:44:34)192.168.1.113: Timeout
[959](17:44:35)[0]-- TIME:20081017-174435

[960](17:44:36)[1]-- TIME:20081017-174436

[961](17:44:37)[2]-- TIME:20081017-174437

[962](17:44:38)[3]-- TIME:20081017-174438

[963](17:44:38)192.168.1.111: Timeout
[964](17:44:38)ALARM: Data Titik 104 (Ac) tinggi (0xF)
[965](17:44:38)192.168.1.113: Timeout
[966](17:44:39)[0]-- TIME:20081017-174439

[967](17:44:40)[1]-- TIME:20081017-174440

[968](17:44:41)[2]-- TIME:20081017-174441

[969](17:44:42)[3]-- TIME:20081017-174442

[970](17:44:42)192.168.1.111: Timeout
[971](17:44:42)ALARM: Data Titik 104 (Ac) tinggi (0xF)
[972](17:44:42)192.168.1.113: Timeout
[973](17:44:43)[0]-- TIME:20081017-174443

[974](17:44:44)[1]-- TIME:20081017-174444

[975](17:44:45)[2]-- TIME:20081017-174445

[976](17:44:46)[3]-- TIME:20081017-174446

[977](17:44:46)192.168.1.111: Timeout
[978](17:44:46)ALARM: Data Titik 104 (Ac) tinggi (0xF)
[979](17:44:46)192.168.1.113: Timeout
[980](17:44:47)[0]-- TIME:20081017-174447

[981](17:44:48)[1]-- TIME:20081017-174448

[982](17:44:49)[2]-- TIME:20081017-174449

[983](17:44:50)[3]-- TIME:20081017-174450

[984](17:44:50)192.168.1.111: Timeout
[985](17:44:50)ALARM: Data Titik 104 (Ac) tinggi (0xF)
[986](17:44:50)192.168.1.113: Timeout
[987](17:44:51)[0]-- TIME:20081017-174451

[988](17:44:52)[1]-- TIME:20081017-174452

[989](17:44:53)[2]-- TIME:20081017-174453

[990](17:44:54)[3]-- TIME:20081017-174454

[991](17:44:54)192.168.1.111: Timeout
[992](17:44:54)ALARM: Data Titik 104 (Ac) tinggi (0xF)
[993](17:44:54)192.168.1.113: Timeout
[994](17:44:55)[0]-- TIME:20081017-174455

[995](17:44:56)[1]-- TIME:20081017-174456

[996](17:44:57)[2]-- TIME:20081017-174457

[997](17:44:58)[3]-- TIME:20081017-174458

[998](17:44:58)192.168.1.111: Timeout
[999](17:44:58)ALARM: Data Titik 104 (Ac) tinggi (0xF)
[1000](17:44:58)192.168.1.113: Timeout