
[0](11:13:19)======== MONITA APP STARTING ===========
[1](11:13:20)Load file konfigurasi
[2](11:13:20)Baca konfig
[3](11:13:20)Baca konfig: OK
[4](11:13:40)Mulai logging data
[5](11:13:41)[0]-- TIME:20081027-111341

[6](11:14:10)[1]-- TIME:20081027-111410

[7](11:14:18)[2]-- TIME:20081027-111418

[8](11:14:19)[3]-- TIME:20081027-111419

[9](11:14:20)ALARM: Data Titik 153 (kWh) diluar jangkauan ukur
[10](11:14:20)ALARM: Data Titik 140 (KwH) diluar jangkauan ukur
[11](11:14:20)ALARM: Data Titik 127 (kWh) diluar jangkauan ukur
[12](11:14:20)ALARM: Data Titik 113 (kWh) diluar jangkauan ukur
[13](11:14:20)ALARM: Data Titik 101 (kwh) diluar jangkauan ukur
[14](11:14:21)[0]-- TIME:20081027-111421

[15](11:14:22)[1]-- TIME:20081027-111422

[16](11:14:23)[2]-- TIME:20081027-111423

[17](11:14:24)[3]-- TIME:20081027-111424

[18](11:14:26)ALARM: Data Titik 153 (kWh) diluar jangkauan ukur
[19](11:14:26)ALARM: Data Titik 140 (KwH) diluar jangkauan ukur
[20](11:14:26)ALARM: Data Titik 127 (kWh) diluar jangkauan ukur
[21](11:14:26)ALARM: Data Titik 113 (kWh) diluar jangkauan ukur
[22](11:14:26)ALARM: Data Titik 101 (kwh) diluar jangkauan ukur
[23](11:14:26)192.168.1.25: Timeout
[24](11:14:26)ALARM: Data Titik 108 (Flowmeter) diluar jangkauan ukur
[25](11:14:26)192.168.1.29: Timeout
[26](11:14:26)192.168.1.32: Timeout
[27](11:14:26)[0]-- TIME:20081027-111426

[28](11:14:27)[1]-- TIME:20081027-111427

[29](11:14:30)[2]-- TIME:20081027-111430

[30](11:14:31)[3]-- TIME:20081027-111431

[31](11:14:32)ALARM: Data Titik 153 (kWh) diluar jangkauan ukur
[32](11:14:32)ALARM: Data Titik 140 (KwH) diluar jangkauan ukur
[33](11:14:32)ALARM: Data Titik 127 (kWh) diluar jangkauan ukur
[34](11:14:32)ALARM: Data Titik 113 (kWh) diluar jangkauan ukur
[35](11:14:32)ALARM: Data Titik 101 (kwh) diluar jangkauan ukur
[36](11:14:32)[0]-- TIME:20081027-111432

[37](11:14:33)[1]-- TIME:20081027-111433

[38](11:14:35)[2]-- TIME:20081027-111435

[39](11:14:36)[3]-- TIME:20081027-111436

[40](11:14:37)ALARM: Data Titik 153 (kWh) diluar jangkauan ukur
[41](11:14:37)ALARM: Data Titik 140 (KwH) diluar jangkauan ukur
[42](11:14:37)ALARM: Data Titik 127 (kWh) diluar jangkauan ukur
[43](11:14:37)ALARM: Data Titik 113 (kWh) diluar jangkauan ukur
[44](11:14:37)ALARM: Data Titik 101 (kwh) diluar jangkauan ukur
[45](11:14:37)192.168.1.25: Timeout
[46](11:14:37)ALARM: Data Titik 108 (Flowmeter) diluar jangkauan ukur
[47](11:14:37)192.168.1.29: Timeout
[48](11:14:37)192.168.1.32: Timeout
[49](11:14:37)[0]-- TIME:20081027-111437

[50](11:14:38)[1]-- TIME:20081027-111438

[51](11:14:39)[2]-- TIME:20081027-111439

[52](11:14:40)[3]-- TIME:20081027-111440

[53](11:14:41)ALARM: Data Titik 153 (kWh) diluar jangkauan ukur
[54](11:14:41)ALARM: Data Titik 140 (KwH) diluar jangkauan ukur
[55](11:14:41)ALARM: Data Titik 127 (kWh) diluar jangkauan ukur
[56](11:14:41)ALARM: Data Titik 113 (kWh) diluar jangkauan ukur
[57](11:14:41)ALARM: Data Titik 101 (kwh) diluar jangkauan ukur
[58](11:14:41)192.168.1.25: Timeout
[59](11:14:41)ALARM: Data Titik 108 (Flowmeter) diluar jangkauan ukur
[60](11:14:41)192.168.1.29: Timeout
[61](11:14:41)192.168.1.32: Timeout
[62](11:14:41)[0]-- TIME:20081027-111441

[63](11:14:42)[1]-- TIME:20081027-111442

[64](11:14:44)[2]-- TIME:20081027-111444

[65](11:14:45)[3]-- TIME:20081027-111445

[66](11:14:45)ALARM: Data Titik 153 (kWh) diluar jangkauan ukur
[67](11:14:45)ALARM: Data Titik 140 (KwH) diluar jangkauan ukur
[68](11:14:45)ALARM: Data Titik 127 (kWh) diluar jangkauan ukur
[69](11:14:45)ALARM: Data Titik 113 (kWh) diluar jangkauan ukur
[70](11:14:45)ALARM: Data Titik 101 (kwh) diluar jangkauan ukur
[71](11:14:45)192.168.1.25: Timeout
[72](11:14:45)ALARM: Data Titik 108 (Flowmeter) diluar jangkauan ukur
[73](11:14:45)192.168.1.29: Timeout
[74](11:14:45)192.168.1.32: Timeout
[75](11:14:46)[0]-- TIME:20081027-111446

[76](11:14:47)[1]-- TIME:20081027-111447

[77](11:14:52)[2]-- TIME:20081027-111452

[78](11:14:53)[3]-- TIME:20081027-111453

[79](11:14:54)ALARM: Data Titik 153 (kWh) diluar jangkauan ukur
[80](11:14:54)ALARM: Data Titik 140 (KwH) diluar jangkauan ukur
[81](11:14:54)ALARM: Data Titik 127 (kWh) diluar jangkauan ukur
[82](11:14:54)ALARM: Data Titik 113 (kWh) diluar jangkauan ukur
[83](11:14:54)ALARM: Data Titik 101 (kwh) diluar jangkauan ukur
[84](11:14:54)[0]-- TIME:20081027-111454

[85](11:14:55)[1]-- TIME:20081027-111455

[86](11:14:56)[2]-- TIME:20081027-111456

[87](11:14:57)[3]-- TIME:20081027-111457

[88](11:15:00)ALARM: Data Titik 153 (kWh) diluar jangkauan ukur
[89](11:15:00)ALARM: Data Titik 140 (KwH) diluar jangkauan ukur
[90](11:15:00)ALARM: Data Titik 127 (kWh) diluar jangkauan ukur
[91](11:15:00)ALARM: Data Titik 113 (kWh) diluar jangkauan ukur
[92](11:15:00)ALARM: Data Titik 101 (kwh) diluar jangkauan ukur
[93](11:15:00)ALARM: Data Titik 108 (Flowmeter) diluar jangkauan ukur
[94](11:15:00)192.168.1.29: Timeout
[95](11:15:00)192.168.1.32: Timeout
[96](11:15:00)[0]-- TIME:20081027-111500

[97](11:15:03)[1]-- TIME:20081027-111503

[98](11:15:05)[2]-- TIME:20081027-111505

[99](11:18:57)[3]-- TIME:20081027-111857

[100](11:20:22)ALARM: Data Titik 153 (kWh) diluar jangkauan ukur
[101](11:20:22)ALARM: Data Titik 140 (KwH) diluar jangkauan ukur
[102](11:20:22)ALARM: Data Titik 127 (kWh) diluar jangkauan ukur
[103](11:20:22)ALARM: Data Titik 113 (kWh) diluar jangkauan ukur
[104](11:20:22)ALARM: Data Titik 101 (kwh) diluar jangkauan ukur
[105](11:20:22)ALARM: Data Titik 108 (Flowmeter) diluar jangkauan ukur
[106](11:20:22)[0]-- TIME:20081027-112022

[107](11:20:23)[1]-- TIME:20081027-112023

[108](11:20:24)[2]-- TIME:20081027-112024

[109](11:20:25)[3]-- TIME:20081027-112025

[110](11:20:27)ALARM: Data Titik 153 (kWh) diluar jangkauan ukur
[111](11:20:27)ALARM: Data Titik 140 (KwH) diluar jangkauan ukur
[112](11:20:27)ALARM: Data Titik 127 (kWh) diluar jangkauan ukur
[113](11:20:27)ALARM: Data Titik 113 (kWh) diluar jangkauan ukur
[114](11:20:27)ALARM: Data Titik 101 (kwh) diluar jangkauan ukur
[115](11:20:27)192.168.1.25: Timeout
[116](11:20:27)ALARM: Data Titik 108 (Flowmeter) diluar jangkauan ukur
[117](11:20:27)192.168.1.29: Timeout
[118](11:20:27)192.168.1.32: Timeout
[119](11:20:27)[0]-- TIME:20081027-112027

[120](11:20:28)[1]-- TIME:20081027-112028

[121](11:20:29)[2]-- TIME:20081027-112029

[122](11:20:30)[3]-- TIME:20081027-112030

[123](11:20:31)ALARM: Data Titik 153 (kWh) diluar jangkauan ukur
[124](11:20:31)ALARM: Data Titik 140 (KwH) diluar jangkauan ukur
[125](11:20:31)ALARM: Data Titik 127 (kWh) diluar jangkauan ukur
[126](11:20:31)ALARM: Data Titik 113 (kWh) diluar jangkauan ukur
[127](11:20:31)ALARM: Data Titik 101 (kwh) diluar jangkauan ukur
[128](11:20:31)192.168.1.25: Timeout
[129](11:20:31)ALARM: Data Titik 108 (Flowmeter) diluar jangkauan ukur
[130](11:20:31)192.168.1.29: Timeout
[131](11:20:31)192.168.1.32: Timeout
[132](11:20:31)[0]-- TIME:20081027-112031

[133](11:20:32)[1]-- TIME:20081027-112032

[134](11:20:33)[2]-- TIME:20081027-112033

[135](11:20:34)[3]-- TIME:20081027-112034

[136](11:20:34)ALARM: Data Titik 153 (kWh) diluar jangkauan ukur
[137](11:20:34)ALARM: Data Titik 140 (KwH) diluar jangkauan ukur
[138](11:20:35)ALARM: Data Titik 127 (kWh) diluar jangkauan ukur
[139](11:20:35)ALARM: Data Titik 113 (kWh) diluar jangkauan ukur
[140](11:20:35)ALARM: Data Titik 101 (kwh) diluar jangkauan ukur
[141](11:20:35)192.168.1.25: Timeout
[142](11:20:35)ALARM: Data Titik 108 (Flowmeter) diluar jangkauan ukur
[143](11:20:35)192.168.1.29: Timeout
[144](11:20:35)192.168.1.32: Timeout
[145](11:20:35)[0]-- TIME:20081027-112035

[146](11:20:36)[1]-- TIME:20081027-112036

[147](11:20:37)[2]-- TIME:20081027-112037

[148](11:20:38)[3]-- TIME:20081027-112038

[149](11:20:39)ALARM: Data Titik 153 (kWh) diluar jangkauan ukur
[150](11:20:39)ALARM: Data Titik 140 (KwH) diluar jangkauan ukur
[151](11:20:39)ALARM: Data Titik 127 (kWh) diluar jangkauan ukur
[152](11:20:39)ALARM: Data Titik 113 (kWh) diluar jangkauan ukur
[153](11:20:39)ALARM: Data Titik 101 (kwh) diluar jangkauan ukur
[154](11:20:39)192.168.1.25: Timeout
[155](11:20:39)ALARM: Data Titik 108 (Flowmeter) diluar jangkauan ukur
[156](11:20:39)192.168.1.29: Timeout
[157](11:20:39)192.168.1.32: Timeout
[158](11:20:39)[0]-- TIME:20081027-112039

[159](11:20:40)[1]-- TIME:20081027-112040

[160](11:20:41)[2]-- TIME:20081027-112041

[161](11:20:42)[3]-- TIME:20081027-112042

[162](11:20:43)ALARM: Data Titik 153 (kWh) diluar jangkauan ukur
[163](11:20:43)ALARM: Data Titik 140 (KwH) diluar jangkauan ukur
[164](11:20:43)ALARM: Data Titik 127 (kWh) diluar jangkauan ukur
[165](11:20:43)ALARM: Data Titik 113 (kWh) diluar jangkauan ukur
[166](11:20:43)ALARM: Data Titik 101 (kwh) diluar jangkauan ukur
[167](11:20:43)192.168.1.25: Timeout
[168](11:20:43)ALARM: Data Titik 108 (Flowmeter) diluar jangkauan ukur
[169](11:20:43)192.168.1.29: Timeout
[170](11:20:43)192.168.1.32: Timeout
[171](11:20:43)[0]-- TIME:20081027-112043

[172](11:20:44)[1]-- TIME:20081027-112044

[173](11:20:45)[2]-- TIME:20081027-112045

[174](11:20:46)[3]-- TIME:20081027-112046

[175](11:20:47)ALARM: Data Titik 153 (kWh) diluar jangkauan ukur
[176](11:20:47)ALARM: Data Titik 140 (KwH) diluar jangkauan ukur
[177](11:20:47)ALARM: Data Titik 127 (kWh) diluar jangkauan ukur
[178](11:20:47)ALARM: Data Titik 113 (kWh) diluar jangkauan ukur
[179](11:20:47)ALARM: Data Titik 101 (kwh) diluar jangkauan ukur
[180](11:20:47)ALARM: Data Titik 108 (Flowmeter) diluar jangkauan ukur
[181](11:20:47)192.168.1.29: Timeout
[182](11:20:47)192.168.1.32: Timeout
[183](11:20:47)[0]-- TIME:20081027-112047

[184](11:20:48)[1]-- TIME:20081027-112048

[185](11:26:11)[2]-- TIME:20081027-112611

[186](11:26:13)[3]-- TIME:20081027-112613

[187](11:26:14)ALARM: Data Titik 153 (kWh) diluar jangkauan ukur
[188](11:26:14)ALARM: Data Titik 140 (KwH) diluar jangkauan ukur
[189](11:26:14)ALARM: Data Titik 127 (kWh) diluar jangkauan ukur
[190](11:26:14)ALARM: Data Titik 113 (kWh) diluar jangkauan ukur
[191](11:26:14)ALARM: Data Titik 101 (kwh) diluar jangkauan ukur
[192](11:26:14)[0]-- TIME:20081027-112614
