
[0](12:07:33)======== MONITA APP STARTING ===========
[1](12:07:33)Load file konfigurasi
[2](12:07:33)Baca konfig
[3](12:07:33)Baca konfig: OK
[4](12:07:34)Mulai logging data
[5](12:07:35)[0]-- TIME:20081026-120735

[6](12:07:36)[1]-- TIME:20081026-120736

[7](12:07:37)[2]-- TIME:20081026-120737

[8](12:07:38)[3]-- TIME:20081026-120738

[9](12:07:38)192.168.1.31: Timeout
[10](12:07:38)192.168.1.32: Timeout
[11](12:07:39)[0]-- TIME:20081026-120739

[12](12:07:40)[1]-- TIME:20081026-120740

[13](12:07:41)[2]-- TIME:20081026-120741

[14](12:07:42)[3]-- TIME:20081026-120742

[15](12:07:42)192.168.1.31: Timeout
[16](12:07:42)192.168.1.32: Timeout
[17](12:07:43)[0]-- TIME:20081026-120743

[18](12:07:44)[1]-- TIME:20081026-120744

[19](12:07:45)[2]-- TIME:20081026-120745

[20](12:07:46)[3]-- TIME:20081026-120746

[21](12:07:46)192.168.1.31: Timeout
[22](12:07:46)192.168.1.32: Timeout
[23](12:07:47)[0]-- TIME:20081026-120747

[24](12:07:47)Stop logging data
[25](12:07:48)[2]-- TIME:20081026-120748
