
[0](21:40:43)======== MONITA APP STARTING ===========
[1](21:40:43)Load file konfigurasi
[2](21:40:43)Baca konfig
[3](21:40:43)Baca konfig: OK
[4](21:40:45)Mulai logging data
[5](21:40:46)[0]-- TIME:20090303-214046

[6](21:40:47)[1]-- TIME:20090303-214047

[7](21:40:48)[2]-- TIME:20090303-214048

[8](21:40:49)[3]-- TIME:20090303-214049

[9](21:40:49)10.23.128.24: Timeout
[10](21:40:50)[0]-- TIME:20090303-214050

[11](21:40:51)[1]-- TIME:20090303-214051

[12](21:40:52)[2]-- TIME:20090303-214052

[13](21:40:53)[3]-- TIME:20090303-214053

[14](21:40:53)10.23.128.24: Timeout
[15](21:40:54)[0]-- TIME:20090303-214054

[16](21:40:55)[1]-- TIME:20090303-214055

[17](21:40:56)[2]-- TIME:20090303-214056

[18](21:40:57)[3]-- TIME:20090303-214057

[19](21:40:57)10.23.128.24: Timeout
[20](21:40:58)Stop logging data
[21](21:40:58)[2]-- TIME:20090303-214058

[22](21:41:03)Mulai logging data
[23](21:41:05)[0]-- TIME:20090303-214105

[24](21:41:06)[1]-- TIME:20090303-214106

[25](21:41:07)[2]-- TIME:20090303-214107

[26](21:41:07)Stop logging data
[27](21:41:08)[2]-- TIME:20090303-214108

[28](21:41:08)Mulai logging data
[29](21:41:09)[0]-- TIME:20090303-214109

[30](21:41:10)[1]-- TIME:20090303-214110

[31](21:41:11)[2]-- TIME:20090303-214111

[32](21:41:12)[3]-- TIME:20090303-214112

[33](21:41:13)[0]-- TIME:20090303-214113

[34](21:41:14)[1]-- TIME:20090303-214114

[35](21:41:15)======== MONITA APP CLOSING =========
[36](21:41:15)============ BYE BYE ===============