
[0](18:16:55)======== MONITA APP STARTING ===========
[1](18:16:55)Load file konfigurasi
[2](18:16:55)Baca konfig
[3](18:16:55)Baca konfig: OK
[4](20:06:28)Mulai logging data
[5](20:06:29)[0]-- TIME:20090217-200629

[6](20:06:30)[1]-- TIME:20090217-200630

[7](20:06:31)[2]-- TIME:20090217-200631

[8](20:06:32)[3]-- TIME:20090217-200632

[9](20:06:32)192.168.1.130: Timeout
[10](20:06:33)[0]-- TIME:20090217-200633

[11](20:06:34)[1]-- TIME:20090217-200634

[12](20:06:35)[2]-- TIME:20090217-200635

[13](20:06:36)[3]-- TIME:20090217-200636

[14](20:06:36)192.168.1.130: Timeout
[15](20:06:37)[0]-- TIME:20090217-200637

[16](20:06:38)[1]-- TIME:20090217-200638

[17](20:06:39)[2]-- TIME:20090217-200639

[18](20:06:40)[3]-- TIME:20090217-200640

[19](20:06:40)192.168.1.130: Timeout
[20](20:06:41)[0]-- TIME:20090217-200641

[21](20:06:42)[1]-- TIME:20090217-200642

[22](20:06:43)[2]-- TIME:20090217-200643

[23](20:06:44)[3]-- TIME:20090217-200644

[24](20:06:44)192.168.1.130: Timeout
[25](20:06:45)[0]-- TIME:20090217-200645

[26](20:06:46)[1]-- TIME:20090217-200646

[27](20:06:47)[2]-- TIME:20090217-200647

[28](20:06:48)[3]-- TIME:20090217-200648

[29](20:06:48)192.168.1.130: Timeout
[30](20:06:49)[0]-- TIME:20090217-200649

[31](20:06:50)[1]-- TIME:20090217-200650

[32](20:06:51)[2]-- TIME:20090217-200651

[33](20:06:52)[3]-- TIME:20090217-200652

[34](20:06:52)192.168.1.130: Timeout
[35](20:06:53)[0]-- TIME:20090217-200653

[36](20:06:54)[1]-- TIME:20090217-200654

[37](20:06:55)[2]-- TIME:20090217-200655

[38](20:06:56)[3]-- TIME:20090217-200656

[39](20:06:56)192.168.1.130: Timeout
[40](20:06:57)[0]-- TIME:20090217-200657

[41](20:06:58)[1]-- TIME:20090217-200658

[42](20:06:59)[2]-- TIME:20090217-200659

[43](20:07:00)[3]-- TIME:20090217-200700

[44](20:07:00)192.168.1.130: Timeout
[45](20:07:01)[0]-- TIME:20090217-200701

[46](20:07:02)[1]-- TIME:20090217-200702

[47](20:07:03)[2]-- TIME:20090217-200703

[48](20:07:04)[3]-- TIME:20090217-200704

[49](20:07:04)192.168.1.130: Timeout
[50](20:07:05)[0]-- TIME:20090217-200705

[51](20:07:06)[1]-- TIME:20090217-200706

[52](20:07:07)[2]-- TIME:20090217-200707

[53](20:07:08)[3]-- TIME:20090217-200708

[54](20:07:08)192.168.1.130: Timeout
[55](20:07:09)[0]-- TIME:20090217-200709

[56](20:07:10)[1]-- TIME:20090217-200710

[57](20:07:11)[2]-- TIME:20090217-200711

[58](20:07:12)[3]-- TIME:20090217-200712

[59](20:07:12)192.168.1.130: Timeout
[60](20:07:13)[0]-- TIME:20090217-200713

[61](20:07:14)[1]-- TIME:20090217-200714

[62](20:07:15)[2]-- TIME:20090217-200715

[63](20:07:16)[3]-- TIME:20090217-200716

[64](20:07:16)192.168.1.130: Timeout
[65](20:07:17)[0]-- TIME:20090217-200717

[66](20:07:18)[1]-- TIME:20090217-200718

[67](20:07:19)[2]-- TIME:20090217-200719

[68](20:07:20)[3]-- TIME:20090217-200720

[69](20:07:20)192.168.1.130: Timeout
[70](20:07:21)[0]-- TIME:20090217-200721

[71](20:07:22)[1]-- TIME:20090217-200722

[72](20:07:23)[2]-- TIME:20090217-200723

[73](20:07:24)[3]-- TIME:20090217-200724

[74](20:07:24)192.168.1.130: Timeout
[75](20:07:25)[0]-- TIME:20090217-200725

[76](20:07:26)[1]-- TIME:20090217-200726

[77](20:07:27)[2]-- TIME:20090217-200727

[78](20:07:28)[3]-- TIME:20090217-200728

[79](20:07:28)192.168.1.130: Timeout
[80](20:07:29)[0]-- TIME:20090217-200729

[81](20:07:30)[1]-- TIME:20090217-200730

[82](20:07:31)[2]-- TIME:20090217-200731

[83](20:07:32)[3]-- TIME:20090217-200732

[84](20:07:32)192.168.1.130: Timeout
[85](20:07:33)[0]-- TIME:20090217-200733

[86](20:07:34)[1]-- TIME:20090217-200734

[87](20:07:35)[2]-- TIME:20090217-200735

[88](20:07:36)[3]-- TIME:20090217-200736

[89](20:07:36)192.168.1.130: Timeout
[90](20:07:37)[0]-- TIME:20090217-200737

[91](20:07:38)[1]-- TIME:20090217-200738

[92](20:07:39)[2]-- TIME:20090217-200739

[93](20:07:40)[3]-- TIME:20090217-200740

[94](20:07:40)192.168.1.130: Timeout
[95](20:07:41)[0]-- TIME:20090217-200741

[96](20:07:42)[1]-- TIME:20090217-200742

[97](20:07:43)[2]-- TIME:20090217-200743

[98](20:07:44)[3]-- TIME:20090217-200744

[99](20:07:44)192.168.1.130: Timeout
[100](20:07:45)[0]-- TIME:20090217-200745

[101](20:07:46)[1]-- TIME:20090217-200746

[102](20:07:47)[2]-- TIME:20090217-200747

[103](20:07:48)[3]-- TIME:20090217-200748

[104](20:07:48)192.168.1.130: Timeout
[105](20:07:48)192.168.1.136: Timeout
[106](20:07:49)[0]-- TIME:20090217-200749

[107](20:07:50)[1]-- TIME:20090217-200750

[108](20:07:51)[2]-- TIME:20090217-200751

[109](20:07:52)[3]-- TIME:20090217-200752

[110](20:07:52)192.168.1.130: Timeout
[111](20:07:53)[0]-- TIME:20090217-200753

[112](20:07:54)[1]-- TIME:20090217-200754

[113](20:07:55)[2]-- TIME:20090217-200755

[114](20:07:56)[3]-- TIME:20090217-200756

[115](20:07:56)192.168.1.130: Timeout
[116](20:07:57)[0]-- TIME:20090217-200757

[117](20:07:58)[1]-- TIME:20090217-200758

[118](20:07:59)[2]-- TIME:20090217-200759

[119](20:08:00)[3]-- TIME:20090217-200800

[120](20:08:00)192.168.1.130: Timeout
[121](20:08:00)192.168.1.136: Timeout
[122](20:08:01)[0]-- TIME:20090217-200801

[123](20:08:02)[1]-- TIME:20090217-200802

[124](20:08:03)[2]-- TIME:20090217-200803

[125](20:08:04)[3]-- TIME:20090217-200804

[126](20:08:04)192.168.1.130: Timeout
[127](20:08:05)[0]-- TIME:20090217-200805

[128](20:08:06)[1]-- TIME:20090217-200806

[129](20:08:07)[2]-- TIME:20090217-200807

[130](20:08:08)[3]-- TIME:20090217-200808

[131](20:08:08)192.168.1.130: Timeout
[132](20:08:09)[0]-- TIME:20090217-200809

[133](20:08:10)[1]-- TIME:20090217-200810

[134](20:08:11)[2]-- TIME:20090217-200811

[135](20:08:12)[3]-- TIME:20090217-200812

[136](20:08:12)192.168.1.130: Timeout
[137](20:08:13)[0]-- TIME:20090217-200813

[138](20:08:14)[1]-- TIME:20090217-200814

[139](20:08:15)[2]-- TIME:20090217-200815

[140](20:08:16)[3]-- TIME:20090217-200816

[141](20:08:16)192.168.1.130: Timeout
[142](20:08:17)[0]-- TIME:20090217-200817

[143](20:08:18)[1]-- TIME:20090217-200818

[144](20:08:19)[2]-- TIME:20090217-200819

[145](20:08:20)[3]-- TIME:20090217-200820

[146](20:08:20)192.168.1.130: Timeout
[147](20:08:21)[0]-- TIME:20090217-200821

[148](20:08:22)[1]-- TIME:20090217-200822

[149](20:08:23)[2]-- TIME:20090217-200823

[150](20:08:24)[3]-- TIME:20090217-200824

[151](20:08:24)192.168.1.130: Timeout
[152](20:08:25)[0]-- TIME:20090217-200825

[153](20:08:26)[1]-- TIME:20090217-200826

[154](20:08:27)[2]-- TIME:20090217-200827

[155](20:08:28)[3]-- TIME:20090217-200828

[156](20:08:28)192.168.1.130: Timeout
[157](20:08:29)[0]-- TIME:20090217-200829

[158](20:08:30)[1]-- TIME:20090217-200830

[159](20:08:31)[2]-- TIME:20090217-200831

[160](20:08:32)[3]-- TIME:20090217-200832

[161](20:08:32)192.168.1.130: Timeout
[162](20:08:33)[0]-- TIME:20090217-200833

[163](20:08:34)[1]-- TIME:20090217-200834

[164](20:08:35)[2]-- TIME:20090217-200835

[165](20:08:36)[3]-- TIME:20090217-200836

[166](20:08:36)192.168.1.130: Timeout
[167](20:08:37)[0]-- TIME:20090217-200837

[168](20:08:38)[1]-- TIME:20090217-200838

[169](20:08:39)[2]-- TIME:20090217-200839

[170](20:08:40)[3]-- TIME:20090217-200840

[171](20:08:40)192.168.1.130: Timeout
[172](20:08:41)[0]-- TIME:20090217-200841

[173](20:08:42)[1]-- TIME:20090217-200842

[174](20:08:43)[2]-- TIME:20090217-200843

[175](20:08:44)[3]-- TIME:20090217-200844

[176](20:08:44)192.168.1.130: Timeout
[177](20:08:45)[0]-- TIME:20090217-200845

[178](20:08:46)[1]-- TIME:20090217-200846

[179](20:08:47)[2]-- TIME:20090217-200847

[180](20:08:48)[3]-- TIME:20090217-200848

[181](20:08:48)192.168.1.130: Timeout
[182](20:08:49)[0]-- TIME:20090217-200849

[183](20:08:50)[1]-- TIME:20090217-200850

[184](20:08:51)[2]-- TIME:20090217-200851

[185](20:08:52)[3]-- TIME:20090217-200852

[186](20:08:52)192.168.1.130: Timeout
[187](20:08:53)[0]-- TIME:20090217-200853

[188](20:08:54)[1]-- TIME:20090217-200854

[189](20:08:55)[2]-- TIME:20090217-200855

[190](20:08:56)[3]-- TIME:20090217-200856

[191](20:08:56)192.168.1.130: Timeout
[192](20:08:57)[0]-- TIME:20090217-200857

[193](20:08:58)[1]-- TIME:20090217-200858

[194](20:08:59)[2]-- TIME:20090217-200859

[195](20:09:00)[3]-- TIME:20090217-200900

[196](20:09:00)192.168.1.130: Timeout
[197](20:09:01)[0]-- TIME:20090217-200901

[198](20:09:02)[1]-- TIME:20090217-200902

[199](20:09:03)[2]-- TIME:20090217-200903

[200](20:09:04)[3]-- TIME:20090217-200904

[201](20:09:04)192.168.1.130: Timeout
[202](20:09:05)[0]-- TIME:20090217-200905

[203](20:09:06)[1]-- TIME:20090217-200906

[204](20:09:07)[2]-- TIME:20090217-200907

[205](20:09:08)[3]-- TIME:20090217-200908

[206](20:09:08)192.168.1.130: Timeout
[207](20:09:09)[0]-- TIME:20090217-200909

[208](20:09:10)[1]-- TIME:20090217-200910

[209](20:09:11)[2]-- TIME:20090217-200911

[210](20:09:12)[3]-- TIME:20090217-200912

[211](20:09:12)192.168.1.130: Timeout
[212](20:09:13)[0]-- TIME:20090217-200913

[213](20:09:14)[1]-- TIME:20090217-200914

[214](20:09:15)[2]-- TIME:20090217-200915

[215](20:09:16)[3]-- TIME:20090217-200916

[216](20:09:16)192.168.1.130: Timeout
[217](20:09:17)[0]-- TIME:20090217-200917

[218](20:09:18)[1]-- TIME:20090217-200918

[219](20:09:19)[2]-- TIME:20090217-200919

[220](20:09:20)[3]-- TIME:20090217-200920

[221](20:09:20)192.168.1.130: Timeout
[222](20:09:21)[0]-- TIME:20090217-200921

[223](20:09:22)[1]-- TIME:20090217-200922

[224](20:09:23)[2]-- TIME:20090217-200923

[225](20:09:24)[3]-- TIME:20090217-200924

[226](20:09:24)192.168.1.130: Timeout
[227](20:09:25)[0]-- TIME:20090217-200925

[228](20:09:26)[1]-- TIME:20090217-200926

[229](20:09:27)[2]-- TIME:20090217-200927

[230](20:09:28)[3]-- TIME:20090217-200928

[231](20:09:28)192.168.1.130: Timeout
[232](20:09:28)192.168.1.136: Timeout
[233](20:09:29)[0]-- TIME:20090217-200929

[234](20:09:30)[1]-- TIME:20090217-200930

[235](20:09:31)[2]-- TIME:20090217-200931

[236](20:09:32)[3]-- TIME:20090217-200932

[237](20:09:32)192.168.1.130: Timeout
[238](20:09:33)[0]-- TIME:20090217-200933

[239](20:09:34)[1]-- TIME:20090217-200934

[240](20:09:35)[2]-- TIME:20090217-200935

[241](20:09:36)[3]-- TIME:20090217-200936

[242](20:09:36)192.168.1.130: Timeout
[243](20:09:37)[0]-- TIME:20090217-200937

[244](20:09:38)[1]-- TIME:20090217-200938

[245](20:09:39)[2]-- TIME:20090217-200939

[246](20:09:40)[3]-- TIME:20090217-200940

[247](20:09:40)192.168.1.130: Timeout
[248](20:09:41)[0]-- TIME:20090217-200941

[249](20:09:42)[1]-- TIME:20090217-200942

[250](20:09:43)[2]-- TIME:20090217-200943

[251](20:09:44)[3]-- TIME:20090217-200944

[252](20:09:44)192.168.1.130: Timeout
[253](20:09:45)[0]-- TIME:20090217-200945

[254](20:09:46)[1]-- TIME:20090217-200946

[255](20:09:47)[2]-- TIME:20090217-200947

[256](20:09:48)[3]-- TIME:20090217-200948

[257](20:09:48)192.168.1.130: Timeout
[258](20:09:49)[0]-- TIME:20090217-200949

[259](20:09:50)[1]-- TIME:20090217-200950

[260](20:09:51)[2]-- TIME:20090217-200951

[261](20:09:52)[3]-- TIME:20090217-200952

[262](20:09:52)192.168.1.130: Timeout
[263](20:09:53)[0]-- TIME:20090217-200953

[264](20:09:54)[1]-- TIME:20090217-200954

[265](20:09:55)[2]-- TIME:20090217-200955

[266](20:09:56)[3]-- TIME:20090217-200956

[267](20:09:56)192.168.1.130: Timeout
[268](20:09:57)[0]-- TIME:20090217-200957

[269](20:09:58)[1]-- TIME:20090217-200958

[270](20:09:59)[2]-- TIME:20090217-200959

[271](20:10:00)[3]-- TIME:20090217-201000

[272](20:10:00)192.168.1.130: Timeout
[273](20:10:01)[0]-- TIME:20090217-201001

[274](20:10:02)[1]-- TIME:20090217-201002

[275](20:10:03)[2]-- TIME:20090217-201003

[276](20:10:04)[3]-- TIME:20090217-201004

[277](20:10:04)192.168.1.130: Timeout
[278](20:10:05)[0]-- TIME:20090217-201005

[279](20:10:06)[1]-- TIME:20090217-201006

[280](20:10:07)[2]-- TIME:20090217-201007

[281](20:10:08)[3]-- TIME:20090217-201008

[282](20:10:08)192.168.1.130: Timeout
[283](20:10:09)[0]-- TIME:20090217-201009

[284](20:10:10)[1]-- TIME:20090217-201010

[285](20:10:11)[2]-- TIME:20090217-201011

[286](20:10:12)[3]-- TIME:20090217-201012

[287](20:10:12)192.168.1.130: Timeout
[288](20:10:13)[0]-- TIME:20090217-201013

[289](20:10:14)[1]-- TIME:20090217-201014

[290](20:10:15)[2]-- TIME:20090217-201015

[291](20:10:16)[3]-- TIME:20090217-201016

[292](20:10:16)192.168.1.130: Timeout
[293](20:10:17)[0]-- TIME:20090217-201017

[294](20:10:18)[1]-- TIME:20090217-201018

[295](20:10:19)[2]-- TIME:20090217-201019

[296](20:10:20)[3]-- TIME:20090217-201020

[297](20:10:20)192.168.1.130: Timeout
[298](20:10:21)[0]-- TIME:20090217-201021

[299](20:10:22)[1]-- TIME:20090217-201022

[300](20:10:23)[2]-- TIME:20090217-201023

[301](20:10:24)[3]-- TIME:20090217-201024

[302](20:10:24)192.168.1.130: Timeout
[303](20:10:25)[0]-- TIME:20090217-201025

[304](20:10:26)[1]-- TIME:20090217-201026

[305](20:10:27)[2]-- TIME:20090217-201027

[306](20:10:28)[3]-- TIME:20090217-201028

[307](20:10:28)192.168.1.130: Timeout
[308](20:10:29)[0]-- TIME:20090217-201029

[309](20:10:30)[1]-- TIME:20090217-201030

[310](20:10:31)[2]-- TIME:20090217-201031

[311](20:10:32)[3]-- TIME:20090217-201032

[312](20:10:32)192.168.1.130: Timeout
[313](20:10:33)[0]-- TIME:20090217-201033

[314](20:10:34)[1]-- TIME:20090217-201034

[315](20:10:35)[2]-- TIME:20090217-201035

[316](20:10:36)[3]-- TIME:20090217-201036

[317](20:10:36)192.168.1.130: Timeout
[318](20:10:37)[0]-- TIME:20090217-201037

[319](20:10:38)[1]-- TIME:20090217-201038

[320](20:10:39)[2]-- TIME:20090217-201039

[321](20:10:40)[3]-- TIME:20090217-201040

[322](20:10:40)192.168.1.130: Timeout
[323](20:10:41)[0]-- TIME:20090217-201041

[324](20:10:42)[1]-- TIME:20090217-201042

[325](20:10:43)[2]-- TIME:20090217-201043

[326](20:10:44)[3]-- TIME:20090217-201044

[327](20:10:44)192.168.1.130: Timeout
[328](20:10:45)[0]-- TIME:20090217-201045

[329](20:10:46)[1]-- TIME:20090217-201046

[330](20:10:47)[2]-- TIME:20090217-201047

[331](20:10:48)[3]-- TIME:20090217-201048

[332](20:10:48)192.168.1.130: Timeout
[333](20:10:49)[0]-- TIME:20090217-201049

[334](20:10:50)[1]-- TIME:20090217-201050

[335](20:10:51)[2]-- TIME:20090217-201051

[336](20:10:52)[3]-- TIME:20090217-201052

[337](20:10:52)192.168.1.130: Timeout
[338](20:10:53)[0]-- TIME:20090217-201053

[339](20:10:54)[1]-- TIME:20090217-201054

[340](20:10:55)[2]-- TIME:20090217-201055

[341](20:10:56)[3]-- TIME:20090217-201056

[342](20:10:56)192.168.1.130: Timeout
[343](20:10:57)[0]-- TIME:20090217-201057

[344](20:10:58)[1]-- TIME:20090217-201058

[345](20:10:59)[2]-- TIME:20090217-201059

[346](20:11:00)[3]-- TIME:20090217-201100

[347](20:11:00)192.168.1.130: Timeout
[348](20:11:01)[0]-- TIME:20090217-201101

[349](20:11:02)[1]-- TIME:20090217-201102

[350](20:11:03)[2]-- TIME:20090217-201103

[351](20:11:04)[3]-- TIME:20090217-201104

[352](20:11:04)192.168.1.130: Timeout
[353](20:11:05)[0]-- TIME:20090217-201105

[354](20:11:06)[1]-- TIME:20090217-201106

[355](20:11:07)[2]-- TIME:20090217-201107

[356](20:11:08)[3]-- TIME:20090217-201108

[357](20:11:08)192.168.1.130: Timeout
[358](20:11:09)[0]-- TIME:20090217-201109

[359](20:11:10)[1]-- TIME:20090217-201110

[360](20:11:11)[2]-- TIME:20090217-201111

[361](20:11:12)[3]-- TIME:20090217-201112

[362](20:11:12)192.168.1.130: Timeout
[363](20:11:13)[0]-- TIME:20090217-201113

[364](20:11:14)[1]-- TIME:20090217-201114

[365](20:11:15)[2]-- TIME:20090217-201115

[366](20:11:16)[3]-- TIME:20090217-201116

[367](20:11:16)192.168.1.130: Timeout
[368](20:11:17)[0]-- TIME:20090217-201117

[369](20:11:18)[1]-- TIME:20090217-201118

[370](20:11:19)[2]-- TIME:20090217-201119

[371](20:11:20)[3]-- TIME:20090217-201120

[372](20:11:20)192.168.1.130: Timeout
[373](20:11:21)[0]-- TIME:20090217-201121

[374](20:11:22)[1]-- TIME:20090217-201122

[375](20:11:23)[2]-- TIME:20090217-201123

[376](20:11:24)[3]-- TIME:20090217-201124

[377](20:11:24)192.168.1.130: Timeout
[378](20:11:25)[0]-- TIME:20090217-201125

[379](20:11:26)[1]-- TIME:20090217-201126

[380](20:11:27)[2]-- TIME:20090217-201127

[381](20:11:28)[3]-- TIME:20090217-201128

[382](20:11:28)192.168.1.130: Timeout
[383](20:11:29)[0]-- TIME:20090217-201129

[384](20:11:30)[1]-- TIME:20090217-201130

[385](20:11:31)[2]-- TIME:20090217-201131

[386](20:11:32)[3]-- TIME:20090217-201132

[387](20:11:32)192.168.1.130: Timeout
[388](20:11:33)[0]-- TIME:20090217-201133

[389](20:11:34)[1]-- TIME:20090217-201134

[390](20:11:35)[2]-- TIME:20090217-201135

[391](20:11:36)[3]-- TIME:20090217-201136

[392](20:11:36)192.168.1.130: Timeout
[393](20:11:37)[0]-- TIME:20090217-201137

[394](20:11:38)[1]-- TIME:20090217-201138

[395](20:11:39)[2]-- TIME:20090217-201139

[396](20:11:40)[3]-- TIME:20090217-201140

[397](20:11:40)192.168.1.130: Timeout
[398](20:11:41)[0]-- TIME:20090217-201141

[399](20:11:42)[1]-- TIME:20090217-201142

[400](20:11:43)[2]-- TIME:20090217-201143

[401](20:11:44)[3]-- TIME:20090217-201144

[402](20:11:44)192.168.1.130: Timeout
[403](20:11:45)[0]-- TIME:20090217-201145

[404](20:11:46)[1]-- TIME:20090217-201146

[405](20:11:47)[2]-- TIME:20090217-201147

[406](20:11:48)[3]-- TIME:20090217-201148

[407](20:11:48)192.168.1.130: Timeout
[408](20:11:49)[0]-- TIME:20090217-201149

[409](20:11:50)[1]-- TIME:20090217-201150

[410](20:11:51)[2]-- TIME:20090217-201151

[411](20:11:52)[3]-- TIME:20090217-201152

[412](20:11:52)192.168.1.130: Timeout
[413](20:11:53)[0]-- TIME:20090217-201153

[414](20:11:54)[1]-- TIME:20090217-201154

[415](20:11:55)[2]-- TIME:20090217-201155

[416](20:11:56)[3]-- TIME:20090217-201156

[417](20:11:56)192.168.1.130: Timeout
[418](20:11:57)[0]-- TIME:20090217-201157

[419](20:11:58)[1]-- TIME:20090217-201158

[420](20:11:59)[2]-- TIME:20090217-201159

[421](20:12:00)[3]-- TIME:20090217-201200

[422](20:12:00)192.168.1.130: Timeout
[423](20:12:01)[0]-- TIME:20090217-201201

[424](20:12:02)[1]-- TIME:20090217-201202

[425](20:12:03)[2]-- TIME:20090217-201203

[426](20:12:04)[3]-- TIME:20090217-201204

[427](20:12:04)192.168.1.130: Timeout
[428](20:12:05)[0]-- TIME:20090217-201205

[429](20:12:06)[1]-- TIME:20090217-201206

[430](20:12:07)[2]-- TIME:20090217-201207

[431](20:12:08)[3]-- TIME:20090217-201208

[432](20:12:08)192.168.1.130: Timeout
[433](20:12:09)[0]-- TIME:20090217-201209

[434](20:12:10)[1]-- TIME:20090217-201210

[435](20:12:11)[2]-- TIME:20090217-201211

[436](20:12:12)[3]-- TIME:20090217-201212

[437](20:12:12)192.168.1.130: Timeout
[438](20:12:13)[0]-- TIME:20090217-201213

[439](20:12:14)[1]-- TIME:20090217-201214

[440](20:12:15)[2]-- TIME:20090217-201215

[441](20:12:16)[3]-- TIME:20090217-201216

[442](20:12:16)192.168.1.130: Timeout
[443](20:12:17)[0]-- TIME:20090217-201217

[444](20:12:18)[1]-- TIME:20090217-201218

[445](20:12:19)[2]-- TIME:20090217-201219

[446](20:12:20)[3]-- TIME:20090217-201220

[447](20:12:20)192.168.1.130: Timeout
[448](20:12:21)[0]-- TIME:20090217-201221

[449](20:12:22)[1]-- TIME:20090217-201222

[450](20:12:23)[2]-- TIME:20090217-201223

[451](20:12:24)[3]-- TIME:20090217-201224

[452](20:12:24)192.168.1.130: Timeout
[453](20:12:25)[0]-- TIME:20090217-201225

[454](20:12:26)[1]-- TIME:20090217-201226

[455](20:12:27)[2]-- TIME:20090217-201227

[456](20:12:28)[3]-- TIME:20090217-201228

[457](20:12:28)192.168.1.130: Timeout
[458](20:12:29)[0]-- TIME:20090217-201229

[459](20:12:30)[1]-- TIME:20090217-201230

[460](20:12:31)[2]-- TIME:20090217-201231

[461](20:12:32)[3]-- TIME:20090217-201232

[462](20:12:32)192.168.1.130: Timeout
[463](20:12:33)[0]-- TIME:20090217-201233

[464](20:12:34)[1]-- TIME:20090217-201234

[465](20:12:35)[2]-- TIME:20090217-201235

[466](20:12:36)[3]-- TIME:20090217-201236

[467](20:12:36)192.168.1.130: Timeout
[468](20:12:37)[0]-- TIME:20090217-201237

[469](20:12:38)[1]-- TIME:20090217-201238

[470](20:12:39)[2]-- TIME:20090217-201239

[471](20:12:40)[3]-- TIME:20090217-201240

[472](20:12:40)192.168.1.130: Timeout
[473](20:12:41)[0]-- TIME:20090217-201241

[474](20:12:42)[1]-- TIME:20090217-201242

[475](20:12:43)[2]-- TIME:20090217-201243

[476](20:12:44)[3]-- TIME:20090217-201244

[477](20:12:44)192.168.1.130: Timeout
[478](20:12:45)[0]-- TIME:20090217-201245

[479](20:12:46)[1]-- TIME:20090217-201246

[480](20:12:47)[2]-- TIME:20090217-201247

[481](20:12:48)[3]-- TIME:20090217-201248

[482](20:12:48)192.168.1.130: Timeout
[483](20:12:49)[0]-- TIME:20090217-201249

[484](20:12:50)[1]-- TIME:20090217-201250

[485](20:12:51)[2]-- TIME:20090217-201251

[486](20:12:52)[3]-- TIME:20090217-201252

[487](20:12:52)192.168.1.130: Timeout
[488](20:12:53)[0]-- TIME:20090217-201253

[489](20:12:54)[1]-- TIME:20090217-201254

[490](20:12:55)[2]-- TIME:20090217-201255

[491](20:12:56)[3]-- TIME:20090217-201256

[492](20:12:56)192.168.1.130: Timeout
[493](20:12:57)[0]-- TIME:20090217-201257

[494](20:12:58)[1]-- TIME:20090217-201258

[495](20:12:59)[2]-- TIME:20090217-201259

[496](20:13:00)[3]-- TIME:20090217-201300

[497](20:13:00)192.168.1.130: Timeout
[498](20:13:01)[0]-- TIME:20090217-201301

[499](20:13:02)[1]-- TIME:20090217-201302

[500](20:13:03)[2]-- TIME:20090217-201303

[501](20:13:04)[3]-- TIME:20090217-201304

[502](20:13:04)192.168.1.130: Timeout
[503](20:13:05)[0]-- TIME:20090217-201305

[504](20:13:06)[1]-- TIME:20090217-201306

[505](20:13:07)[2]-- TIME:20090217-201307

[506](20:13:08)[3]-- TIME:20090217-201308

[507](20:13:08)192.168.1.130: Timeout
[508](20:13:09)[0]-- TIME:20090217-201309

[509](20:13:10)[1]-- TIME:20090217-201310

[510](20:13:11)[2]-- TIME:20090217-201311

[511](20:13:12)[3]-- TIME:20090217-201312

[512](20:13:12)192.168.1.130: Timeout
[513](20:13:13)[0]-- TIME:20090217-201313

[514](20:13:14)[1]-- TIME:20090217-201314

[515](20:13:15)[2]-- TIME:20090217-201315

[516](20:13:16)[3]-- TIME:20090217-201316

[517](20:13:16)192.168.1.130: Timeout
[518](20:13:17)[0]-- TIME:20090217-201317

[519](20:13:18)[1]-- TIME:20090217-201318

[520](20:13:19)[2]-- TIME:20090217-201319

[521](20:13:20)[3]-- TIME:20090217-201320

[522](20:13:20)192.168.1.130: Timeout
[523](20:13:21)[0]-- TIME:20090217-201321

[524](20:13:22)[1]-- TIME:20090217-201322

[525](20:13:23)[2]-- TIME:20090217-201323

[526](20:13:24)[3]-- TIME:20090217-201324

[527](20:13:24)192.168.1.130: Timeout
[528](20:13:25)[0]-- TIME:20090217-201325

[529](20:13:26)[1]-- TIME:20090217-201326

[530](20:13:27)[2]-- TIME:20090217-201327

[531](20:13:28)[3]-- TIME:20090217-201328

[532](20:13:28)192.168.1.130: Timeout
[533](20:13:29)[0]-- TIME:20090217-201329

[534](20:13:30)[1]-- TIME:20090217-201330

[535](20:13:31)[2]-- TIME:20090217-201331

[536](20:13:32)[3]-- TIME:20090217-201332

[537](20:13:32)192.168.1.130: Timeout
[538](20:13:33)[0]-- TIME:20090217-201333

[539](20:13:34)[1]-- TIME:20090217-201334

[540](20:13:36)[2]-- TIME:20090217-201336

[541](20:13:37)[3]-- TIME:20090217-201337

[542](20:13:37)192.168.1.130: Timeout
[543](20:13:38)[0]-- TIME:20090217-201338

[544](20:13:39)[1]-- TIME:20090217-201339

[545](20:13:40)[2]-- TIME:20090217-201340

[546](20:13:41)[3]-- TIME:20090217-201341

[547](20:13:41)192.168.1.130: Timeout
[548](20:13:42)[0]-- TIME:20090217-201342

[549](20:13:43)[1]-- TIME:20090217-201343

[550](20:13:44)[2]-- TIME:20090217-201344

[551](20:13:45)[3]-- TIME:20090217-201345

[552](20:13:45)192.168.1.130: Timeout
[553](20:13:46)[0]-- TIME:20090217-201346

[554](20:13:47)[1]-- TIME:20090217-201347

[555](20:13:48)[2]-- TIME:20090217-201348

[556](20:13:49)[3]-- TIME:20090217-201349

[557](20:13:49)192.168.1.130: Timeout
[558](20:13:50)[0]-- TIME:20090217-201350

[559](20:13:51)[1]-- TIME:20090217-201351

[560](20:13:52)[2]-- TIME:20090217-201352

[561](20:13:53)[3]-- TIME:20090217-201353

[562](20:13:53)192.168.1.130: Timeout
[563](20:13:54)[0]-- TIME:20090217-201354

[564](20:13:55)[1]-- TIME:20090217-201355

[565](20:13:56)[2]-- TIME:20090217-201356

[566](20:13:57)[3]-- TIME:20090217-201357

[567](20:13:57)192.168.1.130: Timeout
[568](20:13:58)[0]-- TIME:20090217-201358

[569](20:13:59)[1]-- TIME:20090217-201359

[570](20:14:00)[2]-- TIME:20090217-201400

[571](20:14:01)[3]-- TIME:20090217-201401

[572](20:14:01)192.168.1.130: Timeout
[573](20:14:02)[0]-- TIME:20090217-201402

[574](20:14:03)[1]-- TIME:20090217-201403

[575](20:14:04)[2]-- TIME:20090217-201404

[576](20:14:05)[3]-- TIME:20090217-201405

[577](20:14:05)192.168.1.130: Timeout
[578](20:14:06)[0]-- TIME:20090217-201406

[579](20:14:07)[1]-- TIME:20090217-201407

[580](20:14:08)[2]-- TIME:20090217-201408

[581](20:14:09)[3]-- TIME:20090217-201409

[582](20:14:09)192.168.1.130: Timeout
[583](20:14:10)[0]-- TIME:20090217-201410

[584](20:14:11)[1]-- TIME:20090217-201411

[585](20:14:12)[2]-- TIME:20090217-201412

[586](20:14:13)[3]-- TIME:20090217-201413

[587](20:14:13)192.168.1.130: Timeout
[588](20:14:14)[0]-- TIME:20090217-201414

[589](20:14:15)[1]-- TIME:20090217-201415

[590](20:14:16)[2]-- TIME:20090217-201416

[591](20:14:17)[3]-- TIME:20090217-201417

[592](20:14:17)192.168.1.130: Timeout
[593](20:14:18)[0]-- TIME:20090217-201418

[594](20:14:19)[1]-- TIME:20090217-201419

[595](20:14:20)[2]-- TIME:20090217-201420

[596](20:14:21)[3]-- TIME:20090217-201421

[597](20:14:21)192.168.1.130: Timeout
[598](20:14:22)[0]-- TIME:20090217-201422

[599](20:14:23)[1]-- TIME:20090217-201423

[600](20:14:24)[2]-- TIME:20090217-201424

[601](20:14:25)[3]-- TIME:20090217-201425

[602](20:14:25)192.168.1.130: Timeout
[603](20:14:26)[0]-- TIME:20090217-201426

[604](20:14:27)[1]-- TIME:20090217-201427

[605](20:14:28)[2]-- TIME:20090217-201428

[606](20:14:29)[3]-- TIME:20090217-201429

[607](20:14:29)192.168.1.130: Timeout
[608](20:14:30)[0]-- TIME:20090217-201430

[609](20:14:31)[1]-- TIME:20090217-201431

[610](20:14:32)[2]-- TIME:20090217-201432

[611](20:14:33)[3]-- TIME:20090217-201433

[612](20:14:33)192.168.1.130: Timeout
[613](20:14:34)[0]-- TIME:20090217-201434

[614](20:14:35)[1]-- TIME:20090217-201435

[615](20:14:36)[2]-- TIME:20090217-201436

[616](20:14:37)[3]-- TIME:20090217-201437

[617](20:14:37)192.168.1.130: Timeout
[618](20:14:38)[0]-- TIME:20090217-201438

[619](20:14:39)[1]-- TIME:20090217-201439

[620](20:14:40)[2]-- TIME:20090217-201440

[621](20:14:41)[3]-- TIME:20090217-201441

[622](20:14:41)192.168.1.130: Timeout
[623](20:14:42)[0]-- TIME:20090217-201442

[624](20:14:43)[1]-- TIME:20090217-201443

[625](20:14:44)[2]-- TIME:20090217-201444

[626](20:14:45)[3]-- TIME:20090217-201445

[627](20:14:45)192.168.1.130: Timeout
[628](20:14:46)[0]-- TIME:20090217-201446

[629](20:14:47)[1]-- TIME:20090217-201447

[630](20:14:48)[2]-- TIME:20090217-201448

[631](20:14:49)[3]-- TIME:20090217-201449

[632](20:14:49)192.168.1.130: Timeout
[633](20:14:50)[0]-- TIME:20090217-201450

[634](20:14:51)[1]-- TIME:20090217-201451

[635](20:14:52)[2]-- TIME:20090217-201452

[636](20:14:53)[3]-- TIME:20090217-201453

[637](20:14:53)192.168.1.130: Timeout
[638](20:14:54)[0]-- TIME:20090217-201454

[639](20:14:55)[1]-- TIME:20090217-201455

[640](20:14:56)[2]-- TIME:20090217-201456

[641](20:14:57)[3]-- TIME:20090217-201457

[642](20:14:57)192.168.1.130: Timeout
[643](20:14:58)[0]-- TIME:20090217-201458

[644](20:14:59)[1]-- TIME:20090217-201459

[645](20:15:00)[2]-- TIME:20090217-201500

[646](20:15:01)[3]-- TIME:20090217-201501

[647](20:15:01)192.168.1.130: Timeout
[648](20:15:02)[0]-- TIME:20090217-201502

[649](20:15:03)[1]-- TIME:20090217-201503

[650](20:15:04)[2]-- TIME:20090217-201504

[651](20:15:05)[3]-- TIME:20090217-201505

[652](20:15:05)192.168.1.130: Timeout
[653](20:15:06)[0]-- TIME:20090217-201506

[654](20:15:07)[1]-- TIME:20090217-201507

[655](20:15:08)[2]-- TIME:20090217-201508

[656](20:15:09)[3]-- TIME:20090217-201509

[657](20:15:09)192.168.1.130: Timeout
[658](20:15:10)[0]-- TIME:20090217-201510

[659](20:15:11)[1]-- TIME:20090217-201511

[660](20:15:12)[2]-- TIME:20090217-201512

[661](20:15:13)[3]-- TIME:20090217-201513

[662](20:15:13)192.168.1.130: Timeout
[663](20:15:14)[0]-- TIME:20090217-201514

[664](20:15:15)[1]-- TIME:20090217-201515

[665](20:15:16)[2]-- TIME:20090217-201516

[666](20:15:17)[3]-- TIME:20090217-201517

[667](20:15:17)192.168.1.130: Timeout
[668](20:15:18)[0]-- TIME:20090217-201518

[669](20:15:19)[1]-- TIME:20090217-201519

[670](20:15:20)[2]-- TIME:20090217-201520

[671](20:15:21)[3]-- TIME:20090217-201521

[672](20:15:21)192.168.1.130: Timeout
[673](20:15:22)[0]-- TIME:20090217-201522

[674](20:15:23)[1]-- TIME:20090217-201523

[675](20:15:24)[2]-- TIME:20090217-201524

[676](20:15:25)[3]-- TIME:20090217-201525

[677](20:15:25)192.168.1.130: Timeout
[678](20:15:26)[0]-- TIME:20090217-201526

[679](20:15:27)[1]-- TIME:20090217-201527

[680](20:15:28)[2]-- TIME:20090217-201528

[681](20:15:29)[3]-- TIME:20090217-201529

[682](20:15:29)192.168.1.130: Timeout
[683](20:15:30)[0]-- TIME:20090217-201530

[684](20:15:31)[1]-- TIME:20090217-201531

[685](20:15:32)[2]-- TIME:20090217-201532

[686](20:15:33)[3]-- TIME:20090217-201533

[687](20:15:33)192.168.1.130: Timeout
[688](20:15:34)[0]-- TIME:20090217-201534

[689](20:15:35)[1]-- TIME:20090217-201535

[690](20:15:36)[2]-- TIME:20090217-201536

[691](20:15:37)[3]-- TIME:20090217-201537

[692](20:15:37)192.168.1.130: Timeout
[693](20:15:38)[0]-- TIME:20090217-201538

[694](20:15:39)[1]-- TIME:20090217-201539

[695](20:15:40)[2]-- TIME:20090217-201540

[696](20:15:41)[3]-- TIME:20090217-201541

[697](20:15:41)192.168.1.130: Timeout
[698](20:15:42)[0]-- TIME:20090217-201542

[699](20:15:43)[1]-- TIME:20090217-201543

[700](20:15:44)[2]-- TIME:20090217-201544

[701](20:15:45)[3]-- TIME:20090217-201545

[702](20:15:45)192.168.1.130: Timeout
[703](20:15:46)[0]-- TIME:20090217-201546

[704](20:15:47)[1]-- TIME:20090217-201547

[705](20:15:48)[2]-- TIME:20090217-201548

[706](20:15:49)[3]-- TIME:20090217-201549

[707](20:15:49)192.168.1.130: Timeout
[708](20:15:50)[0]-- TIME:20090217-201550

[709](20:15:51)[1]-- TIME:20090217-201551

[710](20:15:52)[2]-- TIME:20090217-201552

[711](20:15:53)[3]-- TIME:20090217-201553

[712](20:15:53)192.168.1.130: Timeout
[713](20:15:54)[0]-- TIME:20090217-201554

[714](20:15:55)[1]-- TIME:20090217-201555

[715](20:15:56)[2]-- TIME:20090217-201556

[716](20:15:57)[3]-- TIME:20090217-201557

[717](20:15:57)192.168.1.130: Timeout
[718](20:15:58)[0]-- TIME:20090217-201558

[719](20:15:59)[1]-- TIME:20090217-201559

[720](20:16:00)[2]-- TIME:20090217-201600

[721](20:16:01)[3]-- TIME:20090217-201601

[722](20:16:01)192.168.1.130: Timeout
[723](20:16:02)[0]-- TIME:20090217-201602

[724](20:16:03)[1]-- TIME:20090217-201603

[725](20:16:04)[2]-- TIME:20090217-201604

[726](20:16:05)[3]-- TIME:20090217-201605

[727](20:16:05)192.168.1.130: Timeout
[728](20:16:06)[0]-- TIME:20090217-201606

[729](20:16:07)[1]-- TIME:20090217-201607

[730](20:16:08)[2]-- TIME:20090217-201608

[731](20:16:09)[3]-- TIME:20090217-201609

[732](20:16:09)192.168.1.130: Timeout
[733](20:16:10)[0]-- TIME:20090217-201610

[734](20:16:11)[1]-- TIME:20090217-201611

[735](20:16:12)[2]-- TIME:20090217-201612

[736](20:16:13)[3]-- TIME:20090217-201613

[737](20:16:13)192.168.1.130: Timeout
[738](20:16:14)[0]-- TIME:20090217-201614

[739](20:16:15)[1]-- TIME:20090217-201615

[740](20:16:16)[2]-- TIME:20090217-201616

[741](20:16:17)[3]-- TIME:20090217-201617

[742](20:16:17)192.168.1.130: Timeout
[743](20:16:18)[0]-- TIME:20090217-201618

[744](20:16:19)[1]-- TIME:20090217-201619

[745](20:16:20)[2]-- TIME:20090217-201620

[746](20:16:21)[3]-- TIME:20090217-201621

[747](20:16:21)192.168.1.130: Timeout
[748](20:16:22)[0]-- TIME:20090217-201622

[749](20:16:23)[1]-- TIME:20090217-201623

[750](20:16:24)[2]-- TIME:20090217-201624

[751](20:16:25)[3]-- TIME:20090217-201625

[752](20:16:25)192.168.1.130: Timeout
[753](20:16:26)[0]-- TIME:20090217-201626

[754](20:16:27)[1]-- TIME:20090217-201627

[755](20:16:28)[2]-- TIME:20090217-201628

[756](20:16:29)[3]-- TIME:20090217-201629

[757](20:16:29)192.168.1.130: Timeout
[758](20:16:30)[0]-- TIME:20090217-201630

[759](20:16:31)[1]-- TIME:20090217-201631

[760](20:16:32)[2]-- TIME:20090217-201632

[761](20:16:33)[3]-- TIME:20090217-201633

[762](20:16:33)192.168.1.130: Timeout
[763](20:16:34)[0]-- TIME:20090217-201634

[764](20:16:35)[1]-- TIME:20090217-201635

[765](20:16:36)[2]-- TIME:20090217-201636

[766](20:16:37)[3]-- TIME:20090217-201637

[767](20:16:37)192.168.1.130: Timeout
[768](20:16:38)[0]-- TIME:20090217-201638

[769](20:16:39)[1]-- TIME:20090217-201639

[770](20:16:40)[2]-- TIME:20090217-201640

[771](20:16:41)[3]-- TIME:20090217-201641

[772](20:16:41)192.168.1.130: Timeout
[773](20:16:42)[0]-- TIME:20090217-201642

[774](20:16:43)[1]-- TIME:20090217-201643

[775](20:16:44)[2]-- TIME:20090217-201644

[776](20:16:45)[3]-- TIME:20090217-201645

[777](20:16:45)192.168.1.130: Timeout
[778](20:16:46)[0]-- TIME:20090217-201646

[779](20:16:47)[1]-- TIME:20090217-201647

[780](20:16:48)[2]-- TIME:20090217-201648

[781](20:16:49)[3]-- TIME:20090217-201649

[782](20:16:49)192.168.1.130: Timeout
[783](20:16:50)[0]-- TIME:20090217-201650

[784](20:16:51)[1]-- TIME:20090217-201651

[785](20:16:52)[2]-- TIME:20090217-201652

[786](20:16:53)[3]-- TIME:20090217-201653

[787](20:16:53)192.168.1.130: Timeout
[788](20:16:54)[0]-- TIME:20090217-201654

[789](20:16:55)[1]-- TIME:20090217-201655

[790](20:16:56)[2]-- TIME:20090217-201656

[791](20:16:57)[3]-- TIME:20090217-201657

[792](20:16:57)192.168.1.130: Timeout
[793](20:16:58)[0]-- TIME:20090217-201658

[794](20:16:59)[1]-- TIME:20090217-201659

[795](20:17:00)[2]-- TIME:20090217-201700

[796](20:17:01)[3]-- TIME:20090217-201701

[797](20:17:01)192.168.1.130: Timeout
[798](20:17:02)[0]-- TIME:20090217-201702

[799](20:17:03)[1]-- TIME:20090217-201703

[800](20:17:04)[2]-- TIME:20090217-201704

[801](20:17:05)[3]-- TIME:20090217-201705

[802](20:17:05)192.168.1.130: Timeout
[803](20:17:06)[0]-- TIME:20090217-201706

[804](20:17:07)[1]-- TIME:20090217-201707

[805](20:17:08)[2]-- TIME:20090217-201708

[806](20:17:09)[3]-- TIME:20090217-201709

[807](20:17:09)192.168.1.130: Timeout
[808](20:17:10)[0]-- TIME:20090217-201710

[809](20:17:11)[1]-- TIME:20090217-201711

[810](20:17:12)[2]-- TIME:20090217-201712

[811](20:17:13)[3]-- TIME:20090217-201713

[812](20:17:13)192.168.1.130: Timeout
[813](20:17:14)[0]-- TIME:20090217-201714

[814](20:17:15)[1]-- TIME:20090217-201715

[815](20:17:16)[2]-- TIME:20090217-201716

[816](20:17:17)[3]-- TIME:20090217-201717

[817](20:17:17)192.168.1.130: Timeout
[818](20:17:18)[0]-- TIME:20090217-201718

[819](20:17:19)[1]-- TIME:20090217-201719

[820](20:17:20)[2]-- TIME:20090217-201720

[821](20:17:21)[3]-- TIME:20090217-201721

[822](20:17:21)192.168.1.130: Timeout
[823](20:17:22)[0]-- TIME:20090217-201722

[824](20:17:23)[1]-- TIME:20090217-201723

[825](20:17:24)[2]-- TIME:20090217-201724

[826](20:17:25)[3]-- TIME:20090217-201725

[827](20:17:25)192.168.1.130: Timeout
[828](20:17:26)[0]-- TIME:20090217-201726

[829](20:17:27)[1]-- TIME:20090217-201727

[830](20:17:28)[2]-- TIME:20090217-201728

[831](20:17:29)[3]-- TIME:20090217-201729

[832](20:17:29)192.168.1.130: Timeout
[833](20:17:30)[0]-- TIME:20090217-201730

[834](20:17:31)[1]-- TIME:20090217-201731

[835](20:17:31)Stop logging data
[836](20:17:32)[2]-- TIME:20090217-201732
