
[0](08:46:34)======== MONITA APP STARTING ===========
[1](08:46:34)Load file konfigurasi
[2](08:46:34)Baca konfig
[3](08:46:34)Baca konfig: OK
[4](08:46:49)Simpan konfig
[5](08:46:49)Simpan konfig: OK
[6](08:47:11)Simpan konfig
[7](08:47:11)Simpan konfig: OK
[8](09:21:56)Simpan konfig
[9](09:21:56)Simpan konfig: OK
[10](09:26:46)Simpan konfig
[11](09:26:46)Simpan konfig: OK
[12](09:26:48)Mulai logging data
[13](09:26:50)[0]-- TIME:20090305-092650

[14](09:26:51)[1]-- TIME:20090305-092651

[15](09:26:52)[2]-- TIME:20090305-092652

[16](09:26:53)[3]-- TIME:20090305-092653

[17](09:26:53)10.23.128.24: Timeout
[18](09:26:54)[0]-- TIME:20090305-092654

[19](09:26:55)[1]-- TIME:20090305-092655

[20](09:26:56)[2]-- TIME:20090305-092656

[21](09:26:57)[3]-- TIME:20090305-092657

[22](09:26:57)10.23.128.24: Timeout
[23](09:26:58)[0]-- TIME:20090305-092658

[24](09:26:59)[1]-- TIME:20090305-092659

[25](09:27:00)[2]-- TIME:20090305-092700

[26](09:27:01)[3]-- TIME:20090305-092701

[27](09:27:01)10.23.128.24: Timeout
[28](09:27:02)[0]-- TIME:20090305-092702

[29](09:27:03)[1]-- TIME:20090305-092703

[30](09:27:04)[2]-- TIME:20090305-092704

[31](09:27:05)[3]-- TIME:20090305-092705

[32](09:27:05)10.23.128.24: Timeout
[33](09:27:06)[0]-- TIME:20090305-092706

[34](09:27:07)[1]-- TIME:20090305-092707

[35](09:27:08)[2]-- TIME:20090305-092708

[36](09:27:09)[3]-- TIME:20090305-092709

[37](09:27:09)10.23.128.24: Timeout
[38](09:27:10)[0]-- TIME:20090305-092710

[39](09:27:11)[1]-- TIME:20090305-092711

[40](09:27:12)[2]-- TIME:20090305-092712

[41](09:27:13)[3]-- TIME:20090305-092713

[42](09:27:13)10.23.128.24: Timeout
[43](09:27:14)[0]-- TIME:20090305-092714

[44](09:27:15)[1]-- TIME:20090305-092715

[45](09:27:15)Stop logging data
[46](09:27:16)[2]-- TIME:20090305-092716

[47](09:27:16)Mulai logging data
[48](09:27:18)[0]-- TIME:20090305-092718

[49](09:27:19)[1]-- TIME:20090305-092719

[50](09:27:20)[2]-- TIME:20090305-092720

[51](09:27:21)[3]-- TIME:20090305-092721

[52](09:27:21)10.23.128.24: Timeout
[53](09:27:22)[0]-- TIME:20090305-092722

[54](09:27:23)[1]-- TIME:20090305-092723

[55](09:27:24)[2]-- TIME:20090305-092724

[56](09:27:25)[3]-- TIME:20090305-092725

[57](09:27:25)10.23.128.24: Timeout
[58](09:27:26)[0]-- TIME:20090305-092726

[59](09:27:27)[1]-- TIME:20090305-092727

[60](09:27:28)[2]-- TIME:20090305-092728

[61](09:27:29)[3]-- TIME:20090305-092729

[62](09:27:29)10.23.128.24: Timeout
[63](09:27:30)[0]-- TIME:20090305-092730

[64](09:27:31)[1]-- TIME:20090305-092731

[65](09:27:32)[2]-- TIME:20090305-092732

[66](09:27:33)Stop logging data
[67](09:27:33)[2]-- TIME:20090305-092733

[68](09:28:18)Mulai logging data
[69](09:28:19)[0]-- TIME:20090305-092819

[70](09:28:20)[1]-- TIME:20090305-092820

[71](09:28:21)[2]-- TIME:20090305-092821

[72](09:28:22)[3]-- TIME:20090305-092822

[73](09:28:22)10.23.128.24: Timeout
[74](09:28:23)[0]-- TIME:20090305-092823

[75](09:28:24)[1]-- TIME:20090305-092824

[76](09:28:25)[2]-- TIME:20090305-092825

[77](09:28:26)[3]-- TIME:20090305-092826

[78](09:28:26)10.23.128.24: Timeout
[79](09:28:27)[0]-- TIME:20090305-092827

[80](09:28:27)Stop logging data
[81](09:28:28)Mulai logging data
[82](09:28:28)[0]-- TIME:20090305-092828

[83](09:28:29)[1]-- TIME:20090305-092829

[84](09:28:29)[2]-- TIME:20090305-092829

[85](09:28:30)[3]-- TIME:20090305-092830

[86](09:28:30)10.23.128.24: Timeout
[87](09:28:30)[0]-- TIME:20090305-092830

[88](09:28:31)[1]-- TIME:20090305-092831

[89](09:28:31)[2]-- TIME:20090305-092831

[90](09:28:32)[3]-- TIME:20090305-092832

[91](09:28:32)10.23.128.24: Timeout
[92](09:28:32)[0]-- TIME:20090305-092832

[93](09:28:33)[1]-- TIME:20090305-092833

[94](09:28:33)[2]-- TIME:20090305-092833

[95](09:28:34)Stop logging data
[96](09:28:34)[2]-- TIME:20090305-092834

[97](09:28:34)[2]-- TIME:20090305-092834

[98](09:28:35)Mulai logging data
[99](09:28:36)[0]-- TIME:20090305-092836

[100](09:28:37)[1]-- TIME:20090305-092837

[101](09:28:38)[2]-- TIME:20090305-092838

[102](09:28:39)[3]-- TIME:20090305-092839

[103](09:28:39)10.23.128.24: Timeout
[104](09:28:40)[0]-- TIME:20090305-092840

[105](09:28:40)======== MONITA APP CLOSING =========
[106](09:28:40)============ BYE BYE ===============