
[0](21:01:52)======== MONITA APP STARTING ===========
[1](21:01:52)Load file konfigurasi
[2](21:01:52)Baca konfig
[3](21:01:52)Baca konfig: OK
[4](21:01:53)Mulai logging data
[5](21:01:55)[0]-- TIME:20090305-210155

[6](21:01:56)[1]-- TIME:20090305-210156

[7](21:01:57)[2]-- TIME:20090305-210157

[8](21:01:58)[3]-- TIME:20090305-210158

[9](21:01:58)ALARM: Data Titik 1 (KWH) diluar jangkauan ukur
[10](21:01:58)ALARM: Data Titik 2 (KVARH) diluar jangkauan ukur
[11](21:01:59)[0]-- TIME:20090305-210159

[12](21:02:00)[1]-- TIME:20090305-210200

[13](21:02:01)[2]-- TIME:20090305-210201

[14](21:02:02)[3]-- TIME:20090305-210202

[15](21:02:02)ALARM: Data Titik 1 (KWH) diluar jangkauan ukur
[16](21:02:02)ALARM: Data Titik 2 (KVARH) diluar jangkauan ukur
[17](21:02:03)[0]-- TIME:20090305-210203

[18](21:02:04)[1]-- TIME:20090305-210204

[19](21:02:05)[2]-- TIME:20090305-210205

[20](21:02:06)[3]-- TIME:20090305-210206

[21](21:02:06)ALARM: Data Titik 1 (KWH) diluar jangkauan ukur
[22](21:02:06)ALARM: Data Titik 2 (KVARH) diluar jangkauan ukur
[23](21:02:07)[0]-- TIME:20090305-210207

[24](21:02:08)[1]-- TIME:20090305-210208

[25](21:02:09)[2]-- TIME:20090305-210209

[26](21:02:10)[3]-- TIME:20090305-210210

[27](21:02:10)ALARM: Data Titik 1 (KWH) diluar jangkauan ukur
[28](21:02:10)ALARM: Data Titik 2 (KVARH) diluar jangkauan ukur
[29](21:02:11)[0]-- TIME:20090305-210211

[30](21:02:12)[1]-- TIME:20090305-210212

[31](21:02:13)[2]-- TIME:20090305-210213

[32](21:02:14)[3]-- TIME:20090305-210214

[33](21:02:14)ALARM: Data Titik 1 (KWH) diluar jangkauan ukur
[34](21:02:14)ALARM: Data Titik 2 (KVARH) diluar jangkauan ukur
[35](21:02:15)[0]-- TIME:20090305-210215

[36](21:02:16)[1]-- TIME:20090305-210216

[37](21:02:17)[2]-- TIME:20090305-210217

[38](21:02:18)[3]-- TIME:20090305-210218

[39](21:02:18)ALARM: Data Titik 1 (KWH) diluar jangkauan ukur
[40](21:02:18)ALARM: Data Titik 2 (KVARH) diluar jangkauan ukur
[41](21:02:18)Stop logging data
[42](21:02:19)[2]-- TIME:20090305-210219

[43](21:02:54)Mulai logging data
[44](21:02:56)[0]-- TIME:20090305-210256

[45](21:02:57)[1]-- TIME:20090305-210257

[46](21:02:58)[2]-- TIME:20090305-210258

[47](21:02:59)[3]-- TIME:20090305-210259

[48](21:02:59)ALARM: Data Titik 1 (KWH) diluar jangkauan ukur
[49](21:02:59)ALARM: Data Titik 2 (KVARH) diluar jangkauan ukur
[50](21:03:00)[0]-- TIME:20090305-210300

[51](21:03:01)[1]-- TIME:20090305-210301

[52](21:03:01)Stop logging data
[53](21:03:02)[2]-- TIME:20090305-210302
