
[0](15:48:15)======== MONITA APP STARTING ===========
[1](15:48:15)Load file konfigurasi
[2](15:48:15)Baca konfig
[3](15:48:15)Baca konfig: File konfigurasi rusak. Set ke default
[4](15:48:51)Mulai logging data
[5](15:48:52)[0]-- TIME:20090227-154852

[6](15:48:53)[1]-- TIME:20090227-154853

[7](15:48:54)[2]-- TIME:20090227-154854

[8](15:48:55)[3]-- TIME:20090227-154855

[9](15:48:55)10.23.128.24: Timeout
[10](15:48:56)[0]-- TIME:20090227-154856

[11](15:48:57)[1]-- TIME:20090227-154857

[12](15:48:58)[2]-- TIME:20090227-154858

[13](15:48:59)[3]-- TIME:20090227-154859

[14](15:48:59)10.23.128.24: Timeout
[15](15:49:00)[0]-- TIME:20090227-154900

[16](15:49:01)[1]-- TIME:20090227-154901

[17](15:49:02)[2]-- TIME:20090227-154902

[18](15:49:03)[3]-- TIME:20090227-154903

[19](15:49:03)10.23.128.24: Timeout
[20](15:49:04)[0]-- TIME:20090227-154904

[21](15:49:05)[1]-- TIME:20090227-154905

[22](15:49:06)[2]-- TIME:20090227-154906

[23](15:49:07)[3]-- TIME:20090227-154907

[24](15:49:07)10.23.128.24: Timeout
[25](15:49:08)[0]-- TIME:20090227-154908

[26](15:49:09)[1]-- TIME:20090227-154909

[27](15:49:10)[2]-- TIME:20090227-154910

[28](15:49:11)[3]-- TIME:20090227-154911

[29](15:49:11)10.23.128.24: Timeout
[30](15:49:12)[0]-- TIME:20090227-154912

[31](15:49:13)[1]-- TIME:20090227-154913

[32](15:49:14)[2]-- TIME:20090227-154914

[33](15:49:15)[3]-- TIME:20090227-154915

[34](15:49:15)10.23.128.24: Timeout
[35](15:49:16)[0]-- TIME:20090227-154916

[36](15:49:17)[1]-- TIME:20090227-154917

[37](15:49:18)[2]-- TIME:20090227-154918

[38](15:49:19)[3]-- TIME:20090227-154919

[39](15:49:19)10.23.128.24: Timeout
[40](15:49:20)[0]-- TIME:20090227-154920

[41](15:49:21)[1]-- TIME:20090227-154921

[42](15:49:22)[2]-- TIME:20090227-154922

[43](15:49:23)[3]-- TIME:20090227-154923

[44](15:49:23)10.23.128.24: Timeout
[45](15:49:24)[0]-- TIME:20090227-154924

[46](15:49:25)[1]-- TIME:20090227-154925

[47](15:49:26)[2]-- TIME:20090227-154926

[48](15:49:27)[3]-- TIME:20090227-154927

[49](15:49:27)10.23.128.24: Timeout
[50](15:49:28)[0]-- TIME:20090227-154928

[51](15:49:29)[1]-- TIME:20090227-154929

[52](15:49:30)[2]-- TIME:20090227-154930

[53](15:49:31)[3]-- TIME:20090227-154931

[54](15:49:31)10.23.128.24: Timeout
[55](15:49:32)[0]-- TIME:20090227-154932

[56](15:49:33)[1]-- TIME:20090227-154933

[57](15:49:34)[2]-- TIME:20090227-154934

[58](15:49:35)[3]-- TIME:20090227-154935

[59](15:49:35)10.23.128.24: Timeout
[60](15:49:36)[0]-- TIME:20090227-154936

[61](15:49:37)[1]-- TIME:20090227-154937

[62](15:49:38)[2]-- TIME:20090227-154938

[63](15:49:39)[3]-- TIME:20090227-154939

[64](15:49:39)10.23.128.24: Timeout
[65](15:49:40)[0]-- TIME:20090227-154940

[66](15:49:41)[1]-- TIME:20090227-154941

[67](15:49:42)[2]-- TIME:20090227-154942

[68](15:49:43)[3]-- TIME:20090227-154943

[69](15:49:43)10.23.128.24: Timeout
[70](15:49:44)[0]-- TIME:20090227-154944

[71](15:49:45)[1]-- TIME:20090227-154945

[72](15:49:46)[2]-- TIME:20090227-154946

[73](15:49:47)[3]-- TIME:20090227-154947

[74](15:49:47)10.23.128.24: Timeout
[75](15:49:48)[0]-- TIME:20090227-154948

[76](15:49:49)[1]-- TIME:20090227-154949

[77](15:49:50)[2]-- TIME:20090227-154950

[78](15:49:51)[3]-- TIME:20090227-154951

[79](15:49:51)10.23.128.24: Timeout
[80](15:49:52)[0]-- TIME:20090227-154952

[81](15:49:53)[1]-- TIME:20090227-154953

[82](15:49:54)[2]-- TIME:20090227-154954

[83](15:49:55)[3]-- TIME:20090227-154955

[84](15:49:55)10.23.128.24: Timeout
[85](15:49:56)[0]-- TIME:20090227-154956

[86](15:49:57)[1]-- TIME:20090227-154957

[87](15:49:58)[2]-- TIME:20090227-154958

[88](15:49:59)[3]-- TIME:20090227-154959

[89](15:49:59)10.23.128.24: Timeout
[90](15:50:00)[0]-- TIME:20090227-155000

[91](15:50:01)[1]-- TIME:20090227-155001

[92](15:50:02)[2]-- TIME:20090227-155002

[93](15:50:03)[3]-- TIME:20090227-155003

[94](15:50:03)10.23.128.24: Timeout
[95](15:50:04)[0]-- TIME:20090227-155004

[96](15:50:05)[1]-- TIME:20090227-155005

[97](15:50:06)[2]-- TIME:20090227-155006

[98](15:50:07)[3]-- TIME:20090227-155007

[99](15:50:07)10.23.128.24: Timeout
[100](15:50:08)[0]-- TIME:20090227-155008

[101](15:50:09)[1]-- TIME:20090227-155009

[102](15:50:10)[2]-- TIME:20090227-155010

[103](15:50:11)[3]-- TIME:20090227-155011

[104](15:50:11)10.23.128.24: Timeout
[105](15:50:12)[0]-- TIME:20090227-155012

[106](15:50:13)[1]-- TIME:20090227-155013

[107](15:50:14)[2]-- TIME:20090227-155014

[108](15:50:15)[3]-- TIME:20090227-155015

[109](15:50:15)10.23.128.24: Timeout
[110](15:50:16)[0]-- TIME:20090227-155016

[111](15:50:17)[1]-- TIME:20090227-155017

[112](15:50:18)[2]-- TIME:20090227-155018

[113](15:50:19)[3]-- TIME:20090227-155019

[114](15:50:19)10.23.128.24: Timeout
[115](15:50:20)[0]-- TIME:20090227-155020

[116](15:50:21)[1]-- TIME:20090227-155021

[117](15:50:22)[2]-- TIME:20090227-155022

[118](15:50:23)[3]-- TIME:20090227-155023

[119](15:50:23)10.23.128.24: Timeout
[120](15:50:24)[0]-- TIME:20090227-155024

[121](15:50:25)[1]-- TIME:20090227-155025

[122](15:50:26)[2]-- TIME:20090227-155026

[123](15:50:27)[3]-- TIME:20090227-155027

[124](15:50:27)10.23.128.24: Timeout
[125](15:50:28)[0]-- TIME:20090227-155028

[126](15:50:29)[1]-- TIME:20090227-155029

[127](15:50:30)[2]-- TIME:20090227-155030

[128](15:50:31)[3]-- TIME:20090227-155031

[129](15:50:31)10.23.128.24: Timeout
[130](15:50:32)[0]-- TIME:20090227-155032

[131](15:50:33)[1]-- TIME:20090227-155033

[132](15:50:34)[2]-- TIME:20090227-155034

[133](15:50:35)[3]-- TIME:20090227-155035

[134](15:50:35)10.23.128.24: Timeout
[135](15:50:36)[0]-- TIME:20090227-155036

[136](15:50:37)[1]-- TIME:20090227-155037

[137](15:50:38)[2]-- TIME:20090227-155038

[138](15:50:39)[3]-- TIME:20090227-155039

[139](15:50:39)10.23.128.24: Timeout
[140](15:50:40)[0]-- TIME:20090227-155040

[141](15:50:41)[1]-- TIME:20090227-155041

[142](15:50:42)[2]-- TIME:20090227-155042

[143](15:50:43)[3]-- TIME:20090227-155043

[144](15:50:43)10.23.128.24: Timeout
[145](15:50:44)[0]-- TIME:20090227-155044

[146](15:50:45)[1]-- TIME:20090227-155045

[147](15:50:46)[2]-- TIME:20090227-155046

[148](15:50:47)[3]-- TIME:20090227-155047

[149](15:50:47)10.23.128.24: Timeout
[150](15:50:48)[0]-- TIME:20090227-155048

[151](15:50:49)[1]-- TIME:20090227-155049

[152](15:50:50)[2]-- TIME:20090227-155050

[153](15:50:51)[3]-- TIME:20090227-155051

[154](15:50:51)10.23.128.24: Timeout
[155](15:50:52)[0]-- TIME:20090227-155052

[156](15:50:53)[1]-- TIME:20090227-155053

[157](15:50:54)[2]-- TIME:20090227-155054

[158](15:50:55)[3]-- TIME:20090227-155055

[159](15:50:55)10.23.128.24: Timeout
[160](15:50:56)[0]-- TIME:20090227-155056

[161](15:50:57)[1]-- TIME:20090227-155057

[162](15:50:58)[2]-- TIME:20090227-155058

[163](15:50:59)[3]-- TIME:20090227-155059

[164](15:50:59)10.23.128.24: Timeout
[165](15:51:00)[0]-- TIME:20090227-155100

[166](15:51:01)[1]-- TIME:20090227-155101

[167](15:51:02)[2]-- TIME:20090227-155102

[168](15:51:03)[3]-- TIME:20090227-155103

[169](15:51:03)10.23.128.24: Timeout
[170](15:51:04)[0]-- TIME:20090227-155104

[171](15:51:05)[1]-- TIME:20090227-155105

[172](15:51:06)[2]-- TIME:20090227-155106

[173](15:51:07)[3]-- TIME:20090227-155107

[174](15:51:07)10.23.128.24: Timeout
[175](15:51:08)[0]-- TIME:20090227-155108

[176](15:51:09)[1]-- TIME:20090227-155109

[177](15:51:10)[2]-- TIME:20090227-155110

[178](15:51:11)[3]-- TIME:20090227-155111

[179](15:51:11)10.23.128.24: Timeout
[180](15:51:12)[0]-- TIME:20090227-155112

[181](15:51:13)[1]-- TIME:20090227-155113

[182](15:51:14)[2]-- TIME:20090227-155114

[183](15:51:15)[3]-- TIME:20090227-155115

[184](15:51:15)10.23.128.24: Timeout
[185](15:51:16)[0]-- TIME:20090227-155116

[186](15:51:17)[1]-- TIME:20090227-155117

[187](15:51:18)[2]-- TIME:20090227-155118

[188](15:51:19)[3]-- TIME:20090227-155119

[189](15:51:19)10.23.128.24: Timeout
[190](15:51:20)[0]-- TIME:20090227-155120

[191](15:51:21)[1]-- TIME:20090227-155121

[192](15:51:22)[2]-- TIME:20090227-155122

[193](15:51:23)[3]-- TIME:20090227-155123

[194](15:51:23)10.23.128.24: Timeout
[195](15:51:24)[0]-- TIME:20090227-155124

[196](15:51:25)[1]-- TIME:20090227-155125

[197](15:51:26)[2]-- TIME:20090227-155126

[198](15:51:27)[3]-- TIME:20090227-155127

[199](15:51:27)10.23.128.24: Timeout
[200](15:51:28)[0]-- TIME:20090227-155128

[201](15:51:29)[1]-- TIME:20090227-155129

[202](15:51:30)[2]-- TIME:20090227-155130

[203](15:51:31)[3]-- TIME:20090227-155131

[204](15:51:31)10.23.128.24: Timeout
[205](15:51:32)[0]-- TIME:20090227-155132

[206](15:51:33)[1]-- TIME:20090227-155133

[207](15:51:34)[2]-- TIME:20090227-155134

[208](15:51:35)[3]-- TIME:20090227-155135

[209](15:51:35)10.23.128.24: Timeout
[210](15:51:36)[0]-- TIME:20090227-155136

[211](15:51:37)[1]-- TIME:20090227-155137

[212](15:51:38)[2]-- TIME:20090227-155138

[213](15:51:39)[3]-- TIME:20090227-155139

[214](15:51:39)10.23.128.24: Timeout
[215](15:51:40)[0]-- TIME:20090227-155140

[216](15:51:41)[1]-- TIME:20090227-155141

[217](15:51:42)[2]-- TIME:20090227-155142

[218](15:51:43)[3]-- TIME:20090227-155143

[219](15:51:43)10.23.128.24: Timeout
[220](15:51:44)[0]-- TIME:20090227-155144

[221](15:51:45)[1]-- TIME:20090227-155145

[222](15:51:46)[2]-- TIME:20090227-155146

[223](15:51:47)[3]-- TIME:20090227-155147

[224](15:51:47)10.23.128.24: Timeout
[225](15:51:48)[0]-- TIME:20090227-155148

[226](15:51:49)[1]-- TIME:20090227-155149

[227](15:51:50)[2]-- TIME:20090227-155150

[228](15:51:51)[3]-- TIME:20090227-155151

[229](15:51:51)10.23.128.24: Timeout
[230](15:51:52)[0]-- TIME:20090227-155152

[231](15:51:53)[1]-- TIME:20090227-155153

[232](15:51:54)[2]-- TIME:20090227-155154

[233](15:51:55)[3]-- TIME:20090227-155155

[234](15:51:55)10.23.128.24: Timeout
[235](15:51:56)[0]-- TIME:20090227-155156

[236](15:51:57)[1]-- TIME:20090227-155157

[237](15:51:58)[2]-- TIME:20090227-155158

[238](15:51:59)[3]-- TIME:20090227-155159

[239](15:51:59)10.23.128.24: Timeout
[240](15:52:00)[0]-- TIME:20090227-155200

[241](15:52:01)[1]-- TIME:20090227-155201

[242](15:52:02)[2]-- TIME:20090227-155202

[243](15:52:03)[3]-- TIME:20090227-155203

[244](15:52:03)10.23.128.24: Timeout
[245](15:52:04)[0]-- TIME:20090227-155204

[246](15:52:05)[1]-- TIME:20090227-155205

[247](15:52:06)[2]-- TIME:20090227-155206

[248](15:52:07)[3]-- TIME:20090227-155207

[249](15:52:07)10.23.128.24: Timeout
[250](15:52:08)[0]-- TIME:20090227-155208

[251](15:52:09)[1]-- TIME:20090227-155209

[252](15:52:10)[2]-- TIME:20090227-155210

[253](15:52:11)[3]-- TIME:20090227-155211

[254](15:52:11)10.23.128.24: Timeout
[255](15:52:12)[0]-- TIME:20090227-155212

[256](15:52:13)[1]-- TIME:20090227-155213

[257](15:52:14)[2]-- TIME:20090227-155214

[258](15:52:15)[3]-- TIME:20090227-155215

[259](15:52:15)10.23.128.24: Timeout
[260](15:52:16)[0]-- TIME:20090227-155216

[261](15:52:17)[1]-- TIME:20090227-155217

[262](15:52:18)[2]-- TIME:20090227-155218

[263](15:52:19)[3]-- TIME:20090227-155219

[264](15:52:19)10.23.128.24: Timeout
[265](15:52:20)[0]-- TIME:20090227-155220

[266](15:52:21)[1]-- TIME:20090227-155221

[267](15:52:22)[2]-- TIME:20090227-155222

[268](15:52:23)[3]-- TIME:20090227-155223

[269](15:52:23)10.23.128.24: Timeout
[270](15:52:24)[0]-- TIME:20090227-155224

[271](15:52:25)[1]-- TIME:20090227-155225

[272](15:52:26)[2]-- TIME:20090227-155226

[273](15:52:27)[3]-- TIME:20090227-155227

[274](15:52:27)10.23.128.24: Timeout
[275](15:52:28)[0]-- TIME:20090227-155228

[276](15:52:29)[1]-- TIME:20090227-155229

[277](15:52:30)[2]-- TIME:20090227-155230

[278](15:52:31)[3]-- TIME:20090227-155231

[279](15:52:31)10.23.128.24: Timeout
[280](15:52:32)[0]-- TIME:20090227-155232

[281](15:52:33)[1]-- TIME:20090227-155233

[282](15:52:34)[2]-- TIME:20090227-155234

[283](15:52:35)[3]-- TIME:20090227-155235

[284](15:52:35)10.23.128.24: Timeout
[285](15:52:36)[0]-- TIME:20090227-155236

[286](15:52:37)[1]-- TIME:20090227-155237

[287](15:52:38)[2]-- TIME:20090227-155238

[288](15:52:39)[3]-- TIME:20090227-155239

[289](15:52:39)10.23.128.24: Timeout
[290](15:52:40)[0]-- TIME:20090227-155240

[291](15:52:41)[1]-- TIME:20090227-155241

[292](15:52:42)[2]-- TIME:20090227-155242

[293](15:52:43)[3]-- TIME:20090227-155243

[294](15:52:43)10.23.128.24: Timeout
[295](15:52:44)[0]-- TIME:20090227-155244

[296](15:52:45)[1]-- TIME:20090227-155245

[297](15:52:46)[2]-- TIME:20090227-155246

[298](15:52:47)[3]-- TIME:20090227-155247

[299](15:52:47)10.23.128.24: Timeout
[300](15:52:48)[0]-- TIME:20090227-155248

[301](15:52:49)[1]-- TIME:20090227-155249

[302](15:52:50)[2]-- TIME:20090227-155250

[303](15:52:51)[3]-- TIME:20090227-155251

[304](15:52:51)10.23.128.24: Timeout
[305](15:52:52)[0]-- TIME:20090227-155252

[306](15:52:53)[1]-- TIME:20090227-155253

[307](15:52:54)[2]-- TIME:20090227-155254

[308](15:52:55)[3]-- TIME:20090227-155255

[309](15:52:55)10.23.128.24: Timeout
[310](15:52:56)[0]-- TIME:20090227-155256

[311](15:52:57)[1]-- TIME:20090227-155257

[312](15:52:58)[2]-- TIME:20090227-155258

[313](15:52:59)[3]-- TIME:20090227-155259

[314](15:52:59)10.23.128.24: Timeout
[315](15:53:00)[0]-- TIME:20090227-155300

[316](15:53:01)[1]-- TIME:20090227-155301

[317](15:53:02)[2]-- TIME:20090227-155302

[318](15:53:03)[3]-- TIME:20090227-155303

[319](15:53:03)10.23.128.24: Timeout
[320](15:53:04)[0]-- TIME:20090227-155304

[321](15:53:05)[1]-- TIME:20090227-155305

[322](15:53:06)[2]-- TIME:20090227-155306

[323](15:53:07)[3]-- TIME:20090227-155307

[324](15:53:07)10.23.128.24: Timeout
[325](15:53:08)[0]-- TIME:20090227-155308

[326](15:53:09)[1]-- TIME:20090227-155309

[327](15:53:10)[2]-- TIME:20090227-155310

[328](15:53:11)[3]-- TIME:20090227-155311

[329](15:53:11)10.23.128.24: Timeout
[330](15:53:12)[0]-- TIME:20090227-155312

[331](15:53:13)[1]-- TIME:20090227-155313

[332](15:53:14)[2]-- TIME:20090227-155314

[333](15:53:15)[3]-- TIME:20090227-155315

[334](15:53:15)10.23.128.24: Timeout
[335](15:53:16)[0]-- TIME:20090227-155316

[336](15:53:17)[1]-- TIME:20090227-155317

[337](15:53:18)[2]-- TIME:20090227-155318

[338](15:53:19)[3]-- TIME:20090227-155319

[339](15:53:19)10.23.128.24: Timeout
[340](15:53:20)[0]-- TIME:20090227-155320

[341](15:53:21)[1]-- TIME:20090227-155321

[342](15:53:22)[2]-- TIME:20090227-155322

[343](15:53:23)[3]-- TIME:20090227-155323

[344](15:53:23)10.23.128.24: Timeout
[345](15:53:24)[0]-- TIME:20090227-155324

[346](15:53:25)[1]-- TIME:20090227-155325

[347](15:53:26)[2]-- TIME:20090227-155326

[348](15:53:27)[3]-- TIME:20090227-155327

[349](15:53:27)10.23.128.24: Timeout
[350](15:53:28)[0]-- TIME:20090227-155328

[351](15:53:29)[1]-- TIME:20090227-155329

[352](15:53:30)[2]-- TIME:20090227-155330

[353](15:53:31)[3]-- TIME:20090227-155331

[354](15:53:31)10.23.128.24: Timeout
[355](15:53:32)[0]-- TIME:20090227-155332

[356](15:53:33)[1]-- TIME:20090227-155333

[357](15:53:34)[2]-- TIME:20090227-155334

[358](15:53:35)[3]-- TIME:20090227-155335

[359](15:53:35)10.23.128.24: Timeout
[360](15:53:36)[0]-- TIME:20090227-155336

[361](15:53:37)[1]-- TIME:20090227-155337

[362](15:53:38)[2]-- TIME:20090227-155338

[363](15:53:39)[3]-- TIME:20090227-155339

[364](15:53:39)10.23.128.24: Timeout
[365](15:53:40)[0]-- TIME:20090227-155340

[366](15:53:41)[1]-- TIME:20090227-155341

[367](15:53:42)[2]-- TIME:20090227-155342

[368](15:53:43)[3]-- TIME:20090227-155343

[369](15:53:43)10.23.128.24: Timeout
[370](15:53:44)[0]-- TIME:20090227-155344

[371](15:53:45)[1]-- TIME:20090227-155345

[372](15:53:46)[2]-- TIME:20090227-155346

[373](15:53:47)[3]-- TIME:20090227-155347

[374](15:53:47)10.23.128.24: Timeout
[375](15:53:48)[0]-- TIME:20090227-155348

[376](15:53:49)[1]-- TIME:20090227-155349

[377](15:53:50)[2]-- TIME:20090227-155350

[378](15:53:51)[3]-- TIME:20090227-155351

[379](15:53:51)10.23.128.24: Timeout
[380](15:53:52)[0]-- TIME:20090227-155352

[381](15:53:53)[1]-- TIME:20090227-155353

[382](15:53:54)[2]-- TIME:20090227-155354

[383](15:53:55)[3]-- TIME:20090227-155355

[384](15:53:55)10.23.128.24: Timeout
[385](15:53:56)[0]-- TIME:20090227-155356

[386](15:53:57)[1]-- TIME:20090227-155357

[387](15:53:58)[2]-- TIME:20090227-155358

[388](15:53:59)[3]-- TIME:20090227-155359

[389](15:53:59)10.23.128.24: Timeout
[390](15:54:00)[0]-- TIME:20090227-155400

[391](15:54:01)[1]-- TIME:20090227-155401

[392](15:54:02)[2]-- TIME:20090227-155402

[393](15:54:03)[3]-- TIME:20090227-155403

[394](15:54:03)10.23.128.24: Timeout
[395](15:54:04)[0]-- TIME:20090227-155404

[396](15:54:05)[1]-- TIME:20090227-155405

[397](15:54:06)[2]-- TIME:20090227-155406

[398](15:54:07)[3]-- TIME:20090227-155407

[399](15:54:07)10.23.128.24: Timeout
[400](15:54:08)[0]-- TIME:20090227-155408

[401](15:54:09)[1]-- TIME:20090227-155409

[402](15:54:10)[2]-- TIME:20090227-155410

[403](15:54:11)[3]-- TIME:20090227-155411

[404](15:54:11)10.23.128.24: Timeout
[405](15:54:12)[0]-- TIME:20090227-155412

[406](15:54:13)[1]-- TIME:20090227-155413

[407](15:54:14)[2]-- TIME:20090227-155414

[408](15:54:15)[3]-- TIME:20090227-155415

[409](15:54:15)10.23.128.24: Timeout
[410](15:54:16)[0]-- TIME:20090227-155416

[411](15:54:17)[1]-- TIME:20090227-155417

[412](15:54:18)[2]-- TIME:20090227-155418

[413](15:54:19)[3]-- TIME:20090227-155419

[414](15:54:19)10.23.128.24: Timeout
[415](15:54:20)[0]-- TIME:20090227-155420

[416](15:54:21)[1]-- TIME:20090227-155421

[417](15:54:22)[2]-- TIME:20090227-155422

[418](15:54:23)[3]-- TIME:20090227-155423

[419](15:54:23)10.23.128.24: Timeout
[420](15:54:24)[0]-- TIME:20090227-155424

[421](15:54:25)[1]-- TIME:20090227-155425

[422](15:54:26)[2]-- TIME:20090227-155426

[423](15:54:27)[3]-- TIME:20090227-155427

[424](15:54:27)10.23.128.24: Timeout
[425](15:54:28)[0]-- TIME:20090227-155428

[426](15:54:29)[1]-- TIME:20090227-155429

[427](15:54:30)[2]-- TIME:20090227-155430

[428](15:54:31)[3]-- TIME:20090227-155431

[429](15:54:31)10.23.128.24: Timeout
[430](15:54:32)[0]-- TIME:20090227-155432

[431](15:54:33)[1]-- TIME:20090227-155433

[432](15:54:34)[2]-- TIME:20090227-155434

[433](15:54:35)[3]-- TIME:20090227-155435

[434](15:54:35)10.23.128.24: Timeout
[435](15:54:36)[0]-- TIME:20090227-155436

[436](15:54:37)[1]-- TIME:20090227-155437

[437](15:54:38)[2]-- TIME:20090227-155438

[438](15:54:39)[3]-- TIME:20090227-155439

[439](15:54:39)10.23.128.24: Timeout
[440](15:54:40)[0]-- TIME:20090227-155440

[441](15:54:41)[1]-- TIME:20090227-155441

[442](15:54:42)[2]-- TIME:20090227-155442

[443](15:54:43)[3]-- TIME:20090227-155443

[444](15:54:43)10.23.128.24: Timeout
[445](15:54:44)[0]-- TIME:20090227-155444

[446](15:54:45)[1]-- TIME:20090227-155445

[447](15:54:46)[2]-- TIME:20090227-155446

[448](15:54:47)[3]-- TIME:20090227-155447

[449](15:54:47)10.23.128.24: Timeout
[450](15:54:48)[0]-- TIME:20090227-155448

[451](15:54:49)[1]-- TIME:20090227-155449

[452](15:54:50)[2]-- TIME:20090227-155450

[453](15:54:51)[3]-- TIME:20090227-155451

[454](15:54:51)10.23.128.24: Timeout
[455](15:54:52)[0]-- TIME:20090227-155452

[456](15:54:53)[1]-- TIME:20090227-155453

[457](15:54:54)[2]-- TIME:20090227-155454

[458](15:54:55)[3]-- TIME:20090227-155455

[459](15:54:55)10.23.128.24: Timeout
[460](15:54:56)[0]-- TIME:20090227-155456

[461](15:54:57)[1]-- TIME:20090227-155457

[462](15:54:58)[2]-- TIME:20090227-155458

[463](15:54:59)[3]-- TIME:20090227-155459

[464](15:54:59)10.23.128.24: Timeout
[465](15:55:00)[0]-- TIME:20090227-155500

[466](15:55:01)[1]-- TIME:20090227-155501

[467](15:55:02)[2]-- TIME:20090227-155502

[468](15:55:03)[3]-- TIME:20090227-155503

[469](15:55:03)10.23.128.24: Timeout
[470](15:55:04)[0]-- TIME:20090227-155504

[471](15:55:05)[1]-- TIME:20090227-155505

[472](15:55:06)[2]-- TIME:20090227-155506

[473](15:55:07)[3]-- TIME:20090227-155507

[474](15:55:07)10.23.128.24: Timeout
[475](15:55:08)[0]-- TIME:20090227-155508

[476](15:55:09)[1]-- TIME:20090227-155509

[477](15:55:10)[2]-- TIME:20090227-155510

[478](15:55:11)[3]-- TIME:20090227-155511

[479](15:55:11)10.23.128.24: Timeout
[480](15:55:12)[0]-- TIME:20090227-155512

[481](15:55:13)[1]-- TIME:20090227-155513

[482](15:55:14)[2]-- TIME:20090227-155514

[483](15:55:15)[3]-- TIME:20090227-155515

[484](15:55:15)10.23.128.24: Timeout
[485](15:55:16)[0]-- TIME:20090227-155516

[486](15:55:17)[1]-- TIME:20090227-155517

[487](15:55:18)[2]-- TIME:20090227-155518

[488](15:55:19)[3]-- TIME:20090227-155519

[489](15:55:19)10.23.128.24: Timeout
[490](15:55:20)[0]-- TIME:20090227-155520

[491](15:55:21)[1]-- TIME:20090227-155521

[492](15:55:22)[2]-- TIME:20090227-155522

[493](15:55:23)[3]-- TIME:20090227-155523

[494](15:55:23)10.23.128.24: Timeout
[495](15:55:24)[0]-- TIME:20090227-155524

[496](15:55:25)[1]-- TIME:20090227-155525

[497](15:55:26)[2]-- TIME:20090227-155526

[498](15:55:27)[3]-- TIME:20090227-155527

[499](15:55:27)10.23.128.24: Timeout
[500](15:55:28)[0]-- TIME:20090227-155528

[501](15:55:29)[1]-- TIME:20090227-155529

[502](15:55:30)[2]-- TIME:20090227-155530

[503](15:55:31)[3]-- TIME:20090227-155531

[504](15:55:31)10.23.128.24: Timeout
[505](15:55:32)[0]-- TIME:20090227-155532

[506](15:55:33)[1]-- TIME:20090227-155533

[507](15:55:34)[2]-- TIME:20090227-155534

[508](15:55:35)[3]-- TIME:20090227-155535

[509](15:55:35)10.23.128.24: Timeout
[510](15:55:36)[0]-- TIME:20090227-155536

[511](15:55:37)[1]-- TIME:20090227-155537

[512](15:55:38)[2]-- TIME:20090227-155538

[513](15:55:39)[3]-- TIME:20090227-155539

[514](15:55:39)10.23.128.24: Timeout
[515](15:55:40)[0]-- TIME:20090227-155540

[516](15:55:41)[1]-- TIME:20090227-155541

[517](15:55:42)[2]-- TIME:20090227-155542

[518](15:55:43)[3]-- TIME:20090227-155543

[519](15:55:43)10.23.128.24: Timeout
[520](15:55:44)[0]-- TIME:20090227-155544

[521](15:55:45)[1]-- TIME:20090227-155545

[522](15:55:46)[2]-- TIME:20090227-155546

[523](15:55:47)[3]-- TIME:20090227-155547

[524](15:55:47)10.23.128.24: Timeout
[525](15:55:48)[0]-- TIME:20090227-155548

[526](15:55:49)[1]-- TIME:20090227-155549

[527](15:55:50)[2]-- TIME:20090227-155550

[528](15:55:51)[3]-- TIME:20090227-155551

[529](15:55:51)10.23.128.24: Timeout
[530](15:55:52)[0]-- TIME:20090227-155552

[531](15:55:53)[1]-- TIME:20090227-155553

[532](15:55:54)[2]-- TIME:20090227-155554

[533](15:55:55)[3]-- TIME:20090227-155555

[534](15:55:55)10.23.128.24: Timeout
[535](15:55:56)[0]-- TIME:20090227-155556

[536](15:55:57)[1]-- TIME:20090227-155557

[537](15:55:58)[2]-- TIME:20090227-155558

[538](15:55:59)[3]-- TIME:20090227-155559

[539](15:55:59)10.23.128.24: Timeout
[540](15:56:00)[0]-- TIME:20090227-155600

[541](15:56:01)[1]-- TIME:20090227-155601

[542](15:56:02)[2]-- TIME:20090227-155602

[543](15:56:03)[3]-- TIME:20090227-155603

[544](15:56:03)10.23.128.24: Timeout
[545](15:56:04)[0]-- TIME:20090227-155604

[546](15:56:05)[1]-- TIME:20090227-155605

[547](15:56:06)[2]-- TIME:20090227-155606

[548](15:56:07)[3]-- TIME:20090227-155607

[549](15:56:07)10.23.128.24: Timeout
[550](15:56:08)[0]-- TIME:20090227-155608

[551](15:56:09)[1]-- TIME:20090227-155609

[552](15:56:10)[2]-- TIME:20090227-155610

[553](15:56:11)[3]-- TIME:20090227-155611

[554](15:56:11)10.23.128.24: Timeout
[555](15:56:12)[0]-- TIME:20090227-155612

[556](15:56:13)[1]-- TIME:20090227-155613

[557](15:56:14)[2]-- TIME:20090227-155614

[558](15:56:15)[3]-- TIME:20090227-155615

[559](15:56:15)10.23.128.24: Timeout
[560](15:56:16)[0]-- TIME:20090227-155616

[561](15:56:17)[1]-- TIME:20090227-155617

[562](15:56:18)[2]-- TIME:20090227-155618

[563](15:56:19)[3]-- TIME:20090227-155619

[564](15:56:19)10.23.128.24: Timeout
[565](15:56:20)[0]-- TIME:20090227-155620

[566](15:56:21)[1]-- TIME:20090227-155621

[567](15:56:22)[2]-- TIME:20090227-155622

[568](15:56:23)[3]-- TIME:20090227-155623

[569](15:56:23)10.23.128.24: Timeout
[570](15:56:24)[0]-- TIME:20090227-155624

[571](15:56:25)[1]-- TIME:20090227-155625

[572](15:56:26)[2]-- TIME:20090227-155626

[573](15:56:27)[3]-- TIME:20090227-155627

[574](15:56:27)10.23.128.24: Timeout
[575](15:56:28)[0]-- TIME:20090227-155628

[576](15:56:29)[1]-- TIME:20090227-155629

[577](15:56:30)[2]-- TIME:20090227-155630

[578](15:56:31)[3]-- TIME:20090227-155631

[579](15:56:31)10.23.128.24: Timeout
[580](15:56:32)[0]-- TIME:20090227-155632

[581](15:56:33)[1]-- TIME:20090227-155633

[582](15:56:34)[2]-- TIME:20090227-155634

[583](15:56:35)[3]-- TIME:20090227-155635

[584](15:56:35)10.23.128.24: Timeout
[585](15:56:36)[0]-- TIME:20090227-155636

[586](15:56:37)[1]-- TIME:20090227-155637

[587](15:56:38)[2]-- TIME:20090227-155638

[588](15:56:39)[3]-- TIME:20090227-155639

[589](15:56:39)10.23.128.24: Timeout
[590](15:56:40)[0]-- TIME:20090227-155640

[591](15:56:41)[1]-- TIME:20090227-155641

[592](15:56:42)[2]-- TIME:20090227-155642

[593](15:56:43)[3]-- TIME:20090227-155643

[594](15:56:43)10.23.128.24: Timeout
[595](15:56:44)[0]-- TIME:20090227-155644

[596](15:56:45)[1]-- TIME:20090227-155645

[597](15:56:46)[2]-- TIME:20090227-155646

[598](15:56:47)[3]-- TIME:20090227-155647

[599](15:56:47)10.23.128.24: Timeout
[600](15:56:48)[0]-- TIME:20090227-155648

[601](15:56:49)[1]-- TIME:20090227-155649

[602](15:56:50)[2]-- TIME:20090227-155650

[603](15:56:51)[3]-- TIME:20090227-155651

[604](15:56:51)10.23.128.24: Timeout
[605](15:56:52)[0]-- TIME:20090227-155652

[606](15:56:53)[1]-- TIME:20090227-155653

[607](15:56:54)[2]-- TIME:20090227-155654

[608](15:56:55)[3]-- TIME:20090227-155655

[609](15:56:55)10.23.128.24: Timeout
[610](15:56:56)[0]-- TIME:20090227-155656

[611](15:56:57)[1]-- TIME:20090227-155657

[612](15:56:58)[2]-- TIME:20090227-155658

[613](15:56:59)[3]-- TIME:20090227-155659

[614](15:56:59)10.23.128.24: Timeout
[615](15:57:00)[0]-- TIME:20090227-155700

[616](15:57:01)[1]-- TIME:20090227-155701

[617](15:57:02)[2]-- TIME:20090227-155702

[618](15:57:03)[3]-- TIME:20090227-155703

[619](15:57:03)10.23.128.24: Timeout
[620](15:57:04)[0]-- TIME:20090227-155704

[621](15:57:05)[1]-- TIME:20090227-155705

[622](15:57:06)[2]-- TIME:20090227-155706

[623](15:57:07)[3]-- TIME:20090227-155707

[624](15:57:07)10.23.128.24: Timeout
[625](15:57:08)[0]-- TIME:20090227-155708

[626](15:57:09)[1]-- TIME:20090227-155709

[627](15:57:10)[2]-- TIME:20090227-155710

[628](15:57:11)[3]-- TIME:20090227-155711

[629](15:57:11)10.23.128.24: Timeout
[630](15:57:12)[0]-- TIME:20090227-155712

[631](15:57:13)[1]-- TIME:20090227-155713

[632](15:57:14)[2]-- TIME:20090227-155714

[633](15:57:15)[3]-- TIME:20090227-155715

[634](15:57:15)10.23.128.24: Timeout
[635](15:57:16)[0]-- TIME:20090227-155716

[636](15:57:17)[1]-- TIME:20090227-155717

[637](15:57:18)[2]-- TIME:20090227-155718

[638](15:57:19)[3]-- TIME:20090227-155719

[639](15:57:19)10.23.128.24: Timeout
[640](15:57:20)[0]-- TIME:20090227-155720

[641](15:57:21)[1]-- TIME:20090227-155721

[642](15:57:22)[2]-- TIME:20090227-155722

[643](15:57:23)[3]-- TIME:20090227-155723

[644](15:57:23)10.23.128.24: Timeout
[645](15:57:24)[0]-- TIME:20090227-155724

[646](15:57:25)[1]-- TIME:20090227-155725

[647](15:57:26)[2]-- TIME:20090227-155726

[648](15:57:27)[3]-- TIME:20090227-155727

[649](15:57:27)10.23.128.24: Timeout
[650](15:57:28)[0]-- TIME:20090227-155728

[651](15:57:29)[1]-- TIME:20090227-155729

[652](15:57:30)[2]-- TIME:20090227-155730

[653](15:57:31)[3]-- TIME:20090227-155731

[654](15:57:31)10.23.128.24: Timeout
[655](15:57:32)[0]-- TIME:20090227-155732

[656](15:57:33)[1]-- TIME:20090227-155733

[657](15:57:34)[2]-- TIME:20090227-155734

[658](15:57:35)[3]-- TIME:20090227-155735

[659](15:57:35)10.23.128.24: Timeout
[660](15:57:36)[0]-- TIME:20090227-155736

[661](15:57:37)[1]-- TIME:20090227-155737

[662](15:57:38)[2]-- TIME:20090227-155738

[663](15:57:39)[3]-- TIME:20090227-155739

[664](15:57:39)10.23.128.24: Timeout
[665](15:57:40)[0]-- TIME:20090227-155740

[666](15:57:41)[1]-- TIME:20090227-155741

[667](15:57:42)[2]-- TIME:20090227-155742

[668](15:57:43)[3]-- TIME:20090227-155743

[669](15:57:43)10.23.128.24: Timeout
[670](15:57:44)[0]-- TIME:20090227-155744

[671](15:57:45)[1]-- TIME:20090227-155745

[672](15:57:46)[2]-- TIME:20090227-155746

[673](15:57:47)[3]-- TIME:20090227-155747

[674](15:57:47)10.23.128.24: Timeout
[675](15:57:48)[0]-- TIME:20090227-155748

[676](15:57:49)[1]-- TIME:20090227-155749

[677](15:57:50)[2]-- TIME:20090227-155750

[678](15:57:51)[3]-- TIME:20090227-155751

[679](15:57:51)10.23.128.24: Timeout
[680](15:57:52)[0]-- TIME:20090227-155752

[681](15:57:53)[1]-- TIME:20090227-155753

[682](15:57:54)[2]-- TIME:20090227-155754

[683](15:57:55)[3]-- TIME:20090227-155755

[684](15:57:55)10.23.128.24: Timeout
[685](15:57:56)[0]-- TIME:20090227-155756

[686](15:57:57)[1]-- TIME:20090227-155757

[687](15:57:58)[2]-- TIME:20090227-155758

[688](15:57:59)[3]-- TIME:20090227-155759

[689](15:57:59)10.23.128.24: Timeout
[690](15:58:00)[0]-- TIME:20090227-155800

[691](15:58:01)[1]-- TIME:20090227-155801

[692](15:58:02)[2]-- TIME:20090227-155802

[693](15:58:03)[3]-- TIME:20090227-155803

[694](15:58:03)10.23.128.24: Timeout
[695](15:58:04)[0]-- TIME:20090227-155804

[696](15:58:05)[1]-- TIME:20090227-155805

[697](15:58:06)[2]-- TIME:20090227-155806

[698](15:58:07)[3]-- TIME:20090227-155807

[699](15:58:07)10.23.128.24: Timeout
[700](15:58:08)[0]-- TIME:20090227-155808

[701](15:58:09)[1]-- TIME:20090227-155809

[702](15:58:10)[2]-- TIME:20090227-155810

[703](15:58:11)[3]-- TIME:20090227-155811

[704](15:58:11)10.23.128.24: Timeout
[705](15:58:12)[0]-- TIME:20090227-155812

[706](15:58:13)[1]-- TIME:20090227-155813

[707](15:58:14)[2]-- TIME:20090227-155814

[708](15:58:15)[3]-- TIME:20090227-155815

[709](15:58:15)10.23.128.24: Timeout
[710](15:58:16)[0]-- TIME:20090227-155816

[711](15:58:17)[1]-- TIME:20090227-155817

[712](15:58:18)[2]-- TIME:20090227-155818

[713](15:58:19)[3]-- TIME:20090227-155819

[714](15:58:19)10.23.128.24: Timeout
[715](15:58:20)[0]-- TIME:20090227-155820

[716](15:58:21)[1]-- TIME:20090227-155821

[717](15:58:22)[2]-- TIME:20090227-155822

[718](15:58:23)[3]-- TIME:20090227-155823

[719](15:58:23)10.23.128.24: Timeout
[720](15:58:24)[0]-- TIME:20090227-155824

[721](15:58:25)[1]-- TIME:20090227-155825

[722](15:58:26)[2]-- TIME:20090227-155826

[723](15:58:27)[3]-- TIME:20090227-155827

[724](15:58:27)10.23.128.24: Timeout
[725](15:58:28)[0]-- TIME:20090227-155828

[726](15:58:29)[1]-- TIME:20090227-155829

[727](15:58:30)[2]-- TIME:20090227-155830

[728](15:58:31)[3]-- TIME:20090227-155831

[729](15:58:31)10.23.128.24: Timeout
[730](15:58:32)[0]-- TIME:20090227-155832

[731](15:58:33)[1]-- TIME:20090227-155833

[732](15:58:34)[2]-- TIME:20090227-155834

[733](15:58:35)[3]-- TIME:20090227-155835

[734](15:58:35)10.23.128.24: Timeout
[735](15:58:36)[0]-- TIME:20090227-155836

[736](15:58:37)[1]-- TIME:20090227-155837

[737](15:58:38)[2]-- TIME:20090227-155838

[738](15:58:39)[3]-- TIME:20090227-155839

[739](15:58:39)10.23.128.24: Timeout
[740](15:58:40)[0]-- TIME:20090227-155840

[741](15:58:41)[1]-- TIME:20090227-155841

[742](15:58:42)[2]-- TIME:20090227-155842

[743](15:58:43)[3]-- TIME:20090227-155843

[744](15:58:43)10.23.128.24: Timeout
[745](15:58:44)[0]-- TIME:20090227-155844

[746](15:58:45)[1]-- TIME:20090227-155845

[747](15:58:46)[2]-- TIME:20090227-155846

[748](15:58:47)[3]-- TIME:20090227-155847

[749](15:58:47)10.23.128.24: Timeout
[750](15:58:48)[0]-- TIME:20090227-155848

[751](15:58:49)[1]-- TIME:20090227-155849

[752](15:58:50)[2]-- TIME:20090227-155850

[753](15:58:51)[3]-- TIME:20090227-155851

[754](15:58:51)10.23.128.24: Timeout
[755](15:58:52)[0]-- TIME:20090227-155852

[756](15:58:53)[1]-- TIME:20090227-155853

[757](15:58:54)[2]-- TIME:20090227-155854

[758](15:58:55)[3]-- TIME:20090227-155855

[759](15:58:55)10.23.128.24: Timeout
[760](15:58:56)[0]-- TIME:20090227-155856

[761](15:58:57)[1]-- TIME:20090227-155857

[762](15:58:58)[2]-- TIME:20090227-155858

[763](15:58:59)[3]-- TIME:20090227-155859

[764](15:58:59)10.23.128.24: Timeout
[765](15:59:00)[0]-- TIME:20090227-155900

[766](15:59:01)[1]-- TIME:20090227-155901

[767](15:59:02)[2]-- TIME:20090227-155902

[768](15:59:03)[3]-- TIME:20090227-155903

[769](15:59:03)10.23.128.24: Timeout
[770](15:59:04)[0]-- TIME:20090227-155904

[771](15:59:05)[1]-- TIME:20090227-155905

[772](15:59:06)[2]-- TIME:20090227-155906

[773](15:59:07)[3]-- TIME:20090227-155907

[774](15:59:07)10.23.128.24: Timeout
[775](15:59:08)[0]-- TIME:20090227-155908

[776](15:59:09)[1]-- TIME:20090227-155909

[777](15:59:10)[2]-- TIME:20090227-155910

[778](15:59:11)[3]-- TIME:20090227-155911

[779](15:59:11)10.23.128.24: Timeout
[780](15:59:12)[0]-- TIME:20090227-155912

[781](15:59:13)[1]-- TIME:20090227-155913

[782](15:59:14)[2]-- TIME:20090227-155914

[783](15:59:15)[3]-- TIME:20090227-155915

[784](15:59:15)10.23.128.24: Timeout
[785](15:59:16)[0]-- TIME:20090227-155916

[786](15:59:17)[1]-- TIME:20090227-155917

[787](15:59:18)[2]-- TIME:20090227-155918

[788](15:59:19)[3]-- TIME:20090227-155919

[789](15:59:19)10.23.128.24: Timeout
[790](15:59:20)[0]-- TIME:20090227-155920

[791](15:59:21)[1]-- TIME:20090227-155921

[792](15:59:22)[2]-- TIME:20090227-155922

[793](15:59:23)[3]-- TIME:20090227-155923

[794](15:59:23)10.23.128.24: Timeout
[795](15:59:24)[0]-- TIME:20090227-155924

[796](15:59:25)[1]-- TIME:20090227-155925

[797](15:59:26)[2]-- TIME:20090227-155926

[798](15:59:27)[3]-- TIME:20090227-155927

[799](15:59:27)10.23.128.24: Timeout
[800](15:59:28)[0]-- TIME:20090227-155928

[801](15:59:29)[1]-- TIME:20090227-155929

[802](15:59:30)[2]-- TIME:20090227-155930

[803](15:59:31)[3]-- TIME:20090227-155931

[804](15:59:31)10.23.128.24: Timeout
[805](15:59:32)[0]-- TIME:20090227-155932

[806](15:59:33)[1]-- TIME:20090227-155933

[807](15:59:34)[2]-- TIME:20090227-155934

[808](15:59:35)[3]-- TIME:20090227-155935

[809](15:59:35)10.23.128.24: Timeout
[810](15:59:36)[0]-- TIME:20090227-155936

[811](15:59:37)[1]-- TIME:20090227-155937

[812](15:59:38)[2]-- TIME:20090227-155938

[813](15:59:39)[3]-- TIME:20090227-155939

[814](15:59:39)10.23.128.24: Timeout
[815](15:59:40)[0]-- TIME:20090227-155940

[816](15:59:41)[1]-- TIME:20090227-155941

[817](15:59:42)[2]-- TIME:20090227-155942

[818](15:59:43)[3]-- TIME:20090227-155943

[819](15:59:43)10.23.128.24: Timeout
[820](15:59:44)[0]-- TIME:20090227-155944

[821](15:59:45)[1]-- TIME:20090227-155945

[822](15:59:46)[2]-- TIME:20090227-155946

[823](15:59:47)[3]-- TIME:20090227-155947

[824](15:59:47)10.23.128.24: Timeout
[825](15:59:48)[0]-- TIME:20090227-155948

[826](15:59:49)[1]-- TIME:20090227-155949

[827](15:59:50)[2]-- TIME:20090227-155950

[828](15:59:51)[3]-- TIME:20090227-155951

[829](15:59:51)10.23.128.24: Timeout
[830](15:59:52)[0]-- TIME:20090227-155952

[831](15:59:53)[1]-- TIME:20090227-155953

[832](15:59:54)[2]-- TIME:20090227-155954

[833](15:59:55)[3]-- TIME:20090227-155955

[834](15:59:55)10.23.128.24: Timeout
[835](15:59:56)[0]-- TIME:20090227-155956

[836](15:59:57)[1]-- TIME:20090227-155957

[837](15:59:58)[2]-- TIME:20090227-155958

[838](15:59:59)[3]-- TIME:20090227-155959

[839](15:59:59)10.23.128.24: Timeout
[840](16:00:00)[0]-- TIME:20090227-160000

[841](16:00:01)[1]-- TIME:20090227-160001

[842](16:00:02)[2]-- TIME:20090227-160002

[843](16:00:03)[3]-- TIME:20090227-160003

[844](16:00:03)10.23.128.24: Timeout
[845](16:00:04)[0]-- TIME:20090227-160004

[846](16:00:05)[1]-- TIME:20090227-160005

[847](16:00:06)[2]-- TIME:20090227-160006

[848](16:00:07)[3]-- TIME:20090227-160007

[849](16:00:07)10.23.128.24: Timeout
[850](16:00:08)[0]-- TIME:20090227-160008

[851](16:00:09)[1]-- TIME:20090227-160009

[852](16:00:10)[2]-- TIME:20090227-160010

[853](16:00:11)[3]-- TIME:20090227-160011

[854](16:00:11)10.23.128.24: Timeout
[855](16:00:12)[0]-- TIME:20090227-160012

[856](16:00:13)[1]-- TIME:20090227-160013

[857](16:00:14)[2]-- TIME:20090227-160014

[858](16:00:15)[3]-- TIME:20090227-160015

[859](16:00:15)10.23.128.24: Timeout
[860](16:00:16)[0]-- TIME:20090227-160016

[861](16:00:17)[1]-- TIME:20090227-160017

[862](16:00:18)[2]-- TIME:20090227-160018

[863](16:00:19)[3]-- TIME:20090227-160019

[864](16:00:19)10.23.128.24: Timeout
[865](16:00:20)[0]-- TIME:20090227-160020

[866](16:00:21)[1]-- TIME:20090227-160021

[867](16:00:22)[2]-- TIME:20090227-160022

[868](16:00:23)[3]-- TIME:20090227-160023

[869](16:00:23)10.23.128.24: Timeout
[870](16:00:24)[0]-- TIME:20090227-160024

[871](16:00:25)[1]-- TIME:20090227-160025

[872](16:00:26)[2]-- TIME:20090227-160026

[873](16:00:27)[3]-- TIME:20090227-160027

[874](16:00:27)10.23.128.24: Timeout
[875](16:00:28)[0]-- TIME:20090227-160028

[876](16:00:29)[1]-- TIME:20090227-160029

[877](16:00:30)[2]-- TIME:20090227-160030

[878](16:00:31)[3]-- TIME:20090227-160031

[879](16:00:31)10.23.128.24: Timeout
[880](16:00:32)[0]-- TIME:20090227-160032

[881](16:00:33)[1]-- TIME:20090227-160033

[882](16:00:34)[2]-- TIME:20090227-160034

[883](16:00:35)[3]-- TIME:20090227-160035

[884](16:00:35)10.23.128.24: Timeout
[885](16:00:36)[0]-- TIME:20090227-160036

[886](16:00:37)[1]-- TIME:20090227-160037

[887](16:00:38)[2]-- TIME:20090227-160038

[888](16:00:39)[3]-- TIME:20090227-160039

[889](16:00:39)10.23.128.24: Timeout
[890](16:00:40)[0]-- TIME:20090227-160040

[891](16:00:41)[1]-- TIME:20090227-160041

[892](16:00:42)[2]-- TIME:20090227-160042

[893](16:00:43)[3]-- TIME:20090227-160043

[894](16:00:43)10.23.128.24: Timeout
[895](16:00:44)[0]-- TIME:20090227-160044

[896](16:00:45)[1]-- TIME:20090227-160045

[897](16:00:46)[2]-- TIME:20090227-160046

[898](16:00:47)[3]-- TIME:20090227-160047

[899](16:00:47)10.23.128.24: Timeout
[900](16:00:48)[0]-- TIME:20090227-160048

[901](16:00:49)[1]-- TIME:20090227-160049

[902](16:00:50)[2]-- TIME:20090227-160050

[903](16:00:51)[3]-- TIME:20090227-160051

[904](16:00:51)10.23.128.24: Timeout
[905](16:00:52)[0]-- TIME:20090227-160052

[906](16:00:53)[1]-- TIME:20090227-160053

[907](16:00:54)[2]-- TIME:20090227-160054

[908](16:00:55)[3]-- TIME:20090227-160055

[909](16:00:55)10.23.128.24: Timeout
[910](16:00:56)[0]-- TIME:20090227-160056

[911](16:00:57)[1]-- TIME:20090227-160057

[912](16:00:58)[2]-- TIME:20090227-160058

[913](16:00:59)[3]-- TIME:20090227-160059

[914](16:00:59)10.23.128.24: Timeout
[915](16:01:00)[0]-- TIME:20090227-160100

[916](16:01:01)[1]-- TIME:20090227-160101

[917](16:01:02)[2]-- TIME:20090227-160102

[918](16:01:03)[3]-- TIME:20090227-160103

[919](16:01:03)10.23.128.24: Timeout
[920](16:01:04)[0]-- TIME:20090227-160104

[921](16:01:05)[1]-- TIME:20090227-160105

[922](16:01:06)[2]-- TIME:20090227-160106

[923](16:01:07)[3]-- TIME:20090227-160107

[924](16:01:07)10.23.128.24: Timeout
[925](16:01:08)[0]-- TIME:20090227-160108

[926](16:01:09)[1]-- TIME:20090227-160109

[927](16:01:10)[2]-- TIME:20090227-160110

[928](16:01:11)[3]-- TIME:20090227-160111

[929](16:01:11)10.23.128.24: Timeout
[930](16:01:12)[0]-- TIME:20090227-160112

[931](16:01:13)[1]-- TIME:20090227-160113

[932](16:01:14)[2]-- TIME:20090227-160114

[933](16:01:15)[3]-- TIME:20090227-160115

[934](16:01:15)10.23.128.24: Timeout
[935](16:01:16)[0]-- TIME:20090227-160116

[936](16:01:17)[1]-- TIME:20090227-160117

[937](16:01:18)[2]-- TIME:20090227-160118

[938](16:01:19)[3]-- TIME:20090227-160119

[939](16:01:19)10.23.128.24: Timeout
[940](16:01:20)[0]-- TIME:20090227-160120

[941](16:01:21)[1]-- TIME:20090227-160121

[942](16:01:22)[2]-- TIME:20090227-160122

[943](16:01:23)[3]-- TIME:20090227-160123

[944](16:01:23)10.23.128.24: Timeout
[945](16:01:24)[0]-- TIME:20090227-160124

[946](16:01:25)[1]-- TIME:20090227-160125

[947](16:01:26)[2]-- TIME:20090227-160126

[948](16:01:27)[3]-- TIME:20090227-160127

[949](16:01:27)10.23.128.24: Timeout
[950](16:01:28)[0]-- TIME:20090227-160128

[951](16:01:29)[1]-- TIME:20090227-160129

[952](16:01:30)[2]-- TIME:20090227-160130

[953](16:01:31)[3]-- TIME:20090227-160131

[954](16:01:31)10.23.128.24: Timeout
[955](16:01:32)[0]-- TIME:20090227-160132

[956](16:01:33)[1]-- TIME:20090227-160133

[957](16:01:34)[2]-- TIME:20090227-160134

[958](16:01:35)[3]-- TIME:20090227-160135

[959](16:01:35)10.23.128.24: Timeout
[960](16:01:36)[0]-- TIME:20090227-160136

[961](16:01:37)[1]-- TIME:20090227-160137

[962](16:01:38)[2]-- TIME:20090227-160138

[963](16:01:39)[3]-- TIME:20090227-160139

[964](16:01:39)10.23.128.24: Timeout
[965](16:01:40)[0]-- TIME:20090227-160140

[966](16:01:41)[1]-- TIME:20090227-160141

[967](16:01:42)[2]-- TIME:20090227-160142

[968](16:01:43)[3]-- TIME:20090227-160143

[969](16:01:43)10.23.128.24: Timeout
[970](16:01:44)[0]-- TIME:20090227-160144

[971](16:01:45)[1]-- TIME:20090227-160145

[972](16:01:46)[2]-- TIME:20090227-160146

[973](16:01:47)[3]-- TIME:20090227-160147

[974](16:01:47)10.23.128.24: Timeout
[975](16:01:48)[0]-- TIME:20090227-160148

[976](16:01:49)[1]-- TIME:20090227-160149

[977](16:01:50)[2]-- TIME:20090227-160150

[978](16:01:51)[3]-- TIME:20090227-160151

[979](16:01:51)10.23.128.24: Timeout
[980](16:01:52)[0]-- TIME:20090227-160152

[981](16:01:53)[1]-- TIME:20090227-160153

[982](16:01:54)[2]-- TIME:20090227-160154

[983](16:01:55)[3]-- TIME:20090227-160155

[984](16:01:55)10.23.128.24: Timeout
[985](16:01:56)[0]-- TIME:20090227-160156

[986](16:01:57)[1]-- TIME:20090227-160157

[987](16:01:58)[2]-- TIME:20090227-160158

[988](16:01:59)[3]-- TIME:20090227-160159

[989](16:01:59)10.23.128.24: Timeout
[990](16:02:00)[0]-- TIME:20090227-160200

[991](16:02:01)[1]-- TIME:20090227-160201

[992](16:02:02)[2]-- TIME:20090227-160202

[993](16:02:03)[3]-- TIME:20090227-160203

[994](16:02:03)10.23.128.24: Timeout
[995](16:02:04)[0]-- TIME:20090227-160204

[996](16:02:05)[1]-- TIME:20090227-160205

[997](16:02:06)[2]-- TIME:20090227-160206

[998](16:02:07)[3]-- TIME:20090227-160207

[999](16:02:07)10.23.128.24: Timeout
[1000](16:02:08)[0]-- TIME:20090227-160208
