
[0](08:48:52)[3]-- TIME:20090306-084852

[1](08:48:52)10.23.128.24: Timeout
[2](08:48:53)[0]-- TIME:20090306-084853

[3](08:48:54)[1]-- TIME:20090306-084854

[4](08:48:55)[2]-- TIME:20090306-084855

[5](08:48:56)[3]-- TIME:20090306-084856

[6](08:48:56)10.23.128.24: Timeout
[7](08:48:57)[0]-- TIME:20090306-084857

[8](08:48:58)[1]-- TIME:20090306-084858

[9](08:48:59)[2]-- TIME:20090306-084859

[10](08:49:00)[3]-- TIME:20090306-084900

[11](08:49:00)10.23.128.24: Timeout
[12](08:49:01)[0]-- TIME:20090306-084901

[13](08:49:02)[1]-- TIME:20090306-084902

[14](08:49:03)[2]-- TIME:20090306-084903

[15](08:49:04)[3]-- TIME:20090306-084904

[16](08:49:04)10.23.128.24: Timeout
[17](08:49:05)[0]-- TIME:20090306-084905

[18](08:49:06)[1]-- TIME:20090306-084906

[19](08:49:07)[2]-- TIME:20090306-084907

[20](08:49:08)[3]-- TIME:20090306-084908

[21](08:49:08)10.23.128.24: Timeout
[22](08:49:09)[0]-- TIME:20090306-084909

[23](08:49:10)[1]-- TIME:20090306-084910

[24](08:49:11)[2]-- TIME:20090306-084911

[25](08:49:12)[3]-- TIME:20090306-084912

[26](08:49:12)10.23.128.24: Timeout
[27](08:49:13)[0]-- TIME:20090306-084913

[28](08:49:14)[1]-- TIME:20090306-084914

[29](08:49:15)[2]-- TIME:20090306-084915

[30](08:49:16)[3]-- TIME:20090306-084916

[31](08:49:16)10.23.128.24: Timeout
[32](08:49:17)[0]-- TIME:20090306-084917

[33](08:49:18)[1]-- TIME:20090306-084918

[34](08:49:19)[2]-- TIME:20090306-084919

[35](08:49:20)[3]-- TIME:20090306-084920

[36](08:49:20)10.23.128.24: Timeout
[37](08:49:21)[0]-- TIME:20090306-084921

[38](08:49:22)[1]-- TIME:20090306-084922

[39](08:49:23)[2]-- TIME:20090306-084923

[40](08:49:24)[3]-- TIME:20090306-084924

[41](08:49:24)10.23.128.24: Timeout
[42](08:49:25)[0]-- TIME:20090306-084925

[43](08:49:28)[1]-- TIME:20090306-084928

[44](08:49:29)[2]-- TIME:20090306-084929

[45](08:49:30)[3]-- TIME:20090306-084930

[46](08:49:30)10.23.128.24: Timeout
[47](08:49:31)[0]-- TIME:20090306-084931

[48](08:49:32)[1]-- TIME:20090306-084932

[49](08:49:33)[2]-- TIME:20090306-084933

[50](08:49:34)[3]-- TIME:20090306-084934

[51](08:49:34)10.23.128.24: Timeout
[52](08:49:35)[0]-- TIME:20090306-084935

[53](08:49:36)[1]-- TIME:20090306-084936

[54](08:49:37)[2]-- TIME:20090306-084937

[55](08:49:38)[3]-- TIME:20090306-084938

[56](08:49:38)10.23.128.24: Timeout
[57](08:49:39)[0]-- TIME:20090306-084939

[58](08:49:40)[1]-- TIME:20090306-084940

[59](08:49:41)[2]-- TIME:20090306-084941

[60](08:49:42)[3]-- TIME:20090306-084942

[61](08:49:42)10.23.128.24: Timeout
[62](08:49:43)[0]-- TIME:20090306-084943

[63](08:49:44)[1]-- TIME:20090306-084944

[64](08:49:45)[2]-- TIME:20090306-084945

[65](08:49:46)[3]-- TIME:20090306-084946

[66](08:49:46)10.23.128.24: Timeout
[67](08:49:47)[0]-- TIME:20090306-084947

[68](08:49:48)[1]-- TIME:20090306-084948

[69](08:49:49)[2]-- TIME:20090306-084949

[70](08:49:50)[3]-- TIME:20090306-084950

[71](08:49:50)10.23.128.24: Timeout
[72](08:49:51)[0]-- TIME:20090306-084951

[73](08:49:52)[1]-- TIME:20090306-084952

[74](08:49:53)[2]-- TIME:20090306-084953

[75](08:49:54)[3]-- TIME:20090306-084954

[76](08:49:54)10.23.128.24: Timeout
[77](08:49:55)[0]-- TIME:20090306-084955

[78](08:49:56)[1]-- TIME:20090306-084956

[79](08:49:57)[2]-- TIME:20090306-084957

[80](08:49:58)[3]-- TIME:20090306-084958

[81](08:49:58)10.23.128.24: Timeout
[82](08:49:59)[0]-- TIME:20090306-084959

[83](08:50:00)[1]-- TIME:20090306-085000

[84](08:50:01)[2]-- TIME:20090306-085001

[85](08:50:02)[3]-- TIME:20090306-085002

[86](08:50:02)10.23.128.24: Timeout
[87](08:50:03)[0]-- TIME:20090306-085003

[88](08:50:04)[1]-- TIME:20090306-085004

[89](08:50:05)[2]-- TIME:20090306-085005

[90](08:50:06)[3]-- TIME:20090306-085006

[91](08:50:06)10.23.128.24: Timeout
[92](08:50:07)[0]-- TIME:20090306-085007

[93](08:50:08)[1]-- TIME:20090306-085008

[94](08:50:09)[2]-- TIME:20090306-085009

[95](08:50:10)[3]-- TIME:20090306-085010

[96](08:50:10)10.23.128.24: Timeout
[97](08:50:11)[0]-- TIME:20090306-085011

[98](08:50:12)[1]-- TIME:20090306-085012

[99](08:50:13)[2]-- TIME:20090306-085013

[100](08:50:14)[3]-- TIME:20090306-085014

[101](08:50:14)10.23.128.24: Timeout
[102](08:50:15)[0]-- TIME:20090306-085015

[103](08:50:18)[1]-- TIME:20090306-085018

[104](08:50:19)[2]-- TIME:20090306-085019

[105](08:50:20)[3]-- TIME:20090306-085020

[106](08:50:20)10.23.128.24: Timeout
[107](08:50:21)[0]-- TIME:20090306-085021

[108](08:50:22)[1]-- TIME:20090306-085022

[109](08:50:23)[2]-- TIME:20090306-085023

[110](08:50:24)[3]-- TIME:20090306-085024

[111](08:50:24)10.23.128.24: Timeout
[112](08:50:25)[0]-- TIME:20090306-085025

[113](08:50:26)[1]-- TIME:20090306-085026

[114](08:50:27)[2]-- TIME:20090306-085027

[115](08:50:28)[3]-- TIME:20090306-085028

[116](08:50:28)10.23.128.24: Timeout
[117](08:50:29)[0]-- TIME:20090306-085029

[118](08:50:30)[1]-- TIME:20090306-085030

[119](08:50:31)[2]-- TIME:20090306-085031

[120](08:50:32)[3]-- TIME:20090306-085032

[121](08:50:32)10.23.128.24: Timeout
[122](08:50:33)[0]-- TIME:20090306-085033

[123](08:50:34)[1]-- TIME:20090306-085034

[124](08:50:35)[2]-- TIME:20090306-085035

[125](08:50:36)[3]-- TIME:20090306-085036

[126](08:50:36)10.23.128.24: Timeout
[127](08:50:37)[0]-- TIME:20090306-085037

[128](08:50:38)[1]-- TIME:20090306-085038

[129](08:50:39)[2]-- TIME:20090306-085039

[130](08:50:40)[3]-- TIME:20090306-085040

[131](08:50:40)10.23.128.24: Timeout
[132](08:50:41)[0]-- TIME:20090306-085041

[133](08:50:42)[1]-- TIME:20090306-085042

[134](08:50:43)[2]-- TIME:20090306-085043

[135](08:50:44)[3]-- TIME:20090306-085044

[136](08:50:44)10.23.128.24: Timeout
[137](08:50:45)[0]-- TIME:20090306-085045

[138](08:50:46)[1]-- TIME:20090306-085046

[139](08:50:47)[2]-- TIME:20090306-085047

[140](08:50:48)[3]-- TIME:20090306-085048

[141](08:50:48)10.23.128.24: Timeout
[142](08:50:49)[0]-- TIME:20090306-085049

[143](08:50:50)[1]-- TIME:20090306-085050

[144](08:50:51)[2]-- TIME:20090306-085051

[145](08:50:52)[3]-- TIME:20090306-085052

[146](08:50:52)10.23.128.24: Timeout
[147](08:50:53)[0]-- TIME:20090306-085053

[148](08:50:54)[1]-- TIME:20090306-085054

[149](08:50:55)[2]-- TIME:20090306-085055

[150](08:50:56)[3]-- TIME:20090306-085056

[151](08:50:56)10.23.128.24: Timeout
[152](08:50:57)[0]-- TIME:20090306-085057

[153](08:50:58)[1]-- TIME:20090306-085058

[154](08:50:59)[2]-- TIME:20090306-085059

[155](08:51:00)[3]-- TIME:20090306-085100

[156](08:51:00)10.23.128.24: Timeout
[157](08:51:01)[0]-- TIME:20090306-085101

[158](08:51:02)[1]-- TIME:20090306-085102

[159](08:51:03)[2]-- TIME:20090306-085103

[160](08:51:04)[3]-- TIME:20090306-085104

[161](08:51:04)10.23.128.24: Timeout
[162](08:51:05)[0]-- TIME:20090306-085105

[163](08:51:06)[1]-- TIME:20090306-085106

[164](08:51:07)[2]-- TIME:20090306-085107

[165](08:51:08)[3]-- TIME:20090306-085108

[166](08:51:08)10.23.128.24: Timeout
[167](08:51:09)[0]-- TIME:20090306-085109

[168](08:51:10)[1]-- TIME:20090306-085110

[169](08:51:11)[2]-- TIME:20090306-085111

[170](08:51:12)[3]-- TIME:20090306-085112

[171](08:51:12)10.23.128.24: Timeout
[172](08:51:13)[0]-- TIME:20090306-085113

[173](08:51:14)[1]-- TIME:20090306-085114

[174](08:51:15)[2]-- TIME:20090306-085115

[175](08:51:16)[3]-- TIME:20090306-085116

[176](08:51:16)10.23.128.24: Timeout
[177](08:51:17)[0]-- TIME:20090306-085117

[178](08:51:18)[1]-- TIME:20090306-085118

[179](08:51:19)[2]-- TIME:20090306-085119

[180](08:51:20)[3]-- TIME:20090306-085120

[181](08:51:20)10.23.128.24: Timeout
[182](08:51:21)[0]-- TIME:20090306-085121

[183](08:51:22)[1]-- TIME:20090306-085122

[184](08:51:23)[2]-- TIME:20090306-085123

[185](08:51:24)[3]-- TIME:20090306-085124

[186](08:51:24)10.23.128.24: Timeout
[187](08:51:25)[0]-- TIME:20090306-085125

[188](08:51:26)[1]-- TIME:20090306-085126

[189](08:51:27)[2]-- TIME:20090306-085127

[190](08:51:28)[3]-- TIME:20090306-085128

[191](08:51:28)10.23.128.24: Timeout
[192](08:51:29)[0]-- TIME:20090306-085129

[193](08:51:30)[1]-- TIME:20090306-085130

[194](08:51:31)[2]-- TIME:20090306-085131

[195](08:51:32)[3]-- TIME:20090306-085132

[196](08:51:32)10.23.128.24: Timeout
[197](08:51:33)[0]-- TIME:20090306-085133

[198](08:51:34)[1]-- TIME:20090306-085134

[199](08:51:35)[2]-- TIME:20090306-085135

[200](08:51:36)[3]-- TIME:20090306-085136

[201](08:51:36)10.23.128.24: Timeout
[202](08:51:37)[0]-- TIME:20090306-085137

[203](08:51:38)[1]-- TIME:20090306-085138

[204](08:51:39)[2]-- TIME:20090306-085139

[205](08:51:40)[3]-- TIME:20090306-085140

[206](08:51:40)10.23.128.24: Timeout
[207](08:51:41)[0]-- TIME:20090306-085141

[208](08:51:42)[1]-- TIME:20090306-085142

[209](08:51:43)[2]-- TIME:20090306-085143

[210](08:51:44)[3]-- TIME:20090306-085144

[211](08:51:44)10.23.128.24: Timeout
[212](08:51:45)[0]-- TIME:20090306-085145

[213](08:51:46)[1]-- TIME:20090306-085146

[214](08:51:47)[2]-- TIME:20090306-085147

[215](08:51:48)[3]-- TIME:20090306-085148

[216](08:51:48)10.23.128.24: Timeout
[217](08:51:49)[0]-- TIME:20090306-085149

[218](08:51:50)[1]-- TIME:20090306-085150

[219](08:51:51)[2]-- TIME:20090306-085151

[220](08:51:52)[3]-- TIME:20090306-085152

[221](08:51:52)10.23.128.24: Timeout
[222](08:51:53)[0]-- TIME:20090306-085153

[223](08:51:54)[1]-- TIME:20090306-085154

[224](08:51:55)[2]-- TIME:20090306-085155

[225](08:51:56)[3]-- TIME:20090306-085156

[226](08:51:56)10.23.128.24: Timeout
[227](08:51:57)[0]-- TIME:20090306-085157

[228](08:51:58)[1]-- TIME:20090306-085158

[229](08:51:59)[2]-- TIME:20090306-085159

[230](08:52:00)[3]-- TIME:20090306-085200

[231](08:52:00)10.23.128.24: Timeout
[232](08:52:01)[0]-- TIME:20090306-085201

[233](08:52:02)[1]-- TIME:20090306-085202

[234](08:52:03)[2]-- TIME:20090306-085203

[235](08:52:04)[3]-- TIME:20090306-085204

[236](08:52:04)10.23.128.24: Timeout
[237](08:52:05)[0]-- TIME:20090306-085205

[238](08:52:06)[1]-- TIME:20090306-085206

[239](08:52:07)[2]-- TIME:20090306-085207

[240](08:52:08)[3]-- TIME:20090306-085208

[241](08:52:08)10.23.128.24: Timeout
[242](08:52:09)[0]-- TIME:20090306-085209

[243](08:52:12)[1]-- TIME:20090306-085212

[244](08:52:13)[2]-- TIME:20090306-085213

[245](08:52:14)[3]-- TIME:20090306-085214

[246](08:52:14)10.23.128.24: Timeout
[247](08:52:15)[0]-- TIME:20090306-085215

[248](08:52:16)[1]-- TIME:20090306-085216

[249](08:52:17)[2]-- TIME:20090306-085217

[250](08:52:18)[3]-- TIME:20090306-085218

[251](08:52:18)10.23.128.24: Timeout
[252](08:52:19)[0]-- TIME:20090306-085219

[253](08:52:20)[1]-- TIME:20090306-085220

[254](08:52:21)[2]-- TIME:20090306-085221

[255](08:52:22)[3]-- TIME:20090306-085222

[256](08:52:22)10.23.128.24: Timeout
[257](08:52:23)[0]-- TIME:20090306-085223

[258](08:52:24)[1]-- TIME:20090306-085224

[259](08:52:25)[2]-- TIME:20090306-085225

[260](08:52:26)[3]-- TIME:20090306-085226

[261](08:52:26)10.23.128.24: Timeout
[262](08:52:27)[0]-- TIME:20090306-085227

[263](08:52:28)[1]-- TIME:20090306-085228

[264](08:52:29)[2]-- TIME:20090306-085229

[265](08:52:30)[3]-- TIME:20090306-085230

[266](08:52:30)10.23.128.24: Timeout
[267](08:52:31)[0]-- TIME:20090306-085231

[268](08:52:32)[1]-- TIME:20090306-085232

[269](08:52:33)[2]-- TIME:20090306-085233

[270](08:52:34)[3]-- TIME:20090306-085234

[271](08:52:41)10.23.128.24: Timeout
[272](08:52:41)[0]-- TIME:20090306-085241

[273](08:52:42)[1]-- TIME:20090306-085242

[274](08:52:43)[2]-- TIME:20090306-085243

[275](08:52:44)[3]-- TIME:20090306-085244

[276](08:52:44)10.23.128.24: Timeout
[277](08:52:45)[0]-- TIME:20090306-085245

[278](08:52:46)[1]-- TIME:20090306-085246

[279](08:52:47)[2]-- TIME:20090306-085247

[280](08:52:48)[3]-- TIME:20090306-085248

[281](08:52:48)10.23.128.24: Timeout
[282](08:52:49)[0]-- TIME:20090306-085249

[283](08:52:50)[1]-- TIME:20090306-085250

[284](08:52:51)[2]-- TIME:20090306-085251

[285](08:52:52)[3]-- TIME:20090306-085252

[286](08:52:52)10.23.128.24: Timeout
[287](08:52:53)[0]-- TIME:20090306-085253

[288](08:52:54)[1]-- TIME:20090306-085254

[289](08:52:55)[2]-- TIME:20090306-085255

[290](08:52:56)[3]-- TIME:20090306-085256

[291](08:52:56)10.23.128.24: Timeout
[292](08:52:57)[0]-- TIME:20090306-085257

[293](08:52:58)[1]-- TIME:20090306-085258

[294](08:52:59)[2]-- TIME:20090306-085259

[295](08:53:00)[3]-- TIME:20090306-085300

[296](08:53:00)10.23.128.24: Timeout
[297](08:53:01)[0]-- TIME:20090306-085301

[298](08:53:02)[1]-- TIME:20090306-085302

[299](08:53:03)[2]-- TIME:20090306-085303

[300](08:53:04)[3]-- TIME:20090306-085304

[301](08:53:04)10.23.128.24: Timeout
[302](08:53:05)[0]-- TIME:20090306-085305

[303](08:53:08)[1]-- TIME:20090306-085308

[304](08:53:09)[2]-- TIME:20090306-085309

[305](08:53:10)[3]-- TIME:20090306-085310

[306](08:53:10)10.23.128.24: Timeout
[307](08:53:11)[0]-- TIME:20090306-085311

[308](08:53:12)[1]-- TIME:20090306-085312

[309](08:53:13)[2]-- TIME:20090306-085313

[310](08:53:14)[3]-- TIME:20090306-085314

[311](08:53:14)10.23.128.24: Timeout
[312](08:53:15)[0]-- TIME:20090306-085315

[313](08:53:16)[1]-- TIME:20090306-085316

[314](08:53:17)[2]-- TIME:20090306-085317

[315](08:53:18)[3]-- TIME:20090306-085318

[316](08:53:18)10.23.128.24: Timeout
[317](08:53:19)[0]-- TIME:20090306-085319

[318](08:53:20)[1]-- TIME:20090306-085320

[319](08:53:21)[2]-- TIME:20090306-085321

[320](08:53:22)[3]-- TIME:20090306-085322

[321](08:53:22)10.23.128.24: Timeout
[322](08:53:23)[0]-- TIME:20090306-085323

[323](08:53:24)[1]-- TIME:20090306-085324

[324](08:53:25)[2]-- TIME:20090306-085325

[325](08:53:26)[3]-- TIME:20090306-085326

[326](08:53:26)10.23.128.24: Timeout
[327](08:53:27)[0]-- TIME:20090306-085327

[328](08:53:28)[1]-- TIME:20090306-085328

[329](08:53:29)[2]-- TIME:20090306-085329

[330](08:53:30)[3]-- TIME:20090306-085330

[331](08:53:30)10.23.128.24: Timeout
[332](08:53:31)[0]-- TIME:20090306-085331

[333](08:53:32)[1]-- TIME:20090306-085332

[334](08:53:33)[2]-- TIME:20090306-085333

[335](08:53:34)[3]-- TIME:20090306-085334

[336](08:53:34)10.23.128.24: Timeout
[337](08:53:35)[0]-- TIME:20090306-085335

[338](08:53:36)[1]-- TIME:20090306-085336

[339](08:53:37)[2]-- TIME:20090306-085337

[340](08:53:38)[3]-- TIME:20090306-085338

[341](08:53:38)10.23.128.24: Timeout
[342](08:53:39)[0]-- TIME:20090306-085339

[343](08:53:40)[1]-- TIME:20090306-085340

[344](08:53:41)[2]-- TIME:20090306-085341

[345](08:53:42)[3]-- TIME:20090306-085342

[346](08:53:42)10.23.128.24: Timeout
[347](08:53:43)[0]-- TIME:20090306-085343

[348](08:53:44)[1]-- TIME:20090306-085344

[349](08:53:45)[2]-- TIME:20090306-085345

[350](08:53:46)[3]-- TIME:20090306-085346

[351](08:53:46)10.23.128.24: Timeout
[352](08:53:47)[0]-- TIME:20090306-085347

[353](08:53:50)[1]-- TIME:20090306-085350

[354](08:53:51)[2]-- TIME:20090306-085351

[355](08:53:52)[3]-- TIME:20090306-085352

[356](08:53:52)10.23.128.24: Timeout
[357](08:53:53)[0]-- TIME:20090306-085353

[358](08:53:54)[1]-- TIME:20090306-085354

[359](08:53:55)[2]-- TIME:20090306-085355

[360](08:53:56)[3]-- TIME:20090306-085356

[361](08:53:56)10.23.128.24: Timeout
[362](08:53:57)[0]-- TIME:20090306-085357

[363](08:53:58)[1]-- TIME:20090306-085358

[364](08:53:59)[2]-- TIME:20090306-085359

[365](08:54:00)[3]-- TIME:20090306-085400

[366](08:54:00)10.23.128.24: Timeout
[367](08:54:01)[0]-- TIME:20090306-085401

[368](08:54:02)[1]-- TIME:20090306-085402

[369](08:54:03)[2]-- TIME:20090306-085403

[370](08:54:04)[3]-- TIME:20090306-085404

[371](08:54:04)10.23.128.24: Timeout
[372](08:54:05)[0]-- TIME:20090306-085405

[373](08:54:06)[1]-- TIME:20090306-085406

[374](08:54:07)[2]-- TIME:20090306-085407

[375](08:54:08)[3]-- TIME:20090306-085408

[376](08:54:08)10.23.128.24: Timeout
[377](08:54:09)[0]-- TIME:20090306-085409

[378](08:54:10)[1]-- TIME:20090306-085410

[379](08:54:11)[2]-- TIME:20090306-085411

[380](08:54:12)[3]-- TIME:20090306-085412

[381](08:54:12)10.23.128.24: Timeout
[382](08:54:13)[0]-- TIME:20090306-085413

[383](08:54:14)[1]-- TIME:20090306-085414

[384](08:54:15)[2]-- TIME:20090306-085415

[385](08:54:16)[3]-- TIME:20090306-085416

[386](08:54:16)10.23.128.24: Timeout
[387](08:54:17)[0]-- TIME:20090306-085417

[388](08:54:18)[1]-- TIME:20090306-085418

[389](08:54:19)[2]-- TIME:20090306-085419

[390](08:54:20)[3]-- TIME:20090306-085420

[391](08:54:20)10.23.128.24: Timeout
[392](08:54:21)[0]-- TIME:20090306-085421

[393](08:54:22)[1]-- TIME:20090306-085422

[394](08:54:23)[2]-- TIME:20090306-085423

[395](08:54:24)[3]-- TIME:20090306-085424

[396](08:54:24)10.23.128.24: Timeout
[397](08:54:25)[0]-- TIME:20090306-085425

[398](08:54:26)[1]-- TIME:20090306-085426

[399](08:54:27)[2]-- TIME:20090306-085427

[400](08:54:28)[3]-- TIME:20090306-085428

[401](08:54:28)10.23.128.24: Timeout
[402](08:54:29)[0]-- TIME:20090306-085429

[403](08:54:30)[1]-- TIME:20090306-085430

[404](08:54:31)[2]-- TIME:20090306-085431

[405](08:54:32)[3]-- TIME:20090306-085432

[406](08:54:32)10.23.128.24: Timeout
[407](08:54:33)[0]-- TIME:20090306-085433

[408](08:54:36)[1]-- TIME:20090306-085436

[409](08:54:37)[2]-- TIME:20090306-085437

[410](08:54:38)[3]-- TIME:20090306-085438

[411](08:54:38)10.23.128.24: Timeout
[412](08:54:39)[0]-- TIME:20090306-085439

[413](08:54:40)[1]-- TIME:20090306-085440

[414](08:54:41)[2]-- TIME:20090306-085441

[415](08:54:42)[3]-- TIME:20090306-085442

[416](08:54:42)10.23.128.24: Timeout
[417](08:54:43)[0]-- TIME:20090306-085443

[418](08:54:44)[1]-- TIME:20090306-085444

[419](08:54:45)[2]-- TIME:20090306-085445

[420](08:54:46)[3]-- TIME:20090306-085446

[421](08:54:46)10.23.128.24: Timeout
[422](08:54:47)[0]-- TIME:20090306-085447

[423](08:54:48)[1]-- TIME:20090306-085448

[424](08:54:49)[2]-- TIME:20090306-085449

[425](08:54:50)[3]-- TIME:20090306-085450

[426](08:54:50)10.23.128.24: Timeout
[427](08:54:51)[0]-- TIME:20090306-085451

[428](08:54:52)[1]-- TIME:20090306-085452

[429](08:54:53)[2]-- TIME:20090306-085453

[430](08:54:54)[3]-- TIME:20090306-085454

[431](08:54:54)10.23.128.24: Timeout
[432](08:54:55)[0]-- TIME:20090306-085455

[433](08:54:56)[1]-- TIME:20090306-085456

[434](08:54:57)[2]-- TIME:20090306-085457

[435](08:54:58)[3]-- TIME:20090306-085458

[436](08:54:58)10.23.128.24: Timeout
[437](08:54:59)[0]-- TIME:20090306-085459

[438](08:55:00)[1]-- TIME:20090306-085500

[439](08:55:01)[2]-- TIME:20090306-085501

[440](08:55:02)[3]-- TIME:20090306-085502

[441](08:55:02)10.23.128.24: Timeout
[442](08:55:03)[0]-- TIME:20090306-085503

[443](08:55:04)[1]-- TIME:20090306-085504

[444](08:55:05)[2]-- TIME:20090306-085505

[445](08:55:06)[3]-- TIME:20090306-085506

[446](08:55:06)10.23.128.24: Timeout
[447](08:55:07)[0]-- TIME:20090306-085507

[448](08:55:08)[1]-- TIME:20090306-085508

[449](08:55:09)[2]-- TIME:20090306-085509

[450](08:55:10)[3]-- TIME:20090306-085510

[451](08:55:10)10.23.128.24: Timeout
[452](08:55:11)[0]-- TIME:20090306-085511

[453](08:55:12)[1]-- TIME:20090306-085512

[454](08:55:13)[2]-- TIME:20090306-085513

[455](08:55:14)[3]-- TIME:20090306-085514

[456](08:55:14)10.23.128.24: Timeout
[457](08:55:15)[0]-- TIME:20090306-085515

[458](08:55:16)[1]-- TIME:20090306-085516

[459](08:55:17)[2]-- TIME:20090306-085517

[460](08:55:18)[3]-- TIME:20090306-085518

[461](08:55:18)10.23.128.24: Timeout
[462](08:55:19)[0]-- TIME:20090306-085519

[463](08:55:20)[1]-- TIME:20090306-085520

[464](08:55:21)[2]-- TIME:20090306-085521

[465](08:55:22)[3]-- TIME:20090306-085522

[466](08:55:22)10.23.128.24: Timeout
[467](08:55:23)[0]-- TIME:20090306-085523

[468](08:55:24)[1]-- TIME:20090306-085524

[469](08:55:25)[2]-- TIME:20090306-085525

[470](08:55:26)[3]-- TIME:20090306-085526

[471](08:55:26)10.23.128.24: Timeout
[472](08:55:27)[0]-- TIME:20090306-085527

[473](08:55:28)[1]-- TIME:20090306-085528

[474](08:55:29)[2]-- TIME:20090306-085529

[475](08:55:30)[3]-- TIME:20090306-085530

[476](08:55:30)10.23.128.24: Timeout
[477](08:55:31)[0]-- TIME:20090306-085531

[478](08:55:32)[1]-- TIME:20090306-085532

[479](08:55:33)[2]-- TIME:20090306-085533

[480](08:55:34)[3]-- TIME:20090306-085534

[481](08:55:34)10.23.128.24: Timeout
[482](08:55:35)[0]-- TIME:20090306-085535

[483](08:55:36)[1]-- TIME:20090306-085536

[484](08:55:37)[2]-- TIME:20090306-085537

[485](08:55:38)[3]-- TIME:20090306-085538

[486](08:55:38)10.23.128.24: Timeout
[487](08:55:39)[0]-- TIME:20090306-085539

[488](08:55:40)[1]-- TIME:20090306-085540

[489](08:55:41)[2]-- TIME:20090306-085541

[490](08:55:42)[3]-- TIME:20090306-085542

[491](08:55:42)10.23.128.24: Timeout
[492](08:55:43)[0]-- TIME:20090306-085543

[493](08:55:44)[1]-- TIME:20090306-085544

[494](08:55:45)[2]-- TIME:20090306-085545

[495](08:55:46)[3]-- TIME:20090306-085546

[496](08:55:46)10.23.128.24: Timeout
[497](08:55:47)[0]-- TIME:20090306-085547

[498](08:55:48)[1]-- TIME:20090306-085548

[499](08:55:49)[2]-- TIME:20090306-085549

[500](08:55:50)[3]-- TIME:20090306-085550

[501](08:55:50)10.23.128.24: Timeout
[502](08:55:51)[0]-- TIME:20090306-085551

[503](08:55:52)[1]-- TIME:20090306-085552

[504](08:55:53)[2]-- TIME:20090306-085553

[505](08:55:54)[3]-- TIME:20090306-085554

[506](08:55:54)10.23.128.24: Timeout
[507](08:55:55)[0]-- TIME:20090306-085555

[508](08:55:56)[1]-- TIME:20090306-085556

[509](08:55:57)[2]-- TIME:20090306-085557

[510](08:55:58)[3]-- TIME:20090306-085558

[511](08:55:58)10.23.128.24: Timeout
[512](08:55:59)[0]-- TIME:20090306-085559

[513](08:56:00)[1]-- TIME:20090306-085600

[514](08:56:01)[2]-- TIME:20090306-085601

[515](08:56:02)[3]-- TIME:20090306-085602

[516](08:56:02)10.23.128.24: Timeout
[517](08:56:03)[0]-- TIME:20090306-085603

[518](08:56:04)[1]-- TIME:20090306-085604

[519](08:56:05)[2]-- TIME:20090306-085605

[520](08:56:06)[3]-- TIME:20090306-085606

[521](08:56:06)10.23.128.24: Timeout
[522](08:56:07)[0]-- TIME:20090306-085607

[523](08:56:08)[1]-- TIME:20090306-085608

[524](08:56:09)[2]-- TIME:20090306-085609

[525](08:56:10)[3]-- TIME:20090306-085610

[526](08:56:10)10.23.128.24: Timeout
[527](08:56:11)[0]-- TIME:20090306-085611

[528](08:56:12)[1]-- TIME:20090306-085612

[529](08:56:13)[2]-- TIME:20090306-085613

[530](08:56:14)[3]-- TIME:20090306-085614

[531](08:56:14)10.23.128.24: Timeout
[532](08:56:15)[0]-- TIME:20090306-085615

[533](08:56:16)[1]-- TIME:20090306-085616

[534](08:56:17)[2]-- TIME:20090306-085617

[535](08:56:18)[3]-- TIME:20090306-085618

[536](08:56:18)10.23.128.24: Timeout
[537](08:56:19)[0]-- TIME:20090306-085619

[538](08:56:20)[1]-- TIME:20090306-085620

[539](08:56:21)[2]-- TIME:20090306-085621

[540](08:56:22)[3]-- TIME:20090306-085622

[541](08:56:22)10.23.128.24: Timeout
[542](08:56:23)[0]-- TIME:20090306-085623

[543](08:56:24)[1]-- TIME:20090306-085624

[544](08:56:25)[2]-- TIME:20090306-085625

[545](08:56:26)[3]-- TIME:20090306-085626

[546](08:56:26)10.23.128.24: Timeout
[547](08:56:27)[0]-- TIME:20090306-085627

[548](08:56:28)[1]-- TIME:20090306-085628

[549](08:56:29)[2]-- TIME:20090306-085629

[550](08:56:30)[3]-- TIME:20090306-085630

[551](08:56:30)10.23.128.24: Timeout
[552](08:56:31)[0]-- TIME:20090306-085631

[553](08:56:32)[1]-- TIME:20090306-085632

[554](08:56:33)[2]-- TIME:20090306-085633

[555](08:56:34)[3]-- TIME:20090306-085634

[556](08:56:35)10.23.128.24: Timeout
[557](08:56:35)[0]-- TIME:20090306-085635

[558](08:56:36)[1]-- TIME:20090306-085636

[559](08:56:37)[2]-- TIME:20090306-085637

[560](08:56:38)[3]-- TIME:20090306-085638

[561](08:56:39)[0]-- TIME:20090306-085639

[562](08:56:40)[1]-- TIME:20090306-085640

[563](08:56:41)[2]-- TIME:20090306-085641

[564](08:56:42)[3]-- TIME:20090306-085642

[565](08:56:43)[0]-- TIME:20090306-085643

[566](08:56:44)[1]-- TIME:20090306-085644

[567](08:56:45)[2]-- TIME:20090306-085645

[568](08:56:46)[3]-- TIME:20090306-085646

[569](08:56:47)[0]-- TIME:20090306-085647

[570](08:56:48)[1]-- TIME:20090306-085648

[571](08:56:49)[2]-- TIME:20090306-085649

[572](08:56:50)[3]-- TIME:20090306-085650

[573](08:56:51)[0]-- TIME:20090306-085651

[574](08:56:52)[1]-- TIME:20090306-085652

[575](08:56:53)[2]-- TIME:20090306-085653

[576](08:56:54)[3]-- TIME:20090306-085654

[577](08:56:55)[0]-- TIME:20090306-085655

[578](08:56:56)[1]-- TIME:20090306-085656

[579](08:56:57)[2]-- TIME:20090306-085657

[580](08:56:58)[3]-- TIME:20090306-085658

[581](08:56:59)[0]-- TIME:20090306-085659

[582](08:57:00)[1]-- TIME:20090306-085700

[583](08:57:01)[2]-- TIME:20090306-085701

[584](08:57:02)[3]-- TIME:20090306-085702

[585](08:57:03)[0]-- TIME:20090306-085703

[586](08:57:04)[1]-- TIME:20090306-085704

[587](08:57:05)[2]-- TIME:20090306-085705

[588](08:57:06)[3]-- TIME:20090306-085706

[589](08:57:07)[0]-- TIME:20090306-085707

[590](08:57:08)[1]-- TIME:20090306-085708

[591](08:57:09)[2]-- TIME:20090306-085709

[592](08:57:10)[3]-- TIME:20090306-085710

[593](08:57:11)[0]-- TIME:20090306-085711

[594](08:57:12)[1]-- TIME:20090306-085712

[595](08:57:13)[2]-- TIME:20090306-085713

[596](08:57:14)[3]-- TIME:20090306-085714

[597](08:57:15)[0]-- TIME:20090306-085715

[598](08:57:16)[1]-- TIME:20090306-085716

[599](08:57:17)[2]-- TIME:20090306-085717

[600](08:57:18)[3]-- TIME:20090306-085718

[601](08:57:19)[0]-- TIME:20090306-085719

[602](08:57:20)[1]-- TIME:20090306-085720

[603](08:57:21)[2]-- TIME:20090306-085721

[604](08:57:22)[3]-- TIME:20090306-085722

[605](08:57:23)[0]-- TIME:20090306-085723

[606](08:57:24)[1]-- TIME:20090306-085724

[607](08:57:25)[2]-- TIME:20090306-085725

[608](08:57:26)[3]-- TIME:20090306-085726

[609](08:57:27)[0]-- TIME:20090306-085727

[610](08:57:28)[1]-- TIME:20090306-085728

[611](08:57:29)[2]-- TIME:20090306-085729

[612](08:57:30)[3]-- TIME:20090306-085730

[613](08:57:31)[0]-- TIME:20090306-085731

[614](08:57:32)[1]-- TIME:20090306-085732

[615](08:57:33)[2]-- TIME:20090306-085733

[616](08:57:34)[3]-- TIME:20090306-085734

[617](08:57:35)[0]-- TIME:20090306-085735

[618](08:57:36)[1]-- TIME:20090306-085736

[619](08:57:37)[2]-- TIME:20090306-085737

[620](08:57:38)[3]-- TIME:20090306-085738

[621](08:57:39)[0]-- TIME:20090306-085739

[622](08:57:40)[1]-- TIME:20090306-085740

[623](08:57:41)[2]-- TIME:20090306-085741

[624](08:57:42)[3]-- TIME:20090306-085742

[625](08:57:43)[0]-- TIME:20090306-085743

[626](08:57:44)[1]-- TIME:20090306-085744

[627](08:57:45)[2]-- TIME:20090306-085745

[628](08:57:46)[3]-- TIME:20090306-085746

[629](08:57:47)[0]-- TIME:20090306-085747

[630](08:57:48)[1]-- TIME:20090306-085748

[631](08:57:49)[2]-- TIME:20090306-085749

[632](08:57:50)[3]-- TIME:20090306-085750

[633](08:57:51)[0]-- TIME:20090306-085751

[634](08:57:52)[1]-- TIME:20090306-085752

[635](08:57:53)[2]-- TIME:20090306-085753

[636](08:57:54)[3]-- TIME:20090306-085754

[637](08:57:55)[0]-- TIME:20090306-085755

[638](08:57:56)[1]-- TIME:20090306-085756

[639](08:57:57)[2]-- TIME:20090306-085757

[640](08:57:58)[3]-- TIME:20090306-085758

[641](08:57:59)[0]-- TIME:20090306-085759

[642](08:58:00)[1]-- TIME:20090306-085800

[643](08:58:01)[2]-- TIME:20090306-085801

[644](08:58:02)[3]-- TIME:20090306-085802

[645](08:58:03)[0]-- TIME:20090306-085803

[646](08:58:04)[1]-- TIME:20090306-085804

[647](08:58:05)[2]-- TIME:20090306-085805

[648](08:58:06)[3]-- TIME:20090306-085806

[649](08:58:07)[0]-- TIME:20090306-085807

[650](08:58:08)[1]-- TIME:20090306-085808

[651](08:58:09)[2]-- TIME:20090306-085809

[652](08:58:10)[3]-- TIME:20090306-085810

[653](08:58:11)[0]-- TIME:20090306-085811

[654](08:58:12)[1]-- TIME:20090306-085812

[655](08:58:13)[2]-- TIME:20090306-085813

[656](08:58:14)[3]-- TIME:20090306-085814

[657](08:58:15)[0]-- TIME:20090306-085815

[658](08:58:16)[1]-- TIME:20090306-085816

[659](08:58:17)[2]-- TIME:20090306-085817

[660](08:58:18)[3]-- TIME:20090306-085818

[661](08:58:19)[0]-- TIME:20090306-085819

[662](08:58:20)[1]-- TIME:20090306-085820

[663](08:58:21)[2]-- TIME:20090306-085821

[664](08:58:22)[3]-- TIME:20090306-085822

[665](08:58:23)[0]-- TIME:20090306-085823

[666](08:58:24)[1]-- TIME:20090306-085824

[667](08:58:25)[2]-- TIME:20090306-085825

[668](08:58:26)[3]-- TIME:20090306-085826

[669](08:58:27)[0]-- TIME:20090306-085827

[670](08:58:28)[1]-- TIME:20090306-085828

[671](08:58:29)[2]-- TIME:20090306-085829

[672](08:58:30)[3]-- TIME:20090306-085830

[673](08:58:31)[0]-- TIME:20090306-085831

[674](08:58:32)[1]-- TIME:20090306-085832

[675](08:58:33)[2]-- TIME:20090306-085833

[676](08:58:34)[3]-- TIME:20090306-085834

[677](08:58:35)[0]-- TIME:20090306-085835

[678](08:58:36)[1]-- TIME:20090306-085836

[679](08:58:37)[2]-- TIME:20090306-085837

[680](08:58:38)[3]-- TIME:20090306-085838

[681](08:58:39)[0]-- TIME:20090306-085839

[682](08:58:40)[1]-- TIME:20090306-085840

[683](08:58:41)[2]-- TIME:20090306-085841

[684](08:58:42)[3]-- TIME:20090306-085842

[685](08:58:43)[0]-- TIME:20090306-085843

[686](08:58:44)[1]-- TIME:20090306-085844

[687](08:58:45)[2]-- TIME:20090306-085845

[688](08:58:46)[3]-- TIME:20090306-085846

[689](08:58:47)[0]-- TIME:20090306-085847

[690](08:58:48)[1]-- TIME:20090306-085848

[691](08:58:49)[2]-- TIME:20090306-085849

[692](08:58:50)[3]-- TIME:20090306-085850

[693](08:58:51)[0]-- TIME:20090306-085851

[694](08:58:52)[1]-- TIME:20090306-085852

[695](08:58:53)[2]-- TIME:20090306-085853

[696](08:58:54)[3]-- TIME:20090306-085854

[697](08:58:55)[0]-- TIME:20090306-085855

[698](08:58:56)[1]-- TIME:20090306-085856

[699](08:58:57)[2]-- TIME:20090306-085857

[700](08:58:58)[3]-- TIME:20090306-085858

[701](08:58:59)[0]-- TIME:20090306-085859

[702](08:59:06)[1]-- TIME:20090306-085906

[703](08:59:07)[2]-- TIME:20090306-085907

[704](08:59:08)[3]-- TIME:20090306-085908

[705](08:59:09)10.23.128.24: Timeout
[706](08:59:09)[0]-- TIME:20090306-085909

[707](08:59:10)[1]-- TIME:20090306-085910

[708](08:59:11)[2]-- TIME:20090306-085911

[709](08:59:12)[3]-- TIME:20090306-085912

[710](08:59:13)[0]-- TIME:20090306-085913

[711](08:59:15)[1]-- TIME:20090306-085915

[712](08:59:16)[2]-- TIME:20090306-085916

[713](08:59:17)[3]-- TIME:20090306-085917

[714](08:59:18)[0]-- TIME:20090306-085918

[715](08:59:19)[1]-- TIME:20090306-085919

[716](08:59:20)[2]-- TIME:20090306-085920

[717](08:59:21)[3]-- TIME:20090306-085921

[718](08:59:22)[0]-- TIME:20090306-085922

[719](08:59:23)[1]-- TIME:20090306-085923

[720](08:59:24)[2]-- TIME:20090306-085924

[721](08:59:25)[3]-- TIME:20090306-085925

[722](08:59:26)[0]-- TIME:20090306-085926

[723](08:59:27)[1]-- TIME:20090306-085927

[724](08:59:28)[2]-- TIME:20090306-085928

[725](08:59:29)[3]-- TIME:20090306-085929

[726](08:59:30)[0]-- TIME:20090306-085930

[727](08:59:31)[1]-- TIME:20090306-085931

[728](08:59:32)[2]-- TIME:20090306-085932

[729](08:59:33)[3]-- TIME:20090306-085933

[730](08:59:34)[0]-- TIME:20090306-085934

[731](08:59:35)[1]-- TIME:20090306-085935

[732](08:59:36)[2]-- TIME:20090306-085936

[733](08:59:37)[3]-- TIME:20090306-085937

[734](09:00:06)[0]-- TIME:20090306-090006

[735](09:00:07)[1]-- TIME:20090306-090007

[736](09:00:08)[2]-- TIME:20090306-090008

[737](09:00:09)[3]-- TIME:20090306-090009

[738](09:00:10)[0]-- TIME:20090306-090010

[739](09:00:11)[1]-- TIME:20090306-090011

[740](09:00:12)[2]-- TIME:20090306-090012

[741](09:00:13)[3]-- TIME:20090306-090013

[742](09:00:15)[0]-- TIME:20090306-090015

[743](09:00:16)[1]-- TIME:20090306-090016

[744](09:00:17)[2]-- TIME:20090306-090017

[745](09:00:18)[3]-- TIME:20090306-090018

[746](09:00:19)[0]-- TIME:20090306-090019

[747](09:00:20)[1]-- TIME:20090306-090020

[748](09:00:21)[2]-- TIME:20090306-090021

[749](09:00:22)[3]-- TIME:20090306-090022

[750](09:00:23)[0]-- TIME:20090306-090023

[751](09:00:24)[1]-- TIME:20090306-090024

[752](09:00:25)[2]-- TIME:20090306-090025

[753](09:00:26)[3]-- TIME:20090306-090026

[754](09:00:27)[0]-- TIME:20090306-090027

[755](09:00:28)[1]-- TIME:20090306-090028

[756](09:00:29)[2]-- TIME:20090306-090029

[757](09:00:30)[3]-- TIME:20090306-090030

[758](09:00:30)ALARM: Data Titik 1 (KWH) diluar jangkauan ukur
[759](09:00:30)ALARM: Data Titik 2 (KVARH) diluar jangkauan ukur
[760](09:00:31)[0]-- TIME:20090306-090031

[761](09:00:32)[1]-- TIME:20090306-090032

[762](09:00:33)[2]-- TIME:20090306-090033

[763](09:00:34)[3]-- TIME:20090306-090034

[764](09:00:34)ALARM: Data Titik 1 (KWH) diluar jangkauan ukur
[765](09:00:34)ALARM: Data Titik 2 (KVARH) diluar jangkauan ukur
[766](09:00:35)[0]-- TIME:20090306-090035

[767](09:00:36)[1]-- TIME:20090306-090036

[768](09:00:37)[2]-- TIME:20090306-090037

[769](09:00:38)[3]-- TIME:20090306-090038

[770](09:00:38)ALARM: Data Titik 1 (KWH) diluar jangkauan ukur
[771](09:00:38)ALARM: Data Titik 2 (KVARH) diluar jangkauan ukur
[772](09:00:39)[0]-- TIME:20090306-090039

[773](09:00:40)[1]-- TIME:20090306-090040

[774](09:00:41)[2]-- TIME:20090306-090041

[775](09:00:42)[3]-- TIME:20090306-090042

[776](09:00:42)ALARM: Data Titik 1 (KWH) diluar jangkauan ukur
[777](09:00:42)ALARM: Data Titik 2 (KVARH) diluar jangkauan ukur
[778](09:00:43)[0]-- TIME:20090306-090043

[779](09:00:44)[1]-- TIME:20090306-090044

[780](09:00:45)[2]-- TIME:20090306-090045

[781](09:00:46)[3]-- TIME:20090306-090046

[782](09:00:46)10.23.128.24: Timeout
[783](09:00:47)[0]-- TIME:20090306-090047

[784](09:00:48)[1]-- TIME:20090306-090048

[785](09:00:49)[2]-- TIME:20090306-090049

[786](09:00:50)[3]-- TIME:20090306-090050

[787](09:00:50)ALARM: Data Titik 1 (KWH) diluar jangkauan ukur
[788](09:00:50)ALARM: Data Titik 2 (KVARH) diluar jangkauan ukur
[789](09:00:51)[0]-- TIME:20090306-090051

[790](09:00:52)[1]-- TIME:20090306-090052

[791](09:00:53)[2]-- TIME:20090306-090053

[792](09:00:54)[3]-- TIME:20090306-090054

[793](09:00:54)ALARM: Data Titik 1 (KWH) diluar jangkauan ukur
[794](09:00:54)ALARM: Data Titik 2 (KVARH) diluar jangkauan ukur
[795](09:00:55)[0]-- TIME:20090306-090055

[796](09:00:56)[1]-- TIME:20090306-090056

[797](09:00:57)[2]-- TIME:20090306-090057

[798](09:00:58)[3]-- TIME:20090306-090058

[799](09:00:58)ALARM: Data Titik 1 (KWH) diluar jangkauan ukur
[800](09:00:58)ALARM: Data Titik 2 (KVARH) diluar jangkauan ukur
[801](09:00:59)[0]-- TIME:20090306-090059

[802](09:01:00)[1]-- TIME:20090306-090100

[803](09:01:01)[2]-- TIME:20090306-090101

[804](09:01:02)[3]-- TIME:20090306-090102

[805](09:01:02)ALARM: Data Titik 1 (KWH) diluar jangkauan ukur
[806](09:01:02)ALARM: Data Titik 2 (KVARH) diluar jangkauan ukur
[807](09:01:03)[0]-- TIME:20090306-090103

[808](09:01:04)[1]-- TIME:20090306-090104

[809](09:01:05)[2]-- TIME:20090306-090105

[810](09:01:06)[3]-- TIME:20090306-090106

[811](09:01:06)ALARM: Data Titik 1 (KWH) diluar jangkauan ukur
[812](09:01:06)ALARM: Data Titik 2 (KVARH) diluar jangkauan ukur
[813](09:01:07)[0]-- TIME:20090306-090107

[814](09:01:08)[1]-- TIME:20090306-090108

[815](09:01:09)[2]-- TIME:20090306-090109

[816](09:01:10)[3]-- TIME:20090306-090110

[817](09:01:10)ALARM: Data Titik 1 (KWH) diluar jangkauan ukur
[818](09:01:10)ALARM: Data Titik 2 (KVARH) diluar jangkauan ukur
[819](09:01:11)[0]-- TIME:20090306-090111

[820](09:01:12)[1]-- TIME:20090306-090112

[821](09:01:13)[2]-- TIME:20090306-090113

[822](09:01:14)[3]-- TIME:20090306-090114

[823](09:01:14)ALARM: Data Titik 1 (KWH) diluar jangkauan ukur
[824](09:01:14)ALARM: Data Titik 2 (KVARH) diluar jangkauan ukur
[825](09:01:15)[0]-- TIME:20090306-090115

[826](09:01:16)[1]-- TIME:20090306-090116

[827](09:01:17)[2]-- TIME:20090306-090117

[828](09:01:18)[3]-- TIME:20090306-090118

[829](09:01:18)ALARM: Data Titik 1 (KWH) diluar jangkauan ukur
[830](09:01:18)ALARM: Data Titik 2 (KVARH) diluar jangkauan ukur
[831](09:01:19)[0]-- TIME:20090306-090119

[832](09:01:20)[1]-- TIME:20090306-090120

[833](09:01:21)[2]-- TIME:20090306-090121

[834](09:01:22)[3]-- TIME:20090306-090122

[835](09:01:49)ALARM: Data Titik 1 (KWH) diluar jangkauan ukur
[836](09:01:49)ALARM: Data Titik 2 (KVARH) diluar jangkauan ukur
[837](09:01:49)[0]-- TIME:20090306-090149

[838](09:01:50)[1]-- TIME:20090306-090150

[839](09:01:51)[2]-- TIME:20090306-090151

[840](09:01:52)[3]-- TIME:20090306-090152

[841](09:01:52)ALARM: Data Titik 1 (KWH) diluar jangkauan ukur
[842](09:01:52)ALARM: Data Titik 2 (KVARH) diluar jangkauan ukur
[843](09:01:53)[0]-- TIME:20090306-090153

[844](09:01:54)[1]-- TIME:20090306-090154

[845](09:01:55)[2]-- TIME:20090306-090155

[846](09:01:56)[3]-- TIME:20090306-090156

[847](09:01:57)ALARM: Data Titik 1 (KWH) diluar jangkauan ukur
[848](09:01:57)ALARM: Data Titik 2 (KVARH) diluar jangkauan ukur
[849](09:01:57)[0]-- TIME:20090306-090157

[850](09:01:59)[1]-- TIME:20090306-090159

[851](09:02:00)[2]-- TIME:20090306-090200

[852](09:02:01)[3]-- TIME:20090306-090201

[853](09:02:01)ALARM: Data Titik 1 (KWH) diluar jangkauan ukur
[854](09:02:01)ALARM: Data Titik 2 (KVARH) diluar jangkauan ukur
[855](09:02:03)[0]-- TIME:20090306-090203

[856](09:02:04)[1]-- TIME:20090306-090204

[857](09:02:05)[2]-- TIME:20090306-090205

[858](09:02:06)[3]-- TIME:20090306-090206

[859](09:02:06)ALARM: Data Titik 1 (KWH) diluar jangkauan ukur
[860](09:02:06)ALARM: Data Titik 2 (KVARH) diluar jangkauan ukur
[861](09:02:07)[0]-- TIME:20090306-090207

[862](09:02:08)[1]-- TIME:20090306-090208

[863](09:02:09)[2]-- TIME:20090306-090209

[864](09:02:10)[3]-- TIME:20090306-090210

[865](09:02:10)ALARM: Data Titik 1 (KWH) diluar jangkauan ukur
[866](09:02:10)ALARM: Data Titik 2 (KVARH) diluar jangkauan ukur
[867](09:02:11)[0]-- TIME:20090306-090211

[868](09:02:12)[1]-- TIME:20090306-090212

[869](09:02:13)[2]-- TIME:20090306-090213

[870](09:02:14)[3]-- TIME:20090306-090214

[871](09:02:14)ALARM: Data Titik 1 (KWH) diluar jangkauan ukur
[872](09:02:14)ALARM: Data Titik 2 (KVARH) diluar jangkauan ukur
[873](09:02:15)[0]-- TIME:20090306-090215

[874](09:02:16)[1]-- TIME:20090306-090216

[875](09:02:17)[2]-- TIME:20090306-090217

[876](09:02:18)[3]-- TIME:20090306-090218

[877](09:02:18)ALARM: Data Titik 1 (KWH) diluar jangkauan ukur
[878](09:02:18)ALARM: Data Titik 2 (KVARH) diluar jangkauan ukur
[879](09:02:19)[0]-- TIME:20090306-090219

[880](09:02:20)[1]-- TIME:20090306-090220

[881](09:02:21)[2]-- TIME:20090306-090221

[882](09:02:22)[3]-- TIME:20090306-090222

[883](09:02:22)ALARM: Data Titik 1 (KWH) diluar jangkauan ukur
[884](09:02:22)ALARM: Data Titik 2 (KVARH) diluar jangkauan ukur
[885](09:02:23)[0]-- TIME:20090306-090223

[886](09:02:24)[1]-- TIME:20090306-090224

[887](09:02:25)[2]-- TIME:20090306-090225

[888](09:02:26)[3]-- TIME:20090306-090226

[889](09:02:26)ALARM: Data Titik 1 (KWH) diluar jangkauan ukur
[890](09:02:26)ALARM: Data Titik 2 (KVARH) diluar jangkauan ukur
[891](09:02:27)[0]-- TIME:20090306-090227

[892](09:02:28)[1]-- TIME:20090306-090228

[893](09:02:29)[2]-- TIME:20090306-090229

[894](09:02:30)[3]-- TIME:20090306-090230

[895](09:02:30)ALARM: Data Titik 1 (KWH) diluar jangkauan ukur
[896](09:02:30)ALARM: Data Titik 2 (KVARH) diluar jangkauan ukur
[897](09:02:31)[0]-- TIME:20090306-090231

[898](09:02:32)[1]-- TIME:20090306-090232

[899](09:02:33)[2]-- TIME:20090306-090233

[900](09:02:34)[3]-- TIME:20090306-090234

[901](09:02:34)ALARM: Data Titik 1 (KWH) diluar jangkauan ukur
[902](09:02:34)ALARM: Data Titik 2 (KVARH) diluar jangkauan ukur
[903](09:02:35)[0]-- TIME:20090306-090235

[904](09:02:36)[1]-- TIME:20090306-090236

[905](09:02:37)[2]-- TIME:20090306-090237

[906](09:02:38)[3]-- TIME:20090306-090238

[907](09:02:38)ALARM: Data Titik 1 (KWH) diluar jangkauan ukur
[908](09:02:38)ALARM: Data Titik 2 (KVARH) diluar jangkauan ukur
[909](09:02:39)[0]-- TIME:20090306-090239

[910](09:02:40)[1]-- TIME:20090306-090240

[911](09:02:41)[2]-- TIME:20090306-090241

[912](09:02:42)[3]-- TIME:20090306-090242

[913](09:02:42)ALARM: Data Titik 1 (KWH) diluar jangkauan ukur
[914](09:02:42)ALARM: Data Titik 2 (KVARH) diluar jangkauan ukur
[915](09:02:43)[0]-- TIME:20090306-090243

[916](09:02:44)[1]-- TIME:20090306-090244

[917](09:02:45)[2]-- TIME:20090306-090245

[918](09:02:46)[3]-- TIME:20090306-090246

[919](09:02:46)ALARM: Data Titik 1 (KWH) diluar jangkauan ukur
[920](09:02:46)ALARM: Data Titik 2 (KVARH) diluar jangkauan ukur
[921](09:02:47)[0]-- TIME:20090306-090247

[922](09:02:48)[1]-- TIME:20090306-090248

[923](09:02:49)[2]-- TIME:20090306-090249

[924](09:02:50)[3]-- TIME:20090306-090250

[925](09:02:50)ALARM: Data Titik 1 (KWH) diluar jangkauan ukur
[926](09:02:50)ALARM: Data Titik 2 (KVARH) diluar jangkauan ukur
[927](09:02:51)[0]-- TIME:20090306-090251

[928](09:02:52)[1]-- TIME:20090306-090252

[929](09:02:53)[2]-- TIME:20090306-090253

[930](09:02:54)[3]-- TIME:20090306-090254

[931](09:02:54)ALARM: Data Titik 1 (KWH) diluar jangkauan ukur
[932](09:02:54)ALARM: Data Titik 2 (KVARH) diluar jangkauan ukur
[933](09:02:55)[0]-- TIME:20090306-090255

[934](09:02:56)[1]-- TIME:20090306-090256

[935](09:02:57)[2]-- TIME:20090306-090257

[936](09:02:58)[3]-- TIME:20090306-090258

[937](09:02:58)ALARM: Data Titik 1 (KWH) diluar jangkauan ukur
[938](09:02:58)ALARM: Data Titik 2 (KVARH) diluar jangkauan ukur
[939](09:02:59)[0]-- TIME:20090306-090259

[940](09:03:00)[1]-- TIME:20090306-090300

[941](09:03:01)[2]-- TIME:20090306-090301

[942](09:03:02)[3]-- TIME:20090306-090302

[943](09:03:02)ALARM: Data Titik 1 (KWH) diluar jangkauan ukur
[944](09:03:02)ALARM: Data Titik 2 (KVARH) diluar jangkauan ukur
[945](09:03:03)[0]-- TIME:20090306-090303

[946](09:03:04)[1]-- TIME:20090306-090304

[947](09:03:05)[2]-- TIME:20090306-090305

[948](09:03:06)[3]-- TIME:20090306-090306

[949](09:03:06)ALARM: Data Titik 1 (KWH) diluar jangkauan ukur
[950](09:03:06)ALARM: Data Titik 2 (KVARH) diluar jangkauan ukur
[951](09:03:07)[0]-- TIME:20090306-090307

[952](09:03:08)[1]-- TIME:20090306-090308

[953](09:03:09)[2]-- TIME:20090306-090309

[954](09:03:10)[3]-- TIME:20090306-090310

[955](09:03:10)ALARM: Data Titik 1 (KWH) diluar jangkauan ukur
[956](09:03:10)ALARM: Data Titik 2 (KVARH) diluar jangkauan ukur
[957](09:03:11)[0]-- TIME:20090306-090311

[958](09:03:12)[1]-- TIME:20090306-090312

[959](09:03:13)[2]-- TIME:20090306-090313

[960](09:03:14)[3]-- TIME:20090306-090314

[961](09:03:14)ALARM: Data Titik 1 (KWH) diluar jangkauan ukur
[962](09:03:14)ALARM: Data Titik 2 (KVARH) diluar jangkauan ukur
[963](09:03:15)[0]-- TIME:20090306-090315

[964](09:03:16)[1]-- TIME:20090306-090316

[965](09:03:17)[2]-- TIME:20090306-090317

[966](09:03:18)[3]-- TIME:20090306-090318

[967](09:03:18)ALARM: Data Titik 1 (KWH) diluar jangkauan ukur
[968](09:03:18)ALARM: Data Titik 2 (KVARH) diluar jangkauan ukur
[969](09:03:19)[0]-- TIME:20090306-090319

[970](09:03:20)[1]-- TIME:20090306-090320

[971](09:03:21)[2]-- TIME:20090306-090321

[972](09:03:22)[3]-- TIME:20090306-090322

[973](09:03:22)ALARM: Data Titik 1 (KWH) diluar jangkauan ukur
[974](09:03:22)ALARM: Data Titik 2 (KVARH) diluar jangkauan ukur
[975](09:03:23)[0]-- TIME:20090306-090323

[976](09:03:24)[1]-- TIME:20090306-090324

[977](09:03:25)[2]-- TIME:20090306-090325

[978](09:03:26)[3]-- TIME:20090306-090326

[979](09:03:26)ALARM: Data Titik 1 (KWH) diluar jangkauan ukur
[980](09:03:26)ALARM: Data Titik 2 (KVARH) diluar jangkauan ukur
[981](09:03:27)[0]-- TIME:20090306-090327

[982](09:03:28)[1]-- TIME:20090306-090328

[983](09:03:29)[2]-- TIME:20090306-090329

[984](09:03:30)[3]-- TIME:20090306-090330

[985](09:03:30)ALARM: Data Titik 1 (KWH) diluar jangkauan ukur
[986](09:03:30)ALARM: Data Titik 2 (KVARH) diluar jangkauan ukur
[987](09:03:31)[0]-- TIME:20090306-090331

[988](09:03:32)[1]-- TIME:20090306-090332

[989](09:03:33)[2]-- TIME:20090306-090333

[990](09:03:34)[3]-- TIME:20090306-090334

[991](09:03:34)ALARM: Data Titik 1 (KWH) diluar jangkauan ukur
[992](09:03:34)ALARM: Data Titik 2 (KVARH) diluar jangkauan ukur
[993](09:03:35)[0]-- TIME:20090306-090335

[994](09:03:36)[1]-- TIME:20090306-090336

[995](09:03:37)[2]-- TIME:20090306-090337

[996](09:03:38)[3]-- TIME:20090306-090338

[997](09:03:38)ALARM: Data Titik 1 (KWH) diluar jangkauan ukur
[998](09:03:38)ALARM: Data Titik 2 (KVARH) diluar jangkauan ukur
[999](09:03:39)[0]-- TIME:20090306-090339

[1000](09:03:40)[1]-- TIME:20090306-090340
