
[0](19:06:34)======== MONITA APP STARTING ===========
[1](19:06:34)Load file konfigurasi
[2](19:06:34)Baca konfig
[3](19:06:34)Baca konfig: OK
[4](19:06:35)Mulai logging data
[5](19:06:37)[0]-- TIME:20090305-190637

[6](19:06:38)[1]-- TIME:20090305-190638

[7](19:06:39)[2]-- TIME:20090305-190639

[8](19:06:40)[3]-- TIME:20090305-190640

[9](19:06:41)[0]-- TIME:20090305-190641

[10](19:06:42)[1]-- TIME:20090305-190642

[11](19:06:43)[2]-- TIME:20090305-190643

[12](19:06:44)[3]-- TIME:20090305-190644

[13](19:06:45)[0]-- TIME:20090305-190645

[14](19:06:46)[1]-- TIME:20090305-190646

[15](19:06:47)[2]-- TIME:20090305-190647

[16](19:06:48)[3]-- TIME:20090305-190648

[17](19:06:49)[0]-- TIME:20090305-190649

[18](19:06:50)[1]-- TIME:20090305-190650

[19](19:06:51)[2]-- TIME:20090305-190651

[20](19:06:52)[3]-- TIME:20090305-190652

[21](19:06:53)[0]-- TIME:20090305-190653

[22](19:06:54)[1]-- TIME:20090305-190654

[23](19:06:55)[2]-- TIME:20090305-190655

[24](19:06:56)[3]-- TIME:20090305-190656

[25](19:06:57)[0]-- TIME:20090305-190657

[26](19:06:58)[1]-- TIME:20090305-190658

[27](19:06:59)[2]-- TIME:20090305-190659

[28](19:07:00)[3]-- TIME:20090305-190700

[29](19:07:01)[0]-- TIME:20090305-190701

[30](19:07:02)[1]-- TIME:20090305-190702

[31](19:07:03)[2]-- TIME:20090305-190703

[32](19:07:04)[3]-- TIME:20090305-190704

[33](19:07:05)[0]-- TIME:20090305-190705

[34](19:07:06)[1]-- TIME:20090305-190706

[35](19:07:07)[2]-- TIME:20090305-190707

[36](19:07:08)[3]-- TIME:20090305-190708

[37](19:07:09)[0]-- TIME:20090305-190709

[38](19:07:10)[1]-- TIME:20090305-190710

[39](19:07:11)[2]-- TIME:20090305-190711

[40](19:07:12)[3]-- TIME:20090305-190712

[41](19:07:13)[0]-- TIME:20090305-190713

[42](19:07:14)[1]-- TIME:20090305-190714

[43](19:07:15)[2]-- TIME:20090305-190715

[44](19:07:16)[3]-- TIME:20090305-190716

[45](19:07:17)[0]-- TIME:20090305-190717

[46](19:07:18)[1]-- TIME:20090305-190718

[47](19:07:19)[2]-- TIME:20090305-190719

[48](19:07:20)[3]-- TIME:20090305-190720

[49](19:07:21)[0]-- TIME:20090305-190721

[50](19:07:22)[1]-- TIME:20090305-190722

[51](19:07:23)[2]-- TIME:20090305-190723

[52](19:07:24)[3]-- TIME:20090305-190724

[53](19:07:25)[0]-- TIME:20090305-190725

[54](19:07:26)[1]-- TIME:20090305-190726

[55](19:07:27)[2]-- TIME:20090305-190727

[56](19:07:28)[3]-- TIME:20090305-190728

[57](19:07:29)[0]-- TIME:20090305-190729

[58](19:07:30)[1]-- TIME:20090305-190730

[59](19:07:31)[2]-- TIME:20090305-190731

[60](19:07:32)[3]-- TIME:20090305-190732

[61](19:07:33)[0]-- TIME:20090305-190733

[62](19:07:34)[1]-- TIME:20090305-190734

[63](19:07:35)[2]-- TIME:20090305-190735

[64](19:07:36)[3]-- TIME:20090305-190736

[65](19:07:37)[0]-- TIME:20090305-190737

[66](19:07:38)[1]-- TIME:20090305-190738

[67](19:07:39)[2]-- TIME:20090305-190739

[68](19:07:40)[3]-- TIME:20090305-190740

[69](19:07:41)[0]-- TIME:20090305-190741

[70](19:07:42)[1]-- TIME:20090305-190742

[71](19:07:43)[2]-- TIME:20090305-190743

[72](19:07:44)[3]-- TIME:20090305-190744

[73](19:07:45)[0]-- TIME:20090305-190745

[74](19:07:46)[1]-- TIME:20090305-190746

[75](19:07:47)[2]-- TIME:20090305-190747

[76](19:07:48)[3]-- TIME:20090305-190748

[77](19:07:49)[0]-- TIME:20090305-190749

[78](19:07:50)[1]-- TIME:20090305-190750

[79](19:07:51)[2]-- TIME:20090305-190751

[80](19:07:52)[3]-- TIME:20090305-190752

[81](19:07:53)[0]-- TIME:20090305-190753

[82](19:07:54)[1]-- TIME:20090305-190754

[83](19:07:55)[2]-- TIME:20090305-190755

[84](19:07:56)[3]-- TIME:20090305-190756

[85](19:07:57)[0]-- TIME:20090305-190757

[86](19:07:58)[1]-- TIME:20090305-190758

[87](19:07:59)[2]-- TIME:20090305-190759

[88](19:08:00)[3]-- TIME:20090305-190800

[89](19:08:01)[0]-- TIME:20090305-190801

[90](19:08:02)[1]-- TIME:20090305-190802

[91](19:08:03)[2]-- TIME:20090305-190803

[92](19:08:04)[3]-- TIME:20090305-190804

[93](19:08:05)[0]-- TIME:20090305-190805

[94](19:08:06)[1]-- TIME:20090305-190806

[95](19:08:07)[2]-- TIME:20090305-190807

[96](19:08:08)[3]-- TIME:20090305-190808

[97](19:08:09)[0]-- TIME:20090305-190809

[98](19:08:10)[1]-- TIME:20090305-190810

[99](19:08:11)[2]-- TIME:20090305-190811

[100](19:08:12)[3]-- TIME:20090305-190812

[101](19:08:13)[0]-- TIME:20090305-190813

[102](19:08:14)[1]-- TIME:20090305-190814

[103](19:08:15)[2]-- TIME:20090305-190815

[104](19:08:16)[3]-- TIME:20090305-190816

[105](19:08:17)[0]-- TIME:20090305-190817

[106](19:08:18)[1]-- TIME:20090305-190818

[107](19:08:19)[2]-- TIME:20090305-190819

[108](19:08:20)[3]-- TIME:20090305-190820

[109](19:08:21)[0]-- TIME:20090305-190821

[110](19:08:22)[1]-- TIME:20090305-190822

[111](19:08:23)[2]-- TIME:20090305-190823

[112](19:08:24)[3]-- TIME:20090305-190824

[113](19:08:25)[0]-- TIME:20090305-190825

[114](19:08:26)[1]-- TIME:20090305-190826

[115](19:08:27)[2]-- TIME:20090305-190827

[116](19:08:28)[3]-- TIME:20090305-190828

[117](19:08:29)[0]-- TIME:20090305-190829

[118](19:08:30)[1]-- TIME:20090305-190830

[119](19:08:31)[2]-- TIME:20090305-190831

[120](19:08:32)[3]-- TIME:20090305-190832

[121](19:08:33)[0]-- TIME:20090305-190833

[122](19:08:34)[1]-- TIME:20090305-190834

[123](19:08:35)[2]-- TIME:20090305-190835

[124](19:08:36)[3]-- TIME:20090305-190836

[125](19:08:37)[0]-- TIME:20090305-190837

[126](19:08:38)[1]-- TIME:20090305-190838

[127](19:08:39)[2]-- TIME:20090305-190839

[128](19:08:40)[3]-- TIME:20090305-190840

[129](19:08:41)[0]-- TIME:20090305-190841

[130](19:08:42)[1]-- TIME:20090305-190842

[131](19:08:43)[2]-- TIME:20090305-190843

[132](19:08:44)[3]-- TIME:20090305-190844

[133](19:08:45)[0]-- TIME:20090305-190845

[134](19:08:46)[1]-- TIME:20090305-190846

[135](19:08:47)[2]-- TIME:20090305-190847

[136](19:08:48)[3]-- TIME:20090305-190848

[137](19:08:49)[0]-- TIME:20090305-190849

[138](19:08:50)[1]-- TIME:20090305-190850

[139](19:08:51)[2]-- TIME:20090305-190851

[140](19:08:52)[3]-- TIME:20090305-190852

[141](19:08:53)[0]-- TIME:20090305-190853

[142](19:08:54)[1]-- TIME:20090305-190854

[143](19:08:55)[2]-- TIME:20090305-190855

[144](19:08:56)[3]-- TIME:20090305-190856

[145](19:08:57)[0]-- TIME:20090305-190857

[146](19:08:58)[1]-- TIME:20090305-190858

[147](19:08:59)[2]-- TIME:20090305-190859

[148](19:09:00)[3]-- TIME:20090305-190900

[149](19:09:01)[0]-- TIME:20090305-190901

[150](19:09:02)[1]-- TIME:20090305-190902

[151](19:09:03)[2]-- TIME:20090305-190903

[152](19:09:04)[3]-- TIME:20090305-190904

[153](19:09:05)[0]-- TIME:20090305-190905

[154](19:09:06)[1]-- TIME:20090305-190906

[155](19:09:07)[2]-- TIME:20090305-190907

[156](19:09:08)[3]-- TIME:20090305-190908

[157](19:09:09)[0]-- TIME:20090305-190909

[158](19:09:10)[1]-- TIME:20090305-190910

[159](19:09:11)[2]-- TIME:20090305-190911

[160](19:09:12)[3]-- TIME:20090305-190912

[161](19:09:13)[0]-- TIME:20090305-190913

[162](19:09:14)[1]-- TIME:20090305-190914

[163](19:09:15)[2]-- TIME:20090305-190915

[164](19:09:16)[3]-- TIME:20090305-190916

[165](19:09:17)[0]-- TIME:20090305-190917

[166](19:09:18)[1]-- TIME:20090305-190918

[167](19:09:19)[2]-- TIME:20090305-190919

[168](19:09:20)[3]-- TIME:20090305-190920

[169](19:09:21)[0]-- TIME:20090305-190921

[170](19:09:22)[1]-- TIME:20090305-190922

[171](19:09:23)[2]-- TIME:20090305-190923

[172](19:09:24)[3]-- TIME:20090305-190924

[173](19:09:25)[0]-- TIME:20090305-190925

[174](19:09:26)[1]-- TIME:20090305-190926

[175](19:09:27)[2]-- TIME:20090305-190927

[176](19:09:28)[3]-- TIME:20090305-190928

[177](19:09:29)[0]-- TIME:20090305-190929

[178](19:09:30)[1]-- TIME:20090305-190930

[179](19:09:31)[2]-- TIME:20090305-190931

[180](19:09:32)[3]-- TIME:20090305-190932

[181](19:09:33)[0]-- TIME:20090305-190933

[182](19:09:34)[1]-- TIME:20090305-190934

[183](19:09:35)[2]-- TIME:20090305-190935

[184](19:09:36)[3]-- TIME:20090305-190936

[185](19:09:37)[0]-- TIME:20090305-190937

[186](19:09:38)[1]-- TIME:20090305-190938

[187](19:09:39)[2]-- TIME:20090305-190939

[188](19:09:40)[3]-- TIME:20090305-190940

[189](19:09:41)[0]-- TIME:20090305-190941

[190](19:09:42)[1]-- TIME:20090305-190942

[191](19:09:43)[2]-- TIME:20090305-190943

[192](19:09:44)[3]-- TIME:20090305-190944

[193](19:09:45)[0]-- TIME:20090305-190945

[194](19:09:46)[1]-- TIME:20090305-190946

[195](19:09:47)[2]-- TIME:20090305-190947

[196](19:09:48)[3]-- TIME:20090305-190948

[197](19:09:49)[0]-- TIME:20090305-190949

[198](19:09:50)[1]-- TIME:20090305-190950

[199](19:09:51)[2]-- TIME:20090305-190951

[200](19:09:52)[3]-- TIME:20090305-190952

[201](19:09:53)[0]-- TIME:20090305-190953

[202](19:09:54)[1]-- TIME:20090305-190954

[203](19:09:55)[2]-- TIME:20090305-190955

[204](19:09:56)[3]-- TIME:20090305-190956

[205](19:09:57)[0]-- TIME:20090305-190957

[206](19:09:58)[1]-- TIME:20090305-190958

[207](19:09:59)[2]-- TIME:20090305-190959

[208](19:10:00)[3]-- TIME:20090305-191000

[209](19:10:01)[0]-- TIME:20090305-191001

[210](19:10:02)[1]-- TIME:20090305-191002

[211](19:10:03)[2]-- TIME:20090305-191003

[212](19:10:04)[3]-- TIME:20090305-191004

[213](19:10:05)[0]-- TIME:20090305-191005

[214](19:10:06)[1]-- TIME:20090305-191006

[215](19:10:07)[2]-- TIME:20090305-191007

[216](19:10:08)[3]-- TIME:20090305-191008

[217](19:10:09)[0]-- TIME:20090305-191009

[218](19:10:10)[1]-- TIME:20090305-191010

[219](19:10:11)[2]-- TIME:20090305-191011

[220](19:10:12)[3]-- TIME:20090305-191012

[221](19:10:13)[0]-- TIME:20090305-191013

[222](19:10:14)[1]-- TIME:20090305-191014

[223](19:10:15)[2]-- TIME:20090305-191015

[224](19:10:16)[3]-- TIME:20090305-191016

[225](19:10:17)[0]-- TIME:20090305-191017

[226](19:10:18)[1]-- TIME:20090305-191018

[227](19:10:19)[2]-- TIME:20090305-191019

[228](19:10:20)[3]-- TIME:20090305-191020

[229](19:10:21)[0]-- TIME:20090305-191021

[230](19:10:22)[1]-- TIME:20090305-191022

[231](19:10:23)[2]-- TIME:20090305-191023

[232](19:10:24)[3]-- TIME:20090305-191024

[233](19:10:25)[0]-- TIME:20090305-191025

[234](19:10:26)[1]-- TIME:20090305-191026

[235](19:10:27)[2]-- TIME:20090305-191027

[236](19:10:28)[3]-- TIME:20090305-191028

[237](19:10:29)[0]-- TIME:20090305-191029

[238](19:10:30)[1]-- TIME:20090305-191030

[239](19:10:31)[2]-- TIME:20090305-191031

[240](19:10:32)[3]-- TIME:20090305-191032

[241](19:10:33)[0]-- TIME:20090305-191033

[242](19:10:34)[1]-- TIME:20090305-191034

[243](19:10:35)[2]-- TIME:20090305-191035

[244](19:10:36)[3]-- TIME:20090305-191036

[245](19:10:37)[0]-- TIME:20090305-191037

[246](19:10:38)[1]-- TIME:20090305-191038

[247](19:10:39)[2]-- TIME:20090305-191039

[248](19:10:40)[3]-- TIME:20090305-191040

[249](19:10:41)[0]-- TIME:20090305-191041

[250](19:10:42)[1]-- TIME:20090305-191042

[251](19:10:43)[2]-- TIME:20090305-191043

[252](19:10:44)[3]-- TIME:20090305-191044

[253](19:10:45)[0]-- TIME:20090305-191045

[254](19:10:46)[1]-- TIME:20090305-191046

[255](19:10:47)[2]-- TIME:20090305-191047

[256](19:10:48)[3]-- TIME:20090305-191048

[257](19:10:49)[0]-- TIME:20090305-191049

[258](19:10:50)[1]-- TIME:20090305-191050

[259](19:10:51)[2]-- TIME:20090305-191051

[260](19:10:52)[3]-- TIME:20090305-191052

[261](19:10:53)[0]-- TIME:20090305-191053

[262](19:10:54)[1]-- TIME:20090305-191054

[263](19:10:55)[2]-- TIME:20090305-191055

[264](19:10:56)[3]-- TIME:20090305-191056

[265](19:10:57)[0]-- TIME:20090305-191057

[266](19:10:58)[1]-- TIME:20090305-191058

[267](19:10:59)[2]-- TIME:20090305-191059

[268](19:11:00)[3]-- TIME:20090305-191100

[269](19:11:01)[0]-- TIME:20090305-191101

[270](19:11:02)[1]-- TIME:20090305-191102

[271](19:11:03)[2]-- TIME:20090305-191103

[272](19:11:04)[3]-- TIME:20090305-191104

[273](19:11:05)[0]-- TIME:20090305-191105

[274](19:11:06)[1]-- TIME:20090305-191106

[275](19:11:07)[2]-- TIME:20090305-191107

[276](19:11:08)[3]-- TIME:20090305-191108

[277](19:11:09)[0]-- TIME:20090305-191109

[278](19:11:10)[1]-- TIME:20090305-191110

[279](19:11:11)[2]-- TIME:20090305-191111

[280](19:11:12)[3]-- TIME:20090305-191112

[281](19:11:13)[0]-- TIME:20090305-191113

[282](19:11:14)[1]-- TIME:20090305-191114

[283](19:11:15)[2]-- TIME:20090305-191115

[284](19:11:16)[3]-- TIME:20090305-191116

[285](19:11:17)[0]-- TIME:20090305-191117

[286](19:11:18)[1]-- TIME:20090305-191118

[287](19:11:19)[2]-- TIME:20090305-191119

[288](19:11:20)[3]-- TIME:20090305-191120

[289](19:11:21)[0]-- TIME:20090305-191121

[290](19:11:22)[1]-- TIME:20090305-191122

[291](19:11:23)[2]-- TIME:20090305-191123

[292](19:11:24)[3]-- TIME:20090305-191124

[293](19:11:25)[0]-- TIME:20090305-191125

[294](19:11:26)[1]-- TIME:20090305-191126

[295](19:11:27)[2]-- TIME:20090305-191127

[296](19:11:28)[3]-- TIME:20090305-191128

[297](19:11:29)[0]-- TIME:20090305-191129

[298](19:11:30)[1]-- TIME:20090305-191130

[299](19:11:31)[2]-- TIME:20090305-191131

[300](19:11:32)[3]-- TIME:20090305-191132

[301](19:11:33)[0]-- TIME:20090305-191133

[302](19:11:34)[1]-- TIME:20090305-191134

[303](19:11:35)[2]-- TIME:20090305-191135

[304](19:11:36)[3]-- TIME:20090305-191136

[305](19:11:37)[0]-- TIME:20090305-191137

[306](19:11:38)[1]-- TIME:20090305-191138

[307](19:11:39)[2]-- TIME:20090305-191139

[308](19:11:40)[3]-- TIME:20090305-191140

[309](19:11:41)[0]-- TIME:20090305-191141

[310](19:11:42)[1]-- TIME:20090305-191142

[311](19:11:43)[2]-- TIME:20090305-191143

[312](19:11:44)[3]-- TIME:20090305-191144

[313](19:11:45)[0]-- TIME:20090305-191145

[314](19:11:46)[1]-- TIME:20090305-191146

[315](19:11:47)[2]-- TIME:20090305-191147

[316](19:11:48)[3]-- TIME:20090305-191148

[317](19:11:49)[0]-- TIME:20090305-191149

[318](19:11:50)[1]-- TIME:20090305-191150

[319](19:11:51)[2]-- TIME:20090305-191151

[320](19:11:52)[3]-- TIME:20090305-191152

[321](19:11:53)[0]-- TIME:20090305-191153

[322](19:11:54)[1]-- TIME:20090305-191154

[323](19:11:55)[2]-- TIME:20090305-191155

[324](19:11:56)[3]-- TIME:20090305-191156

[325](19:11:57)[0]-- TIME:20090305-191157

[326](19:11:58)[1]-- TIME:20090305-191158

[327](19:11:59)[2]-- TIME:20090305-191159

[328](19:12:00)[3]-- TIME:20090305-191200

[329](19:12:01)[0]-- TIME:20090305-191201

[330](19:12:02)[1]-- TIME:20090305-191202

[331](19:12:03)[2]-- TIME:20090305-191203

[332](19:12:04)[3]-- TIME:20090305-191204

[333](19:12:05)[0]-- TIME:20090305-191205

[334](19:12:06)[1]-- TIME:20090305-191206

[335](19:12:07)[2]-- TIME:20090305-191207

[336](19:12:08)[3]-- TIME:20090305-191208

[337](19:12:09)[0]-- TIME:20090305-191209

[338](19:12:10)[1]-- TIME:20090305-191210

[339](19:12:11)[2]-- TIME:20090305-191211

[340](19:12:12)[3]-- TIME:20090305-191212

[341](19:12:13)[0]-- TIME:20090305-191213

[342](19:12:14)[1]-- TIME:20090305-191214

[343](19:12:15)[2]-- TIME:20090305-191215

[344](19:12:16)[3]-- TIME:20090305-191216

[345](19:12:17)[0]-- TIME:20090305-191217

[346](19:12:18)[1]-- TIME:20090305-191218

[347](19:12:19)[2]-- TIME:20090305-191219

[348](19:12:20)[3]-- TIME:20090305-191220

[349](19:12:21)[0]-- TIME:20090305-191221

[350](19:12:22)[1]-- TIME:20090305-191222

[351](19:12:23)[2]-- TIME:20090305-191223

[352](19:12:24)[3]-- TIME:20090305-191224

[353](19:12:25)[0]-- TIME:20090305-191225

[354](19:12:26)[1]-- TIME:20090305-191226

[355](19:12:27)[2]-- TIME:20090305-191227

[356](19:12:28)[3]-- TIME:20090305-191228

[357](19:12:29)[0]-- TIME:20090305-191229

[358](19:12:30)[1]-- TIME:20090305-191230

[359](19:12:31)[2]-- TIME:20090305-191231

[360](19:12:32)[3]-- TIME:20090305-191232

[361](19:12:33)[0]-- TIME:20090305-191233

[362](19:12:34)[1]-- TIME:20090305-191234

[363](19:12:35)[2]-- TIME:20090305-191235

[364](19:12:36)[3]-- TIME:20090305-191236

[365](19:12:37)[0]-- TIME:20090305-191237

[366](19:12:38)[1]-- TIME:20090305-191238

[367](19:12:39)[2]-- TIME:20090305-191239

[368](19:12:40)[3]-- TIME:20090305-191240

[369](19:12:41)[0]-- TIME:20090305-191241

[370](19:12:42)[1]-- TIME:20090305-191242

[371](19:12:43)[2]-- TIME:20090305-191243

[372](19:12:44)[3]-- TIME:20090305-191244

[373](19:12:45)[0]-- TIME:20090305-191245

[374](19:12:46)[1]-- TIME:20090305-191246

[375](19:12:47)[2]-- TIME:20090305-191247

[376](19:12:48)[3]-- TIME:20090305-191248

[377](19:12:49)[0]-- TIME:20090305-191249

[378](19:12:50)[1]-- TIME:20090305-191250

[379](19:12:51)[2]-- TIME:20090305-191251

[380](19:12:52)[3]-- TIME:20090305-191252

[381](19:12:53)[0]-- TIME:20090305-191253

[382](19:12:54)[1]-- TIME:20090305-191254

[383](19:12:55)[2]-- TIME:20090305-191255

[384](19:12:56)[3]-- TIME:20090305-191256

[385](19:12:57)[0]-- TIME:20090305-191257

[386](19:12:58)[1]-- TIME:20090305-191258

[387](19:12:59)[2]-- TIME:20090305-191259

[388](19:13:00)[3]-- TIME:20090305-191300

[389](19:13:01)[0]-- TIME:20090305-191301

[390](19:13:02)[1]-- TIME:20090305-191302

[391](19:13:03)[2]-- TIME:20090305-191303

[392](19:13:04)[3]-- TIME:20090305-191304

[393](19:13:05)[0]-- TIME:20090305-191305

[394](19:13:06)[1]-- TIME:20090305-191306

[395](19:13:07)[2]-- TIME:20090305-191307

[396](19:13:08)[3]-- TIME:20090305-191308

[397](19:13:09)[0]-- TIME:20090305-191309

[398](19:13:10)[1]-- TIME:20090305-191310

[399](19:13:11)[2]-- TIME:20090305-191311

[400](19:13:12)[3]-- TIME:20090305-191312

[401](19:13:13)[0]-- TIME:20090305-191313

[402](19:13:14)[1]-- TIME:20090305-191314

[403](19:13:15)[2]-- TIME:20090305-191315

[404](19:13:16)[3]-- TIME:20090305-191316

[405](19:13:17)[0]-- TIME:20090305-191317

[406](19:13:18)[1]-- TIME:20090305-191318

[407](19:13:19)[2]-- TIME:20090305-191319

[408](19:13:20)[3]-- TIME:20090305-191320

[409](19:13:21)[0]-- TIME:20090305-191321

[410](19:13:22)[1]-- TIME:20090305-191322

[411](19:13:23)[2]-- TIME:20090305-191323

[412](19:13:24)[3]-- TIME:20090305-191324

[413](19:13:25)[0]-- TIME:20090305-191325

[414](19:13:26)[1]-- TIME:20090305-191326

[415](19:13:27)[2]-- TIME:20090305-191327

[416](19:13:28)[3]-- TIME:20090305-191328

[417](19:13:29)[0]-- TIME:20090305-191329

[418](19:13:30)[1]-- TIME:20090305-191330

[419](19:13:31)[2]-- TIME:20090305-191331

[420](19:13:32)[3]-- TIME:20090305-191332

[421](19:13:33)[0]-- TIME:20090305-191333

[422](19:13:34)[1]-- TIME:20090305-191334

[423](19:13:35)[2]-- TIME:20090305-191335

[424](19:13:36)[3]-- TIME:20090305-191336

[425](19:13:37)[0]-- TIME:20090305-191337

[426](19:13:38)[1]-- TIME:20090305-191338

[427](19:13:39)[2]-- TIME:20090305-191339

[428](19:13:40)[3]-- TIME:20090305-191340

[429](19:13:41)[0]-- TIME:20090305-191341

[430](19:13:42)[1]-- TIME:20090305-191342

[431](19:13:43)[2]-- TIME:20090305-191343

[432](19:13:44)[3]-- TIME:20090305-191344

[433](19:13:45)[0]-- TIME:20090305-191345

[434](19:13:46)[1]-- TIME:20090305-191346

[435](19:13:47)[2]-- TIME:20090305-191347

[436](19:13:48)[3]-- TIME:20090305-191348

[437](19:13:49)[0]-- TIME:20090305-191349

[438](19:13:50)[1]-- TIME:20090305-191350

[439](19:13:51)[2]-- TIME:20090305-191351

[440](19:13:52)[3]-- TIME:20090305-191352

[441](19:13:53)[0]-- TIME:20090305-191353

[442](19:13:54)[1]-- TIME:20090305-191354

[443](19:13:55)[2]-- TIME:20090305-191355

[444](19:13:56)[3]-- TIME:20090305-191356

[445](19:13:57)[0]-- TIME:20090305-191357

[446](19:13:58)[1]-- TIME:20090305-191358

[447](19:13:59)[2]-- TIME:20090305-191359

[448](19:14:00)[3]-- TIME:20090305-191400

[449](19:14:01)[0]-- TIME:20090305-191401

[450](19:14:02)[1]-- TIME:20090305-191402

[451](19:14:03)[2]-- TIME:20090305-191403

[452](19:14:04)[3]-- TIME:20090305-191404

[453](19:14:05)[0]-- TIME:20090305-191405

[454](19:14:06)[1]-- TIME:20090305-191406

[455](19:14:07)[2]-- TIME:20090305-191407

[456](19:14:08)[3]-- TIME:20090305-191408

[457](19:14:09)[0]-- TIME:20090305-191409

[458](19:14:10)[1]-- TIME:20090305-191410

[459](19:14:11)[2]-- TIME:20090305-191411

[460](19:14:12)[3]-- TIME:20090305-191412

[461](19:14:13)[0]-- TIME:20090305-191413

[462](19:14:14)[1]-- TIME:20090305-191414

[463](19:14:15)[2]-- TIME:20090305-191415

[464](19:14:16)[3]-- TIME:20090305-191416

[465](19:14:17)[0]-- TIME:20090305-191417

[466](19:14:18)[1]-- TIME:20090305-191418

[467](19:14:19)[2]-- TIME:20090305-191419

[468](19:14:20)[3]-- TIME:20090305-191420

[469](19:14:21)[0]-- TIME:20090305-191421

[470](19:14:22)[1]-- TIME:20090305-191422

[471](19:14:23)[2]-- TIME:20090305-191423

[472](19:14:24)[3]-- TIME:20090305-191424

[473](19:14:25)[0]-- TIME:20090305-191425

[474](19:14:26)[1]-- TIME:20090305-191426

[475](19:14:27)[2]-- TIME:20090305-191427

[476](19:14:28)[3]-- TIME:20090305-191428

[477](19:14:29)[0]-- TIME:20090305-191429

[478](19:14:30)[1]-- TIME:20090305-191430

[479](19:14:31)[2]-- TIME:20090305-191431

[480](19:14:32)[3]-- TIME:20090305-191432

[481](19:14:33)[0]-- TIME:20090305-191433

[482](19:14:34)[1]-- TIME:20090305-191434

[483](19:14:35)[2]-- TIME:20090305-191435

[484](19:14:36)[3]-- TIME:20090305-191436

[485](19:14:37)[0]-- TIME:20090305-191437

[486](19:14:38)[1]-- TIME:20090305-191438

[487](19:14:39)[2]-- TIME:20090305-191439

[488](19:14:40)[3]-- TIME:20090305-191440

[489](19:14:41)[0]-- TIME:20090305-191441

[490](19:14:42)[1]-- TIME:20090305-191442

[491](19:14:43)[2]-- TIME:20090305-191443

[492](19:14:44)[3]-- TIME:20090305-191444

[493](19:14:45)[0]-- TIME:20090305-191445

[494](19:14:46)[1]-- TIME:20090305-191446

[495](19:14:47)[2]-- TIME:20090305-191447

[496](19:14:48)[3]-- TIME:20090305-191448

[497](19:14:49)[0]-- TIME:20090305-191449

[498](19:14:50)[1]-- TIME:20090305-191450

[499](19:14:51)[2]-- TIME:20090305-191451

[500](19:14:52)[3]-- TIME:20090305-191452

[501](19:14:53)[0]-- TIME:20090305-191453

[502](19:14:54)[1]-- TIME:20090305-191454

[503](19:14:55)[2]-- TIME:20090305-191455

[504](19:14:56)[3]-- TIME:20090305-191456

[505](19:14:57)[0]-- TIME:20090305-191457

[506](19:14:58)[1]-- TIME:20090305-191458

[507](19:14:59)[2]-- TIME:20090305-191459

[508](19:15:00)[3]-- TIME:20090305-191500

[509](19:15:01)[0]-- TIME:20090305-191501

[510](19:15:02)[1]-- TIME:20090305-191502

[511](19:15:03)[2]-- TIME:20090305-191503

[512](19:15:04)[3]-- TIME:20090305-191504

[513](19:15:05)[0]-- TIME:20090305-191505

[514](19:15:06)[1]-- TIME:20090305-191506

[515](19:15:07)[2]-- TIME:20090305-191507

[516](19:15:08)[3]-- TIME:20090305-191508

[517](19:15:09)[0]-- TIME:20090305-191509

[518](19:15:10)[1]-- TIME:20090305-191510

[519](19:15:11)[2]-- TIME:20090305-191511

[520](19:15:12)[3]-- TIME:20090305-191512

[521](19:15:13)[0]-- TIME:20090305-191513

[522](19:15:14)[1]-- TIME:20090305-191514

[523](19:15:15)[2]-- TIME:20090305-191515

[524](19:15:16)[3]-- TIME:20090305-191516

[525](19:15:17)[0]-- TIME:20090305-191517

[526](19:15:18)[1]-- TIME:20090305-191518

[527](19:15:19)[2]-- TIME:20090305-191519

[528](19:15:20)[3]-- TIME:20090305-191520

[529](19:15:21)[0]-- TIME:20090305-191521

[530](19:15:22)[1]-- TIME:20090305-191522

[531](19:15:23)[2]-- TIME:20090305-191523

[532](19:15:24)[3]-- TIME:20090305-191524

[533](19:15:25)[0]-- TIME:20090305-191525

[534](19:15:26)[1]-- TIME:20090305-191526

[535](19:15:27)[2]-- TIME:20090305-191527

[536](19:15:28)[3]-- TIME:20090305-191528

[537](19:15:29)[0]-- TIME:20090305-191529

[538](19:15:30)[1]-- TIME:20090305-191530

[539](19:15:31)[2]-- TIME:20090305-191531

[540](19:15:32)[3]-- TIME:20090305-191532

[541](19:15:33)[0]-- TIME:20090305-191533

[542](19:15:34)[1]-- TIME:20090305-191534

[543](19:15:35)[2]-- TIME:20090305-191535

[544](19:15:36)[3]-- TIME:20090305-191536

[545](19:15:37)[0]-- TIME:20090305-191537

[546](19:15:38)[1]-- TIME:20090305-191538

[547](19:15:39)[2]-- TIME:20090305-191539

[548](19:15:40)[3]-- TIME:20090305-191540

[549](19:15:41)[0]-- TIME:20090305-191541

[550](19:15:42)[1]-- TIME:20090305-191542

[551](19:15:43)[2]-- TIME:20090305-191543

[552](19:15:44)[3]-- TIME:20090305-191544

[553](19:15:45)[0]-- TIME:20090305-191545

[554](19:15:46)[1]-- TIME:20090305-191546

[555](19:15:47)[2]-- TIME:20090305-191547

[556](19:15:48)[3]-- TIME:20090305-191548

[557](19:15:49)[0]-- TIME:20090305-191549

[558](19:15:50)[1]-- TIME:20090305-191550

[559](19:15:51)[2]-- TIME:20090305-191551

[560](19:15:52)[3]-- TIME:20090305-191552

[561](19:15:53)[0]-- TIME:20090305-191553

[562](19:15:54)[1]-- TIME:20090305-191554

[563](19:15:55)[2]-- TIME:20090305-191555

[564](19:15:56)[3]-- TIME:20090305-191556

[565](19:15:57)[0]-- TIME:20090305-191557

[566](19:15:58)[1]-- TIME:20090305-191558

[567](19:15:59)[2]-- TIME:20090305-191559

[568](19:16:00)[3]-- TIME:20090305-191600

[569](19:16:01)[0]-- TIME:20090305-191601

[570](19:16:02)[1]-- TIME:20090305-191602

[571](19:16:03)[2]-- TIME:20090305-191603

[572](19:16:04)[3]-- TIME:20090305-191604

[573](19:16:05)[0]-- TIME:20090305-191605

[574](19:16:06)[1]-- TIME:20090305-191606

[575](19:16:07)[2]-- TIME:20090305-191607

[576](19:16:08)[3]-- TIME:20090305-191608

[577](19:16:09)[0]-- TIME:20090305-191609

[578](19:16:10)[1]-- TIME:20090305-191610

[579](19:16:11)[2]-- TIME:20090305-191611

[580](19:16:12)[3]-- TIME:20090305-191612

[581](19:16:13)[0]-- TIME:20090305-191613

[582](19:16:14)[1]-- TIME:20090305-191614

[583](19:16:15)[2]-- TIME:20090305-191615

[584](19:16:16)[3]-- TIME:20090305-191616

[585](19:16:17)[0]-- TIME:20090305-191617

[586](19:16:18)[1]-- TIME:20090305-191618

[587](19:16:19)[2]-- TIME:20090305-191619

[588](19:16:20)[3]-- TIME:20090305-191620

[589](19:16:21)[0]-- TIME:20090305-191621

[590](19:16:22)[1]-- TIME:20090305-191622

[591](19:16:23)[2]-- TIME:20090305-191623

[592](19:16:24)[3]-- TIME:20090305-191624

[593](19:16:25)[0]-- TIME:20090305-191625

[594](19:16:26)[1]-- TIME:20090305-191626

[595](19:16:27)[2]-- TIME:20090305-191627

[596](19:16:28)[3]-- TIME:20090305-191628

[597](19:16:29)[0]-- TIME:20090305-191629

[598](19:16:30)[1]-- TIME:20090305-191630

[599](19:16:31)[2]-- TIME:20090305-191631

[600](19:16:32)[3]-- TIME:20090305-191632

[601](19:16:33)[0]-- TIME:20090305-191633

[602](19:16:34)[1]-- TIME:20090305-191634

[603](19:16:35)[2]-- TIME:20090305-191635

[604](19:16:36)[3]-- TIME:20090305-191636

[605](19:16:37)[0]-- TIME:20090305-191637

[606](19:16:38)[1]-- TIME:20090305-191638

[607](19:16:39)[2]-- TIME:20090305-191639

[608](19:16:40)[3]-- TIME:20090305-191640

[609](19:16:41)[0]-- TIME:20090305-191641

[610](19:16:42)[1]-- TIME:20090305-191642

[611](19:16:43)[2]-- TIME:20090305-191643

[612](19:16:44)[3]-- TIME:20090305-191644

[613](19:16:45)[0]-- TIME:20090305-191645

[614](19:16:46)[1]-- TIME:20090305-191646

[615](19:16:47)[2]-- TIME:20090305-191647

[616](19:16:48)[3]-- TIME:20090305-191648

[617](19:16:49)[0]-- TIME:20090305-191649

[618](19:16:50)[1]-- TIME:20090305-191650

[619](19:16:51)[2]-- TIME:20090305-191651

[620](19:16:52)[3]-- TIME:20090305-191652

[621](19:16:53)[0]-- TIME:20090305-191653

[622](19:16:54)[1]-- TIME:20090305-191654

[623](19:16:55)[2]-- TIME:20090305-191655

[624](19:16:56)[3]-- TIME:20090305-191656

[625](19:16:57)[0]-- TIME:20090305-191657

[626](19:16:58)[1]-- TIME:20090305-191658

[627](19:16:59)[2]-- TIME:20090305-191659

[628](19:17:00)[3]-- TIME:20090305-191700

[629](19:17:01)[0]-- TIME:20090305-191701

[630](19:17:02)[1]-- TIME:20090305-191702

[631](19:17:03)[2]-- TIME:20090305-191703

[632](19:17:04)[3]-- TIME:20090305-191704

[633](19:17:05)[0]-- TIME:20090305-191705

[634](19:17:06)[1]-- TIME:20090305-191706

[635](19:17:07)[2]-- TIME:20090305-191707

[636](19:17:08)[3]-- TIME:20090305-191708

[637](19:17:09)[0]-- TIME:20090305-191709

[638](19:17:10)[1]-- TIME:20090305-191710

[639](19:17:11)[2]-- TIME:20090305-191711

[640](19:17:12)[3]-- TIME:20090305-191712

[641](19:17:13)[0]-- TIME:20090305-191713

[642](19:17:14)[1]-- TIME:20090305-191714

[643](19:17:15)[2]-- TIME:20090305-191715

[644](19:17:16)[3]-- TIME:20090305-191716

[645](19:17:17)Stop logging data
[646](19:17:17)[2]-- TIME:20090305-191717

[647](19:17:18)Mulai logging data
[648](19:17:19)[0]-- TIME:20090305-191719

[649](19:17:20)[1]-- TIME:20090305-191720

[650](19:17:21)[2]-- TIME:20090305-191721

[651](19:17:22)[3]-- TIME:20090305-191722

[652](19:17:23)[0]-- TIME:20090305-191723

[653](19:17:24)[1]-- TIME:20090305-191724

[654](19:17:25)[2]-- TIME:20090305-191725

[655](19:17:25)Stop logging data
[656](19:17:26)Mulai logging data
[657](19:17:26)[0]-- TIME:20090305-191726

[658](19:17:27)[1]-- TIME:20090305-191727

[659](19:17:27)[2]-- TIME:20090305-191727

[660](19:17:28)[3]-- TIME:20090305-191728

[661](19:17:28)[0]-- TIME:20090305-191728

[662](19:17:29)[1]-- TIME:20090305-191729

[663](19:17:29)[2]-- TIME:20090305-191729

[664](19:17:29)Stop logging data
[665](19:17:30)Mulai logging data
[666](19:17:30)[0]-- TIME:20090305-191730

[667](19:17:30)[1]-- TIME:20090305-191730

[668](19:17:31)[2]-- TIME:20090305-191731

[669](19:17:31)[3]-- TIME:20090305-191731

[670](19:17:31)[0]-- TIME:20090305-191731

[671](19:17:32)[1]-- TIME:20090305-191732

[672](19:17:32)[2]-- TIME:20090305-191732

[673](19:17:32)[3]-- TIME:20090305-191732

[674](19:17:33)[0]-- TIME:20090305-191733

[675](19:17:33)[1]-- TIME:20090305-191733

[676](19:17:33)[2]-- TIME:20090305-191733

[677](19:17:34)[3]-- TIME:20090305-191734

[678](19:17:34)[0]-- TIME:20090305-191734

[679](19:17:34)[1]-- TIME:20090305-191734

[680](19:17:35)[2]-- TIME:20090305-191735

[681](19:17:35)[3]-- TIME:20090305-191735

[682](19:17:35)[0]-- TIME:20090305-191735

[683](19:17:36)[1]-- TIME:20090305-191736

[684](19:17:36)[2]-- TIME:20090305-191736

[685](19:17:36)[3]-- TIME:20090305-191736

[686](19:17:37)[0]-- TIME:20090305-191737

[687](19:17:37)[1]-- TIME:20090305-191737

[688](19:17:37)[2]-- TIME:20090305-191737

[689](19:17:38)[3]-- TIME:20090305-191738

[690](19:17:38)[0]-- TIME:20090305-191738

[691](19:17:38)[1]-- TIME:20090305-191738

[692](19:17:39)[2]-- TIME:20090305-191739

[693](19:17:39)[3]-- TIME:20090305-191739

[694](19:17:39)[0]-- TIME:20090305-191739

[695](19:17:40)[1]-- TIME:20090305-191740

[696](19:17:40)[2]-- TIME:20090305-191740

[697](19:17:40)[3]-- TIME:20090305-191740

[698](19:17:41)[0]-- TIME:20090305-191741

[699](19:17:41)[1]-- TIME:20090305-191741

[700](19:17:41)[2]-- TIME:20090305-191741

[701](19:17:42)[3]-- TIME:20090305-191742

[702](19:17:42)[0]-- TIME:20090305-191742

[703](19:17:42)[1]-- TIME:20090305-191742

[704](19:17:43)[2]-- TIME:20090305-191743

[705](19:17:43)[3]-- TIME:20090305-191743

[706](19:17:43)[0]-- TIME:20090305-191743

[707](19:17:44)[1]-- TIME:20090305-191744

[708](19:17:44)[2]-- TIME:20090305-191744

[709](19:17:44)[3]-- TIME:20090305-191744

[710](19:17:45)[0]-- TIME:20090305-191745

[711](19:17:45)[1]-- TIME:20090305-191745

[712](19:17:45)[2]-- TIME:20090305-191745

[713](19:17:46)[3]-- TIME:20090305-191746

[714](19:17:46)[0]-- TIME:20090305-191746

[715](19:17:46)[1]-- TIME:20090305-191746

[716](19:17:47)[2]-- TIME:20090305-191747

[717](19:17:47)[3]-- TIME:20090305-191747

[718](19:17:47)[0]-- TIME:20090305-191747

[719](19:17:48)[1]-- TIME:20090305-191748

[720](19:17:48)[2]-- TIME:20090305-191748

[721](19:17:48)[3]-- TIME:20090305-191748

[722](19:17:49)[0]-- TIME:20090305-191749

[723](19:17:49)[1]-- TIME:20090305-191749

[724](19:17:49)[2]-- TIME:20090305-191749

[725](19:17:50)[3]-- TIME:20090305-191750

[726](19:17:50)[0]-- TIME:20090305-191750

[727](19:17:50)[1]-- TIME:20090305-191750

[728](19:17:51)[2]-- TIME:20090305-191751

[729](19:17:51)[3]-- TIME:20090305-191751

[730](19:17:51)[0]-- TIME:20090305-191751

[731](19:17:52)[1]-- TIME:20090305-191752

[732](19:17:52)[2]-- TIME:20090305-191752

[733](19:17:52)[3]-- TIME:20090305-191752

[734](19:17:53)[0]-- TIME:20090305-191753

[735](19:17:53)[1]-- TIME:20090305-191753

[736](19:17:53)[2]-- TIME:20090305-191753

[737](19:17:54)[3]-- TIME:20090305-191754

[738](19:17:54)[0]-- TIME:20090305-191754

[739](19:17:54)[1]-- TIME:20090305-191754

[740](19:17:55)[2]-- TIME:20090305-191755

[741](19:17:55)[3]-- TIME:20090305-191755

[742](19:17:55)[0]-- TIME:20090305-191755

[743](19:17:56)[1]-- TIME:20090305-191756

[744](19:17:56)[2]-- TIME:20090305-191756

[745](19:17:56)[3]-- TIME:20090305-191756

[746](19:17:57)[0]-- TIME:20090305-191757

[747](19:17:57)[1]-- TIME:20090305-191757

[748](19:17:57)[2]-- TIME:20090305-191757

[749](19:17:58)[3]-- TIME:20090305-191758

[750](19:17:58)[0]-- TIME:20090305-191758

[751](19:17:58)[1]-- TIME:20090305-191758

[752](19:17:59)[2]-- TIME:20090305-191759

[753](19:17:59)[3]-- TIME:20090305-191759

[754](19:17:59)[0]-- TIME:20090305-191759

[755](19:18:00)[1]-- TIME:20090305-191800

[756](19:18:00)[2]-- TIME:20090305-191800

[757](19:18:00)[3]-- TIME:20090305-191800

[758](19:18:01)[0]-- TIME:20090305-191801

[759](19:18:01)[1]-- TIME:20090305-191801

[760](19:18:01)[2]-- TIME:20090305-191801

[761](19:18:02)[3]-- TIME:20090305-191802

[762](19:18:02)[0]-- TIME:20090305-191802

[763](19:18:02)[1]-- TIME:20090305-191802

[764](19:18:03)[2]-- TIME:20090305-191803

[765](19:18:03)[3]-- TIME:20090305-191803

[766](19:18:03)[0]-- TIME:20090305-191803

[767](19:18:04)[1]-- TIME:20090305-191804

[768](19:18:04)[2]-- TIME:20090305-191804

[769](19:18:04)[3]-- TIME:20090305-191804

[770](19:18:05)[0]-- TIME:20090305-191805

[771](19:18:05)[1]-- TIME:20090305-191805

[772](19:18:05)[2]-- TIME:20090305-191805

[773](19:18:06)[3]-- TIME:20090305-191806

[774](19:18:06)[0]-- TIME:20090305-191806

[775](19:18:06)[1]-- TIME:20090305-191806

[776](19:18:07)[2]-- TIME:20090305-191807

[777](19:18:07)[3]-- TIME:20090305-191807

[778](19:18:07)[0]-- TIME:20090305-191807

[779](19:18:08)[1]-- TIME:20090305-191808

[780](19:18:08)[2]-- TIME:20090305-191808

[781](19:18:08)[3]-- TIME:20090305-191808

[782](19:18:09)[0]-- TIME:20090305-191809

[783](19:18:09)[1]-- TIME:20090305-191809

[784](19:18:09)[2]-- TIME:20090305-191809

[785](19:18:10)[3]-- TIME:20090305-191810

[786](19:18:10)[0]-- TIME:20090305-191810

[787](19:18:10)[1]-- TIME:20090305-191810

[788](19:18:11)[2]-- TIME:20090305-191811

[789](19:18:11)[3]-- TIME:20090305-191811

[790](19:18:11)[0]-- TIME:20090305-191811

[791](19:18:12)[1]-- TIME:20090305-191812

[792](19:18:12)[2]-- TIME:20090305-191812

[793](19:18:12)[3]-- TIME:20090305-191812

[794](19:18:13)[0]-- TIME:20090305-191813

[795](19:18:13)[1]-- TIME:20090305-191813

[796](19:18:13)[2]-- TIME:20090305-191813

[797](19:18:14)[3]-- TIME:20090305-191814

[798](19:18:14)[0]-- TIME:20090305-191814

[799](19:18:14)[1]-- TIME:20090305-191814

[800](19:18:15)[2]-- TIME:20090305-191815

[801](19:18:15)[3]-- TIME:20090305-191815

[802](19:18:15)[0]-- TIME:20090305-191815

[803](19:18:16)[1]-- TIME:20090305-191816

[804](19:18:16)[2]-- TIME:20090305-191816

[805](19:18:16)[3]-- TIME:20090305-191816

[806](19:18:17)[0]-- TIME:20090305-191817

[807](19:18:17)[1]-- TIME:20090305-191817

[808](19:18:17)[2]-- TIME:20090305-191817

[809](19:18:18)[3]-- TIME:20090305-191818

[810](19:18:18)[0]-- TIME:20090305-191818

[811](19:18:18)[1]-- TIME:20090305-191818

[812](19:18:19)[2]-- TIME:20090305-191819

[813](19:18:19)[3]-- TIME:20090305-191819

[814](19:18:19)[0]-- TIME:20090305-191819

[815](19:18:20)[1]-- TIME:20090305-191820

[816](19:18:20)[2]-- TIME:20090305-191820

[817](19:18:20)[3]-- TIME:20090305-191820

[818](19:18:21)[0]-- TIME:20090305-191821

[819](19:18:21)[1]-- TIME:20090305-191821

[820](19:18:21)[2]-- TIME:20090305-191821

[821](19:18:22)[3]-- TIME:20090305-191822

[822](19:18:22)[0]-- TIME:20090305-191822

[823](19:18:22)[1]-- TIME:20090305-191822

[824](19:18:23)[2]-- TIME:20090305-191823

[825](19:18:23)[3]-- TIME:20090305-191823

[826](19:18:23)[0]-- TIME:20090305-191823

[827](19:18:24)[1]-- TIME:20090305-191824

[828](19:18:24)[2]-- TIME:20090305-191824

[829](19:18:24)[3]-- TIME:20090305-191824

[830](19:18:25)[0]-- TIME:20090305-191825

[831](19:18:25)[1]-- TIME:20090305-191825

[832](19:18:25)[2]-- TIME:20090305-191825

[833](19:18:26)[3]-- TIME:20090305-191826

[834](19:18:26)[0]-- TIME:20090305-191826

[835](19:18:26)[1]-- TIME:20090305-191826

[836](19:18:27)[2]-- TIME:20090305-191827

[837](19:18:27)[3]-- TIME:20090305-191827

[838](19:18:27)[0]-- TIME:20090305-191827

[839](19:18:28)[1]-- TIME:20090305-191828

[840](19:18:28)[2]-- TIME:20090305-191828

[841](19:18:28)[3]-- TIME:20090305-191828

[842](19:18:29)[0]-- TIME:20090305-191829

[843](19:18:29)[1]-- TIME:20090305-191829

[844](19:18:29)[2]-- TIME:20090305-191829

[845](19:18:30)[3]-- TIME:20090305-191830

[846](19:18:30)[0]-- TIME:20090305-191830

[847](19:18:30)[1]-- TIME:20090305-191830

[848](19:18:31)[2]-- TIME:20090305-191831

[849](19:18:31)[3]-- TIME:20090305-191831

[850](19:18:31)[0]-- TIME:20090305-191831

[851](19:18:32)[1]-- TIME:20090305-191832

[852](19:18:32)[2]-- TIME:20090305-191832

[853](19:18:32)[3]-- TIME:20090305-191832

[854](19:18:33)[0]-- TIME:20090305-191833

[855](19:18:33)[1]-- TIME:20090305-191833

[856](19:18:33)[2]-- TIME:20090305-191833

[857](19:18:34)[3]-- TIME:20090305-191834

[858](19:18:34)[0]-- TIME:20090305-191834

[859](19:18:34)[1]-- TIME:20090305-191834

[860](19:18:35)[2]-- TIME:20090305-191835

[861](19:18:35)[3]-- TIME:20090305-191835

[862](19:18:35)[0]-- TIME:20090305-191835

[863](19:18:36)[1]-- TIME:20090305-191836

[864](19:18:36)[2]-- TIME:20090305-191836

[865](19:18:36)[3]-- TIME:20090305-191836

[866](19:18:37)[0]-- TIME:20090305-191837

[867](19:18:37)[1]-- TIME:20090305-191837

[868](19:18:37)[2]-- TIME:20090305-191837

[869](19:18:38)[3]-- TIME:20090305-191838

[870](19:18:38)[0]-- TIME:20090305-191838

[871](19:18:38)[1]-- TIME:20090305-191838

[872](19:18:39)[2]-- TIME:20090305-191839

[873](19:18:39)[3]-- TIME:20090305-191839

[874](19:18:39)[0]-- TIME:20090305-191839

[875](19:18:40)[1]-- TIME:20090305-191840

[876](19:18:40)[2]-- TIME:20090305-191840

[877](19:18:40)[3]-- TIME:20090305-191840

[878](19:18:41)[0]-- TIME:20090305-191841

[879](19:18:41)[1]-- TIME:20090305-191841

[880](19:18:41)[2]-- TIME:20090305-191841

[881](19:18:42)[3]-- TIME:20090305-191842

[882](19:18:42)[0]-- TIME:20090305-191842

[883](19:18:42)[1]-- TIME:20090305-191842

[884](19:18:43)[2]-- TIME:20090305-191843

[885](19:18:43)[3]-- TIME:20090305-191843

[886](19:18:43)[0]-- TIME:20090305-191843

[887](19:18:44)[1]-- TIME:20090305-191844

[888](19:18:44)[2]-- TIME:20090305-191844

[889](19:18:44)[3]-- TIME:20090305-191844

[890](19:18:45)[0]-- TIME:20090305-191845

[891](19:18:45)[1]-- TIME:20090305-191845

[892](19:18:45)[2]-- TIME:20090305-191845

[893](19:18:46)[3]-- TIME:20090305-191846

[894](19:18:46)[0]-- TIME:20090305-191846

[895](19:18:46)[1]-- TIME:20090305-191846

[896](19:18:47)[2]-- TIME:20090305-191847

[897](19:18:47)[3]-- TIME:20090305-191847

[898](19:18:47)[0]-- TIME:20090305-191847

[899](19:18:48)[1]-- TIME:20090305-191848

[900](19:18:48)[2]-- TIME:20090305-191848

[901](19:18:48)[3]-- TIME:20090305-191848

[902](19:18:49)[0]-- TIME:20090305-191849

[903](19:18:49)[1]-- TIME:20090305-191849

[904](19:18:49)[2]-- TIME:20090305-191849

[905](19:18:50)[3]-- TIME:20090305-191850

[906](19:18:50)[0]-- TIME:20090305-191850

[907](19:18:50)[1]-- TIME:20090305-191850

[908](19:18:51)[2]-- TIME:20090305-191851

[909](19:18:51)[3]-- TIME:20090305-191851

[910](19:18:51)[0]-- TIME:20090305-191851

[911](19:18:52)[1]-- TIME:20090305-191852

[912](19:18:52)[2]-- TIME:20090305-191852

[913](19:18:52)[3]-- TIME:20090305-191852

[914](19:18:53)[0]-- TIME:20090305-191853

[915](19:18:53)[1]-- TIME:20090305-191853

[916](19:18:53)[2]-- TIME:20090305-191853

[917](19:18:54)[3]-- TIME:20090305-191854

[918](19:18:54)[0]-- TIME:20090305-191854

[919](19:18:54)[1]-- TIME:20090305-191854

[920](19:18:55)[2]-- TIME:20090305-191855

[921](19:18:55)[3]-- TIME:20090305-191855

[922](19:18:55)[0]-- TIME:20090305-191855

[923](19:18:56)[1]-- TIME:20090305-191856

[924](19:18:56)[2]-- TIME:20090305-191856

[925](19:18:56)[3]-- TIME:20090305-191856

[926](19:18:57)[0]-- TIME:20090305-191857

[927](19:18:57)[1]-- TIME:20090305-191857

[928](19:18:57)[2]-- TIME:20090305-191857

[929](19:18:58)[3]-- TIME:20090305-191858

[930](19:18:58)[0]-- TIME:20090305-191858

[931](19:18:58)[1]-- TIME:20090305-191858

[932](19:18:59)[2]-- TIME:20090305-191859

[933](19:18:59)[3]-- TIME:20090305-191859

[934](19:18:59)[0]-- TIME:20090305-191859

[935](19:19:00)[1]-- TIME:20090305-191900

[936](19:19:00)[2]-- TIME:20090305-191900

[937](19:19:00)[3]-- TIME:20090305-191900

[938](19:19:01)[0]-- TIME:20090305-191901

[939](19:19:01)[1]-- TIME:20090305-191901

[940](19:19:01)[2]-- TIME:20090305-191901

[941](19:19:02)[3]-- TIME:20090305-191902

[942](19:19:02)[0]-- TIME:20090305-191902

[943](19:19:02)[1]-- TIME:20090305-191902

[944](19:19:03)[2]-- TIME:20090305-191903

[945](19:19:03)[3]-- TIME:20090305-191903

[946](19:19:03)[0]-- TIME:20090305-191903

[947](19:19:04)[1]-- TIME:20090305-191904

[948](19:19:04)[2]-- TIME:20090305-191904

[949](19:19:04)[3]-- TIME:20090305-191904

[950](19:19:05)[0]-- TIME:20090305-191905

[951](19:19:05)[1]-- TIME:20090305-191905

[952](19:19:05)[2]-- TIME:20090305-191905

[953](19:19:06)[3]-- TIME:20090305-191906

[954](19:19:06)[0]-- TIME:20090305-191906

[955](19:19:06)[1]-- TIME:20090305-191906

[956](19:19:07)[2]-- TIME:20090305-191907

[957](19:19:07)[3]-- TIME:20090305-191907

[958](19:19:07)[0]-- TIME:20090305-191907

[959](19:19:08)[1]-- TIME:20090305-191908

[960](19:19:08)[2]-- TIME:20090305-191908

[961](19:19:08)[3]-- TIME:20090305-191908

[962](19:19:09)[0]-- TIME:20090305-191909

[963](19:19:09)[1]-- TIME:20090305-191909

[964](19:19:09)[2]-- TIME:20090305-191909

[965](19:19:10)[3]-- TIME:20090305-191910

[966](19:19:10)[0]-- TIME:20090305-191910

[967](19:19:10)[1]-- TIME:20090305-191910

[968](19:19:11)[2]-- TIME:20090305-191911

[969](19:19:11)[3]-- TIME:20090305-191911

[970](19:19:11)[0]-- TIME:20090305-191911

[971](19:19:12)[1]-- TIME:20090305-191912

[972](19:19:12)[2]-- TIME:20090305-191912

[973](19:19:12)[3]-- TIME:20090305-191912

[974](19:19:13)[0]-- TIME:20090305-191913

[975](19:19:13)[1]-- TIME:20090305-191913

[976](19:19:13)[2]-- TIME:20090305-191913

[977](19:19:14)[3]-- TIME:20090305-191914

[978](19:19:14)[0]-- TIME:20090305-191914

[979](19:19:14)[1]-- TIME:20090305-191914

[980](19:19:15)[2]-- TIME:20090305-191915

[981](19:19:15)[3]-- TIME:20090305-191915

[982](19:19:15)[0]-- TIME:20090305-191915

[983](19:19:16)[1]-- TIME:20090305-191916

[984](19:19:16)[2]-- TIME:20090305-191916

[985](19:19:16)[3]-- TIME:20090305-191916

[986](19:19:17)[0]-- TIME:20090305-191917

[987](19:19:17)[1]-- TIME:20090305-191917

[988](19:19:17)[2]-- TIME:20090305-191917

[989](19:19:18)[3]-- TIME:20090305-191918

[990](19:19:18)[0]-- TIME:20090305-191918

[991](19:19:18)[1]-- TIME:20090305-191918

[992](19:19:19)[2]-- TIME:20090305-191919

[993](19:19:19)[3]-- TIME:20090305-191919

[994](19:19:19)[0]-- TIME:20090305-191919

[995](19:19:20)[1]-- TIME:20090305-191920

[996](19:19:20)[2]-- TIME:20090305-191920

[997](19:19:20)[3]-- TIME:20090305-191920

[998](19:19:21)[0]-- TIME:20090305-191921

[999](19:19:21)[1]-- TIME:20090305-191921

[1000](19:19:21)[2]-- TIME:20090305-191921
