
[0](18:08:07)======== MONITA APP STARTING ===========
[1](18:08:07)Load file konfigurasi
[2](18:08:07)Baca konfig
[3](18:08:07)Baca konfig: OK
[4](18:09:09)Mulai logging data
[5](18:09:10)[0]-- TIME:20090304-180910

[6](18:09:11)[1]-- TIME:20090304-180911

[7](18:09:12)[2]-- TIME:20090304-180912

[8](18:09:13)[3]-- TIME:20090304-180913

[9](18:09:14)[0]-- TIME:20090304-180914

[10](18:09:15)[1]-- TIME:20090304-180915

[11](18:09:16)[2]-- TIME:20090304-180916

[12](18:09:17)[3]-- TIME:20090304-180917

[13](18:09:17)Stop logging data
[14](18:09:18)[2]-- TIME:20090304-180918

[15](18:17:43)Mulai logging data
[16](18:17:45)[0]-- TIME:20090304-181745

[17](18:17:46)[1]-- TIME:20090304-181746

[18](18:17:47)[2]-- TIME:20090304-181747

[19](18:17:48)[3]-- TIME:20090304-181748

[20](18:17:49)[0]-- TIME:20090304-181749

[21](18:17:50)[1]-- TIME:20090304-181750

[22](18:17:51)[2]-- TIME:20090304-181751

[23](18:17:52)[3]-- TIME:20090304-181752

[24](18:17:53)[0]-- TIME:20090304-181753

[25](18:17:54)[1]-- TIME:20090304-181754

[26](18:17:55)[2]-- TIME:20090304-181755

[27](18:17:56)[3]-- TIME:20090304-181756

[28](18:17:57)[0]-- TIME:20090304-181757

[29](18:17:58)[1]-- TIME:20090304-181758

[30](18:17:59)[2]-- TIME:20090304-181759

[31](18:18:00)[3]-- TIME:20090304-181800

[32](18:18:01)[0]-- TIME:20090304-181801

[33](18:18:02)[1]-- TIME:20090304-181802

[34](18:18:03)[2]-- TIME:20090304-181803

[35](18:18:04)[3]-- TIME:20090304-181804

[36](18:18:05)[0]-- TIME:20090304-181805

[37](18:18:06)[1]-- TIME:20090304-181806

[38](18:18:07)[2]-- TIME:20090304-181807

[39](18:18:08)[3]-- TIME:20090304-181808

[40](18:18:09)[0]-- TIME:20090304-181809

[41](18:18:10)[1]-- TIME:20090304-181810

[42](18:18:11)[2]-- TIME:20090304-181811

[43](18:18:12)[3]-- TIME:20090304-181812

[44](18:18:13)[0]-- TIME:20090304-181813

[45](18:18:14)[1]-- TIME:20090304-181814

[46](18:18:15)[2]-- TIME:20090304-181815

[47](18:18:16)[3]-- TIME:20090304-181816

[48](18:18:17)[0]-- TIME:20090304-181817

[49](18:18:18)[1]-- TIME:20090304-181818

[50](18:18:19)[2]-- TIME:20090304-181819

[51](18:18:20)[3]-- TIME:20090304-181820

[52](18:18:21)[0]-- TIME:20090304-181821

[53](18:18:22)[1]-- TIME:20090304-181822

[54](18:18:23)[2]-- TIME:20090304-181823

[55](18:18:24)[3]-- TIME:20090304-181824

[56](18:18:25)[0]-- TIME:20090304-181825

[57](18:18:26)[1]-- TIME:20090304-181826

[58](18:18:27)[2]-- TIME:20090304-181827

[59](18:18:28)[3]-- TIME:20090304-181828

[60](18:18:29)[0]-- TIME:20090304-181829

[61](18:18:30)[1]-- TIME:20090304-181830

[62](18:18:31)[2]-- TIME:20090304-181831

[63](18:18:32)[3]-- TIME:20090304-181832

[64](18:18:33)[0]-- TIME:20090304-181833

[65](18:18:34)[1]-- TIME:20090304-181834

[66](18:18:35)[2]-- TIME:20090304-181835

[67](18:18:36)[3]-- TIME:20090304-181836

[68](18:18:37)[0]-- TIME:20090304-181837

[69](18:18:38)[1]-- TIME:20090304-181838

[70](18:18:39)[2]-- TIME:20090304-181839

[71](18:18:40)[3]-- TIME:20090304-181840

[72](18:18:41)[0]-- TIME:20090304-181841

[73](18:18:42)[1]-- TIME:20090304-181842

[74](18:18:43)[2]-- TIME:20090304-181843

[75](18:18:44)[3]-- TIME:20090304-181844

[76](18:18:45)[0]-- TIME:20090304-181845

[77](18:18:46)[1]-- TIME:20090304-181846

[78](18:18:47)[2]-- TIME:20090304-181847

[79](18:18:48)[3]-- TIME:20090304-181848

[80](18:18:49)[0]-- TIME:20090304-181849

[81](18:18:50)[1]-- TIME:20090304-181850

[82](18:18:51)[2]-- TIME:20090304-181851

[83](18:18:52)[3]-- TIME:20090304-181852

[84](18:18:53)[0]-- TIME:20090304-181853

[85](18:18:54)[1]-- TIME:20090304-181854

[86](18:18:55)[2]-- TIME:20090304-181855

[87](18:18:56)[3]-- TIME:20090304-181856

[88](18:18:57)[0]-- TIME:20090304-181857

[89](18:18:58)[1]-- TIME:20090304-181858

[90](18:18:59)[2]-- TIME:20090304-181859

[91](18:19:00)[3]-- TIME:20090304-181900

[92](18:19:01)[0]-- TIME:20090304-181901

[93](18:19:02)[1]-- TIME:20090304-181902

[94](18:19:03)[2]-- TIME:20090304-181903

[95](18:19:04)[3]-- TIME:20090304-181904

[96](18:19:05)[0]-- TIME:20090304-181905

[97](18:19:06)[1]-- TIME:20090304-181906

[98](18:19:07)[2]-- TIME:20090304-181907

[99](18:19:08)[3]-- TIME:20090304-181908

[100](18:19:09)[0]-- TIME:20090304-181909

[101](18:19:10)[1]-- TIME:20090304-181910

[102](18:19:11)[2]-- TIME:20090304-181911

[103](18:19:12)[3]-- TIME:20090304-181912

[104](18:19:13)[0]-- TIME:20090304-181913

[105](18:19:14)[1]-- TIME:20090304-181914

[106](18:19:15)[2]-- TIME:20090304-181915

[107](18:19:16)[3]-- TIME:20090304-181916

[108](18:19:17)[0]-- TIME:20090304-181917

[109](18:19:18)[1]-- TIME:20090304-181918

[110](18:19:19)[2]-- TIME:20090304-181919

[111](18:19:20)[3]-- TIME:20090304-181920

[112](18:19:21)[0]-- TIME:20090304-181921

[113](18:19:22)[1]-- TIME:20090304-181922

[114](18:19:23)[2]-- TIME:20090304-181923

[115](18:19:24)[3]-- TIME:20090304-181924

[116](18:19:25)[0]-- TIME:20090304-181925

[117](18:19:26)[1]-- TIME:20090304-181926

[118](18:19:27)[2]-- TIME:20090304-181927

[119](18:19:28)[3]-- TIME:20090304-181928

[120](18:19:29)[0]-- TIME:20090304-181929

[121](18:19:30)[1]-- TIME:20090304-181930

[122](18:19:31)[2]-- TIME:20090304-181931

[123](18:19:32)[3]-- TIME:20090304-181932

[124](18:19:33)[0]-- TIME:20090304-181933

[125](18:19:34)[1]-- TIME:20090304-181934

[126](18:19:35)[2]-- TIME:20090304-181935

[127](18:19:36)[3]-- TIME:20090304-181936

[128](18:19:37)[0]-- TIME:20090304-181937

[129](18:19:38)[1]-- TIME:20090304-181938

[130](18:19:39)[2]-- TIME:20090304-181939

[131](18:19:40)[3]-- TIME:20090304-181940

[132](18:19:41)[0]-- TIME:20090304-181941

[133](18:19:42)[1]-- TIME:20090304-181942

[134](18:19:43)[2]-- TIME:20090304-181943

[135](18:19:44)[3]-- TIME:20090304-181944

[136](18:19:45)[0]-- TIME:20090304-181945

[137](18:19:46)[1]-- TIME:20090304-181946

[138](18:19:47)[2]-- TIME:20090304-181947

[139](18:19:48)[3]-- TIME:20090304-181948

[140](18:19:49)[0]-- TIME:20090304-181949

[141](18:19:50)[1]-- TIME:20090304-181950

[142](18:19:51)[2]-- TIME:20090304-181951

[143](18:19:52)[3]-- TIME:20090304-181952

[144](18:19:53)[0]-- TIME:20090304-181953

[145](18:19:54)[1]-- TIME:20090304-181954

[146](18:19:55)[2]-- TIME:20090304-181955

[147](18:19:56)[3]-- TIME:20090304-181956

[148](18:19:57)[0]-- TIME:20090304-181957

[149](18:19:58)[1]-- TIME:20090304-181958

[150](18:19:59)[2]-- TIME:20090304-181959

[151](18:20:00)[3]-- TIME:20090304-182000

[152](18:20:01)[0]-- TIME:20090304-182001

[153](18:20:02)[1]-- TIME:20090304-182002

[154](18:20:03)[2]-- TIME:20090304-182003

[155](18:20:04)[3]-- TIME:20090304-182004

[156](18:20:05)[0]-- TIME:20090304-182005

[157](18:20:06)[1]-- TIME:20090304-182006

[158](18:20:07)[2]-- TIME:20090304-182007

[159](18:20:08)[3]-- TIME:20090304-182008

[160](18:20:09)[0]-- TIME:20090304-182009

[161](18:20:10)[1]-- TIME:20090304-182010

[162](18:20:11)[2]-- TIME:20090304-182011

[163](18:20:12)[3]-- TIME:20090304-182012

[164](18:20:13)[0]-- TIME:20090304-182013

[165](18:20:14)[1]-- TIME:20090304-182014

[166](18:20:15)[2]-- TIME:20090304-182015

[167](18:20:16)[3]-- TIME:20090304-182016

[168](18:20:17)[0]-- TIME:20090304-182017

[169](18:20:18)[1]-- TIME:20090304-182018

[170](18:20:19)[2]-- TIME:20090304-182019

[171](18:20:20)[3]-- TIME:20090304-182020

[172](18:20:21)[0]-- TIME:20090304-182021

[173](18:20:22)[1]-- TIME:20090304-182022

[174](18:20:23)[2]-- TIME:20090304-182023

[175](18:20:24)[3]-- TIME:20090304-182024

[176](18:20:25)[0]-- TIME:20090304-182025

[177](18:20:26)[1]-- TIME:20090304-182026

[178](18:20:27)[2]-- TIME:20090304-182027

[179](18:20:28)[3]-- TIME:20090304-182028

[180](18:20:29)[0]-- TIME:20090304-182029

[181](18:20:30)[1]-- TIME:20090304-182030

[182](18:20:31)[2]-- TIME:20090304-182031

[183](18:20:32)[3]-- TIME:20090304-182032

[184](18:20:33)[0]-- TIME:20090304-182033

[185](18:20:34)[1]-- TIME:20090304-182034

[186](18:20:35)[2]-- TIME:20090304-182035

[187](18:20:36)[3]-- TIME:20090304-182036

[188](18:20:37)[0]-- TIME:20090304-182037

[189](18:20:38)[1]-- TIME:20090304-182038

[190](18:20:39)[2]-- TIME:20090304-182039

[191](18:20:40)[3]-- TIME:20090304-182040

[192](18:20:41)[0]-- TIME:20090304-182041

[193](18:20:42)[1]-- TIME:20090304-182042

[194](18:20:43)[2]-- TIME:20090304-182043

[195](18:20:44)[3]-- TIME:20090304-182044

[196](18:20:45)[0]-- TIME:20090304-182045

[197](18:20:46)[1]-- TIME:20090304-182046

[198](18:20:47)[2]-- TIME:20090304-182047

[199](18:20:48)[3]-- TIME:20090304-182048

[200](18:20:49)[0]-- TIME:20090304-182049

[201](18:20:50)[1]-- TIME:20090304-182050

[202](18:20:51)[2]-- TIME:20090304-182051

[203](18:20:52)[3]-- TIME:20090304-182052

[204](18:20:53)[0]-- TIME:20090304-182053

[205](18:20:54)[1]-- TIME:20090304-182054

[206](18:20:55)[2]-- TIME:20090304-182055

[207](18:20:56)[3]-- TIME:20090304-182056

[208](18:20:57)[0]-- TIME:20090304-182057

[209](18:20:58)[1]-- TIME:20090304-182058

[210](18:20:59)[2]-- TIME:20090304-182059

[211](18:21:00)[3]-- TIME:20090304-182100

[212](18:21:01)[0]-- TIME:20090304-182101

[213](18:21:02)[1]-- TIME:20090304-182102

[214](18:21:03)[2]-- TIME:20090304-182103

[215](18:21:04)[3]-- TIME:20090304-182104

[216](18:21:05)[0]-- TIME:20090304-182105

[217](18:21:06)[1]-- TIME:20090304-182106

[218](18:21:07)[2]-- TIME:20090304-182107

[219](18:21:08)[3]-- TIME:20090304-182108

[220](18:21:09)[0]-- TIME:20090304-182109

[221](18:21:10)[1]-- TIME:20090304-182110

[222](18:21:11)[2]-- TIME:20090304-182111

[223](18:21:12)[3]-- TIME:20090304-182112

[224](18:21:13)[0]-- TIME:20090304-182113

[225](18:21:14)[1]-- TIME:20090304-182114

[226](18:21:15)[2]-- TIME:20090304-182115

[227](18:21:16)[3]-- TIME:20090304-182116

[228](18:21:17)[0]-- TIME:20090304-182117

[229](18:21:18)[1]-- TIME:20090304-182118

[230](18:21:19)[2]-- TIME:20090304-182119

[231](18:21:20)[3]-- TIME:20090304-182120

[232](18:21:34)[0]-- TIME:20090304-182134

[233](18:21:35)[1]-- TIME:20090304-182135

[234](18:21:36)[2]-- TIME:20090304-182136

[235](18:21:37)[3]-- TIME:20090304-182137

[236](18:21:38)[0]-- TIME:20090304-182138

[237](18:21:39)[1]-- TIME:20090304-182139

[238](18:21:40)[2]-- TIME:20090304-182140

[239](18:21:41)[3]-- TIME:20090304-182141

[240](18:21:42)[0]-- TIME:20090304-182142

[241](18:21:43)[1]-- TIME:20090304-182143

[242](18:21:44)[2]-- TIME:20090304-182144

[243](18:21:45)[3]-- TIME:20090304-182145

[244](18:21:46)[0]-- TIME:20090304-182146

[245](18:21:47)[1]-- TIME:20090304-182147

[246](18:21:48)[2]-- TIME:20090304-182148

[247](18:21:49)[3]-- TIME:20090304-182149

[248](18:21:50)[0]-- TIME:20090304-182150

[249](18:21:51)[1]-- TIME:20090304-182151

[250](18:21:52)[2]-- TIME:20090304-182152

[251](18:21:53)[3]-- TIME:20090304-182153

[252](18:21:54)[0]-- TIME:20090304-182154

[253](18:21:55)[1]-- TIME:20090304-182155

[254](18:21:56)[2]-- TIME:20090304-182156

[255](18:21:57)[3]-- TIME:20090304-182157

[256](18:21:58)[0]-- TIME:20090304-182158

[257](18:21:59)[1]-- TIME:20090304-182159

[258](18:22:00)[2]-- TIME:20090304-182200

[259](18:22:01)[3]-- TIME:20090304-182201

[260](18:22:02)[0]-- TIME:20090304-182202

[261](18:22:03)[1]-- TIME:20090304-182203

[262](18:22:04)[2]-- TIME:20090304-182204

[263](18:22:05)[3]-- TIME:20090304-182205

[264](18:22:06)[0]-- TIME:20090304-182206

[265](18:22:07)[1]-- TIME:20090304-182207

[266](18:22:08)[2]-- TIME:20090304-182208

[267](18:22:09)[3]-- TIME:20090304-182209

[268](18:22:10)[0]-- TIME:20090304-182210

[269](18:22:11)[1]-- TIME:20090304-182211

[270](18:22:12)[2]-- TIME:20090304-182212

[271](18:22:13)[3]-- TIME:20090304-182213

[272](18:22:14)[0]-- TIME:20090304-182214

[273](18:22:15)[1]-- TIME:20090304-182215

[274](18:22:16)[2]-- TIME:20090304-182216

[275](18:22:17)[3]-- TIME:20090304-182217

[276](18:22:18)[0]-- TIME:20090304-182218

[277](18:22:19)[1]-- TIME:20090304-182219

[278](18:22:20)[2]-- TIME:20090304-182220

[279](18:22:21)[3]-- TIME:20090304-182221

[280](18:22:22)[0]-- TIME:20090304-182222

[281](18:22:23)[1]-- TIME:20090304-182223

[282](18:22:24)[2]-- TIME:20090304-182224

[283](18:22:25)[3]-- TIME:20090304-182225

[284](18:22:26)[0]-- TIME:20090304-182226

[285](18:22:27)[1]-- TIME:20090304-182227

[286](18:22:28)[2]-- TIME:20090304-182228

[287](18:22:29)[3]-- TIME:20090304-182229

[288](18:22:30)[0]-- TIME:20090304-182230

[289](18:22:31)[1]-- TIME:20090304-182231

[290](18:22:32)[2]-- TIME:20090304-182232

[291](18:22:33)[3]-- TIME:20090304-182233

[292](18:22:34)[0]-- TIME:20090304-182234

[293](18:22:35)[1]-- TIME:20090304-182235

[294](18:22:36)[2]-- TIME:20090304-182236

[295](18:22:37)[3]-- TIME:20090304-182237

[296](18:22:38)[0]-- TIME:20090304-182238

[297](18:22:39)[1]-- TIME:20090304-182239

[298](18:22:40)[2]-- TIME:20090304-182240

[299](18:22:41)[3]-- TIME:20090304-182241

[300](18:22:42)[0]-- TIME:20090304-182242

[301](18:22:43)[1]-- TIME:20090304-182243

[302](18:22:44)[2]-- TIME:20090304-182244

[303](18:22:45)[3]-- TIME:20090304-182245

[304](18:22:46)[0]-- TIME:20090304-182246

[305](18:22:47)[1]-- TIME:20090304-182247

[306](18:22:48)[2]-- TIME:20090304-182248

[307](18:22:49)[3]-- TIME:20090304-182249

[308](18:22:50)[0]-- TIME:20090304-182250

[309](18:22:51)[1]-- TIME:20090304-182251

[310](18:22:52)[2]-- TIME:20090304-182252

[311](18:22:53)[3]-- TIME:20090304-182253

[312](18:22:54)[0]-- TIME:20090304-182254

[313](18:22:55)[1]-- TIME:20090304-182255

[314](18:22:56)[2]-- TIME:20090304-182256

[315](18:22:57)[3]-- TIME:20090304-182257

[316](18:22:58)[0]-- TIME:20090304-182258

[317](18:22:59)[1]-- TIME:20090304-182259

[318](18:23:00)[2]-- TIME:20090304-182300

[319](18:23:01)[3]-- TIME:20090304-182301

[320](18:23:02)[0]-- TIME:20090304-182302

[321](18:23:03)[1]-- TIME:20090304-182303

[322](18:23:04)[2]-- TIME:20090304-182304

[323](18:23:05)[3]-- TIME:20090304-182305

[324](18:23:06)[0]-- TIME:20090304-182306

[325](18:23:07)[1]-- TIME:20090304-182307

[326](18:23:08)[2]-- TIME:20090304-182308

[327](18:23:09)[3]-- TIME:20090304-182309

[328](18:23:10)[0]-- TIME:20090304-182310

[329](18:23:11)[1]-- TIME:20090304-182311

[330](18:23:12)[2]-- TIME:20090304-182312

[331](18:23:13)[3]-- TIME:20090304-182313

[332](18:23:14)[0]-- TIME:20090304-182314

[333](18:23:15)[1]-- TIME:20090304-182315

[334](18:23:16)[2]-- TIME:20090304-182316

[335](18:23:17)[3]-- TIME:20090304-182317

[336](18:23:18)[0]-- TIME:20090304-182318

[337](18:23:19)[1]-- TIME:20090304-182319

[338](18:23:20)[2]-- TIME:20090304-182320

[339](18:23:21)[3]-- TIME:20090304-182321

[340](18:23:22)[0]-- TIME:20090304-182322

[341](18:23:23)[1]-- TIME:20090304-182323

[342](18:23:24)[2]-- TIME:20090304-182324

[343](18:23:25)[3]-- TIME:20090304-182325

[344](18:23:26)[0]-- TIME:20090304-182326

[345](18:23:27)[1]-- TIME:20090304-182327

[346](18:23:28)[2]-- TIME:20090304-182328

[347](18:23:29)[3]-- TIME:20090304-182329

[348](18:23:30)[0]-- TIME:20090304-182330

[349](18:23:31)[1]-- TIME:20090304-182331

[350](18:23:32)[2]-- TIME:20090304-182332

[351](18:23:33)[3]-- TIME:20090304-182333

[352](18:23:34)[0]-- TIME:20090304-182334

[353](18:23:35)[1]-- TIME:20090304-182335

[354](18:23:36)[2]-- TIME:20090304-182336

[355](18:23:37)[3]-- TIME:20090304-182337

[356](18:23:38)[0]-- TIME:20090304-182338

[357](18:23:39)[1]-- TIME:20090304-182339

[358](18:23:40)[2]-- TIME:20090304-182340

[359](18:23:41)[3]-- TIME:20090304-182341

[360](18:23:42)[0]-- TIME:20090304-182342

[361](18:23:43)[1]-- TIME:20090304-182343

[362](18:23:44)[2]-- TIME:20090304-182344

[363](18:23:45)[3]-- TIME:20090304-182345

[364](18:23:46)[0]-- TIME:20090304-182346

[365](18:23:47)[1]-- TIME:20090304-182347

[366](18:23:48)[2]-- TIME:20090304-182348

[367](18:23:49)[3]-- TIME:20090304-182349

[368](18:23:50)[0]-- TIME:20090304-182350

[369](18:23:51)[1]-- TIME:20090304-182351

[370](18:23:52)[2]-- TIME:20090304-182352

[371](18:23:53)[3]-- TIME:20090304-182353

[372](18:23:54)[0]-- TIME:20090304-182354

[373](18:23:55)[1]-- TIME:20090304-182355

[374](18:23:56)[2]-- TIME:20090304-182356

[375](18:23:57)[3]-- TIME:20090304-182357

[376](18:23:58)[0]-- TIME:20090304-182358

[377](18:23:59)[1]-- TIME:20090304-182359

[378](18:24:00)[2]-- TIME:20090304-182400

[379](18:24:01)[3]-- TIME:20090304-182401

[380](18:24:02)[0]-- TIME:20090304-182402

[381](18:24:03)[1]-- TIME:20090304-182403

[382](18:24:04)[2]-- TIME:20090304-182404

[383](18:24:05)[3]-- TIME:20090304-182405

[384](18:24:06)[0]-- TIME:20090304-182406

[385](18:24:07)[1]-- TIME:20090304-182407

[386](18:24:08)[2]-- TIME:20090304-182408

[387](18:24:09)[3]-- TIME:20090304-182409

[388](18:24:10)[0]-- TIME:20090304-182410

[389](18:24:11)[1]-- TIME:20090304-182411

[390](18:24:12)[2]-- TIME:20090304-182412

[391](18:24:13)[3]-- TIME:20090304-182413

[392](18:24:14)[0]-- TIME:20090304-182414

[393](18:24:15)[1]-- TIME:20090304-182415

[394](18:24:16)[2]-- TIME:20090304-182416

[395](18:24:17)[3]-- TIME:20090304-182417

[396](18:24:18)[0]-- TIME:20090304-182418

[397](18:24:19)[1]-- TIME:20090304-182419

[398](18:24:20)[2]-- TIME:20090304-182420

[399](18:24:21)[3]-- TIME:20090304-182421

[400](18:24:22)[0]-- TIME:20090304-182422

[401](18:24:23)[1]-- TIME:20090304-182423

[402](18:24:24)[2]-- TIME:20090304-182424

[403](18:24:25)[3]-- TIME:20090304-182425

[404](18:24:26)[0]-- TIME:20090304-182426

[405](18:24:27)[1]-- TIME:20090304-182427

[406](18:24:28)[2]-- TIME:20090304-182428

[407](18:24:29)[3]-- TIME:20090304-182429

[408](18:24:30)[0]-- TIME:20090304-182430

[409](18:24:31)[1]-- TIME:20090304-182431

[410](18:24:32)[2]-- TIME:20090304-182432

[411](18:24:33)[3]-- TIME:20090304-182433

[412](18:24:34)[0]-- TIME:20090304-182434

[413](18:24:35)[1]-- TIME:20090304-182435

[414](18:24:36)[2]-- TIME:20090304-182436

[415](18:24:37)[3]-- TIME:20090304-182437

[416](18:24:38)[0]-- TIME:20090304-182438

[417](18:24:39)[1]-- TIME:20090304-182439

[418](18:24:40)[2]-- TIME:20090304-182440

[419](18:24:41)[3]-- TIME:20090304-182441

[420](18:24:42)[0]-- TIME:20090304-182442

[421](18:24:43)[1]-- TIME:20090304-182443

[422](18:24:44)[2]-- TIME:20090304-182444

[423](18:24:45)[3]-- TIME:20090304-182445

[424](18:24:46)[0]-- TIME:20090304-182446

[425](18:24:47)[1]-- TIME:20090304-182447

[426](18:24:48)[2]-- TIME:20090304-182448

[427](18:24:49)[3]-- TIME:20090304-182449

[428](18:24:50)[0]-- TIME:20090304-182450

[429](18:24:51)[1]-- TIME:20090304-182451

[430](18:24:52)[2]-- TIME:20090304-182452

[431](18:24:53)[3]-- TIME:20090304-182453

[432](18:24:54)[0]-- TIME:20090304-182454

[433](18:24:55)[1]-- TIME:20090304-182455

[434](18:24:56)[2]-- TIME:20090304-182456

[435](18:24:57)[3]-- TIME:20090304-182457

[436](18:24:58)[0]-- TIME:20090304-182458

[437](18:24:59)[1]-- TIME:20090304-182459

[438](18:25:00)[2]-- TIME:20090304-182500

[439](18:25:01)[3]-- TIME:20090304-182501

[440](18:25:02)[0]-- TIME:20090304-182502

[441](18:25:03)[1]-- TIME:20090304-182503

[442](18:25:04)[2]-- TIME:20090304-182504

[443](18:25:05)[3]-- TIME:20090304-182505

[444](18:25:06)[0]-- TIME:20090304-182506

[445](18:25:07)[1]-- TIME:20090304-182507

[446](18:25:08)[2]-- TIME:20090304-182508

[447](18:25:09)[3]-- TIME:20090304-182509

[448](18:25:10)[0]-- TIME:20090304-182510

[449](18:25:11)[1]-- TIME:20090304-182511

[450](18:25:12)[2]-- TIME:20090304-182512

[451](18:25:13)[3]-- TIME:20090304-182513

[452](18:25:14)[0]-- TIME:20090304-182514

[453](18:25:15)[1]-- TIME:20090304-182515

[454](18:25:16)[2]-- TIME:20090304-182516

[455](18:25:17)[3]-- TIME:20090304-182517

[456](18:25:18)[0]-- TIME:20090304-182518

[457](18:25:19)[1]-- TIME:20090304-182519

[458](18:25:20)[2]-- TIME:20090304-182520

[459](18:25:21)[3]-- TIME:20090304-182521

[460](18:25:22)[0]-- TIME:20090304-182522

[461](18:25:23)[1]-- TIME:20090304-182523

[462](18:25:24)[2]-- TIME:20090304-182524

[463](18:25:25)[3]-- TIME:20090304-182525

[464](18:25:26)[0]-- TIME:20090304-182526

[465](18:25:27)[1]-- TIME:20090304-182527

[466](18:25:28)[2]-- TIME:20090304-182528

[467](18:25:29)[3]-- TIME:20090304-182529

[468](18:25:30)[0]-- TIME:20090304-182530

[469](18:25:31)[1]-- TIME:20090304-182531

[470](18:25:32)[2]-- TIME:20090304-182532

[471](18:25:33)[3]-- TIME:20090304-182533

[472](18:25:34)[0]-- TIME:20090304-182534

[473](18:25:35)[1]-- TIME:20090304-182535

[474](18:25:36)[2]-- TIME:20090304-182536

[475](18:25:37)[3]-- TIME:20090304-182537

[476](18:25:38)[0]-- TIME:20090304-182538

[477](18:25:39)[1]-- TIME:20090304-182539

[478](18:25:40)[2]-- TIME:20090304-182540

[479](18:25:41)[3]-- TIME:20090304-182541

[480](18:25:42)[0]-- TIME:20090304-182542

[481](18:25:43)[1]-- TIME:20090304-182543

[482](18:25:44)[2]-- TIME:20090304-182544

[483](18:25:45)[3]-- TIME:20090304-182545

[484](18:25:46)[0]-- TIME:20090304-182546

[485](18:25:47)[1]-- TIME:20090304-182547

[486](18:25:48)[2]-- TIME:20090304-182548

[487](18:25:49)[3]-- TIME:20090304-182549

[488](18:25:50)[0]-- TIME:20090304-182550

[489](18:25:51)[1]-- TIME:20090304-182551

[490](18:25:52)[2]-- TIME:20090304-182552

[491](18:25:53)[3]-- TIME:20090304-182553

[492](18:25:54)[0]-- TIME:20090304-182554

[493](18:25:55)[1]-- TIME:20090304-182555

[494](18:25:56)[2]-- TIME:20090304-182556

[495](18:25:57)[3]-- TIME:20090304-182557

[496](18:25:58)[0]-- TIME:20090304-182558

[497](18:25:59)[1]-- TIME:20090304-182559

[498](18:26:00)[2]-- TIME:20090304-182600

[499](18:26:01)[3]-- TIME:20090304-182601

[500](18:26:02)[0]-- TIME:20090304-182602

[501](18:26:03)[1]-- TIME:20090304-182603

[502](18:26:04)[2]-- TIME:20090304-182604

[503](18:26:05)[3]-- TIME:20090304-182605

[504](18:26:06)[0]-- TIME:20090304-182606

[505](18:26:07)[1]-- TIME:20090304-182607

[506](18:26:08)[2]-- TIME:20090304-182608

[507](18:26:09)[3]-- TIME:20090304-182609

[508](18:26:10)[0]-- TIME:20090304-182610

[509](18:26:11)[1]-- TIME:20090304-182611

[510](18:26:12)[2]-- TIME:20090304-182612

[511](18:26:13)[3]-- TIME:20090304-182613

[512](18:26:14)[0]-- TIME:20090304-182614

[513](18:26:15)[1]-- TIME:20090304-182615

[514](18:26:16)[2]-- TIME:20090304-182616

[515](18:26:17)[3]-- TIME:20090304-182617

[516](18:26:18)[0]-- TIME:20090304-182618

[517](18:26:19)[1]-- TIME:20090304-182619

[518](18:26:20)[2]-- TIME:20090304-182620

[519](18:26:21)[3]-- TIME:20090304-182621

[520](18:26:22)[0]-- TIME:20090304-182622

[521](18:26:23)[1]-- TIME:20090304-182623

[522](18:26:24)[2]-- TIME:20090304-182624

[523](18:26:25)[3]-- TIME:20090304-182625

[524](18:26:26)[0]-- TIME:20090304-182626

[525](18:26:27)[1]-- TIME:20090304-182627

[526](18:26:28)[2]-- TIME:20090304-182628

[527](18:26:29)[3]-- TIME:20090304-182629

[528](18:26:30)[0]-- TIME:20090304-182630

[529](18:26:31)[1]-- TIME:20090304-182631

[530](18:26:32)[2]-- TIME:20090304-182632

[531](18:26:33)[3]-- TIME:20090304-182633

[532](18:26:34)[0]-- TIME:20090304-182634

[533](18:26:35)[1]-- TIME:20090304-182635

[534](18:26:36)[2]-- TIME:20090304-182636

[535](18:26:37)[3]-- TIME:20090304-182637

[536](18:26:38)[0]-- TIME:20090304-182638

[537](18:26:39)[1]-- TIME:20090304-182639

[538](18:26:40)[2]-- TIME:20090304-182640

[539](18:26:41)[3]-- TIME:20090304-182641

[540](18:26:42)[0]-- TIME:20090304-182642

[541](18:26:43)[1]-- TIME:20090304-182643

[542](18:26:44)[2]-- TIME:20090304-182644

[543](18:26:45)[3]-- TIME:20090304-182645

[544](18:26:46)[0]-- TIME:20090304-182646

[545](18:26:47)[1]-- TIME:20090304-182647

[546](18:26:48)[2]-- TIME:20090304-182648

[547](18:26:49)[3]-- TIME:20090304-182649

[548](18:26:50)[0]-- TIME:20090304-182650

[549](18:26:51)[1]-- TIME:20090304-182651

[550](18:26:52)[2]-- TIME:20090304-182652

[551](18:26:53)[3]-- TIME:20090304-182653

[552](18:26:54)[0]-- TIME:20090304-182654

[553](18:26:55)[1]-- TIME:20090304-182655

[554](18:26:56)[2]-- TIME:20090304-182656

[555](18:26:57)[3]-- TIME:20090304-182657

[556](18:26:58)[0]-- TIME:20090304-182658

[557](18:26:59)[1]-- TIME:20090304-182659

[558](18:27:00)[2]-- TIME:20090304-182700

[559](18:27:01)[3]-- TIME:20090304-182701

[560](18:27:02)[0]-- TIME:20090304-182702

[561](18:27:03)[1]-- TIME:20090304-182703

[562](18:27:04)[2]-- TIME:20090304-182704

[563](18:27:05)[3]-- TIME:20090304-182705

[564](18:27:06)[0]-- TIME:20090304-182706

[565](18:27:07)[1]-- TIME:20090304-182707

[566](18:27:08)[2]-- TIME:20090304-182708

[567](18:27:09)[3]-- TIME:20090304-182709

[568](18:27:10)[0]-- TIME:20090304-182710

[569](18:27:11)[1]-- TIME:20090304-182711

[570](18:27:12)[2]-- TIME:20090304-182712

[571](18:27:13)[3]-- TIME:20090304-182713

[572](18:27:14)[0]-- TIME:20090304-182714

[573](18:27:15)[1]-- TIME:20090304-182715

[574](18:27:16)[2]-- TIME:20090304-182716

[575](18:27:17)[3]-- TIME:20090304-182717

[576](18:27:18)[0]-- TIME:20090304-182718

[577](18:27:19)[1]-- TIME:20090304-182719

[578](18:27:20)[2]-- TIME:20090304-182720

[579](18:27:21)[3]-- TIME:20090304-182721

[580](18:27:22)[0]-- TIME:20090304-182722

[581](18:27:23)[1]-- TIME:20090304-182723

[582](18:27:24)[2]-- TIME:20090304-182724

[583](18:27:25)[3]-- TIME:20090304-182725

[584](18:27:26)[0]-- TIME:20090304-182726

[585](18:27:27)[1]-- TIME:20090304-182727

[586](18:27:28)[2]-- TIME:20090304-182728

[587](18:27:29)[3]-- TIME:20090304-182729

[588](18:27:30)[0]-- TIME:20090304-182730

[589](18:27:31)[1]-- TIME:20090304-182731

[590](18:27:32)[2]-- TIME:20090304-182732

[591](18:27:33)[3]-- TIME:20090304-182733

[592](18:27:34)[0]-- TIME:20090304-182734

[593](18:27:35)[1]-- TIME:20090304-182735

[594](18:27:36)[2]-- TIME:20090304-182736

[595](18:27:37)[3]-- TIME:20090304-182737

[596](18:27:38)[0]-- TIME:20090304-182738

[597](18:27:39)[1]-- TIME:20090304-182739

[598](18:27:40)[2]-- TIME:20090304-182740

[599](18:27:41)[3]-- TIME:20090304-182741

[600](18:27:42)[0]-- TIME:20090304-182742

[601](18:27:43)[1]-- TIME:20090304-182743

[602](18:27:44)[2]-- TIME:20090304-182744

[603](18:27:45)[3]-- TIME:20090304-182745

[604](18:27:46)[0]-- TIME:20090304-182746

[605](18:27:47)[1]-- TIME:20090304-182747

[606](18:27:48)[2]-- TIME:20090304-182748

[607](18:27:49)[3]-- TIME:20090304-182749

[608](18:27:50)[0]-- TIME:20090304-182750

[609](18:27:51)[1]-- TIME:20090304-182751

[610](18:27:52)[2]-- TIME:20090304-182752

[611](18:27:53)[3]-- TIME:20090304-182753

[612](18:27:54)[0]-- TIME:20090304-182754

[613](18:27:55)[1]-- TIME:20090304-182755

[614](18:27:56)[2]-- TIME:20090304-182756

[615](18:27:57)[3]-- TIME:20090304-182757

[616](18:27:58)[0]-- TIME:20090304-182758

[617](18:27:59)[1]-- TIME:20090304-182759

[618](18:28:00)[2]-- TIME:20090304-182800

[619](18:28:01)[3]-- TIME:20090304-182801

[620](18:28:02)[0]-- TIME:20090304-182802

[621](18:28:03)[1]-- TIME:20090304-182803

[622](18:28:04)[2]-- TIME:20090304-182804

[623](18:28:05)[3]-- TIME:20090304-182805

[624](18:28:06)[0]-- TIME:20090304-182806

[625](18:28:07)[1]-- TIME:20090304-182807

[626](18:28:08)[2]-- TIME:20090304-182808

[627](18:28:09)[3]-- TIME:20090304-182809

[628](18:28:10)[0]-- TIME:20090304-182810

[629](18:28:11)[1]-- TIME:20090304-182811

[630](18:28:12)[2]-- TIME:20090304-182812

[631](18:28:13)[3]-- TIME:20090304-182813

[632](18:28:14)[0]-- TIME:20090304-182814

[633](18:28:15)[1]-- TIME:20090304-182815

[634](18:28:16)[2]-- TIME:20090304-182816

[635](18:28:17)[3]-- TIME:20090304-182817

[636](18:28:18)[0]-- TIME:20090304-182818

[637](18:28:19)[1]-- TIME:20090304-182819

[638](18:28:20)[2]-- TIME:20090304-182820

[639](18:28:21)[3]-- TIME:20090304-182821

[640](18:28:22)[0]-- TIME:20090304-182822

[641](18:28:23)[1]-- TIME:20090304-182823

[642](18:28:24)[2]-- TIME:20090304-182824

[643](18:28:25)[3]-- TIME:20090304-182825

[644](18:28:26)[0]-- TIME:20090304-182826

[645](18:28:27)[1]-- TIME:20090304-182827

[646](18:28:28)[2]-- TIME:20090304-182828

[647](18:28:29)[3]-- TIME:20090304-182829

[648](18:28:30)[0]-- TIME:20090304-182830

[649](18:28:31)[1]-- TIME:20090304-182831

[650](18:28:32)[2]-- TIME:20090304-182832

[651](18:28:33)[3]-- TIME:20090304-182833

[652](18:28:34)[0]-- TIME:20090304-182834

[653](18:28:35)[1]-- TIME:20090304-182835

[654](18:28:36)[2]-- TIME:20090304-182836

[655](18:28:37)[3]-- TIME:20090304-182837

[656](18:28:38)[0]-- TIME:20090304-182838

[657](18:28:39)[1]-- TIME:20090304-182839

[658](18:28:40)[2]-- TIME:20090304-182840

[659](18:28:41)[3]-- TIME:20090304-182841

[660](18:28:42)[0]-- TIME:20090304-182842

[661](18:28:43)[1]-- TIME:20090304-182843

[662](18:28:44)[2]-- TIME:20090304-182844

[663](18:28:45)[3]-- TIME:20090304-182845

[664](18:28:46)[0]-- TIME:20090304-182846

[665](18:28:47)[1]-- TIME:20090304-182847

[666](18:28:48)[2]-- TIME:20090304-182848

[667](18:28:49)[3]-- TIME:20090304-182849

[668](18:28:50)[0]-- TIME:20090304-182850

[669](18:28:51)[1]-- TIME:20090304-182851

[670](18:28:52)[2]-- TIME:20090304-182852

[671](18:28:53)[3]-- TIME:20090304-182853

[672](18:28:54)[0]-- TIME:20090304-182854

[673](18:28:55)[1]-- TIME:20090304-182855

[674](18:28:56)[2]-- TIME:20090304-182856

[675](18:28:57)[3]-- TIME:20090304-182857

[676](18:28:58)[0]-- TIME:20090304-182858

[677](18:28:59)[1]-- TIME:20090304-182859

[678](18:29:00)[2]-- TIME:20090304-182900

[679](18:29:01)[3]-- TIME:20090304-182901

[680](18:29:02)[0]-- TIME:20090304-182902

[681](18:29:03)[1]-- TIME:20090304-182903

[682](18:29:04)[2]-- TIME:20090304-182904

[683](18:29:05)[3]-- TIME:20090304-182905

[684](18:29:06)[0]-- TIME:20090304-182906

[685](18:29:07)[1]-- TIME:20090304-182907

[686](18:29:08)[2]-- TIME:20090304-182908

[687](18:29:09)[3]-- TIME:20090304-182909

[688](18:29:10)[0]-- TIME:20090304-182910

[689](18:29:11)[1]-- TIME:20090304-182911

[690](18:29:12)[2]-- TIME:20090304-182912

[691](18:29:13)[3]-- TIME:20090304-182913

[692](18:29:14)[0]-- TIME:20090304-182914

[693](18:29:15)[1]-- TIME:20090304-182915

[694](18:29:16)[2]-- TIME:20090304-182916

[695](18:29:17)[3]-- TIME:20090304-182917

[696](18:29:18)[0]-- TIME:20090304-182918

[697](18:29:19)[1]-- TIME:20090304-182919

[698](18:29:20)[2]-- TIME:20090304-182920

[699](18:29:21)[3]-- TIME:20090304-182921

[700](18:29:22)[0]-- TIME:20090304-182922

[701](18:29:23)[1]-- TIME:20090304-182923

[702](18:29:24)[2]-- TIME:20090304-182924

[703](18:29:25)[3]-- TIME:20090304-182925

[704](18:29:26)[0]-- TIME:20090304-182926

[705](18:29:27)[1]-- TIME:20090304-182927

[706](18:29:28)[2]-- TIME:20090304-182928

[707](18:29:29)[3]-- TIME:20090304-182929

[708](18:29:30)[0]-- TIME:20090304-182930

[709](18:29:31)[1]-- TIME:20090304-182931

[710](18:29:32)[2]-- TIME:20090304-182932

[711](18:29:33)[3]-- TIME:20090304-182933

[712](18:29:34)[0]-- TIME:20090304-182934

[713](18:29:35)[1]-- TIME:20090304-182935

[714](18:29:36)[2]-- TIME:20090304-182936

[715](18:29:37)[3]-- TIME:20090304-182937

[716](18:29:38)[0]-- TIME:20090304-182938

[717](18:29:39)[1]-- TIME:20090304-182939

[718](18:29:40)[2]-- TIME:20090304-182940

[719](18:29:41)[3]-- TIME:20090304-182941

[720](18:29:42)[0]-- TIME:20090304-182942

[721](18:29:43)[1]-- TIME:20090304-182943

[722](18:29:44)[2]-- TIME:20090304-182944

[723](18:29:45)[3]-- TIME:20090304-182945

[724](18:29:46)[0]-- TIME:20090304-182946

[725](18:29:47)[1]-- TIME:20090304-182947

[726](18:29:48)[2]-- TIME:20090304-182948

[727](18:29:49)[3]-- TIME:20090304-182949

[728](18:29:50)[0]-- TIME:20090304-182950

[729](18:29:52)[1]-- TIME:20090304-182952

[730](18:29:53)[2]-- TIME:20090304-182953

[731](18:29:54)[3]-- TIME:20090304-182954

[732](18:29:55)[0]-- TIME:20090304-182955

[733](18:29:56)[1]-- TIME:20090304-182956

[734](18:29:57)[2]-- TIME:20090304-182957

[735](18:29:58)[3]-- TIME:20090304-182958

[736](18:29:59)[0]-- TIME:20090304-182959

[737](18:30:00)[1]-- TIME:20090304-183000

[738](18:30:01)[2]-- TIME:20090304-183001

[739](18:30:02)[3]-- TIME:20090304-183002

[740](18:30:03)[0]-- TIME:20090304-183003

[741](18:30:04)[1]-- TIME:20090304-183004

[742](18:30:05)[2]-- TIME:20090304-183005

[743](18:30:06)[3]-- TIME:20090304-183006

[744](18:30:07)[0]-- TIME:20090304-183007

[745](18:30:08)[1]-- TIME:20090304-183008

[746](18:30:09)[2]-- TIME:20090304-183009

[747](18:30:10)[3]-- TIME:20090304-183010

[748](18:30:11)[0]-- TIME:20090304-183011

[749](18:30:12)[1]-- TIME:20090304-183012

[750](18:30:13)[2]-- TIME:20090304-183013

[751](18:30:14)[3]-- TIME:20090304-183014

[752](18:30:15)[0]-- TIME:20090304-183015

[753](18:30:16)[1]-- TIME:20090304-183016

[754](18:30:17)[2]-- TIME:20090304-183017

[755](18:30:18)[3]-- TIME:20090304-183018

[756](18:30:19)[0]-- TIME:20090304-183019

[757](18:30:20)[1]-- TIME:20090304-183020

[758](18:30:21)[2]-- TIME:20090304-183021

[759](18:30:22)[3]-- TIME:20090304-183022

[760](18:30:23)[0]-- TIME:20090304-183023

[761](18:30:24)[1]-- TIME:20090304-183024

[762](18:30:25)[2]-- TIME:20090304-183025

[763](18:30:26)[3]-- TIME:20090304-183026

[764](18:30:27)[0]-- TIME:20090304-183027

[765](18:30:28)[1]-- TIME:20090304-183028

[766](18:30:29)[2]-- TIME:20090304-183029

[767](18:30:30)[3]-- TIME:20090304-183030

[768](18:30:31)[0]-- TIME:20090304-183031

[769](18:30:32)[1]-- TIME:20090304-183032

[770](18:30:33)[2]-- TIME:20090304-183033

[771](18:30:34)[3]-- TIME:20090304-183034

[772](18:30:35)[0]-- TIME:20090304-183035

[773](18:30:36)[1]-- TIME:20090304-183036

[774](18:30:37)[2]-- TIME:20090304-183037

[775](18:30:38)[3]-- TIME:20090304-183038

[776](18:30:39)[0]-- TIME:20090304-183039

[777](18:30:40)[1]-- TIME:20090304-183040

[778](18:30:41)[2]-- TIME:20090304-183041

[779](18:30:42)[3]-- TIME:20090304-183042

[780](18:30:43)[0]-- TIME:20090304-183043

[781](18:30:44)[1]-- TIME:20090304-183044

[782](18:30:45)[2]-- TIME:20090304-183045

[783](18:30:46)[3]-- TIME:20090304-183046

[784](18:30:47)[0]-- TIME:20090304-183047

[785](18:30:48)[1]-- TIME:20090304-183048

[786](18:30:49)[2]-- TIME:20090304-183049

[787](18:30:50)[3]-- TIME:20090304-183050

[788](18:30:51)[0]-- TIME:20090304-183051

[789](18:30:52)[1]-- TIME:20090304-183052

[790](18:30:53)[2]-- TIME:20090304-183053

[791](18:30:54)[3]-- TIME:20090304-183054

[792](18:30:55)[0]-- TIME:20090304-183055

[793](18:30:56)[1]-- TIME:20090304-183056

[794](18:30:57)[2]-- TIME:20090304-183057

[795](18:30:58)[3]-- TIME:20090304-183058

[796](18:30:59)[0]-- TIME:20090304-183059

[797](18:31:00)[1]-- TIME:20090304-183100

[798](18:31:01)[2]-- TIME:20090304-183101

[799](18:31:02)[3]-- TIME:20090304-183102

[800](18:31:03)[0]-- TIME:20090304-183103

[801](18:31:04)[1]-- TIME:20090304-183104

[802](18:31:05)[2]-- TIME:20090304-183105

[803](18:31:06)[3]-- TIME:20090304-183106

[804](18:31:07)[0]-- TIME:20090304-183107

[805](18:31:08)[1]-- TIME:20090304-183108

[806](18:31:09)[2]-- TIME:20090304-183109

[807](18:31:10)[3]-- TIME:20090304-183110

[808](18:31:11)[0]-- TIME:20090304-183111

[809](18:31:12)[1]-- TIME:20090304-183112

[810](18:31:13)[2]-- TIME:20090304-183113

[811](18:31:14)[3]-- TIME:20090304-183114

[812](18:31:15)[0]-- TIME:20090304-183115

[813](18:31:16)[1]-- TIME:20090304-183116

[814](18:31:17)[2]-- TIME:20090304-183117

[815](18:31:18)[3]-- TIME:20090304-183118

[816](18:31:19)[0]-- TIME:20090304-183119

[817](18:31:20)[1]-- TIME:20090304-183120

[818](18:31:21)[2]-- TIME:20090304-183121

[819](18:31:22)[3]-- TIME:20090304-183122

[820](18:31:23)[0]-- TIME:20090304-183123

[821](18:31:24)[1]-- TIME:20090304-183124

[822](18:31:25)[2]-- TIME:20090304-183125

[823](18:31:26)[3]-- TIME:20090304-183126

[824](18:31:27)[0]-- TIME:20090304-183127

[825](18:31:28)[1]-- TIME:20090304-183128

[826](18:31:29)[2]-- TIME:20090304-183129

[827](18:31:30)[3]-- TIME:20090304-183130

[828](18:31:31)[0]-- TIME:20090304-183131

[829](18:31:32)[1]-- TIME:20090304-183132

[830](18:31:33)[2]-- TIME:20090304-183133

[831](18:31:34)[3]-- TIME:20090304-183134

[832](18:31:35)[0]-- TIME:20090304-183135

[833](18:31:36)[1]-- TIME:20090304-183136

[834](18:31:37)[2]-- TIME:20090304-183137

[835](18:31:38)[3]-- TIME:20090304-183138

[836](18:31:39)[0]-- TIME:20090304-183139

[837](18:31:40)[1]-- TIME:20090304-183140

[838](18:31:41)[2]-- TIME:20090304-183141

[839](18:31:42)[3]-- TIME:20090304-183142

[840](18:31:43)[0]-- TIME:20090304-183143

[841](18:31:44)[1]-- TIME:20090304-183144

[842](18:31:45)[2]-- TIME:20090304-183145

[843](18:31:46)[3]-- TIME:20090304-183146

[844](18:31:47)[0]-- TIME:20090304-183147

[845](18:31:48)[1]-- TIME:20090304-183148

[846](18:31:49)[2]-- TIME:20090304-183149

[847](18:31:50)[3]-- TIME:20090304-183150

[848](18:31:51)[0]-- TIME:20090304-183151

[849](18:31:52)[1]-- TIME:20090304-183152

[850](18:31:53)[2]-- TIME:20090304-183153

[851](18:31:54)[3]-- TIME:20090304-183154

[852](18:31:55)[0]-- TIME:20090304-183155

[853](18:31:56)[1]-- TIME:20090304-183156

[854](18:31:57)[2]-- TIME:20090304-183157

[855](18:31:58)[3]-- TIME:20090304-183158

[856](18:31:59)[0]-- TIME:20090304-183159

[857](18:32:00)[1]-- TIME:20090304-183200

[858](18:32:01)[2]-- TIME:20090304-183201

[859](18:32:02)[3]-- TIME:20090304-183202

[860](18:32:03)[0]-- TIME:20090304-183203

[861](18:32:04)[1]-- TIME:20090304-183204

[862](18:32:05)[2]-- TIME:20090304-183205

[863](18:32:06)[3]-- TIME:20090304-183206

[864](18:32:07)[0]-- TIME:20090304-183207

[865](18:32:08)[1]-- TIME:20090304-183208

[866](18:32:09)[2]-- TIME:20090304-183209

[867](18:32:10)[3]-- TIME:20090304-183210

[868](18:32:11)[0]-- TIME:20090304-183211

[869](18:32:12)[1]-- TIME:20090304-183212

[870](18:32:13)[2]-- TIME:20090304-183213

[871](18:32:14)[3]-- TIME:20090304-183214

[872](18:32:15)[0]-- TIME:20090304-183215

[873](18:32:16)[1]-- TIME:20090304-183216

[874](18:32:17)[2]-- TIME:20090304-183217

[875](18:32:18)[3]-- TIME:20090304-183218

[876](18:32:19)[0]-- TIME:20090304-183219

[877](18:32:20)[1]-- TIME:20090304-183220

[878](18:32:21)[2]-- TIME:20090304-183221

[879](18:32:22)[3]-- TIME:20090304-183222

[880](18:32:23)[0]-- TIME:20090304-183223

[881](18:32:24)[1]-- TIME:20090304-183224

[882](18:32:25)[2]-- TIME:20090304-183225

[883](18:32:26)[3]-- TIME:20090304-183226

[884](18:32:27)[0]-- TIME:20090304-183227

[885](18:32:28)[1]-- TIME:20090304-183228

[886](18:32:29)[2]-- TIME:20090304-183229

[887](18:32:30)[3]-- TIME:20090304-183230

[888](18:32:31)[0]-- TIME:20090304-183231

[889](18:32:32)[1]-- TIME:20090304-183232

[890](18:32:33)[2]-- TIME:20090304-183233

[891](18:32:34)[3]-- TIME:20090304-183234

[892](18:32:35)[0]-- TIME:20090304-183235

[893](18:32:36)[1]-- TIME:20090304-183236

[894](18:32:37)[2]-- TIME:20090304-183237

[895](18:32:38)[3]-- TIME:20090304-183238

[896](18:32:39)[0]-- TIME:20090304-183239

[897](18:32:40)[1]-- TIME:20090304-183240

[898](18:32:41)[2]-- TIME:20090304-183241

[899](18:32:42)[3]-- TIME:20090304-183242

[900](18:32:43)[0]-- TIME:20090304-183243

[901](18:32:44)[1]-- TIME:20090304-183244

[902](18:32:45)[2]-- TIME:20090304-183245

[903](18:32:46)[3]-- TIME:20090304-183246

[904](18:32:47)[0]-- TIME:20090304-183247

[905](18:32:48)[1]-- TIME:20090304-183248

[906](18:32:49)[2]-- TIME:20090304-183249

[907](18:32:50)[3]-- TIME:20090304-183250

[908](18:32:51)[0]-- TIME:20090304-183251

[909](18:32:52)[1]-- TIME:20090304-183252

[910](18:32:53)[2]-- TIME:20090304-183253

[911](18:32:54)[3]-- TIME:20090304-183254

[912](18:32:55)[0]-- TIME:20090304-183255

[913](18:32:56)[1]-- TIME:20090304-183256

[914](18:32:57)[2]-- TIME:20090304-183257

[915](18:32:58)[3]-- TIME:20090304-183258

[916](18:32:59)[0]-- TIME:20090304-183259

[917](18:33:00)[1]-- TIME:20090304-183300

[918](18:33:01)[2]-- TIME:20090304-183301

[919](18:33:02)[3]-- TIME:20090304-183302

[920](18:33:03)[0]-- TIME:20090304-183303

[921](18:33:04)[1]-- TIME:20090304-183304

[922](18:33:05)[2]-- TIME:20090304-183305

[923](18:33:06)[3]-- TIME:20090304-183306

[924](18:33:07)[0]-- TIME:20090304-183307

[925](18:33:08)[1]-- TIME:20090304-183308

[926](18:33:09)[2]-- TIME:20090304-183309

[927](18:33:10)[3]-- TIME:20090304-183310

[928](18:33:11)[0]-- TIME:20090304-183311

[929](18:33:12)[1]-- TIME:20090304-183312

[930](18:33:13)[2]-- TIME:20090304-183313

[931](18:33:14)[3]-- TIME:20090304-183314

[932](18:33:15)[0]-- TIME:20090304-183315

[933](18:33:16)[1]-- TIME:20090304-183316

[934](18:33:17)[2]-- TIME:20090304-183317

[935](18:33:18)[3]-- TIME:20090304-183318

[936](18:33:19)[0]-- TIME:20090304-183319

[937](18:33:20)[1]-- TIME:20090304-183320

[938](18:33:21)[2]-- TIME:20090304-183321

[939](18:33:22)[3]-- TIME:20090304-183322

[940](18:33:23)[0]-- TIME:20090304-183323

[941](18:33:24)[1]-- TIME:20090304-183324

[942](18:33:25)[2]-- TIME:20090304-183325

[943](18:33:26)[3]-- TIME:20090304-183326

[944](18:33:27)[0]-- TIME:20090304-183327

[945](18:33:28)[1]-- TIME:20090304-183328

[946](18:33:29)[2]-- TIME:20090304-183329

[947](18:33:30)[3]-- TIME:20090304-183330

[948](18:33:31)[0]-- TIME:20090304-183331

[949](18:33:32)[1]-- TIME:20090304-183332

[950](18:33:33)[2]-- TIME:20090304-183333

[951](18:33:34)[3]-- TIME:20090304-183334

[952](18:33:35)[0]-- TIME:20090304-183335

[953](18:33:36)[1]-- TIME:20090304-183336

[954](18:33:37)[2]-- TIME:20090304-183337

[955](18:33:38)[3]-- TIME:20090304-183338

[956](18:33:39)[0]-- TIME:20090304-183339

[957](18:33:40)[1]-- TIME:20090304-183340

[958](18:33:41)[2]-- TIME:20090304-183341

[959](18:33:42)[3]-- TIME:20090304-183342

[960](18:33:43)[0]-- TIME:20090304-183343

[961](18:33:44)[1]-- TIME:20090304-183344

[962](18:33:45)[2]-- TIME:20090304-183345

[963](18:33:46)[3]-- TIME:20090304-183346

[964](18:33:47)[0]-- TIME:20090304-183347

[965](18:33:48)[1]-- TIME:20090304-183348

[966](18:33:49)[2]-- TIME:20090304-183349

[967](18:33:50)[3]-- TIME:20090304-183350

[968](18:33:51)[0]-- TIME:20090304-183351

[969](18:33:52)[1]-- TIME:20090304-183352

[970](18:33:53)[2]-- TIME:20090304-183353

[971](18:33:54)[3]-- TIME:20090304-183354

[972](18:33:55)[0]-- TIME:20090304-183355

[973](18:33:56)[1]-- TIME:20090304-183356

[974](18:33:57)[2]-- TIME:20090304-183357

[975](18:33:58)[3]-- TIME:20090304-183358

[976](18:33:59)[0]-- TIME:20090304-183359

[977](18:34:00)[1]-- TIME:20090304-183400

[978](18:34:01)[2]-- TIME:20090304-183401

[979](18:34:02)[3]-- TIME:20090304-183402

[980](18:34:03)[0]-- TIME:20090304-183403

[981](18:34:04)[1]-- TIME:20090304-183404

[982](18:34:05)[2]-- TIME:20090304-183405

[983](18:34:06)[3]-- TIME:20090304-183406

[984](18:34:07)[0]-- TIME:20090304-183407

[985](18:34:08)[1]-- TIME:20090304-183408

[986](18:34:09)[2]-- TIME:20090304-183409

[987](18:34:10)[3]-- TIME:20090304-183410

[988](18:34:11)[0]-- TIME:20090304-183411

[989](18:34:12)[1]-- TIME:20090304-183412

[990](18:34:13)[2]-- TIME:20090304-183413

[991](18:34:14)[3]-- TIME:20090304-183414

[992](18:34:15)[0]-- TIME:20090304-183415

[993](18:34:16)[1]-- TIME:20090304-183416

[994](18:34:17)[2]-- TIME:20090304-183417

[995](18:34:18)[3]-- TIME:20090304-183418

[996](18:34:19)[0]-- TIME:20090304-183419

[997](18:34:20)[1]-- TIME:20090304-183420

[998](18:34:21)[2]-- TIME:20090304-183421

[999](18:34:22)[3]-- TIME:20090304-183422

[1000](18:34:23)[0]-- TIME:20090304-183423
