
[0](13:37:35)======== MONITA APP STARTING ===========
[1](13:37:36)Load file konfigurasi
[2](13:37:36)Baca konfig
[3](13:37:36)Baca konfig: OK
[4](13:37:52)Simpan konfig
[5](13:37:52)Simpan konfig: OK
[6](13:48:45)Mulai logging data
[7](13:48:46)[0]-- TIME:20090216-134846

[8](13:48:47)[1]-- TIME:20090216-134847

[9](13:48:48)[2]-- TIME:20090216-134848

[10](13:48:49)[3]-- TIME:20090216-134849

[11](13:48:49)192.168.1.110: Timeout
[12](13:48:49)192.168.1.130: Timeout
[13](13:48:49)192.168.1.136: Timeout
[14](13:48:50)[0]-- TIME:20090216-134850

[15](13:48:51)[1]-- TIME:20090216-134851

[16](13:48:52)[2]-- TIME:20090216-134852

[17](13:48:53)[3]-- TIME:20090216-134853

[18](13:48:53)192.168.1.110: Timeout
[19](13:48:53)192.168.1.130: Timeout
[20](13:48:54)[0]-- TIME:20090216-134854

[21](13:48:55)[1]-- TIME:20090216-134855

[22](13:48:56)[2]-- TIME:20090216-134856

[23](13:48:57)[3]-- TIME:20090216-134857

[24](13:48:57)192.168.1.110: Timeout
[25](13:48:57)192.168.1.130: Timeout
[26](13:48:58)[0]-- TIME:20090216-134858

[27](13:48:59)[1]-- TIME:20090216-134859

[28](13:49:00)[2]-- TIME:20090216-134900

[29](13:49:01)[3]-- TIME:20090216-134901

[30](13:49:01)192.168.1.110: Timeout
[31](13:49:01)192.168.1.130: Timeout
[32](13:49:02)[0]-- TIME:20090216-134902

[33](13:49:03)[1]-- TIME:20090216-134903

[34](13:49:04)[2]-- TIME:20090216-134904

[35](13:49:05)[3]-- TIME:20090216-134905

[36](13:49:05)192.168.1.110: Timeout
[37](13:49:05)192.168.1.130: Timeout
[38](13:49:06)[0]-- TIME:20090216-134906

[39](13:49:07)[1]-- TIME:20090216-134907

[40](13:49:08)[2]-- TIME:20090216-134908

[41](13:49:09)[3]-- TIME:20090216-134909

[42](13:49:09)192.168.1.110: Timeout
[43](13:49:09)192.168.1.130: Timeout
[44](13:49:10)[0]-- TIME:20090216-134910

[45](13:49:11)[1]-- TIME:20090216-134911

[46](13:49:12)[2]-- TIME:20090216-134912

[47](13:49:13)[3]-- TIME:20090216-134913

[48](13:49:13)192.168.1.110: Timeout
[49](13:49:13)192.168.1.130: Timeout
[50](13:49:14)[0]-- TIME:20090216-134914

[51](13:49:15)[1]-- TIME:20090216-134915

[52](13:49:16)[2]-- TIME:20090216-134916

[53](13:49:17)[3]-- TIME:20090216-134917

[54](13:49:17)192.168.1.110: Timeout
[55](13:49:17)192.168.1.130: Timeout
[56](13:49:18)[0]-- TIME:20090216-134918

[57](13:49:19)[1]-- TIME:20090216-134919

[58](13:49:20)[2]-- TIME:20090216-134920

[59](13:49:21)[3]-- TIME:20090216-134921

[60](13:49:21)192.168.1.110: Timeout
[61](13:49:21)192.168.1.130: Timeout
[62](13:49:22)[0]-- TIME:20090216-134922

[63](13:49:23)[1]-- TIME:20090216-134923

[64](13:49:24)[2]-- TIME:20090216-134924

[65](13:49:25)[3]-- TIME:20090216-134925

[66](13:49:25)192.168.1.110: Timeout
[67](13:49:25)192.168.1.130: Timeout
[68](13:49:26)[0]-- TIME:20090216-134926

[69](13:49:27)[1]-- TIME:20090216-134927

[70](13:49:28)[2]-- TIME:20090216-134928

[71](13:49:29)[3]-- TIME:20090216-134929

[72](13:49:29)192.168.1.110: Timeout
[73](13:49:29)192.168.1.130: Timeout
[74](13:49:30)[0]-- TIME:20090216-134930

[75](13:49:31)[1]-- TIME:20090216-134931

[76](13:49:32)[2]-- TIME:20090216-134932

[77](13:49:33)[3]-- TIME:20090216-134933

[78](13:49:33)192.168.1.110: Timeout
[79](13:49:33)192.168.1.130: Timeout
[80](13:49:34)[0]-- TIME:20090216-134934

[81](13:49:35)[1]-- TIME:20090216-134935

[82](13:49:36)[2]-- TIME:20090216-134936

[83](13:49:37)[3]-- TIME:20090216-134937

[84](13:49:37)192.168.1.110: Timeout
[85](13:49:37)192.168.1.130: Timeout
[86](13:49:38)[0]-- TIME:20090216-134938

[87](13:49:39)[1]-- TIME:20090216-134939

[88](13:49:40)[2]-- TIME:20090216-134940

[89](13:49:41)[3]-- TIME:20090216-134941

[90](13:49:41)192.168.1.110: Timeout
[91](13:49:41)192.168.1.130: Timeout
[92](13:49:42)[0]-- TIME:20090216-134942

[93](13:49:43)[1]-- TIME:20090216-134943

[94](13:49:44)[2]-- TIME:20090216-134944

[95](13:49:45)[3]-- TIME:20090216-134945

[96](13:49:45)192.168.1.110: Timeout
[97](13:49:45)192.168.1.130: Timeout
[98](13:49:46)[0]-- TIME:20090216-134946

[99](13:49:47)[1]-- TIME:20090216-134947

[100](13:49:48)[2]-- TIME:20090216-134948

[101](13:49:49)[3]-- TIME:20090216-134949

[102](13:49:49)192.168.1.110: Timeout
[103](13:49:49)192.168.1.130: Timeout
[104](13:49:50)[0]-- TIME:20090216-134950

[105](13:49:51)[1]-- TIME:20090216-134951

[106](13:49:52)[2]-- TIME:20090216-134952

[107](13:49:53)[3]-- TIME:20090216-134953

[108](13:49:53)192.168.1.110: Timeout
[109](13:49:53)192.168.1.130: Timeout
[110](13:49:54)[0]-- TIME:20090216-134954

[111](13:49:55)[1]-- TIME:20090216-134955

[112](13:49:56)[2]-- TIME:20090216-134956

[113](13:49:57)[3]-- TIME:20090216-134957

[114](13:49:57)192.168.1.110: Timeout
[115](13:49:57)192.168.1.130: Timeout
[116](13:49:58)[0]-- TIME:20090216-134958

[117](13:49:59)[1]-- TIME:20090216-134959

[118](13:50:00)[2]-- TIME:20090216-135000

[119](13:50:01)[3]-- TIME:20090216-135001

[120](13:50:01)192.168.1.110: Timeout
[121](13:50:01)192.168.1.130: Timeout
[122](13:50:02)[0]-- TIME:20090216-135002

[123](13:50:03)[1]-- TIME:20090216-135003

[124](13:50:04)[2]-- TIME:20090216-135004

[125](13:50:05)[3]-- TIME:20090216-135005

[126](13:50:05)192.168.1.110: Timeout
[127](13:50:05)192.168.1.130: Timeout
[128](13:50:06)[0]-- TIME:20090216-135006

[129](13:50:07)[1]-- TIME:20090216-135007

[130](13:50:08)[2]-- TIME:20090216-135008

[131](13:50:09)[3]-- TIME:20090216-135009

[132](13:50:09)192.168.1.110: Timeout
[133](13:50:09)192.168.1.130: Timeout
[134](13:50:10)[0]-- TIME:20090216-135010

[135](13:50:11)[1]-- TIME:20090216-135011

[136](13:50:12)[2]-- TIME:20090216-135012

[137](13:50:13)[3]-- TIME:20090216-135013

[138](13:50:13)192.168.1.110: Timeout
[139](13:50:13)192.168.1.130: Timeout
[140](13:50:14)[0]-- TIME:20090216-135014

[141](13:50:15)[1]-- TIME:20090216-135015

[142](13:50:16)[2]-- TIME:20090216-135016

[143](13:50:17)[3]-- TIME:20090216-135017

[144](13:50:17)192.168.1.110: Timeout
[145](13:50:17)192.168.1.130: Timeout
[146](13:50:18)[0]-- TIME:20090216-135018

[147](13:50:19)[1]-- TIME:20090216-135019

[148](13:50:20)[2]-- TIME:20090216-135020

[149](13:50:21)[3]-- TIME:20090216-135021

[150](13:50:21)192.168.1.110: Timeout
[151](13:50:21)192.168.1.130: Timeout
[152](13:50:22)[0]-- TIME:20090216-135022

[153](13:50:23)[1]-- TIME:20090216-135023

[154](13:50:24)[2]-- TIME:20090216-135024

[155](13:50:25)[3]-- TIME:20090216-135025

[156](13:50:25)192.168.1.110: Timeout
[157](13:50:25)192.168.1.130: Timeout
[158](13:50:26)[0]-- TIME:20090216-135026

[159](13:50:27)[1]-- TIME:20090216-135027

[160](13:50:28)[2]-- TIME:20090216-135028

[161](13:50:29)[3]-- TIME:20090216-135029

[162](13:50:29)192.168.1.110: Timeout
[163](13:50:29)192.168.1.130: Timeout
[164](13:50:30)[0]-- TIME:20090216-135030

[165](13:50:31)[1]-- TIME:20090216-135031

[166](13:50:32)[2]-- TIME:20090216-135032

[167](13:50:33)[3]-- TIME:20090216-135033

[168](13:50:33)192.168.1.110: Timeout
[169](13:50:33)192.168.1.130: Timeout
[170](13:50:34)[0]-- TIME:20090216-135034

[171](13:50:35)[1]-- TIME:20090216-135035

[172](13:50:36)[2]-- TIME:20090216-135036

[173](13:50:37)[3]-- TIME:20090216-135037

[174](13:50:37)192.168.1.110: Timeout
[175](13:50:37)192.168.1.130: Timeout
[176](13:50:38)[0]-- TIME:20090216-135038

[177](13:50:39)[1]-- TIME:20090216-135039

[178](13:50:40)[2]-- TIME:20090216-135040

[179](13:50:41)[3]-- TIME:20090216-135041

[180](13:50:41)192.168.1.110: Timeout
[181](13:50:41)192.168.1.130: Timeout
[182](13:50:42)[0]-- TIME:20090216-135042

[183](13:50:43)[1]-- TIME:20090216-135043

[184](13:50:44)[2]-- TIME:20090216-135044

[185](13:50:45)[3]-- TIME:20090216-135045

[186](13:50:45)192.168.1.110: Timeout
[187](13:50:45)192.168.1.130: Timeout
[188](13:50:46)[0]-- TIME:20090216-135046

[189](13:50:47)[1]-- TIME:20090216-135047

[190](13:50:48)[2]-- TIME:20090216-135048

[191](13:50:49)[3]-- TIME:20090216-135049

[192](13:50:49)192.168.1.110: Timeout
[193](13:50:49)192.168.1.130: Timeout
[194](13:50:50)[0]-- TIME:20090216-135050

[195](13:50:51)[1]-- TIME:20090216-135051

[196](13:50:52)[2]-- TIME:20090216-135052

[197](13:50:53)[3]-- TIME:20090216-135053

[198](13:50:53)192.168.1.110: Timeout
[199](13:50:53)192.168.1.130: Timeout
[200](13:50:54)[0]-- TIME:20090216-135054

[201](13:50:55)[1]-- TIME:20090216-135055

[202](13:50:56)[2]-- TIME:20090216-135056

[203](13:50:57)[3]-- TIME:20090216-135057

[204](13:50:57)192.168.1.110: Timeout
[205](13:50:57)192.168.1.130: Timeout
[206](13:50:58)[0]-- TIME:20090216-135058

[207](13:50:59)[1]-- TIME:20090216-135059

[208](13:51:00)[2]-- TIME:20090216-135100

[209](13:51:01)[3]-- TIME:20090216-135101

[210](13:51:01)192.168.1.110: Timeout
[211](13:51:01)192.168.1.130: Timeout
[212](13:51:02)[0]-- TIME:20090216-135102

[213](13:51:03)[1]-- TIME:20090216-135103

[214](13:51:04)[2]-- TIME:20090216-135104

[215](13:51:05)[3]-- TIME:20090216-135105

[216](13:51:05)192.168.1.110: Timeout
[217](13:51:05)192.168.1.130: Timeout
[218](13:51:06)[0]-- TIME:20090216-135106

[219](13:51:07)[1]-- TIME:20090216-135107

[220](13:51:08)[2]-- TIME:20090216-135108

[221](13:51:09)[3]-- TIME:20090216-135109

[222](13:51:09)192.168.1.110: Timeout
[223](13:51:09)192.168.1.130: Timeout
[224](13:51:10)[0]-- TIME:20090216-135110

[225](13:51:11)[1]-- TIME:20090216-135111

[226](13:51:12)[2]-- TIME:20090216-135112

[227](13:51:13)[3]-- TIME:20090216-135113

[228](13:51:13)192.168.1.110: Timeout
[229](13:51:13)192.168.1.130: Timeout
[230](13:51:14)[0]-- TIME:20090216-135114

[231](13:51:15)[1]-- TIME:20090216-135115

[232](13:51:16)[2]-- TIME:20090216-135116

[233](13:51:17)[3]-- TIME:20090216-135117

[234](13:51:17)192.168.1.110: Timeout
[235](13:51:17)192.168.1.130: Timeout
[236](13:51:18)[0]-- TIME:20090216-135118

[237](13:51:19)[1]-- TIME:20090216-135119

[238](13:51:20)[2]-- TIME:20090216-135120

[239](13:51:21)[3]-- TIME:20090216-135121

[240](13:51:21)192.168.1.110: Timeout
[241](13:51:21)192.168.1.130: Timeout
[242](13:51:22)[0]-- TIME:20090216-135122

[243](13:51:23)[1]-- TIME:20090216-135123

[244](13:51:24)[2]-- TIME:20090216-135124

[245](13:51:25)[3]-- TIME:20090216-135125

[246](13:51:25)192.168.1.110: Timeout
[247](13:51:25)192.168.1.130: Timeout
[248](13:51:26)[0]-- TIME:20090216-135126

[249](13:51:27)[1]-- TIME:20090216-135127

[250](13:51:28)[2]-- TIME:20090216-135128

[251](13:51:29)[3]-- TIME:20090216-135129

[252](13:51:29)192.168.1.110: Timeout
[253](13:51:29)192.168.1.130: Timeout
[254](13:51:30)[0]-- TIME:20090216-135130

[255](13:51:31)[1]-- TIME:20090216-135131

[256](13:51:32)[2]-- TIME:20090216-135132

[257](13:51:33)[3]-- TIME:20090216-135133

[258](13:51:33)192.168.1.110: Timeout
[259](13:51:33)192.168.1.130: Timeout
[260](13:51:34)[0]-- TIME:20090216-135134

[261](13:51:35)[1]-- TIME:20090216-135135

[262](13:51:36)[2]-- TIME:20090216-135136

[263](13:51:37)[3]-- TIME:20090216-135137

[264](13:51:37)192.168.1.110: Timeout
[265](13:51:37)192.168.1.130: Timeout
[266](13:51:38)[0]-- TIME:20090216-135138

[267](13:51:39)[1]-- TIME:20090216-135139

[268](13:51:40)[2]-- TIME:20090216-135140

[269](13:51:41)[3]-- TIME:20090216-135141

[270](13:51:41)192.168.1.110: Timeout
[271](13:51:41)192.168.1.130: Timeout
[272](13:51:42)[0]-- TIME:20090216-135142

[273](13:51:43)[1]-- TIME:20090216-135143

[274](13:51:44)[2]-- TIME:20090216-135144

[275](13:51:45)[3]-- TIME:20090216-135145

[276](13:51:45)192.168.1.110: Timeout
[277](13:51:45)192.168.1.130: Timeout
[278](13:51:46)[0]-- TIME:20090216-135146

[279](13:51:47)[1]-- TIME:20090216-135147

[280](13:51:48)[2]-- TIME:20090216-135148

[281](13:51:49)[3]-- TIME:20090216-135149

[282](13:51:49)192.168.1.110: Timeout
[283](13:51:49)192.168.1.130: Timeout
[284](13:51:50)[0]-- TIME:20090216-135150

[285](13:51:51)[1]-- TIME:20090216-135151

[286](13:51:52)[2]-- TIME:20090216-135152

[287](13:51:53)[3]-- TIME:20090216-135153

[288](13:51:53)192.168.1.110: Timeout
[289](13:51:53)192.168.1.130: Timeout
[290](13:51:54)[0]-- TIME:20090216-135154

[291](13:51:55)[1]-- TIME:20090216-135155

[292](13:51:56)[2]-- TIME:20090216-135156

[293](13:51:57)[3]-- TIME:20090216-135157

[294](13:51:57)192.168.1.110: Timeout
[295](13:51:57)192.168.1.130: Timeout
[296](13:51:58)[0]-- TIME:20090216-135158

[297](13:51:59)[1]-- TIME:20090216-135159

[298](13:52:00)[2]-- TIME:20090216-135200

[299](13:52:01)[3]-- TIME:20090216-135201

[300](13:52:01)192.168.1.110: Timeout
[301](13:52:01)192.168.1.130: Timeout
[302](13:52:02)[0]-- TIME:20090216-135202

[303](13:52:03)[1]-- TIME:20090216-135203

[304](13:52:04)[2]-- TIME:20090216-135204

[305](13:52:05)[3]-- TIME:20090216-135205

[306](13:52:05)192.168.1.110: Timeout
[307](13:52:05)192.168.1.130: Timeout
[308](13:52:06)[0]-- TIME:20090216-135206

[309](13:52:07)[1]-- TIME:20090216-135207

[310](13:52:08)[2]-- TIME:20090216-135208

[311](13:52:09)[3]-- TIME:20090216-135209

[312](13:52:09)192.168.1.110: Timeout
[313](13:52:09)192.168.1.130: Timeout
[314](13:52:10)[0]-- TIME:20090216-135210

[315](13:52:11)[1]-- TIME:20090216-135211

[316](13:52:12)[2]-- TIME:20090216-135212

[317](13:52:13)[3]-- TIME:20090216-135213

[318](13:52:13)192.168.1.110: Timeout
[319](13:52:13)192.168.1.130: Timeout
[320](13:52:14)[0]-- TIME:20090216-135214

[321](13:52:15)[1]-- TIME:20090216-135215

[322](13:52:16)[2]-- TIME:20090216-135216

[323](13:52:17)[3]-- TIME:20090216-135217

[324](13:52:17)192.168.1.110: Timeout
[325](13:52:17)192.168.1.130: Timeout
[326](13:52:18)[0]-- TIME:20090216-135218

[327](13:52:19)[1]-- TIME:20090216-135219

[328](13:52:20)[2]-- TIME:20090216-135220

[329](13:52:21)[3]-- TIME:20090216-135221

[330](13:52:21)192.168.1.110: Timeout
[331](13:52:21)192.168.1.130: Timeout
[332](13:52:22)[0]-- TIME:20090216-135222

[333](13:52:23)[1]-- TIME:20090216-135223

[334](13:52:24)[2]-- TIME:20090216-135224

[335](13:52:25)[3]-- TIME:20090216-135225

[336](13:52:25)192.168.1.110: Timeout
[337](13:52:25)192.168.1.130: Timeout
[338](13:52:26)[0]-- TIME:20090216-135226

[339](13:52:27)[1]-- TIME:20090216-135227

[340](13:52:28)[2]-- TIME:20090216-135228

[341](13:52:29)[3]-- TIME:20090216-135229

[342](13:52:29)192.168.1.110: Timeout
[343](13:52:29)192.168.1.130: Timeout
[344](13:52:30)[0]-- TIME:20090216-135230

[345](13:52:31)[1]-- TIME:20090216-135231

[346](13:52:32)[2]-- TIME:20090216-135232

[347](13:52:33)[3]-- TIME:20090216-135233

[348](13:52:33)192.168.1.110: Timeout
[349](13:52:33)192.168.1.130: Timeout
[350](13:52:34)[0]-- TIME:20090216-135234

[351](13:52:35)[1]-- TIME:20090216-135235

[352](13:52:36)[2]-- TIME:20090216-135236

[353](13:52:37)[3]-- TIME:20090216-135237

[354](13:52:37)192.168.1.110: Timeout
[355](13:52:37)192.168.1.130: Timeout
[356](13:52:38)[0]-- TIME:20090216-135238

[357](13:52:39)[1]-- TIME:20090216-135239

[358](13:52:40)[2]-- TIME:20090216-135240

[359](13:52:41)[3]-- TIME:20090216-135241

[360](13:52:41)192.168.1.110: Timeout
[361](13:52:41)192.168.1.130: Timeout
[362](13:52:42)[0]-- TIME:20090216-135242

[363](13:52:43)[1]-- TIME:20090216-135243

[364](13:52:44)[2]-- TIME:20090216-135244

[365](13:52:45)[3]-- TIME:20090216-135245

[366](13:52:45)192.168.1.110: Timeout
[367](13:52:45)192.168.1.130: Timeout
[368](13:52:46)[0]-- TIME:20090216-135246

[369](13:52:47)[1]-- TIME:20090216-135247

[370](13:52:48)[2]-- TIME:20090216-135248

[371](13:52:49)[3]-- TIME:20090216-135249

[372](13:52:49)192.168.1.110: Timeout
[373](13:52:49)192.168.1.130: Timeout
[374](13:52:50)[0]-- TIME:20090216-135250

[375](13:52:51)[1]-- TIME:20090216-135251

[376](13:52:52)[2]-- TIME:20090216-135252

[377](13:52:53)[3]-- TIME:20090216-135253

[378](13:52:53)192.168.1.110: Timeout
[379](13:52:53)192.168.1.130: Timeout
[380](13:52:54)[0]-- TIME:20090216-135254

[381](13:52:55)[1]-- TIME:20090216-135255

[382](13:52:56)[2]-- TIME:20090216-135256

[383](13:52:57)[3]-- TIME:20090216-135257

[384](13:52:57)192.168.1.110: Timeout
[385](13:52:57)192.168.1.130: Timeout
[386](13:52:58)[0]-- TIME:20090216-135258

[387](13:52:59)[1]-- TIME:20090216-135259

[388](13:53:00)[2]-- TIME:20090216-135300

[389](13:53:01)[3]-- TIME:20090216-135301

[390](13:53:01)192.168.1.110: Timeout
[391](13:53:01)192.168.1.130: Timeout
[392](13:53:02)[0]-- TIME:20090216-135302

[393](13:53:03)[1]-- TIME:20090216-135303

[394](13:53:04)[2]-- TIME:20090216-135304

[395](13:53:05)[3]-- TIME:20090216-135305

[396](13:53:05)192.168.1.110: Timeout
[397](13:53:05)192.168.1.130: Timeout
[398](13:53:06)[0]-- TIME:20090216-135306

[399](13:53:07)[1]-- TIME:20090216-135307

[400](13:53:08)[2]-- TIME:20090216-135308

[401](13:53:09)[3]-- TIME:20090216-135309

[402](13:53:09)192.168.1.110: Timeout
[403](13:53:09)192.168.1.130: Timeout
[404](13:53:10)[0]-- TIME:20090216-135310

[405](13:53:11)[1]-- TIME:20090216-135311

[406](13:53:12)[2]-- TIME:20090216-135312

[407](13:53:13)[3]-- TIME:20090216-135313

[408](13:53:13)192.168.1.110: Timeout
[409](13:53:13)192.168.1.130: Timeout
[410](13:53:14)[0]-- TIME:20090216-135314

[411](13:53:15)[1]-- TIME:20090216-135315

[412](13:53:16)[2]-- TIME:20090216-135316

[413](13:53:17)[3]-- TIME:20090216-135317

[414](13:53:17)192.168.1.110: Timeout
[415](13:53:17)192.168.1.130: Timeout
[416](13:53:18)[0]-- TIME:20090216-135318

[417](13:53:19)[1]-- TIME:20090216-135319

[418](13:53:20)[2]-- TIME:20090216-135320

[419](13:53:21)[3]-- TIME:20090216-135321

[420](13:53:21)192.168.1.110: Timeout
[421](13:53:21)192.168.1.130: Timeout
[422](13:53:22)[0]-- TIME:20090216-135322

[423](13:53:23)[1]-- TIME:20090216-135323

[424](13:53:24)[2]-- TIME:20090216-135324

[425](13:53:25)[3]-- TIME:20090216-135325

[426](13:53:25)192.168.1.110: Timeout
[427](13:53:25)192.168.1.130: Timeout
[428](13:53:26)[0]-- TIME:20090216-135326

[429](13:53:27)[1]-- TIME:20090216-135327

[430](13:53:28)[2]-- TIME:20090216-135328

[431](13:53:29)[3]-- TIME:20090216-135329

[432](13:53:29)192.168.1.110: Timeout
[433](13:53:29)192.168.1.130: Timeout
[434](13:53:29)192.168.1.136: Timeout
[435](13:53:30)[0]-- TIME:20090216-135330

[436](13:53:31)[1]-- TIME:20090216-135331

[437](13:53:32)[2]-- TIME:20090216-135332

[438](13:53:33)[3]-- TIME:20090216-135333

[439](13:53:33)192.168.1.110: Timeout
[440](13:53:33)192.168.1.130: Timeout
[441](13:53:34)[0]-- TIME:20090216-135334

[442](13:53:35)[1]-- TIME:20090216-135335

[443](13:53:36)[2]-- TIME:20090216-135336

[444](13:53:37)[3]-- TIME:20090216-135337

[445](13:53:37)192.168.1.110: Timeout
[446](13:53:37)192.168.1.130: Timeout
[447](13:53:38)[0]-- TIME:20090216-135338

[448](13:53:39)[1]-- TIME:20090216-135339

[449](13:53:40)[2]-- TIME:20090216-135340

[450](13:53:41)[3]-- TIME:20090216-135341

[451](13:53:41)192.168.1.110: Timeout
[452](13:53:41)192.168.1.130: Timeout
[453](13:53:42)[0]-- TIME:20090216-135342

[454](13:53:43)[1]-- TIME:20090216-135343

[455](13:53:44)[2]-- TIME:20090216-135344

[456](13:53:45)[3]-- TIME:20090216-135345

[457](13:53:45)192.168.1.110: Timeout
[458](13:53:45)192.168.1.130: Timeout
[459](13:53:46)[0]-- TIME:20090216-135346

[460](13:53:47)[1]-- TIME:20090216-135347

[461](13:53:48)[2]-- TIME:20090216-135348

[462](13:53:49)[3]-- TIME:20090216-135349

[463](13:53:50)192.168.1.110: Timeout
[464](13:53:50)192.168.1.130: Timeout
[465](13:53:50)[0]-- TIME:20090216-135350

[466](13:53:51)[1]-- TIME:20090216-135351

[467](13:53:52)[2]-- TIME:20090216-135352

[468](13:53:53)[3]-- TIME:20090216-135353

[469](13:53:53)192.168.1.110: Timeout
[470](13:53:53)192.168.1.130: Timeout
[471](13:53:54)[0]-- TIME:20090216-135354

[472](13:53:55)[1]-- TIME:20090216-135355

[473](13:53:56)[2]-- TIME:20090216-135356

[474](13:53:57)[3]-- TIME:20090216-135357

[475](13:53:57)192.168.1.110: Timeout
[476](13:53:57)192.168.1.130: Timeout
[477](13:53:58)[0]-- TIME:20090216-135358

[478](13:53:59)[1]-- TIME:20090216-135359

[479](13:54:00)[2]-- TIME:20090216-135400

[480](13:54:01)[3]-- TIME:20090216-135401

[481](13:54:01)192.168.1.110: Timeout
[482](13:54:01)192.168.1.130: Timeout
[483](13:54:02)[0]-- TIME:20090216-135402

[484](13:54:03)[1]-- TIME:20090216-135403

[485](13:54:04)[2]-- TIME:20090216-135404

[486](13:54:05)[3]-- TIME:20090216-135405

[487](13:54:06)192.168.1.110: Timeout
[488](13:54:06)192.168.1.130: Timeout
[489](13:54:06)[0]-- TIME:20090216-135406

[490](13:54:07)[1]-- TIME:20090216-135407

[491](13:54:08)[2]-- TIME:20090216-135408

[492](13:54:09)[3]-- TIME:20090216-135409

[493](13:54:09)192.168.1.110: Timeout
[494](13:54:09)192.168.1.130: Timeout
[495](13:54:10)[0]-- TIME:20090216-135410

[496](13:54:11)[1]-- TIME:20090216-135411

[497](13:54:12)[2]-- TIME:20090216-135412

[498](13:54:13)[3]-- TIME:20090216-135413

[499](13:54:13)192.168.1.110: Timeout
[500](13:54:13)192.168.1.130: Timeout
[501](13:54:14)[0]-- TIME:20090216-135414

[502](13:54:15)[1]-- TIME:20090216-135415

[503](13:54:16)[2]-- TIME:20090216-135416

[504](13:54:17)[3]-- TIME:20090216-135417

[505](13:54:17)192.168.1.110: Timeout
[506](13:54:17)192.168.1.130: Timeout
[507](13:54:18)[0]-- TIME:20090216-135418

[508](13:54:19)[1]-- TIME:20090216-135419

[509](13:54:20)[2]-- TIME:20090216-135420

[510](13:54:21)[3]-- TIME:20090216-135421

[511](13:54:21)192.168.1.110: Timeout
[512](13:54:21)192.168.1.130: Timeout
[513](13:54:22)[0]-- TIME:20090216-135422

[514](13:54:23)[1]-- TIME:20090216-135423

[515](13:54:24)[2]-- TIME:20090216-135424

[516](13:54:25)[3]-- TIME:20090216-135425

[517](13:54:25)192.168.1.110: Timeout
[518](13:54:25)192.168.1.130: Timeout
[519](13:54:26)[0]-- TIME:20090216-135426

[520](13:54:27)[1]-- TIME:20090216-135427

[521](13:54:28)[2]-- TIME:20090216-135428

[522](13:54:29)[3]-- TIME:20090216-135429

[523](13:54:29)192.168.1.110: Timeout
[524](13:54:29)192.168.1.130: Timeout
[525](13:54:30)[0]-- TIME:20090216-135430

[526](13:54:31)[1]-- TIME:20090216-135431

[527](13:54:32)[2]-- TIME:20090216-135432

[528](13:54:33)[3]-- TIME:20090216-135433

[529](13:54:33)192.168.1.110: Timeout
[530](13:54:33)192.168.1.130: Timeout
[531](13:54:34)[0]-- TIME:20090216-135434

[532](13:54:35)[1]-- TIME:20090216-135435

[533](13:54:36)[2]-- TIME:20090216-135436

[534](13:54:37)[3]-- TIME:20090216-135437

[535](13:54:37)192.168.1.110: Timeout
[536](13:54:37)192.168.1.130: Timeout
[537](13:54:38)[0]-- TIME:20090216-135438

[538](13:54:39)[1]-- TIME:20090216-135439

[539](13:54:40)[2]-- TIME:20090216-135440

[540](13:54:41)[3]-- TIME:20090216-135441

[541](13:54:41)192.168.1.110: Timeout
[542](13:54:41)192.168.1.130: Timeout
[543](13:54:42)Stop logging data
[544](13:54:42)[2]-- TIME:20090216-135442

[545](13:54:42)Mulai logging data
[546](13:54:43)[0]-- TIME:20090216-135443

[547](13:54:44)[1]-- TIME:20090216-135444

[548](13:54:45)[2]-- TIME:20090216-135445

[549](13:54:46)[3]-- TIME:20090216-135446

[550](13:54:46)192.168.1.110: Timeout
[551](13:54:46)192.168.1.130: Timeout
[552](13:54:47)[0]-- TIME:20090216-135447

[553](13:54:48)[1]-- TIME:20090216-135448

[554](13:54:49)[2]-- TIME:20090216-135449

[555](13:54:50)[3]-- TIME:20090216-135450

[556](13:54:50)192.168.1.110: Timeout
[557](13:54:50)192.168.1.130: Timeout
[558](13:54:51)[0]-- TIME:20090216-135451

[559](13:54:52)[1]-- TIME:20090216-135452

[560](13:54:53)[2]-- TIME:20090216-135453

[561](13:54:54)[3]-- TIME:20090216-135454

[562](13:54:54)192.168.1.110: Timeout
[563](13:54:54)192.168.1.130: Timeout
[564](13:54:55)[0]-- TIME:20090216-135455

[565](13:54:56)[1]-- TIME:20090216-135456

[566](13:54:57)[2]-- TIME:20090216-135457

[567](13:54:58)[3]-- TIME:20090216-135458

[568](13:54:58)192.168.1.110: Timeout
[569](13:54:58)192.168.1.130: Timeout
[570](13:54:59)[0]-- TIME:20090216-135459

[571](13:55:00)[1]-- TIME:20090216-135500

[572](13:55:01)[2]-- TIME:20090216-135501

[573](13:55:02)[3]-- TIME:20090216-135502

[574](13:55:02)192.168.1.110: Timeout
[575](13:55:02)192.168.1.130: Timeout
[576](13:55:03)[0]-- TIME:20090216-135503

[577](13:55:04)[1]-- TIME:20090216-135504

[578](13:55:05)[2]-- TIME:20090216-135505

[579](13:55:06)[3]-- TIME:20090216-135506

[580](13:55:06)192.168.1.110: Timeout
[581](13:55:06)192.168.1.130: Timeout
[582](13:55:07)[0]-- TIME:20090216-135507

[583](13:55:08)[1]-- TIME:20090216-135508

[584](13:55:09)[2]-- TIME:20090216-135509

[585](13:55:10)[3]-- TIME:20090216-135510

[586](13:55:10)192.168.1.110: Timeout
[587](13:55:10)192.168.1.130: Timeout
[588](13:55:11)[0]-- TIME:20090216-135511

[589](13:55:12)[1]-- TIME:20090216-135512

[590](13:55:13)[2]-- TIME:20090216-135513

[591](13:55:14)[3]-- TIME:20090216-135514

[592](13:55:14)192.168.1.110: Timeout
[593](13:55:14)192.168.1.130: Timeout
[594](13:55:15)[0]-- TIME:20090216-135515

[595](13:55:16)[1]-- TIME:20090216-135516

[596](13:55:17)[2]-- TIME:20090216-135517

[597](13:55:18)[3]-- TIME:20090216-135518

[598](13:55:18)192.168.1.110: Timeout
[599](13:55:18)192.168.1.130: Timeout
[600](13:55:19)[0]-- TIME:20090216-135519

[601](13:55:20)[1]-- TIME:20090216-135520

[602](13:55:21)[2]-- TIME:20090216-135521

[603](13:55:22)[3]-- TIME:20090216-135522

[604](13:55:22)192.168.1.110: Timeout
[605](13:55:22)192.168.1.130: Timeout
[606](13:55:23)[0]-- TIME:20090216-135523

[607](13:55:24)[1]-- TIME:20090216-135524

[608](13:55:25)[2]-- TIME:20090216-135525

[609](13:55:26)[3]-- TIME:20090216-135526

[610](13:55:26)192.168.1.110: Timeout
[611](13:55:26)192.168.1.130: Timeout
[612](13:55:27)[0]-- TIME:20090216-135527

[613](13:55:28)[1]-- TIME:20090216-135528

[614](13:55:29)[2]-- TIME:20090216-135529

[615](13:55:30)[3]-- TIME:20090216-135530

[616](13:55:30)192.168.1.110: Timeout
[617](13:55:30)192.168.1.130: Timeout
[618](13:55:31)[0]-- TIME:20090216-135531

[619](13:55:32)[1]-- TIME:20090216-135532

[620](13:55:33)[2]-- TIME:20090216-135533

[621](13:55:34)[3]-- TIME:20090216-135534

[622](13:55:34)192.168.1.110: Timeout
[623](13:55:34)192.168.1.130: Timeout
[624](13:55:35)[0]-- TIME:20090216-135535

[625](13:55:36)[1]-- TIME:20090216-135536

[626](13:55:37)[2]-- TIME:20090216-135537

[627](13:55:38)[3]-- TIME:20090216-135538

[628](13:55:38)192.168.1.110: Timeout
[629](13:55:38)192.168.1.130: Timeout
[630](13:55:39)[0]-- TIME:20090216-135539

[631](13:55:40)[1]-- TIME:20090216-135540

[632](13:55:41)[2]-- TIME:20090216-135541

[633](13:55:42)[3]-- TIME:20090216-135542

[634](13:55:42)192.168.1.110: Timeout
[635](13:55:42)192.168.1.130: Timeout
[636](13:55:43)[0]-- TIME:20090216-135543

[637](13:55:44)[1]-- TIME:20090216-135544

[638](13:55:45)[2]-- TIME:20090216-135545

[639](13:55:46)[3]-- TIME:20090216-135546

[640](13:55:46)192.168.1.110: Timeout
[641](13:55:46)192.168.1.130: Timeout
[642](13:55:47)[0]-- TIME:20090216-135547

[643](13:55:48)[1]-- TIME:20090216-135548

[644](13:55:49)[2]-- TIME:20090216-135549

[645](13:55:50)[3]-- TIME:20090216-135550

[646](13:55:50)192.168.1.110: Timeout
[647](13:55:50)192.168.1.130: Timeout
[648](13:55:51)[0]-- TIME:20090216-135551

[649](13:55:52)[1]-- TIME:20090216-135552

[650](13:55:53)[2]-- TIME:20090216-135553

[651](13:55:54)[3]-- TIME:20090216-135554

[652](13:55:54)192.168.1.110: Timeout
[653](13:55:54)192.168.1.130: Timeout
[654](13:55:55)[0]-- TIME:20090216-135555

[655](13:55:56)[1]-- TIME:20090216-135556

[656](13:55:57)[2]-- TIME:20090216-135557

[657](13:55:58)[3]-- TIME:20090216-135558

[658](13:55:58)192.168.1.110: Timeout
[659](13:55:58)192.168.1.130: Timeout
[660](13:55:59)[0]-- TIME:20090216-135559

[661](13:56:00)[1]-- TIME:20090216-135600

[662](13:56:01)[2]-- TIME:20090216-135601

[663](13:56:02)[3]-- TIME:20090216-135602

[664](13:56:02)192.168.1.110: Timeout
[665](13:56:02)192.168.1.130: Timeout
[666](13:56:03)[0]-- TIME:20090216-135603

[667](13:56:04)[1]-- TIME:20090216-135604

[668](13:56:05)[2]-- TIME:20090216-135605

[669](13:56:06)[3]-- TIME:20090216-135606

[670](13:56:06)192.168.1.110: Timeout
[671](13:56:06)192.168.1.130: Timeout
[672](13:56:07)[0]-- TIME:20090216-135607

[673](13:56:08)[1]-- TIME:20090216-135608

[674](13:56:09)[2]-- TIME:20090216-135609

[675](13:56:10)[3]-- TIME:20090216-135610

[676](13:56:10)192.168.1.110: Timeout
[677](13:56:10)192.168.1.130: Timeout
[678](13:56:11)[0]-- TIME:20090216-135611

[679](13:56:12)[1]-- TIME:20090216-135612

[680](13:56:13)[2]-- TIME:20090216-135613

[681](13:56:14)[3]-- TIME:20090216-135614

[682](13:56:14)192.168.1.110: Timeout
[683](13:56:14)192.168.1.130: Timeout
[684](13:56:15)[0]-- TIME:20090216-135615

[685](13:56:16)[1]-- TIME:20090216-135616

[686](13:56:17)[2]-- TIME:20090216-135617

[687](13:56:18)[3]-- TIME:20090216-135618

[688](13:56:18)192.168.1.110: Timeout
[689](13:56:18)192.168.1.130: Timeout
[690](13:56:19)[0]-- TIME:20090216-135619

[691](13:56:20)[1]-- TIME:20090216-135620

[692](13:56:21)[2]-- TIME:20090216-135621

[693](13:56:22)[3]-- TIME:20090216-135622

[694](13:56:22)192.168.1.110: Timeout
[695](13:56:22)192.168.1.130: Timeout
[696](13:56:23)[0]-- TIME:20090216-135623

[697](13:56:24)[1]-- TIME:20090216-135624

[698](13:56:25)[2]-- TIME:20090216-135625

[699](13:56:26)[3]-- TIME:20090216-135626

[700](13:56:26)192.168.1.110: Timeout
[701](13:56:26)192.168.1.130: Timeout
[702](13:56:27)[0]-- TIME:20090216-135627

[703](13:56:28)[1]-- TIME:20090216-135628

[704](13:56:29)[2]-- TIME:20090216-135629

[705](13:56:30)[3]-- TIME:20090216-135630

[706](13:56:30)192.168.1.110: Timeout
[707](13:56:30)192.168.1.130: Timeout
[708](13:56:31)[0]-- TIME:20090216-135631

[709](13:56:32)[1]-- TIME:20090216-135632

[710](13:56:33)[2]-- TIME:20090216-135633

[711](13:56:34)[3]-- TIME:20090216-135634

[712](13:56:34)192.168.1.110: Timeout
[713](13:56:34)192.168.1.130: Timeout
[714](13:56:35)[0]-- TIME:20090216-135635

[715](13:56:36)[1]-- TIME:20090216-135636

[716](13:56:37)[2]-- TIME:20090216-135637

[717](13:56:38)[3]-- TIME:20090216-135638

[718](13:56:38)192.168.1.110: Timeout
[719](13:56:38)192.168.1.130: Timeout
[720](13:56:39)[0]-- TIME:20090216-135639

[721](13:56:40)[1]-- TIME:20090216-135640

[722](13:56:41)[2]-- TIME:20090216-135641

[723](13:56:42)[3]-- TIME:20090216-135642

[724](13:56:42)192.168.1.110: Timeout
[725](13:56:42)192.168.1.130: Timeout
[726](13:56:43)[0]-- TIME:20090216-135643

[727](13:56:44)[1]-- TIME:20090216-135644

[728](13:56:45)[2]-- TIME:20090216-135645

[729](13:56:46)[3]-- TIME:20090216-135646

[730](13:56:46)192.168.1.110: Timeout
[731](13:56:46)192.168.1.130: Timeout
[732](13:56:47)[0]-- TIME:20090216-135647

[733](13:56:48)[1]-- TIME:20090216-135648

[734](13:56:49)[2]-- TIME:20090216-135649

[735](13:56:50)[3]-- TIME:20090216-135650

[736](13:56:50)192.168.1.110: Timeout
[737](13:56:50)192.168.1.130: Timeout
[738](13:56:51)[0]-- TIME:20090216-135651

[739](13:56:52)[1]-- TIME:20090216-135652

[740](13:56:53)[2]-- TIME:20090216-135653

[741](13:56:54)[3]-- TIME:20090216-135654

[742](13:56:54)192.168.1.110: Timeout
[743](13:56:54)192.168.1.130: Timeout
[744](13:56:55)[0]-- TIME:20090216-135655

[745](13:56:56)[1]-- TIME:20090216-135656

[746](13:56:57)[2]-- TIME:20090216-135657

[747](13:56:58)[3]-- TIME:20090216-135658

[748](13:56:58)192.168.1.110: Timeout
[749](13:56:58)192.168.1.130: Timeout
[750](13:56:59)[0]-- TIME:20090216-135659

[751](13:57:00)[1]-- TIME:20090216-135700

[752](13:57:01)[2]-- TIME:20090216-135701

[753](13:57:02)[3]-- TIME:20090216-135702

[754](13:57:02)192.168.1.110: Timeout
[755](13:57:02)192.168.1.130: Timeout
[756](13:57:03)[0]-- TIME:20090216-135703

[757](13:57:04)[1]-- TIME:20090216-135704

[758](13:57:05)[2]-- TIME:20090216-135705

[759](13:57:06)[3]-- TIME:20090216-135706

[760](13:57:06)192.168.1.110: Timeout
[761](13:57:06)192.168.1.130: Timeout
[762](13:57:07)[0]-- TIME:20090216-135707

[763](13:57:08)[1]-- TIME:20090216-135708

[764](13:57:09)[2]-- TIME:20090216-135709

[765](13:57:10)[3]-- TIME:20090216-135710

[766](13:57:10)192.168.1.110: Timeout
[767](13:57:10)192.168.1.130: Timeout
[768](13:57:11)[0]-- TIME:20090216-135711

[769](13:57:12)[1]-- TIME:20090216-135712

[770](13:57:13)[2]-- TIME:20090216-135713

[771](13:57:14)[3]-- TIME:20090216-135714

[772](13:57:14)192.168.1.110: Timeout
[773](13:57:14)192.168.1.130: Timeout
[774](13:57:15)[0]-- TIME:20090216-135715

[775](13:57:16)[1]-- TIME:20090216-135716

[776](13:57:17)[2]-- TIME:20090216-135717

[777](13:57:18)[3]-- TIME:20090216-135718

[778](13:57:18)192.168.1.110: Timeout
[779](13:57:18)192.168.1.130: Timeout
[780](13:57:19)[0]-- TIME:20090216-135719

[781](13:57:20)[1]-- TIME:20090216-135720

[782](13:57:21)[2]-- TIME:20090216-135721

[783](13:57:22)[3]-- TIME:20090216-135722

[784](13:57:22)192.168.1.110: Timeout
[785](13:57:22)192.168.1.130: Timeout
[786](13:57:23)[0]-- TIME:20090216-135723

[787](13:57:24)[1]-- TIME:20090216-135724

[788](13:57:25)[2]-- TIME:20090216-135725

[789](13:57:26)[3]-- TIME:20090216-135726

[790](13:57:26)192.168.1.110: Timeout
[791](13:57:26)192.168.1.130: Timeout
[792](13:57:27)[0]-- TIME:20090216-135727

[793](13:57:28)[1]-- TIME:20090216-135728

[794](13:57:29)[2]-- TIME:20090216-135729

[795](13:57:30)[3]-- TIME:20090216-135730

[796](13:57:30)192.168.1.110: Timeout
[797](13:57:30)192.168.1.130: Timeout
[798](13:57:31)[0]-- TIME:20090216-135731

[799](13:57:32)[1]-- TIME:20090216-135732

[800](13:57:33)[2]-- TIME:20090216-135733

[801](13:57:34)[3]-- TIME:20090216-135734

[802](13:57:34)192.168.1.110: Timeout
[803](13:57:34)192.168.1.130: Timeout
[804](13:57:35)[0]-- TIME:20090216-135735

[805](13:57:36)[1]-- TIME:20090216-135736

[806](13:57:37)[2]-- TIME:20090216-135737

[807](13:57:38)[3]-- TIME:20090216-135738

[808](13:57:38)192.168.1.110: Timeout
[809](13:57:38)192.168.1.130: Timeout
[810](13:57:39)[0]-- TIME:20090216-135739

[811](13:57:40)[1]-- TIME:20090216-135740

[812](13:57:41)[2]-- TIME:20090216-135741

[813](13:57:42)[3]-- TIME:20090216-135742

[814](13:57:42)192.168.1.110: Timeout
[815](13:57:42)192.168.1.130: Timeout
[816](13:57:43)[0]-- TIME:20090216-135743

[817](13:57:44)[1]-- TIME:20090216-135744

[818](13:57:45)[2]-- TIME:20090216-135745

[819](13:57:46)[3]-- TIME:20090216-135746

[820](13:57:46)192.168.1.110: Timeout
[821](13:57:46)192.168.1.130: Timeout
[822](13:57:47)[0]-- TIME:20090216-135747

[823](13:57:48)[1]-- TIME:20090216-135748

[824](13:57:49)[2]-- TIME:20090216-135749

[825](13:57:50)[3]-- TIME:20090216-135750

[826](13:57:50)192.168.1.110: Timeout
[827](13:57:50)192.168.1.130: Timeout
[828](13:57:51)[0]-- TIME:20090216-135751

[829](13:57:52)[1]-- TIME:20090216-135752

[830](13:57:53)[2]-- TIME:20090216-135753

[831](13:57:54)[3]-- TIME:20090216-135754

[832](13:57:54)192.168.1.110: Timeout
[833](13:57:54)192.168.1.130: Timeout
[834](13:57:55)[0]-- TIME:20090216-135755

[835](13:57:56)[1]-- TIME:20090216-135756

[836](13:57:57)[2]-- TIME:20090216-135757

[837](13:57:58)[3]-- TIME:20090216-135758

[838](13:57:58)192.168.1.110: Timeout
[839](13:57:58)192.168.1.130: Timeout
[840](13:57:59)[0]-- TIME:20090216-135759

[841](13:58:00)[1]-- TIME:20090216-135800

[842](13:58:01)[2]-- TIME:20090216-135801

[843](13:58:02)[3]-- TIME:20090216-135802

[844](13:58:02)192.168.1.110: Timeout
[845](13:58:02)192.168.1.130: Timeout
[846](13:58:03)[0]-- TIME:20090216-135803

[847](13:58:04)[1]-- TIME:20090216-135804

[848](13:58:05)[2]-- TIME:20090216-135805

[849](13:58:06)[3]-- TIME:20090216-135806

[850](13:58:06)192.168.1.110: Timeout
[851](13:58:06)192.168.1.130: Timeout
[852](13:58:07)[0]-- TIME:20090216-135807

[853](13:58:08)[1]-- TIME:20090216-135808

[854](13:58:09)[2]-- TIME:20090216-135809

[855](13:58:10)[3]-- TIME:20090216-135810

[856](13:58:10)192.168.1.110: Timeout
[857](13:58:10)192.168.1.130: Timeout
[858](13:58:11)[0]-- TIME:20090216-135811

[859](13:58:12)[1]-- TIME:20090216-135812

[860](13:58:13)[2]-- TIME:20090216-135813

[861](13:58:14)[3]-- TIME:20090216-135814

[862](13:58:14)192.168.1.110: Timeout
[863](13:58:14)192.168.1.130: Timeout
[864](13:58:15)[0]-- TIME:20090216-135815

[865](13:58:16)[1]-- TIME:20090216-135816

[866](13:58:17)[2]-- TIME:20090216-135817

[867](13:58:18)[3]-- TIME:20090216-135818

[868](13:58:18)192.168.1.110: Timeout
[869](13:58:18)192.168.1.130: Timeout
[870](13:58:19)[0]-- TIME:20090216-135819

[871](13:58:20)[1]-- TIME:20090216-135820

[872](13:58:21)[2]-- TIME:20090216-135821

[873](13:58:22)[3]-- TIME:20090216-135822

[874](13:58:22)192.168.1.110: Timeout
[875](13:58:22)192.168.1.130: Timeout
[876](13:58:23)[0]-- TIME:20090216-135823

[877](13:58:24)[1]-- TIME:20090216-135824

[878](13:58:25)[2]-- TIME:20090216-135825

[879](13:58:26)[3]-- TIME:20090216-135826

[880](13:58:26)192.168.1.110: Timeout
[881](13:58:26)192.168.1.130: Timeout
[882](13:58:27)[0]-- TIME:20090216-135827

[883](13:58:28)[1]-- TIME:20090216-135828

[884](13:58:29)[2]-- TIME:20090216-135829

[885](13:58:30)[3]-- TIME:20090216-135830

[886](13:58:30)192.168.1.110: Timeout
[887](13:58:30)192.168.1.130: Timeout
[888](13:58:31)[0]-- TIME:20090216-135831

[889](13:58:32)[1]-- TIME:20090216-135832

[890](13:58:33)[2]-- TIME:20090216-135833

[891](13:58:34)[3]-- TIME:20090216-135834

[892](13:58:34)192.168.1.110: Timeout
[893](13:58:34)192.168.1.130: Timeout
[894](13:58:35)[0]-- TIME:20090216-135835

[895](13:58:36)[1]-- TIME:20090216-135836

[896](13:58:37)[2]-- TIME:20090216-135837

[897](13:58:38)[3]-- TIME:20090216-135838

[898](13:58:38)192.168.1.110: Timeout
[899](13:58:38)192.168.1.130: Timeout
[900](13:58:39)[0]-- TIME:20090216-135839

[901](13:58:40)[1]-- TIME:20090216-135840

[902](13:58:41)[2]-- TIME:20090216-135841

[903](13:58:42)[3]-- TIME:20090216-135842

[904](13:58:42)192.168.1.110: Timeout
[905](13:58:42)192.168.1.130: Timeout
[906](13:58:43)[0]-- TIME:20090216-135843

[907](13:58:44)[1]-- TIME:20090216-135844

[908](13:58:45)[2]-- TIME:20090216-135845
