
[0](16:48:29)======== MONITA APP STARTING ===========
[1](16:48:29)Load file konfigurasi
[2](16:48:29)Baca konfig
[3](16:48:29)Baca konfig: File konfigurasi rusak. Set ke default
[4](17:06:49)Mulai logging data
[5](17:06:50)[0]-- TIME:20090220-170650

[6](17:06:51)[1]-- TIME:20090220-170651

[7](17:06:52)[2]-- TIME:20090220-170652

[8](17:06:53)[3]-- TIME:20090220-170653

[9](17:06:53)192.168.1.130: Timeout
[10](17:06:54)[0]-- TIME:20090220-170654

[11](17:06:55)[1]-- TIME:20090220-170655

[12](17:06:56)[2]-- TIME:20090220-170656

[13](17:06:57)[3]-- TIME:20090220-170657

[14](17:06:57)192.168.1.130: Timeout
[15](17:06:58)[0]-- TIME:20090220-170658

[16](17:06:59)[1]-- TIME:20090220-170659

[17](17:07:00)[2]-- TIME:20090220-170700

[18](17:07:01)[3]-- TIME:20090220-170701

[19](17:07:01)192.168.1.130: Timeout
[20](17:07:02)[0]-- TIME:20090220-170702

[21](17:07:03)[1]-- TIME:20090220-170703

[22](17:07:04)[2]-- TIME:20090220-170704

[23](17:07:05)[3]-- TIME:20090220-170705

[24](17:07:05)192.168.1.130: Timeout
[25](17:07:06)[0]-- TIME:20090220-170706

[26](17:07:07)[1]-- TIME:20090220-170707

[27](17:07:08)[2]-- TIME:20090220-170708

[28](17:07:09)[3]-- TIME:20090220-170709

[29](17:07:09)192.168.1.130: Timeout
[30](17:07:10)[0]-- TIME:20090220-170710

[31](17:07:11)[1]-- TIME:20090220-170711

[32](17:07:12)[2]-- TIME:20090220-170712

[33](17:07:13)[3]-- TIME:20090220-170713

[34](17:07:13)192.168.1.130: Timeout
[35](17:07:14)[0]-- TIME:20090220-170714

[36](17:07:15)[1]-- TIME:20090220-170715

[37](17:07:16)[2]-- TIME:20090220-170716

[38](17:07:17)[3]-- TIME:20090220-170717

[39](17:07:17)192.168.1.130: Timeout
[40](17:07:18)[0]-- TIME:20090220-170718

[41](17:07:19)[1]-- TIME:20090220-170719

[42](17:07:20)[2]-- TIME:20090220-170720

[43](17:07:21)[3]-- TIME:20090220-170721

[44](17:07:21)192.168.1.130: Timeout
[45](17:07:22)[0]-- TIME:20090220-170722

[46](17:07:23)[1]-- TIME:20090220-170723

[47](17:07:24)[2]-- TIME:20090220-170724

[48](17:07:25)[3]-- TIME:20090220-170725

[49](17:07:25)192.168.1.130: Timeout
[50](17:07:26)[0]-- TIME:20090220-170726

[51](17:07:27)[1]-- TIME:20090220-170727

[52](17:07:28)[2]-- TIME:20090220-170728

[53](17:07:29)[3]-- TIME:20090220-170729

[54](17:07:29)192.168.1.130: Timeout
[55](17:07:30)[0]-- TIME:20090220-170730

[56](17:07:31)[1]-- TIME:20090220-170731

[57](17:07:32)[2]-- TIME:20090220-170732

[58](17:07:33)[3]-- TIME:20090220-170733

[59](17:07:33)192.168.1.130: Timeout
[60](17:07:34)[0]-- TIME:20090220-170734

[61](17:07:35)[1]-- TIME:20090220-170735

[62](17:07:36)[2]-- TIME:20090220-170736

[63](17:07:37)[3]-- TIME:20090220-170737

[64](17:07:37)192.168.1.130: Timeout
[65](17:07:38)[0]-- TIME:20090220-170738

[66](17:07:39)[1]-- TIME:20090220-170739

[67](17:07:40)[2]-- TIME:20090220-170740

[68](17:07:41)[3]-- TIME:20090220-170741

[69](17:07:41)192.168.1.130: Timeout
[70](17:07:42)[0]-- TIME:20090220-170742

[71](17:07:43)[1]-- TIME:20090220-170743

[72](17:07:44)[2]-- TIME:20090220-170744

[73](17:07:45)[3]-- TIME:20090220-170745

[74](17:07:45)192.168.1.130: Timeout
[75](17:07:46)[0]-- TIME:20090220-170746

[76](17:07:47)[1]-- TIME:20090220-170747

[77](17:07:48)[2]-- TIME:20090220-170748

[78](17:07:49)[3]-- TIME:20090220-170749

[79](17:07:49)192.168.1.130: Timeout
[80](17:07:50)[0]-- TIME:20090220-170750

[81](17:07:51)[1]-- TIME:20090220-170751

[82](17:07:52)[2]-- TIME:20090220-170752

[83](17:07:53)[3]-- TIME:20090220-170753

[84](17:07:53)192.168.1.130: Timeout
[85](17:07:54)[0]-- TIME:20090220-170754

[86](17:07:55)[1]-- TIME:20090220-170755

[87](17:07:56)[2]-- TIME:20090220-170756

[88](17:07:57)[3]-- TIME:20090220-170757

[89](17:07:57)192.168.1.130: Timeout
[90](17:07:58)[0]-- TIME:20090220-170758

[91](17:07:59)[1]-- TIME:20090220-170759

[92](17:08:00)[2]-- TIME:20090220-170800

[93](17:08:01)[3]-- TIME:20090220-170801

[94](17:08:01)192.168.1.130: Timeout
[95](17:08:02)[0]-- TIME:20090220-170802

[96](17:08:03)[1]-- TIME:20090220-170803

[97](17:08:04)[2]-- TIME:20090220-170804

[98](17:08:05)[3]-- TIME:20090220-170805

[99](17:08:05)192.168.1.130: Timeout
[100](17:08:06)[0]-- TIME:20090220-170806

[101](17:08:07)[1]-- TIME:20090220-170807

[102](17:08:08)[2]-- TIME:20090220-170808

[103](17:08:09)[3]-- TIME:20090220-170809

[104](17:08:09)192.168.1.130: Timeout
[105](17:08:10)[0]-- TIME:20090220-170810

[106](17:08:11)[1]-- TIME:20090220-170811

[107](17:08:12)[2]-- TIME:20090220-170812

[108](17:08:13)[3]-- TIME:20090220-170813

[109](17:08:13)192.168.1.130: Timeout
[110](17:08:14)[0]-- TIME:20090220-170814

[111](17:08:15)[1]-- TIME:20090220-170815

[112](17:08:16)[2]-- TIME:20090220-170816

[113](17:08:17)[3]-- TIME:20090220-170817

[114](17:08:17)192.168.1.130: Timeout
[115](17:08:18)[0]-- TIME:20090220-170818

[116](17:08:19)[1]-- TIME:20090220-170819

[117](17:08:20)[2]-- TIME:20090220-170820

[118](17:08:21)[3]-- TIME:20090220-170821

[119](17:08:21)192.168.1.130: Timeout
[120](17:08:22)[0]-- TIME:20090220-170822

[121](17:08:23)[1]-- TIME:20090220-170823

[122](17:08:24)[2]-- TIME:20090220-170824

[123](17:08:25)[3]-- TIME:20090220-170825

[124](17:08:25)192.168.1.130: Timeout
[125](17:08:26)[0]-- TIME:20090220-170826

[126](17:08:27)[1]-- TIME:20090220-170827

[127](17:08:28)[2]-- TIME:20090220-170828

[128](17:08:29)[3]-- TIME:20090220-170829

[129](17:08:29)192.168.1.130: Timeout
[130](17:08:30)[0]-- TIME:20090220-170830

[131](17:08:31)[1]-- TIME:20090220-170831

[132](17:08:32)[2]-- TIME:20090220-170832

[133](17:08:33)[3]-- TIME:20090220-170833

[134](17:08:33)192.168.1.130: Timeout
[135](17:08:34)[0]-- TIME:20090220-170834

[136](17:08:35)[1]-- TIME:20090220-170835

[137](17:08:36)[2]-- TIME:20090220-170836

[138](17:08:37)[3]-- TIME:20090220-170837

[139](17:08:37)192.168.1.130: Timeout
[140](17:08:38)[0]-- TIME:20090220-170838

[141](17:08:39)[1]-- TIME:20090220-170839

[142](17:08:40)[2]-- TIME:20090220-170840

[143](17:08:41)[3]-- TIME:20090220-170841

[144](17:08:41)192.168.1.130: Timeout
[145](17:08:42)[0]-- TIME:20090220-170842

[146](17:08:43)[1]-- TIME:20090220-170843

[147](17:08:44)[2]-- TIME:20090220-170844

[148](17:08:45)[3]-- TIME:20090220-170845

[149](17:08:45)192.168.1.130: Timeout
[150](17:08:46)[0]-- TIME:20090220-170846

[151](17:08:47)[1]-- TIME:20090220-170847

[152](17:08:48)[2]-- TIME:20090220-170848

[153](17:08:49)[3]-- TIME:20090220-170849

[154](17:08:49)192.168.1.130: Timeout
[155](17:08:50)[0]-- TIME:20090220-170850

[156](17:08:51)[1]-- TIME:20090220-170851

[157](17:08:52)[2]-- TIME:20090220-170852

[158](17:08:53)[3]-- TIME:20090220-170853

[159](17:08:53)192.168.1.130: Timeout
[160](17:08:54)[0]-- TIME:20090220-170854

[161](17:08:55)[1]-- TIME:20090220-170855

[162](17:08:56)[2]-- TIME:20090220-170856

[163](17:08:57)[3]-- TIME:20090220-170857

[164](17:08:57)192.168.1.130: Timeout
[165](17:08:58)[0]-- TIME:20090220-170858

[166](17:08:59)[1]-- TIME:20090220-170859

[167](17:09:00)[2]-- TIME:20090220-170900

[168](17:09:01)[3]-- TIME:20090220-170901

[169](17:09:01)192.168.1.130: Timeout
[170](17:09:02)[0]-- TIME:20090220-170902

[171](17:09:03)[1]-- TIME:20090220-170903

[172](17:09:04)[2]-- TIME:20090220-170904

[173](17:09:05)[3]-- TIME:20090220-170905

[174](17:09:05)192.168.1.130: Timeout
[175](17:09:06)[0]-- TIME:20090220-170906

[176](17:09:07)[1]-- TIME:20090220-170907

[177](17:09:08)[2]-- TIME:20090220-170908

[178](17:09:09)[3]-- TIME:20090220-170909

[179](17:09:09)192.168.1.130: Timeout
[180](17:09:10)[0]-- TIME:20090220-170910

[181](17:09:11)[1]-- TIME:20090220-170911

[182](17:09:12)[2]-- TIME:20090220-170912

[183](17:09:13)[3]-- TIME:20090220-170913

[184](17:09:13)192.168.1.130: Timeout
[185](17:09:14)[0]-- TIME:20090220-170914

[186](17:09:15)[1]-- TIME:20090220-170915

[187](17:09:16)[2]-- TIME:20090220-170916

[188](17:09:17)[3]-- TIME:20090220-170917

[189](17:09:17)192.168.1.130: Timeout
[190](17:09:18)[0]-- TIME:20090220-170918

[191](17:09:19)[1]-- TIME:20090220-170919

[192](17:09:20)[2]-- TIME:20090220-170920

[193](17:09:21)[3]-- TIME:20090220-170921

[194](17:09:21)192.168.1.130: Timeout
[195](17:09:22)[0]-- TIME:20090220-170922

[196](17:09:23)[1]-- TIME:20090220-170923

[197](17:09:24)[2]-- TIME:20090220-170924

[198](17:09:25)[3]-- TIME:20090220-170925

[199](17:09:25)192.168.1.130: Timeout
[200](17:09:26)[0]-- TIME:20090220-170926

[201](17:09:27)[1]-- TIME:20090220-170927

[202](17:09:28)[2]-- TIME:20090220-170928

[203](17:09:29)[3]-- TIME:20090220-170929

[204](17:09:29)192.168.1.130: Timeout
[205](17:09:30)[0]-- TIME:20090220-170930

[206](17:09:31)[1]-- TIME:20090220-170931

[207](17:09:32)[2]-- TIME:20090220-170932

[208](17:09:33)[3]-- TIME:20090220-170933

[209](17:09:33)192.168.1.130: Timeout
[210](17:09:34)[0]-- TIME:20090220-170934

[211](17:09:35)[1]-- TIME:20090220-170935

[212](17:09:36)[2]-- TIME:20090220-170936

[213](17:09:37)[3]-- TIME:20090220-170937

[214](17:09:37)192.168.1.130: Timeout
[215](17:09:38)[0]-- TIME:20090220-170938

[216](17:09:39)[1]-- TIME:20090220-170939

[217](17:09:40)[2]-- TIME:20090220-170940

[218](17:09:41)[3]-- TIME:20090220-170941

[219](17:09:41)192.168.1.130: Timeout
[220](17:09:42)[0]-- TIME:20090220-170942

[221](17:09:43)[1]-- TIME:20090220-170943

[222](17:09:44)[2]-- TIME:20090220-170944

[223](17:09:45)[3]-- TIME:20090220-170945

[224](17:09:45)192.168.1.130: Timeout
[225](17:09:46)[0]-- TIME:20090220-170946

[226](17:09:47)[1]-- TIME:20090220-170947

[227](17:09:48)[2]-- TIME:20090220-170948

[228](17:09:49)[3]-- TIME:20090220-170949

[229](17:09:49)192.168.1.130: Timeout
[230](17:09:50)[0]-- TIME:20090220-170950

[231](17:09:51)[1]-- TIME:20090220-170951

[232](17:09:52)[2]-- TIME:20090220-170952

[233](17:09:53)[3]-- TIME:20090220-170953

[234](17:09:53)192.168.1.130: Timeout
[235](17:09:54)[0]-- TIME:20090220-170954

[236](17:09:55)[1]-- TIME:20090220-170955

[237](17:09:56)[2]-- TIME:20090220-170956

[238](17:09:57)[3]-- TIME:20090220-170957

[239](17:09:57)192.168.1.130: Timeout
[240](17:09:58)[0]-- TIME:20090220-170958

[241](17:09:59)[1]-- TIME:20090220-170959

[242](17:10:00)[2]-- TIME:20090220-171000

[243](17:10:01)[3]-- TIME:20090220-171001

[244](17:10:01)192.168.1.130: Timeout
[245](17:10:02)[0]-- TIME:20090220-171002

[246](17:10:03)[1]-- TIME:20090220-171003

[247](17:10:04)[2]-- TIME:20090220-171004

[248](17:10:05)[3]-- TIME:20090220-171005

[249](17:10:05)192.168.1.130: Timeout
[250](17:10:06)[0]-- TIME:20090220-171006

[251](17:10:07)[1]-- TIME:20090220-171007

[252](17:10:08)[2]-- TIME:20090220-171008

[253](17:10:09)[3]-- TIME:20090220-171009

[254](17:10:09)192.168.1.130: Timeout
[255](17:10:10)[0]-- TIME:20090220-171010

[256](17:10:11)[1]-- TIME:20090220-171011

[257](17:10:12)[2]-- TIME:20090220-171012

[258](17:10:13)[3]-- TIME:20090220-171013

[259](17:10:13)192.168.1.130: Timeout
[260](17:10:14)[0]-- TIME:20090220-171014

[261](17:10:15)[1]-- TIME:20090220-171015

[262](17:10:16)[2]-- TIME:20090220-171016

[263](17:10:17)[3]-- TIME:20090220-171017

[264](17:10:17)192.168.1.130: Timeout
[265](17:10:18)[0]-- TIME:20090220-171018

[266](17:10:19)[1]-- TIME:20090220-171019

[267](17:10:20)[2]-- TIME:20090220-171020

[268](17:10:21)[3]-- TIME:20090220-171021

[269](17:10:21)192.168.1.130: Timeout
[270](17:10:22)[0]-- TIME:20090220-171022

[271](17:10:23)[1]-- TIME:20090220-171023

[272](17:10:24)[2]-- TIME:20090220-171024

[273](17:10:25)[3]-- TIME:20090220-171025

[274](17:10:25)192.168.1.130: Timeout
[275](17:10:26)[0]-- TIME:20090220-171026

[276](17:10:27)[1]-- TIME:20090220-171027

[277](17:10:28)[2]-- TIME:20090220-171028

[278](17:10:29)[3]-- TIME:20090220-171029

[279](17:10:29)192.168.1.130: Timeout
[280](17:10:30)[0]-- TIME:20090220-171030

[281](17:10:31)[1]-- TIME:20090220-171031

[282](17:10:32)[2]-- TIME:20090220-171032

[283](17:10:33)[3]-- TIME:20090220-171033

[284](17:10:33)192.168.1.130: Timeout
[285](17:10:34)[0]-- TIME:20090220-171034

[286](17:10:35)[1]-- TIME:20090220-171035

[287](17:10:36)[2]-- TIME:20090220-171036

[288](17:10:37)[3]-- TIME:20090220-171037

[289](17:10:37)192.168.1.130: Timeout
[290](17:10:38)[0]-- TIME:20090220-171038

[291](17:10:39)[1]-- TIME:20090220-171039

[292](17:10:40)[2]-- TIME:20090220-171040

[293](17:10:41)[3]-- TIME:20090220-171041

[294](17:10:41)192.168.1.130: Timeout
[295](17:10:42)[0]-- TIME:20090220-171042

[296](17:10:43)[1]-- TIME:20090220-171043

[297](17:10:44)[2]-- TIME:20090220-171044

[298](17:10:45)[3]-- TIME:20090220-171045

[299](17:10:45)192.168.1.130: Timeout
[300](17:10:46)[0]-- TIME:20090220-171046

[301](17:10:47)[1]-- TIME:20090220-171047

[302](17:10:48)[2]-- TIME:20090220-171048

[303](17:10:49)[3]-- TIME:20090220-171049

[304](17:10:49)192.168.1.130: Timeout
[305](17:10:50)[0]-- TIME:20090220-171050

[306](17:10:51)[1]-- TIME:20090220-171051

[307](17:10:52)[2]-- TIME:20090220-171052

[308](17:10:53)[3]-- TIME:20090220-171053

[309](17:10:53)192.168.1.130: Timeout
[310](17:10:54)[0]-- TIME:20090220-171054

[311](17:10:55)[1]-- TIME:20090220-171055

[312](17:10:56)[2]-- TIME:20090220-171056

[313](17:10:57)[3]-- TIME:20090220-171057

[314](17:10:57)192.168.1.130: Timeout
[315](17:10:58)[0]-- TIME:20090220-171058

[316](17:10:59)[1]-- TIME:20090220-171059

[317](17:11:00)[2]-- TIME:20090220-171100

[318](17:11:01)[3]-- TIME:20090220-171101

[319](17:11:01)192.168.1.130: Timeout
[320](17:11:02)[0]-- TIME:20090220-171102

[321](17:11:03)[1]-- TIME:20090220-171103

[322](17:11:04)[2]-- TIME:20090220-171104

[323](17:11:05)[3]-- TIME:20090220-171105

[324](17:11:05)192.168.1.130: Timeout
[325](17:11:06)[0]-- TIME:20090220-171106

[326](17:11:07)[1]-- TIME:20090220-171107

[327](17:11:08)[2]-- TIME:20090220-171108

[328](17:11:09)[3]-- TIME:20090220-171109

[329](17:11:09)192.168.1.130: Timeout
[330](17:11:10)[0]-- TIME:20090220-171110

[331](17:11:11)[1]-- TIME:20090220-171111

[332](17:11:12)[2]-- TIME:20090220-171112

[333](17:11:13)[3]-- TIME:20090220-171113

[334](17:11:13)192.168.1.130: Timeout
[335](17:11:14)[0]-- TIME:20090220-171114

[336](17:11:15)[1]-- TIME:20090220-171115

[337](17:11:16)[2]-- TIME:20090220-171116

[338](17:11:17)[3]-- TIME:20090220-171117

[339](17:11:17)192.168.1.130: Timeout
[340](17:11:18)[0]-- TIME:20090220-171118

[341](17:11:19)[1]-- TIME:20090220-171119

[342](17:11:20)[2]-- TIME:20090220-171120

[343](17:11:21)[3]-- TIME:20090220-171121

[344](17:11:21)192.168.1.130: Timeout
[345](17:11:22)[0]-- TIME:20090220-171122

[346](17:11:23)[1]-- TIME:20090220-171123

[347](17:11:24)[2]-- TIME:20090220-171124

[348](17:11:25)[3]-- TIME:20090220-171125

[349](17:11:25)192.168.1.130: Timeout
[350](17:11:26)[0]-- TIME:20090220-171126

[351](17:11:27)[1]-- TIME:20090220-171127

[352](17:11:28)[2]-- TIME:20090220-171128

[353](17:11:29)[3]-- TIME:20090220-171129

[354](17:11:29)192.168.1.130: Timeout
[355](17:11:30)[0]-- TIME:20090220-171130

[356](17:11:31)[1]-- TIME:20090220-171131

[357](17:11:32)[2]-- TIME:20090220-171132

[358](17:11:33)[3]-- TIME:20090220-171133

[359](17:11:33)192.168.1.130: Timeout
[360](17:11:34)[0]-- TIME:20090220-171134

[361](17:11:35)[1]-- TIME:20090220-171135

[362](17:11:36)[2]-- TIME:20090220-171136

[363](17:11:37)[3]-- TIME:20090220-171137

[364](17:11:37)192.168.1.130: Timeout
[365](17:11:38)[0]-- TIME:20090220-171138

[366](17:11:39)[1]-- TIME:20090220-171139

[367](17:11:40)[2]-- TIME:20090220-171140

[368](17:11:41)[3]-- TIME:20090220-171141

[369](17:11:41)192.168.1.130: Timeout
[370](17:11:42)[0]-- TIME:20090220-171142

[371](17:11:43)[1]-- TIME:20090220-171143

[372](17:11:44)[2]-- TIME:20090220-171144

[373](17:11:45)[3]-- TIME:20090220-171145

[374](17:11:45)192.168.1.130: Timeout
[375](17:11:46)[0]-- TIME:20090220-171146

[376](17:11:47)[1]-- TIME:20090220-171147

[377](17:11:48)[2]-- TIME:20090220-171148

[378](17:11:49)[3]-- TIME:20090220-171149

[379](17:11:49)192.168.1.130: Timeout
[380](17:11:50)[0]-- TIME:20090220-171150

[381](17:11:51)[1]-- TIME:20090220-171151

[382](17:11:52)[2]-- TIME:20090220-171152

[383](17:11:53)[3]-- TIME:20090220-171153

[384](17:11:53)192.168.1.130: Timeout
[385](17:11:54)[0]-- TIME:20090220-171154

[386](17:11:55)[1]-- TIME:20090220-171155

[387](17:11:56)[2]-- TIME:20090220-171156

[388](17:11:57)[3]-- TIME:20090220-171157

[389](17:11:57)192.168.1.130: Timeout
[390](17:11:58)[0]-- TIME:20090220-171158

[391](17:11:59)[1]-- TIME:20090220-171159

[392](17:12:00)[2]-- TIME:20090220-171200

[393](17:12:01)[3]-- TIME:20090220-171201

[394](17:12:01)192.168.1.130: Timeout
[395](17:12:02)[0]-- TIME:20090220-171202

[396](17:12:03)[1]-- TIME:20090220-171203

[397](17:12:04)[2]-- TIME:20090220-171204

[398](17:12:05)[3]-- TIME:20090220-171205

[399](17:12:05)192.168.1.130: Timeout
[400](17:12:06)[0]-- TIME:20090220-171206

[401](17:12:07)[1]-- TIME:20090220-171207

[402](17:12:08)[2]-- TIME:20090220-171208

[403](17:12:09)[3]-- TIME:20090220-171209

[404](17:12:09)192.168.1.130: Timeout
[405](17:12:10)[0]-- TIME:20090220-171210

[406](17:12:11)[1]-- TIME:20090220-171211

[407](17:12:12)[2]-- TIME:20090220-171212

[408](17:12:13)[3]-- TIME:20090220-171213

[409](17:12:13)192.168.1.130: Timeout
[410](17:12:14)[0]-- TIME:20090220-171214

[411](17:12:15)[1]-- TIME:20090220-171215

[412](17:12:16)[2]-- TIME:20090220-171216

[413](17:12:17)[3]-- TIME:20090220-171217

[414](17:12:17)192.168.1.130: Timeout
[415](17:12:18)[0]-- TIME:20090220-171218

[416](17:12:19)[1]-- TIME:20090220-171219

[417](17:12:20)[2]-- TIME:20090220-171220

[418](17:12:21)[3]-- TIME:20090220-171221

[419](17:12:21)192.168.1.130: Timeout
[420](17:12:22)[0]-- TIME:20090220-171222

[421](17:12:23)[1]-- TIME:20090220-171223

[422](17:12:24)[2]-- TIME:20090220-171224

[423](17:12:25)[3]-- TIME:20090220-171225

[424](17:12:25)192.168.1.130: Timeout
[425](17:12:26)[0]-- TIME:20090220-171226

[426](17:12:27)[1]-- TIME:20090220-171227

[427](17:12:28)[2]-- TIME:20090220-171228

[428](17:12:29)[3]-- TIME:20090220-171229

[429](17:12:29)192.168.1.130: Timeout
[430](17:12:30)[0]-- TIME:20090220-171230

[431](17:12:31)[1]-- TIME:20090220-171231

[432](17:12:32)[2]-- TIME:20090220-171232

[433](17:12:33)[3]-- TIME:20090220-171233

[434](17:12:33)192.168.1.130: Timeout
[435](17:12:34)[0]-- TIME:20090220-171234

[436](17:12:35)[1]-- TIME:20090220-171235

[437](17:12:36)[2]-- TIME:20090220-171236

[438](17:12:37)[3]-- TIME:20090220-171237

[439](17:12:37)192.168.1.130: Timeout
[440](17:12:38)[0]-- TIME:20090220-171238

[441](17:12:39)[1]-- TIME:20090220-171239

[442](17:12:40)[2]-- TIME:20090220-171240

[443](17:12:41)[3]-- TIME:20090220-171241

[444](17:12:41)192.168.1.130: Timeout
[445](17:12:42)[0]-- TIME:20090220-171242

[446](17:12:43)[1]-- TIME:20090220-171243

[447](17:12:44)[2]-- TIME:20090220-171244

[448](17:12:45)[3]-- TIME:20090220-171245

[449](17:12:45)192.168.1.130: Timeout
[450](17:12:46)[0]-- TIME:20090220-171246

[451](17:12:47)[1]-- TIME:20090220-171247

[452](17:12:48)[2]-- TIME:20090220-171248

[453](17:12:49)[3]-- TIME:20090220-171249

[454](17:12:49)192.168.1.130: Timeout
[455](17:12:50)[0]-- TIME:20090220-171250

[456](17:12:51)[1]-- TIME:20090220-171251

[457](17:12:52)[2]-- TIME:20090220-171252

[458](17:12:53)[3]-- TIME:20090220-171253

[459](17:12:53)192.168.1.130: Timeout
[460](17:12:54)[0]-- TIME:20090220-171254

[461](17:12:55)[1]-- TIME:20090220-171255

[462](17:12:56)[2]-- TIME:20090220-171256

[463](17:12:57)[3]-- TIME:20090220-171257

[464](17:12:57)192.168.1.130: Timeout
[465](17:12:58)[0]-- TIME:20090220-171258

[466](17:12:59)[1]-- TIME:20090220-171259

[467](17:13:00)[2]-- TIME:20090220-171300

[468](17:13:01)[3]-- TIME:20090220-171301

[469](17:13:01)192.168.1.130: Timeout
[470](17:13:02)[0]-- TIME:20090220-171302

[471](17:13:03)[1]-- TIME:20090220-171303

[472](17:13:04)[2]-- TIME:20090220-171304

[473](17:13:05)[3]-- TIME:20090220-171305

[474](17:13:05)192.168.1.130: Timeout
[475](17:13:06)[0]-- TIME:20090220-171306

[476](17:13:07)[1]-- TIME:20090220-171307

[477](17:13:08)[2]-- TIME:20090220-171308

[478](17:13:09)[3]-- TIME:20090220-171309

[479](17:13:09)192.168.1.130: Timeout
[480](17:13:10)[0]-- TIME:20090220-171310

[481](17:13:11)[1]-- TIME:20090220-171311

[482](17:13:12)[2]-- TIME:20090220-171312

[483](17:13:13)[3]-- TIME:20090220-171313

[484](17:13:13)192.168.1.130: Timeout
[485](17:13:14)[0]-- TIME:20090220-171314

[486](17:13:15)[1]-- TIME:20090220-171315

[487](17:13:16)[2]-- TIME:20090220-171316

[488](17:13:17)[3]-- TIME:20090220-171317

[489](17:13:17)192.168.1.130: Timeout
[490](17:13:18)[0]-- TIME:20090220-171318

[491](17:13:19)[1]-- TIME:20090220-171319

[492](17:13:20)[2]-- TIME:20090220-171320

[493](17:13:21)[3]-- TIME:20090220-171321

[494](17:13:21)192.168.1.130: Timeout
[495](17:13:22)[0]-- TIME:20090220-171322

[496](17:13:23)[1]-- TIME:20090220-171323

[497](17:13:24)[2]-- TIME:20090220-171324

[498](17:13:25)[3]-- TIME:20090220-171325

[499](17:13:25)192.168.1.130: Timeout
[500](17:13:26)[0]-- TIME:20090220-171326

[501](17:13:27)[1]-- TIME:20090220-171327

[502](17:13:28)[2]-- TIME:20090220-171328

[503](17:13:29)[3]-- TIME:20090220-171329

[504](17:13:29)192.168.1.130: Timeout
[505](17:13:30)[0]-- TIME:20090220-171330

[506](17:13:31)[1]-- TIME:20090220-171331

[507](17:13:32)[2]-- TIME:20090220-171332

[508](17:13:33)[3]-- TIME:20090220-171333

[509](17:13:33)192.168.1.130: Timeout
[510](17:13:34)[0]-- TIME:20090220-171334

[511](17:13:35)[1]-- TIME:20090220-171335

[512](17:13:36)[2]-- TIME:20090220-171336

[513](17:13:37)[3]-- TIME:20090220-171337

[514](17:13:37)192.168.1.130: Timeout
[515](17:13:38)[0]-- TIME:20090220-171338

[516](17:13:39)[1]-- TIME:20090220-171339

[517](17:13:40)[2]-- TIME:20090220-171340

[518](17:13:41)[3]-- TIME:20090220-171341

[519](17:13:41)192.168.1.130: Timeout
[520](17:13:42)[0]-- TIME:20090220-171342

[521](17:13:43)[1]-- TIME:20090220-171343

[522](17:13:44)[2]-- TIME:20090220-171344

[523](17:13:45)[3]-- TIME:20090220-171345

[524](17:13:45)192.168.1.130: Timeout
[525](17:13:46)[0]-- TIME:20090220-171346

[526](17:13:47)[1]-- TIME:20090220-171347

[527](17:13:48)[2]-- TIME:20090220-171348

[528](17:13:49)[3]-- TIME:20090220-171349

[529](17:13:49)192.168.1.130: Timeout
[530](17:13:50)[0]-- TIME:20090220-171350

[531](17:13:51)[1]-- TIME:20090220-171351

[532](17:13:52)[2]-- TIME:20090220-171352

[533](17:13:53)[3]-- TIME:20090220-171353

[534](17:13:53)192.168.1.130: Timeout
[535](17:13:54)[0]-- TIME:20090220-171354

[536](17:13:55)[1]-- TIME:20090220-171355

[537](17:13:56)[2]-- TIME:20090220-171356

[538](17:13:57)[3]-- TIME:20090220-171357

[539](17:13:57)192.168.1.130: Timeout
[540](17:13:58)[0]-- TIME:20090220-171358

[541](17:13:59)[1]-- TIME:20090220-171359

[542](17:14:00)[2]-- TIME:20090220-171400

[543](17:14:01)[3]-- TIME:20090220-171401

[544](17:14:01)192.168.1.130: Timeout
[545](17:14:02)[0]-- TIME:20090220-171402

[546](17:14:03)[1]-- TIME:20090220-171403

[547](17:14:04)[2]-- TIME:20090220-171404

[548](17:14:05)[3]-- TIME:20090220-171405

[549](17:14:05)192.168.1.130: Timeout
[550](17:14:06)[0]-- TIME:20090220-171406

[551](17:14:07)[1]-- TIME:20090220-171407

[552](17:14:08)[2]-- TIME:20090220-171408

[553](17:14:09)[3]-- TIME:20090220-171409

[554](17:14:09)192.168.1.130: Timeout
[555](17:14:10)[0]-- TIME:20090220-171410

[556](17:14:11)[1]-- TIME:20090220-171411

[557](17:14:12)[2]-- TIME:20090220-171412

[558](17:14:13)[3]-- TIME:20090220-171413

[559](17:14:13)192.168.1.130: Timeout
[560](17:14:14)[0]-- TIME:20090220-171414

[561](17:14:15)[1]-- TIME:20090220-171415

[562](17:14:16)[2]-- TIME:20090220-171416

[563](17:14:17)[3]-- TIME:20090220-171417

[564](17:14:17)192.168.1.130: Timeout
[565](17:14:18)[0]-- TIME:20090220-171418

[566](17:14:19)[1]-- TIME:20090220-171419

[567](17:14:20)[2]-- TIME:20090220-171420

[568](17:14:21)[3]-- TIME:20090220-171421

[569](17:14:21)192.168.1.130: Timeout
[570](17:14:22)[0]-- TIME:20090220-171422

[571](17:14:23)[1]-- TIME:20090220-171423

[572](17:14:24)[2]-- TIME:20090220-171424

[573](17:14:25)[3]-- TIME:20090220-171425

[574](17:14:25)192.168.1.130: Timeout
[575](17:14:26)[0]-- TIME:20090220-171426

[576](17:14:27)[1]-- TIME:20090220-171427

[577](17:14:28)[2]-- TIME:20090220-171428

[578](17:14:29)[3]-- TIME:20090220-171429

[579](17:14:29)192.168.1.130: Timeout
[580](17:14:30)[0]-- TIME:20090220-171430

[581](17:14:31)[1]-- TIME:20090220-171431

[582](17:14:32)[2]-- TIME:20090220-171432

[583](17:14:33)[3]-- TIME:20090220-171433

[584](17:14:33)192.168.1.130: Timeout
[585](17:14:34)[0]-- TIME:20090220-171434

[586](17:14:35)[1]-- TIME:20090220-171435

[587](17:14:36)[2]-- TIME:20090220-171436

[588](17:14:37)[3]-- TIME:20090220-171437

[589](17:14:37)192.168.1.130: Timeout
[590](17:14:38)[0]-- TIME:20090220-171438

[591](17:14:39)[1]-- TIME:20090220-171439

[592](17:14:40)[2]-- TIME:20090220-171440

[593](17:14:41)[3]-- TIME:20090220-171441

[594](17:14:41)192.168.1.130: Timeout
[595](17:14:42)[0]-- TIME:20090220-171442

[596](17:14:43)[1]-- TIME:20090220-171443

[597](17:14:44)[2]-- TIME:20090220-171444

[598](17:14:45)[3]-- TIME:20090220-171445

[599](17:14:45)192.168.1.130: Timeout
[600](17:14:46)[0]-- TIME:20090220-171446

[601](17:14:47)[1]-- TIME:20090220-171447

[602](17:14:48)[2]-- TIME:20090220-171448

[603](17:14:49)[3]-- TIME:20090220-171449

[604](17:14:49)192.168.1.130: Timeout
[605](17:14:50)[0]-- TIME:20090220-171450

[606](17:14:51)[1]-- TIME:20090220-171451

[607](17:14:52)[2]-- TIME:20090220-171452

[608](17:14:53)[3]-- TIME:20090220-171453

[609](17:14:53)192.168.1.130: Timeout
[610](17:14:54)[0]-- TIME:20090220-171454

[611](17:14:55)[1]-- TIME:20090220-171455

[612](17:14:56)[2]-- TIME:20090220-171456

[613](17:14:57)[3]-- TIME:20090220-171457

[614](17:14:57)192.168.1.130: Timeout
[615](17:14:58)[0]-- TIME:20090220-171458

[616](17:14:59)[1]-- TIME:20090220-171459

[617](17:15:00)[2]-- TIME:20090220-171500

[618](17:15:01)[3]-- TIME:20090220-171501

[619](17:15:01)192.168.1.130: Timeout
[620](17:15:02)[0]-- TIME:20090220-171502

[621](17:15:03)[1]-- TIME:20090220-171503

[622](17:15:04)[2]-- TIME:20090220-171504

[623](17:15:05)[3]-- TIME:20090220-171505

[624](17:15:05)192.168.1.130: Timeout
[625](17:15:06)[0]-- TIME:20090220-171506

[626](17:15:07)[1]-- TIME:20090220-171507

[627](17:15:08)[2]-- TIME:20090220-171508

[628](17:15:09)[3]-- TIME:20090220-171509

[629](17:15:09)192.168.1.130: Timeout
[630](17:15:10)[0]-- TIME:20090220-171510

[631](17:15:11)[1]-- TIME:20090220-171511

[632](17:15:12)[2]-- TIME:20090220-171512

[633](17:15:13)[3]-- TIME:20090220-171513

[634](17:15:13)192.168.1.130: Timeout
[635](17:15:13)192.168.1.136: Timeout
[636](17:15:14)[0]-- TIME:20090220-171514

[637](17:15:15)[1]-- TIME:20090220-171515

[638](17:15:16)[2]-- TIME:20090220-171516

[639](17:15:17)[3]-- TIME:20090220-171517

[640](17:15:17)192.168.1.130: Timeout
[641](17:15:18)[0]-- TIME:20090220-171518

[642](17:15:19)[1]-- TIME:20090220-171519

[643](17:15:20)[2]-- TIME:20090220-171520

[644](17:15:21)[3]-- TIME:20090220-171521

[645](17:15:21)192.168.1.130: Timeout
[646](17:15:22)[0]-- TIME:20090220-171522

[647](17:15:23)[1]-- TIME:20090220-171523

[648](17:15:24)[2]-- TIME:20090220-171524

[649](17:15:25)[3]-- TIME:20090220-171525

[650](17:15:25)192.168.1.130: Timeout
[651](17:15:26)[0]-- TIME:20090220-171526

[652](17:15:27)[1]-- TIME:20090220-171527

[653](17:15:28)[2]-- TIME:20090220-171528

[654](17:15:29)[3]-- TIME:20090220-171529

[655](17:15:29)192.168.1.130: Timeout
[656](17:15:30)[0]-- TIME:20090220-171530

[657](17:15:31)[1]-- TIME:20090220-171531

[658](17:15:32)[2]-- TIME:20090220-171532

[659](17:15:33)[3]-- TIME:20090220-171533

[660](17:15:33)192.168.1.130: Timeout
[661](17:15:34)[0]-- TIME:20090220-171534

[662](17:15:35)[1]-- TIME:20090220-171535

[663](17:15:36)[2]-- TIME:20090220-171536

[664](17:15:37)[3]-- TIME:20090220-171537

[665](17:15:37)192.168.1.130: Timeout
[666](17:15:38)[0]-- TIME:20090220-171538

[667](17:15:39)[1]-- TIME:20090220-171539

[668](17:15:40)[2]-- TIME:20090220-171540

[669](17:15:41)[3]-- TIME:20090220-171541

[670](17:15:41)192.168.1.130: Timeout
[671](17:15:42)[0]-- TIME:20090220-171542

[672](17:15:43)[1]-- TIME:20090220-171543

[673](17:15:44)[2]-- TIME:20090220-171544

[674](17:15:45)[3]-- TIME:20090220-171545

[675](17:15:45)192.168.1.130: Timeout
[676](17:15:46)[0]-- TIME:20090220-171546

[677](17:15:47)[1]-- TIME:20090220-171547

[678](17:15:48)[2]-- TIME:20090220-171548

[679](17:15:49)[3]-- TIME:20090220-171549

[680](17:15:49)192.168.1.130: Timeout
[681](17:15:50)[0]-- TIME:20090220-171550

[682](17:15:51)[1]-- TIME:20090220-171551

[683](17:15:52)[2]-- TIME:20090220-171552

[684](17:15:53)[3]-- TIME:20090220-171553

[685](17:15:53)192.168.1.130: Timeout
[686](17:15:54)[0]-- TIME:20090220-171554

[687](17:15:55)[1]-- TIME:20090220-171555

[688](17:15:56)[2]-- TIME:20090220-171556

[689](17:15:57)[3]-- TIME:20090220-171557

[690](17:15:57)192.168.1.130: Timeout
[691](17:15:58)[0]-- TIME:20090220-171558

[692](17:15:59)[1]-- TIME:20090220-171559

[693](17:16:00)[2]-- TIME:20090220-171600

[694](17:16:01)[3]-- TIME:20090220-171601

[695](17:16:01)192.168.1.130: Timeout
[696](17:16:02)[0]-- TIME:20090220-171602

[697](17:16:03)[1]-- TIME:20090220-171603

[698](17:16:04)[2]-- TIME:20090220-171604

[699](17:16:05)[3]-- TIME:20090220-171605

[700](17:16:05)192.168.1.130: Timeout
[701](17:16:06)[0]-- TIME:20090220-171606

[702](17:16:07)[1]-- TIME:20090220-171607

[703](17:16:08)[2]-- TIME:20090220-171608

[704](17:16:09)[3]-- TIME:20090220-171609

[705](17:16:09)192.168.1.130: Timeout
[706](17:16:10)[0]-- TIME:20090220-171610

[707](17:16:11)[1]-- TIME:20090220-171611

[708](17:16:12)[2]-- TIME:20090220-171612

[709](17:16:13)[3]-- TIME:20090220-171613

[710](17:16:13)192.168.1.130: Timeout
[711](17:16:14)[0]-- TIME:20090220-171614

[712](17:16:15)[1]-- TIME:20090220-171615

[713](17:16:16)[2]-- TIME:20090220-171616

[714](17:16:17)[3]-- TIME:20090220-171617

[715](17:16:17)192.168.1.130: Timeout
[716](17:16:18)[0]-- TIME:20090220-171618

[717](17:16:19)[1]-- TIME:20090220-171619

[718](17:16:20)[2]-- TIME:20090220-171620

[719](17:16:21)[3]-- TIME:20090220-171621

[720](17:16:21)192.168.1.130: Timeout
[721](17:16:22)[0]-- TIME:20090220-171622

[722](17:16:23)[1]-- TIME:20090220-171623

[723](17:16:24)[2]-- TIME:20090220-171624

[724](17:16:25)[3]-- TIME:20090220-171625

[725](17:16:25)192.168.1.130: Timeout
[726](17:16:26)[0]-- TIME:20090220-171626

[727](17:16:27)[1]-- TIME:20090220-171627

[728](17:16:28)[2]-- TIME:20090220-171628

[729](17:16:29)[3]-- TIME:20090220-171629

[730](17:16:29)192.168.1.130: Timeout
[731](17:16:30)[0]-- TIME:20090220-171630

[732](17:16:31)[1]-- TIME:20090220-171631

[733](17:16:32)[2]-- TIME:20090220-171632

[734](17:16:33)[3]-- TIME:20090220-171633

[735](17:16:33)192.168.1.130: Timeout
[736](17:16:34)[0]-- TIME:20090220-171634

[737](17:16:35)[1]-- TIME:20090220-171635

[738](17:16:36)[2]-- TIME:20090220-171636

[739](17:16:37)[3]-- TIME:20090220-171637

[740](17:16:37)192.168.1.130: Timeout
[741](17:16:38)[0]-- TIME:20090220-171638

[742](17:16:39)[1]-- TIME:20090220-171639

[743](17:16:40)[2]-- TIME:20090220-171640

[744](17:16:41)[3]-- TIME:20090220-171641

[745](17:16:41)192.168.1.130: Timeout
[746](17:16:42)[0]-- TIME:20090220-171642

[747](17:16:43)[1]-- TIME:20090220-171643

[748](17:16:44)[2]-- TIME:20090220-171644

[749](17:16:45)[3]-- TIME:20090220-171645

[750](17:16:45)192.168.1.130: Timeout
[751](17:16:46)[0]-- TIME:20090220-171646

[752](17:16:47)[1]-- TIME:20090220-171647

[753](17:16:48)[2]-- TIME:20090220-171648

[754](17:16:49)[3]-- TIME:20090220-171649

[755](17:16:49)192.168.1.130: Timeout
[756](17:16:50)[0]-- TIME:20090220-171650

[757](17:16:51)[1]-- TIME:20090220-171651

[758](17:16:52)[2]-- TIME:20090220-171652

[759](17:16:53)[3]-- TIME:20090220-171653

[760](17:16:53)192.168.1.130: Timeout
[761](17:16:54)[0]-- TIME:20090220-171654

[762](17:16:55)[1]-- TIME:20090220-171655

[763](17:16:56)[2]-- TIME:20090220-171656

[764](17:16:57)[3]-- TIME:20090220-171657

[765](17:16:57)192.168.1.130: Timeout
[766](17:16:58)[0]-- TIME:20090220-171658

[767](17:16:59)[1]-- TIME:20090220-171659

[768](17:17:00)[2]-- TIME:20090220-171700

[769](17:17:01)[3]-- TIME:20090220-171701

[770](17:17:01)192.168.1.130: Timeout
[771](17:17:02)[0]-- TIME:20090220-171702

[772](17:17:03)[1]-- TIME:20090220-171703

[773](17:17:04)[2]-- TIME:20090220-171704

[774](17:17:05)[3]-- TIME:20090220-171705

[775](17:17:05)192.168.1.130: Timeout
[776](17:17:06)[0]-- TIME:20090220-171706

[777](17:17:07)[1]-- TIME:20090220-171707

[778](17:17:08)[2]-- TIME:20090220-171708

[779](17:17:09)[3]-- TIME:20090220-171709

[780](17:17:09)192.168.1.130: Timeout
[781](17:17:10)[0]-- TIME:20090220-171710

[782](17:17:11)[1]-- TIME:20090220-171711

[783](17:17:12)[2]-- TIME:20090220-171712

[784](17:17:13)[3]-- TIME:20090220-171713

[785](17:17:13)192.168.1.130: Timeout
[786](17:17:14)[0]-- TIME:20090220-171714

[787](17:17:15)[1]-- TIME:20090220-171715

[788](17:17:16)[2]-- TIME:20090220-171716

[789](17:17:17)[3]-- TIME:20090220-171717

[790](17:17:17)192.168.1.130: Timeout
[791](17:17:18)[0]-- TIME:20090220-171718

[792](17:17:19)[1]-- TIME:20090220-171719

[793](17:17:20)[2]-- TIME:20090220-171720

[794](17:17:21)[3]-- TIME:20090220-171721

[795](17:17:21)192.168.1.130: Timeout
[796](17:17:22)[0]-- TIME:20090220-171722

[797](17:17:23)[1]-- TIME:20090220-171723

[798](17:17:24)[2]-- TIME:20090220-171724

[799](17:17:25)[3]-- TIME:20090220-171725

[800](17:17:25)192.168.1.130: Timeout
[801](17:17:26)[0]-- TIME:20090220-171726

[802](17:17:27)[1]-- TIME:20090220-171727

[803](17:17:28)[2]-- TIME:20090220-171728

[804](17:17:29)[3]-- TIME:20090220-171729

[805](17:17:29)192.168.1.130: Timeout
[806](17:17:30)[0]-- TIME:20090220-171730

[807](17:17:31)[1]-- TIME:20090220-171731

[808](17:17:32)[2]-- TIME:20090220-171732

[809](17:17:33)[3]-- TIME:20090220-171733

[810](17:17:33)192.168.1.130: Timeout
[811](17:17:34)[0]-- TIME:20090220-171734

[812](17:17:35)[1]-- TIME:20090220-171735

[813](17:17:36)[2]-- TIME:20090220-171736

[814](17:17:37)[3]-- TIME:20090220-171737

[815](17:17:37)192.168.1.130: Timeout
[816](17:17:38)[0]-- TIME:20090220-171738

[817](17:17:39)[1]-- TIME:20090220-171739

[818](17:17:40)[2]-- TIME:20090220-171740

[819](17:17:41)[3]-- TIME:20090220-171741

[820](17:17:41)192.168.1.130: Timeout
[821](17:17:42)[0]-- TIME:20090220-171742

[822](17:17:43)[1]-- TIME:20090220-171743

[823](17:17:44)[2]-- TIME:20090220-171744

[824](17:17:45)[3]-- TIME:20090220-171745

[825](17:17:45)192.168.1.130: Timeout
[826](17:17:46)[0]-- TIME:20090220-171746

[827](17:17:47)[1]-- TIME:20090220-171747

[828](17:17:48)[2]-- TIME:20090220-171748

[829](17:17:49)[3]-- TIME:20090220-171749

[830](17:17:49)192.168.1.130: Timeout
[831](17:17:50)[0]-- TIME:20090220-171750

[832](17:17:51)[1]-- TIME:20090220-171751

[833](17:17:52)[2]-- TIME:20090220-171752

[834](17:17:53)[3]-- TIME:20090220-171753

[835](17:17:53)192.168.1.130: Timeout
[836](17:17:54)[0]-- TIME:20090220-171754

[837](17:17:55)[1]-- TIME:20090220-171755

[838](17:17:56)[2]-- TIME:20090220-171756

[839](17:17:57)[3]-- TIME:20090220-171757

[840](17:17:57)192.168.1.130: Timeout
[841](17:17:58)[0]-- TIME:20090220-171758

[842](17:17:59)[1]-- TIME:20090220-171759

[843](17:18:00)[2]-- TIME:20090220-171800

[844](17:18:01)[3]-- TIME:20090220-171801

[845](17:18:01)192.168.1.130: Timeout
[846](17:18:02)[0]-- TIME:20090220-171802

[847](17:18:03)[1]-- TIME:20090220-171803

[848](17:18:04)[2]-- TIME:20090220-171804

[849](17:18:05)[3]-- TIME:20090220-171805

[850](17:18:05)192.168.1.130: Timeout
[851](17:18:06)[0]-- TIME:20090220-171806

[852](17:18:07)[1]-- TIME:20090220-171807

[853](17:18:08)[2]-- TIME:20090220-171808

[854](17:18:09)[3]-- TIME:20090220-171809

[855](17:18:09)192.168.1.130: Timeout
[856](17:18:10)[0]-- TIME:20090220-171810

[857](17:18:11)[1]-- TIME:20090220-171811

[858](17:18:12)[2]-- TIME:20090220-171812

[859](17:18:13)[3]-- TIME:20090220-171813

[860](17:18:13)192.168.1.130: Timeout
[861](17:18:14)[0]-- TIME:20090220-171814

[862](17:18:15)[1]-- TIME:20090220-171815

[863](17:18:16)[2]-- TIME:20090220-171816

[864](17:18:17)[3]-- TIME:20090220-171817

[865](17:18:17)192.168.1.130: Timeout
[866](17:18:18)[0]-- TIME:20090220-171818

[867](17:18:19)[1]-- TIME:20090220-171819

[868](17:18:20)[2]-- TIME:20090220-171820

[869](17:18:21)[3]-- TIME:20090220-171821

[870](17:18:21)192.168.1.130: Timeout
[871](17:18:22)[0]-- TIME:20090220-171822

[872](17:18:23)[1]-- TIME:20090220-171823

[873](17:18:24)[2]-- TIME:20090220-171824

[874](17:18:25)[3]-- TIME:20090220-171825

[875](17:18:25)192.168.1.130: Timeout
[876](17:18:26)[0]-- TIME:20090220-171826

[877](17:18:27)[1]-- TIME:20090220-171827

[878](17:18:28)[2]-- TIME:20090220-171828

[879](17:18:29)[3]-- TIME:20090220-171829

[880](17:18:29)192.168.1.130: Timeout
[881](17:18:30)[0]-- TIME:20090220-171830

[882](17:18:31)[1]-- TIME:20090220-171831

[883](17:18:32)[2]-- TIME:20090220-171832

[884](17:18:33)[3]-- TIME:20090220-171833

[885](17:18:33)192.168.1.130: Timeout
[886](17:18:34)[0]-- TIME:20090220-171834

[887](17:18:35)[1]-- TIME:20090220-171835

[888](17:18:36)[2]-- TIME:20090220-171836

[889](17:18:37)[3]-- TIME:20090220-171837

[890](17:18:37)192.168.1.130: Timeout
[891](17:18:38)[0]-- TIME:20090220-171838

[892](17:18:39)[1]-- TIME:20090220-171839

[893](17:18:40)[2]-- TIME:20090220-171840

[894](17:18:41)[3]-- TIME:20090220-171841

[895](17:18:41)192.168.1.130: Timeout
[896](17:18:42)[0]-- TIME:20090220-171842

[897](17:18:43)[1]-- TIME:20090220-171843

[898](17:18:44)[2]-- TIME:20090220-171844

[899](17:18:45)[3]-- TIME:20090220-171845

[900](17:18:45)192.168.1.130: Timeout
[901](17:18:46)[0]-- TIME:20090220-171846

[902](17:18:47)[1]-- TIME:20090220-171847

[903](17:18:48)[2]-- TIME:20090220-171848

[904](17:18:49)[3]-- TIME:20090220-171849

[905](17:18:49)192.168.1.130: Timeout
[906](17:18:50)[0]-- TIME:20090220-171850

[907](17:18:51)[1]-- TIME:20090220-171851

[908](17:18:52)[2]-- TIME:20090220-171852

[909](17:18:53)[3]-- TIME:20090220-171853

[910](17:18:53)192.168.1.130: Timeout
[911](17:18:54)[0]-- TIME:20090220-171854

[912](17:18:55)[1]-- TIME:20090220-171855

[913](17:18:56)[2]-- TIME:20090220-171856

[914](17:18:57)[3]-- TIME:20090220-171857

[915](17:18:57)192.168.1.130: Timeout
[916](17:18:58)[0]-- TIME:20090220-171858

[917](17:18:59)[1]-- TIME:20090220-171859

[918](17:19:00)[2]-- TIME:20090220-171900

[919](17:19:01)[3]-- TIME:20090220-171901

[920](17:19:01)192.168.1.130: Timeout
[921](17:19:02)[0]-- TIME:20090220-171902

[922](17:19:03)[1]-- TIME:20090220-171903

[923](17:19:04)[2]-- TIME:20090220-171904

[924](17:19:05)[3]-- TIME:20090220-171905

[925](17:19:05)192.168.1.130: Timeout
[926](17:19:06)[0]-- TIME:20090220-171906

[927](17:19:07)[1]-- TIME:20090220-171907

[928](17:19:08)[2]-- TIME:20090220-171908

[929](17:19:09)[3]-- TIME:20090220-171909

[930](17:19:09)192.168.1.130: Timeout
[931](17:19:10)[0]-- TIME:20090220-171910

[932](17:19:11)[1]-- TIME:20090220-171911

[933](17:19:12)[2]-- TIME:20090220-171912

[934](17:19:13)[3]-- TIME:20090220-171913

[935](17:19:13)192.168.1.130: Timeout
[936](17:19:14)[0]-- TIME:20090220-171914

[937](17:19:15)[1]-- TIME:20090220-171915

[938](17:19:16)[2]-- TIME:20090220-171916

[939](17:19:17)[3]-- TIME:20090220-171917

[940](17:19:17)192.168.1.130: Timeout
[941](17:19:18)[0]-- TIME:20090220-171918

[942](17:19:19)[1]-- TIME:20090220-171919

[943](17:19:20)[2]-- TIME:20090220-171920

[944](17:19:21)[3]-- TIME:20090220-171921

[945](17:19:21)192.168.1.130: Timeout
[946](17:19:22)[0]-- TIME:20090220-171922

[947](17:19:23)[1]-- TIME:20090220-171923

[948](17:19:24)[2]-- TIME:20090220-171924

[949](17:19:25)[3]-- TIME:20090220-171925

[950](17:19:25)192.168.1.130: Timeout
[951](17:19:26)[0]-- TIME:20090220-171926

[952](17:19:27)[1]-- TIME:20090220-171927

[953](17:19:28)[2]-- TIME:20090220-171928

[954](17:19:29)[3]-- TIME:20090220-171929

[955](17:19:29)192.168.1.130: Timeout
[956](17:19:30)[0]-- TIME:20090220-171930

[957](17:19:31)[1]-- TIME:20090220-171931

[958](17:19:32)[2]-- TIME:20090220-171932

[959](17:19:33)[3]-- TIME:20090220-171933

[960](17:19:33)192.168.1.130: Timeout
[961](17:19:34)[0]-- TIME:20090220-171934

[962](17:19:35)[1]-- TIME:20090220-171935

[963](17:19:36)[2]-- TIME:20090220-171936

[964](17:19:37)[3]-- TIME:20090220-171937

[965](17:19:37)192.168.1.130: Timeout
[966](17:19:38)[0]-- TIME:20090220-171938

[967](17:19:39)[1]-- TIME:20090220-171939

[968](17:19:40)[2]-- TIME:20090220-171940

[969](17:19:41)[3]-- TIME:20090220-171941

[970](17:19:41)192.168.1.130: Timeout
[971](17:19:42)[0]-- TIME:20090220-171942

[972](17:19:43)[1]-- TIME:20090220-171943

[973](17:19:44)[2]-- TIME:20090220-171944

[974](17:19:45)[3]-- TIME:20090220-171945

[975](17:19:45)192.168.1.130: Timeout
[976](17:19:46)[0]-- TIME:20090220-171946

[977](17:19:47)[1]-- TIME:20090220-171947

[978](17:19:48)[2]-- TIME:20090220-171948

[979](17:19:49)[3]-- TIME:20090220-171949

[980](17:19:49)192.168.1.130: Timeout
[981](17:19:50)[0]-- TIME:20090220-171950

[982](17:19:51)[1]-- TIME:20090220-171951

[983](17:19:52)[2]-- TIME:20090220-171952

[984](17:19:53)[3]-- TIME:20090220-171953

[985](17:19:53)192.168.1.130: Timeout
[986](17:19:54)[0]-- TIME:20090220-171954

[987](17:19:55)[1]-- TIME:20090220-171955

[988](17:19:56)[2]-- TIME:20090220-171956

[989](17:19:57)[3]-- TIME:20090220-171957

[990](17:19:57)192.168.1.130: Timeout
[991](17:19:58)[0]-- TIME:20090220-171958

[992](17:19:59)[1]-- TIME:20090220-171959

[993](17:20:00)[2]-- TIME:20090220-172000

[994](17:20:01)[3]-- TIME:20090220-172001

[995](17:20:01)192.168.1.130: Timeout
[996](17:20:02)[0]-- TIME:20090220-172002

[997](17:20:03)[1]-- TIME:20090220-172003

[998](17:20:04)[2]-- TIME:20090220-172004

[999](17:20:05)[3]-- TIME:20090220-172005

[1000](17:20:05)192.168.1.130: Timeout