
[0](21:41:19)======== MONITA APP STARTING ===========
[1](21:41:19)Load file konfigurasi
[2](21:41:19)Baca konfig
[3](21:41:19)Baca konfig: OK
[4](21:41:20)Mulai logging data
[5](21:41:22)[0]-- TIME:20090303-214122

[6](21:41:23)[1]-- TIME:20090303-214123

[7](21:41:24)[2]-- TIME:20090303-214124

[8](21:41:24)Stop logging data
[9](21:41:25)[2]-- TIME:20090303-214125

[10](21:41:29)Mulai logging data
[11](21:41:30)[0]-- TIME:20090303-214130

[12](21:41:31)[1]-- TIME:20090303-214131

[13](21:41:32)[2]-- TIME:20090303-214132

[14](21:41:33)[3]-- TIME:20090303-214133

[15](21:41:34)[0]-- TIME:20090303-214134

[16](21:41:35)[1]-- TIME:20090303-214135

[17](21:41:36)[2]-- TIME:20090303-214136

[18](21:41:37)[3]-- TIME:20090303-214137

[19](21:41:38)[0]-- TIME:20090303-214138

[20](21:41:39)[1]-- TIME:20090303-214139

[21](21:41:40)[2]-- TIME:20090303-214140

[22](21:41:41)[3]-- TIME:20090303-214141

[23](21:41:42)[0]-- TIME:20090303-214142

[24](21:41:43)[1]-- TIME:20090303-214143

[25](21:41:44)[2]-- TIME:20090303-214144

[26](21:41:45)[3]-- TIME:20090303-214145

[27](21:41:46)[0]-- TIME:20090303-214146

[28](21:41:47)[1]-- TIME:20090303-214147

[29](21:41:48)[2]-- TIME:20090303-214148

[30](21:41:49)[3]-- TIME:20090303-214149

[31](21:41:50)[0]-- TIME:20090303-214150

[32](21:41:51)[1]-- TIME:20090303-214151

[33](21:41:52)[2]-- TIME:20090303-214152

[34](21:41:53)[3]-- TIME:20090303-214153

[35](21:41:54)[0]-- TIME:20090303-214154

[36](21:41:55)[1]-- TIME:20090303-214155

[37](21:41:56)[2]-- TIME:20090303-214156

[38](21:41:57)[3]-- TIME:20090303-214157

[39](21:41:58)[0]-- TIME:20090303-214158

[40](21:41:59)[1]-- TIME:20090303-214159

[41](21:42:00)[2]-- TIME:20090303-214200

[42](21:42:01)[3]-- TIME:20090303-214201

[43](21:42:02)[0]-- TIME:20090303-214202

[44](21:42:03)[1]-- TIME:20090303-214203

[45](21:42:04)[2]-- TIME:20090303-214204

[46](21:42:05)[3]-- TIME:20090303-214205

[47](21:42:06)[0]-- TIME:20090303-214206

[48](21:42:07)[1]-- TIME:20090303-214207

[49](21:42:08)[2]-- TIME:20090303-214208

[50](21:42:09)[3]-- TIME:20090303-214209

[51](21:42:10)[0]-- TIME:20090303-214210

[52](21:42:11)[1]-- TIME:20090303-214211

[53](21:42:12)[2]-- TIME:20090303-214212

[54](21:42:13)[3]-- TIME:20090303-214213

[55](21:42:14)[0]-- TIME:20090303-214214

[56](21:42:15)[1]-- TIME:20090303-214215

[57](21:42:16)[2]-- TIME:20090303-214216

[58](21:42:17)[3]-- TIME:20090303-214217

[59](21:42:18)[0]-- TIME:20090303-214218

[60](21:42:19)[1]-- TIME:20090303-214219

[61](21:42:20)[2]-- TIME:20090303-214220

[62](21:42:21)[3]-- TIME:20090303-214221

[63](21:42:22)[0]-- TIME:20090303-214222

[64](21:42:23)[1]-- TIME:20090303-214223

[65](21:42:24)[2]-- TIME:20090303-214224

[66](21:42:25)[3]-- TIME:20090303-214225

[67](21:42:26)[0]-- TIME:20090303-214226

[68](21:42:27)[1]-- TIME:20090303-214227

[69](21:42:28)[2]-- TIME:20090303-214228

[70](21:42:29)[3]-- TIME:20090303-214229

[71](21:42:30)[0]-- TIME:20090303-214230

[72](21:42:31)[1]-- TIME:20090303-214231

[73](21:42:32)[2]-- TIME:20090303-214232

[74](21:42:33)[3]-- TIME:20090303-214233

[75](21:42:34)[0]-- TIME:20090303-214234

[76](21:42:35)[1]-- TIME:20090303-214235

[77](21:42:36)[2]-- TIME:20090303-214236

[78](21:42:37)[3]-- TIME:20090303-214237

[79](21:42:38)[0]-- TIME:20090303-214238

[80](21:42:39)[1]-- TIME:20090303-214239

[81](21:42:40)[2]-- TIME:20090303-214240

[82](21:42:41)[3]-- TIME:20090303-214241

[83](21:42:42)[0]-- TIME:20090303-214242

[84](21:42:43)[1]-- TIME:20090303-214243

[85](21:42:44)[2]-- TIME:20090303-214244

[86](21:42:45)[3]-- TIME:20090303-214245

[87](21:42:46)[0]-- TIME:20090303-214246

[88](21:42:47)[1]-- TIME:20090303-214247

[89](21:42:48)[2]-- TIME:20090303-214248

[90](21:42:49)[3]-- TIME:20090303-214249

[91](21:42:50)[0]-- TIME:20090303-214250

[92](21:42:51)[1]-- TIME:20090303-214251

[93](21:42:52)[2]-- TIME:20090303-214252

[94](21:42:53)[3]-- TIME:20090303-214253

[95](21:42:54)[0]-- TIME:20090303-214254

[96](21:42:55)[1]-- TIME:20090303-214255

[97](21:42:56)[2]-- TIME:20090303-214256

[98](21:42:57)[3]-- TIME:20090303-214257

[99](21:42:58)[0]-- TIME:20090303-214258

[100](21:42:59)[1]-- TIME:20090303-214259

[101](21:43:00)[2]-- TIME:20090303-214300

[102](21:43:01)[3]-- TIME:20090303-214301

[103](21:43:02)[0]-- TIME:20090303-214302

[104](21:43:03)[1]-- TIME:20090303-214303

[105](21:43:04)[2]-- TIME:20090303-214304

[106](21:43:05)[3]-- TIME:20090303-214305

[107](21:43:06)[0]-- TIME:20090303-214306

[108](21:43:07)[1]-- TIME:20090303-214307

[109](21:43:08)[2]-- TIME:20090303-214308

[110](21:43:09)[3]-- TIME:20090303-214309

[111](21:43:10)[0]-- TIME:20090303-214310

[112](21:43:11)[1]-- TIME:20090303-214311

[113](21:43:12)[2]-- TIME:20090303-214312

[114](21:43:13)[3]-- TIME:20090303-214313

[115](21:43:14)[0]-- TIME:20090303-214314

[116](21:43:15)[1]-- TIME:20090303-214315

[117](21:43:16)[2]-- TIME:20090303-214316

[118](21:43:17)[3]-- TIME:20090303-214317

[119](21:43:18)[0]-- TIME:20090303-214318

[120](21:43:19)[1]-- TIME:20090303-214319

[121](21:43:20)[2]-- TIME:20090303-214320

[122](21:43:21)[3]-- TIME:20090303-214321

[123](21:43:22)[0]-- TIME:20090303-214322

[124](21:43:23)[1]-- TIME:20090303-214323

[125](21:43:24)[2]-- TIME:20090303-214324

[126](21:43:25)[3]-- TIME:20090303-214325

[127](21:43:26)[0]-- TIME:20090303-214326

[128](21:43:27)[1]-- TIME:20090303-214327

[129](21:43:28)[2]-- TIME:20090303-214328

[130](21:43:29)[3]-- TIME:20090303-214329

[131](21:43:30)[0]-- TIME:20090303-214330

[132](21:43:31)[1]-- TIME:20090303-214331

[133](21:43:32)[2]-- TIME:20090303-214332

[134](21:43:33)[3]-- TIME:20090303-214333

[135](21:43:34)[0]-- TIME:20090303-214334

[136](21:43:35)[1]-- TIME:20090303-214335

[137](21:43:36)[2]-- TIME:20090303-214336

[138](21:43:37)[3]-- TIME:20090303-214337

[139](21:43:38)[0]-- TIME:20090303-214338

[140](21:43:39)[1]-- TIME:20090303-214339

[141](21:43:40)[2]-- TIME:20090303-214340

[142](21:43:41)[3]-- TIME:20090303-214341

[143](21:43:42)[0]-- TIME:20090303-214342

[144](21:43:43)[1]-- TIME:20090303-214343

[145](21:43:44)[2]-- TIME:20090303-214344

[146](21:43:45)[3]-- TIME:20090303-214345

[147](21:43:46)[0]-- TIME:20090303-214346

[148](21:43:47)[1]-- TIME:20090303-214347

[149](21:43:48)[2]-- TIME:20090303-214348

[150](21:43:49)[3]-- TIME:20090303-214349

[151](21:43:50)[0]-- TIME:20090303-214350

[152](21:43:51)[1]-- TIME:20090303-214351

[153](21:43:52)[2]-- TIME:20090303-214352

[154](21:43:53)[3]-- TIME:20090303-214353

[155](21:43:54)[0]-- TIME:20090303-214354

[156](21:43:55)[1]-- TIME:20090303-214355

[157](21:43:56)[2]-- TIME:20090303-214356

[158](21:43:57)[3]-- TIME:20090303-214357

[159](21:43:58)[0]-- TIME:20090303-214358

[160](21:43:59)[1]-- TIME:20090303-214359

[161](21:44:00)[2]-- TIME:20090303-214400

[162](21:44:01)[3]-- TIME:20090303-214401

[163](21:44:02)[0]-- TIME:20090303-214402

[164](21:44:03)[1]-- TIME:20090303-214403

[165](21:44:04)[2]-- TIME:20090303-214404

[166](21:44:05)[3]-- TIME:20090303-214405

[167](21:44:06)[0]-- TIME:20090303-214406

[168](21:44:07)[1]-- TIME:20090303-214407

[169](21:44:08)[2]-- TIME:20090303-214408

[170](21:44:09)[3]-- TIME:20090303-214409

[171](21:44:10)[0]-- TIME:20090303-214410

[172](21:44:11)[1]-- TIME:20090303-214411

[173](21:44:12)[2]-- TIME:20090303-214412

[174](21:44:13)[3]-- TIME:20090303-214413

[175](21:44:14)[0]-- TIME:20090303-214414

[176](21:44:15)[1]-- TIME:20090303-214415

[177](21:44:16)[2]-- TIME:20090303-214416

[178](21:44:17)[3]-- TIME:20090303-214417

[179](21:44:18)[0]-- TIME:20090303-214418

[180](21:44:19)[1]-- TIME:20090303-214419

[181](21:44:20)[2]-- TIME:20090303-214420

[182](21:44:21)[3]-- TIME:20090303-214421

[183](21:44:22)[0]-- TIME:20090303-214422

[184](21:44:23)[1]-- TIME:20090303-214423

[185](21:44:24)[2]-- TIME:20090303-214424

[186](21:44:25)[3]-- TIME:20090303-214425

[187](21:44:26)[0]-- TIME:20090303-214426

[188](21:44:27)[1]-- TIME:20090303-214427

[189](21:44:28)[2]-- TIME:20090303-214428

[190](21:44:29)[3]-- TIME:20090303-214429

[191](21:44:30)[0]-- TIME:20090303-214430

[192](21:44:31)[1]-- TIME:20090303-214431

[193](21:44:32)[2]-- TIME:20090303-214432

[194](21:44:33)[3]-- TIME:20090303-214433

[195](21:44:34)[0]-- TIME:20090303-214434

[196](21:44:35)[1]-- TIME:20090303-214435

[197](21:44:36)[2]-- TIME:20090303-214436

[198](21:44:37)[3]-- TIME:20090303-214437

[199](21:44:38)[0]-- TIME:20090303-214438

[200](21:44:39)[1]-- TIME:20090303-214439

[201](21:44:40)[2]-- TIME:20090303-214440

[202](21:44:41)[3]-- TIME:20090303-214441

[203](21:44:42)[0]-- TIME:20090303-214442

[204](21:44:43)[1]-- TIME:20090303-214443

[205](21:44:44)[2]-- TIME:20090303-214444

[206](21:44:45)[3]-- TIME:20090303-214445

[207](21:44:46)[0]-- TIME:20090303-214446

[208](21:44:47)[1]-- TIME:20090303-214447

[209](21:44:48)[2]-- TIME:20090303-214448

[210](21:44:49)[3]-- TIME:20090303-214449

[211](21:44:50)[0]-- TIME:20090303-214450

[212](21:44:51)[1]-- TIME:20090303-214451

[213](21:44:52)[2]-- TIME:20090303-214452

[214](21:44:53)[3]-- TIME:20090303-214453

[215](21:44:54)[0]-- TIME:20090303-214454

[216](21:44:55)[1]-- TIME:20090303-214455

[217](21:44:56)[2]-- TIME:20090303-214456

[218](21:44:57)[3]-- TIME:20090303-214457

[219](21:44:58)[0]-- TIME:20090303-214458

[220](21:44:59)[1]-- TIME:20090303-214459

[221](21:45:00)[2]-- TIME:20090303-214500

[222](21:45:01)[3]-- TIME:20090303-214501

[223](21:45:02)[0]-- TIME:20090303-214502

[224](21:45:03)[1]-- TIME:20090303-214503

[225](21:45:04)[2]-- TIME:20090303-214504

[226](21:45:05)[3]-- TIME:20090303-214505

[227](21:45:06)[0]-- TIME:20090303-214506

[228](21:45:07)[1]-- TIME:20090303-214507

[229](21:45:08)[2]-- TIME:20090303-214508

[230](21:45:09)[3]-- TIME:20090303-214509

[231](21:45:10)[0]-- TIME:20090303-214510

[232](21:45:11)[1]-- TIME:20090303-214511

[233](21:45:12)[2]-- TIME:20090303-214512

[234](21:45:13)[3]-- TIME:20090303-214513

[235](21:45:14)[0]-- TIME:20090303-214514

[236](21:45:15)[1]-- TIME:20090303-214515

[237](21:45:16)[2]-- TIME:20090303-214516

[238](21:45:17)[3]-- TIME:20090303-214517

[239](21:45:18)[0]-- TIME:20090303-214518

[240](21:45:19)[1]-- TIME:20090303-214519

[241](21:45:20)[2]-- TIME:20090303-214520

[242](21:45:21)[3]-- TIME:20090303-214521

[243](21:45:22)[0]-- TIME:20090303-214522

[244](21:45:23)[1]-- TIME:20090303-214523

[245](21:45:24)[2]-- TIME:20090303-214524

[246](21:45:25)[3]-- TIME:20090303-214525

[247](21:45:26)[0]-- TIME:20090303-214526

[248](21:45:27)[1]-- TIME:20090303-214527

[249](21:45:28)[2]-- TIME:20090303-214528

[250](21:45:29)[3]-- TIME:20090303-214529

[251](21:45:29)10.23.128.24: Timeout
[252](21:45:30)[0]-- TIME:20090303-214530

[253](21:45:31)[1]-- TIME:20090303-214531

[254](21:45:32)[2]-- TIME:20090303-214532

[255](21:45:33)[3]-- TIME:20090303-214533

[256](21:45:34)[0]-- TIME:20090303-214534

[257](21:45:35)[1]-- TIME:20090303-214535

[258](21:45:36)[2]-- TIME:20090303-214536

[259](21:45:37)[3]-- TIME:20090303-214537

[260](21:45:38)[0]-- TIME:20090303-214538

[261](21:45:39)[1]-- TIME:20090303-214539

[262](21:45:40)[2]-- TIME:20090303-214540

[263](21:45:41)[3]-- TIME:20090303-214541

[264](21:45:42)[0]-- TIME:20090303-214542

[265](21:45:43)[1]-- TIME:20090303-214543

[266](21:45:44)[2]-- TIME:20090303-214544

[267](21:45:45)[3]-- TIME:20090303-214545

[268](21:45:46)[0]-- TIME:20090303-214546

[269](21:45:47)[1]-- TIME:20090303-214547

[270](21:45:48)[2]-- TIME:20090303-214548

[271](21:45:49)[3]-- TIME:20090303-214549

[272](21:45:50)[0]-- TIME:20090303-214550

[273](21:45:51)[1]-- TIME:20090303-214551

[274](21:45:52)[2]-- TIME:20090303-214552

[275](21:45:53)[3]-- TIME:20090303-214553

[276](21:45:54)[0]-- TIME:20090303-214554

[277](21:45:55)[1]-- TIME:20090303-214555

[278](21:45:57)[2]-- TIME:20090303-214557

[279](21:45:58)[3]-- TIME:20090303-214558

[280](21:45:59)[0]-- TIME:20090303-214559

[281](21:46:00)[1]-- TIME:20090303-214600

[282](21:46:01)[2]-- TIME:20090303-214601

[283](21:46:02)[3]-- TIME:20090303-214602

[284](21:46:03)[0]-- TIME:20090303-214603

[285](21:46:04)[1]-- TIME:20090303-214604

[286](21:46:05)[2]-- TIME:20090303-214605

[287](21:46:06)[3]-- TIME:20090303-214606

[288](21:46:07)[0]-- TIME:20090303-214607

[289](21:46:08)[1]-- TIME:20090303-214608

[290](21:46:09)[2]-- TIME:20090303-214609

[291](21:46:10)[3]-- TIME:20090303-214610

[292](21:46:11)[0]-- TIME:20090303-214611

[293](21:46:12)[1]-- TIME:20090303-214612

[294](21:46:13)[2]-- TIME:20090303-214613

[295](21:46:14)[3]-- TIME:20090303-214614

[296](21:46:15)[0]-- TIME:20090303-214615

[297](21:46:16)[1]-- TIME:20090303-214616

[298](21:46:17)[2]-- TIME:20090303-214617

[299](21:46:18)[3]-- TIME:20090303-214618

[300](21:46:19)[0]-- TIME:20090303-214619

[301](21:46:20)[1]-- TIME:20090303-214620

[302](21:46:21)[2]-- TIME:20090303-214621

[303](21:46:22)[3]-- TIME:20090303-214622

[304](21:46:23)[0]-- TIME:20090303-214623

[305](21:46:24)[1]-- TIME:20090303-214624

[306](21:46:25)[2]-- TIME:20090303-214625

[307](21:46:26)[3]-- TIME:20090303-214626

[308](21:46:27)[0]-- TIME:20090303-214627

[309](21:46:28)[1]-- TIME:20090303-214628

[310](21:46:29)[2]-- TIME:20090303-214629

[311](21:46:30)[3]-- TIME:20090303-214630

[312](21:46:31)[0]-- TIME:20090303-214631

[313](21:46:32)[1]-- TIME:20090303-214632

[314](21:46:33)[2]-- TIME:20090303-214633

[315](21:46:34)[3]-- TIME:20090303-214634

[316](21:46:35)[0]-- TIME:20090303-214635

[317](21:46:36)[1]-- TIME:20090303-214636

[318](21:46:37)[2]-- TIME:20090303-214637

[319](21:46:38)[3]-- TIME:20090303-214638

[320](21:46:39)[0]-- TIME:20090303-214639

[321](21:46:40)[1]-- TIME:20090303-214640

[322](21:46:41)[2]-- TIME:20090303-214641

[323](21:46:42)[3]-- TIME:20090303-214642

[324](21:46:43)[0]-- TIME:20090303-214643

[325](21:46:44)[1]-- TIME:20090303-214644

[326](21:46:45)[2]-- TIME:20090303-214645

[327](21:46:46)[3]-- TIME:20090303-214646

[328](21:46:47)[0]-- TIME:20090303-214647

[329](21:46:48)[1]-- TIME:20090303-214648

[330](21:46:49)[2]-- TIME:20090303-214649

[331](21:46:50)[3]-- TIME:20090303-214650

[332](21:46:51)[0]-- TIME:20090303-214651

[333](21:46:52)[1]-- TIME:20090303-214652

[334](21:46:53)[2]-- TIME:20090303-214653

[335](21:46:54)[3]-- TIME:20090303-214654

[336](21:46:55)[0]-- TIME:20090303-214655

[337](21:46:56)[1]-- TIME:20090303-214656

[338](21:46:57)[2]-- TIME:20090303-214657

[339](21:46:58)[3]-- TIME:20090303-214658

[340](21:46:59)[0]-- TIME:20090303-214659

[341](21:47:00)[1]-- TIME:20090303-214700

[342](21:47:01)[2]-- TIME:20090303-214701

[343](21:47:02)[3]-- TIME:20090303-214702

[344](21:47:03)[0]-- TIME:20090303-214703

[345](21:47:04)[1]-- TIME:20090303-214704

[346](21:47:05)[2]-- TIME:20090303-214705

[347](21:47:06)[3]-- TIME:20090303-214706

[348](21:47:07)[0]-- TIME:20090303-214707

[349](21:47:08)[1]-- TIME:20090303-214708

[350](21:47:09)[2]-- TIME:20090303-214709

[351](21:47:10)[3]-- TIME:20090303-214710

[352](21:47:11)[0]-- TIME:20090303-214711

[353](21:47:12)[1]-- TIME:20090303-214712

[354](21:47:13)[2]-- TIME:20090303-214713

[355](21:47:14)[3]-- TIME:20090303-214714

[356](21:47:15)[0]-- TIME:20090303-214715

[357](21:47:16)[1]-- TIME:20090303-214716

[358](21:47:17)[2]-- TIME:20090303-214717

[359](21:47:18)[3]-- TIME:20090303-214718

[360](21:47:19)[0]-- TIME:20090303-214719

[361](21:47:20)[1]-- TIME:20090303-214720

[362](21:47:21)[2]-- TIME:20090303-214721

[363](21:47:22)[3]-- TIME:20090303-214722

[364](21:47:48)[0]-- TIME:20090303-214748

[365](21:47:49)[1]-- TIME:20090303-214749

[366](21:47:50)[2]-- TIME:20090303-214750

[367](21:47:51)[3]-- TIME:20090303-214751

[368](21:47:51)10.23.128.24: Timeout
[369](21:47:52)[0]-- TIME:20090303-214752

[370](21:47:53)[1]-- TIME:20090303-214753

[371](21:47:54)[2]-- TIME:20090303-214754

[372](21:47:55)[3]-- TIME:20090303-214755

[373](21:47:55)10.23.128.24: Timeout
[374](21:47:56)[0]-- TIME:20090303-214756

[375](21:47:57)[1]-- TIME:20090303-214757

[376](21:47:58)[2]-- TIME:20090303-214758

[377](21:47:59)[3]-- TIME:20090303-214759

[378](21:48:00)[0]-- TIME:20090303-214800

[379](21:48:01)[1]-- TIME:20090303-214801

[380](21:48:02)[2]-- TIME:20090303-214802

[381](21:48:03)[3]-- TIME:20090303-214803

[382](21:48:04)[0]-- TIME:20090303-214804

[383](21:48:05)[1]-- TIME:20090303-214805

[384](21:48:06)[2]-- TIME:20090303-214806

[385](21:48:07)[3]-- TIME:20090303-214807

[386](21:48:08)[0]-- TIME:20090303-214808

[387](21:48:09)[1]-- TIME:20090303-214809

[388](21:48:10)[2]-- TIME:20090303-214810

[389](21:48:11)[3]-- TIME:20090303-214811

[390](21:48:12)[0]-- TIME:20090303-214812

[391](21:48:13)[1]-- TIME:20090303-214813

[392](21:48:14)[2]-- TIME:20090303-214814

[393](21:48:15)[3]-- TIME:20090303-214815

[394](21:48:16)[0]-- TIME:20090303-214816

[395](21:48:17)[1]-- TIME:20090303-214817

[396](21:48:18)[2]-- TIME:20090303-214818

[397](21:48:19)[3]-- TIME:20090303-214819

[398](21:48:20)[0]-- TIME:20090303-214820

[399](21:48:21)[1]-- TIME:20090303-214821

[400](21:48:22)[2]-- TIME:20090303-214822

[401](21:48:23)[3]-- TIME:20090303-214823

[402](21:48:24)[0]-- TIME:20090303-214824

[403](21:48:25)[1]-- TIME:20090303-214825

[404](21:48:26)[2]-- TIME:20090303-214826

[405](21:48:27)[3]-- TIME:20090303-214827

[406](21:48:28)[0]-- TIME:20090303-214828

[407](21:48:29)[1]-- TIME:20090303-214829

[408](21:48:30)[2]-- TIME:20090303-214830

[409](21:48:31)[3]-- TIME:20090303-214831

[410](21:48:32)[0]-- TIME:20090303-214832

[411](21:48:33)[1]-- TIME:20090303-214833

[412](21:48:34)[2]-- TIME:20090303-214834

[413](21:48:35)[3]-- TIME:20090303-214835

[414](21:48:36)[0]-- TIME:20090303-214836

[415](21:48:37)[1]-- TIME:20090303-214837

[416](21:48:38)[2]-- TIME:20090303-214838

[417](21:48:39)[3]-- TIME:20090303-214839

[418](21:48:40)[0]-- TIME:20090303-214840

[419](21:48:41)[1]-- TIME:20090303-214841

[420](21:48:42)[2]-- TIME:20090303-214842

[421](21:48:43)[3]-- TIME:20090303-214843

[422](21:48:44)[0]-- TIME:20090303-214844

[423](21:48:45)[1]-- TIME:20090303-214845

[424](21:48:46)[2]-- TIME:20090303-214846

[425](21:48:47)[3]-- TIME:20090303-214847

[426](21:48:48)[0]-- TIME:20090303-214848

[427](21:48:49)[1]-- TIME:20090303-214849

[428](21:48:50)[2]-- TIME:20090303-214850

[429](21:48:51)[3]-- TIME:20090303-214851

[430](21:48:52)[0]-- TIME:20090303-214852

[431](21:48:53)[1]-- TIME:20090303-214853

[432](21:48:54)[2]-- TIME:20090303-214854

[433](21:48:55)[3]-- TIME:20090303-214855

[434](21:48:56)[0]-- TIME:20090303-214856

[435](21:48:57)[1]-- TIME:20090303-214857

[436](21:48:58)[2]-- TIME:20090303-214858

[437](21:48:59)[3]-- TIME:20090303-214859

[438](21:49:00)[0]-- TIME:20090303-214900

[439](21:49:01)[1]-- TIME:20090303-214901

[440](21:49:02)[2]-- TIME:20090303-214902

[441](21:49:03)[3]-- TIME:20090303-214903

[442](21:49:04)[0]-- TIME:20090303-214904

[443](21:49:05)[1]-- TIME:20090303-214905

[444](21:49:06)[2]-- TIME:20090303-214906

[445](21:49:07)[3]-- TIME:20090303-214907

[446](21:49:08)[0]-- TIME:20090303-214908

[447](21:49:09)[1]-- TIME:20090303-214909

[448](21:49:10)[2]-- TIME:20090303-214910

[449](21:49:11)[3]-- TIME:20090303-214911

[450](21:49:12)[0]-- TIME:20090303-214912

[451](21:49:13)[1]-- TIME:20090303-214913

[452](21:49:14)[2]-- TIME:20090303-214914

[453](21:49:15)[3]-- TIME:20090303-214915

[454](21:49:16)[0]-- TIME:20090303-214916

[455](21:49:17)[1]-- TIME:20090303-214917

[456](21:49:18)[2]-- TIME:20090303-214918

[457](21:49:19)[3]-- TIME:20090303-214919

[458](21:49:20)[0]-- TIME:20090303-214920

[459](21:49:21)[1]-- TIME:20090303-214921

[460](21:49:22)[2]-- TIME:20090303-214922

[461](21:49:23)[3]-- TIME:20090303-214923

[462](21:49:24)[0]-- TIME:20090303-214924

[463](21:49:25)[1]-- TIME:20090303-214925

[464](21:49:26)[2]-- TIME:20090303-214926

[465](21:49:27)[3]-- TIME:20090303-214927

[466](21:49:28)[0]-- TIME:20090303-214928

[467](21:49:29)[1]-- TIME:20090303-214929

[468](21:49:30)[2]-- TIME:20090303-214930

[469](21:49:31)[3]-- TIME:20090303-214931

[470](21:49:32)[0]-- TIME:20090303-214932

[471](21:49:33)[1]-- TIME:20090303-214933

[472](21:49:34)[2]-- TIME:20090303-214934

[473](21:49:35)[3]-- TIME:20090303-214935

[474](21:49:36)[0]-- TIME:20090303-214936

[475](21:49:37)[1]-- TIME:20090303-214937

[476](21:49:38)[2]-- TIME:20090303-214938

[477](21:49:39)[3]-- TIME:20090303-214939

[478](21:49:40)[0]-- TIME:20090303-214940

[479](21:49:41)[1]-- TIME:20090303-214941

[480](21:49:42)[2]-- TIME:20090303-214942

[481](21:49:43)[3]-- TIME:20090303-214943

[482](21:49:44)[0]-- TIME:20090303-214944

[483](21:49:45)[1]-- TIME:20090303-214945

[484](21:49:46)[2]-- TIME:20090303-214946

[485](21:49:47)[3]-- TIME:20090303-214947

[486](21:49:48)[0]-- TIME:20090303-214948

[487](21:49:49)[1]-- TIME:20090303-214949

[488](21:49:50)[2]-- TIME:20090303-214950

[489](21:49:51)[3]-- TIME:20090303-214951

[490](21:49:52)[0]-- TIME:20090303-214952

[491](21:49:53)[1]-- TIME:20090303-214953

[492](21:49:54)[2]-- TIME:20090303-214954

[493](21:49:55)[3]-- TIME:20090303-214955

[494](21:49:56)[0]-- TIME:20090303-214956

[495](21:49:57)[1]-- TIME:20090303-214957

[496](21:49:58)[2]-- TIME:20090303-214958

[497](21:49:59)[3]-- TIME:20090303-214959

[498](21:50:00)[0]-- TIME:20090303-215000

[499](21:50:01)[1]-- TIME:20090303-215001

[500](21:50:02)[2]-- TIME:20090303-215002

[501](21:50:03)[3]-- TIME:20090303-215003

[502](21:50:04)[0]-- TIME:20090303-215004

[503](21:50:05)[1]-- TIME:20090303-215005

[504](21:50:06)[2]-- TIME:20090303-215006

[505](21:50:07)[3]-- TIME:20090303-215007

[506](21:50:08)[0]-- TIME:20090303-215008

[507](21:50:09)[1]-- TIME:20090303-215009

[508](21:50:10)[2]-- TIME:20090303-215010

[509](21:50:11)[3]-- TIME:20090303-215011

[510](21:50:12)[0]-- TIME:20090303-215012

[511](21:50:13)[1]-- TIME:20090303-215013

[512](21:50:14)[2]-- TIME:20090303-215014

[513](21:50:15)[3]-- TIME:20090303-215015

[514](21:50:16)[0]-- TIME:20090303-215016

[515](21:50:17)[1]-- TIME:20090303-215017

[516](21:50:18)[2]-- TIME:20090303-215018

[517](21:50:19)[3]-- TIME:20090303-215019

[518](21:50:20)[0]-- TIME:20090303-215020

[519](21:50:21)[1]-- TIME:20090303-215021

[520](21:50:22)[2]-- TIME:20090303-215022

[521](21:50:23)[3]-- TIME:20090303-215023

[522](21:50:24)[0]-- TIME:20090303-215024

[523](21:50:25)[1]-- TIME:20090303-215025

[524](21:50:26)[2]-- TIME:20090303-215026

[525](21:50:27)[3]-- TIME:20090303-215027

[526](21:50:28)[0]-- TIME:20090303-215028

[527](21:50:29)[1]-- TIME:20090303-215029

[528](21:50:30)[2]-- TIME:20090303-215030

[529](21:50:31)[3]-- TIME:20090303-215031

[530](21:50:32)[0]-- TIME:20090303-215032

[531](21:50:33)[1]-- TIME:20090303-215033

[532](21:50:34)[2]-- TIME:20090303-215034

[533](21:50:35)[3]-- TIME:20090303-215035

[534](21:50:36)[0]-- TIME:20090303-215036

[535](21:50:37)[1]-- TIME:20090303-215037

[536](21:50:38)[2]-- TIME:20090303-215038

[537](21:50:39)[3]-- TIME:20090303-215039

[538](21:50:40)[0]-- TIME:20090303-215040

[539](21:50:41)[1]-- TIME:20090303-215041

[540](21:50:42)[2]-- TIME:20090303-215042

[541](21:50:43)[3]-- TIME:20090303-215043

[542](21:50:44)[0]-- TIME:20090303-215044

[543](21:50:45)[1]-- TIME:20090303-215045

[544](21:50:46)[2]-- TIME:20090303-215046

[545](21:50:47)[3]-- TIME:20090303-215047

[546](21:50:48)[0]-- TIME:20090303-215048

[547](21:50:49)[1]-- TIME:20090303-215049

[548](21:50:50)[2]-- TIME:20090303-215050

[549](21:50:51)[3]-- TIME:20090303-215051

[550](21:50:52)[0]-- TIME:20090303-215052

[551](21:50:53)[1]-- TIME:20090303-215053

[552](21:50:54)[2]-- TIME:20090303-215054

[553](21:50:55)[3]-- TIME:20090303-215055

[554](21:50:56)[0]-- TIME:20090303-215056

[555](21:50:57)[1]-- TIME:20090303-215057

[556](21:50:58)[2]-- TIME:20090303-215058

[557](21:50:59)[3]-- TIME:20090303-215059

[558](21:51:00)[0]-- TIME:20090303-215100

[559](21:51:01)[1]-- TIME:20090303-215101

[560](21:51:02)[2]-- TIME:20090303-215102

[561](21:51:03)[3]-- TIME:20090303-215103

[562](21:51:04)[0]-- TIME:20090303-215104

[563](21:51:05)[1]-- TIME:20090303-215105

[564](21:51:06)[2]-- TIME:20090303-215106

[565](21:51:07)[3]-- TIME:20090303-215107

[566](21:51:08)[0]-- TIME:20090303-215108

[567](21:51:09)[1]-- TIME:20090303-215109

[568](21:51:10)[2]-- TIME:20090303-215110

[569](21:51:11)[3]-- TIME:20090303-215111

[570](21:51:12)[0]-- TIME:20090303-215112

[571](21:51:13)[1]-- TIME:20090303-215113

[572](21:51:14)[2]-- TIME:20090303-215114

[573](21:51:15)[3]-- TIME:20090303-215115

[574](21:51:16)[0]-- TIME:20090303-215116

[575](21:51:17)[1]-- TIME:20090303-215117

[576](21:51:18)[2]-- TIME:20090303-215118

[577](21:51:19)[3]-- TIME:20090303-215119

[578](21:51:20)[0]-- TIME:20090303-215120

[579](21:51:21)[1]-- TIME:20090303-215121

[580](21:51:22)[2]-- TIME:20090303-215122

[581](21:51:23)[3]-- TIME:20090303-215123

[582](21:51:24)[0]-- TIME:20090303-215124

[583](21:51:25)[1]-- TIME:20090303-215125

[584](21:51:26)[2]-- TIME:20090303-215126

[585](21:51:27)[3]-- TIME:20090303-215127

[586](21:51:28)[0]-- TIME:20090303-215128

[587](21:51:29)[1]-- TIME:20090303-215129

[588](21:51:30)[2]-- TIME:20090303-215130

[589](21:51:31)[3]-- TIME:20090303-215131

[590](21:51:32)[0]-- TIME:20090303-215132

[591](21:51:33)[1]-- TIME:20090303-215133

[592](21:51:34)[2]-- TIME:20090303-215134

[593](21:51:35)[3]-- TIME:20090303-215135

[594](21:51:36)[0]-- TIME:20090303-215136

[595](21:51:37)[1]-- TIME:20090303-215137

[596](21:51:38)[2]-- TIME:20090303-215138

[597](21:51:39)[3]-- TIME:20090303-215139

[598](21:51:40)[0]-- TIME:20090303-215140

[599](21:51:41)[1]-- TIME:20090303-215141

[600](21:51:42)[2]-- TIME:20090303-215142

[601](21:51:43)[3]-- TIME:20090303-215143

[602](21:51:44)[0]-- TIME:20090303-215144

[603](21:51:45)[1]-- TIME:20090303-215145

[604](21:51:46)[2]-- TIME:20090303-215146

[605](21:51:47)[3]-- TIME:20090303-215147

[606](21:51:48)[0]-- TIME:20090303-215148

[607](21:51:49)[1]-- TIME:20090303-215149

[608](21:51:50)[2]-- TIME:20090303-215150

[609](21:51:51)[3]-- TIME:20090303-215151

[610](21:51:52)[0]-- TIME:20090303-215152

[611](21:51:53)[1]-- TIME:20090303-215153

[612](21:51:54)[2]-- TIME:20090303-215154

[613](21:51:55)[3]-- TIME:20090303-215155

[614](21:51:56)[0]-- TIME:20090303-215156

[615](21:51:57)[1]-- TIME:20090303-215157

[616](21:51:58)[2]-- TIME:20090303-215158

[617](21:51:59)[3]-- TIME:20090303-215159

[618](21:52:00)[0]-- TIME:20090303-215200

[619](21:52:01)[1]-- TIME:20090303-215201

[620](21:52:02)[2]-- TIME:20090303-215202

[621](21:52:03)[3]-- TIME:20090303-215203

[622](21:52:04)[0]-- TIME:20090303-215204

[623](21:52:05)[1]-- TIME:20090303-215205

[624](21:52:06)[2]-- TIME:20090303-215206

[625](21:52:07)[3]-- TIME:20090303-215207

[626](21:52:08)[0]-- TIME:20090303-215208

[627](21:52:09)[1]-- TIME:20090303-215209

[628](21:52:10)[2]-- TIME:20090303-215210

[629](21:52:11)[3]-- TIME:20090303-215211

[630](21:52:12)[0]-- TIME:20090303-215212

[631](21:52:13)[1]-- TIME:20090303-215213

[632](21:52:14)[2]-- TIME:20090303-215214

[633](21:52:15)[3]-- TIME:20090303-215215

[634](21:52:16)[0]-- TIME:20090303-215216

[635](21:52:17)[1]-- TIME:20090303-215217

[636](21:52:18)[2]-- TIME:20090303-215218

[637](21:52:19)[3]-- TIME:20090303-215219

[638](21:52:20)[0]-- TIME:20090303-215220

[639](21:52:21)[1]-- TIME:20090303-215221

[640](21:52:22)[2]-- TIME:20090303-215222

[641](21:52:23)[3]-- TIME:20090303-215223

[642](21:52:24)[0]-- TIME:20090303-215224

[643](21:52:25)[1]-- TIME:20090303-215225

[644](21:52:26)[2]-- TIME:20090303-215226

[645](21:52:27)[3]-- TIME:20090303-215227

[646](21:52:28)[0]-- TIME:20090303-215228

[647](21:52:29)[1]-- TIME:20090303-215229

[648](21:52:30)[2]-- TIME:20090303-215230

[649](21:52:31)[3]-- TIME:20090303-215231

[650](21:52:32)[0]-- TIME:20090303-215232

[651](21:52:33)[1]-- TIME:20090303-215233

[652](21:52:34)[2]-- TIME:20090303-215234

[653](21:52:35)[3]-- TIME:20090303-215235

[654](21:52:36)[0]-- TIME:20090303-215236

[655](21:52:37)[1]-- TIME:20090303-215237

[656](21:52:38)[2]-- TIME:20090303-215238

[657](21:52:39)[3]-- TIME:20090303-215239

[658](21:52:40)[0]-- TIME:20090303-215240

[659](21:52:41)[1]-- TIME:20090303-215241

[660](21:52:42)[2]-- TIME:20090303-215242

[661](21:52:43)[3]-- TIME:20090303-215243

[662](21:52:44)[0]-- TIME:20090303-215244

[663](21:52:45)[1]-- TIME:20090303-215245

[664](21:52:46)[2]-- TIME:20090303-215246

[665](21:52:47)[3]-- TIME:20090303-215247

[666](21:52:48)[0]-- TIME:20090303-215248

[667](21:52:49)[1]-- TIME:20090303-215249

[668](21:52:50)[2]-- TIME:20090303-215250

[669](21:52:51)[3]-- TIME:20090303-215251

[670](21:52:52)[0]-- TIME:20090303-215252

[671](21:52:53)[1]-- TIME:20090303-215253

[672](21:52:54)[2]-- TIME:20090303-215254

[673](21:52:55)[3]-- TIME:20090303-215255

[674](21:52:56)[0]-- TIME:20090303-215256

[675](21:52:57)[1]-- TIME:20090303-215257

[676](21:52:58)[2]-- TIME:20090303-215258

[677](21:52:59)[3]-- TIME:20090303-215259

[678](21:53:00)[0]-- TIME:20090303-215300

[679](21:53:01)[1]-- TIME:20090303-215301

[680](21:53:02)[2]-- TIME:20090303-215302

[681](21:53:03)[3]-- TIME:20090303-215303

[682](21:53:04)[0]-- TIME:20090303-215304

[683](21:53:05)[1]-- TIME:20090303-215305

[684](21:53:06)[2]-- TIME:20090303-215306

[685](21:53:07)[3]-- TIME:20090303-215307

[686](21:53:08)[0]-- TIME:20090303-215308

[687](21:53:09)[1]-- TIME:20090303-215309

[688](21:53:10)[2]-- TIME:20090303-215310

[689](21:53:11)[3]-- TIME:20090303-215311

[690](21:53:12)[0]-- TIME:20090303-215312

[691](21:53:13)[1]-- TIME:20090303-215313

[692](21:53:14)[2]-- TIME:20090303-215314

[693](21:53:15)[3]-- TIME:20090303-215315

[694](21:53:16)[0]-- TIME:20090303-215316

[695](21:53:17)[1]-- TIME:20090303-215317

[696](21:53:18)[2]-- TIME:20090303-215318

[697](21:53:19)[3]-- TIME:20090303-215319

[698](21:53:20)[0]-- TIME:20090303-215320

[699](21:53:21)[1]-- TIME:20090303-215321

[700](21:53:22)[2]-- TIME:20090303-215322

[701](21:53:23)[3]-- TIME:20090303-215323

[702](21:53:24)[0]-- TIME:20090303-215324

[703](21:53:25)[1]-- TIME:20090303-215325

[704](21:53:26)[2]-- TIME:20090303-215326

[705](21:53:27)[3]-- TIME:20090303-215327

[706](21:53:28)[0]-- TIME:20090303-215328

[707](21:53:29)[1]-- TIME:20090303-215329

[708](21:53:30)[2]-- TIME:20090303-215330

[709](21:53:31)[3]-- TIME:20090303-215331

[710](21:53:32)[0]-- TIME:20090303-215332

[711](21:53:33)[1]-- TIME:20090303-215333

[712](21:53:34)[2]-- TIME:20090303-215334

[713](21:53:35)[3]-- TIME:20090303-215335

[714](21:53:36)[0]-- TIME:20090303-215336

[715](21:53:37)[1]-- TIME:20090303-215337

[716](21:53:38)[2]-- TIME:20090303-215338

[717](21:53:39)[3]-- TIME:20090303-215339

[718](21:53:40)[0]-- TIME:20090303-215340

[719](21:53:41)[1]-- TIME:20090303-215341

[720](21:53:42)[2]-- TIME:20090303-215342

[721](21:53:43)[3]-- TIME:20090303-215343

[722](21:53:44)[0]-- TIME:20090303-215344

[723](21:53:45)[1]-- TIME:20090303-215345

[724](21:53:46)[2]-- TIME:20090303-215346

[725](21:53:47)[3]-- TIME:20090303-215347

[726](21:53:48)[0]-- TIME:20090303-215348

[727](21:53:49)[1]-- TIME:20090303-215349

[728](21:53:50)[2]-- TIME:20090303-215350

[729](21:53:51)[3]-- TIME:20090303-215351

[730](21:53:52)[0]-- TIME:20090303-215352

[731](21:53:53)[1]-- TIME:20090303-215353

[732](21:53:54)[2]-- TIME:20090303-215354

[733](21:53:55)[3]-- TIME:20090303-215355

[734](21:53:56)[0]-- TIME:20090303-215356

[735](21:53:57)[1]-- TIME:20090303-215357

[736](21:53:58)[2]-- TIME:20090303-215358

[737](21:53:59)[3]-- TIME:20090303-215359

[738](21:54:00)[0]-- TIME:20090303-215400

[739](21:54:01)[1]-- TIME:20090303-215401

[740](21:54:02)[2]-- TIME:20090303-215402

[741](21:54:03)[3]-- TIME:20090303-215403

[742](21:54:04)[0]-- TIME:20090303-215404

[743](21:54:05)[1]-- TIME:20090303-215405

[744](21:54:06)[2]-- TIME:20090303-215406

[745](21:54:07)[3]-- TIME:20090303-215407

[746](21:54:08)[0]-- TIME:20090303-215408

[747](21:54:09)[1]-- TIME:20090303-215409

[748](21:54:10)[2]-- TIME:20090303-215410

[749](21:54:11)[3]-- TIME:20090303-215411

[750](21:54:12)[0]-- TIME:20090303-215412

[751](21:54:13)[1]-- TIME:20090303-215413

[752](21:54:14)[2]-- TIME:20090303-215414

[753](21:54:15)[3]-- TIME:20090303-215415

[754](21:54:16)[0]-- TIME:20090303-215416

[755](21:54:17)[1]-- TIME:20090303-215417

[756](21:54:18)[2]-- TIME:20090303-215418

[757](21:54:19)[3]-- TIME:20090303-215419

[758](21:54:20)[0]-- TIME:20090303-215420

[759](21:54:21)[1]-- TIME:20090303-215421

[760](21:54:22)[2]-- TIME:20090303-215422

[761](21:54:23)[3]-- TIME:20090303-215423

[762](21:54:24)[0]-- TIME:20090303-215424

[763](21:54:25)[1]-- TIME:20090303-215425

[764](21:54:26)[2]-- TIME:20090303-215426

[765](21:54:27)[3]-- TIME:20090303-215427

[766](21:54:28)[0]-- TIME:20090303-215428

[767](21:54:29)[1]-- TIME:20090303-215429

[768](21:54:30)[2]-- TIME:20090303-215430

[769](21:54:31)[3]-- TIME:20090303-215431

[770](21:54:32)[0]-- TIME:20090303-215432

[771](21:54:33)[1]-- TIME:20090303-215433

[772](21:54:34)[2]-- TIME:20090303-215434

[773](21:54:35)[3]-- TIME:20090303-215435

[774](21:54:36)[0]-- TIME:20090303-215436

[775](21:54:37)[1]-- TIME:20090303-215437

[776](21:54:38)[2]-- TIME:20090303-215438

[777](21:54:39)[3]-- TIME:20090303-215439

[778](21:54:40)[0]-- TIME:20090303-215440

[779](21:54:41)[1]-- TIME:20090303-215441

[780](21:54:42)[2]-- TIME:20090303-215442

[781](21:54:43)[3]-- TIME:20090303-215443

[782](21:54:44)[0]-- TIME:20090303-215444

[783](21:54:45)[1]-- TIME:20090303-215445

[784](21:54:46)[2]-- TIME:20090303-215446

[785](21:54:47)[3]-- TIME:20090303-215447

[786](21:54:48)[0]-- TIME:20090303-215448

[787](21:54:49)[1]-- TIME:20090303-215449

[788](21:54:50)[2]-- TIME:20090303-215450

[789](21:54:51)[3]-- TIME:20090303-215451

[790](21:54:52)[0]-- TIME:20090303-215452

[791](21:54:53)[1]-- TIME:20090303-215453

[792](21:54:54)[2]-- TIME:20090303-215454

[793](21:54:55)[3]-- TIME:20090303-215455

[794](21:54:56)[0]-- TIME:20090303-215456

[795](21:54:57)[1]-- TIME:20090303-215457

[796](21:54:58)[2]-- TIME:20090303-215458

[797](21:54:59)[3]-- TIME:20090303-215459

[798](21:55:00)[0]-- TIME:20090303-215500

[799](21:55:01)[1]-- TIME:20090303-215501

[800](21:55:02)[2]-- TIME:20090303-215502

[801](21:55:03)[3]-- TIME:20090303-215503

[802](21:55:04)[0]-- TIME:20090303-215504

[803](21:55:05)[1]-- TIME:20090303-215505

[804](21:55:06)[2]-- TIME:20090303-215506

[805](21:55:07)[3]-- TIME:20090303-215507

[806](21:55:08)[0]-- TIME:20090303-215508

[807](21:55:09)[1]-- TIME:20090303-215509

[808](21:55:10)[2]-- TIME:20090303-215510

[809](21:55:11)[3]-- TIME:20090303-215511

[810](21:55:12)[0]-- TIME:20090303-215512

[811](21:55:13)[1]-- TIME:20090303-215513

[812](21:55:14)[2]-- TIME:20090303-215514

[813](21:55:15)[3]-- TIME:20090303-215515

[814](21:55:16)[0]-- TIME:20090303-215516

[815](21:55:17)[1]-- TIME:20090303-215517

[816](21:55:18)[2]-- TIME:20090303-215518

[817](21:55:19)[3]-- TIME:20090303-215519

[818](21:55:20)[0]-- TIME:20090303-215520

[819](21:55:21)[1]-- TIME:20090303-215521

[820](21:55:22)[2]-- TIME:20090303-215522

[821](21:55:23)[3]-- TIME:20090303-215523

[822](21:55:24)[0]-- TIME:20090303-215524

[823](21:55:25)[1]-- TIME:20090303-215525

[824](21:55:26)[2]-- TIME:20090303-215526

[825](21:55:27)[3]-- TIME:20090303-215527

[826](21:55:28)[0]-- TIME:20090303-215528

[827](21:55:29)[1]-- TIME:20090303-215529

[828](21:55:30)[2]-- TIME:20090303-215530

[829](21:55:31)[3]-- TIME:20090303-215531

[830](21:55:32)[0]-- TIME:20090303-215532

[831](21:55:33)[1]-- TIME:20090303-215533

[832](21:55:34)[2]-- TIME:20090303-215534

[833](21:55:35)[3]-- TIME:20090303-215535

[834](21:55:36)[0]-- TIME:20090303-215536

[835](21:55:37)[1]-- TIME:20090303-215537

[836](21:55:38)[2]-- TIME:20090303-215538

[837](21:55:39)[3]-- TIME:20090303-215539

[838](21:55:40)[0]-- TIME:20090303-215540

[839](21:55:41)[1]-- TIME:20090303-215541

[840](21:55:42)[2]-- TIME:20090303-215542

[841](21:55:43)[3]-- TIME:20090303-215543

[842](21:55:44)[0]-- TIME:20090303-215544

[843](21:55:45)[1]-- TIME:20090303-215545

[844](21:55:46)[2]-- TIME:20090303-215546

[845](21:55:47)[3]-- TIME:20090303-215547

[846](21:55:48)[0]-- TIME:20090303-215548

[847](21:55:49)[1]-- TIME:20090303-215549

[848](21:55:50)[2]-- TIME:20090303-215550

[849](21:55:51)[3]-- TIME:20090303-215551

[850](21:55:52)[0]-- TIME:20090303-215552

[851](21:55:53)[1]-- TIME:20090303-215553

[852](21:55:54)[2]-- TIME:20090303-215554

[853](21:55:55)[3]-- TIME:20090303-215555

[854](21:55:56)[0]-- TIME:20090303-215556

[855](21:55:57)[1]-- TIME:20090303-215557

[856](21:55:58)[2]-- TIME:20090303-215558

[857](21:55:59)[3]-- TIME:20090303-215559

[858](21:56:00)[0]-- TIME:20090303-215600

[859](21:56:01)[1]-- TIME:20090303-215601

[860](21:56:02)[2]-- TIME:20090303-215602

[861](21:56:03)[3]-- TIME:20090303-215603

[862](21:56:04)[0]-- TIME:20090303-215604

[863](21:56:05)[1]-- TIME:20090303-215605

[864](21:56:06)[2]-- TIME:20090303-215606

[865](21:56:07)[3]-- TIME:20090303-215607

[866](21:56:08)[0]-- TIME:20090303-215608

[867](21:56:09)[1]-- TIME:20090303-215609

[868](21:56:10)[2]-- TIME:20090303-215610

[869](21:56:11)[3]-- TIME:20090303-215611

[870](21:56:12)[0]-- TIME:20090303-215612

[871](21:56:13)[1]-- TIME:20090303-215613

[872](21:56:14)[2]-- TIME:20090303-215614

[873](21:56:15)[3]-- TIME:20090303-215615

[874](21:56:16)[0]-- TIME:20090303-215616

[875](21:56:17)[1]-- TIME:20090303-215617

[876](21:56:18)[2]-- TIME:20090303-215618

[877](21:56:19)[3]-- TIME:20090303-215619

[878](21:56:20)[0]-- TIME:20090303-215620

[879](21:56:21)[1]-- TIME:20090303-215621

[880](21:56:22)[2]-- TIME:20090303-215622

[881](21:56:23)[3]-- TIME:20090303-215623

[882](21:56:24)[0]-- TIME:20090303-215624

[883](21:56:25)[1]-- TIME:20090303-215625

[884](21:56:26)[2]-- TIME:20090303-215626

[885](21:56:27)[3]-- TIME:20090303-215627

[886](21:56:28)[0]-- TIME:20090303-215628

[887](21:56:29)[1]-- TIME:20090303-215629

[888](21:56:30)[2]-- TIME:20090303-215630

[889](21:56:31)[3]-- TIME:20090303-215631

[890](21:56:32)[0]-- TIME:20090303-215632

[891](21:56:33)[1]-- TIME:20090303-215633

[892](21:56:34)[2]-- TIME:20090303-215634

[893](21:56:35)[3]-- TIME:20090303-215635

[894](21:56:36)[0]-- TIME:20090303-215636

[895](21:56:37)[1]-- TIME:20090303-215637

[896](21:56:38)[2]-- TIME:20090303-215638

[897](21:56:39)[3]-- TIME:20090303-215639

[898](21:56:40)[0]-- TIME:20090303-215640

[899](21:56:41)[1]-- TIME:20090303-215641

[900](21:56:42)[2]-- TIME:20090303-215642

[901](21:56:43)[3]-- TIME:20090303-215643

[902](21:56:44)[0]-- TIME:20090303-215644

[903](21:56:45)[1]-- TIME:20090303-215645

[904](21:56:46)[2]-- TIME:20090303-215646

[905](21:56:47)[3]-- TIME:20090303-215647

[906](21:56:48)[0]-- TIME:20090303-215648

[907](21:56:49)[1]-- TIME:20090303-215649

[908](21:56:50)[2]-- TIME:20090303-215650

[909](21:56:51)[3]-- TIME:20090303-215651

[910](21:56:52)[0]-- TIME:20090303-215652

[911](21:56:53)[1]-- TIME:20090303-215653

[912](21:56:54)[2]-- TIME:20090303-215654

[913](21:56:55)[3]-- TIME:20090303-215655

[914](21:56:55)10.23.128.24: Timeout
[915](21:56:56)[0]-- TIME:20090303-215656

[916](21:56:57)[1]-- TIME:20090303-215657

[917](21:56:58)[2]-- TIME:20090303-215658

[918](21:56:59)[3]-- TIME:20090303-215659

[919](21:56:59)10.23.128.24: Timeout
[920](21:57:00)[0]-- TIME:20090303-215700

[921](21:57:01)[1]-- TIME:20090303-215701

[922](21:57:02)[2]-- TIME:20090303-215702

[923](21:57:03)[3]-- TIME:20090303-215703

[924](21:57:03)10.23.128.24: Timeout
[925](21:57:04)[0]-- TIME:20090303-215704

[926](21:57:05)[1]-- TIME:20090303-215705

[927](21:57:06)[2]-- TIME:20090303-215706

[928](21:57:07)[3]-- TIME:20090303-215707

[929](21:57:07)10.23.128.24: Timeout
[930](21:57:08)[0]-- TIME:20090303-215708

[931](21:57:09)[1]-- TIME:20090303-215709

[932](21:57:10)[2]-- TIME:20090303-215710

[933](21:57:11)[3]-- TIME:20090303-215711

[934](21:57:11)10.23.128.24: Timeout
[935](21:57:12)[0]-- TIME:20090303-215712

[936](21:57:13)[1]-- TIME:20090303-215713

[937](21:57:14)[2]-- TIME:20090303-215714

[938](21:57:15)[3]-- TIME:20090303-215715

[939](21:57:16)[0]-- TIME:20090303-215716

[940](21:57:17)[1]-- TIME:20090303-215717

[941](21:57:18)[2]-- TIME:20090303-215718

[942](21:57:19)[3]-- TIME:20090303-215719

[943](21:57:20)[0]-- TIME:20090303-215720

[944](21:57:21)[1]-- TIME:20090303-215721

[945](21:57:22)[2]-- TIME:20090303-215722

[946](21:57:23)[3]-- TIME:20090303-215723

[947](21:57:24)[0]-- TIME:20090303-215724

[948](21:57:25)[1]-- TIME:20090303-215725

[949](21:57:26)[2]-- TIME:20090303-215726

[950](21:57:27)[3]-- TIME:20090303-215727

[951](21:57:28)[0]-- TIME:20090303-215728

[952](21:57:29)[1]-- TIME:20090303-215729

[953](21:57:30)[2]-- TIME:20090303-215730

[954](21:57:31)[3]-- TIME:20090303-215731

[955](21:57:32)[0]-- TIME:20090303-215732

[956](21:57:33)[1]-- TIME:20090303-215733

[957](21:57:34)[2]-- TIME:20090303-215734

[958](21:57:35)[3]-- TIME:20090303-215735

[959](21:57:36)[0]-- TIME:20090303-215736

[960](21:57:37)[1]-- TIME:20090303-215737

[961](21:57:38)[2]-- TIME:20090303-215738

[962](21:57:39)[3]-- TIME:20090303-215739

[963](21:57:40)[0]-- TIME:20090303-215740

[964](21:57:41)[1]-- TIME:20090303-215741

[965](21:57:42)[2]-- TIME:20090303-215742

[966](21:57:43)[3]-- TIME:20090303-215743

[967](21:57:44)[0]-- TIME:20090303-215744

[968](21:57:45)[1]-- TIME:20090303-215745

[969](21:57:46)[2]-- TIME:20090303-215746

[970](21:57:47)[3]-- TIME:20090303-215747

[971](21:57:47)10.23.128.24: Timeout
[972](21:57:48)[0]-- TIME:20090303-215748

[973](21:57:49)[1]-- TIME:20090303-215749

[974](21:57:50)[2]-- TIME:20090303-215750

[975](21:57:51)[3]-- TIME:20090303-215751

[976](21:57:52)[0]-- TIME:20090303-215752

[977](21:57:53)[1]-- TIME:20090303-215753

[978](21:57:54)[2]-- TIME:20090303-215754

[979](21:57:55)[3]-- TIME:20090303-215755

[980](21:57:56)[0]-- TIME:20090303-215756

[981](21:57:57)[1]-- TIME:20090303-215757

[982](21:57:58)[2]-- TIME:20090303-215758

[983](21:57:59)[3]-- TIME:20090303-215759

[984](21:58:00)[0]-- TIME:20090303-215800

[985](21:58:01)[1]-- TIME:20090303-215801

[986](21:58:02)[2]-- TIME:20090303-215802

[987](21:58:03)[3]-- TIME:20090303-215803

[988](21:58:04)[0]-- TIME:20090303-215804

[989](21:58:05)[1]-- TIME:20090303-215805

[990](21:58:06)[2]-- TIME:20090303-215806

[991](21:58:07)[3]-- TIME:20090303-215807

[992](21:58:08)[0]-- TIME:20090303-215808

[993](21:58:09)[1]-- TIME:20090303-215809

[994](21:58:10)[2]-- TIME:20090303-215810

[995](21:58:11)[3]-- TIME:20090303-215811

[996](21:58:12)[0]-- TIME:20090303-215812

[997](21:58:13)[1]-- TIME:20090303-215813

[998](21:58:14)[2]-- TIME:20090303-215814

[999](21:58:15)[3]-- TIME:20090303-215815

[1000](21:58:15)10.23.128.24: Timeout