
[0](13:11:52)======== MONITA APP STARTING ===========
[1](13:11:52)Load file konfigurasi
[2](13:11:52)Baca konfig
[3](13:11:52)Baca konfig: File konfigurasi rusak. Set ke default
[4](16:02:25)Mulai logging data
[5](16:02:27)[0]-- TIME:20090223-160227

[6](16:02:28)[1]-- TIME:20090223-160228

[7](16:02:29)[2]-- TIME:20090223-160229

[8](16:02:30)[3]-- TIME:20090223-160230

[9](16:02:30)192.168.1.130: Timeout
[10](16:02:31)[0]-- TIME:20090223-160231

[11](16:02:32)[1]-- TIME:20090223-160232

[12](16:02:33)[2]-- TIME:20090223-160233

[13](16:02:34)[3]-- TIME:20090223-160234

[14](16:02:34)192.168.1.130: Timeout
[15](16:02:35)[0]-- TIME:20090223-160235

[16](16:02:36)[1]-- TIME:20090223-160236

[17](16:02:37)[2]-- TIME:20090223-160237

[18](16:02:38)[3]-- TIME:20090223-160238

[19](16:02:38)192.168.1.130: Timeout
[20](16:02:39)[0]-- TIME:20090223-160239

[21](16:02:40)[1]-- TIME:20090223-160240

[22](16:02:41)[2]-- TIME:20090223-160241

[23](16:02:42)[3]-- TIME:20090223-160242

[24](16:02:42)192.168.1.130: Timeout
[25](16:02:43)[0]-- TIME:20090223-160243

[26](16:02:44)[1]-- TIME:20090223-160244

[27](16:02:45)[2]-- TIME:20090223-160245

[28](16:02:46)[3]-- TIME:20090223-160246

[29](16:02:46)192.168.1.130: Timeout
[30](16:02:47)[0]-- TIME:20090223-160247

[31](16:02:48)[1]-- TIME:20090223-160248

[32](16:02:49)[2]-- TIME:20090223-160249

[33](16:02:50)[3]-- TIME:20090223-160250

[34](16:02:50)192.168.1.130: Timeout
[35](16:02:51)[0]-- TIME:20090223-160251

[36](16:02:52)[1]-- TIME:20090223-160252

[37](16:02:53)[2]-- TIME:20090223-160253

[38](16:02:54)[3]-- TIME:20090223-160254

[39](16:02:54)192.168.1.130: Timeout
[40](16:02:54)192.168.1.136: Timeout
[41](16:02:55)[0]-- TIME:20090223-160255

[42](16:02:56)[1]-- TIME:20090223-160256

[43](16:02:57)[2]-- TIME:20090223-160257

[44](16:02:58)[3]-- TIME:20090223-160258

[45](16:02:58)192.168.1.130: Timeout
[46](16:02:59)[0]-- TIME:20090223-160259

[47](16:03:00)[1]-- TIME:20090223-160300

[48](16:03:01)[2]-- TIME:20090223-160301

[49](16:03:02)[3]-- TIME:20090223-160302

[50](16:03:02)192.168.1.130: Timeout
[51](16:03:03)[0]-- TIME:20090223-160303

[52](16:03:04)[1]-- TIME:20090223-160304

[53](16:03:05)[2]-- TIME:20090223-160305

[54](16:03:06)[3]-- TIME:20090223-160306

[55](16:03:06)192.168.1.130: Timeout
[56](16:03:07)[0]-- TIME:20090223-160307

[57](16:03:08)[1]-- TIME:20090223-160308

[58](16:03:09)[2]-- TIME:20090223-160309

[59](16:03:10)[3]-- TIME:20090223-160310

[60](16:03:10)192.168.1.130: Timeout
[61](16:03:11)[0]-- TIME:20090223-160311

[62](16:03:12)[1]-- TIME:20090223-160312

[63](16:03:13)[2]-- TIME:20090223-160313

[64](16:03:14)[3]-- TIME:20090223-160314

[65](16:03:14)192.168.1.130: Timeout
[66](16:03:15)[0]-- TIME:20090223-160315

[67](16:03:16)[1]-- TIME:20090223-160316

[68](16:03:17)[2]-- TIME:20090223-160317

[69](16:03:18)[3]-- TIME:20090223-160318

[70](16:03:18)192.168.1.130: Timeout
[71](16:03:19)[0]-- TIME:20090223-160319

[72](16:03:20)[1]-- TIME:20090223-160320

[73](16:03:21)[2]-- TIME:20090223-160321

[74](16:03:22)[3]-- TIME:20090223-160322

[75](16:03:22)192.168.1.130: Timeout
[76](16:03:23)[0]-- TIME:20090223-160323

[77](16:03:24)[1]-- TIME:20090223-160324

[78](16:03:25)[2]-- TIME:20090223-160325

[79](16:03:26)[3]-- TIME:20090223-160326

[80](16:03:26)192.168.1.130: Timeout
[81](16:03:27)[0]-- TIME:20090223-160327

[82](16:03:28)[1]-- TIME:20090223-160328

[83](16:03:29)[2]-- TIME:20090223-160329

[84](16:03:30)[3]-- TIME:20090223-160330

[85](16:03:30)192.168.1.130: Timeout
[86](16:03:31)[0]-- TIME:20090223-160331

[87](16:03:32)[1]-- TIME:20090223-160332

[88](16:03:33)[2]-- TIME:20090223-160333

[89](16:03:34)[3]-- TIME:20090223-160334

[90](16:03:34)192.168.1.130: Timeout
[91](16:03:35)[0]-- TIME:20090223-160335

[92](16:03:36)[1]-- TIME:20090223-160336

[93](16:03:37)[2]-- TIME:20090223-160337

[94](16:03:38)[3]-- TIME:20090223-160338

[95](16:03:38)192.168.1.130: Timeout
[96](16:03:38)192.168.1.136: Timeout
[97](16:03:39)[0]-- TIME:20090223-160339

[98](16:03:40)[1]-- TIME:20090223-160340

[99](16:03:41)[2]-- TIME:20090223-160341

[100](16:03:42)[3]-- TIME:20090223-160342

[101](16:03:42)192.168.1.130: Timeout
[102](16:03:43)[0]-- TIME:20090223-160343

[103](16:03:44)[1]-- TIME:20090223-160344

[104](16:03:45)[2]-- TIME:20090223-160345

[105](16:03:46)[3]-- TIME:20090223-160346

[106](16:03:46)192.168.1.130: Timeout
[107](16:03:47)[0]-- TIME:20090223-160347

[108](16:03:48)[1]-- TIME:20090223-160348

[109](16:03:49)[2]-- TIME:20090223-160349

[110](16:03:50)[3]-- TIME:20090223-160350

[111](16:03:50)192.168.1.130: Timeout
[112](16:03:51)[0]-- TIME:20090223-160351

[113](16:03:52)[1]-- TIME:20090223-160352

[114](16:03:53)[2]-- TIME:20090223-160353

[115](16:03:54)[3]-- TIME:20090223-160354

[116](16:03:54)192.168.1.130: Timeout
[117](16:03:55)[0]-- TIME:20090223-160355

[118](16:03:56)[1]-- TIME:20090223-160356

[119](16:03:57)[2]-- TIME:20090223-160357

[120](16:03:58)[3]-- TIME:20090223-160358

[121](16:03:58)192.168.1.130: Timeout
[122](16:03:59)[0]-- TIME:20090223-160359

[123](16:04:00)[1]-- TIME:20090223-160400

[124](16:04:01)[2]-- TIME:20090223-160401

[125](16:04:02)[3]-- TIME:20090223-160402

[126](16:04:02)192.168.1.130: Timeout
[127](16:04:03)[0]-- TIME:20090223-160403

[128](16:04:04)[1]-- TIME:20090223-160404

[129](16:04:05)[2]-- TIME:20090223-160405

[130](16:04:06)[3]-- TIME:20090223-160406

[131](16:04:06)192.168.1.130: Timeout
[132](16:04:07)[0]-- TIME:20090223-160407

[133](16:04:08)[1]-- TIME:20090223-160408

[134](16:04:09)[2]-- TIME:20090223-160409

[135](16:04:10)[3]-- TIME:20090223-160410

[136](16:04:10)192.168.1.130: Timeout
[137](16:04:11)[0]-- TIME:20090223-160411

[138](16:04:12)[1]-- TIME:20090223-160412

[139](16:04:13)[2]-- TIME:20090223-160413

[140](16:04:14)[3]-- TIME:20090223-160414

[141](16:04:14)192.168.1.130: Timeout
[142](16:04:15)[0]-- TIME:20090223-160415

[143](16:04:16)[1]-- TIME:20090223-160416

[144](16:04:17)[2]-- TIME:20090223-160417

[145](16:04:18)[3]-- TIME:20090223-160418

[146](16:04:18)192.168.1.130: Timeout
[147](16:04:19)[0]-- TIME:20090223-160419

[148](16:04:20)[1]-- TIME:20090223-160420

[149](16:04:21)[2]-- TIME:20090223-160421

[150](16:04:22)[3]-- TIME:20090223-160422

[151](16:04:22)192.168.1.130: Timeout
[152](16:04:23)[0]-- TIME:20090223-160423

[153](16:04:24)[1]-- TIME:20090223-160424

[154](16:04:25)[2]-- TIME:20090223-160425

[155](16:04:26)[3]-- TIME:20090223-160426

[156](16:04:26)192.168.1.130: Timeout
[157](16:04:27)[0]-- TIME:20090223-160427

[158](16:04:28)[1]-- TIME:20090223-160428

[159](16:04:29)[2]-- TIME:20090223-160429

[160](16:04:30)[3]-- TIME:20090223-160430

[161](16:04:30)192.168.1.130: Timeout
[162](16:04:31)[0]-- TIME:20090223-160431

[163](16:04:32)[1]-- TIME:20090223-160432

[164](16:04:33)[2]-- TIME:20090223-160433

[165](16:04:34)[3]-- TIME:20090223-160434

[166](16:04:34)192.168.1.130: Timeout
[167](16:04:35)[0]-- TIME:20090223-160435

[168](16:04:36)[1]-- TIME:20090223-160436

[169](16:04:37)[2]-- TIME:20090223-160437

[170](16:04:38)[3]-- TIME:20090223-160438

[171](16:04:38)192.168.1.130: Timeout
[172](16:04:39)[0]-- TIME:20090223-160439

[173](16:04:40)[1]-- TIME:20090223-160440

[174](16:04:41)[2]-- TIME:20090223-160441

[175](16:04:42)[3]-- TIME:20090223-160442

[176](16:04:42)192.168.1.130: Timeout
[177](16:04:43)[0]-- TIME:20090223-160443

[178](16:04:44)[1]-- TIME:20090223-160444

[179](16:04:45)[2]-- TIME:20090223-160445

[180](16:04:46)[3]-- TIME:20090223-160446

[181](16:04:46)192.168.1.130: Timeout
[182](16:04:46)192.168.1.136: Timeout
[183](16:04:47)[0]-- TIME:20090223-160447

[184](16:04:48)[1]-- TIME:20090223-160448

[185](16:04:49)[2]-- TIME:20090223-160449

[186](16:04:50)[3]-- TIME:20090223-160450

[187](16:04:50)192.168.1.130: Timeout
[188](16:04:51)[0]-- TIME:20090223-160451

[189](16:04:52)[1]-- TIME:20090223-160452

[190](16:04:53)[2]-- TIME:20090223-160453

[191](16:04:54)[3]-- TIME:20090223-160454

[192](16:04:54)192.168.1.130: Timeout
[193](16:04:55)[0]-- TIME:20090223-160455

[194](16:04:56)[1]-- TIME:20090223-160456

[195](16:04:57)[2]-- TIME:20090223-160457

[196](16:04:58)[3]-- TIME:20090223-160458

[197](16:04:58)192.168.1.130: Timeout
[198](16:04:59)[0]-- TIME:20090223-160459

[199](16:05:00)[1]-- TIME:20090223-160500

[200](16:05:01)[2]-- TIME:20090223-160501

[201](16:05:02)[3]-- TIME:20090223-160502

[202](16:05:02)192.168.1.130: Timeout
[203](16:05:03)[0]-- TIME:20090223-160503

[204](16:05:04)[1]-- TIME:20090223-160504

[205](16:05:05)[2]-- TIME:20090223-160505

[206](16:05:06)[3]-- TIME:20090223-160506

[207](16:05:06)192.168.1.130: Timeout
[208](16:05:06)192.168.1.136: Timeout
[209](16:05:07)[0]-- TIME:20090223-160507

[210](16:05:08)[1]-- TIME:20090223-160508

[211](16:05:09)[2]-- TIME:20090223-160509

[212](16:05:10)[3]-- TIME:20090223-160510

[213](16:05:10)192.168.1.130: Timeout
[214](16:05:11)[0]-- TIME:20090223-160511

[215](16:05:12)[1]-- TIME:20090223-160512

[216](16:05:13)[2]-- TIME:20090223-160513

[217](16:05:14)[3]-- TIME:20090223-160514

[218](16:05:14)192.168.1.130: Timeout
[219](16:05:15)[0]-- TIME:20090223-160515

[220](16:05:16)[1]-- TIME:20090223-160516

[221](16:05:17)[2]-- TIME:20090223-160517

[222](16:05:18)[3]-- TIME:20090223-160518

[223](16:05:18)192.168.1.130: Timeout
[224](16:05:19)[0]-- TIME:20090223-160519

[225](16:05:20)[1]-- TIME:20090223-160520

[226](16:05:21)[2]-- TIME:20090223-160521

[227](16:05:22)[3]-- TIME:20090223-160522

[228](16:05:22)192.168.1.130: Timeout
[229](16:05:23)[0]-- TIME:20090223-160523

[230](16:05:24)[1]-- TIME:20090223-160524

[231](16:05:25)[2]-- TIME:20090223-160525

[232](16:05:26)[3]-- TIME:20090223-160526

[233](16:05:26)192.168.1.130: Timeout
[234](16:05:27)[0]-- TIME:20090223-160527

[235](16:05:28)[1]-- TIME:20090223-160528

[236](16:05:29)[2]-- TIME:20090223-160529

[237](16:05:30)[3]-- TIME:20090223-160530

[238](16:05:30)192.168.1.130: Timeout
[239](16:05:31)[0]-- TIME:20090223-160531

[240](16:05:32)[1]-- TIME:20090223-160532

[241](16:05:33)[2]-- TIME:20090223-160533

[242](16:05:34)[3]-- TIME:20090223-160534

[243](16:05:34)192.168.1.130: Timeout
[244](16:05:35)[0]-- TIME:20090223-160535

[245](16:05:36)[1]-- TIME:20090223-160536

[246](16:05:37)[2]-- TIME:20090223-160537

[247](16:05:38)[3]-- TIME:20090223-160538

[248](16:05:38)192.168.1.130: Timeout
[249](16:05:39)[0]-- TIME:20090223-160539

[250](16:05:40)[1]-- TIME:20090223-160540

[251](16:05:41)[2]-- TIME:20090223-160541

[252](16:05:42)[3]-- TIME:20090223-160542

[253](16:05:42)192.168.1.130: Timeout
[254](16:05:43)[0]-- TIME:20090223-160543

[255](16:05:44)[1]-- TIME:20090223-160544

[256](16:05:45)[2]-- TIME:20090223-160545

[257](16:05:46)[3]-- TIME:20090223-160546

[258](16:05:46)192.168.1.130: Timeout
[259](16:05:47)[0]-- TIME:20090223-160547

[260](16:05:48)[1]-- TIME:20090223-160548

[261](16:05:49)[2]-- TIME:20090223-160549

[262](16:05:50)[3]-- TIME:20090223-160550

[263](16:05:50)192.168.1.130: Timeout
[264](16:05:50)192.168.1.136: Timeout
[265](16:05:51)[0]-- TIME:20090223-160551

[266](16:05:52)[1]-- TIME:20090223-160552

[267](16:05:53)[2]-- TIME:20090223-160553

[268](16:05:54)[3]-- TIME:20090223-160554

[269](16:05:54)192.168.1.130: Timeout
[270](16:05:55)[0]-- TIME:20090223-160555

[271](16:05:56)[1]-- TIME:20090223-160556

[272](16:05:57)[2]-- TIME:20090223-160557

[273](16:05:58)[3]-- TIME:20090223-160558

[274](16:05:58)192.168.1.130: Timeout
[275](16:05:59)[0]-- TIME:20090223-160559

[276](16:06:00)[1]-- TIME:20090223-160600

[277](16:06:01)[2]-- TIME:20090223-160601

[278](16:06:02)[3]-- TIME:20090223-160602

[279](16:06:02)192.168.1.130: Timeout
[280](16:06:03)[0]-- TIME:20090223-160603

[281](16:06:04)[1]-- TIME:20090223-160604

[282](16:06:05)[2]-- TIME:20090223-160605

[283](16:06:06)[3]-- TIME:20090223-160606

[284](16:06:06)192.168.1.130: Timeout
[285](16:06:07)[0]-- TIME:20090223-160607

[286](16:06:08)[1]-- TIME:20090223-160608

[287](16:06:09)[2]-- TIME:20090223-160609

[288](16:06:10)[3]-- TIME:20090223-160610

[289](16:06:10)192.168.1.130: Timeout
[290](16:06:11)[0]-- TIME:20090223-160611

[291](16:06:12)[1]-- TIME:20090223-160612

[292](16:06:13)[2]-- TIME:20090223-160613

[293](16:06:14)[3]-- TIME:20090223-160614

[294](16:06:14)192.168.1.130: Timeout
[295](16:06:15)[0]-- TIME:20090223-160615

[296](16:06:16)[1]-- TIME:20090223-160616

[297](16:06:17)[2]-- TIME:20090223-160617

[298](16:06:18)[3]-- TIME:20090223-160618

[299](16:06:18)192.168.1.130: Timeout
[300](16:06:19)[0]-- TIME:20090223-160619

[301](16:06:20)[1]-- TIME:20090223-160620

[302](16:06:21)[2]-- TIME:20090223-160621

[303](16:06:22)[3]-- TIME:20090223-160622

[304](16:06:22)192.168.1.130: Timeout
[305](16:06:23)[0]-- TIME:20090223-160623

[306](16:06:24)[1]-- TIME:20090223-160624

[307](16:06:25)[2]-- TIME:20090223-160625

[308](16:06:26)[3]-- TIME:20090223-160626

[309](16:06:26)192.168.1.130: Timeout
[310](16:06:27)[0]-- TIME:20090223-160627

[311](16:06:28)[1]-- TIME:20090223-160628

[312](16:06:29)[2]-- TIME:20090223-160629

[313](16:06:30)[3]-- TIME:20090223-160630

[314](16:06:30)192.168.1.130: Timeout
[315](16:06:31)[0]-- TIME:20090223-160631

[316](16:06:32)[1]-- TIME:20090223-160632

[317](16:06:33)[2]-- TIME:20090223-160633

[318](16:06:34)[3]-- TIME:20090223-160634

[319](16:06:34)192.168.1.130: Timeout
[320](16:06:35)[0]-- TIME:20090223-160635

[321](16:06:36)[1]-- TIME:20090223-160636

[322](16:06:37)[2]-- TIME:20090223-160637

[323](16:06:38)[3]-- TIME:20090223-160638

[324](16:06:38)192.168.1.130: Timeout
[325](16:06:39)[0]-- TIME:20090223-160639

[326](16:06:40)[1]-- TIME:20090223-160640

[327](16:06:41)[2]-- TIME:20090223-160641

[328](16:06:42)[3]-- TIME:20090223-160642

[329](16:06:42)192.168.1.130: Timeout
[330](16:06:43)[0]-- TIME:20090223-160643

[331](16:06:44)[1]-- TIME:20090223-160644

[332](16:06:45)[2]-- TIME:20090223-160645

[333](16:06:46)[3]-- TIME:20090223-160646

[334](16:06:46)192.168.1.130: Timeout
[335](16:06:47)[0]-- TIME:20090223-160647

[336](16:06:48)[1]-- TIME:20090223-160648

[337](16:06:49)[2]-- TIME:20090223-160649

[338](16:06:50)[3]-- TIME:20090223-160650

[339](16:06:50)192.168.1.130: Timeout
[340](16:06:51)[0]-- TIME:20090223-160651

[341](16:06:52)[1]-- TIME:20090223-160652

[342](16:06:53)[2]-- TIME:20090223-160653

[343](16:06:54)[3]-- TIME:20090223-160654

[344](16:06:54)192.168.1.130: Timeout
[345](16:06:55)[0]-- TIME:20090223-160655

[346](16:06:56)[1]-- TIME:20090223-160656

[347](16:06:57)[2]-- TIME:20090223-160657

[348](16:06:58)[3]-- TIME:20090223-160658

[349](16:06:58)192.168.1.130: Timeout
[350](16:06:59)[0]-- TIME:20090223-160659

[351](16:07:00)[1]-- TIME:20090223-160700

[352](16:07:01)[2]-- TIME:20090223-160701

[353](16:07:02)[3]-- TIME:20090223-160702

[354](16:07:02)192.168.1.130: Timeout
[355](16:07:03)[0]-- TIME:20090223-160703

[356](16:07:04)[1]-- TIME:20090223-160704

[357](16:07:05)[2]-- TIME:20090223-160705

[358](16:07:06)[3]-- TIME:20090223-160706

[359](16:07:06)192.168.1.130: Timeout
[360](16:07:07)[0]-- TIME:20090223-160707

[361](16:07:08)[1]-- TIME:20090223-160708

[362](16:07:09)[2]-- TIME:20090223-160709

[363](16:07:10)[3]-- TIME:20090223-160710

[364](16:07:10)192.168.1.130: Timeout
[365](16:07:11)[0]-- TIME:20090223-160711

[366](16:07:12)[1]-- TIME:20090223-160712

[367](16:07:13)[2]-- TIME:20090223-160713

[368](16:07:14)[3]-- TIME:20090223-160714

[369](16:07:14)192.168.1.130: Timeout
[370](16:07:15)[0]-- TIME:20090223-160715

[371](16:07:16)[1]-- TIME:20090223-160716

[372](16:07:17)[2]-- TIME:20090223-160717

[373](16:07:18)[3]-- TIME:20090223-160718

[374](16:07:18)192.168.1.130: Timeout
[375](16:07:19)[0]-- TIME:20090223-160719

[376](16:07:20)[1]-- TIME:20090223-160720

[377](16:07:21)[2]-- TIME:20090223-160721

[378](16:07:22)[3]-- TIME:20090223-160722

[379](16:07:22)192.168.1.130: Timeout
[380](16:07:23)[0]-- TIME:20090223-160723

[381](16:07:24)[1]-- TIME:20090223-160724

[382](16:07:25)[2]-- TIME:20090223-160725

[383](16:07:26)[3]-- TIME:20090223-160726

[384](16:07:26)192.168.1.130: Timeout
[385](16:07:26)192.168.1.136: Timeout
[386](16:07:27)[0]-- TIME:20090223-160727

[387](16:07:28)[1]-- TIME:20090223-160728

[388](16:07:29)[2]-- TIME:20090223-160729

[389](16:07:30)[3]-- TIME:20090223-160730

[390](16:07:30)192.168.1.130: Timeout
[391](16:07:31)[0]-- TIME:20090223-160731

[392](16:07:32)[1]-- TIME:20090223-160732

[393](16:07:33)[2]-- TIME:20090223-160733

[394](16:07:34)[3]-- TIME:20090223-160734

[395](16:07:34)192.168.1.130: Timeout
[396](16:07:35)[0]-- TIME:20090223-160735

[397](16:07:36)[1]-- TIME:20090223-160736

[398](16:07:37)[2]-- TIME:20090223-160737

[399](16:07:38)[3]-- TIME:20090223-160738

[400](16:07:38)192.168.1.130: Timeout
[401](16:07:39)[0]-- TIME:20090223-160739

[402](16:07:40)[1]-- TIME:20090223-160740

[403](16:07:41)[2]-- TIME:20090223-160741

[404](16:07:42)[3]-- TIME:20090223-160742

[405](16:07:42)192.168.1.130: Timeout
[406](16:07:43)[0]-- TIME:20090223-160743

[407](16:07:44)[1]-- TIME:20090223-160744

[408](16:07:45)[2]-- TIME:20090223-160745

[409](16:07:46)[3]-- TIME:20090223-160746

[410](16:07:46)192.168.1.130: Timeout
[411](16:07:47)[0]-- TIME:20090223-160747

[412](16:07:48)[1]-- TIME:20090223-160748

[413](16:07:49)[2]-- TIME:20090223-160749

[414](16:07:50)[3]-- TIME:20090223-160750

[415](16:07:50)192.168.1.130: Timeout
[416](16:07:51)[0]-- TIME:20090223-160751

[417](16:07:52)[1]-- TIME:20090223-160752

[418](16:07:53)[2]-- TIME:20090223-160753

[419](16:07:54)[3]-- TIME:20090223-160754

[420](16:07:54)192.168.1.130: Timeout
[421](16:07:55)[0]-- TIME:20090223-160755

[422](16:07:56)[1]-- TIME:20090223-160756

[423](16:07:57)[2]-- TIME:20090223-160757

[424](16:07:58)[3]-- TIME:20090223-160758

[425](16:07:58)192.168.1.130: Timeout
[426](16:07:59)[0]-- TIME:20090223-160759

[427](16:08:00)[1]-- TIME:20090223-160800

[428](16:08:01)[2]-- TIME:20090223-160801

[429](16:08:02)[3]-- TIME:20090223-160802

[430](16:08:02)192.168.1.130: Timeout
[431](16:08:03)[0]-- TIME:20090223-160803

[432](16:08:04)[1]-- TIME:20090223-160804

[433](16:08:05)[2]-- TIME:20090223-160805

[434](16:08:06)[3]-- TIME:20090223-160806

[435](16:08:06)192.168.1.130: Timeout
[436](16:08:07)[0]-- TIME:20090223-160807

[437](16:08:08)[1]-- TIME:20090223-160808

[438](16:08:09)[2]-- TIME:20090223-160809

[439](16:08:10)[3]-- TIME:20090223-160810

[440](16:08:10)192.168.1.130: Timeout
[441](16:08:10)192.168.1.136: Timeout
[442](16:08:11)[0]-- TIME:20090223-160811

[443](16:08:12)[1]-- TIME:20090223-160812

[444](16:08:13)[2]-- TIME:20090223-160813

[445](16:08:14)[3]-- TIME:20090223-160814

[446](16:08:14)192.168.1.130: Timeout
[447](16:08:15)[0]-- TIME:20090223-160815

[448](16:08:16)[1]-- TIME:20090223-160816

[449](16:08:17)[2]-- TIME:20090223-160817

[450](16:08:18)[3]-- TIME:20090223-160818

[451](16:08:18)192.168.1.130: Timeout
[452](16:08:19)[0]-- TIME:20090223-160819

[453](16:08:20)[1]-- TIME:20090223-160820

[454](16:08:21)[2]-- TIME:20090223-160821

[455](16:08:22)[3]-- TIME:20090223-160822

[456](16:08:22)192.168.1.130: Timeout
[457](16:08:23)[0]-- TIME:20090223-160823

[458](16:08:24)[1]-- TIME:20090223-160824

[459](16:08:25)[2]-- TIME:20090223-160825

[460](16:08:26)[3]-- TIME:20090223-160826

[461](16:08:26)192.168.1.130: Timeout
[462](16:08:27)[0]-- TIME:20090223-160827

[463](16:08:28)[1]-- TIME:20090223-160828

[464](16:08:29)[2]-- TIME:20090223-160829

[465](16:08:30)[3]-- TIME:20090223-160830

[466](16:08:30)192.168.1.130: Timeout
[467](16:08:31)[0]-- TIME:20090223-160831

[468](16:08:32)[1]-- TIME:20090223-160832

[469](16:08:33)[2]-- TIME:20090223-160833

[470](16:08:34)[3]-- TIME:20090223-160834

[471](16:08:34)192.168.1.130: Timeout
[472](16:08:35)[0]-- TIME:20090223-160835

[473](16:08:36)[1]-- TIME:20090223-160836

[474](16:08:37)[2]-- TIME:20090223-160837

[475](16:08:38)[3]-- TIME:20090223-160838

[476](16:08:38)192.168.1.130: Timeout
[477](16:08:39)[0]-- TIME:20090223-160839

[478](16:08:40)[1]-- TIME:20090223-160840

[479](16:08:41)[2]-- TIME:20090223-160841

[480](16:08:42)[3]-- TIME:20090223-160842

[481](16:08:42)192.168.1.130: Timeout
[482](16:08:43)[0]-- TIME:20090223-160843

[483](16:08:44)[1]-- TIME:20090223-160844

[484](16:08:45)[2]-- TIME:20090223-160845

[485](16:08:46)[3]-- TIME:20090223-160846

[486](16:08:46)192.168.1.130: Timeout
[487](16:08:47)[0]-- TIME:20090223-160847

[488](16:08:48)[1]-- TIME:20090223-160848

[489](16:08:49)[2]-- TIME:20090223-160849

[490](16:08:50)[3]-- TIME:20090223-160850

[491](16:08:50)192.168.1.130: Timeout
[492](16:08:51)[0]-- TIME:20090223-160851

[493](16:08:52)[1]-- TIME:20090223-160852

[494](16:08:53)[2]-- TIME:20090223-160853

[495](16:08:54)[3]-- TIME:20090223-160854

[496](16:08:54)192.168.1.130: Timeout
[497](16:08:55)[0]-- TIME:20090223-160855

[498](16:08:56)[1]-- TIME:20090223-160856

[499](16:08:57)[2]-- TIME:20090223-160857

[500](16:08:58)[3]-- TIME:20090223-160858

[501](16:08:58)192.168.1.130: Timeout
[502](16:08:59)[0]-- TIME:20090223-160859

[503](16:09:00)[1]-- TIME:20090223-160900

[504](16:09:01)[2]-- TIME:20090223-160901

[505](16:09:02)[3]-- TIME:20090223-160902

[506](16:09:02)192.168.1.130: Timeout
[507](16:09:03)[0]-- TIME:20090223-160903

[508](16:09:04)[1]-- TIME:20090223-160904

[509](16:09:05)[2]-- TIME:20090223-160905

[510](16:09:06)[3]-- TIME:20090223-160906

[511](16:09:06)192.168.1.130: Timeout
[512](16:09:07)[0]-- TIME:20090223-160907

[513](16:09:08)[1]-- TIME:20090223-160908

[514](16:09:09)[2]-- TIME:20090223-160909

[515](16:09:10)[3]-- TIME:20090223-160910

[516](16:09:10)192.168.1.130: Timeout
[517](16:09:11)[0]-- TIME:20090223-160911

[518](16:09:12)[1]-- TIME:20090223-160912

[519](16:09:13)[2]-- TIME:20090223-160913

[520](16:09:14)[3]-- TIME:20090223-160914

[521](16:09:14)192.168.1.130: Timeout
[522](16:09:15)[0]-- TIME:20090223-160915

[523](16:09:16)[1]-- TIME:20090223-160916

[524](16:09:17)[2]-- TIME:20090223-160917

[525](16:09:18)[3]-- TIME:20090223-160918

[526](16:09:18)192.168.1.130: Timeout
[527](16:09:19)[0]-- TIME:20090223-160919

[528](16:09:20)[1]-- TIME:20090223-160920

[529](16:09:21)[2]-- TIME:20090223-160921

[530](16:09:22)[3]-- TIME:20090223-160922

[531](16:09:22)192.168.1.130: Timeout
[532](16:09:23)[0]-- TIME:20090223-160923

[533](16:09:24)[1]-- TIME:20090223-160924

[534](16:09:25)[2]-- TIME:20090223-160925

[535](16:09:26)[3]-- TIME:20090223-160926

[536](16:09:26)192.168.1.130: Timeout
[537](16:09:27)[0]-- TIME:20090223-160927

[538](16:09:28)[1]-- TIME:20090223-160928

[539](16:09:29)[2]-- TIME:20090223-160929

[540](16:09:30)[3]-- TIME:20090223-160930

[541](16:09:30)192.168.1.130: Timeout
[542](16:09:31)[0]-- TIME:20090223-160931

[543](16:09:32)[1]-- TIME:20090223-160932

[544](16:09:33)[2]-- TIME:20090223-160933

[545](16:09:34)[3]-- TIME:20090223-160934

[546](16:09:34)192.168.1.130: Timeout
[547](16:09:35)[0]-- TIME:20090223-160935

[548](16:09:36)[1]-- TIME:20090223-160936

[549](16:09:37)[2]-- TIME:20090223-160937

[550](16:09:38)[3]-- TIME:20090223-160938

[551](16:09:38)192.168.1.130: Timeout
[552](16:09:39)[0]-- TIME:20090223-160939

[553](16:09:40)[1]-- TIME:20090223-160940

[554](16:09:41)[2]-- TIME:20090223-160941

[555](16:09:42)[3]-- TIME:20090223-160942

[556](16:09:42)192.168.1.130: Timeout
[557](16:09:43)[0]-- TIME:20090223-160943

[558](16:09:44)[1]-- TIME:20090223-160944

[559](16:09:45)[2]-- TIME:20090223-160945

[560](16:09:46)[3]-- TIME:20090223-160946

[561](16:09:46)192.168.1.130: Timeout
[562](16:09:47)[0]-- TIME:20090223-160947

[563](16:09:48)[1]-- TIME:20090223-160948

[564](16:09:49)[2]-- TIME:20090223-160949

[565](16:09:50)[3]-- TIME:20090223-160950

[566](16:09:50)192.168.1.130: Timeout
[567](16:09:51)[0]-- TIME:20090223-160951

[568](16:09:52)[1]-- TIME:20090223-160952

[569](16:09:53)[2]-- TIME:20090223-160953

[570](16:09:54)[3]-- TIME:20090223-160954

[571](16:09:54)192.168.1.130: Timeout
[572](16:09:55)[0]-- TIME:20090223-160955

[573](16:09:56)[1]-- TIME:20090223-160956

[574](16:09:57)[2]-- TIME:20090223-160957

[575](16:09:58)[3]-- TIME:20090223-160958

[576](16:09:58)192.168.1.130: Timeout
[577](16:09:59)[0]-- TIME:20090223-160959

[578](16:10:00)[1]-- TIME:20090223-161000

[579](16:10:01)[2]-- TIME:20090223-161001

[580](16:10:02)[3]-- TIME:20090223-161002

[581](16:10:02)192.168.1.130: Timeout
[582](16:10:03)[0]-- TIME:20090223-161003

[583](16:10:04)[1]-- TIME:20090223-161004

[584](16:10:05)[2]-- TIME:20090223-161005

[585](16:10:06)[3]-- TIME:20090223-161006

[586](16:10:06)192.168.1.130: Timeout
[587](16:10:07)[0]-- TIME:20090223-161007

[588](16:10:08)[1]-- TIME:20090223-161008

[589](16:10:09)[2]-- TIME:20090223-161009

[590](16:10:10)[3]-- TIME:20090223-161010

[591](16:10:10)192.168.1.130: Timeout
[592](16:10:11)[0]-- TIME:20090223-161011

[593](16:10:12)[1]-- TIME:20090223-161012

[594](16:10:13)[2]-- TIME:20090223-161013

[595](16:10:14)[3]-- TIME:20090223-161014

[596](16:10:14)192.168.1.130: Timeout
[597](16:10:14)192.168.1.136: Timeout
[598](16:10:15)[0]-- TIME:20090223-161015

[599](16:10:16)[1]-- TIME:20090223-161016

[600](16:10:17)[2]-- TIME:20090223-161017

[601](16:10:18)[3]-- TIME:20090223-161018

[602](16:10:18)192.168.1.130: Timeout
[603](16:10:19)[0]-- TIME:20090223-161019

[604](16:10:20)[1]-- TIME:20090223-161020

[605](16:10:21)[2]-- TIME:20090223-161021

[606](16:10:22)[3]-- TIME:20090223-161022

[607](16:10:22)192.168.1.130: Timeout
[608](16:10:23)[0]-- TIME:20090223-161023

[609](16:10:24)[1]-- TIME:20090223-161024

[610](16:10:25)[2]-- TIME:20090223-161025

[611](16:10:26)[3]-- TIME:20090223-161026

[612](16:10:26)192.168.1.130: Timeout
[613](16:10:27)[0]-- TIME:20090223-161027

[614](16:10:28)[1]-- TIME:20090223-161028

[615](16:10:29)[2]-- TIME:20090223-161029

[616](16:10:30)[3]-- TIME:20090223-161030

[617](16:10:30)192.168.1.130: Timeout
[618](16:10:31)[0]-- TIME:20090223-161031

[619](16:10:32)[1]-- TIME:20090223-161032

[620](16:10:33)[2]-- TIME:20090223-161033

[621](16:10:34)[3]-- TIME:20090223-161034

[622](16:10:34)192.168.1.130: Timeout
[623](16:10:35)[0]-- TIME:20090223-161035

[624](16:10:36)[1]-- TIME:20090223-161036

[625](16:10:37)[2]-- TIME:20090223-161037

[626](16:10:38)[3]-- TIME:20090223-161038

[627](16:10:38)192.168.1.130: Timeout
[628](16:10:39)[0]-- TIME:20090223-161039

[629](16:10:40)[1]-- TIME:20090223-161040

[630](16:10:41)[2]-- TIME:20090223-161041

[631](16:10:42)[3]-- TIME:20090223-161042

[632](16:10:42)192.168.1.130: Timeout
[633](16:10:43)[0]-- TIME:20090223-161043

[634](16:10:44)[1]-- TIME:20090223-161044

[635](16:10:45)[2]-- TIME:20090223-161045

[636](16:10:46)[3]-- TIME:20090223-161046

[637](16:10:46)192.168.1.130: Timeout
[638](16:10:47)[0]-- TIME:20090223-161047

[639](16:10:48)[1]-- TIME:20090223-161048

[640](16:10:49)[2]-- TIME:20090223-161049

[641](16:10:50)[3]-- TIME:20090223-161050

[642](16:10:50)192.168.1.130: Timeout
[643](16:10:51)[0]-- TIME:20090223-161051

[644](16:10:52)[1]-- TIME:20090223-161052

[645](16:10:53)[2]-- TIME:20090223-161053

[646](16:10:54)[3]-- TIME:20090223-161054

[647](16:10:54)192.168.1.130: Timeout
[648](16:10:55)[0]-- TIME:20090223-161055

[649](16:10:56)[1]-- TIME:20090223-161056

[650](16:10:57)[2]-- TIME:20090223-161057

[651](16:10:58)[3]-- TIME:20090223-161058

[652](16:10:58)192.168.1.130: Timeout
[653](16:10:59)[0]-- TIME:20090223-161059

[654](16:11:00)[1]-- TIME:20090223-161100

[655](16:11:01)[2]-- TIME:20090223-161101

[656](16:11:02)[3]-- TIME:20090223-161102

[657](16:11:02)192.168.1.130: Timeout
[658](16:11:03)[0]-- TIME:20090223-161103

[659](16:11:04)[1]-- TIME:20090223-161104

[660](16:11:05)[2]-- TIME:20090223-161105

[661](16:11:06)[3]-- TIME:20090223-161106

[662](16:11:06)192.168.1.130: Timeout
[663](16:11:07)[0]-- TIME:20090223-161107

[664](16:11:08)[1]-- TIME:20090223-161108

[665](16:11:09)[2]-- TIME:20090223-161109

[666](16:11:10)[3]-- TIME:20090223-161110

[667](16:11:10)192.168.1.130: Timeout
[668](16:11:10)192.168.1.136: Timeout
[669](16:11:11)[0]-- TIME:20090223-161111

[670](16:11:12)[1]-- TIME:20090223-161112

[671](16:11:13)[2]-- TIME:20090223-161113

[672](16:11:14)[3]-- TIME:20090223-161114

[673](16:11:14)192.168.1.130: Timeout
[674](16:11:15)[0]-- TIME:20090223-161115

[675](16:11:16)[1]-- TIME:20090223-161116

[676](16:11:17)[2]-- TIME:20090223-161117

[677](16:11:18)[3]-- TIME:20090223-161118

[678](16:11:18)192.168.1.130: Timeout
[679](16:11:19)[0]-- TIME:20090223-161119

[680](16:11:20)[1]-- TIME:20090223-161120

[681](16:11:21)[2]-- TIME:20090223-161121

[682](16:11:22)[3]-- TIME:20090223-161122

[683](16:11:22)192.168.1.130: Timeout
[684](16:11:23)[0]-- TIME:20090223-161123

[685](16:11:24)[1]-- TIME:20090223-161124

[686](16:11:25)[2]-- TIME:20090223-161125

[687](16:11:26)[3]-- TIME:20090223-161126

[688](16:11:26)192.168.1.130: Timeout
[689](16:11:27)[0]-- TIME:20090223-161127

[690](16:11:28)[1]-- TIME:20090223-161128

[691](16:11:29)[2]-- TIME:20090223-161129

[692](16:11:30)[3]-- TIME:20090223-161130

[693](16:11:30)192.168.1.130: Timeout
[694](16:11:31)[0]-- TIME:20090223-161131

[695](16:11:32)[1]-- TIME:20090223-161132

[696](16:11:33)[2]-- TIME:20090223-161133

[697](16:11:34)[3]-- TIME:20090223-161134

[698](16:11:34)192.168.1.130: Timeout
[699](16:11:35)[0]-- TIME:20090223-161135

[700](16:11:36)[1]-- TIME:20090223-161136

[701](16:11:37)[2]-- TIME:20090223-161137

[702](16:11:38)[3]-- TIME:20090223-161138

[703](16:11:38)192.168.1.130: Timeout
[704](16:11:39)[0]-- TIME:20090223-161139

[705](16:11:40)[1]-- TIME:20090223-161140

[706](16:11:41)[2]-- TIME:20090223-161141

[707](16:11:42)[3]-- TIME:20090223-161142

[708](16:11:42)192.168.1.130: Timeout
[709](16:11:43)[0]-- TIME:20090223-161143

[710](16:11:44)[1]-- TIME:20090223-161144

[711](16:11:45)[2]-- TIME:20090223-161145

[712](16:11:46)[3]-- TIME:20090223-161146

[713](16:11:46)192.168.1.130: Timeout
[714](16:11:47)[0]-- TIME:20090223-161147

[715](16:11:48)[1]-- TIME:20090223-161148

[716](16:11:49)[2]-- TIME:20090223-161149

[717](16:11:50)[3]-- TIME:20090223-161150

[718](16:11:50)192.168.1.130: Timeout
[719](16:11:51)[0]-- TIME:20090223-161151

[720](16:11:52)[1]-- TIME:20090223-161152

[721](16:11:53)[2]-- TIME:20090223-161153

[722](16:11:54)[3]-- TIME:20090223-161154

[723](16:11:54)192.168.1.130: Timeout
[724](16:11:55)[0]-- TIME:20090223-161155

[725](16:11:56)[1]-- TIME:20090223-161156

[726](16:11:57)[2]-- TIME:20090223-161157

[727](16:11:58)[3]-- TIME:20090223-161158

[728](16:11:58)192.168.1.130: Timeout
[729](16:11:59)[0]-- TIME:20090223-161159

[730](16:12:00)[1]-- TIME:20090223-161200

[731](16:12:01)[2]-- TIME:20090223-161201

[732](16:12:02)[3]-- TIME:20090223-161202

[733](16:12:02)192.168.1.130: Timeout
[734](16:12:03)[0]-- TIME:20090223-161203

[735](16:12:04)[1]-- TIME:20090223-161204

[736](16:12:05)[2]-- TIME:20090223-161205

[737](16:12:06)[3]-- TIME:20090223-161206

[738](16:12:06)192.168.1.130: Timeout
[739](16:12:07)[0]-- TIME:20090223-161207

[740](16:12:08)[1]-- TIME:20090223-161208

[741](16:12:09)[2]-- TIME:20090223-161209

[742](16:12:10)[3]-- TIME:20090223-161210

[743](16:12:10)192.168.1.130: Timeout
[744](16:12:11)[0]-- TIME:20090223-161211

[745](16:12:12)[1]-- TIME:20090223-161212

[746](16:12:13)[2]-- TIME:20090223-161213

[747](16:12:14)[3]-- TIME:20090223-161214

[748](16:12:14)192.168.1.130: Timeout
[749](16:12:15)[0]-- TIME:20090223-161215

[750](16:12:16)[1]-- TIME:20090223-161216

[751](16:12:17)[2]-- TIME:20090223-161217

[752](16:12:18)[3]-- TIME:20090223-161218

[753](16:12:18)192.168.1.130: Timeout
[754](16:12:19)[0]-- TIME:20090223-161219

[755](16:12:20)[1]-- TIME:20090223-161220

[756](16:12:21)[2]-- TIME:20090223-161221

[757](16:12:22)[3]-- TIME:20090223-161222

[758](16:12:22)192.168.1.130: Timeout
[759](16:12:23)[0]-- TIME:20090223-161223

[760](16:12:24)[1]-- TIME:20090223-161224

[761](16:12:25)[2]-- TIME:20090223-161225

[762](16:12:26)[3]-- TIME:20090223-161226

[763](16:12:26)192.168.1.130: Timeout
[764](16:12:27)[0]-- TIME:20090223-161227

[765](16:12:28)[1]-- TIME:20090223-161228

[766](16:12:29)[2]-- TIME:20090223-161229

[767](16:12:30)[3]-- TIME:20090223-161230

[768](16:12:30)192.168.1.130: Timeout
[769](16:12:31)[0]-- TIME:20090223-161231

[770](16:12:32)[1]-- TIME:20090223-161232

[771](16:12:33)[2]-- TIME:20090223-161233

[772](16:12:34)[3]-- TIME:20090223-161234

[773](16:12:34)192.168.1.130: Timeout
[774](16:12:35)[0]-- TIME:20090223-161235

[775](16:12:36)[1]-- TIME:20090223-161236

[776](16:12:37)[2]-- TIME:20090223-161237

[777](16:12:38)[3]-- TIME:20090223-161238

[778](16:12:38)192.168.1.130: Timeout
[779](16:12:39)[0]-- TIME:20090223-161239

[780](16:12:40)[1]-- TIME:20090223-161240

[781](16:12:41)[2]-- TIME:20090223-161241

[782](16:12:42)[3]-- TIME:20090223-161242

[783](16:12:42)192.168.1.130: Timeout
[784](16:12:43)[0]-- TIME:20090223-161243

[785](16:12:44)[1]-- TIME:20090223-161244

[786](16:12:45)[2]-- TIME:20090223-161245

[787](16:12:46)[3]-- TIME:20090223-161246

[788](16:12:46)192.168.1.130: Timeout
[789](16:12:47)[0]-- TIME:20090223-161247

[790](16:12:48)[1]-- TIME:20090223-161248

[791](16:12:49)[2]-- TIME:20090223-161249

[792](16:12:50)[3]-- TIME:20090223-161250

[793](16:12:50)192.168.1.130: Timeout
[794](16:12:51)[0]-- TIME:20090223-161251

[795](16:12:52)[1]-- TIME:20090223-161252

[796](16:12:53)[2]-- TIME:20090223-161253

[797](16:12:54)[3]-- TIME:20090223-161254

[798](16:12:54)192.168.1.130: Timeout
[799](16:12:55)[0]-- TIME:20090223-161255

[800](16:12:56)[1]-- TIME:20090223-161256

[801](16:12:57)[2]-- TIME:20090223-161257

[802](16:12:58)[3]-- TIME:20090223-161258

[803](16:12:58)192.168.1.130: Timeout
[804](16:12:59)[0]-- TIME:20090223-161259

[805](16:13:00)[1]-- TIME:20090223-161300

[806](16:13:01)[2]-- TIME:20090223-161301

[807](16:13:02)[3]-- TIME:20090223-161302

[808](16:13:02)192.168.1.130: Timeout
[809](16:13:03)[0]-- TIME:20090223-161303

[810](16:13:04)[1]-- TIME:20090223-161304

[811](16:13:05)[2]-- TIME:20090223-161305

[812](16:13:06)[3]-- TIME:20090223-161306

[813](16:13:06)192.168.1.130: Timeout
[814](16:13:07)[0]-- TIME:20090223-161307

[815](16:13:08)[1]-- TIME:20090223-161308

[816](16:13:09)[2]-- TIME:20090223-161309

[817](16:13:10)[3]-- TIME:20090223-161310

[818](16:13:10)192.168.1.130: Timeout
[819](16:13:11)[0]-- TIME:20090223-161311

[820](16:13:12)[1]-- TIME:20090223-161312

[821](16:13:13)[2]-- TIME:20090223-161313

[822](16:13:14)[3]-- TIME:20090223-161314

[823](16:13:14)192.168.1.130: Timeout
[824](16:13:15)[0]-- TIME:20090223-161315

[825](16:13:16)[1]-- TIME:20090223-161316

[826](16:13:17)[2]-- TIME:20090223-161317

[827](16:13:18)[3]-- TIME:20090223-161318

[828](16:13:18)192.168.1.130: Timeout
[829](16:13:19)[0]-- TIME:20090223-161319

[830](16:13:20)[1]-- TIME:20090223-161320

[831](16:13:21)[2]-- TIME:20090223-161321

[832](16:13:22)[3]-- TIME:20090223-161322

[833](16:13:22)192.168.1.130: Timeout
[834](16:13:23)[0]-- TIME:20090223-161323

[835](16:13:24)[1]-- TIME:20090223-161324

[836](16:13:25)[2]-- TIME:20090223-161325

[837](16:13:26)[3]-- TIME:20090223-161326

[838](16:13:26)192.168.1.130: Timeout
[839](16:13:27)[0]-- TIME:20090223-161327

[840](16:13:28)[1]-- TIME:20090223-161328

[841](16:13:29)[2]-- TIME:20090223-161329

[842](16:13:30)[3]-- TIME:20090223-161330

[843](16:13:30)192.168.1.130: Timeout
[844](16:13:31)[0]-- TIME:20090223-161331

[845](16:13:32)[1]-- TIME:20090223-161332

[846](16:13:33)[2]-- TIME:20090223-161333

[847](16:13:34)[3]-- TIME:20090223-161334

[848](16:13:34)192.168.1.130: Timeout
[849](16:13:35)[0]-- TIME:20090223-161335

[850](16:13:36)[1]-- TIME:20090223-161336

[851](16:13:37)[2]-- TIME:20090223-161337

[852](16:13:38)[3]-- TIME:20090223-161338

[853](16:13:38)192.168.1.130: Timeout
[854](16:13:39)[0]-- TIME:20090223-161339

[855](16:13:40)[1]-- TIME:20090223-161340

[856](16:13:41)[2]-- TIME:20090223-161341

[857](16:13:42)[3]-- TIME:20090223-161342

[858](16:13:42)192.168.1.130: Timeout
[859](16:13:43)[0]-- TIME:20090223-161343

[860](16:13:44)[1]-- TIME:20090223-161344

[861](16:13:45)[2]-- TIME:20090223-161345

[862](16:13:46)[3]-- TIME:20090223-161346

[863](16:13:46)192.168.1.130: Timeout
[864](16:13:47)[0]-- TIME:20090223-161347

[865](16:13:48)[1]-- TIME:20090223-161348

[866](16:13:49)[2]-- TIME:20090223-161349

[867](16:13:50)[3]-- TIME:20090223-161350

[868](16:13:50)192.168.1.130: Timeout
[869](16:13:51)[0]-- TIME:20090223-161351

[870](16:13:52)[1]-- TIME:20090223-161352

[871](16:13:53)[2]-- TIME:20090223-161353

[872](16:13:54)[3]-- TIME:20090223-161354

[873](16:13:54)192.168.1.110: Timeout
[874](16:13:54)192.168.1.130: Timeout
[875](16:13:54)192.168.1.136: Timeout
[876](16:13:55)[0]-- TIME:20090223-161355

[877](16:13:56)[1]-- TIME:20090223-161356

[878](16:13:57)[2]-- TIME:20090223-161357

[879](16:13:58)[3]-- TIME:20090223-161358

[880](16:13:58)192.168.1.130: Timeout
[881](16:13:59)[0]-- TIME:20090223-161359

[882](16:14:00)[1]-- TIME:20090223-161400

[883](16:14:01)[2]-- TIME:20090223-161401

[884](16:14:02)[3]-- TIME:20090223-161402

[885](16:14:02)192.168.1.130: Timeout
[886](16:14:03)[0]-- TIME:20090223-161403

[887](16:14:04)[1]-- TIME:20090223-161404

[888](16:14:05)[2]-- TIME:20090223-161405

[889](16:14:06)[3]-- TIME:20090223-161406

[890](16:14:06)192.168.1.130: Timeout
[891](16:14:07)[0]-- TIME:20090223-161407

[892](16:14:08)[1]-- TIME:20090223-161408

[893](16:14:09)[2]-- TIME:20090223-161409

[894](16:14:10)[3]-- TIME:20090223-161410

[895](16:14:10)192.168.1.130: Timeout
[896](16:14:11)[0]-- TIME:20090223-161411

[897](16:14:12)[1]-- TIME:20090223-161412

[898](16:14:13)[2]-- TIME:20090223-161413

[899](16:14:14)[3]-- TIME:20090223-161414

[900](16:14:14)192.168.1.130: Timeout
[901](16:14:15)[0]-- TIME:20090223-161415

[902](16:14:16)[1]-- TIME:20090223-161416

[903](16:14:17)[2]-- TIME:20090223-161417

[904](16:14:18)[3]-- TIME:20090223-161418

[905](16:14:18)192.168.1.130: Timeout
[906](16:14:19)[0]-- TIME:20090223-161419

[907](16:14:20)[1]-- TIME:20090223-161420

[908](16:14:21)[2]-- TIME:20090223-161421

[909](16:14:22)[3]-- TIME:20090223-161422

[910](16:14:22)192.168.1.130: Timeout
[911](16:14:23)[0]-- TIME:20090223-161423

[912](16:14:24)[1]-- TIME:20090223-161424

[913](16:14:25)[2]-- TIME:20090223-161425

[914](16:14:26)[3]-- TIME:20090223-161426

[915](16:14:26)192.168.1.130: Timeout
[916](16:14:27)[0]-- TIME:20090223-161427

[917](16:14:28)[1]-- TIME:20090223-161428

[918](16:14:29)[2]-- TIME:20090223-161429

[919](16:14:30)[3]-- TIME:20090223-161430

[920](16:14:30)192.168.1.130: Timeout
[921](16:14:31)[0]-- TIME:20090223-161431

[922](16:14:32)[1]-- TIME:20090223-161432

[923](16:14:33)[2]-- TIME:20090223-161433

[924](16:14:34)[3]-- TIME:20090223-161434

[925](16:14:34)192.168.1.130: Timeout
[926](16:14:35)[0]-- TIME:20090223-161435

[927](16:14:36)[1]-- TIME:20090223-161436

[928](16:14:37)[2]-- TIME:20090223-161437

[929](16:14:38)[3]-- TIME:20090223-161438

[930](16:14:38)192.168.1.130: Timeout
[931](16:14:39)[0]-- TIME:20090223-161439

[932](16:14:40)[1]-- TIME:20090223-161440

[933](16:14:41)[2]-- TIME:20090223-161441

[934](16:14:42)[3]-- TIME:20090223-161442

[935](16:14:42)192.168.1.130: Timeout
[936](16:14:43)[0]-- TIME:20090223-161443

[937](16:14:44)[1]-- TIME:20090223-161444

[938](16:14:45)[2]-- TIME:20090223-161445

[939](16:14:46)[3]-- TIME:20090223-161446

[940](16:14:46)192.168.1.130: Timeout
[941](16:14:47)[0]-- TIME:20090223-161447

[942](16:14:48)[1]-- TIME:20090223-161448

[943](16:14:49)[2]-- TIME:20090223-161449

[944](16:14:50)[3]-- TIME:20090223-161450

[945](16:14:50)192.168.1.130: Timeout
[946](16:14:51)[0]-- TIME:20090223-161451

[947](16:14:52)[1]-- TIME:20090223-161452

[948](16:14:53)[2]-- TIME:20090223-161453

[949](16:14:54)[3]-- TIME:20090223-161454

[950](16:14:54)192.168.1.130: Timeout
[951](16:14:55)[0]-- TIME:20090223-161455

[952](16:14:56)[1]-- TIME:20090223-161456

[953](16:14:57)[2]-- TIME:20090223-161457

[954](16:14:58)[3]-- TIME:20090223-161458

[955](16:14:58)192.168.1.130: Timeout
[956](16:14:59)[0]-- TIME:20090223-161459

[957](16:15:00)[1]-- TIME:20090223-161500

[958](16:15:01)[2]-- TIME:20090223-161501

[959](16:15:02)[3]-- TIME:20090223-161502

[960](16:15:02)192.168.1.130: Timeout
[961](16:15:03)[0]-- TIME:20090223-161503

[962](16:15:04)[1]-- TIME:20090223-161504

[963](16:15:05)[2]-- TIME:20090223-161505

[964](16:15:06)[3]-- TIME:20090223-161506

[965](16:15:06)192.168.1.130: Timeout
[966](16:15:06)192.168.1.136: Timeout
[967](16:15:07)[0]-- TIME:20090223-161507

[968](16:15:08)[1]-- TIME:20090223-161508

[969](16:15:09)[2]-- TIME:20090223-161509

[970](16:15:10)[3]-- TIME:20090223-161510

[971](16:15:10)192.168.1.130: Timeout
[972](16:15:11)[0]-- TIME:20090223-161511

[973](16:15:12)[1]-- TIME:20090223-161512

[974](16:15:13)[2]-- TIME:20090223-161513

[975](16:15:14)[3]-- TIME:20090223-161514

[976](16:15:14)192.168.1.130: Timeout
[977](16:15:15)[0]-- TIME:20090223-161515

[978](16:15:16)[1]-- TIME:20090223-161516

[979](16:15:17)[2]-- TIME:20090223-161517

[980](16:15:18)[3]-- TIME:20090223-161518

[981](16:15:18)192.168.1.130: Timeout
[982](16:15:19)[0]-- TIME:20090223-161519

[983](16:15:20)[1]-- TIME:20090223-161520

[984](16:15:21)[2]-- TIME:20090223-161521

[985](16:15:22)[3]-- TIME:20090223-161522

[986](16:15:22)192.168.1.130: Timeout
[987](16:15:23)[0]-- TIME:20090223-161523

[988](16:15:24)[1]-- TIME:20090223-161524

[989](16:15:25)[2]-- TIME:20090223-161525

[990](16:15:26)[3]-- TIME:20090223-161526

[991](16:15:26)192.168.1.130: Timeout
[992](16:15:27)[0]-- TIME:20090223-161527

[993](16:15:28)[1]-- TIME:20090223-161528

[994](16:15:29)[2]-- TIME:20090223-161529

[995](16:15:30)[3]-- TIME:20090223-161530

[996](16:15:30)192.168.1.130: Timeout
[997](16:15:31)[0]-- TIME:20090223-161531

[998](16:15:32)[1]-- TIME:20090223-161532

[999](16:15:33)[2]-- TIME:20090223-161533

[1000](16:15:34)[3]-- TIME:20090223-161534
