
[0](11:53:58)======== MONITA APP STARTING ===========
[1](11:53:58)Load file konfigurasi
[2](11:53:58)Baca konfig
[3](11:53:58)Baca konfig: OK
[4](11:54:07)Simpan konfig
[5](11:54:08)Simpan konfig: OK
[6](12:09:57)Mulai logging data
[7](12:09:59)[0]-- TIME:20090303-120959

[8](12:10:00)[1]-- TIME:20090303-121000

[9](12:10:01)[2]-- TIME:20090303-121001

[10](12:10:02)[3]-- TIME:20090303-121002

[11](12:10:03)[0]-- TIME:20090303-121003

[12](12:10:04)[1]-- TIME:20090303-121004

[13](12:10:05)[2]-- TIME:20090303-121005

[14](12:10:06)[3]-- TIME:20090303-121006

[15](12:10:07)[0]-- TIME:20090303-121007

[16](12:10:08)[1]-- TIME:20090303-121008

[17](12:10:09)[2]-- TIME:20090303-121009

[18](12:10:10)[3]-- TIME:20090303-121010

[19](12:10:11)[0]-- TIME:20090303-121011

[20](12:10:12)[1]-- TIME:20090303-121012

[21](12:10:13)[2]-- TIME:20090303-121013

[22](12:10:14)[3]-- TIME:20090303-121014

[23](12:10:15)[0]-- TIME:20090303-121015

[24](12:10:16)[1]-- TIME:20090303-121016

[25](12:10:17)[2]-- TIME:20090303-121017

[26](12:10:18)[3]-- TIME:20090303-121018

[27](12:10:20)[0]-- TIME:20090303-121020

[28](12:10:21)[1]-- TIME:20090303-121021

[29](12:10:22)[2]-- TIME:20090303-121022

[30](12:10:23)[3]-- TIME:20090303-121023

[31](12:10:24)10.23.128.24: Timeout
[32](12:10:24)[0]-- TIME:20090303-121024

[33](12:10:25)[1]-- TIME:20090303-121025

[34](12:10:26)[2]-- TIME:20090303-121026

[35](12:10:27)[3]-- TIME:20090303-121027

[36](12:10:28)[0]-- TIME:20090303-121028

[37](12:10:29)[1]-- TIME:20090303-121029

[38](12:10:30)[2]-- TIME:20090303-121030

[39](12:10:31)[3]-- TIME:20090303-121031

[40](12:10:32)[0]-- TIME:20090303-121032

[41](12:10:33)[1]-- TIME:20090303-121033

[42](12:10:34)[2]-- TIME:20090303-121034

[43](12:10:35)[3]-- TIME:20090303-121035

[44](12:10:36)[0]-- TIME:20090303-121036

[45](12:10:37)[1]-- TIME:20090303-121037

[46](12:10:38)[2]-- TIME:20090303-121038

[47](12:10:39)[3]-- TIME:20090303-121039

[48](12:10:40)[0]-- TIME:20090303-121040

[49](12:10:41)[1]-- TIME:20090303-121041

[50](12:10:42)[2]-- TIME:20090303-121042

[51](12:10:43)[3]-- TIME:20090303-121043

[52](12:10:44)[0]-- TIME:20090303-121044

[53](12:10:45)[1]-- TIME:20090303-121045

[54](12:10:46)[2]-- TIME:20090303-121046

[55](12:10:47)[3]-- TIME:20090303-121047

[56](12:10:48)[0]-- TIME:20090303-121048

[57](12:10:49)[1]-- TIME:20090303-121049

[58](12:10:50)[2]-- TIME:20090303-121050

[59](12:10:51)[3]-- TIME:20090303-121051

[60](12:10:52)[0]-- TIME:20090303-121052

[61](12:10:53)[1]-- TIME:20090303-121053

[62](12:10:54)[2]-- TIME:20090303-121054

[63](12:10:55)[3]-- TIME:20090303-121055

[64](12:10:56)[0]-- TIME:20090303-121056

[65](12:10:57)[1]-- TIME:20090303-121057

[66](12:10:58)[2]-- TIME:20090303-121058

[67](12:10:59)[3]-- TIME:20090303-121059

[68](12:11:00)[0]-- TIME:20090303-121100

[69](12:11:01)[1]-- TIME:20090303-121101

[70](12:11:02)[2]-- TIME:20090303-121102

[71](12:11:03)[3]-- TIME:20090303-121103

[72](12:11:04)[0]-- TIME:20090303-121104

[73](12:11:05)[1]-- TIME:20090303-121105

[74](12:11:06)[2]-- TIME:20090303-121106

[75](12:11:07)[3]-- TIME:20090303-121107

[76](12:11:08)[0]-- TIME:20090303-121108

[77](12:11:09)[1]-- TIME:20090303-121109

[78](12:11:10)[2]-- TIME:20090303-121110

[79](12:11:11)[3]-- TIME:20090303-121111

[80](12:11:12)[0]-- TIME:20090303-121112

[81](12:11:13)[1]-- TIME:20090303-121113

[82](12:11:14)[2]-- TIME:20090303-121114

[83](12:11:15)[3]-- TIME:20090303-121115

[84](12:11:16)[0]-- TIME:20090303-121116

[85](12:11:17)[1]-- TIME:20090303-121117

[86](12:11:18)[2]-- TIME:20090303-121118

[87](12:11:19)[3]-- TIME:20090303-121119

[88](12:11:20)[0]-- TIME:20090303-121120

[89](12:11:21)[1]-- TIME:20090303-121121

[90](12:11:22)[2]-- TIME:20090303-121122

[91](12:11:23)[3]-- TIME:20090303-121123

[92](12:11:24)[0]-- TIME:20090303-121124

[93](12:11:25)[1]-- TIME:20090303-121125

[94](12:11:26)[2]-- TIME:20090303-121126

[95](12:11:27)[3]-- TIME:20090303-121127

[96](12:11:28)[0]-- TIME:20090303-121128

[97](12:11:29)[1]-- TIME:20090303-121129

[98](12:11:30)[2]-- TIME:20090303-121130

[99](12:11:31)[3]-- TIME:20090303-121131

[100](12:11:32)[0]-- TIME:20090303-121132

[101](12:11:33)[1]-- TIME:20090303-121133

[102](12:11:34)[2]-- TIME:20090303-121134

[103](12:11:35)[3]-- TIME:20090303-121135

[104](12:11:36)[0]-- TIME:20090303-121136

[105](12:11:37)[1]-- TIME:20090303-121137

[106](12:11:38)[2]-- TIME:20090303-121138

[107](12:11:39)[3]-- TIME:20090303-121139

[108](12:11:40)[0]-- TIME:20090303-121140

[109](12:11:41)[1]-- TIME:20090303-121141

[110](12:11:42)[2]-- TIME:20090303-121142

[111](12:11:43)[3]-- TIME:20090303-121143

[112](12:11:44)[0]-- TIME:20090303-121144

[113](12:11:45)[1]-- TIME:20090303-121145

[114](12:11:46)[2]-- TIME:20090303-121146

[115](12:11:47)[3]-- TIME:20090303-121147

[116](12:11:48)[0]-- TIME:20090303-121148

[117](12:11:49)[1]-- TIME:20090303-121149

[118](12:11:50)[2]-- TIME:20090303-121150

[119](12:11:51)[3]-- TIME:20090303-121151

[120](12:11:52)[0]-- TIME:20090303-121152

[121](12:11:59)[1]-- TIME:20090303-121159

[122](12:12:00)[2]-- TIME:20090303-121200

[123](12:12:01)[3]-- TIME:20090303-121201

[124](12:12:01)10.23.128.24: Timeout
[125](12:12:02)[0]-- TIME:20090303-121202

[126](12:12:09)[1]-- TIME:20090303-121209

[127](12:12:10)[2]-- TIME:20090303-121210

[128](12:12:11)[3]-- TIME:20090303-121211

[129](12:12:11)10.23.128.24: Timeout
[130](12:12:12)[0]-- TIME:20090303-121212

[131](12:12:19)[1]-- TIME:20090303-121219

[132](12:12:20)[2]-- TIME:20090303-121220

[133](12:12:21)[3]-- TIME:20090303-121221

[134](12:12:21)10.23.128.24: Timeout
[135](12:12:22)[0]-- TIME:20090303-121222

[136](12:12:29)[1]-- TIME:20090303-121229

[137](12:12:30)[2]-- TIME:20090303-121230

[138](12:12:31)[3]-- TIME:20090303-121231

[139](12:12:31)10.23.128.24: Timeout
[140](12:12:32)[0]-- TIME:20090303-121232

[141](12:12:37)[1]-- TIME:20090303-121237

[142](12:12:38)[2]-- TIME:20090303-121238

[143](12:12:39)[3]-- TIME:20090303-121239

[144](12:12:40)[0]-- TIME:20090303-121240

[145](12:12:41)[1]-- TIME:20090303-121241

[146](12:12:42)[2]-- TIME:20090303-121242

[147](12:12:43)[3]-- TIME:20090303-121243

[148](12:12:44)[0]-- TIME:20090303-121244

[149](12:12:51)[1]-- TIME:20090303-121251

[150](12:12:52)[2]-- TIME:20090303-121252

[151](12:12:53)[3]-- TIME:20090303-121253

[152](12:12:54)[0]-- TIME:20090303-121254

[153](12:13:01)[1]-- TIME:20090303-121301

[154](12:13:02)[2]-- TIME:20090303-121302

[155](12:13:03)[3]-- TIME:20090303-121303

[156](12:13:04)[0]-- TIME:20090303-121304

[157](12:13:07)[1]-- TIME:20090303-121307

[158](12:13:08)[2]-- TIME:20090303-121308

[159](12:13:09)[3]-- TIME:20090303-121309

[160](12:13:10)[0]-- TIME:20090303-121310

[161](12:13:11)[1]-- TIME:20090303-121311

[162](12:13:12)[2]-- TIME:20090303-121312

[163](12:13:13)[3]-- TIME:20090303-121313

[164](12:13:14)[0]-- TIME:20090303-121314

[165](12:13:15)[1]-- TIME:20090303-121315

[166](12:13:16)[2]-- TIME:20090303-121316

[167](12:13:17)[3]-- TIME:20090303-121317

[168](12:13:18)[0]-- TIME:20090303-121318

[169](12:13:19)[1]-- TIME:20090303-121319

[170](12:13:20)[2]-- TIME:20090303-121320

[171](12:13:21)[3]-- TIME:20090303-121321

[172](12:13:22)[0]-- TIME:20090303-121322

[173](12:13:23)[1]-- TIME:20090303-121323

[174](12:13:24)[2]-- TIME:20090303-121324

[175](12:13:25)[3]-- TIME:20090303-121325

[176](12:13:26)[0]-- TIME:20090303-121326

[177](12:13:27)[1]-- TIME:20090303-121327

[178](12:13:28)[2]-- TIME:20090303-121328

[179](12:13:29)[3]-- TIME:20090303-121329

[180](12:13:30)[0]-- TIME:20090303-121330

[181](12:13:31)[1]-- TIME:20090303-121331

[182](12:13:32)[2]-- TIME:20090303-121332

[183](12:13:33)[3]-- TIME:20090303-121333

[184](12:13:34)[0]-- TIME:20090303-121334

[185](12:13:35)[1]-- TIME:20090303-121335

[186](12:13:36)[2]-- TIME:20090303-121336

[187](12:13:37)[3]-- TIME:20090303-121337

[188](12:13:38)[0]-- TIME:20090303-121338

[189](12:13:45)[1]-- TIME:20090303-121345

[190](12:13:46)[2]-- TIME:20090303-121346

[191](12:13:47)[3]-- TIME:20090303-121347

[192](12:13:47)10.23.128.24: Timeout
[193](12:13:48)[0]-- TIME:20090303-121348

[194](12:13:55)[1]-- TIME:20090303-121355

[195](12:13:56)[2]-- TIME:20090303-121356

[196](12:13:57)[3]-- TIME:20090303-121357

[197](12:13:57)10.23.128.24: Timeout
[198](12:13:58)[0]-- TIME:20090303-121358

[199](12:14:05)[1]-- TIME:20090303-121405

[200](12:14:06)[2]-- TIME:20090303-121406

[201](12:14:07)[3]-- TIME:20090303-121407

[202](12:14:07)10.23.128.24: Timeout
[203](12:14:08)[0]-- TIME:20090303-121408

[204](12:14:15)[1]-- TIME:20090303-121415

[205](12:14:16)[2]-- TIME:20090303-121416

[206](12:14:17)[3]-- TIME:20090303-121417

[207](12:14:17)10.23.128.24: Timeout
[208](12:14:18)[0]-- TIME:20090303-121418

[209](12:14:21)[1]-- TIME:20090303-121421

[210](12:14:22)[2]-- TIME:20090303-121422

[211](12:14:23)[3]-- TIME:20090303-121423

[212](12:14:24)[0]-- TIME:20090303-121424

[213](12:14:25)[1]-- TIME:20090303-121425

[214](12:14:26)[2]-- TIME:20090303-121426

[215](12:14:27)[3]-- TIME:20090303-121427

[216](12:14:28)[0]-- TIME:20090303-121428

[217](12:14:29)[1]-- TIME:20090303-121429

[218](12:14:30)[2]-- TIME:20090303-121430

[219](12:14:31)[3]-- TIME:20090303-121431

[220](12:14:32)[0]-- TIME:20090303-121432

[221](12:14:33)[1]-- TIME:20090303-121433

[222](12:14:34)[2]-- TIME:20090303-121434

[223](12:14:35)[3]-- TIME:20090303-121435

[224](12:14:36)[0]-- TIME:20090303-121436

[225](12:14:37)[1]-- TIME:20090303-121437

[226](12:14:38)[2]-- TIME:20090303-121438

[227](12:14:39)[3]-- TIME:20090303-121439

[228](12:14:40)[0]-- TIME:20090303-121440

[229](12:14:47)[1]-- TIME:20090303-121447

[230](12:14:48)[2]-- TIME:20090303-121448

[231](12:14:49)[3]-- TIME:20090303-121449

[232](12:14:49)10.23.128.24: Timeout
[233](12:14:50)[0]-- TIME:20090303-121450

[234](12:14:57)[1]-- TIME:20090303-121457

[235](12:14:58)[2]-- TIME:20090303-121458

[236](12:14:59)[3]-- TIME:20090303-121459

[237](12:14:59)10.23.128.24: Timeout
[238](12:15:00)[0]-- TIME:20090303-121500

[239](12:15:07)[1]-- TIME:20090303-121507

[240](12:15:08)[2]-- TIME:20090303-121508

[241](12:15:09)[3]-- TIME:20090303-121509

[242](12:15:09)10.23.128.24: Timeout
[243](12:15:10)[0]-- TIME:20090303-121510

[244](12:15:17)[1]-- TIME:20090303-121517

[245](12:15:18)[2]-- TIME:20090303-121518

[246](12:15:19)[3]-- TIME:20090303-121519

[247](12:15:19)10.23.128.24: Timeout
[248](12:15:20)[0]-- TIME:20090303-121520

[249](12:15:23)[1]-- TIME:20090303-121523

[250](12:15:24)[2]-- TIME:20090303-121524

[251](12:15:25)[3]-- TIME:20090303-121525

[252](12:15:26)[0]-- TIME:20090303-121526

[253](12:15:27)[1]-- TIME:20090303-121527

[254](12:15:28)[2]-- TIME:20090303-121528

[255](12:15:29)[3]-- TIME:20090303-121529

[256](12:15:30)[0]-- TIME:20090303-121530

[257](12:15:37)[1]-- TIME:20090303-121537

[258](12:15:38)[2]-- TIME:20090303-121538

[259](12:15:39)[3]-- TIME:20090303-121539

[260](12:15:39)10.23.128.24: Timeout
[261](12:15:40)[0]-- TIME:20090303-121540

[262](12:15:47)[1]-- TIME:20090303-121547

[263](12:15:48)[2]-- TIME:20090303-121548

[264](12:15:49)[3]-- TIME:20090303-121549

[265](12:15:49)10.23.128.24: Timeout
[266](12:15:50)[0]-- TIME:20090303-121550

[267](12:15:57)[1]-- TIME:20090303-121557

[268](12:15:58)[2]-- TIME:20090303-121558

[269](12:15:59)[3]-- TIME:20090303-121559

[270](12:15:59)10.23.128.24: Timeout
[271](12:16:00)[0]-- TIME:20090303-121600

[272](12:16:07)[1]-- TIME:20090303-121607

[273](12:16:08)[2]-- TIME:20090303-121608

[274](12:16:09)[3]-- TIME:20090303-121609

[275](12:16:09)10.23.128.24: Timeout
[276](12:16:10)[0]-- TIME:20090303-121610

[277](12:16:11)[1]-- TIME:20090303-121611

[278](12:16:12)[2]-- TIME:20090303-121612

[279](12:16:13)[3]-- TIME:20090303-121613

[280](12:16:14)[0]-- TIME:20090303-121614

[281](12:16:17)[1]-- TIME:20090303-121617

[282](12:16:18)[2]-- TIME:20090303-121618

[283](12:16:19)[3]-- TIME:20090303-121619

[284](12:16:20)[0]-- TIME:20090303-121620

[285](12:16:21)[1]-- TIME:20090303-121621

[286](12:16:22)[2]-- TIME:20090303-121622

[287](12:16:23)[3]-- TIME:20090303-121623

[288](12:16:24)[0]-- TIME:20090303-121624

[289](12:16:25)[1]-- TIME:20090303-121625

[290](12:16:26)[2]-- TIME:20090303-121626

[291](12:16:27)[3]-- TIME:20090303-121627

[292](12:16:28)[0]-- TIME:20090303-121628

[293](12:16:29)[1]-- TIME:20090303-121629

[294](12:16:30)[2]-- TIME:20090303-121630

[295](12:16:31)[3]-- TIME:20090303-121631

[296](12:16:32)[0]-- TIME:20090303-121632

[297](12:16:33)[1]-- TIME:20090303-121633

[298](12:16:34)[2]-- TIME:20090303-121634

[299](12:16:35)[3]-- TIME:20090303-121635

[300](12:16:36)[0]-- TIME:20090303-121636

[301](12:16:37)[1]-- TIME:20090303-121637

[302](12:16:38)[2]-- TIME:20090303-121638

[303](12:16:39)[3]-- TIME:20090303-121639

[304](12:16:40)[0]-- TIME:20090303-121640

[305](12:16:41)[1]-- TIME:20090303-121641

[306](12:16:42)[2]-- TIME:20090303-121642

[307](12:16:43)[3]-- TIME:20090303-121643

[308](12:16:44)[0]-- TIME:20090303-121644

[309](12:16:45)[1]-- TIME:20090303-121645

[310](12:16:46)[2]-- TIME:20090303-121646

[311](12:16:47)[3]-- TIME:20090303-121647

[312](12:16:48)[0]-- TIME:20090303-121648

[313](12:16:49)[1]-- TIME:20090303-121649

[314](12:16:50)[2]-- TIME:20090303-121650

[315](12:16:51)[3]-- TIME:20090303-121651

[316](12:16:52)[0]-- TIME:20090303-121652

[317](12:16:53)[1]-- TIME:20090303-121653

[318](12:16:54)[2]-- TIME:20090303-121654

[319](12:16:55)[3]-- TIME:20090303-121655

[320](12:16:56)[0]-- TIME:20090303-121656

[321](12:16:57)[1]-- TIME:20090303-121657

[322](12:16:58)[2]-- TIME:20090303-121658

[323](12:16:59)[3]-- TIME:20090303-121659

[324](12:17:00)[0]-- TIME:20090303-121700

[325](12:17:01)[1]-- TIME:20090303-121701

[326](12:17:02)[2]-- TIME:20090303-121702

[327](12:17:03)[3]-- TIME:20090303-121703

[328](12:17:04)[0]-- TIME:20090303-121704

[329](12:17:05)[1]-- TIME:20090303-121705

[330](12:17:06)[2]-- TIME:20090303-121706

[331](12:17:07)[3]-- TIME:20090303-121707

[332](12:17:08)[0]-- TIME:20090303-121708

[333](12:17:09)[1]-- TIME:20090303-121709

[334](12:17:10)[2]-- TIME:20090303-121710

[335](12:17:11)[3]-- TIME:20090303-121711

[336](12:17:12)[0]-- TIME:20090303-121712

[337](12:17:13)[1]-- TIME:20090303-121713

[338](12:17:14)[2]-- TIME:20090303-121714

[339](12:17:15)[3]-- TIME:20090303-121715

[340](12:17:16)[0]-- TIME:20090303-121716

[341](12:17:17)[1]-- TIME:20090303-121717

[342](12:17:18)[2]-- TIME:20090303-121718

[343](12:17:19)[3]-- TIME:20090303-121719

[344](12:17:20)[0]-- TIME:20090303-121720

[345](12:17:27)[1]-- TIME:20090303-121727

[346](12:17:28)[2]-- TIME:20090303-121728

[347](12:17:29)[3]-- TIME:20090303-121729

[348](12:17:29)10.23.128.24: Timeout
[349](12:17:30)[0]-- TIME:20090303-121730

[350](12:17:31)[1]-- TIME:20090303-121731

[351](12:17:32)[2]-- TIME:20090303-121732

[352](12:17:33)[3]-- TIME:20090303-121733

[353](12:17:34)[0]-- TIME:20090303-121734

[354](12:17:41)[1]-- TIME:20090303-121741

[355](12:17:42)[2]-- TIME:20090303-121742

[356](12:17:43)[3]-- TIME:20090303-121743

[357](12:17:43)10.23.128.24: Timeout
[358](12:17:44)[0]-- TIME:20090303-121744

[359](12:17:51)[1]-- TIME:20090303-121751

[360](12:17:52)[2]-- TIME:20090303-121752

[361](12:17:53)[3]-- TIME:20090303-121753

[362](12:17:53)10.23.128.24: Timeout
[363](12:17:54)[0]-- TIME:20090303-121754

[364](12:18:01)[1]-- TIME:20090303-121801

[365](12:18:02)[2]-- TIME:20090303-121802

[366](12:18:03)[3]-- TIME:20090303-121803

[367](12:18:03)10.23.128.24: Timeout
[368](12:18:04)[0]-- TIME:20090303-121804

[369](12:18:11)[1]-- TIME:20090303-121811

[370](12:18:12)[2]-- TIME:20090303-121812

[371](12:18:13)[3]-- TIME:20090303-121813

[372](12:18:13)10.23.128.24: Timeout
[373](12:18:14)[0]-- TIME:20090303-121814

[374](12:18:17)[1]-- TIME:20090303-121817

[375](12:18:18)[2]-- TIME:20090303-121818

[376](12:18:19)[3]-- TIME:20090303-121819

[377](12:18:20)[0]-- TIME:20090303-121820

[378](12:18:23)[1]-- TIME:20090303-121823

[379](12:18:24)[2]-- TIME:20090303-121824

[380](12:18:25)[3]-- TIME:20090303-121825

[381](12:18:26)[0]-- TIME:20090303-121826

[382](12:18:29)[1]-- TIME:20090303-121829

[383](12:18:30)[2]-- TIME:20090303-121830

[384](12:18:31)[3]-- TIME:20090303-121831

[385](12:18:32)[0]-- TIME:20090303-121832

[386](12:18:39)[1]-- TIME:20090303-121839

[387](12:18:40)[2]-- TIME:20090303-121840

[388](12:18:41)[3]-- TIME:20090303-121841

[389](12:18:41)10.23.128.24: Timeout
[390](12:18:42)[0]-- TIME:20090303-121842

[391](12:18:45)[1]-- TIME:20090303-121845

[392](12:18:46)[2]-- TIME:20090303-121846

[393](12:18:47)[3]-- TIME:20090303-121847

[394](12:18:48)[0]-- TIME:20090303-121848

[395](12:18:49)[1]-- TIME:20090303-121849

[396](12:18:50)[2]-- TIME:20090303-121850

[397](12:18:51)[3]-- TIME:20090303-121851

[398](12:18:52)[0]-- TIME:20090303-121852

[399](12:18:59)[1]-- TIME:20090303-121859

[400](12:19:00)[2]-- TIME:20090303-121900

[401](12:19:01)[3]-- TIME:20090303-121901

[402](12:19:01)10.23.128.24: Timeout
[403](12:19:02)[0]-- TIME:20090303-121902

[404](12:19:05)[1]-- TIME:20090303-121905

[405](12:19:06)[2]-- TIME:20090303-121906

[406](12:19:07)[3]-- TIME:20090303-121907

[407](12:19:08)[0]-- TIME:20090303-121908

[408](12:19:15)[1]-- TIME:20090303-121915

[409](12:19:16)[2]-- TIME:20090303-121916

[410](12:19:17)[3]-- TIME:20090303-121917

[411](12:19:17)10.23.128.24: Timeout
[412](12:19:18)[0]-- TIME:20090303-121918

[413](12:19:25)[1]-- TIME:20090303-121925

[414](12:19:26)[2]-- TIME:20090303-121926

[415](12:19:27)[3]-- TIME:20090303-121927

[416](12:19:27)10.23.128.24: Timeout
[417](12:19:28)[0]-- TIME:20090303-121928

[418](12:19:35)[1]-- TIME:20090303-121935

[419](12:19:36)[2]-- TIME:20090303-121936

[420](12:19:37)[3]-- TIME:20090303-121937

[421](12:19:37)10.23.128.24: Timeout
[422](12:19:38)[0]-- TIME:20090303-121938

[423](12:19:41)[1]-- TIME:20090303-121941

[424](12:19:42)[2]-- TIME:20090303-121942

[425](12:19:43)[3]-- TIME:20090303-121943

[426](12:19:44)[0]-- TIME:20090303-121944

[427](12:19:49)[1]-- TIME:20090303-121949

[428](12:19:50)[2]-- TIME:20090303-121950

[429](12:19:51)[3]-- TIME:20090303-121951

[430](12:19:52)[0]-- TIME:20090303-121952

[431](12:19:53)[1]-- TIME:20090303-121953

[432](12:19:54)[2]-- TIME:20090303-121954

[433](12:19:55)[3]-- TIME:20090303-121955

[434](12:19:56)[0]-- TIME:20090303-121956

[435](12:19:59)[1]-- TIME:20090303-121959

[436](12:20:00)[2]-- TIME:20090303-122000

[437](12:20:01)[3]-- TIME:20090303-122001

[438](12:20:02)[0]-- TIME:20090303-122002

[439](12:20:09)[1]-- TIME:20090303-122009

[440](12:20:10)[2]-- TIME:20090303-122010

[441](12:20:11)[3]-- TIME:20090303-122011

[442](12:20:11)10.23.128.24: Timeout
[443](12:20:12)[0]-- TIME:20090303-122012

[444](12:20:17)[1]-- TIME:20090303-122017

[445](12:20:18)[2]-- TIME:20090303-122018

[446](12:20:19)[3]-- TIME:20090303-122019

[447](12:20:20)[0]-- TIME:20090303-122020

[448](12:20:21)[1]-- TIME:20090303-122021

[449](12:20:22)[2]-- TIME:20090303-122022

[450](12:20:23)[3]-- TIME:20090303-122023

[451](12:20:24)[0]-- TIME:20090303-122024

[452](12:20:25)[1]-- TIME:20090303-122025

[453](12:20:26)[2]-- TIME:20090303-122026

[454](12:20:27)[3]-- TIME:20090303-122027

[455](12:20:28)[0]-- TIME:20090303-122028

[456](12:20:35)[1]-- TIME:20090303-122035

[457](12:20:36)[2]-- TIME:20090303-122036

[458](12:20:37)[3]-- TIME:20090303-122037

[459](12:20:37)10.23.128.24: Timeout
[460](12:20:38)[0]-- TIME:20090303-122038

[461](12:20:45)[1]-- TIME:20090303-122045

[462](12:20:46)[2]-- TIME:20090303-122046

[463](12:20:47)[3]-- TIME:20090303-122047

[464](12:20:47)10.23.128.24: Timeout
[465](12:20:48)[0]-- TIME:20090303-122048

[466](12:20:55)[1]-- TIME:20090303-122055

[467](12:20:56)[2]-- TIME:20090303-122056

[468](12:20:57)[3]-- TIME:20090303-122057

[469](12:20:57)10.23.128.24: Timeout
[470](12:20:58)[0]-- TIME:20090303-122058

[471](12:21:01)[1]-- TIME:20090303-122101

[472](12:21:02)[2]-- TIME:20090303-122102

[473](12:21:03)[3]-- TIME:20090303-122103

[474](12:21:04)[0]-- TIME:20090303-122104

[475](12:21:07)[1]-- TIME:20090303-122107

[476](12:21:08)[2]-- TIME:20090303-122108

[477](12:21:09)[3]-- TIME:20090303-122109

[478](12:21:10)[0]-- TIME:20090303-122110

[479](12:21:11)[1]-- TIME:20090303-122111

[480](12:21:12)[2]-- TIME:20090303-122112

[481](12:21:13)[3]-- TIME:20090303-122113

[482](12:21:14)[0]-- TIME:20090303-122114

[483](12:21:21)[1]-- TIME:20090303-122121

[484](12:21:22)[2]-- TIME:20090303-122122

[485](12:21:23)[3]-- TIME:20090303-122123

[486](12:21:23)10.23.128.24: Timeout
[487](12:21:24)[0]-- TIME:20090303-122124

[488](12:21:31)[1]-- TIME:20090303-122131

[489](12:21:32)[2]-- TIME:20090303-122132

[490](12:21:33)[3]-- TIME:20090303-122133

[491](12:21:33)10.23.128.24: Timeout
[492](12:21:34)[0]-- TIME:20090303-122134

[493](12:21:41)[1]-- TIME:20090303-122141

[494](12:21:42)[2]-- TIME:20090303-122142

[495](12:21:43)[3]-- TIME:20090303-122143

[496](12:21:43)10.23.128.24: Timeout
[497](12:21:44)[0]-- TIME:20090303-122144

[498](12:21:51)[1]-- TIME:20090303-122151

[499](12:21:52)[2]-- TIME:20090303-122152

[500](12:21:53)[3]-- TIME:20090303-122153

[501](12:21:53)10.23.128.24: Timeout
[502](12:21:54)[0]-- TIME:20090303-122154

[503](12:22:01)[1]-- TIME:20090303-122201

[504](12:22:02)[2]-- TIME:20090303-122202

[505](12:22:03)[3]-- TIME:20090303-122203

[506](12:22:03)10.23.128.24: Timeout
[507](12:22:04)[0]-- TIME:20090303-122204

[508](12:22:07)[1]-- TIME:20090303-122207

[509](12:22:08)[2]-- TIME:20090303-122208

[510](12:22:09)[3]-- TIME:20090303-122209

[511](12:22:10)[0]-- TIME:20090303-122210

[512](12:22:11)[1]-- TIME:20090303-122211

[513](12:22:12)[2]-- TIME:20090303-122212

[514](12:22:13)[3]-- TIME:20090303-122213

[515](12:22:14)[0]-- TIME:20090303-122214

[516](12:22:21)[1]-- TIME:20090303-122221

[517](12:22:22)[2]-- TIME:20090303-122222

[518](12:22:23)[3]-- TIME:20090303-122223

[519](12:22:23)10.23.128.24: Timeout
[520](12:22:24)[0]-- TIME:20090303-122224

[521](12:22:31)[1]-- TIME:20090303-122231

[522](12:22:32)[2]-- TIME:20090303-122232

[523](12:22:33)[3]-- TIME:20090303-122233

[524](12:22:33)10.23.128.24: Timeout
[525](12:22:34)[0]-- TIME:20090303-122234

[526](12:22:41)[1]-- TIME:20090303-122241

[527](12:22:42)[2]-- TIME:20090303-122242

[528](12:22:43)[3]-- TIME:20090303-122243

[529](12:22:43)10.23.128.24: Timeout
[530](12:22:44)[0]-- TIME:20090303-122244

[531](12:22:47)[1]-- TIME:20090303-122247

[532](12:22:48)[2]-- TIME:20090303-122248

[533](12:22:49)[3]-- TIME:20090303-122249

[534](12:22:50)[0]-- TIME:20090303-122250

[535](12:22:53)[1]-- TIME:20090303-122253

[536](12:22:54)[2]-- TIME:20090303-122254

[537](12:22:55)[3]-- TIME:20090303-122255

[538](12:22:56)[0]-- TIME:20090303-122256

[539](12:23:03)[1]-- TIME:20090303-122303

[540](12:23:04)[2]-- TIME:20090303-122304

[541](12:23:05)[3]-- TIME:20090303-122305

[542](12:23:05)10.23.128.24: Timeout
[543](12:23:06)[0]-- TIME:20090303-122306

[544](12:23:13)[1]-- TIME:20090303-122313

[545](12:23:14)[2]-- TIME:20090303-122314

[546](12:23:15)[3]-- TIME:20090303-122315

[547](12:23:15)10.23.128.24: Timeout
[548](12:23:16)[0]-- TIME:20090303-122316

[549](12:23:23)[1]-- TIME:20090303-122323

[550](12:23:24)[2]-- TIME:20090303-122324

[551](12:23:25)[3]-- TIME:20090303-122325

[552](12:23:25)10.23.128.24: Timeout
[553](12:23:26)[0]-- TIME:20090303-122326

[554](12:23:33)[1]-- TIME:20090303-122333

[555](12:23:34)[2]-- TIME:20090303-122334

[556](12:23:35)[3]-- TIME:20090303-122335

[557](12:23:35)10.23.128.24: Timeout
[558](12:23:36)[0]-- TIME:20090303-122336

[559](12:23:43)[1]-- TIME:20090303-122343

[560](12:23:44)[2]-- TIME:20090303-122344

[561](12:23:45)[3]-- TIME:20090303-122345

[562](12:23:45)10.23.128.24: Timeout
[563](12:23:46)[0]-- TIME:20090303-122346

[564](12:23:53)[1]-- TIME:20090303-122353

[565](12:23:54)[2]-- TIME:20090303-122354

[566](12:23:55)[3]-- TIME:20090303-122355

[567](12:23:55)10.23.128.24: Timeout
[568](12:23:56)[0]-- TIME:20090303-122356

[569](12:23:57)[1]-- TIME:20090303-122357

[570](12:23:58)[2]-- TIME:20090303-122358

[571](12:23:59)[3]-- TIME:20090303-122359

[572](12:24:00)[0]-- TIME:20090303-122400

[573](12:24:01)[1]-- TIME:20090303-122401

[574](12:24:02)[2]-- TIME:20090303-122402

[575](12:24:03)[3]-- TIME:20090303-122403

[576](12:24:04)[0]-- TIME:20090303-122404

[577](12:24:05)[1]-- TIME:20090303-122405

[578](12:24:06)[2]-- TIME:20090303-122406

[579](12:24:07)[3]-- TIME:20090303-122407

[580](12:24:08)[0]-- TIME:20090303-122408

[581](12:24:09)[1]-- TIME:20090303-122409

[582](12:24:10)[2]-- TIME:20090303-122410

[583](12:24:11)[3]-- TIME:20090303-122411

[584](12:24:12)[0]-- TIME:20090303-122412

[585](12:24:13)[1]-- TIME:20090303-122413

[586](12:24:14)[2]-- TIME:20090303-122414

[587](12:24:15)[3]-- TIME:20090303-122415

[588](12:24:16)[0]-- TIME:20090303-122416

[589](12:24:17)[1]-- TIME:20090303-122417

[590](12:24:18)[2]-- TIME:20090303-122418

[591](12:24:19)[3]-- TIME:20090303-122419

[592](12:24:20)[0]-- TIME:20090303-122420

[593](12:24:21)[1]-- TIME:20090303-122421

[594](12:24:22)[2]-- TIME:20090303-122422

[595](12:24:23)[3]-- TIME:20090303-122423

[596](12:24:24)[0]-- TIME:20090303-122424

[597](12:24:25)[1]-- TIME:20090303-122425

[598](12:24:26)[2]-- TIME:20090303-122426

[599](12:24:27)[3]-- TIME:20090303-122427

[600](12:24:28)[0]-- TIME:20090303-122428

[601](12:24:29)[1]-- TIME:20090303-122429

[602](12:24:30)[2]-- TIME:20090303-122430

[603](12:24:31)[3]-- TIME:20090303-122431

[604](12:24:32)[0]-- TIME:20090303-122432

[605](12:24:36)[1]-- TIME:20090303-122436

[606](12:24:37)[2]-- TIME:20090303-122437

[607](12:24:38)[3]-- TIME:20090303-122438

[608](12:24:39)[0]-- TIME:20090303-122439

[609](12:24:42)[1]-- TIME:20090303-122442

[610](12:24:43)[2]-- TIME:20090303-122443

[611](12:24:44)[3]-- TIME:20090303-122444

[612](12:24:45)[0]-- TIME:20090303-122445

[613](12:24:46)[1]-- TIME:20090303-122446

[614](12:24:47)[2]-- TIME:20090303-122447

[615](12:24:48)[3]-- TIME:20090303-122448

[616](12:24:49)[0]-- TIME:20090303-122449

[617](12:24:52)[1]-- TIME:20090303-122452

[618](12:24:53)[2]-- TIME:20090303-122453

[619](12:24:54)[3]-- TIME:20090303-122454

[620](12:24:55)[0]-- TIME:20090303-122455

[621](12:24:58)[1]-- TIME:20090303-122458

[622](12:24:59)[2]-- TIME:20090303-122459

[623](12:25:00)[3]-- TIME:20090303-122500

[624](12:25:01)[0]-- TIME:20090303-122501

[625](12:25:02)[1]-- TIME:20090303-122502

[626](12:25:03)[2]-- TIME:20090303-122503

[627](12:25:04)[3]-- TIME:20090303-122504

[628](12:25:05)[0]-- TIME:20090303-122505

[629](12:25:06)[1]-- TIME:20090303-122506

[630](12:25:07)[2]-- TIME:20090303-122507

[631](12:25:08)[3]-- TIME:20090303-122508

[632](12:25:09)[0]-- TIME:20090303-122509

[633](12:25:10)[1]-- TIME:20090303-122510

[634](12:25:11)[2]-- TIME:20090303-122511

[635](12:25:12)[3]-- TIME:20090303-122512

[636](12:25:13)[0]-- TIME:20090303-122513

[637](12:25:14)[1]-- TIME:20090303-122514

[638](12:25:15)[2]-- TIME:20090303-122515

[639](12:25:16)[3]-- TIME:20090303-122516

[640](12:25:17)[0]-- TIME:20090303-122517

[641](12:25:20)[1]-- TIME:20090303-122520

[642](12:25:21)[2]-- TIME:20090303-122521

[643](12:25:22)[3]-- TIME:20090303-122522

[644](12:25:23)[0]-- TIME:20090303-122523

[645](12:25:26)[1]-- TIME:20090303-122526

[646](12:25:27)[2]-- TIME:20090303-122527

[647](12:25:28)[3]-- TIME:20090303-122528

[648](12:25:29)[0]-- TIME:20090303-122529

[649](12:25:32)[1]-- TIME:20090303-122532

[650](12:25:33)[2]-- TIME:20090303-122533

[651](12:25:34)[3]-- TIME:20090303-122534

[652](12:25:35)[0]-- TIME:20090303-122535

[653](12:25:36)[1]-- TIME:20090303-122536

[654](12:25:37)[2]-- TIME:20090303-122537

[655](12:25:38)[3]-- TIME:20090303-122538

[656](12:25:39)[0]-- TIME:20090303-122539

[657](12:25:42)[1]-- TIME:20090303-122542

[658](12:25:43)[2]-- TIME:20090303-122543

[659](12:25:44)[3]-- TIME:20090303-122544

[660](12:25:45)[0]-- TIME:20090303-122545

[661](12:25:46)[1]-- TIME:20090303-122546

[662](12:25:47)[2]-- TIME:20090303-122547

[663](12:25:48)[3]-- TIME:20090303-122548

[664](12:25:49)[0]-- TIME:20090303-122549

[665](12:25:50)[1]-- TIME:20090303-122550

[666](12:25:51)[2]-- TIME:20090303-122551

[667](12:25:52)[3]-- TIME:20090303-122552

[668](12:25:53)[0]-- TIME:20090303-122553

[669](12:25:54)[1]-- TIME:20090303-122554

[670](12:25:55)[2]-- TIME:20090303-122555

[671](12:25:56)[3]-- TIME:20090303-122556

[672](12:25:57)[0]-- TIME:20090303-122557

[673](12:25:58)[1]-- TIME:20090303-122558

[674](12:25:59)[2]-- TIME:20090303-122559

[675](12:26:00)[3]-- TIME:20090303-122600

[676](12:26:01)[0]-- TIME:20090303-122601

[677](12:26:02)[1]-- TIME:20090303-122602

[678](12:26:03)[2]-- TIME:20090303-122603

[679](12:26:04)[3]-- TIME:20090303-122604

[680](12:26:05)[0]-- TIME:20090303-122605

[681](12:26:06)[1]-- TIME:20090303-122606

[682](12:26:07)[2]-- TIME:20090303-122607

[683](12:26:08)[3]-- TIME:20090303-122608

[684](12:26:09)[0]-- TIME:20090303-122609

[685](12:26:12)[1]-- TIME:20090303-122612

[686](12:26:13)[2]-- TIME:20090303-122613

[687](12:26:14)[3]-- TIME:20090303-122614

[688](12:26:15)[0]-- TIME:20090303-122615

[689](12:26:16)[1]-- TIME:20090303-122616

[690](12:26:17)[2]-- TIME:20090303-122617

[691](12:26:18)[3]-- TIME:20090303-122618

[692](12:26:19)[0]-- TIME:20090303-122619

[693](12:26:20)[1]-- TIME:20090303-122620

[694](12:26:21)[2]-- TIME:20090303-122621

[695](12:26:22)[3]-- TIME:20090303-122622

[696](12:26:23)[0]-- TIME:20090303-122623

[697](12:26:24)[1]-- TIME:20090303-122624

[698](12:26:25)[2]-- TIME:20090303-122625

[699](12:26:26)[3]-- TIME:20090303-122626

[700](12:26:27)[0]-- TIME:20090303-122627

[701](12:26:28)[1]-- TIME:20090303-122628

[702](12:26:29)[2]-- TIME:20090303-122629

[703](12:26:30)[3]-- TIME:20090303-122630

[704](12:26:31)[0]-- TIME:20090303-122631

[705](12:26:34)[1]-- TIME:20090303-122634

[706](12:26:35)[2]-- TIME:20090303-122635

[707](12:26:36)[3]-- TIME:20090303-122636

[708](12:26:37)[0]-- TIME:20090303-122637

[709](12:26:38)[1]-- TIME:20090303-122638

[710](12:26:39)[2]-- TIME:20090303-122639

[711](12:26:40)[3]-- TIME:20090303-122640

[712](12:26:41)[0]-- TIME:20090303-122641

[713](12:26:42)[1]-- TIME:20090303-122642

[714](12:26:43)[2]-- TIME:20090303-122643

[715](12:26:44)[3]-- TIME:20090303-122644

[716](12:26:45)[0]-- TIME:20090303-122645

[717](12:26:46)[1]-- TIME:20090303-122646

[718](12:26:47)[2]-- TIME:20090303-122647

[719](12:26:48)[3]-- TIME:20090303-122648

[720](12:26:49)[0]-- TIME:20090303-122649

[721](12:26:50)[1]-- TIME:20090303-122650

[722](12:26:51)[2]-- TIME:20090303-122651

[723](12:26:52)[3]-- TIME:20090303-122652

[724](12:26:53)[0]-- TIME:20090303-122653

[725](12:26:54)[1]-- TIME:20090303-122654

[726](12:26:55)[2]-- TIME:20090303-122655

[727](12:26:56)[3]-- TIME:20090303-122656

[728](12:26:57)[0]-- TIME:20090303-122657

[729](12:26:58)[1]-- TIME:20090303-122658

[730](12:26:59)[2]-- TIME:20090303-122659

[731](12:27:00)[3]-- TIME:20090303-122700

[732](12:27:01)[0]-- TIME:20090303-122701

[733](12:27:02)[1]-- TIME:20090303-122702

[734](12:27:03)[2]-- TIME:20090303-122703

[735](12:27:04)[3]-- TIME:20090303-122704

[736](12:27:05)[0]-- TIME:20090303-122705

[737](12:27:06)[1]-- TIME:20090303-122706

[738](12:27:07)[2]-- TIME:20090303-122707

[739](12:27:08)[3]-- TIME:20090303-122708

[740](12:27:09)[0]-- TIME:20090303-122709

[741](12:27:12)[1]-- TIME:20090303-122712

[742](12:27:13)[2]-- TIME:20090303-122713

[743](12:27:14)[3]-- TIME:20090303-122714

[744](12:27:15)[0]-- TIME:20090303-122715

[745](12:27:18)[1]-- TIME:20090303-122718

[746](12:27:19)[2]-- TIME:20090303-122719

[747](12:27:20)[3]-- TIME:20090303-122720

[748](12:27:21)[0]-- TIME:20090303-122721

[749](12:27:22)[1]-- TIME:20090303-122722

[750](12:27:23)[2]-- TIME:20090303-122723

[751](12:27:24)[3]-- TIME:20090303-122724

[752](12:27:25)[0]-- TIME:20090303-122725

[753](12:27:26)[1]-- TIME:20090303-122726

[754](12:27:27)[2]-- TIME:20090303-122727

[755](12:27:28)[3]-- TIME:20090303-122728

[756](12:27:29)[0]-- TIME:20090303-122729

[757](12:27:30)[1]-- TIME:20090303-122730

[758](12:27:31)[2]-- TIME:20090303-122731

[759](12:27:32)[3]-- TIME:20090303-122732

[760](12:27:33)[0]-- TIME:20090303-122733

[761](12:27:34)[1]-- TIME:20090303-122734

[762](12:27:35)[2]-- TIME:20090303-122735

[763](12:27:36)[3]-- TIME:20090303-122736

[764](12:27:37)[0]-- TIME:20090303-122737

[765](12:27:38)[1]-- TIME:20090303-122738

[766](12:27:39)[2]-- TIME:20090303-122739

[767](12:27:40)[3]-- TIME:20090303-122740

[768](12:27:41)[0]-- TIME:20090303-122741

[769](12:27:42)[1]-- TIME:20090303-122742

[770](12:27:43)[2]-- TIME:20090303-122743

[771](12:27:44)[3]-- TIME:20090303-122744

[772](12:27:45)[0]-- TIME:20090303-122745

[773](12:27:48)[1]-- TIME:20090303-122748

[774](12:27:49)[2]-- TIME:20090303-122749

[775](12:27:50)[3]-- TIME:20090303-122750

[776](12:27:51)[0]-- TIME:20090303-122751

[777](12:27:52)[1]-- TIME:20090303-122752

[778](12:27:53)[2]-- TIME:20090303-122753

[779](12:27:54)[3]-- TIME:20090303-122754

[780](12:27:55)[0]-- TIME:20090303-122755

[781](12:27:56)[1]-- TIME:20090303-122756

[782](12:27:57)[2]-- TIME:20090303-122757

[783](12:27:58)[3]-- TIME:20090303-122758

[784](12:27:59)[0]-- TIME:20090303-122759

[785](12:28:02)[1]-- TIME:20090303-122802

[786](12:28:03)[2]-- TIME:20090303-122803

[787](12:28:04)[3]-- TIME:20090303-122804

[788](12:28:05)[0]-- TIME:20090303-122805

[789](12:28:06)[1]-- TIME:20090303-122806

[790](12:28:07)[2]-- TIME:20090303-122807

[791](12:28:08)[3]-- TIME:20090303-122808

[792](12:28:09)[0]-- TIME:20090303-122809

[793](12:28:10)[1]-- TIME:20090303-122810

[794](12:28:11)[2]-- TIME:20090303-122811

[795](12:28:12)[3]-- TIME:20090303-122812

[796](12:28:13)[0]-- TIME:20090303-122813

[797](12:28:14)[1]-- TIME:20090303-122814

[798](12:28:15)[2]-- TIME:20090303-122815

[799](12:28:16)[3]-- TIME:20090303-122816

[800](12:28:17)[0]-- TIME:20090303-122817

[801](12:28:18)[1]-- TIME:20090303-122818

[802](12:28:19)[2]-- TIME:20090303-122819

[803](12:28:20)[3]-- TIME:20090303-122820

[804](12:28:21)[0]-- TIME:20090303-122821

[805](12:28:22)[1]-- TIME:20090303-122822

[806](12:28:23)[2]-- TIME:20090303-122823

[807](12:28:24)[3]-- TIME:20090303-122824

[808](12:28:25)[0]-- TIME:20090303-122825

[809](12:28:26)[1]-- TIME:20090303-122826

[810](12:28:27)[2]-- TIME:20090303-122827

[811](12:28:28)[3]-- TIME:20090303-122828

[812](12:28:29)[0]-- TIME:20090303-122829

[813](12:28:30)[1]-- TIME:20090303-122830

[814](12:28:31)[2]-- TIME:20090303-122831

[815](12:28:32)[3]-- TIME:20090303-122832

[816](12:28:33)[0]-- TIME:20090303-122833

[817](12:28:34)[1]-- TIME:20090303-122834

[818](12:28:35)[2]-- TIME:20090303-122835

[819](12:28:36)[3]-- TIME:20090303-122836

[820](12:28:37)[0]-- TIME:20090303-122837

[821](12:28:38)[1]-- TIME:20090303-122838

[822](12:28:39)[2]-- TIME:20090303-122839

[823](12:28:40)[3]-- TIME:20090303-122840

[824](12:28:41)[0]-- TIME:20090303-122841

[825](12:28:42)[1]-- TIME:20090303-122842

[826](12:28:43)[2]-- TIME:20090303-122843

[827](12:28:44)[3]-- TIME:20090303-122844

[828](12:28:45)[0]-- TIME:20090303-122845

[829](12:28:46)[1]-- TIME:20090303-122846

[830](12:28:47)[2]-- TIME:20090303-122847

[831](12:28:48)[3]-- TIME:20090303-122848

[832](12:28:49)[0]-- TIME:20090303-122849

[833](12:28:50)[1]-- TIME:20090303-122850

[834](12:28:51)[2]-- TIME:20090303-122851

[835](12:28:52)[3]-- TIME:20090303-122852

[836](12:28:53)[0]-- TIME:20090303-122853

[837](12:28:54)[1]-- TIME:20090303-122854

[838](12:28:55)[2]-- TIME:20090303-122855

[839](12:28:56)[3]-- TIME:20090303-122856

[840](12:28:57)[0]-- TIME:20090303-122857

[841](12:28:58)[1]-- TIME:20090303-122858

[842](12:28:59)[2]-- TIME:20090303-122859

[843](12:29:00)[3]-- TIME:20090303-122900

[844](12:29:01)[0]-- TIME:20090303-122901

[845](12:29:06)[1]-- TIME:20090303-122906

[846](12:29:07)[2]-- TIME:20090303-122907

[847](12:29:08)[3]-- TIME:20090303-122908

[848](12:29:09)[0]-- TIME:20090303-122909

[849](12:29:10)[1]-- TIME:20090303-122910

[850](12:29:11)[2]-- TIME:20090303-122911

[851](12:29:12)[3]-- TIME:20090303-122912

[852](12:29:13)[0]-- TIME:20090303-122913

[853](12:29:14)[1]-- TIME:20090303-122914

[854](12:29:15)[2]-- TIME:20090303-122915

[855](12:29:16)[3]-- TIME:20090303-122916

[856](12:29:17)[0]-- TIME:20090303-122917

[857](12:29:18)[1]-- TIME:20090303-122918

[858](12:29:19)[2]-- TIME:20090303-122919

[859](12:29:20)[3]-- TIME:20090303-122920

[860](12:29:21)[0]-- TIME:20090303-122921

[861](12:29:22)[1]-- TIME:20090303-122922

[862](12:29:23)[2]-- TIME:20090303-122923

[863](12:29:24)[3]-- TIME:20090303-122924

[864](12:29:25)[0]-- TIME:20090303-122925

[865](12:29:26)[1]-- TIME:20090303-122926

[866](12:29:27)[2]-- TIME:20090303-122927

[867](12:29:28)[3]-- TIME:20090303-122928

[868](12:29:29)[0]-- TIME:20090303-122929

[869](12:29:30)[1]-- TIME:20090303-122930

[870](12:29:31)[2]-- TIME:20090303-122931

[871](12:29:32)[3]-- TIME:20090303-122932

[872](12:29:33)[0]-- TIME:20090303-122933

[873](12:29:34)[1]-- TIME:20090303-122934

[874](12:29:35)[2]-- TIME:20090303-122935

[875](12:29:36)[3]-- TIME:20090303-122936

[876](12:30:09)[0]-- TIME:20090303-123009

[877](12:30:10)[1]-- TIME:20090303-123010

[878](12:30:11)[2]-- TIME:20090303-123011

[879](12:30:12)[3]-- TIME:20090303-123012

[880](12:30:13)[0]-- TIME:20090303-123013

[881](12:30:14)[1]-- TIME:20090303-123014

[882](12:30:15)[2]-- TIME:20090303-123015

[883](12:30:16)[3]-- TIME:20090303-123016

[884](12:30:17)[0]-- TIME:20090303-123017

[885](12:30:18)[1]-- TIME:20090303-123018

[886](12:30:19)[2]-- TIME:20090303-123019

[887](12:30:20)[3]-- TIME:20090303-123020

[888](12:30:21)[0]-- TIME:20090303-123021

[889](12:30:22)[1]-- TIME:20090303-123022

[890](12:30:23)[2]-- TIME:20090303-123023

[891](12:30:24)[3]-- TIME:20090303-123024

[892](12:30:25)[0]-- TIME:20090303-123025

[893](12:30:26)[1]-- TIME:20090303-123026

[894](12:30:27)[2]-- TIME:20090303-123027

[895](12:30:28)[3]-- TIME:20090303-123028

[896](12:30:29)[0]-- TIME:20090303-123029

[897](12:30:30)[1]-- TIME:20090303-123030

[898](12:30:31)[2]-- TIME:20090303-123031

[899](12:30:32)[3]-- TIME:20090303-123032

[900](12:30:33)[0]-- TIME:20090303-123033

[901](12:30:34)[1]-- TIME:20090303-123034

[902](12:30:35)[2]-- TIME:20090303-123035

[903](12:30:36)[3]-- TIME:20090303-123036

[904](12:30:37)[0]-- TIME:20090303-123037

[905](12:30:38)[1]-- TIME:20090303-123038

[906](12:30:39)[2]-- TIME:20090303-123039

[907](12:30:40)[3]-- TIME:20090303-123040

[908](12:30:41)[0]-- TIME:20090303-123041

[909](12:30:42)[1]-- TIME:20090303-123042

[910](12:30:43)[2]-- TIME:20090303-123043

[911](12:30:44)[3]-- TIME:20090303-123044

[912](12:30:45)[0]-- TIME:20090303-123045

[913](12:30:46)[1]-- TIME:20090303-123046

[914](12:30:47)[2]-- TIME:20090303-123047

[915](12:30:48)[3]-- TIME:20090303-123048

[916](12:30:49)[0]-- TIME:20090303-123049

[917](12:30:50)[1]-- TIME:20090303-123050

[918](12:30:51)[2]-- TIME:20090303-123051

[919](12:30:52)[3]-- TIME:20090303-123052

[920](12:30:53)[0]-- TIME:20090303-123053

[921](12:30:54)[1]-- TIME:20090303-123054

[922](12:30:55)[2]-- TIME:20090303-123055

[923](12:30:56)[3]-- TIME:20090303-123056

[924](12:30:57)[0]-- TIME:20090303-123057

[925](12:30:58)[1]-- TIME:20090303-123058

[926](12:30:59)[2]-- TIME:20090303-123059

[927](12:31:00)[3]-- TIME:20090303-123100

[928](12:31:01)[0]-- TIME:20090303-123101

[929](12:31:02)[1]-- TIME:20090303-123102

[930](12:31:03)[2]-- TIME:20090303-123103

[931](12:31:04)[3]-- TIME:20090303-123104

[932](12:31:05)[0]-- TIME:20090303-123105

[933](12:31:06)[1]-- TIME:20090303-123106

[934](12:31:07)[2]-- TIME:20090303-123107

[935](12:31:08)[3]-- TIME:20090303-123108

[936](12:31:09)[0]-- TIME:20090303-123109

[937](12:31:10)[1]-- TIME:20090303-123110

[938](12:31:11)[2]-- TIME:20090303-123111

[939](12:31:12)[3]-- TIME:20090303-123112

[940](12:31:13)[0]-- TIME:20090303-123113

[941](12:31:14)[1]-- TIME:20090303-123114

[942](12:31:15)[2]-- TIME:20090303-123115

[943](12:31:16)[3]-- TIME:20090303-123116

[944](12:31:17)[0]-- TIME:20090303-123117

[945](12:31:18)[1]-- TIME:20090303-123118

[946](12:31:19)[2]-- TIME:20090303-123119

[947](12:31:20)[3]-- TIME:20090303-123120

[948](12:31:21)[0]-- TIME:20090303-123121

[949](12:31:22)[1]-- TIME:20090303-123122

[950](12:31:23)[2]-- TIME:20090303-123123

[951](12:31:24)[3]-- TIME:20090303-123124

[952](12:31:25)[0]-- TIME:20090303-123125

[953](12:31:26)[1]-- TIME:20090303-123126

[954](12:31:27)[2]-- TIME:20090303-123127

[955](12:31:28)[3]-- TIME:20090303-123128

[956](12:31:29)[0]-- TIME:20090303-123129

[957](12:31:30)[1]-- TIME:20090303-123130

[958](12:31:31)[2]-- TIME:20090303-123131

[959](12:31:32)[3]-- TIME:20090303-123132

[960](12:31:33)[0]-- TIME:20090303-123133

[961](12:31:34)[1]-- TIME:20090303-123134

[962](12:31:35)[2]-- TIME:20090303-123135

[963](12:31:36)[3]-- TIME:20090303-123136

[964](12:31:37)[0]-- TIME:20090303-123137

[965](12:31:38)[1]-- TIME:20090303-123138

[966](12:31:39)[2]-- TIME:20090303-123139

[967](12:31:40)[3]-- TIME:20090303-123140

[968](12:31:41)[0]-- TIME:20090303-123141

[969](12:31:42)[1]-- TIME:20090303-123142

[970](12:31:43)[2]-- TIME:20090303-123143

[971](12:31:44)[3]-- TIME:20090303-123144

[972](12:31:45)[0]-- TIME:20090303-123145

[973](12:31:46)[1]-- TIME:20090303-123146

[974](12:31:47)[2]-- TIME:20090303-123147

[975](12:31:48)[3]-- TIME:20090303-123148

[976](12:31:49)[0]-- TIME:20090303-123149

[977](12:31:50)[1]-- TIME:20090303-123150

[978](12:31:51)[2]-- TIME:20090303-123151

[979](12:31:52)[3]-- TIME:20090303-123152

[980](12:31:53)[0]-- TIME:20090303-123153

[981](12:31:54)[1]-- TIME:20090303-123154

[982](12:31:55)[2]-- TIME:20090303-123155

[983](12:31:56)[3]-- TIME:20090303-123156

[984](12:31:57)[0]-- TIME:20090303-123157

[985](12:31:58)[1]-- TIME:20090303-123158

[986](12:31:59)[2]-- TIME:20090303-123159

[987](12:32:00)[3]-- TIME:20090303-123200

[988](12:32:01)[0]-- TIME:20090303-123201

[989](12:32:02)[1]-- TIME:20090303-123202

[990](12:32:03)[2]-- TIME:20090303-123203

[991](12:32:04)[3]-- TIME:20090303-123204

[992](12:32:05)[0]-- TIME:20090303-123205

[993](12:32:06)[1]-- TIME:20090303-123206

[994](12:32:07)[2]-- TIME:20090303-123207

[995](12:32:08)[3]-- TIME:20090303-123208

[996](12:32:09)[0]-- TIME:20090303-123209

[997](12:32:10)[1]-- TIME:20090303-123210

[998](12:32:11)[2]-- TIME:20090303-123211

[999](12:32:12)[3]-- TIME:20090303-123212

[1000](12:32:13)[0]-- TIME:20090303-123213
