
[0](13:33:40)======== MONITA APP STARTING ===========
[1](13:33:40)Load file konfigurasi
[2](13:33:40)Baca konfig
[3](13:33:40)Baca konfig: OK
[4](13:33:42)Mulai logging data
[5](13:33:43)[0]-- TIME:20090305-133343

[6](13:33:44)[1]-- TIME:20090305-133344

[7](13:33:45)[2]-- TIME:20090305-133345

[8](13:33:46)[3]-- TIME:20090305-133346

[9](13:33:47)[0]-- TIME:20090305-133347

[10](13:33:48)[1]-- TIME:20090305-133348

[11](13:33:49)[2]-- TIME:20090305-133349

[12](13:33:50)[3]-- TIME:20090305-133350

[13](13:33:51)[0]-- TIME:20090305-133351

[14](13:33:52)[1]-- TIME:20090305-133352

[15](13:33:53)[2]-- TIME:20090305-133353

[16](13:33:54)[3]-- TIME:20090305-133354

[17](13:33:55)[0]-- TIME:20090305-133355

[18](13:33:58)[1]-- TIME:20090305-133358

[19](13:33:59)[2]-- TIME:20090305-133359

[20](13:34:00)[3]-- TIME:20090305-133400

[21](13:34:01)[0]-- TIME:20090305-133401

[22](13:34:02)[1]-- TIME:20090305-133402

[23](13:34:03)[2]-- TIME:20090305-133403

[24](13:34:04)[3]-- TIME:20090305-133404

[25](13:34:05)[0]-- TIME:20090305-133405

[26](13:34:06)[1]-- TIME:20090305-133406

[27](13:34:07)[2]-- TIME:20090305-133407

[28](13:34:08)[3]-- TIME:20090305-133408

[29](13:34:09)[0]-- TIME:20090305-133409

[30](13:34:10)[1]-- TIME:20090305-133410

[31](13:34:11)[2]-- TIME:20090305-133411

[32](13:34:12)[3]-- TIME:20090305-133412

[33](13:34:13)[0]-- TIME:20090305-133413

[34](13:34:14)[1]-- TIME:20090305-133414

[35](13:34:15)[2]-- TIME:20090305-133415

[36](13:34:16)[3]-- TIME:20090305-133416

[37](13:34:17)[0]-- TIME:20090305-133417

[38](13:34:18)[1]-- TIME:20090305-133418

[39](13:34:19)[2]-- TIME:20090305-133419

[40](13:34:20)[3]-- TIME:20090305-133420

[41](13:34:21)[0]-- TIME:20090305-133421

[42](13:34:22)[1]-- TIME:20090305-133422

[43](13:34:23)[2]-- TIME:20090305-133423

[44](13:34:24)[3]-- TIME:20090305-133424

[45](13:34:25)[0]-- TIME:20090305-133425

[46](13:34:26)[1]-- TIME:20090305-133426

[47](13:34:27)[2]-- TIME:20090305-133427

[48](13:34:28)[3]-- TIME:20090305-133428

[49](13:34:29)[0]-- TIME:20090305-133429

[50](13:34:30)[1]-- TIME:20090305-133430

[51](13:34:31)[2]-- TIME:20090305-133431

[52](13:34:32)[3]-- TIME:20090305-133432

[53](13:34:33)[0]-- TIME:20090305-133433

[54](13:34:34)[1]-- TIME:20090305-133434

[55](13:34:35)[2]-- TIME:20090305-133435

[56](13:34:36)[3]-- TIME:20090305-133436

[57](13:34:37)[0]-- TIME:20090305-133437

[58](13:34:38)[1]-- TIME:20090305-133438

[59](13:34:39)[2]-- TIME:20090305-133439

[60](13:34:40)[3]-- TIME:20090305-133440

[61](13:34:41)[0]-- TIME:20090305-133441

[62](13:34:42)[1]-- TIME:20090305-133442

[63](13:34:43)[2]-- TIME:20090305-133443

[64](13:34:44)[3]-- TIME:20090305-133444

[65](13:34:45)[0]-- TIME:20090305-133445

[66](13:34:46)[1]-- TIME:20090305-133446

[67](13:34:47)[2]-- TIME:20090305-133447

[68](13:34:48)[3]-- TIME:20090305-133448

[69](13:34:49)[0]-- TIME:20090305-133449

[70](13:34:52)[1]-- TIME:20090305-133452

[71](13:34:53)[2]-- TIME:20090305-133453

[72](13:34:54)[3]-- TIME:20090305-133454

[73](13:34:55)[0]-- TIME:20090305-133455

[74](13:34:56)[1]-- TIME:20090305-133456

[75](13:34:57)[2]-- TIME:20090305-133457

[76](13:34:58)[3]-- TIME:20090305-133458

[77](13:34:59)[0]-- TIME:20090305-133459

[78](13:35:00)[1]-- TIME:20090305-133500

[79](13:35:01)[2]-- TIME:20090305-133501

[80](13:35:02)[3]-- TIME:20090305-133502

[81](13:35:03)[0]-- TIME:20090305-133503

[82](13:35:04)[1]-- TIME:20090305-133504

[83](13:35:05)[2]-- TIME:20090305-133505

[84](13:35:06)[3]-- TIME:20090305-133506

[85](13:35:07)[0]-- TIME:20090305-133507

[86](13:35:08)[1]-- TIME:20090305-133508

[87](13:35:09)[2]-- TIME:20090305-133509

[88](13:35:10)[3]-- TIME:20090305-133510

[89](13:35:11)[0]-- TIME:20090305-133511

[90](13:35:12)[1]-- TIME:20090305-133512

[91](13:35:13)[2]-- TIME:20090305-133513

[92](13:35:14)[3]-- TIME:20090305-133514

[93](13:35:15)[0]-- TIME:20090305-133515

[94](13:35:16)[1]-- TIME:20090305-133516

[95](13:35:17)[2]-- TIME:20090305-133517

[96](13:35:18)[3]-- TIME:20090305-133518

[97](13:35:19)[0]-- TIME:20090305-133519

[98](13:35:20)[1]-- TIME:20090305-133520

[99](13:35:21)[2]-- TIME:20090305-133521

[100](13:35:22)[3]-- TIME:20090305-133522

[101](13:35:23)[0]-- TIME:20090305-133523

[102](13:35:24)[1]-- TIME:20090305-133524

[103](13:35:25)[2]-- TIME:20090305-133525

[104](13:35:26)[3]-- TIME:20090305-133526

[105](13:35:27)[0]-- TIME:20090305-133527

[106](13:35:28)[1]-- TIME:20090305-133528

[107](13:35:29)[2]-- TIME:20090305-133529

[108](13:35:30)[3]-- TIME:20090305-133530

[109](13:35:31)[0]-- TIME:20090305-133531

[110](13:35:32)[1]-- TIME:20090305-133532

[111](13:35:33)[2]-- TIME:20090305-133533

[112](13:35:34)[3]-- TIME:20090305-133534

[113](13:35:35)[0]-- TIME:20090305-133535

[114](13:35:36)[1]-- TIME:20090305-133536

[115](13:35:37)[2]-- TIME:20090305-133537

[116](13:35:38)[3]-- TIME:20090305-133538

[117](13:35:39)[0]-- TIME:20090305-133539

[118](13:35:40)[1]-- TIME:20090305-133540

[119](13:35:41)[2]-- TIME:20090305-133541

[120](13:35:42)[3]-- TIME:20090305-133542

[121](13:35:43)[0]-- TIME:20090305-133543

[122](13:35:44)[1]-- TIME:20090305-133544

[123](13:35:45)[2]-- TIME:20090305-133545

[124](13:35:46)[3]-- TIME:20090305-133546

[125](13:35:47)[0]-- TIME:20090305-133547

[126](13:35:48)[1]-- TIME:20090305-133548

[127](13:35:49)[2]-- TIME:20090305-133549

[128](13:35:50)[3]-- TIME:20090305-133550

[129](13:35:51)[0]-- TIME:20090305-133551

[130](13:35:52)[1]-- TIME:20090305-133552

[131](13:35:53)[2]-- TIME:20090305-133553

[132](13:35:54)[3]-- TIME:20090305-133554

[133](13:35:55)[0]-- TIME:20090305-133555

[134](13:35:56)[1]-- TIME:20090305-133556

[135](13:35:57)[2]-- TIME:20090305-133557

[136](13:35:58)[3]-- TIME:20090305-133558

[137](13:35:59)[0]-- TIME:20090305-133559

[138](13:36:00)[1]-- TIME:20090305-133600

[139](13:36:01)[2]-- TIME:20090305-133601

[140](13:36:02)[3]-- TIME:20090305-133602

[141](13:36:03)[0]-- TIME:20090305-133603

[142](13:36:04)[1]-- TIME:20090305-133604

[143](13:36:05)[2]-- TIME:20090305-133605

[144](13:36:06)[3]-- TIME:20090305-133606

[145](13:36:07)[0]-- TIME:20090305-133607

[146](13:36:08)[1]-- TIME:20090305-133608

[147](13:36:09)[2]-- TIME:20090305-133609

[148](13:36:10)[3]-- TIME:20090305-133610

[149](13:36:11)[0]-- TIME:20090305-133611

[150](13:36:12)[1]-- TIME:20090305-133612

[151](13:36:13)[2]-- TIME:20090305-133613

[152](13:36:14)[3]-- TIME:20090305-133614

[153](13:36:15)[0]-- TIME:20090305-133615

[154](13:36:16)[1]-- TIME:20090305-133616

[155](13:36:17)[2]-- TIME:20090305-133617

[156](13:36:18)[3]-- TIME:20090305-133618

[157](13:36:19)[0]-- TIME:20090305-133619

[158](13:36:20)[1]-- TIME:20090305-133620

[159](13:36:21)[2]-- TIME:20090305-133621

[160](13:36:22)[3]-- TIME:20090305-133622

[161](13:36:23)[0]-- TIME:20090305-133623

[162](13:36:26)[1]-- TIME:20090305-133626

[163](13:36:27)[2]-- TIME:20090305-133627

[164](13:36:28)[3]-- TIME:20090305-133628

[165](13:36:29)[0]-- TIME:20090305-133629

[166](13:36:32)[1]-- TIME:20090305-133632

[167](13:36:33)[2]-- TIME:20090305-133633

[168](13:36:34)[3]-- TIME:20090305-133634

[169](13:36:34)10.23.128.24: Timeout
[170](13:36:35)[0]-- TIME:20090305-133635

[171](13:36:36)[1]-- TIME:20090305-133636

[172](13:36:37)[2]-- TIME:20090305-133637

[173](13:36:38)[3]-- TIME:20090305-133638

[174](13:36:39)[0]-- TIME:20090305-133639

[175](13:36:40)[1]-- TIME:20090305-133640

[176](13:36:41)[2]-- TIME:20090305-133641

[177](13:36:42)[3]-- TIME:20090305-133642

[178](13:36:43)[0]-- TIME:20090305-133643

[179](13:36:44)[1]-- TIME:20090305-133644

[180](13:36:45)[2]-- TIME:20090305-133645

[181](13:36:46)[3]-- TIME:20090305-133646

[182](13:36:47)[0]-- TIME:20090305-133647

[183](13:36:48)[1]-- TIME:20090305-133648

[184](13:36:49)[2]-- TIME:20090305-133649

[185](13:36:50)[3]-- TIME:20090305-133650

[186](13:36:51)[0]-- TIME:20090305-133651

[187](13:36:52)[1]-- TIME:20090305-133652

[188](13:36:53)[2]-- TIME:20090305-133653

[189](13:36:54)[3]-- TIME:20090305-133654

[190](13:36:55)[0]-- TIME:20090305-133655

[191](13:36:56)[1]-- TIME:20090305-133656

[192](13:36:57)[2]-- TIME:20090305-133657

[193](13:36:58)[3]-- TIME:20090305-133658

[194](13:36:59)[0]-- TIME:20090305-133659

[195](13:37:00)[1]-- TIME:20090305-133700

[196](13:37:01)[2]-- TIME:20090305-133701

[197](13:37:02)[3]-- TIME:20090305-133702

[198](13:37:03)[0]-- TIME:20090305-133703

[199](13:37:06)[1]-- TIME:20090305-133706

[200](13:37:07)[2]-- TIME:20090305-133707

[201](13:37:08)[3]-- TIME:20090305-133708

[202](13:37:09)[0]-- TIME:20090305-133709

[203](13:37:10)[1]-- TIME:20090305-133710

[204](13:37:11)[2]-- TIME:20090305-133711

[205](13:37:12)[3]-- TIME:20090305-133712

[206](13:37:13)[0]-- TIME:20090305-133713

[207](13:37:14)[1]-- TIME:20090305-133714

[208](13:37:15)[2]-- TIME:20090305-133715

[209](13:37:16)[3]-- TIME:20090305-133716

[210](13:37:17)[0]-- TIME:20090305-133717

[211](13:37:18)[1]-- TIME:20090305-133718

[212](13:37:19)[2]-- TIME:20090305-133719

[213](13:37:20)[3]-- TIME:20090305-133720

[214](13:37:21)[0]-- TIME:20090305-133721

[215](13:37:22)[1]-- TIME:20090305-133722

[216](13:37:23)[2]-- TIME:20090305-133723

[217](13:37:24)[3]-- TIME:20090305-133724

[218](13:37:25)[0]-- TIME:20090305-133725

[219](13:37:26)[1]-- TIME:20090305-133726

[220](13:37:27)[2]-- TIME:20090305-133727

[221](13:37:28)[3]-- TIME:20090305-133728

[222](13:37:29)[0]-- TIME:20090305-133729

[223](13:37:30)[1]-- TIME:20090305-133730

[224](13:37:31)[2]-- TIME:20090305-133731

[225](13:37:32)[3]-- TIME:20090305-133732

[226](13:37:33)[0]-- TIME:20090305-133733

[227](13:37:34)[1]-- TIME:20090305-133734

[228](13:37:35)[2]-- TIME:20090305-133735

[229](13:37:36)[3]-- TIME:20090305-133736

[230](13:37:37)[0]-- TIME:20090305-133737

[231](13:37:38)[1]-- TIME:20090305-133738

[232](13:37:39)[2]-- TIME:20090305-133739

[233](13:37:40)[3]-- TIME:20090305-133740

[234](13:37:41)[0]-- TIME:20090305-133741

[235](13:37:42)[1]-- TIME:20090305-133742

[236](13:37:43)[2]-- TIME:20090305-133743

[237](13:37:44)[3]-- TIME:20090305-133744

[238](13:37:45)[0]-- TIME:20090305-133745

[239](13:37:46)[1]-- TIME:20090305-133746

[240](13:37:47)[2]-- TIME:20090305-133747

[241](13:37:48)[3]-- TIME:20090305-133748

[242](13:37:49)[0]-- TIME:20090305-133749

[243](13:37:50)[1]-- TIME:20090305-133750

[244](13:37:51)[2]-- TIME:20090305-133751

[245](13:37:52)[3]-- TIME:20090305-133752

[246](13:37:53)[0]-- TIME:20090305-133753

[247](13:37:54)[1]-- TIME:20090305-133754

[248](13:37:55)[2]-- TIME:20090305-133755

[249](13:37:56)[3]-- TIME:20090305-133756

[250](13:37:57)[0]-- TIME:20090305-133757

[251](13:37:58)[1]-- TIME:20090305-133758

[252](13:37:59)[2]-- TIME:20090305-133759

[253](13:38:00)[3]-- TIME:20090305-133800

[254](13:38:01)[0]-- TIME:20090305-133801

[255](13:38:02)[1]-- TIME:20090305-133802

[256](13:38:03)[2]-- TIME:20090305-133803

[257](13:38:04)[3]-- TIME:20090305-133804

[258](13:38:05)[0]-- TIME:20090305-133805

[259](13:38:06)[1]-- TIME:20090305-133806

[260](13:38:07)[2]-- TIME:20090305-133807

[261](13:38:08)[3]-- TIME:20090305-133808

[262](13:38:09)[0]-- TIME:20090305-133809

[263](13:38:10)[1]-- TIME:20090305-133810

[264](13:38:11)[2]-- TIME:20090305-133811

[265](13:38:12)[3]-- TIME:20090305-133812

[266](13:38:13)[0]-- TIME:20090305-133813

[267](13:38:14)[1]-- TIME:20090305-133814

[268](13:38:15)[2]-- TIME:20090305-133815

[269](13:38:16)[3]-- TIME:20090305-133816

[270](13:38:17)[0]-- TIME:20090305-133817

[271](13:38:18)[1]-- TIME:20090305-133818

[272](13:38:19)[2]-- TIME:20090305-133819

[273](13:38:20)[3]-- TIME:20090305-133820

[274](13:38:21)[0]-- TIME:20090305-133821

[275](13:38:22)[1]-- TIME:20090305-133822

[276](13:38:23)[2]-- TIME:20090305-133823

[277](13:38:24)[3]-- TIME:20090305-133824

[278](13:38:25)[0]-- TIME:20090305-133825

[279](13:38:26)[1]-- TIME:20090305-133826

[280](13:38:27)[2]-- TIME:20090305-133827

[281](13:38:28)[3]-- TIME:20090305-133828

[282](13:38:29)[0]-- TIME:20090305-133829

[283](13:38:30)[1]-- TIME:20090305-133830

[284](13:38:31)[2]-- TIME:20090305-133831

[285](13:38:32)[3]-- TIME:20090305-133832

[286](13:38:33)[0]-- TIME:20090305-133833

[287](13:38:34)[1]-- TIME:20090305-133834

[288](13:38:35)[2]-- TIME:20090305-133835

[289](13:38:36)[3]-- TIME:20090305-133836

[290](13:38:37)[0]-- TIME:20090305-133837

[291](13:38:38)[1]-- TIME:20090305-133838

[292](13:38:39)[2]-- TIME:20090305-133839

[293](13:38:40)[3]-- TIME:20090305-133840

[294](13:38:41)[0]-- TIME:20090305-133841

[295](13:38:42)[1]-- TIME:20090305-133842

[296](13:38:43)[2]-- TIME:20090305-133843

[297](13:38:44)[3]-- TIME:20090305-133844

[298](13:38:45)[0]-- TIME:20090305-133845

[299](13:38:46)[1]-- TIME:20090305-133846

[300](13:38:47)[2]-- TIME:20090305-133847

[301](13:38:48)[3]-- TIME:20090305-133848

[302](13:38:49)[0]-- TIME:20090305-133849

[303](13:38:50)[1]-- TIME:20090305-133850

[304](13:38:51)[2]-- TIME:20090305-133851

[305](13:38:52)[3]-- TIME:20090305-133852

[306](13:38:53)[0]-- TIME:20090305-133853

[307](13:38:54)[1]-- TIME:20090305-133854

[308](13:38:55)[2]-- TIME:20090305-133855

[309](13:38:56)[3]-- TIME:20090305-133856

[310](13:38:57)[0]-- TIME:20090305-133857

[311](13:38:58)[1]-- TIME:20090305-133858

[312](13:38:59)[2]-- TIME:20090305-133859

[313](13:39:00)[3]-- TIME:20090305-133900

[314](13:39:01)[0]-- TIME:20090305-133901

[315](13:39:02)[1]-- TIME:20090305-133902

[316](13:39:03)[2]-- TIME:20090305-133903

[317](13:39:04)[3]-- TIME:20090305-133904

[318](13:39:05)[0]-- TIME:20090305-133905

[319](13:39:06)[1]-- TIME:20090305-133906

[320](13:39:07)[2]-- TIME:20090305-133907

[321](13:39:08)[3]-- TIME:20090305-133908

[322](13:39:09)[0]-- TIME:20090305-133909

[323](13:39:10)[1]-- TIME:20090305-133910

[324](13:39:11)[2]-- TIME:20090305-133911

[325](13:39:12)[3]-- TIME:20090305-133912

[326](13:39:13)[0]-- TIME:20090305-133913

[327](13:39:14)[1]-- TIME:20090305-133914

[328](13:39:15)[2]-- TIME:20090305-133915

[329](13:39:16)[3]-- TIME:20090305-133916

[330](13:39:17)[0]-- TIME:20090305-133917

[331](13:39:18)[1]-- TIME:20090305-133918

[332](13:39:19)[2]-- TIME:20090305-133919

[333](13:39:20)[3]-- TIME:20090305-133920

[334](13:39:21)[0]-- TIME:20090305-133921

[335](13:39:22)[1]-- TIME:20090305-133922

[336](13:39:23)[2]-- TIME:20090305-133923

[337](13:39:24)[3]-- TIME:20090305-133924

[338](13:39:25)[0]-- TIME:20090305-133925

[339](13:39:26)[1]-- TIME:20090305-133926

[340](13:39:27)[2]-- TIME:20090305-133927

[341](13:39:28)[3]-- TIME:20090305-133928

[342](13:39:29)[0]-- TIME:20090305-133929

[343](13:39:30)[1]-- TIME:20090305-133930

[344](13:39:31)[2]-- TIME:20090305-133931

[345](13:39:32)[3]-- TIME:20090305-133932

[346](13:39:33)[0]-- TIME:20090305-133933

[347](13:39:34)[1]-- TIME:20090305-133934

[348](13:39:35)[2]-- TIME:20090305-133935

[349](13:39:36)[3]-- TIME:20090305-133936

[350](13:39:37)[0]-- TIME:20090305-133937

[351](13:39:44)[1]-- TIME:20090305-133944

[352](13:39:45)[2]-- TIME:20090305-133945

[353](13:39:46)[3]-- TIME:20090305-133946

[354](13:39:47)[0]-- TIME:20090305-133947

[355](13:39:48)[1]-- TIME:20090305-133948

[356](13:39:49)[2]-- TIME:20090305-133949

[357](13:39:50)[3]-- TIME:20090305-133950

[358](13:39:51)[0]-- TIME:20090305-133951

[359](13:39:52)[1]-- TIME:20090305-133952

[360](13:39:53)[2]-- TIME:20090305-133953

[361](13:39:54)[3]-- TIME:20090305-133954

[362](13:39:55)[0]-- TIME:20090305-133955

[363](13:39:56)[1]-- TIME:20090305-133956

[364](13:39:57)[2]-- TIME:20090305-133957

[365](13:39:58)[3]-- TIME:20090305-133958

[366](13:39:59)[0]-- TIME:20090305-133959

[367](13:40:00)[1]-- TIME:20090305-134000

[368](13:40:01)[2]-- TIME:20090305-134001

[369](13:40:02)[3]-- TIME:20090305-134002

[370](13:40:03)[0]-- TIME:20090305-134003

[371](13:40:04)[1]-- TIME:20090305-134004

[372](13:40:05)[2]-- TIME:20090305-134005

[373](13:40:06)[3]-- TIME:20090305-134006

[374](13:40:07)[0]-- TIME:20090305-134007

[375](13:40:08)[1]-- TIME:20090305-134008

[376](13:40:09)[2]-- TIME:20090305-134009

[377](13:40:10)[3]-- TIME:20090305-134010

[378](13:40:11)[0]-- TIME:20090305-134011

[379](13:40:12)[1]-- TIME:20090305-134012

[380](13:40:13)[2]-- TIME:20090305-134013

[381](13:40:14)[3]-- TIME:20090305-134014

[382](13:40:15)[0]-- TIME:20090305-134015

[383](13:40:16)[1]-- TIME:20090305-134016

[384](13:40:17)[2]-- TIME:20090305-134017

[385](13:40:18)[3]-- TIME:20090305-134018

[386](13:40:19)[0]-- TIME:20090305-134019

[387](13:40:20)[1]-- TIME:20090305-134020

[388](13:40:21)[2]-- TIME:20090305-134021

[389](13:40:22)[3]-- TIME:20090305-134022

[390](13:40:23)[0]-- TIME:20090305-134023

[391](13:40:24)[1]-- TIME:20090305-134024

[392](13:40:25)[2]-- TIME:20090305-134025

[393](13:40:26)[3]-- TIME:20090305-134026

[394](13:40:27)[0]-- TIME:20090305-134027

[395](13:40:28)[1]-- TIME:20090305-134028

[396](13:40:29)[2]-- TIME:20090305-134029

[397](13:40:30)[3]-- TIME:20090305-134030

[398](13:40:31)[0]-- TIME:20090305-134031

[399](13:40:32)[1]-- TIME:20090305-134032

[400](13:40:33)[2]-- TIME:20090305-134033

[401](13:40:34)[3]-- TIME:20090305-134034

[402](13:40:35)[0]-- TIME:20090305-134035

[403](13:40:36)[1]-- TIME:20090305-134036

[404](13:40:37)[2]-- TIME:20090305-134037

[405](13:40:38)[3]-- TIME:20090305-134038

[406](13:40:39)[0]-- TIME:20090305-134039

[407](13:40:40)[1]-- TIME:20090305-134040

[408](13:40:41)[2]-- TIME:20090305-134041

[409](13:40:42)[3]-- TIME:20090305-134042

[410](13:40:43)[0]-- TIME:20090305-134043

[411](13:40:44)[1]-- TIME:20090305-134044

[412](13:40:45)[2]-- TIME:20090305-134045

[413](13:40:46)[3]-- TIME:20090305-134046

[414](13:40:47)[0]-- TIME:20090305-134047

[415](13:40:48)[1]-- TIME:20090305-134048

[416](13:40:49)[2]-- TIME:20090305-134049

[417](13:40:50)[3]-- TIME:20090305-134050

[418](13:40:51)[0]-- TIME:20090305-134051

[419](13:40:52)[1]-- TIME:20090305-134052

[420](13:40:53)[2]-- TIME:20090305-134053

[421](13:40:54)[3]-- TIME:20090305-134054

[422](13:40:55)[0]-- TIME:20090305-134055

[423](13:40:56)[1]-- TIME:20090305-134056

[424](13:40:57)[2]-- TIME:20090305-134057

[425](13:40:58)[3]-- TIME:20090305-134058

[426](13:40:59)[0]-- TIME:20090305-134059

[427](13:41:00)[1]-- TIME:20090305-134100

[428](13:41:01)[2]-- TIME:20090305-134101

[429](13:41:02)[3]-- TIME:20090305-134102

[430](13:41:03)[0]-- TIME:20090305-134103

[431](13:41:04)[1]-- TIME:20090305-134104

[432](13:41:05)[2]-- TIME:20090305-134105

[433](13:41:06)[3]-- TIME:20090305-134106

[434](13:41:07)[0]-- TIME:20090305-134107

[435](13:41:10)[1]-- TIME:20090305-134110

[436](13:41:11)[2]-- TIME:20090305-134111

[437](13:41:12)[3]-- TIME:20090305-134112

[438](13:41:13)[0]-- TIME:20090305-134113

[439](13:41:16)[1]-- TIME:20090305-134116

[440](13:41:17)[2]-- TIME:20090305-134117

[441](13:41:18)[3]-- TIME:20090305-134118

[442](13:41:19)[0]-- TIME:20090305-134119

[443](13:41:20)[1]-- TIME:20090305-134120

[444](13:41:21)[2]-- TIME:20090305-134121

[445](13:41:22)[3]-- TIME:20090305-134122

[446](13:41:23)[0]-- TIME:20090305-134123

[447](13:41:24)[1]-- TIME:20090305-134124

[448](13:41:25)[2]-- TIME:20090305-134125

[449](13:41:26)[3]-- TIME:20090305-134126

[450](13:41:27)[0]-- TIME:20090305-134127

[451](13:41:28)[1]-- TIME:20090305-134128

[452](13:41:29)[2]-- TIME:20090305-134129

[453](13:41:30)[3]-- TIME:20090305-134130

[454](13:41:31)[0]-- TIME:20090305-134131

[455](13:41:32)[1]-- TIME:20090305-134132

[456](13:41:33)[2]-- TIME:20090305-134133

[457](13:41:34)[3]-- TIME:20090305-134134

[458](13:41:35)[0]-- TIME:20090305-134135

[459](13:41:36)[1]-- TIME:20090305-134136

[460](13:41:37)[2]-- TIME:20090305-134137

[461](13:41:38)[3]-- TIME:20090305-134138

[462](13:41:39)[0]-- TIME:20090305-134139

[463](13:41:42)[1]-- TIME:20090305-134142

[464](13:41:43)[2]-- TIME:20090305-134143

[465](13:41:44)[3]-- TIME:20090305-134144

[466](13:41:45)[0]-- TIME:20090305-134145

[467](13:41:46)[1]-- TIME:20090305-134146

[468](13:41:47)[2]-- TIME:20090305-134147

[469](13:41:48)[3]-- TIME:20090305-134148

[470](13:41:49)[0]-- TIME:20090305-134149

[471](13:41:50)[1]-- TIME:20090305-134150

[472](13:41:51)[2]-- TIME:20090305-134151

[473](13:41:52)[3]-- TIME:20090305-134152

[474](13:41:53)[0]-- TIME:20090305-134153

[475](13:41:54)[1]-- TIME:20090305-134154

[476](13:41:55)[2]-- TIME:20090305-134155

[477](13:41:56)[3]-- TIME:20090305-134156

[478](13:41:57)[0]-- TIME:20090305-134157

[479](13:41:58)[1]-- TIME:20090305-134158

[480](13:41:59)[2]-- TIME:20090305-134159

[481](13:42:00)[3]-- TIME:20090305-134200

[482](13:42:01)[0]-- TIME:20090305-134201

[483](13:42:02)[1]-- TIME:20090305-134202

[484](13:42:03)[2]-- TIME:20090305-134203

[485](13:42:04)[3]-- TIME:20090305-134204

[486](13:42:05)[0]-- TIME:20090305-134205

[487](13:42:06)[1]-- TIME:20090305-134206

[488](13:42:07)[2]-- TIME:20090305-134207

[489](13:42:08)[3]-- TIME:20090305-134208

[490](13:42:09)[0]-- TIME:20090305-134209

[491](13:42:10)[1]-- TIME:20090305-134210

[492](13:42:11)[2]-- TIME:20090305-134211

[493](13:42:12)[3]-- TIME:20090305-134212

[494](13:42:13)[0]-- TIME:20090305-134213

[495](13:42:14)[1]-- TIME:20090305-134214

[496](13:42:15)[2]-- TIME:20090305-134215

[497](13:42:16)[3]-- TIME:20090305-134216

[498](13:42:17)[0]-- TIME:20090305-134217

[499](13:42:18)[1]-- TIME:20090305-134218

[500](13:42:19)[2]-- TIME:20090305-134219

[501](13:42:20)[3]-- TIME:20090305-134220

[502](13:42:21)[0]-- TIME:20090305-134221

[503](13:42:22)[1]-- TIME:20090305-134222

[504](13:42:23)[2]-- TIME:20090305-134223

[505](13:42:24)[3]-- TIME:20090305-134224

[506](13:42:25)[0]-- TIME:20090305-134225

[507](13:42:26)[1]-- TIME:20090305-134226

[508](13:42:27)[2]-- TIME:20090305-134227

[509](13:42:28)[3]-- TIME:20090305-134228

[510](13:42:29)[0]-- TIME:20090305-134229

[511](13:42:30)[1]-- TIME:20090305-134230

[512](13:42:31)[2]-- TIME:20090305-134231

[513](13:42:32)[3]-- TIME:20090305-134232

[514](13:42:33)[0]-- TIME:20090305-134233

[515](13:42:34)[1]-- TIME:20090305-134234

[516](13:42:35)[2]-- TIME:20090305-134235

[517](13:42:36)[3]-- TIME:20090305-134236

[518](13:42:37)[0]-- TIME:20090305-134237

[519](13:42:38)[1]-- TIME:20090305-134238

[520](13:42:39)[2]-- TIME:20090305-134239

[521](13:42:40)[3]-- TIME:20090305-134240

[522](13:42:41)[0]-- TIME:20090305-134241

[523](13:42:42)[1]-- TIME:20090305-134242

[524](13:42:43)[2]-- TIME:20090305-134243

[525](13:42:44)[3]-- TIME:20090305-134244

[526](13:42:45)[0]-- TIME:20090305-134245

[527](13:42:46)[1]-- TIME:20090305-134246

[528](13:42:47)[2]-- TIME:20090305-134247

[529](13:42:48)[3]-- TIME:20090305-134248

[530](13:42:49)[0]-- TIME:20090305-134249

[531](13:42:50)[1]-- TIME:20090305-134250

[532](13:42:51)[2]-- TIME:20090305-134251

[533](13:42:52)[3]-- TIME:20090305-134252

[534](13:42:53)[0]-- TIME:20090305-134253

[535](13:42:54)[1]-- TIME:20090305-134254

[536](13:42:55)[2]-- TIME:20090305-134255

[537](13:42:56)[3]-- TIME:20090305-134256

[538](13:42:57)[0]-- TIME:20090305-134257

[539](13:42:58)[1]-- TIME:20090305-134258

[540](13:42:59)[2]-- TIME:20090305-134259

[541](13:43:00)[3]-- TIME:20090305-134300

[542](13:43:01)[0]-- TIME:20090305-134301

[543](13:43:02)[1]-- TIME:20090305-134302

[544](13:43:03)[2]-- TIME:20090305-134303

[545](13:43:04)[3]-- TIME:20090305-134304

[546](13:43:05)[0]-- TIME:20090305-134305

[547](13:43:06)[1]-- TIME:20090305-134306

[548](13:43:07)[2]-- TIME:20090305-134307

[549](13:43:08)[3]-- TIME:20090305-134308

[550](13:43:09)[0]-- TIME:20090305-134309

[551](13:43:10)[1]-- TIME:20090305-134310

[552](13:43:11)[2]-- TIME:20090305-134311

[553](13:43:12)[3]-- TIME:20090305-134312

[554](13:43:13)[0]-- TIME:20090305-134313

[555](13:43:14)[1]-- TIME:20090305-134314

[556](13:43:15)[2]-- TIME:20090305-134315

[557](13:43:16)[3]-- TIME:20090305-134316

[558](13:43:17)[0]-- TIME:20090305-134317

[559](13:43:18)[1]-- TIME:20090305-134318

[560](13:43:19)[2]-- TIME:20090305-134319

[561](13:43:20)[3]-- TIME:20090305-134320

[562](13:43:21)[0]-- TIME:20090305-134321

[563](13:43:22)[1]-- TIME:20090305-134322

[564](13:43:23)[2]-- TIME:20090305-134323

[565](13:43:24)[3]-- TIME:20090305-134324

[566](13:43:25)[0]-- TIME:20090305-134325

[567](13:43:26)[1]-- TIME:20090305-134326

[568](13:43:27)[2]-- TIME:20090305-134327

[569](13:43:28)[3]-- TIME:20090305-134328

[570](13:43:29)[0]-- TIME:20090305-134329

[571](13:43:32)[1]-- TIME:20090305-134332

[572](13:43:33)[2]-- TIME:20090305-134333

[573](13:43:34)[3]-- TIME:20090305-134334

[574](13:43:35)[0]-- TIME:20090305-134335

[575](13:43:36)[1]-- TIME:20090305-134336

[576](13:43:37)[2]-- TIME:20090305-134337

[577](13:43:38)[3]-- TIME:20090305-134338

[578](13:43:39)[0]-- TIME:20090305-134339

[579](13:43:40)[1]-- TIME:20090305-134340

[580](13:43:41)[2]-- TIME:20090305-134341

[581](13:43:42)[3]-- TIME:20090305-134342

[582](13:43:43)[0]-- TIME:20090305-134343

[583](13:43:44)[1]-- TIME:20090305-134344

[584](13:43:45)[2]-- TIME:20090305-134345

[585](13:43:46)[3]-- TIME:20090305-134346

[586](13:43:47)[0]-- TIME:20090305-134347

[587](13:43:48)[1]-- TIME:20090305-134348

[588](13:43:49)[2]-- TIME:20090305-134349

[589](13:43:50)[3]-- TIME:20090305-134350

[590](13:43:51)[0]-- TIME:20090305-134351

[591](13:43:54)[1]-- TIME:20090305-134354

[592](13:43:55)[2]-- TIME:20090305-134355

[593](13:43:56)[3]-- TIME:20090305-134356

[594](13:43:57)[0]-- TIME:20090305-134357

[595](13:43:58)[1]-- TIME:20090305-134358

[596](13:43:59)[2]-- TIME:20090305-134359

[597](13:44:00)[3]-- TIME:20090305-134400

[598](13:44:01)[0]-- TIME:20090305-134401

[599](13:44:02)[1]-- TIME:20090305-134402

[600](13:44:03)[2]-- TIME:20090305-134403

[601](13:44:04)[3]-- TIME:20090305-134404

[602](13:44:05)[0]-- TIME:20090305-134405

[603](13:44:06)[1]-- TIME:20090305-134406

[604](13:44:07)[2]-- TIME:20090305-134407

[605](13:44:08)[3]-- TIME:20090305-134408

[606](13:44:09)[0]-- TIME:20090305-134409

[607](13:44:10)[1]-- TIME:20090305-134410

[608](13:44:11)[2]-- TIME:20090305-134411

[609](13:44:12)[3]-- TIME:20090305-134412

[610](13:44:13)[0]-- TIME:20090305-134413

[611](13:44:14)[1]-- TIME:20090305-134414

[612](13:44:15)[2]-- TIME:20090305-134415

[613](13:44:16)[3]-- TIME:20090305-134416

[614](13:44:17)[0]-- TIME:20090305-134417

[615](13:44:18)[1]-- TIME:20090305-134418

[616](13:44:19)[2]-- TIME:20090305-134419

[617](13:44:20)[3]-- TIME:20090305-134420

[618](13:44:21)[0]-- TIME:20090305-134421

[619](13:44:22)[1]-- TIME:20090305-134422

[620](13:44:23)[2]-- TIME:20090305-134423

[621](13:44:24)[3]-- TIME:20090305-134424

[622](13:44:25)[0]-- TIME:20090305-134425

[623](13:44:26)[1]-- TIME:20090305-134426

[624](13:44:27)[2]-- TIME:20090305-134427

[625](13:44:28)[3]-- TIME:20090305-134428

[626](13:44:29)[0]-- TIME:20090305-134429

[627](13:44:30)[1]-- TIME:20090305-134430

[628](13:44:31)[2]-- TIME:20090305-134431

[629](13:44:32)[3]-- TIME:20090305-134432

[630](13:44:33)[0]-- TIME:20090305-134433

[631](13:44:34)[1]-- TIME:20090305-134434

[632](13:44:35)[2]-- TIME:20090305-134435

[633](13:44:36)[3]-- TIME:20090305-134436

[634](13:44:37)[0]-- TIME:20090305-134437

[635](13:44:38)[1]-- TIME:20090305-134438

[636](13:44:39)[2]-- TIME:20090305-134439

[637](13:44:40)[3]-- TIME:20090305-134440

[638](13:44:41)[0]-- TIME:20090305-134441

[639](13:44:42)[1]-- TIME:20090305-134442

[640](13:44:43)[2]-- TIME:20090305-134443

[641](13:44:44)[3]-- TIME:20090305-134444

[642](13:44:45)[0]-- TIME:20090305-134445

[643](13:44:46)[1]-- TIME:20090305-134446

[644](13:44:47)[2]-- TIME:20090305-134447

[645](13:44:48)[3]-- TIME:20090305-134448

[646](13:44:49)[0]-- TIME:20090305-134449

[647](13:44:50)[1]-- TIME:20090305-134450

[648](13:44:51)[2]-- TIME:20090305-134451

[649](13:44:52)[3]-- TIME:20090305-134452

[650](13:44:53)[0]-- TIME:20090305-134453

[651](13:44:54)[1]-- TIME:20090305-134454

[652](13:44:55)[2]-- TIME:20090305-134455

[653](13:44:56)[3]-- TIME:20090305-134456

[654](13:44:57)[0]-- TIME:20090305-134457

[655](13:44:58)[1]-- TIME:20090305-134458

[656](13:44:59)[2]-- TIME:20090305-134459

[657](13:45:00)[3]-- TIME:20090305-134500

[658](13:45:01)[0]-- TIME:20090305-134501

[659](13:45:02)[1]-- TIME:20090305-134502

[660](13:45:03)[2]-- TIME:20090305-134503

[661](13:45:04)[3]-- TIME:20090305-134504

[662](13:45:05)[0]-- TIME:20090305-134505

[663](13:45:06)[1]-- TIME:20090305-134506

[664](13:45:07)[2]-- TIME:20090305-134507

[665](13:45:08)[3]-- TIME:20090305-134508

[666](13:45:09)[0]-- TIME:20090305-134509

[667](13:45:10)[1]-- TIME:20090305-134510

[668](13:45:11)[2]-- TIME:20090305-134511

[669](13:45:12)[3]-- TIME:20090305-134512

[670](13:45:13)[0]-- TIME:20090305-134513

[671](13:45:14)[1]-- TIME:20090305-134514

[672](13:45:15)[2]-- TIME:20090305-134515

[673](13:45:16)[3]-- TIME:20090305-134516

[674](13:45:17)[0]-- TIME:20090305-134517

[675](13:45:18)[1]-- TIME:20090305-134518

[676](13:45:19)[2]-- TIME:20090305-134519

[677](13:45:20)[3]-- TIME:20090305-134520

[678](13:45:21)[0]-- TIME:20090305-134521

[679](13:45:22)[1]-- TIME:20090305-134522

[680](13:45:23)[2]-- TIME:20090305-134523

[681](13:45:24)[3]-- TIME:20090305-134524

[682](13:45:25)[0]-- TIME:20090305-134525

[683](13:45:26)[1]-- TIME:20090305-134526

[684](13:45:27)[2]-- TIME:20090305-134527

[685](13:45:28)[3]-- TIME:20090305-134528

[686](13:45:29)[0]-- TIME:20090305-134529

[687](13:45:30)[1]-- TIME:20090305-134530

[688](13:45:31)[2]-- TIME:20090305-134531

[689](13:45:32)[3]-- TIME:20090305-134532

[690](13:45:33)[0]-- TIME:20090305-134533

[691](13:45:34)[1]-- TIME:20090305-134534

[692](13:45:35)[2]-- TIME:20090305-134535

[693](13:45:36)[3]-- TIME:20090305-134536

[694](13:45:37)[0]-- TIME:20090305-134537

[695](13:45:38)[1]-- TIME:20090305-134538

[696](13:45:39)[2]-- TIME:20090305-134539

[697](13:45:40)[3]-- TIME:20090305-134540

[698](13:45:41)[0]-- TIME:20090305-134541

[699](13:45:42)[1]-- TIME:20090305-134542

[700](13:45:43)[2]-- TIME:20090305-134543

[701](13:45:44)[3]-- TIME:20090305-134544

[702](13:45:45)[0]-- TIME:20090305-134545

[703](13:45:46)[1]-- TIME:20090305-134546

[704](13:45:47)[2]-- TIME:20090305-134547

[705](13:45:48)[3]-- TIME:20090305-134548

[706](13:45:49)[0]-- TIME:20090305-134549

[707](13:45:50)[1]-- TIME:20090305-134550

[708](13:45:51)[2]-- TIME:20090305-134551

[709](13:45:52)[3]-- TIME:20090305-134552

[710](13:45:53)[0]-- TIME:20090305-134553

[711](13:45:54)[1]-- TIME:20090305-134554

[712](13:45:55)[2]-- TIME:20090305-134555

[713](13:45:56)[3]-- TIME:20090305-134556

[714](13:45:57)[0]-- TIME:20090305-134557

[715](13:45:58)[1]-- TIME:20090305-134558

[716](13:45:59)[2]-- TIME:20090305-134559

[717](13:46:00)[3]-- TIME:20090305-134600

[718](13:46:01)[0]-- TIME:20090305-134601

[719](13:46:02)[1]-- TIME:20090305-134602

[720](13:46:03)[2]-- TIME:20090305-134603

[721](13:46:04)[3]-- TIME:20090305-134604

[722](13:46:05)[0]-- TIME:20090305-134605

[723](13:46:06)[1]-- TIME:20090305-134606

[724](13:46:07)[2]-- TIME:20090305-134607

[725](13:46:08)[3]-- TIME:20090305-134608

[726](13:46:09)[0]-- TIME:20090305-134609

[727](13:46:16)[1]-- TIME:20090305-134616

[728](13:46:17)[2]-- TIME:20090305-134617

[729](13:46:18)[3]-- TIME:20090305-134618

[730](13:46:18)10.23.128.24: Timeout
[731](13:46:19)[0]-- TIME:20090305-134619

[732](13:46:20)[1]-- TIME:20090305-134620

[733](13:46:21)[2]-- TIME:20090305-134621

[734](13:46:22)[3]-- TIME:20090305-134622

[735](13:46:23)[0]-- TIME:20090305-134623

[736](13:46:24)[1]-- TIME:20090305-134624

[737](13:46:25)[2]-- TIME:20090305-134625

[738](13:46:26)[3]-- TIME:20090305-134626

[739](13:46:27)[0]-- TIME:20090305-134627

[740](13:46:28)[1]-- TIME:20090305-134628

[741](13:46:29)[2]-- TIME:20090305-134629

[742](13:46:30)[3]-- TIME:20090305-134630

[743](13:46:31)[0]-- TIME:20090305-134631

[744](13:46:32)[1]-- TIME:20090305-134632

[745](13:46:33)[2]-- TIME:20090305-134633

[746](13:46:34)[3]-- TIME:20090305-134634

[747](13:46:35)[0]-- TIME:20090305-134635

[748](13:46:36)[1]-- TIME:20090305-134636

[749](13:46:37)[2]-- TIME:20090305-134637

[750](13:46:38)[3]-- TIME:20090305-134638

[751](13:46:39)[0]-- TIME:20090305-134639

[752](13:46:40)[1]-- TIME:20090305-134640

[753](13:46:41)[2]-- TIME:20090305-134641

[754](13:46:42)[3]-- TIME:20090305-134642

[755](13:46:43)[0]-- TIME:20090305-134643

[756](13:46:44)[1]-- TIME:20090305-134644

[757](13:46:45)[2]-- TIME:20090305-134645

[758](13:46:46)[3]-- TIME:20090305-134646

[759](13:46:47)[0]-- TIME:20090305-134647

[760](13:46:48)[1]-- TIME:20090305-134648

[761](13:46:49)[2]-- TIME:20090305-134649

[762](13:46:50)[3]-- TIME:20090305-134650

[763](13:46:51)[0]-- TIME:20090305-134651

[764](13:46:52)[1]-- TIME:20090305-134652

[765](13:46:53)[2]-- TIME:20090305-134653

[766](13:46:54)[3]-- TIME:20090305-134654

[767](13:46:55)[0]-- TIME:20090305-134655

[768](13:46:56)[1]-- TIME:20090305-134656

[769](13:46:57)[2]-- TIME:20090305-134657

[770](13:46:58)[3]-- TIME:20090305-134658

[771](13:46:59)[0]-- TIME:20090305-134659

[772](13:47:00)[1]-- TIME:20090305-134700

[773](13:47:01)[2]-- TIME:20090305-134701

[774](13:47:02)[3]-- TIME:20090305-134702

[775](13:47:03)[0]-- TIME:20090305-134703

[776](13:47:04)[1]-- TIME:20090305-134704

[777](13:47:05)[2]-- TIME:20090305-134705

[778](13:47:06)[3]-- TIME:20090305-134706

[779](13:47:07)[0]-- TIME:20090305-134707

[780](13:47:08)[1]-- TIME:20090305-134708

[781](13:47:09)[2]-- TIME:20090305-134709

[782](13:47:10)[3]-- TIME:20090305-134710

[783](13:47:11)[0]-- TIME:20090305-134711

[784](13:47:12)[1]-- TIME:20090305-134712

[785](13:47:13)[2]-- TIME:20090305-134713

[786](13:47:14)[3]-- TIME:20090305-134714

[787](13:47:15)[0]-- TIME:20090305-134715

[788](13:47:16)[1]-- TIME:20090305-134716

[789](13:47:17)[2]-- TIME:20090305-134717

[790](13:47:18)[3]-- TIME:20090305-134718

[791](13:47:19)[0]-- TIME:20090305-134719

[792](13:47:20)[1]-- TIME:20090305-134720

[793](13:47:21)[2]-- TIME:20090305-134721

[794](13:47:22)[3]-- TIME:20090305-134722

[795](13:47:23)[0]-- TIME:20090305-134723

[796](13:47:24)[1]-- TIME:20090305-134724

[797](13:47:25)[2]-- TIME:20090305-134725

[798](13:47:26)[3]-- TIME:20090305-134726

[799](13:47:27)[0]-- TIME:20090305-134727

[800](13:47:28)[1]-- TIME:20090305-134728

[801](13:47:29)[2]-- TIME:20090305-134729

[802](13:47:30)[3]-- TIME:20090305-134730

[803](13:47:31)[0]-- TIME:20090305-134731

[804](13:47:32)[1]-- TIME:20090305-134732

[805](13:47:33)[2]-- TIME:20090305-134733

[806](13:47:34)[3]-- TIME:20090305-134734

[807](13:47:35)[0]-- TIME:20090305-134735

[808](13:47:36)[1]-- TIME:20090305-134736

[809](13:47:37)[2]-- TIME:20090305-134737

[810](13:47:38)[3]-- TIME:20090305-134738

[811](13:47:39)[0]-- TIME:20090305-134739

[812](13:47:40)[1]-- TIME:20090305-134740

[813](13:47:41)[2]-- TIME:20090305-134741

[814](13:47:42)[3]-- TIME:20090305-134742

[815](13:47:43)[0]-- TIME:20090305-134743

[816](13:47:44)[1]-- TIME:20090305-134744

[817](13:47:45)[2]-- TIME:20090305-134745

[818](13:47:46)[3]-- TIME:20090305-134746

[819](13:47:47)[0]-- TIME:20090305-134747

[820](13:47:48)[1]-- TIME:20090305-134748

[821](13:47:49)[2]-- TIME:20090305-134749

[822](13:47:50)[3]-- TIME:20090305-134750

[823](13:47:51)[0]-- TIME:20090305-134751

[824](13:47:52)[1]-- TIME:20090305-134752

[825](13:47:53)[2]-- TIME:20090305-134753

[826](13:47:54)[3]-- TIME:20090305-134754

[827](13:47:55)[0]-- TIME:20090305-134755

[828](13:47:56)[1]-- TIME:20090305-134756

[829](13:47:57)[2]-- TIME:20090305-134757

[830](13:47:58)[3]-- TIME:20090305-134758

[831](13:47:59)[0]-- TIME:20090305-134759

[832](13:48:00)[1]-- TIME:20090305-134800

[833](13:48:01)[2]-- TIME:20090305-134801

[834](13:48:02)[3]-- TIME:20090305-134802

[835](13:48:03)[0]-- TIME:20090305-134803

[836](13:48:04)[1]-- TIME:20090305-134804

[837](13:48:05)[2]-- TIME:20090305-134805

[838](13:48:06)[3]-- TIME:20090305-134806

[839](13:48:07)[0]-- TIME:20090305-134807

[840](13:48:08)[1]-- TIME:20090305-134808

[841](13:48:09)[2]-- TIME:20090305-134809

[842](13:48:10)[3]-- TIME:20090305-134810

[843](13:48:11)[0]-- TIME:20090305-134811

[844](13:48:12)[1]-- TIME:20090305-134812

[845](13:48:13)[2]-- TIME:20090305-134813

[846](13:48:14)[3]-- TIME:20090305-134814

[847](13:48:15)[0]-- TIME:20090305-134815

[848](13:48:16)[1]-- TIME:20090305-134816

[849](13:48:17)[2]-- TIME:20090305-134817

[850](13:48:18)[3]-- TIME:20090305-134818

[851](13:48:19)[0]-- TIME:20090305-134819

[852](13:48:20)[1]-- TIME:20090305-134820

[853](13:48:21)[2]-- TIME:20090305-134821

[854](13:48:22)[3]-- TIME:20090305-134822

[855](13:48:23)[0]-- TIME:20090305-134823

[856](13:48:24)[1]-- TIME:20090305-134824

[857](13:48:25)[2]-- TIME:20090305-134825

[858](13:48:26)[3]-- TIME:20090305-134826

[859](13:48:27)[0]-- TIME:20090305-134827

[860](13:48:28)[1]-- TIME:20090305-134828

[861](13:48:29)[2]-- TIME:20090305-134829

[862](13:48:30)[3]-- TIME:20090305-134830

[863](13:48:31)[0]-- TIME:20090305-134831

[864](13:48:32)[1]-- TIME:20090305-134832

[865](13:48:33)[2]-- TIME:20090305-134833

[866](13:48:34)[3]-- TIME:20090305-134834

[867](13:48:35)[0]-- TIME:20090305-134835

[868](13:48:36)[1]-- TIME:20090305-134836

[869](13:48:37)[2]-- TIME:20090305-134837

[870](13:48:38)[3]-- TIME:20090305-134838

[871](13:48:39)[0]-- TIME:20090305-134839

[872](13:48:40)[1]-- TIME:20090305-134840

[873](13:48:41)[2]-- TIME:20090305-134841

[874](13:48:42)[3]-- TIME:20090305-134842

[875](13:48:43)[0]-- TIME:20090305-134843

[876](13:48:44)[1]-- TIME:20090305-134844

[877](13:48:45)[2]-- TIME:20090305-134845

[878](13:48:46)[3]-- TIME:20090305-134846

[879](13:48:47)[0]-- TIME:20090305-134847

[880](13:48:48)[1]-- TIME:20090305-134848

[881](13:48:49)[2]-- TIME:20090305-134849

[882](13:48:50)[3]-- TIME:20090305-134850

[883](13:48:51)[0]-- TIME:20090305-134851

[884](13:48:52)[1]-- TIME:20090305-134852

[885](13:48:53)[2]-- TIME:20090305-134853

[886](13:48:54)[3]-- TIME:20090305-134854

[887](13:48:55)[0]-- TIME:20090305-134855

[888](13:48:56)[1]-- TIME:20090305-134856

[889](13:48:57)[2]-- TIME:20090305-134857

[890](13:48:58)[3]-- TIME:20090305-134858

[891](13:48:59)[0]-- TIME:20090305-134859

[892](13:49:00)[1]-- TIME:20090305-134900

[893](13:49:01)[2]-- TIME:20090305-134901

[894](13:49:02)[3]-- TIME:20090305-134902

[895](13:49:03)[0]-- TIME:20090305-134903

[896](13:49:04)[1]-- TIME:20090305-134904

[897](13:49:05)[2]-- TIME:20090305-134905

[898](13:49:06)[3]-- TIME:20090305-134906

[899](13:49:07)[0]-- TIME:20090305-134907

[900](13:49:08)[1]-- TIME:20090305-134908

[901](13:49:09)[2]-- TIME:20090305-134909

[902](13:49:10)[3]-- TIME:20090305-134910

[903](13:49:11)[0]-- TIME:20090305-134911

[904](13:49:12)[1]-- TIME:20090305-134912

[905](13:49:13)[2]-- TIME:20090305-134913

[906](13:49:14)[3]-- TIME:20090305-134914

[907](13:49:15)[0]-- TIME:20090305-134915

[908](13:49:16)[1]-- TIME:20090305-134916

[909](13:49:17)[2]-- TIME:20090305-134917

[910](13:49:18)[3]-- TIME:20090305-134918

[911](13:49:19)[0]-- TIME:20090305-134919

[912](13:49:20)[1]-- TIME:20090305-134920

[913](13:49:21)[2]-- TIME:20090305-134921

[914](13:49:22)[3]-- TIME:20090305-134922

[915](13:49:23)[0]-- TIME:20090305-134923

[916](13:49:24)[1]-- TIME:20090305-134924

[917](13:49:25)[2]-- TIME:20090305-134925

[918](13:49:26)[3]-- TIME:20090305-134926

[919](13:49:27)[0]-- TIME:20090305-134927

[920](13:49:28)[1]-- TIME:20090305-134928

[921](13:49:29)[2]-- TIME:20090305-134929

[922](13:49:30)[3]-- TIME:20090305-134930

[923](13:49:31)[0]-- TIME:20090305-134931

[924](13:49:32)[1]-- TIME:20090305-134932

[925](13:49:33)[2]-- TIME:20090305-134933

[926](13:49:34)[3]-- TIME:20090305-134934

[927](13:49:35)[0]-- TIME:20090305-134935

[928](13:49:36)[1]-- TIME:20090305-134936

[929](13:49:37)[2]-- TIME:20090305-134937

[930](13:49:38)[3]-- TIME:20090305-134938

[931](13:49:39)[0]-- TIME:20090305-134939

[932](13:49:40)[1]-- TIME:20090305-134940

[933](13:49:41)[2]-- TIME:20090305-134941

[934](13:49:42)[3]-- TIME:20090305-134942

[935](13:49:43)[0]-- TIME:20090305-134943

[936](13:49:44)[1]-- TIME:20090305-134944

[937](13:49:45)[2]-- TIME:20090305-134945

[938](13:49:46)[3]-- TIME:20090305-134946

[939](13:49:47)[0]-- TIME:20090305-134947

[940](13:49:48)[1]-- TIME:20090305-134948

[941](13:49:49)[2]-- TIME:20090305-134949

[942](13:49:50)[3]-- TIME:20090305-134950

[943](13:49:51)[0]-- TIME:20090305-134951

[944](13:49:52)[1]-- TIME:20090305-134952

[945](13:49:53)[2]-- TIME:20090305-134953

[946](13:49:54)[3]-- TIME:20090305-134954

[947](13:49:55)[0]-- TIME:20090305-134955

[948](13:49:56)[1]-- TIME:20090305-134956

[949](13:49:57)[2]-- TIME:20090305-134957

[950](13:49:58)[3]-- TIME:20090305-134958

[951](13:49:59)[0]-- TIME:20090305-134959

[952](13:50:00)[1]-- TIME:20090305-135000

[953](13:50:01)[2]-- TIME:20090305-135001

[954](13:50:02)[3]-- TIME:20090305-135002

[955](13:50:03)[0]-- TIME:20090305-135003

[956](13:50:04)[1]-- TIME:20090305-135004

[957](13:50:05)[2]-- TIME:20090305-135005

[958](13:50:06)[3]-- TIME:20090305-135006

[959](13:50:07)[0]-- TIME:20090305-135007

[960](13:50:08)[1]-- TIME:20090305-135008

[961](13:50:09)[2]-- TIME:20090305-135009

[962](13:50:10)[3]-- TIME:20090305-135010

[963](13:50:11)[0]-- TIME:20090305-135011

[964](13:50:12)[1]-- TIME:20090305-135012

[965](13:50:13)[2]-- TIME:20090305-135013

[966](13:50:14)[3]-- TIME:20090305-135014

[967](13:50:15)[0]-- TIME:20090305-135015

[968](13:50:16)[1]-- TIME:20090305-135016

[969](13:50:17)[2]-- TIME:20090305-135017

[970](13:50:18)[3]-- TIME:20090305-135018

[971](13:50:19)[0]-- TIME:20090305-135019

[972](13:50:20)[1]-- TIME:20090305-135020

[973](13:50:21)[2]-- TIME:20090305-135021

[974](13:50:22)[3]-- TIME:20090305-135022

[975](13:50:23)[0]-- TIME:20090305-135023

[976](13:50:24)[1]-- TIME:20090305-135024

[977](13:50:25)[2]-- TIME:20090305-135025

[978](13:50:26)[3]-- TIME:20090305-135026

[979](13:50:27)[0]-- TIME:20090305-135027

[980](13:50:28)[1]-- TIME:20090305-135028

[981](13:50:29)[2]-- TIME:20090305-135029

[982](13:50:30)[3]-- TIME:20090305-135030

[983](13:50:31)[0]-- TIME:20090305-135031

[984](13:50:32)[1]-- TIME:20090305-135032

[985](13:50:33)[2]-- TIME:20090305-135033

[986](13:50:34)[3]-- TIME:20090305-135034

[987](13:50:35)[0]-- TIME:20090305-135035

[988](13:50:36)[1]-- TIME:20090305-135036

[989](13:50:37)[2]-- TIME:20090305-135037

[990](13:50:38)[3]-- TIME:20090305-135038

[991](13:50:39)[0]-- TIME:20090305-135039

[992](13:50:40)[1]-- TIME:20090305-135040

[993](13:50:41)[2]-- TIME:20090305-135041

[994](13:50:42)[3]-- TIME:20090305-135042

[995](13:50:43)[0]-- TIME:20090305-135043

[996](13:50:44)[1]-- TIME:20090305-135044

[997](13:50:45)[2]-- TIME:20090305-135045

[998](13:50:46)[3]-- TIME:20090305-135046

[999](13:50:47)[0]-- TIME:20090305-135047

[1000](13:50:48)[1]-- TIME:20090305-135048
