
[0](23:58:48)======== MONITA APP STARTING ===========
[1](23:58:48)Load file konfigurasi
[2](23:58:48)Baca konfig
[3](23:58:48)Baca konfig: OK
[4](23:58:50)Mulai logging data
[5](23:58:52)[0]-- TIME:20090305-235852

[6](23:58:55)[1]-- TIME:20090305-235855

[7](23:58:56)[2]-- TIME:20090305-235856

[8](23:58:57)[3]-- TIME:20090305-235857

[9](23:58:58)[0]-- TIME:20090305-235858

[10](23:58:59)[1]-- TIME:20090305-235859

[11](23:59:00)[2]-- TIME:20090305-235900

[12](23:59:01)[3]-- TIME:20090305-235901

[13](23:59:02)[0]-- TIME:20090305-235902

[14](23:59:03)[1]-- TIME:20090305-235903

[15](23:59:04)[2]-- TIME:20090305-235904

[16](23:59:05)[3]-- TIME:20090305-235905

[17](23:59:05)ALARM: Data Titik 1 (KWH) diluar jangkauan ukur
[18](23:59:05)ALARM: Data Titik 2 (KVARH) diluar jangkauan ukur
[19](23:59:06)[0]-- TIME:20090305-235906

[20](23:59:07)[1]-- TIME:20090305-235907

[21](23:59:08)[2]-- TIME:20090305-235908

[22](23:59:09)[3]-- TIME:20090305-235909

[23](23:59:09)ALARM: Data Titik 1 (KWH) diluar jangkauan ukur
[24](23:59:09)ALARM: Data Titik 2 (KVARH) diluar jangkauan ukur
[25](23:59:10)[0]-- TIME:20090305-235910

[26](23:59:11)[1]-- TIME:20090305-235911

[27](23:59:12)[2]-- TIME:20090305-235912

[28](23:59:13)[3]-- TIME:20090305-235913

[29](23:59:13)ALARM: Data Titik 1 (KWH) diluar jangkauan ukur
[30](23:59:13)ALARM: Data Titik 2 (KVARH) diluar jangkauan ukur
[31](23:59:14)[0]-- TIME:20090305-235914

[32](23:59:15)[1]-- TIME:20090305-235915

[33](23:59:16)[2]-- TIME:20090305-235916

[34](23:59:17)[3]-- TIME:20090305-235917

[35](23:59:17)ALARM: Data Titik 1 (KWH) diluar jangkauan ukur
[36](23:59:17)ALARM: Data Titik 2 (KVARH) diluar jangkauan ukur
[37](23:59:18)[0]-- TIME:20090305-235918

[38](23:59:19)[1]-- TIME:20090305-235919

[39](23:59:20)[2]-- TIME:20090305-235920

[40](23:59:21)[3]-- TIME:20090305-235921

[41](23:59:21)ALARM: Data Titik 1 (KWH) diluar jangkauan ukur
[42](23:59:21)ALARM: Data Titik 2 (KVARH) diluar jangkauan ukur
[43](23:59:22)[0]-- TIME:20090305-235922

[44](23:59:23)[1]-- TIME:20090305-235923

[45](23:59:24)[2]-- TIME:20090305-235924

[46](23:59:25)[3]-- TIME:20090305-235925

[47](23:59:25)ALARM: Data Titik 1 (KWH) diluar jangkauan ukur
[48](23:59:25)ALARM: Data Titik 2 (KVARH) diluar jangkauan ukur
[49](23:59:26)[0]-- TIME:20090305-235926

[50](23:59:27)[1]-- TIME:20090305-235927

[51](23:59:28)[2]-- TIME:20090305-235928

[52](23:59:29)[3]-- TIME:20090305-235929

[53](23:59:29)ALARM: Data Titik 1 (KWH) diluar jangkauan ukur
[54](23:59:29)ALARM: Data Titik 2 (KVARH) diluar jangkauan ukur
[55](23:59:30)[0]-- TIME:20090305-235930

[56](23:59:31)[1]-- TIME:20090305-235931

[57](23:59:32)[2]-- TIME:20090305-235932

[58](23:59:33)[3]-- TIME:20090305-235933

[59](23:59:33)ALARM: Data Titik 1 (KWH) diluar jangkauan ukur
[60](23:59:33)ALARM: Data Titik 2 (KVARH) diluar jangkauan ukur
[61](23:59:34)[0]-- TIME:20090305-235934

[62](23:59:35)[1]-- TIME:20090305-235935

[63](23:59:36)[2]-- TIME:20090305-235936

[64](23:59:37)[3]-- TIME:20090305-235937

[65](23:59:37)ALARM: Data Titik 1 (KWH) diluar jangkauan ukur
[66](23:59:37)ALARM: Data Titik 2 (KVARH) diluar jangkauan ukur
[67](23:59:38)[0]-- TIME:20090305-235938

[68](23:59:39)[1]-- TIME:20090305-235939

[69](23:59:40)[2]-- TIME:20090305-235940

[70](23:59:41)[3]-- TIME:20090305-235941

[71](23:59:41)ALARM: Data Titik 1 (KWH) diluar jangkauan ukur
[72](23:59:41)ALARM: Data Titik 2 (KVARH) diluar jangkauan ukur
[73](23:59:42)[0]-- TIME:20090305-235942

[74](23:59:43)[1]-- TIME:20090305-235943

[75](23:59:44)[2]-- TIME:20090305-235944

[76](23:59:45)[3]-- TIME:20090305-235945

[77](23:59:45)ALARM: Data Titik 1 (KWH) diluar jangkauan ukur
[78](23:59:45)ALARM: Data Titik 2 (KVARH) diluar jangkauan ukur
[79](23:59:46)[0]-- TIME:20090305-235946

[80](23:59:47)[1]-- TIME:20090305-235947

[81](23:59:48)[2]-- TIME:20090305-235948

[82](23:59:49)[3]-- TIME:20090305-235949

[83](23:59:49)ALARM: Data Titik 1 (KWH) diluar jangkauan ukur
[84](23:59:49)ALARM: Data Titik 2 (KVARH) diluar jangkauan ukur
[85](23:59:50)[0]-- TIME:20090305-235950

[86](23:59:53)[1]-- TIME:20090305-235953

[87](23:59:54)[2]-- TIME:20090305-235954

[88](23:59:55)[3]-- TIME:20090305-235955

[89](23:59:55)ALARM: Data Titik 1 (KWH) diluar jangkauan ukur
[90](23:59:55)ALARM: Data Titik 2 (KVARH) diluar jangkauan ukur
[91](23:59:56)[0]-- TIME:20090305-235956

[92](23:59:57)[1]-- TIME:20090305-235957

[93](23:59:58)[2]-- TIME:20090305-235958

[94](23:59:59)[3]-- TIME:20090305-235959

[95](23:59:59)ALARM: Data Titik 1 (KWH) diluar jangkauan ukur
[96](23:59:59)ALARM: Data Titik 2 (KVARH) diluar jangkauan ukur
[97](00:00:00)[0]-- TIME:20090306-000000
