
[0](01:07:39)ALARM: Data Titik 1 (KWH) diluar jangkauan ukur
[1](01:07:39)ALARM: Data Titik 2 (KVARH) diluar jangkauan ukur
[2](01:07:40)[0]-- TIME:20090306-010740

[3](01:07:41)[1]-- TIME:20090306-010741

[4](01:07:42)[2]-- TIME:20090306-010742

[5](01:07:43)[3]-- TIME:20090306-010743

[6](01:07:43)ALARM: Data Titik 1 (KWH) diluar jangkauan ukur
[7](01:07:43)ALARM: Data Titik 2 (KVARH) diluar jangkauan ukur
[8](01:07:44)[0]-- TIME:20090306-010744

[9](01:07:45)[1]-- TIME:20090306-010745

[10](01:07:46)[2]-- TIME:20090306-010746

[11](01:07:47)[3]-- TIME:20090306-010747

[12](01:07:47)ALARM: Data Titik 1 (KWH) diluar jangkauan ukur
[13](01:07:47)ALARM: Data Titik 2 (KVARH) diluar jangkauan ukur
[14](01:07:48)[0]-- TIME:20090306-010748

[15](01:07:49)[1]-- TIME:20090306-010749

[16](01:07:50)[2]-- TIME:20090306-010750

[17](01:07:51)[3]-- TIME:20090306-010751

[18](01:07:51)ALARM: Data Titik 1 (KWH) diluar jangkauan ukur
[19](01:07:51)ALARM: Data Titik 2 (KVARH) diluar jangkauan ukur
[20](01:07:52)[0]-- TIME:20090306-010752

[21](01:07:53)[1]-- TIME:20090306-010753

[22](01:07:54)[2]-- TIME:20090306-010754

[23](01:07:55)[3]-- TIME:20090306-010755

[24](01:07:55)ALARM: Data Titik 1 (KWH) diluar jangkauan ukur
[25](01:07:55)ALARM: Data Titik 2 (KVARH) diluar jangkauan ukur
[26](01:07:56)[0]-- TIME:20090306-010756

[27](01:07:57)[1]-- TIME:20090306-010757

[28](01:07:58)[2]-- TIME:20090306-010758

[29](01:07:59)[3]-- TIME:20090306-010759

[30](01:07:59)10.23.128.24: Timeout
[31](01:08:00)[0]-- TIME:20090306-010800

[32](01:08:01)[1]-- TIME:20090306-010801

[33](01:08:02)[2]-- TIME:20090306-010802

[34](01:08:03)[3]-- TIME:20090306-010803

[35](01:08:03)10.23.128.24: Timeout
[36](01:08:04)[0]-- TIME:20090306-010804

[37](01:08:05)[1]-- TIME:20090306-010805

[38](01:08:06)[2]-- TIME:20090306-010806

[39](01:08:07)[3]-- TIME:20090306-010807

[40](01:08:07)10.23.128.24: Timeout
[41](01:08:08)[0]-- TIME:20090306-010808

[42](01:08:09)[1]-- TIME:20090306-010809

[43](01:08:10)[2]-- TIME:20090306-010810

[44](01:08:11)[3]-- TIME:20090306-010811

[45](01:08:11)10.23.128.24: Timeout
[46](01:08:12)[0]-- TIME:20090306-010812

[47](01:08:13)[1]-- TIME:20090306-010813

[48](01:08:14)[2]-- TIME:20090306-010814

[49](01:08:15)[3]-- TIME:20090306-010815

[50](01:08:15)10.23.128.24: Timeout
[51](01:08:16)[0]-- TIME:20090306-010816

[52](01:08:17)[1]-- TIME:20090306-010817

[53](01:08:18)[2]-- TIME:20090306-010818

[54](01:08:19)[3]-- TIME:20090306-010819

[55](01:08:19)10.23.128.24: Timeout
[56](01:08:20)[0]-- TIME:20090306-010820

[57](01:08:21)[1]-- TIME:20090306-010821

[58](01:08:22)[2]-- TIME:20090306-010822

[59](01:08:23)[3]-- TIME:20090306-010823

[60](01:08:23)10.23.128.24: Timeout
[61](01:08:24)[0]-- TIME:20090306-010824

[62](01:08:25)[1]-- TIME:20090306-010825

[63](01:08:26)[2]-- TIME:20090306-010826

[64](01:08:27)[3]-- TIME:20090306-010827

[65](01:08:27)10.23.128.24: Timeout
[66](01:08:28)[0]-- TIME:20090306-010828

[67](01:08:29)[1]-- TIME:20090306-010829

[68](01:08:30)[2]-- TIME:20090306-010830

[69](01:08:31)[3]-- TIME:20090306-010831

[70](01:08:31)10.23.128.24: Timeout
[71](01:08:32)[0]-- TIME:20090306-010832

[72](01:08:33)[1]-- TIME:20090306-010833

[73](01:08:34)[2]-- TIME:20090306-010834

[74](01:08:35)[3]-- TIME:20090306-010835

[75](01:08:35)10.23.128.24: Timeout
[76](01:08:36)[0]-- TIME:20090306-010836

[77](01:08:37)[1]-- TIME:20090306-010837

[78](01:08:38)[2]-- TIME:20090306-010838

[79](01:08:39)[3]-- TIME:20090306-010839

[80](01:08:39)10.23.128.24: Timeout
[81](01:08:40)[0]-- TIME:20090306-010840

[82](01:08:41)[1]-- TIME:20090306-010841

[83](01:08:42)[2]-- TIME:20090306-010842

[84](01:08:43)[3]-- TIME:20090306-010843

[85](01:08:43)10.23.128.24: Timeout
[86](01:08:44)[0]-- TIME:20090306-010844

[87](01:08:45)[1]-- TIME:20090306-010845

[88](01:08:46)[2]-- TIME:20090306-010846

[89](01:08:47)[3]-- TIME:20090306-010847

[90](01:08:47)10.23.128.24: Timeout
[91](01:08:48)[0]-- TIME:20090306-010848

[92](01:08:49)[1]-- TIME:20090306-010849

[93](01:08:50)[2]-- TIME:20090306-010850

[94](01:08:51)[3]-- TIME:20090306-010851

[95](01:08:51)10.23.128.24: Timeout
[96](01:08:52)[0]-- TIME:20090306-010852

[97](01:08:53)[1]-- TIME:20090306-010853

[98](01:08:54)[2]-- TIME:20090306-010854

[99](01:08:55)[3]-- TIME:20090306-010855

[100](01:08:55)10.23.128.24: Timeout
[101](01:08:56)[0]-- TIME:20090306-010856

[102](01:08:57)[1]-- TIME:20090306-010857

[103](01:08:58)[2]-- TIME:20090306-010858

[104](01:08:59)[3]-- TIME:20090306-010859

[105](01:08:59)10.23.128.24: Timeout
[106](01:09:00)[0]-- TIME:20090306-010900

[107](01:09:01)[1]-- TIME:20090306-010901

[108](01:09:02)[2]-- TIME:20090306-010902

[109](01:09:03)[3]-- TIME:20090306-010903

[110](01:09:03)10.23.128.24: Timeout
[111](01:09:04)[0]-- TIME:20090306-010904

[112](01:09:05)[1]-- TIME:20090306-010905

[113](01:09:06)[2]-- TIME:20090306-010906

[114](01:09:07)[3]-- TIME:20090306-010907

[115](01:09:07)10.23.128.24: Timeout
[116](01:09:08)[0]-- TIME:20090306-010908

[117](01:09:09)[1]-- TIME:20090306-010909

[118](01:09:10)[2]-- TIME:20090306-010910

[119](01:09:11)[3]-- TIME:20090306-010911

[120](01:09:11)10.23.128.24: Timeout
[121](01:09:12)[0]-- TIME:20090306-010912

[122](01:09:13)[1]-- TIME:20090306-010913

[123](01:09:14)[2]-- TIME:20090306-010914

[124](01:09:15)[3]-- TIME:20090306-010915

[125](01:09:15)10.23.128.24: Timeout
[126](01:09:16)[0]-- TIME:20090306-010916

[127](01:09:17)[1]-- TIME:20090306-010917

[128](01:09:18)[2]-- TIME:20090306-010918

[129](01:09:19)[3]-- TIME:20090306-010919

[130](01:09:19)10.23.128.24: Timeout
[131](01:09:20)[0]-- TIME:20090306-010920

[132](01:09:21)[1]-- TIME:20090306-010921

[133](01:09:22)[2]-- TIME:20090306-010922

[134](01:09:23)[3]-- TIME:20090306-010923

[135](01:09:23)10.23.128.24: Timeout
[136](01:09:24)[0]-- TIME:20090306-010924

[137](01:09:25)[1]-- TIME:20090306-010925

[138](01:09:26)[2]-- TIME:20090306-010926

[139](01:09:27)[3]-- TIME:20090306-010927

[140](01:09:27)10.23.128.24: Timeout
[141](01:09:28)[0]-- TIME:20090306-010928

[142](01:09:29)[1]-- TIME:20090306-010929

[143](01:09:30)[2]-- TIME:20090306-010930

[144](01:09:31)[3]-- TIME:20090306-010931

[145](01:09:31)10.23.128.24: Timeout
[146](01:09:32)[0]-- TIME:20090306-010932

[147](01:09:33)[1]-- TIME:20090306-010933

[148](01:09:34)[2]-- TIME:20090306-010934

[149](01:09:35)[3]-- TIME:20090306-010935

[150](01:09:35)10.23.128.24: Timeout
[151](01:09:36)[0]-- TIME:20090306-010936

[152](01:09:37)[1]-- TIME:20090306-010937

[153](01:09:38)[2]-- TIME:20090306-010938

[154](01:09:39)[3]-- TIME:20090306-010939

[155](01:09:39)10.23.128.24: Timeout
[156](01:09:40)[0]-- TIME:20090306-010940

[157](01:09:41)[1]-- TIME:20090306-010941

[158](01:09:42)[2]-- TIME:20090306-010942

[159](01:09:43)[3]-- TIME:20090306-010943

[160](01:09:43)10.23.128.24: Timeout
[161](01:09:44)[0]-- TIME:20090306-010944

[162](01:09:45)[1]-- TIME:20090306-010945

[163](01:09:46)[2]-- TIME:20090306-010946

[164](01:09:47)[3]-- TIME:20090306-010947

[165](01:09:47)10.23.128.24: Timeout
[166](01:09:48)[0]-- TIME:20090306-010948

[167](01:09:49)[1]-- TIME:20090306-010949

[168](01:09:50)[2]-- TIME:20090306-010950

[169](01:09:51)[3]-- TIME:20090306-010951

[170](01:09:51)10.23.128.24: Timeout
[171](01:09:52)[0]-- TIME:20090306-010952

[172](01:09:53)[1]-- TIME:20090306-010953

[173](01:09:54)[2]-- TIME:20090306-010954

[174](01:09:55)[3]-- TIME:20090306-010955

[175](01:09:55)10.23.128.24: Timeout
[176](01:09:56)[0]-- TIME:20090306-010956

[177](01:09:57)[1]-- TIME:20090306-010957

[178](01:09:58)[2]-- TIME:20090306-010958

[179](01:09:59)[3]-- TIME:20090306-010959

[180](01:09:59)10.23.128.24: Timeout
[181](01:10:00)[0]-- TIME:20090306-011000

[182](01:10:01)[1]-- TIME:20090306-011001

[183](01:10:02)[2]-- TIME:20090306-011002

[184](01:10:03)[3]-- TIME:20090306-011003

[185](01:10:03)10.23.128.24: Timeout
[186](01:10:04)[0]-- TIME:20090306-011004

[187](01:10:05)[1]-- TIME:20090306-011005

[188](01:10:06)[2]-- TIME:20090306-011006

[189](01:10:07)[3]-- TIME:20090306-011007

[190](01:10:07)10.23.128.24: Timeout
[191](01:10:08)[0]-- TIME:20090306-011008

[192](01:10:09)[1]-- TIME:20090306-011009

[193](01:10:10)[2]-- TIME:20090306-011010

[194](01:10:11)[3]-- TIME:20090306-011011

[195](01:10:12)10.23.128.24: Timeout
[196](01:10:12)[0]-- TIME:20090306-011012

[197](01:10:13)[1]-- TIME:20090306-011013

[198](01:10:14)[2]-- TIME:20090306-011014

[199](01:10:15)[3]-- TIME:20090306-011015

[200](01:10:15)10.23.128.24: Timeout
[201](01:10:16)[0]-- TIME:20090306-011016

[202](01:10:17)[1]-- TIME:20090306-011017

[203](01:10:18)[2]-- TIME:20090306-011018

[204](01:10:19)[3]-- TIME:20090306-011019

[205](01:10:19)10.23.128.24: Timeout
[206](01:10:20)[0]-- TIME:20090306-011020

[207](01:10:21)[1]-- TIME:20090306-011021

[208](01:10:22)[2]-- TIME:20090306-011022

[209](01:10:23)[3]-- TIME:20090306-011023

[210](01:10:23)10.23.128.24: Timeout
[211](01:10:24)[0]-- TIME:20090306-011024

[212](01:10:25)[1]-- TIME:20090306-011025

[213](01:10:26)[2]-- TIME:20090306-011026

[214](01:10:27)[3]-- TIME:20090306-011027

[215](01:10:27)10.23.128.24: Timeout
[216](01:10:28)[0]-- TIME:20090306-011028

[217](01:10:29)[1]-- TIME:20090306-011029

[218](01:10:30)[2]-- TIME:20090306-011030

[219](01:10:31)[3]-- TIME:20090306-011031

[220](01:10:31)10.23.128.24: Timeout
[221](01:10:32)[0]-- TIME:20090306-011032

[222](01:10:33)[1]-- TIME:20090306-011033

[223](01:10:34)[2]-- TIME:20090306-011034

[224](01:10:35)[3]-- TIME:20090306-011035

[225](01:10:35)10.23.128.24: Timeout
[226](01:10:36)[0]-- TIME:20090306-011036

[227](01:10:37)[1]-- TIME:20090306-011037

[228](01:10:38)[2]-- TIME:20090306-011038

[229](01:10:39)[3]-- TIME:20090306-011039

[230](01:10:39)10.23.128.24: Timeout
[231](01:10:40)[0]-- TIME:20090306-011040

[232](01:10:41)[1]-- TIME:20090306-011041

[233](01:10:42)[2]-- TIME:20090306-011042

[234](01:10:43)[3]-- TIME:20090306-011043

[235](01:10:43)10.23.128.24: Timeout
[236](01:10:44)[0]-- TIME:20090306-011044

[237](01:10:45)[1]-- TIME:20090306-011045

[238](01:10:46)[2]-- TIME:20090306-011046

[239](01:10:47)[3]-- TIME:20090306-011047

[240](01:10:47)10.23.128.24: Timeout
[241](01:10:48)[0]-- TIME:20090306-011048

[242](01:10:49)[1]-- TIME:20090306-011049

[243](01:10:50)[2]-- TIME:20090306-011050

[244](01:10:51)[3]-- TIME:20090306-011051

[245](01:10:51)10.23.128.24: Timeout
[246](01:10:52)[0]-- TIME:20090306-011052

[247](01:10:53)[1]-- TIME:20090306-011053

[248](01:10:54)[2]-- TIME:20090306-011054

[249](01:10:55)[3]-- TIME:20090306-011055

[250](01:10:56)10.23.128.24: Timeout
[251](01:10:56)[0]-- TIME:20090306-011056

[252](01:10:57)[1]-- TIME:20090306-011057

[253](01:10:58)[2]-- TIME:20090306-011058

[254](01:10:59)[3]-- TIME:20090306-011059

[255](01:10:59)10.23.128.24: Timeout
[256](01:11:00)[0]-- TIME:20090306-011100

[257](01:11:01)[1]-- TIME:20090306-011101

[258](01:11:02)[2]-- TIME:20090306-011102

[259](01:11:03)[3]-- TIME:20090306-011103

[260](01:11:03)10.23.128.24: Timeout
[261](01:11:04)[0]-- TIME:20090306-011104

[262](01:11:05)[1]-- TIME:20090306-011105

[263](01:11:06)[2]-- TIME:20090306-011106

[264](01:11:07)[3]-- TIME:20090306-011107

[265](01:11:07)10.23.128.24: Timeout
[266](01:11:08)[0]-- TIME:20090306-011108

[267](01:11:09)[1]-- TIME:20090306-011109

[268](01:11:10)[2]-- TIME:20090306-011110

[269](01:11:11)[3]-- TIME:20090306-011111

[270](01:11:11)10.23.128.24: Timeout
[271](01:11:12)[0]-- TIME:20090306-011112

[272](01:11:13)[1]-- TIME:20090306-011113

[273](01:11:14)[2]-- TIME:20090306-011114

[274](01:11:15)[3]-- TIME:20090306-011115

[275](01:11:15)10.23.128.24: Timeout
[276](01:11:16)[0]-- TIME:20090306-011116

[277](01:11:17)[1]-- TIME:20090306-011117

[278](01:11:18)[2]-- TIME:20090306-011118

[279](01:11:19)[3]-- TIME:20090306-011119

[280](01:11:19)10.23.128.24: Timeout
[281](01:11:20)[0]-- TIME:20090306-011120

[282](01:11:21)[1]-- TIME:20090306-011121

[283](01:11:22)[2]-- TIME:20090306-011122

[284](01:11:23)[3]-- TIME:20090306-011123

[285](01:11:23)10.23.128.24: Timeout
[286](01:11:24)[0]-- TIME:20090306-011124

[287](01:11:25)[1]-- TIME:20090306-011125

[288](01:11:26)[2]-- TIME:20090306-011126

[289](01:11:27)[3]-- TIME:20090306-011127

[290](01:11:27)10.23.128.24: Timeout
[291](01:11:28)[0]-- TIME:20090306-011128

[292](01:11:29)[1]-- TIME:20090306-011129

[293](01:11:30)[2]-- TIME:20090306-011130

[294](01:11:31)[3]-- TIME:20090306-011131

[295](01:11:31)10.23.128.24: Timeout
[296](01:11:32)[0]-- TIME:20090306-011132

[297](01:11:33)[1]-- TIME:20090306-011133

[298](01:11:34)[2]-- TIME:20090306-011134

[299](01:11:35)[3]-- TIME:20090306-011135

[300](01:11:35)10.23.128.24: Timeout
[301](01:11:36)[0]-- TIME:20090306-011136

[302](01:11:37)[1]-- TIME:20090306-011137

[303](01:11:38)[2]-- TIME:20090306-011138

[304](01:11:39)[3]-- TIME:20090306-011139

[305](01:11:39)10.23.128.24: Timeout
[306](01:11:40)[0]-- TIME:20090306-011140

[307](01:11:41)[1]-- TIME:20090306-011141

[308](01:11:42)[2]-- TIME:20090306-011142

[309](01:11:43)[3]-- TIME:20090306-011143

[310](01:11:43)10.23.128.24: Timeout
[311](01:11:44)[0]-- TIME:20090306-011144

[312](01:11:45)[1]-- TIME:20090306-011145

[313](01:11:46)[2]-- TIME:20090306-011146

[314](01:11:47)[3]-- TIME:20090306-011147

[315](01:11:47)10.23.128.24: Timeout
[316](01:11:48)[0]-- TIME:20090306-011148

[317](01:11:49)[1]-- TIME:20090306-011149

[318](01:11:50)[2]-- TIME:20090306-011150

[319](01:11:51)[3]-- TIME:20090306-011151

[320](01:11:51)10.23.128.24: Timeout
[321](01:11:52)[0]-- TIME:20090306-011152

[322](01:11:53)[1]-- TIME:20090306-011153

[323](01:11:54)[2]-- TIME:20090306-011154

[324](01:11:55)[3]-- TIME:20090306-011155

[325](01:11:55)10.23.128.24: Timeout
[326](01:11:56)[0]-- TIME:20090306-011156

[327](01:11:57)[1]-- TIME:20090306-011157

[328](01:11:58)[2]-- TIME:20090306-011158

[329](01:11:59)[3]-- TIME:20090306-011159

[330](01:11:59)10.23.128.24: Timeout
[331](01:12:00)[0]-- TIME:20090306-011200

[332](01:12:01)[1]-- TIME:20090306-011201

[333](01:12:02)[2]-- TIME:20090306-011202

[334](01:12:03)[3]-- TIME:20090306-011203

[335](01:12:03)10.23.128.24: Timeout
[336](01:12:04)[0]-- TIME:20090306-011204

[337](01:12:05)[1]-- TIME:20090306-011205

[338](01:12:06)[2]-- TIME:20090306-011206

[339](01:12:07)[3]-- TIME:20090306-011207

[340](01:12:07)10.23.128.24: Timeout
[341](01:12:08)[0]-- TIME:20090306-011208

[342](01:12:09)[1]-- TIME:20090306-011209

[343](01:12:10)[2]-- TIME:20090306-011210

[344](01:12:11)[3]-- TIME:20090306-011211

[345](01:12:11)10.23.128.24: Timeout
[346](01:12:12)[0]-- TIME:20090306-011212

[347](01:12:13)[1]-- TIME:20090306-011213

[348](01:12:14)[2]-- TIME:20090306-011214

[349](01:12:15)[3]-- TIME:20090306-011215

[350](01:12:15)10.23.128.24: Timeout
[351](01:12:16)[0]-- TIME:20090306-011216

[352](01:12:17)[1]-- TIME:20090306-011217

[353](01:12:18)[2]-- TIME:20090306-011218

[354](01:12:19)[3]-- TIME:20090306-011219

[355](01:12:19)10.23.128.24: Timeout
[356](01:12:20)[0]-- TIME:20090306-011220

[357](01:12:21)[1]-- TIME:20090306-011221

[358](01:12:22)[2]-- TIME:20090306-011222

[359](01:12:23)[3]-- TIME:20090306-011223

[360](01:12:23)10.23.128.24: Timeout
[361](01:12:24)[0]-- TIME:20090306-011224

[362](01:12:25)[1]-- TIME:20090306-011225

[363](01:12:26)[2]-- TIME:20090306-011226

[364](01:12:27)[3]-- TIME:20090306-011227

[365](01:12:27)10.23.128.24: Timeout
[366](01:12:28)[0]-- TIME:20090306-011228

[367](01:12:29)[1]-- TIME:20090306-011229

[368](01:12:30)[2]-- TIME:20090306-011230

[369](01:12:31)[3]-- TIME:20090306-011231

[370](01:12:31)10.23.128.24: Timeout
[371](01:12:32)[0]-- TIME:20090306-011232

[372](01:12:33)[1]-- TIME:20090306-011233

[373](01:12:34)[2]-- TIME:20090306-011234

[374](01:12:35)[3]-- TIME:20090306-011235

[375](01:12:35)10.23.128.24: Timeout
[376](01:12:36)[0]-- TIME:20090306-011236

[377](01:12:37)[1]-- TIME:20090306-011237

[378](01:12:38)[2]-- TIME:20090306-011238

[379](01:12:39)[3]-- TIME:20090306-011239

[380](01:12:39)10.23.128.24: Timeout
[381](01:12:40)[0]-- TIME:20090306-011240

[382](01:12:41)[1]-- TIME:20090306-011241

[383](01:12:42)[2]-- TIME:20090306-011242

[384](01:12:43)[3]-- TIME:20090306-011243

[385](01:12:43)10.23.128.24: Timeout
[386](01:12:44)[0]-- TIME:20090306-011244

[387](01:12:45)[1]-- TIME:20090306-011245

[388](01:12:46)[2]-- TIME:20090306-011246

[389](01:12:47)[3]-- TIME:20090306-011247

[390](01:12:47)10.23.128.24: Timeout
[391](01:12:48)[0]-- TIME:20090306-011248

[392](01:12:49)[1]-- TIME:20090306-011249

[393](01:12:50)[2]-- TIME:20090306-011250

[394](01:12:51)[3]-- TIME:20090306-011251

[395](01:12:51)10.23.128.24: Timeout
[396](01:12:52)[0]-- TIME:20090306-011252

[397](01:12:53)[1]-- TIME:20090306-011253

[398](01:12:54)[2]-- TIME:20090306-011254

[399](01:12:55)[3]-- TIME:20090306-011255

[400](01:12:55)10.23.128.24: Timeout
[401](01:12:56)[0]-- TIME:20090306-011256

[402](01:12:57)[1]-- TIME:20090306-011257

[403](01:12:58)[2]-- TIME:20090306-011258

[404](01:12:59)[3]-- TIME:20090306-011259

[405](01:12:59)10.23.128.24: Timeout
[406](01:13:00)[0]-- TIME:20090306-011300

[407](01:13:01)[1]-- TIME:20090306-011301

[408](01:13:02)[2]-- TIME:20090306-011302

[409](01:13:03)[3]-- TIME:20090306-011303

[410](01:13:03)10.23.128.24: Timeout
[411](01:13:04)[0]-- TIME:20090306-011304

[412](01:13:05)[1]-- TIME:20090306-011305

[413](01:13:06)[2]-- TIME:20090306-011306

[414](01:13:07)[3]-- TIME:20090306-011307

[415](01:13:07)10.23.128.24: Timeout
[416](01:13:08)[0]-- TIME:20090306-011308

[417](01:13:09)[1]-- TIME:20090306-011309

[418](01:13:10)[2]-- TIME:20090306-011310

[419](01:13:11)[3]-- TIME:20090306-011311

[420](01:13:11)10.23.128.24: Timeout
[421](01:13:12)[0]-- TIME:20090306-011312

[422](01:13:13)[1]-- TIME:20090306-011313

[423](01:13:14)[2]-- TIME:20090306-011314

[424](01:13:15)[3]-- TIME:20090306-011315

[425](01:13:15)10.23.128.24: Timeout
[426](01:13:16)[0]-- TIME:20090306-011316

[427](01:13:17)[1]-- TIME:20090306-011317

[428](01:13:18)[2]-- TIME:20090306-011318

[429](01:13:19)[3]-- TIME:20090306-011319

[430](01:13:19)10.23.128.24: Timeout
[431](01:13:20)[0]-- TIME:20090306-011320

[432](01:13:21)[1]-- TIME:20090306-011321

[433](01:13:22)[2]-- TIME:20090306-011322

[434](01:13:23)[3]-- TIME:20090306-011323

[435](01:13:23)10.23.128.24: Timeout
[436](01:13:24)[0]-- TIME:20090306-011324

[437](01:13:25)[1]-- TIME:20090306-011325

[438](01:13:26)[2]-- TIME:20090306-011326

[439](01:13:27)[3]-- TIME:20090306-011327

[440](01:13:27)10.23.128.24: Timeout
[441](01:13:28)[0]-- TIME:20090306-011328

[442](01:13:29)[1]-- TIME:20090306-011329

[443](01:13:30)[2]-- TIME:20090306-011330

[444](01:13:31)[3]-- TIME:20090306-011331

[445](01:13:31)10.23.128.24: Timeout
[446](01:13:32)[0]-- TIME:20090306-011332

[447](01:13:33)[1]-- TIME:20090306-011333

[448](01:13:34)[2]-- TIME:20090306-011334

[449](01:13:35)[3]-- TIME:20090306-011335

[450](01:13:35)10.23.128.24: Timeout
[451](01:13:36)[0]-- TIME:20090306-011336

[452](01:13:37)[1]-- TIME:20090306-011337

[453](01:13:38)[2]-- TIME:20090306-011338

[454](01:13:39)[3]-- TIME:20090306-011339

[455](01:13:39)10.23.128.24: Timeout
[456](01:13:40)[0]-- TIME:20090306-011340

[457](01:13:41)[1]-- TIME:20090306-011341

[458](01:13:42)[2]-- TIME:20090306-011342

[459](01:13:43)[3]-- TIME:20090306-011343

[460](01:13:43)10.23.128.24: Timeout
[461](01:13:44)[0]-- TIME:20090306-011344

[462](01:13:45)[1]-- TIME:20090306-011345

[463](01:13:46)[2]-- TIME:20090306-011346

[464](01:13:47)[3]-- TIME:20090306-011347

[465](01:13:47)10.23.128.24: Timeout
[466](01:13:48)[0]-- TIME:20090306-011348

[467](01:13:49)[1]-- TIME:20090306-011349

[468](01:13:50)[2]-- TIME:20090306-011350

[469](01:13:51)[3]-- TIME:20090306-011351

[470](01:13:51)10.23.128.24: Timeout
[471](01:13:52)[0]-- TIME:20090306-011352

[472](01:13:53)[1]-- TIME:20090306-011353

[473](01:13:54)[2]-- TIME:20090306-011354

[474](01:13:55)[3]-- TIME:20090306-011355

[475](01:13:55)10.23.128.24: Timeout
[476](01:13:56)[0]-- TIME:20090306-011356

[477](01:13:57)[1]-- TIME:20090306-011357

[478](01:13:58)[2]-- TIME:20090306-011358

[479](01:13:59)[3]-- TIME:20090306-011359

[480](01:13:59)10.23.128.24: Timeout
[481](01:14:00)[0]-- TIME:20090306-011400

[482](01:14:01)[1]-- TIME:20090306-011401

[483](01:14:02)[2]-- TIME:20090306-011402

[484](01:14:03)[3]-- TIME:20090306-011403

[485](01:14:03)10.23.128.24: Timeout
[486](01:14:04)[0]-- TIME:20090306-011404

[487](01:14:05)[1]-- TIME:20090306-011405

[488](01:14:06)[2]-- TIME:20090306-011406

[489](01:14:07)[3]-- TIME:20090306-011407

[490](01:14:07)10.23.128.24: Timeout
[491](01:14:08)[0]-- TIME:20090306-011408

[492](01:14:09)[1]-- TIME:20090306-011409

[493](01:14:10)[2]-- TIME:20090306-011410

[494](01:14:11)[3]-- TIME:20090306-011411

[495](01:14:11)10.23.128.24: Timeout
[496](01:14:12)[0]-- TIME:20090306-011412

[497](01:14:13)[1]-- TIME:20090306-011413

[498](01:14:14)[2]-- TIME:20090306-011414

[499](01:14:15)[3]-- TIME:20090306-011415

[500](01:14:15)10.23.128.24: Timeout
[501](01:14:16)[0]-- TIME:20090306-011416

[502](01:14:17)[1]-- TIME:20090306-011417

[503](01:14:18)[2]-- TIME:20090306-011418

[504](01:14:19)[3]-- TIME:20090306-011419

[505](01:14:19)10.23.128.24: Timeout
[506](01:14:20)[0]-- TIME:20090306-011420

[507](01:14:21)[1]-- TIME:20090306-011421

[508](01:14:22)[2]-- TIME:20090306-011422

[509](01:14:23)[3]-- TIME:20090306-011423

[510](01:14:23)10.23.128.24: Timeout
[511](01:14:24)[0]-- TIME:20090306-011424

[512](01:14:25)[1]-- TIME:20090306-011425

[513](01:14:26)[2]-- TIME:20090306-011426

[514](01:14:27)[3]-- TIME:20090306-011427

[515](01:14:27)10.23.128.24: Timeout
[516](01:14:28)[0]-- TIME:20090306-011428

[517](01:14:29)[1]-- TIME:20090306-011429

[518](01:14:30)[2]-- TIME:20090306-011430

[519](01:14:31)[3]-- TIME:20090306-011431

[520](01:14:31)10.23.128.24: Timeout
[521](01:14:32)[0]-- TIME:20090306-011432

[522](01:14:33)[1]-- TIME:20090306-011433

[523](01:14:34)[2]-- TIME:20090306-011434

[524](01:14:35)[3]-- TIME:20090306-011435

[525](01:14:35)10.23.128.24: Timeout
[526](01:14:36)[0]-- TIME:20090306-011436

[527](01:14:37)[1]-- TIME:20090306-011437

[528](01:14:38)[2]-- TIME:20090306-011438

[529](01:14:39)[3]-- TIME:20090306-011439

[530](01:14:39)10.23.128.24: Timeout
[531](01:14:40)[0]-- TIME:20090306-011440

[532](01:14:41)[1]-- TIME:20090306-011441

[533](01:14:42)[2]-- TIME:20090306-011442

[534](01:14:43)[3]-- TIME:20090306-011443

[535](01:14:43)10.23.128.24: Timeout
[536](01:14:44)[0]-- TIME:20090306-011444

[537](01:14:45)[1]-- TIME:20090306-011445

[538](01:14:46)[2]-- TIME:20090306-011446

[539](01:14:47)[3]-- TIME:20090306-011447

[540](01:14:47)10.23.128.24: Timeout
[541](01:14:48)[0]-- TIME:20090306-011448

[542](01:14:49)[1]-- TIME:20090306-011449

[543](01:14:50)[2]-- TIME:20090306-011450

[544](01:14:51)[3]-- TIME:20090306-011451

[545](01:14:51)10.23.128.24: Timeout
[546](01:14:52)[0]-- TIME:20090306-011452

[547](01:14:53)[1]-- TIME:20090306-011453

[548](01:14:54)[2]-- TIME:20090306-011454

[549](01:14:55)[3]-- TIME:20090306-011455

[550](01:14:55)10.23.128.24: Timeout
[551](01:14:56)[0]-- TIME:20090306-011456

[552](01:14:57)[1]-- TIME:20090306-011457

[553](01:14:58)[2]-- TIME:20090306-011458

[554](01:14:59)[3]-- TIME:20090306-011459

[555](01:14:59)10.23.128.24: Timeout
[556](01:15:00)[0]-- TIME:20090306-011500

[557](01:15:01)[1]-- TIME:20090306-011501

[558](01:15:02)[2]-- TIME:20090306-011502

[559](01:15:03)[3]-- TIME:20090306-011503

[560](01:15:03)10.23.128.24: Timeout
[561](01:15:04)[0]-- TIME:20090306-011504

[562](01:15:05)[1]-- TIME:20090306-011505

[563](01:15:06)[2]-- TIME:20090306-011506

[564](01:15:07)[3]-- TIME:20090306-011507

[565](01:15:07)10.23.128.24: Timeout
[566](01:15:08)[0]-- TIME:20090306-011508

[567](01:15:09)[1]-- TIME:20090306-011509

[568](01:15:10)[2]-- TIME:20090306-011510

[569](01:15:11)[3]-- TIME:20090306-011511

[570](01:15:11)10.23.128.24: Timeout
[571](01:15:12)[0]-- TIME:20090306-011512

[572](01:15:13)[1]-- TIME:20090306-011513

[573](01:15:14)[2]-- TIME:20090306-011514

[574](01:15:15)[3]-- TIME:20090306-011515

[575](01:15:15)10.23.128.24: Timeout
[576](01:15:16)[0]-- TIME:20090306-011516

[577](01:15:17)[1]-- TIME:20090306-011517

[578](01:15:18)[2]-- TIME:20090306-011518

[579](01:15:19)[3]-- TIME:20090306-011519

[580](01:15:19)10.23.128.24: Timeout
[581](01:15:20)[0]-- TIME:20090306-011520

[582](01:15:21)[1]-- TIME:20090306-011521

[583](01:15:22)[2]-- TIME:20090306-011522

[584](01:15:23)[3]-- TIME:20090306-011523

[585](01:15:23)10.23.128.24: Timeout
[586](01:15:24)[0]-- TIME:20090306-011524

[587](01:15:25)[1]-- TIME:20090306-011525

[588](01:15:26)[2]-- TIME:20090306-011526

[589](01:15:27)[3]-- TIME:20090306-011527

[590](01:15:27)10.23.128.24: Timeout
[591](01:15:28)[0]-- TIME:20090306-011528

[592](01:15:29)[1]-- TIME:20090306-011529

[593](01:15:30)[2]-- TIME:20090306-011530

[594](01:15:31)[3]-- TIME:20090306-011531

[595](01:15:31)10.23.128.24: Timeout
[596](01:15:32)[0]-- TIME:20090306-011532

[597](01:15:33)[1]-- TIME:20090306-011533

[598](01:15:34)[2]-- TIME:20090306-011534

[599](01:15:35)[3]-- TIME:20090306-011535

[600](01:15:35)10.23.128.24: Timeout
[601](01:15:36)[0]-- TIME:20090306-011536

[602](01:15:37)[1]-- TIME:20090306-011537

[603](01:15:38)[2]-- TIME:20090306-011538

[604](01:15:39)[3]-- TIME:20090306-011539

[605](01:15:39)10.23.128.24: Timeout
[606](01:15:40)[0]-- TIME:20090306-011540

[607](01:15:41)[1]-- TIME:20090306-011541

[608](01:15:42)[2]-- TIME:20090306-011542

[609](01:15:43)[3]-- TIME:20090306-011543

[610](01:15:43)10.23.128.24: Timeout
[611](01:15:44)[0]-- TIME:20090306-011544

[612](01:15:45)[1]-- TIME:20090306-011545

[613](01:15:46)[2]-- TIME:20090306-011546

[614](01:15:47)[3]-- TIME:20090306-011547

[615](01:15:47)10.23.128.24: Timeout
[616](01:15:48)[0]-- TIME:20090306-011548

[617](01:15:49)[1]-- TIME:20090306-011549

[618](01:15:50)[2]-- TIME:20090306-011550

[619](01:15:51)[3]-- TIME:20090306-011551

[620](01:15:51)10.23.128.24: Timeout
[621](01:15:52)[0]-- TIME:20090306-011552

[622](01:15:53)[1]-- TIME:20090306-011553

[623](01:15:54)[2]-- TIME:20090306-011554

[624](01:15:55)[3]-- TIME:20090306-011555

[625](01:15:55)10.23.128.24: Timeout
[626](01:15:56)[0]-- TIME:20090306-011556

[627](01:15:57)[1]-- TIME:20090306-011557

[628](01:15:58)[2]-- TIME:20090306-011558

[629](01:15:59)[3]-- TIME:20090306-011559

[630](01:15:59)10.23.128.24: Timeout
[631](01:16:00)[0]-- TIME:20090306-011600

[632](01:16:01)[1]-- TIME:20090306-011601

[633](01:16:02)[2]-- TIME:20090306-011602

[634](01:16:03)[3]-- TIME:20090306-011603

[635](01:16:03)10.23.128.24: Timeout
[636](01:16:04)[0]-- TIME:20090306-011604

[637](01:16:05)[1]-- TIME:20090306-011605

[638](01:16:06)[2]-- TIME:20090306-011606

[639](01:16:07)[3]-- TIME:20090306-011607

[640](01:16:07)10.23.128.24: Timeout
[641](01:16:08)[0]-- TIME:20090306-011608

[642](01:16:09)[1]-- TIME:20090306-011609

[643](01:16:10)[2]-- TIME:20090306-011610

[644](01:16:11)[3]-- TIME:20090306-011611

[645](01:16:11)10.23.128.24: Timeout
[646](01:16:12)[0]-- TIME:20090306-011612

[647](01:16:13)[1]-- TIME:20090306-011613

[648](01:16:14)[2]-- TIME:20090306-011614

[649](01:16:15)[3]-- TIME:20090306-011615

[650](01:16:15)10.23.128.24: Timeout
[651](01:16:16)[0]-- TIME:20090306-011616

[652](01:16:17)[1]-- TIME:20090306-011617

[653](01:16:18)[2]-- TIME:20090306-011618

[654](01:16:19)[3]-- TIME:20090306-011619

[655](01:16:19)10.23.128.24: Timeout
[656](01:16:20)[0]-- TIME:20090306-011620

[657](01:16:21)[1]-- TIME:20090306-011621

[658](01:16:22)[2]-- TIME:20090306-011622

[659](01:16:23)[3]-- TIME:20090306-011623

[660](01:16:23)10.23.128.24: Timeout
[661](01:16:24)[0]-- TIME:20090306-011624

[662](01:16:25)[1]-- TIME:20090306-011625

[663](01:16:26)[2]-- TIME:20090306-011626

[664](01:16:27)[3]-- TIME:20090306-011627

[665](01:16:27)10.23.128.24: Timeout
[666](01:16:28)[0]-- TIME:20090306-011628

[667](01:16:29)[1]-- TIME:20090306-011629

[668](01:16:30)[2]-- TIME:20090306-011630

[669](01:16:31)[3]-- TIME:20090306-011631

[670](01:16:31)10.23.128.24: Timeout
[671](01:16:32)[0]-- TIME:20090306-011632

[672](01:16:33)[1]-- TIME:20090306-011633

[673](01:16:34)[2]-- TIME:20090306-011634

[674](01:16:35)[3]-- TIME:20090306-011635

[675](01:16:35)10.23.128.24: Timeout
[676](01:16:36)[0]-- TIME:20090306-011636

[677](01:16:37)[1]-- TIME:20090306-011637

[678](01:16:38)[2]-- TIME:20090306-011638

[679](01:16:39)[3]-- TIME:20090306-011639

[680](01:16:39)10.23.128.24: Timeout
[681](01:16:40)[0]-- TIME:20090306-011640

[682](01:16:41)[1]-- TIME:20090306-011641

[683](01:16:42)[2]-- TIME:20090306-011642

[684](01:16:43)[3]-- TIME:20090306-011643

[685](01:16:43)10.23.128.24: Timeout
[686](01:16:44)[0]-- TIME:20090306-011644

[687](01:16:45)[1]-- TIME:20090306-011645

[688](01:16:46)[2]-- TIME:20090306-011646

[689](01:16:47)[3]-- TIME:20090306-011647

[690](01:16:47)10.23.128.24: Timeout
[691](01:16:48)[0]-- TIME:20090306-011648

[692](01:16:49)[1]-- TIME:20090306-011649

[693](01:16:50)[2]-- TIME:20090306-011650

[694](01:16:51)[3]-- TIME:20090306-011651

[695](01:16:51)10.23.128.24: Timeout
[696](01:16:52)[0]-- TIME:20090306-011652

[697](01:16:53)[1]-- TIME:20090306-011653

[698](01:16:54)[2]-- TIME:20090306-011654

[699](01:16:55)[3]-- TIME:20090306-011655

[700](01:16:55)10.23.128.24: Timeout
[701](01:16:56)[0]-- TIME:20090306-011656

[702](01:16:57)[1]-- TIME:20090306-011657

[703](01:16:58)[2]-- TIME:20090306-011658

[704](01:16:59)[3]-- TIME:20090306-011659

[705](01:16:59)10.23.128.24: Timeout
[706](01:17:00)[0]-- TIME:20090306-011700

[707](01:17:01)[1]-- TIME:20090306-011701

[708](01:17:02)[2]-- TIME:20090306-011702

[709](01:17:03)[3]-- TIME:20090306-011703

[710](01:17:03)10.23.128.24: Timeout
[711](01:17:04)[0]-- TIME:20090306-011704

[712](01:17:05)[1]-- TIME:20090306-011705

[713](01:17:06)[2]-- TIME:20090306-011706

[714](01:17:07)[3]-- TIME:20090306-011707

[715](01:17:07)10.23.128.24: Timeout
[716](01:17:08)[0]-- TIME:20090306-011708

[717](01:17:09)[1]-- TIME:20090306-011709

[718](01:17:10)[2]-- TIME:20090306-011710

[719](01:17:11)[3]-- TIME:20090306-011711

[720](01:17:11)10.23.128.24: Timeout
[721](01:17:12)[0]-- TIME:20090306-011712

[722](01:17:13)[1]-- TIME:20090306-011713

[723](01:17:14)[2]-- TIME:20090306-011714

[724](01:17:15)[3]-- TIME:20090306-011715

[725](01:17:15)10.23.128.24: Timeout
[726](01:17:16)[0]-- TIME:20090306-011716

[727](01:17:17)[1]-- TIME:20090306-011717

[728](01:17:18)[2]-- TIME:20090306-011718

[729](01:17:19)[3]-- TIME:20090306-011719

[730](01:17:19)10.23.128.24: Timeout
[731](01:17:20)[0]-- TIME:20090306-011720

[732](01:17:21)[1]-- TIME:20090306-011721

[733](01:17:22)[2]-- TIME:20090306-011722

[734](01:17:23)[3]-- TIME:20090306-011723

[735](01:17:23)10.23.128.24: Timeout
[736](01:17:24)[0]-- TIME:20090306-011724

[737](01:17:25)[1]-- TIME:20090306-011725

[738](01:17:26)[2]-- TIME:20090306-011726

[739](01:17:27)[3]-- TIME:20090306-011727

[740](01:17:27)10.23.128.24: Timeout
[741](01:17:28)[0]-- TIME:20090306-011728

[742](01:17:29)[1]-- TIME:20090306-011729

[743](01:17:30)[2]-- TIME:20090306-011730

[744](01:17:31)[3]-- TIME:20090306-011731

[745](01:17:31)10.23.128.24: Timeout
[746](01:17:32)[0]-- TIME:20090306-011732

[747](01:17:33)[1]-- TIME:20090306-011733

[748](01:17:34)[2]-- TIME:20090306-011734

[749](01:17:35)[3]-- TIME:20090306-011735

[750](01:17:35)10.23.128.24: Timeout
[751](01:17:36)[0]-- TIME:20090306-011736

[752](01:17:37)[1]-- TIME:20090306-011737

[753](01:17:38)[2]-- TIME:20090306-011738

[754](01:17:39)[3]-- TIME:20090306-011739

[755](01:17:39)10.23.128.24: Timeout
[756](01:17:40)[0]-- TIME:20090306-011740

[757](01:17:41)[1]-- TIME:20090306-011741

[758](01:17:42)[2]-- TIME:20090306-011742

[759](01:17:43)[3]-- TIME:20090306-011743

[760](01:17:43)10.23.128.24: Timeout
[761](01:17:44)[0]-- TIME:20090306-011744

[762](01:17:45)[1]-- TIME:20090306-011745

[763](01:17:46)[2]-- TIME:20090306-011746

[764](01:17:47)[3]-- TIME:20090306-011747

[765](01:17:47)10.23.128.24: Timeout
[766](01:17:48)[0]-- TIME:20090306-011748

[767](01:17:49)[1]-- TIME:20090306-011749

[768](01:17:50)[2]-- TIME:20090306-011750

[769](01:17:51)[3]-- TIME:20090306-011751

[770](01:17:51)10.23.128.24: Timeout
[771](01:17:52)[0]-- TIME:20090306-011752

[772](01:17:53)[1]-- TIME:20090306-011753

[773](01:17:54)[2]-- TIME:20090306-011754

[774](01:17:55)[3]-- TIME:20090306-011755

[775](01:17:55)10.23.128.24: Timeout
[776](01:17:56)[0]-- TIME:20090306-011756

[777](01:17:57)[1]-- TIME:20090306-011757

[778](01:17:58)[2]-- TIME:20090306-011758

[779](01:17:59)[3]-- TIME:20090306-011759

[780](01:17:59)10.23.128.24: Timeout
[781](01:18:00)[0]-- TIME:20090306-011800

[782](01:18:01)[1]-- TIME:20090306-011801

[783](01:18:02)[2]-- TIME:20090306-011802

[784](01:18:03)[3]-- TIME:20090306-011803

[785](01:18:03)10.23.128.24: Timeout
[786](01:18:04)[0]-- TIME:20090306-011804

[787](01:18:05)[1]-- TIME:20090306-011805

[788](01:18:06)[2]-- TIME:20090306-011806

[789](01:18:07)[3]-- TIME:20090306-011807

[790](01:18:07)10.23.128.24: Timeout
[791](01:18:08)[0]-- TIME:20090306-011808

[792](01:18:09)[1]-- TIME:20090306-011809

[793](01:18:10)[2]-- TIME:20090306-011810

[794](01:18:11)[3]-- TIME:20090306-011811

[795](01:18:11)10.23.128.24: Timeout
[796](01:18:12)[0]-- TIME:20090306-011812

[797](01:18:13)[1]-- TIME:20090306-011813

[798](01:18:14)[2]-- TIME:20090306-011814

[799](01:18:15)[3]-- TIME:20090306-011815

[800](01:18:15)10.23.128.24: Timeout
[801](01:18:16)[0]-- TIME:20090306-011816

[802](01:18:17)[1]-- TIME:20090306-011817

[803](01:18:18)[2]-- TIME:20090306-011818

[804](01:18:19)[3]-- TIME:20090306-011819

[805](01:18:19)10.23.128.24: Timeout
[806](01:18:20)[0]-- TIME:20090306-011820

[807](01:18:21)[1]-- TIME:20090306-011821

[808](01:18:22)[2]-- TIME:20090306-011822

[809](01:18:23)[3]-- TIME:20090306-011823

[810](01:18:23)10.23.128.24: Timeout
[811](01:18:24)[0]-- TIME:20090306-011824

[812](01:18:25)[1]-- TIME:20090306-011825

[813](01:18:26)[2]-- TIME:20090306-011826

[814](01:18:27)[3]-- TIME:20090306-011827

[815](01:18:27)10.23.128.24: Timeout
[816](01:18:28)[0]-- TIME:20090306-011828

[817](01:18:29)[1]-- TIME:20090306-011829

[818](01:18:30)[2]-- TIME:20090306-011830

[819](01:18:31)[3]-- TIME:20090306-011831

[820](01:18:31)10.23.128.24: Timeout
[821](01:18:32)[0]-- TIME:20090306-011832

[822](01:18:33)[1]-- TIME:20090306-011833

[823](01:18:34)[2]-- TIME:20090306-011834

[824](01:18:35)[3]-- TIME:20090306-011835

[825](01:18:35)10.23.128.24: Timeout
[826](01:18:36)[0]-- TIME:20090306-011836

[827](01:18:37)[1]-- TIME:20090306-011837

[828](01:18:38)[2]-- TIME:20090306-011838

[829](01:18:39)[3]-- TIME:20090306-011839

[830](01:18:39)10.23.128.24: Timeout
[831](01:18:40)[0]-- TIME:20090306-011840

[832](01:18:41)[1]-- TIME:20090306-011841

[833](01:18:42)[2]-- TIME:20090306-011842

[834](01:18:43)[3]-- TIME:20090306-011843

[835](01:18:43)10.23.128.24: Timeout
[836](01:18:44)[0]-- TIME:20090306-011844

[837](01:18:45)[1]-- TIME:20090306-011845

[838](01:18:46)[2]-- TIME:20090306-011846

[839](01:18:47)[3]-- TIME:20090306-011847

[840](01:18:47)10.23.128.24: Timeout
[841](01:18:48)[0]-- TIME:20090306-011848

[842](01:18:49)[1]-- TIME:20090306-011849

[843](01:18:50)[2]-- TIME:20090306-011850

[844](01:18:51)[3]-- TIME:20090306-011851

[845](01:18:51)10.23.128.24: Timeout
[846](01:18:52)[0]-- TIME:20090306-011852

[847](01:18:53)[1]-- TIME:20090306-011853

[848](01:18:54)[2]-- TIME:20090306-011854

[849](01:18:55)[3]-- TIME:20090306-011855

[850](01:18:55)10.23.128.24: Timeout
[851](01:18:56)[0]-- TIME:20090306-011856

[852](01:18:57)[1]-- TIME:20090306-011857

[853](01:18:58)[2]-- TIME:20090306-011858

[854](01:18:59)[3]-- TIME:20090306-011859

[855](01:18:59)10.23.128.24: Timeout
[856](01:19:00)[0]-- TIME:20090306-011900

[857](01:19:01)[1]-- TIME:20090306-011901

[858](01:19:02)[2]-- TIME:20090306-011902

[859](01:19:03)[3]-- TIME:20090306-011903

[860](01:19:03)10.23.128.24: Timeout
[861](01:19:04)[0]-- TIME:20090306-011904

[862](01:19:05)[1]-- TIME:20090306-011905

[863](01:19:06)[2]-- TIME:20090306-011906

[864](01:19:07)[3]-- TIME:20090306-011907

[865](01:19:07)10.23.128.24: Timeout
[866](01:19:08)[0]-- TIME:20090306-011908

[867](01:19:09)[1]-- TIME:20090306-011909

[868](01:19:10)[2]-- TIME:20090306-011910

[869](01:19:11)[3]-- TIME:20090306-011911

[870](01:19:11)10.23.128.24: Timeout
[871](01:19:12)[0]-- TIME:20090306-011912

[872](01:19:13)[1]-- TIME:20090306-011913

[873](01:19:14)[2]-- TIME:20090306-011914

[874](01:19:15)[3]-- TIME:20090306-011915

[875](01:19:15)10.23.128.24: Timeout
[876](01:19:16)[0]-- TIME:20090306-011916

[877](01:19:17)[1]-- TIME:20090306-011917

[878](01:19:18)[2]-- TIME:20090306-011918

[879](01:19:19)[3]-- TIME:20090306-011919

[880](01:19:19)10.23.128.24: Timeout
[881](01:19:20)[0]-- TIME:20090306-011920

[882](01:19:21)[1]-- TIME:20090306-011921

[883](01:19:22)[2]-- TIME:20090306-011922

[884](01:19:23)[3]-- TIME:20090306-011923

[885](01:19:23)10.23.128.24: Timeout
[886](01:19:24)[0]-- TIME:20090306-011924

[887](01:19:25)[1]-- TIME:20090306-011925

[888](01:19:26)[2]-- TIME:20090306-011926

[889](01:19:27)[3]-- TIME:20090306-011927

[890](01:19:27)10.23.128.24: Timeout
[891](01:19:28)[0]-- TIME:20090306-011928

[892](01:19:29)[1]-- TIME:20090306-011929

[893](01:19:30)[2]-- TIME:20090306-011930

[894](01:19:31)[3]-- TIME:20090306-011931

[895](01:19:31)10.23.128.24: Timeout
[896](01:19:32)[0]-- TIME:20090306-011932

[897](01:19:33)[1]-- TIME:20090306-011933

[898](01:19:34)[2]-- TIME:20090306-011934

[899](01:19:35)[3]-- TIME:20090306-011935

[900](01:19:35)10.23.128.24: Timeout
[901](01:19:36)[0]-- TIME:20090306-011936

[902](01:19:37)[1]-- TIME:20090306-011937

[903](01:19:38)[2]-- TIME:20090306-011938

[904](01:19:39)[3]-- TIME:20090306-011939

[905](01:19:39)10.23.128.24: Timeout
[906](01:19:40)[0]-- TIME:20090306-011940

[907](01:19:41)[1]-- TIME:20090306-011941

[908](01:19:42)[2]-- TIME:20090306-011942

[909](01:19:43)[3]-- TIME:20090306-011943

[910](01:19:43)10.23.128.24: Timeout
[911](01:19:44)[0]-- TIME:20090306-011944

[912](01:19:45)[1]-- TIME:20090306-011945

[913](01:19:46)[2]-- TIME:20090306-011946

[914](01:19:47)[3]-- TIME:20090306-011947

[915](01:19:47)10.23.128.24: Timeout
[916](01:19:48)[0]-- TIME:20090306-011948

[917](01:19:49)[1]-- TIME:20090306-011949

[918](01:19:50)[2]-- TIME:20090306-011950

[919](01:19:51)[3]-- TIME:20090306-011951

[920](01:19:51)10.23.128.24: Timeout
[921](01:19:52)[0]-- TIME:20090306-011952

[922](01:19:53)[1]-- TIME:20090306-011953

[923](01:19:54)[2]-- TIME:20090306-011954

[924](01:19:55)[3]-- TIME:20090306-011955

[925](01:19:55)10.23.128.24: Timeout
[926](01:19:56)[0]-- TIME:20090306-011956

[927](01:19:57)[1]-- TIME:20090306-011957

[928](01:19:58)[2]-- TIME:20090306-011958

[929](01:19:59)[3]-- TIME:20090306-011959

[930](01:19:59)10.23.128.24: Timeout
[931](01:20:00)[0]-- TIME:20090306-012000

[932](01:20:01)[1]-- TIME:20090306-012001

[933](01:20:02)[2]-- TIME:20090306-012002

[934](01:20:03)[3]-- TIME:20090306-012003

[935](01:20:03)10.23.128.24: Timeout
[936](01:20:04)[0]-- TIME:20090306-012004

[937](01:20:05)[1]-- TIME:20090306-012005

[938](01:20:06)[2]-- TIME:20090306-012006

[939](01:20:07)[3]-- TIME:20090306-012007

[940](01:20:07)10.23.128.24: Timeout
[941](01:20:08)[0]-- TIME:20090306-012008

[942](01:20:09)[1]-- TIME:20090306-012009

[943](01:20:10)[2]-- TIME:20090306-012010

[944](01:20:11)[3]-- TIME:20090306-012011

[945](01:20:11)10.23.128.24: Timeout
[946](01:20:12)[0]-- TIME:20090306-012012

[947](01:20:13)[1]-- TIME:20090306-012013

[948](01:20:14)[2]-- TIME:20090306-012014

[949](01:20:15)[3]-- TIME:20090306-012015

[950](01:20:15)10.23.128.24: Timeout
[951](01:20:16)[0]-- TIME:20090306-012016

[952](01:20:17)[1]-- TIME:20090306-012017

[953](01:20:18)[2]-- TIME:20090306-012018

[954](01:20:19)[3]-- TIME:20090306-012019

[955](01:20:19)10.23.128.24: Timeout
[956](01:20:20)[0]-- TIME:20090306-012020

[957](01:20:21)[1]-- TIME:20090306-012021

[958](01:20:22)[2]-- TIME:20090306-012022

[959](01:20:23)[3]-- TIME:20090306-012023

[960](01:20:23)10.23.128.24: Timeout
[961](01:20:24)[0]-- TIME:20090306-012024

[962](01:20:25)[1]-- TIME:20090306-012025

[963](01:20:26)[2]-- TIME:20090306-012026

[964](01:20:27)[3]-- TIME:20090306-012027

[965](01:20:27)10.23.128.24: Timeout
[966](01:20:28)[0]-- TIME:20090306-012028

[967](01:20:29)[1]-- TIME:20090306-012029

[968](01:20:30)[2]-- TIME:20090306-012030

[969](01:20:31)[3]-- TIME:20090306-012031

[970](01:20:31)10.23.128.24: Timeout
[971](01:20:32)[0]-- TIME:20090306-012032

[972](01:20:33)[1]-- TIME:20090306-012033

[973](01:20:34)[2]-- TIME:20090306-012034

[974](01:20:35)[3]-- TIME:20090306-012035

[975](01:20:35)10.23.128.24: Timeout
[976](01:20:36)[0]-- TIME:20090306-012036

[977](01:20:37)[1]-- TIME:20090306-012037

[978](01:20:38)[2]-- TIME:20090306-012038

[979](01:20:39)[3]-- TIME:20090306-012039

[980](01:20:39)10.23.128.24: Timeout
[981](01:20:40)[0]-- TIME:20090306-012040

[982](01:20:41)[1]-- TIME:20090306-012041

[983](01:20:42)[2]-- TIME:20090306-012042

[984](01:20:43)[3]-- TIME:20090306-012043

[985](01:20:43)10.23.128.24: Timeout
[986](01:20:44)[0]-- TIME:20090306-012044

[987](01:20:45)[1]-- TIME:20090306-012045

[988](01:20:46)[2]-- TIME:20090306-012046

[989](01:20:47)[3]-- TIME:20090306-012047

[990](01:20:47)10.23.128.24: Timeout
[991](01:20:48)[0]-- TIME:20090306-012048

[992](01:20:49)[1]-- TIME:20090306-012049

[993](01:20:50)[2]-- TIME:20090306-012050

[994](01:20:51)[3]-- TIME:20090306-012051

[995](01:20:51)10.23.128.24: Timeout
[996](01:20:52)[0]-- TIME:20090306-012052

[997](01:20:53)[1]-- TIME:20090306-012053

[998](01:20:54)[2]-- TIME:20090306-012054

[999](01:20:55)[3]-- TIME:20090306-012055

[1000](01:20:55)10.23.128.24: Timeout