
[0](09:17:04)======== MONITA APP STARTING ===========
[1](09:17:04)Load file konfigurasi
[2](09:17:04)Baca konfig
[3](09:17:04)Baca konfig: OK
[4](09:17:13)Simpan konfig
[5](09:17:13)Simpan konfig: OK
[6](09:31:05)Simpan konfig
[7](09:31:05)Simpan konfig: OK
[8](09:31:12)Simpan konfig
[9](09:31:12)Simpan konfig: OK
[10](09:31:40)Simpan konfig
[11](09:31:40)Simpan konfig: OK
[12](09:32:05)Simpan konfig
[13](09:32:05)Simpan konfig: OK
[14](09:32:22)Simpan konfig
[15](09:32:22)Simpan konfig: OK
[16](09:32:32)Simpan konfig
[17](09:32:32)Simpan konfig: OK
[18](09:32:56)Mulai logging data
[19](09:32:58)[0]-- TIME:20090303-093258

[20](09:32:59)[1]-- TIME:20090303-093259

[21](09:33:00)[2]-- TIME:20090303-093300

[22](09:33:00)Stop logging data
[23](09:33:01)[2]-- TIME:20090303-093301

[24](09:33:16)Mulai logging data
[25](09:33:17)[0]-- TIME:20090303-093317

[26](09:33:18)[1]-- TIME:20090303-093318

[27](09:33:19)[2]-- TIME:20090303-093319

[28](09:33:20)[3]-- TIME:20090303-093320

[29](09:33:21)[0]-- TIME:20090303-093321

[30](09:33:22)[1]-- TIME:20090303-093322

[31](09:33:23)[2]-- TIME:20090303-093323

[32](09:33:24)[3]-- TIME:20090303-093324

[33](09:33:25)[0]-- TIME:20090303-093325

[34](09:33:26)[1]-- TIME:20090303-093326

[35](09:33:27)[2]-- TIME:20090303-093327

[36](09:33:28)Stop logging data
[37](09:33:28)[2]-- TIME:20090303-093328

[38](09:33:29)Mulai logging data
[39](09:33:30)[0]-- TIME:20090303-093330

[40](09:33:31)[1]-- TIME:20090303-093331

[41](09:33:32)[2]-- TIME:20090303-093332

[42](09:33:33)[3]-- TIME:20090303-093333

[43](09:33:34)[0]-- TIME:20090303-093334

[44](09:33:37)[1]-- TIME:20090303-093337

[45](09:33:38)[2]-- TIME:20090303-093338

[46](09:33:39)[3]-- TIME:20090303-093339

[47](09:33:40)[0]-- TIME:20090303-093340

[48](09:33:41)[1]-- TIME:20090303-093341

[49](09:33:41)Stop logging data
[50](09:33:45)[2]-- TIME:20090303-093345

[51](09:33:59)Mulai logging data
[52](09:34:00)[0]-- TIME:20090303-093400

[53](09:34:01)[1]-- TIME:20090303-093401

[54](09:34:02)[2]-- TIME:20090303-093402

[55](09:34:03)[3]-- TIME:20090303-093403

[56](09:34:03)10.23.128.24: Timeout
[57](09:34:04)[0]-- TIME:20090303-093404

[58](09:34:05)[1]-- TIME:20090303-093405

[59](09:34:06)[2]-- TIME:20090303-093406

[60](09:34:07)[3]-- TIME:20090303-093407

[61](09:34:07)10.23.128.24: Timeout
[62](09:34:08)[0]-- TIME:20090303-093408

[63](09:34:09)[1]-- TIME:20090303-093409

[64](09:34:10)[2]-- TIME:20090303-093410

[65](09:34:11)[3]-- TIME:20090303-093411

[66](09:34:11)10.23.128.24: Timeout
[67](09:34:12)[0]-- TIME:20090303-093412

[68](09:34:13)[1]-- TIME:20090303-093413

[69](09:34:14)[2]-- TIME:20090303-093414

[70](09:34:15)[3]-- TIME:20090303-093415

[71](09:34:15)10.23.128.24: Timeout
[72](09:34:16)[0]-- TIME:20090303-093416

[73](09:34:17)[1]-- TIME:20090303-093417

[74](09:34:18)[2]-- TIME:20090303-093418

[75](09:34:18)Stop logging data
[76](09:34:19)[2]-- TIME:20090303-093419

[77](10:10:09)Mulai logging data
[78](10:10:10)[0]-- TIME:20090303-101010

[79](10:10:11)[1]-- TIME:20090303-101011

[80](10:10:12)[2]-- TIME:20090303-101012

[81](10:10:13)[3]-- TIME:20090303-101013

[82](10:10:14)[0]-- TIME:20090303-101014

[83](10:10:15)[1]-- TIME:20090303-101015

[84](10:10:16)[2]-- TIME:20090303-101016

[85](10:10:17)[3]-- TIME:20090303-101017

[86](10:10:18)[0]-- TIME:20090303-101018

[87](10:10:19)[1]-- TIME:20090303-101019

[88](10:10:20)[2]-- TIME:20090303-101020

[89](10:10:21)[3]-- TIME:20090303-101021

[90](10:10:22)[0]-- TIME:20090303-101022

[91](10:10:23)[1]-- TIME:20090303-101023

[92](10:10:24)[2]-- TIME:20090303-101024

[93](10:10:25)[3]-- TIME:20090303-101025

[94](10:10:26)[0]-- TIME:20090303-101026

[95](10:10:27)[1]-- TIME:20090303-101027

[96](10:10:28)[2]-- TIME:20090303-101028

[97](10:10:29)[3]-- TIME:20090303-101029

[98](10:10:30)[0]-- TIME:20090303-101030

[99](10:10:31)[1]-- TIME:20090303-101031

[100](10:10:32)[2]-- TIME:20090303-101032

[101](10:10:33)[3]-- TIME:20090303-101033

[102](10:10:34)[0]-- TIME:20090303-101034

[103](10:10:35)[1]-- TIME:20090303-101035

[104](10:10:36)[2]-- TIME:20090303-101036

[105](10:10:37)[3]-- TIME:20090303-101037

[106](10:10:38)[0]-- TIME:20090303-101038

[107](10:10:39)[1]-- TIME:20090303-101039

[108](10:10:40)[2]-- TIME:20090303-101040

[109](10:10:41)[3]-- TIME:20090303-101041

[110](10:10:42)[0]-- TIME:20090303-101042

[111](10:10:43)[1]-- TIME:20090303-101043

[112](10:10:44)[2]-- TIME:20090303-101044

[113](10:10:45)[3]-- TIME:20090303-101045

[114](10:10:46)[0]-- TIME:20090303-101046

[115](10:10:47)[1]-- TIME:20090303-101047

[116](10:10:48)[2]-- TIME:20090303-101048

[117](10:10:49)[3]-- TIME:20090303-101049

[118](10:10:50)[0]-- TIME:20090303-101050

[119](10:10:51)[1]-- TIME:20090303-101051

[120](10:10:52)[2]-- TIME:20090303-101052

[121](10:10:53)[3]-- TIME:20090303-101053

[122](10:10:54)[0]-- TIME:20090303-101054

[123](10:10:55)[1]-- TIME:20090303-101055

[124](10:10:56)[2]-- TIME:20090303-101056

[125](10:10:57)[3]-- TIME:20090303-101057

[126](10:10:58)[0]-- TIME:20090303-101058

[127](10:10:59)[1]-- TIME:20090303-101059

[128](10:11:00)[2]-- TIME:20090303-101100

[129](10:11:01)[3]-- TIME:20090303-101101

[130](10:11:02)[0]-- TIME:20090303-101102

[131](10:11:03)[1]-- TIME:20090303-101103

[132](10:11:04)[2]-- TIME:20090303-101104

[133](10:11:05)[3]-- TIME:20090303-101105

[134](10:11:06)[0]-- TIME:20090303-101106

[135](10:11:07)[1]-- TIME:20090303-101107

[136](10:11:08)[2]-- TIME:20090303-101108

[137](10:11:09)[3]-- TIME:20090303-101109

[138](10:11:10)[0]-- TIME:20090303-101110

[139](10:11:11)[1]-- TIME:20090303-101111

[140](10:11:12)[2]-- TIME:20090303-101112

[141](10:11:13)[3]-- TIME:20090303-101113

[142](10:11:14)[0]-- TIME:20090303-101114

[143](10:11:15)[1]-- TIME:20090303-101115

[144](10:11:16)[2]-- TIME:20090303-101116

[145](10:11:17)[3]-- TIME:20090303-101117

[146](10:11:18)[0]-- TIME:20090303-101118

[147](10:11:19)[1]-- TIME:20090303-101119

[148](10:11:20)[2]-- TIME:20090303-101120

[149](10:11:21)[3]-- TIME:20090303-101121

[150](10:11:22)[0]-- TIME:20090303-101122

[151](10:11:23)[1]-- TIME:20090303-101123

[152](10:11:24)[2]-- TIME:20090303-101124

[153](10:11:25)[3]-- TIME:20090303-101125

[154](10:11:26)[0]-- TIME:20090303-101126

[155](10:11:27)[1]-- TIME:20090303-101127

[156](10:11:28)[2]-- TIME:20090303-101128

[157](10:11:29)[3]-- TIME:20090303-101129

[158](10:11:30)[0]-- TIME:20090303-101130

[159](10:11:31)[1]-- TIME:20090303-101131

[160](10:11:32)[2]-- TIME:20090303-101132

[161](10:11:33)[3]-- TIME:20090303-101133

[162](10:11:34)[0]-- TIME:20090303-101134

[163](10:11:35)[1]-- TIME:20090303-101135

[164](10:11:36)[2]-- TIME:20090303-101136

[165](10:11:37)[3]-- TIME:20090303-101137

[166](10:11:38)[0]-- TIME:20090303-101138

[167](10:11:39)[1]-- TIME:20090303-101139

[168](10:11:40)[2]-- TIME:20090303-101140

[169](10:11:41)[3]-- TIME:20090303-101141

[170](10:11:42)[0]-- TIME:20090303-101142

[171](10:11:43)[1]-- TIME:20090303-101143

[172](10:11:44)[2]-- TIME:20090303-101144

[173](10:11:45)[3]-- TIME:20090303-101145

[174](10:11:46)[0]-- TIME:20090303-101146

[175](10:11:47)[1]-- TIME:20090303-101147

[176](10:11:48)[2]-- TIME:20090303-101148

[177](10:11:49)[3]-- TIME:20090303-101149

[178](10:11:50)[0]-- TIME:20090303-101150

[179](10:11:51)[1]-- TIME:20090303-101151

[180](10:11:52)[2]-- TIME:20090303-101152

[181](10:11:53)[3]-- TIME:20090303-101153

[182](10:11:54)[0]-- TIME:20090303-101154

[183](10:11:55)[1]-- TIME:20090303-101155

[184](10:11:56)[2]-- TIME:20090303-101156

[185](10:11:57)[3]-- TIME:20090303-101157

[186](10:11:58)[0]-- TIME:20090303-101158

[187](10:11:59)[1]-- TIME:20090303-101159

[188](10:12:00)[2]-- TIME:20090303-101200

[189](10:12:01)[3]-- TIME:20090303-101201

[190](10:12:02)[0]-- TIME:20090303-101202

[191](10:12:03)[1]-- TIME:20090303-101203

[192](10:12:04)[2]-- TIME:20090303-101204

[193](10:12:05)[3]-- TIME:20090303-101205

[194](10:12:06)[0]-- TIME:20090303-101206

[195](10:12:07)[1]-- TIME:20090303-101207

[196](10:12:08)[2]-- TIME:20090303-101208

[197](10:12:09)[3]-- TIME:20090303-101209

[198](10:12:10)[0]-- TIME:20090303-101210

[199](10:12:11)[1]-- TIME:20090303-101211

[200](10:12:12)[2]-- TIME:20090303-101212

[201](10:12:13)[3]-- TIME:20090303-101213

[202](10:12:14)[0]-- TIME:20090303-101214

[203](10:12:15)[1]-- TIME:20090303-101215

[204](10:12:16)[2]-- TIME:20090303-101216

[205](10:12:17)[3]-- TIME:20090303-101217

[206](10:12:18)[0]-- TIME:20090303-101218

[207](10:12:19)[1]-- TIME:20090303-101219

[208](10:12:20)[2]-- TIME:20090303-101220

[209](10:12:21)[3]-- TIME:20090303-101221

[210](10:12:22)[0]-- TIME:20090303-101222

[211](10:12:23)[1]-- TIME:20090303-101223

[212](10:12:24)[2]-- TIME:20090303-101224

[213](10:12:25)[3]-- TIME:20090303-101225

[214](10:12:26)[0]-- TIME:20090303-101226

[215](10:12:27)[1]-- TIME:20090303-101227

[216](10:12:28)[2]-- TIME:20090303-101228

[217](10:12:29)[3]-- TIME:20090303-101229

[218](10:12:30)[0]-- TIME:20090303-101230

[219](10:12:31)[1]-- TIME:20090303-101231

[220](10:12:32)[2]-- TIME:20090303-101232

[221](10:12:33)[3]-- TIME:20090303-101233

[222](10:12:34)[0]-- TIME:20090303-101234

[223](10:12:35)[1]-- TIME:20090303-101235

[224](10:12:36)[2]-- TIME:20090303-101236

[225](10:12:37)[3]-- TIME:20090303-101237

[226](10:12:38)[0]-- TIME:20090303-101238

[227](10:12:39)[1]-- TIME:20090303-101239

[228](10:12:40)[2]-- TIME:20090303-101240

[229](10:12:41)[3]-- TIME:20090303-101241

[230](10:12:42)[0]-- TIME:20090303-101242

[231](10:12:43)[1]-- TIME:20090303-101243

[232](10:12:44)[2]-- TIME:20090303-101244

[233](10:12:45)[3]-- TIME:20090303-101245

[234](10:12:46)[0]-- TIME:20090303-101246

[235](10:12:47)[1]-- TIME:20090303-101247

[236](10:12:48)[2]-- TIME:20090303-101248

[237](10:12:49)[3]-- TIME:20090303-101249

[238](10:12:50)[0]-- TIME:20090303-101250

[239](10:12:51)[1]-- TIME:20090303-101251

[240](10:12:52)[2]-- TIME:20090303-101252

[241](10:12:53)[3]-- TIME:20090303-101253

[242](10:12:54)[0]-- TIME:20090303-101254

[243](10:12:55)[1]-- TIME:20090303-101255

[244](10:12:56)[2]-- TIME:20090303-101256

[245](10:12:57)[3]-- TIME:20090303-101257

[246](10:12:58)[0]-- TIME:20090303-101258

[247](10:12:59)[1]-- TIME:20090303-101259

[248](10:13:00)[2]-- TIME:20090303-101300

[249](10:13:01)[3]-- TIME:20090303-101301

[250](10:13:02)[0]-- TIME:20090303-101302

[251](10:13:03)[1]-- TIME:20090303-101303

[252](10:13:04)[2]-- TIME:20090303-101304

[253](10:13:05)[3]-- TIME:20090303-101305

[254](10:13:06)[0]-- TIME:20090303-101306

[255](10:13:07)[1]-- TIME:20090303-101307

[256](10:13:08)[2]-- TIME:20090303-101308

[257](10:13:09)[3]-- TIME:20090303-101309

[258](10:13:10)[0]-- TIME:20090303-101310

[259](10:13:11)[1]-- TIME:20090303-101311

[260](10:13:12)[2]-- TIME:20090303-101312

[261](10:13:13)[3]-- TIME:20090303-101313

[262](10:13:14)[0]-- TIME:20090303-101314

[263](10:13:15)[1]-- TIME:20090303-101315

[264](10:13:16)[2]-- TIME:20090303-101316

[265](10:13:17)[3]-- TIME:20090303-101317

[266](10:13:18)[0]-- TIME:20090303-101318

[267](10:13:19)[1]-- TIME:20090303-101319

[268](10:13:20)[2]-- TIME:20090303-101320

[269](10:13:21)[3]-- TIME:20090303-101321

[270](10:13:22)[0]-- TIME:20090303-101322

[271](10:13:23)[1]-- TIME:20090303-101323

[272](10:13:24)[2]-- TIME:20090303-101324

[273](10:13:25)[3]-- TIME:20090303-101325

[274](10:13:26)[0]-- TIME:20090303-101326

[275](10:13:27)[1]-- TIME:20090303-101327

[276](10:13:28)[2]-- TIME:20090303-101328

[277](10:13:29)[3]-- TIME:20090303-101329

[278](10:13:30)[0]-- TIME:20090303-101330

[279](10:13:31)[1]-- TIME:20090303-101331

[280](10:13:32)[2]-- TIME:20090303-101332

[281](10:13:33)[3]-- TIME:20090303-101333

[282](10:13:34)[0]-- TIME:20090303-101334

[283](10:13:35)[1]-- TIME:20090303-101335

[284](10:13:36)[2]-- TIME:20090303-101336

[285](10:13:37)[3]-- TIME:20090303-101337

[286](10:13:38)[0]-- TIME:20090303-101338

[287](10:13:39)[1]-- TIME:20090303-101339

[288](10:13:40)[2]-- TIME:20090303-101340

[289](10:13:41)[3]-- TIME:20090303-101341

[290](10:13:42)[0]-- TIME:20090303-101342

[291](10:13:43)[1]-- TIME:20090303-101343

[292](10:13:44)[2]-- TIME:20090303-101344

[293](10:13:45)[3]-- TIME:20090303-101345

[294](10:13:46)[0]-- TIME:20090303-101346

[295](10:13:47)[1]-- TIME:20090303-101347

[296](10:13:48)[2]-- TIME:20090303-101348

[297](10:13:49)[3]-- TIME:20090303-101349

[298](10:13:50)[0]-- TIME:20090303-101350

[299](10:13:51)[1]-- TIME:20090303-101351

[300](10:13:52)[2]-- TIME:20090303-101352

[301](10:13:53)[3]-- TIME:20090303-101353

[302](10:13:54)[0]-- TIME:20090303-101354

[303](10:13:55)[1]-- TIME:20090303-101355

[304](10:13:56)[2]-- TIME:20090303-101356

[305](10:13:57)[3]-- TIME:20090303-101357

[306](10:13:58)[0]-- TIME:20090303-101358

[307](10:13:59)[1]-- TIME:20090303-101359

[308](10:14:00)[2]-- TIME:20090303-101400

[309](10:14:01)[3]-- TIME:20090303-101401

[310](10:14:02)[0]-- TIME:20090303-101402

[311](10:14:03)[1]-- TIME:20090303-101403

[312](10:14:04)[2]-- TIME:20090303-101404

[313](10:14:05)[3]-- TIME:20090303-101405

[314](10:14:06)[0]-- TIME:20090303-101406

[315](10:14:07)[1]-- TIME:20090303-101407

[316](10:14:08)[2]-- TIME:20090303-101408

[317](10:14:09)[3]-- TIME:20090303-101409

[318](10:14:10)[0]-- TIME:20090303-101410

[319](10:14:11)[1]-- TIME:20090303-101411

[320](10:14:12)[2]-- TIME:20090303-101412

[321](10:14:13)[3]-- TIME:20090303-101413

[322](10:14:14)[0]-- TIME:20090303-101414

[323](10:14:15)[1]-- TIME:20090303-101415

[324](10:14:16)[2]-- TIME:20090303-101416

[325](10:14:17)[3]-- TIME:20090303-101417

[326](10:14:18)[0]-- TIME:20090303-101418

[327](10:14:19)[1]-- TIME:20090303-101419

[328](10:14:20)[2]-- TIME:20090303-101420

[329](10:14:21)[3]-- TIME:20090303-101421

[330](10:14:22)[0]-- TIME:20090303-101422

[331](10:14:23)[1]-- TIME:20090303-101423

[332](10:14:24)[2]-- TIME:20090303-101424

[333](10:14:25)[3]-- TIME:20090303-101425

[334](10:14:26)[0]-- TIME:20090303-101426

[335](10:14:27)[1]-- TIME:20090303-101427

[336](10:14:28)[2]-- TIME:20090303-101428

[337](10:14:29)[3]-- TIME:20090303-101429

[338](10:14:30)[0]-- TIME:20090303-101430

[339](10:14:31)[1]-- TIME:20090303-101431

[340](10:14:32)[2]-- TIME:20090303-101432

[341](10:14:33)[3]-- TIME:20090303-101433

[342](10:14:34)[0]-- TIME:20090303-101434

[343](10:14:35)[1]-- TIME:20090303-101435

[344](10:14:36)[2]-- TIME:20090303-101436

[345](10:14:37)[3]-- TIME:20090303-101437

[346](10:14:38)[0]-- TIME:20090303-101438

[347](10:14:39)[1]-- TIME:20090303-101439

[348](10:14:40)[2]-- TIME:20090303-101440

[349](10:14:41)[3]-- TIME:20090303-101441

[350](10:14:42)[0]-- TIME:20090303-101442

[351](10:14:43)[1]-- TIME:20090303-101443

[352](10:14:44)[2]-- TIME:20090303-101444

[353](10:14:45)[3]-- TIME:20090303-101445

[354](10:14:46)[0]-- TIME:20090303-101446

[355](10:14:47)[1]-- TIME:20090303-101447

[356](10:14:48)[2]-- TIME:20090303-101448

[357](10:14:49)[3]-- TIME:20090303-101449

[358](10:14:50)[0]-- TIME:20090303-101450

[359](10:14:51)[1]-- TIME:20090303-101451

[360](10:14:52)[2]-- TIME:20090303-101452

[361](10:14:53)[3]-- TIME:20090303-101453

[362](10:14:54)[0]-- TIME:20090303-101454

[363](10:14:55)[1]-- TIME:20090303-101455

[364](10:14:56)[2]-- TIME:20090303-101456

[365](10:14:57)[3]-- TIME:20090303-101457

[366](10:14:58)[0]-- TIME:20090303-101458

[367](10:14:59)[1]-- TIME:20090303-101459

[368](10:15:00)[2]-- TIME:20090303-101500

[369](10:15:01)[3]-- TIME:20090303-101501

[370](10:15:02)[0]-- TIME:20090303-101502

[371](10:15:03)[1]-- TIME:20090303-101503

[372](10:15:04)[2]-- TIME:20090303-101504

[373](10:15:05)[3]-- TIME:20090303-101505

[374](10:15:06)[0]-- TIME:20090303-101506

[375](10:15:07)[1]-- TIME:20090303-101507

[376](10:15:08)[2]-- TIME:20090303-101508

[377](10:15:09)[3]-- TIME:20090303-101509

[378](10:15:10)[0]-- TIME:20090303-101510

[379](10:15:11)[1]-- TIME:20090303-101511

[380](10:15:12)[2]-- TIME:20090303-101512

[381](10:15:13)[3]-- TIME:20090303-101513

[382](10:15:14)[0]-- TIME:20090303-101514

[383](10:15:15)[1]-- TIME:20090303-101515

[384](10:15:16)[2]-- TIME:20090303-101516

[385](10:15:17)[3]-- TIME:20090303-101517

[386](10:15:18)[0]-- TIME:20090303-101518

[387](10:15:19)[1]-- TIME:20090303-101519

[388](10:15:20)[2]-- TIME:20090303-101520

[389](10:15:21)[3]-- TIME:20090303-101521

[390](10:15:22)[0]-- TIME:20090303-101522

[391](10:15:23)[1]-- TIME:20090303-101523

[392](10:15:24)[2]-- TIME:20090303-101524

[393](10:15:25)[3]-- TIME:20090303-101525

[394](10:15:26)[0]-- TIME:20090303-101526

[395](10:15:27)[1]-- TIME:20090303-101527

[396](10:15:28)[2]-- TIME:20090303-101528

[397](10:15:29)[3]-- TIME:20090303-101529

[398](10:15:30)[0]-- TIME:20090303-101530

[399](10:15:31)[1]-- TIME:20090303-101531

[400](10:15:32)[2]-- TIME:20090303-101532

[401](10:15:33)[3]-- TIME:20090303-101533

[402](10:15:34)[0]-- TIME:20090303-101534

[403](10:15:35)[1]-- TIME:20090303-101535

[404](10:15:36)[2]-- TIME:20090303-101536

[405](10:15:37)[3]-- TIME:20090303-101537

[406](10:15:38)[0]-- TIME:20090303-101538

[407](10:15:39)[1]-- TIME:20090303-101539

[408](10:15:40)[2]-- TIME:20090303-101540

[409](10:15:41)[3]-- TIME:20090303-101541

[410](10:15:42)[0]-- TIME:20090303-101542

[411](10:15:43)[1]-- TIME:20090303-101543

[412](10:15:44)[2]-- TIME:20090303-101544

[413](10:15:45)[3]-- TIME:20090303-101545

[414](10:15:46)[0]-- TIME:20090303-101546

[415](10:15:47)[1]-- TIME:20090303-101547

[416](10:15:48)[2]-- TIME:20090303-101548

[417](10:15:49)[3]-- TIME:20090303-101549

[418](10:15:50)[0]-- TIME:20090303-101550

[419](10:15:51)[1]-- TIME:20090303-101551

[420](10:15:52)[2]-- TIME:20090303-101552

[421](10:15:53)[3]-- TIME:20090303-101553

[422](10:15:54)[0]-- TIME:20090303-101554

[423](10:15:55)[1]-- TIME:20090303-101555

[424](10:15:56)[2]-- TIME:20090303-101556

[425](10:15:57)[3]-- TIME:20090303-101557

[426](10:15:58)[0]-- TIME:20090303-101558

[427](10:15:59)[1]-- TIME:20090303-101559

[428](10:16:00)[2]-- TIME:20090303-101600

[429](10:16:01)[3]-- TIME:20090303-101601

[430](10:16:02)[0]-- TIME:20090303-101602

[431](10:16:03)[1]-- TIME:20090303-101603

[432](10:16:04)[2]-- TIME:20090303-101604

[433](10:16:05)[3]-- TIME:20090303-101605

[434](10:16:06)[0]-- TIME:20090303-101606

[435](10:16:07)[1]-- TIME:20090303-101607

[436](10:16:08)[2]-- TIME:20090303-101608

[437](10:16:09)[3]-- TIME:20090303-101609

[438](10:16:10)[0]-- TIME:20090303-101610

[439](10:16:11)[1]-- TIME:20090303-101611

[440](10:16:12)[2]-- TIME:20090303-101612

[441](10:16:13)[3]-- TIME:20090303-101613

[442](10:16:14)[0]-- TIME:20090303-101614

[443](10:16:15)[1]-- TIME:20090303-101615

[444](10:16:16)[2]-- TIME:20090303-101616

[445](10:16:17)[3]-- TIME:20090303-101617

[446](10:16:18)[0]-- TIME:20090303-101618

[447](10:16:19)[1]-- TIME:20090303-101619

[448](10:16:20)[2]-- TIME:20090303-101620

[449](10:16:21)[3]-- TIME:20090303-101621

[450](10:16:22)[0]-- TIME:20090303-101622

[451](10:16:23)[1]-- TIME:20090303-101623

[452](10:16:24)[2]-- TIME:20090303-101624

[453](10:16:25)[3]-- TIME:20090303-101625

[454](10:16:26)[0]-- TIME:20090303-101626

[455](10:16:27)[1]-- TIME:20090303-101627

[456](10:16:28)[2]-- TIME:20090303-101628

[457](10:16:29)[3]-- TIME:20090303-101629

[458](10:16:30)[0]-- TIME:20090303-101630

[459](10:16:31)[1]-- TIME:20090303-101631

[460](10:16:32)[2]-- TIME:20090303-101632

[461](10:16:33)[3]-- TIME:20090303-101633

[462](10:16:34)[0]-- TIME:20090303-101634

[463](10:16:35)[1]-- TIME:20090303-101635

[464](10:16:36)[2]-- TIME:20090303-101636

[465](10:16:37)[3]-- TIME:20090303-101637

[466](10:16:38)[0]-- TIME:20090303-101638

[467](10:16:39)[1]-- TIME:20090303-101639

[468](10:16:40)[2]-- TIME:20090303-101640

[469](10:16:41)[3]-- TIME:20090303-101641

[470](10:16:42)[0]-- TIME:20090303-101642

[471](10:16:43)[1]-- TIME:20090303-101643

[472](10:16:44)[2]-- TIME:20090303-101644

[473](10:16:45)[3]-- TIME:20090303-101645

[474](10:16:46)[0]-- TIME:20090303-101646

[475](10:16:47)[1]-- TIME:20090303-101647

[476](10:16:48)[2]-- TIME:20090303-101648

[477](10:16:49)[3]-- TIME:20090303-101649

[478](10:16:50)[0]-- TIME:20090303-101650

[479](10:16:51)[1]-- TIME:20090303-101651

[480](10:16:52)[2]-- TIME:20090303-101652

[481](10:16:53)[3]-- TIME:20090303-101653

[482](10:16:54)[0]-- TIME:20090303-101654

[483](10:16:55)[1]-- TIME:20090303-101655

[484](10:16:56)[2]-- TIME:20090303-101656

[485](10:16:57)[3]-- TIME:20090303-101657

[486](10:16:58)[0]-- TIME:20090303-101658

[487](10:16:59)[1]-- TIME:20090303-101659

[488](10:17:00)[2]-- TIME:20090303-101700

[489](10:17:01)[3]-- TIME:20090303-101701

[490](10:17:02)[0]-- TIME:20090303-101702

[491](10:17:03)[1]-- TIME:20090303-101703

[492](10:17:04)[2]-- TIME:20090303-101704

[493](10:17:05)[3]-- TIME:20090303-101705

[494](10:17:06)[0]-- TIME:20090303-101706

[495](10:17:07)[1]-- TIME:20090303-101707

[496](10:17:08)[2]-- TIME:20090303-101708

[497](10:17:09)[3]-- TIME:20090303-101709

[498](10:17:10)[0]-- TIME:20090303-101710

[499](10:17:11)[1]-- TIME:20090303-101711

[500](10:17:12)[2]-- TIME:20090303-101712

[501](10:17:13)[3]-- TIME:20090303-101713

[502](10:17:14)[0]-- TIME:20090303-101714

[503](10:17:15)[1]-- TIME:20090303-101715

[504](10:17:16)[2]-- TIME:20090303-101716

[505](10:17:17)[3]-- TIME:20090303-101717

[506](10:17:18)[0]-- TIME:20090303-101718

[507](10:17:19)[1]-- TIME:20090303-101719

[508](10:17:20)[2]-- TIME:20090303-101720

[509](10:17:21)[3]-- TIME:20090303-101721

[510](10:17:22)[0]-- TIME:20090303-101722

[511](10:17:23)[1]-- TIME:20090303-101723

[512](10:17:24)[2]-- TIME:20090303-101724

[513](10:17:25)[3]-- TIME:20090303-101725

[514](10:17:26)[0]-- TIME:20090303-101726

[515](10:17:27)[1]-- TIME:20090303-101727

[516](10:17:28)[2]-- TIME:20090303-101728

[517](10:17:29)[3]-- TIME:20090303-101729

[518](10:17:30)[0]-- TIME:20090303-101730

[519](10:17:31)[1]-- TIME:20090303-101731

[520](10:17:32)[2]-- TIME:20090303-101732

[521](10:17:33)[3]-- TIME:20090303-101733

[522](10:17:34)[0]-- TIME:20090303-101734

[523](10:17:35)[1]-- TIME:20090303-101735

[524](10:17:36)[2]-- TIME:20090303-101736

[525](10:17:37)[3]-- TIME:20090303-101737

[526](10:17:38)[0]-- TIME:20090303-101738

[527](10:17:39)[1]-- TIME:20090303-101739

[528](10:17:40)[2]-- TIME:20090303-101740

[529](10:17:41)[3]-- TIME:20090303-101741

[530](10:17:42)[0]-- TIME:20090303-101742

[531](10:17:43)[1]-- TIME:20090303-101743

[532](10:17:44)[2]-- TIME:20090303-101744

[533](10:17:45)[3]-- TIME:20090303-101745

[534](10:17:46)[0]-- TIME:20090303-101746

[535](10:17:47)[1]-- TIME:20090303-101747

[536](10:17:48)[2]-- TIME:20090303-101748

[537](10:17:49)[3]-- TIME:20090303-101749

[538](10:17:50)[0]-- TIME:20090303-101750

[539](10:17:51)[1]-- TIME:20090303-101751

[540](10:17:52)[2]-- TIME:20090303-101752

[541](10:17:53)[3]-- TIME:20090303-101753

[542](10:17:54)[0]-- TIME:20090303-101754

[543](10:17:55)[1]-- TIME:20090303-101755

[544](10:17:56)[2]-- TIME:20090303-101756

[545](10:17:57)[3]-- TIME:20090303-101757

[546](10:17:58)[0]-- TIME:20090303-101758

[547](10:17:59)[1]-- TIME:20090303-101759

[548](10:18:00)[2]-- TIME:20090303-101800

[549](10:18:01)[3]-- TIME:20090303-101801

[550](10:18:02)[0]-- TIME:20090303-101802

[551](10:18:03)[1]-- TIME:20090303-101803

[552](10:18:04)[2]-- TIME:20090303-101804

[553](10:18:05)[3]-- TIME:20090303-101805

[554](10:18:06)[0]-- TIME:20090303-101806

[555](10:18:07)[1]-- TIME:20090303-101807

[556](10:18:08)[2]-- TIME:20090303-101808

[557](10:18:09)[3]-- TIME:20090303-101809

[558](10:18:10)[0]-- TIME:20090303-101810

[559](10:18:11)[1]-- TIME:20090303-101811

[560](10:18:12)[2]-- TIME:20090303-101812

[561](10:18:13)[3]-- TIME:20090303-101813

[562](10:18:14)[0]-- TIME:20090303-101814

[563](10:18:15)[1]-- TIME:20090303-101815

[564](10:18:16)[2]-- TIME:20090303-101816

[565](10:18:17)[3]-- TIME:20090303-101817

[566](10:18:18)[0]-- TIME:20090303-101818

[567](10:18:19)[1]-- TIME:20090303-101819

[568](10:18:20)[2]-- TIME:20090303-101820

[569](10:18:21)[3]-- TIME:20090303-101821

[570](10:18:22)[0]-- TIME:20090303-101822

[571](10:18:23)[1]-- TIME:20090303-101823

[572](10:18:24)[2]-- TIME:20090303-101824

[573](10:18:25)[3]-- TIME:20090303-101825

[574](10:18:26)[0]-- TIME:20090303-101826

[575](10:18:27)[1]-- TIME:20090303-101827

[576](10:18:28)[2]-- TIME:20090303-101828

[577](10:18:29)[3]-- TIME:20090303-101829

[578](10:18:30)[0]-- TIME:20090303-101830

[579](10:18:31)[1]-- TIME:20090303-101831

[580](10:18:32)[2]-- TIME:20090303-101832

[581](10:18:33)[3]-- TIME:20090303-101833

[582](10:18:34)[0]-- TIME:20090303-101834

[583](10:18:35)[1]-- TIME:20090303-101835

[584](10:18:36)[2]-- TIME:20090303-101836

[585](10:18:37)[3]-- TIME:20090303-101837

[586](10:18:38)[0]-- TIME:20090303-101838

[587](10:18:39)[1]-- TIME:20090303-101839

[588](10:18:40)[2]-- TIME:20090303-101840

[589](10:18:41)[3]-- TIME:20090303-101841

[590](10:18:42)[0]-- TIME:20090303-101842

[591](10:18:43)[1]-- TIME:20090303-101843

[592](10:18:44)[2]-- TIME:20090303-101844

[593](10:18:45)[3]-- TIME:20090303-101845

[594](10:18:46)[0]-- TIME:20090303-101846

[595](10:18:47)[1]-- TIME:20090303-101847

[596](10:18:48)[2]-- TIME:20090303-101848

[597](10:18:49)[3]-- TIME:20090303-101849

[598](10:18:50)[0]-- TIME:20090303-101850

[599](10:18:51)[1]-- TIME:20090303-101851

[600](10:18:51)Stop logging data
[601](10:18:52)Mulai logging data
[602](10:18:52)[0]-- TIME:20090303-101852

[603](10:18:53)[1]-- TIME:20090303-101853

[604](10:18:53)[2]-- TIME:20090303-101853

[605](10:18:54)[3]-- TIME:20090303-101854

[606](10:18:54)[0]-- TIME:20090303-101854

[607](10:18:55)[1]-- TIME:20090303-101855

[608](10:18:55)[2]-- TIME:20090303-101855

[609](10:18:56)[3]-- TIME:20090303-101856

[610](10:18:56)[0]-- TIME:20090303-101856

[611](10:18:57)[1]-- TIME:20090303-101857

[612](10:18:57)[2]-- TIME:20090303-101857

[613](10:18:58)[3]-- TIME:20090303-101858

[614](10:18:58)[0]-- TIME:20090303-101858

[615](10:18:59)[1]-- TIME:20090303-101859

[616](10:18:59)[2]-- TIME:20090303-101859

[617](10:19:00)Stop logging data
[618](10:19:00)[2]-- TIME:20090303-101900

[619](10:19:00)[2]-- TIME:20090303-101900

[620](10:19:08)Mulai logging data
[621](10:19:10)[0]-- TIME:20090303-101910

[622](10:19:11)[1]-- TIME:20090303-101911

[623](10:19:12)[2]-- TIME:20090303-101912

[624](10:19:13)[3]-- TIME:20090303-101913

[625](10:19:14)[0]-- TIME:20090303-101914

[626](10:19:15)[1]-- TIME:20090303-101915

[627](10:19:16)[2]-- TIME:20090303-101916

[628](10:19:17)[3]-- TIME:20090303-101917

[629](10:19:18)[0]-- TIME:20090303-101918

[630](10:19:19)[1]-- TIME:20090303-101919

[631](10:19:20)[2]-- TIME:20090303-101920

[632](10:19:20)Stop logging data
[633](10:19:21)[2]-- TIME:20090303-101921

[634](10:19:22)======== MONITA APP CLOSING =========
[635](10:19:22)============ BYE BYE ===============