
[0](22:15:59)======== MONITA APP STARTING ===========
[1](22:15:59)Load file konfigurasi
[2](22:15:59)Baca konfig
[3](22:15:59)Baca konfig: OK
[4](22:16:01)Mulai logging data
[5](22:16:02)[0]-- TIME:20090304-221602

[6](22:16:03)[1]-- TIME:20090304-221603

[7](22:16:04)[2]-- TIME:20090304-221604

[8](22:16:05)[3]-- TIME:20090304-221605

[9](22:16:05)10.23.128.24: Timeout
[10](22:16:06)[0]-- TIME:20090304-221606

[11](22:16:07)[1]-- TIME:20090304-221607

[12](22:16:08)[2]-- TIME:20090304-221608

[13](22:16:09)[3]-- TIME:20090304-221609

[14](22:16:09)10.23.128.24: Timeout
[15](22:16:10)[0]-- TIME:20090304-221610

[16](22:16:11)[1]-- TIME:20090304-221611

[17](22:16:12)[2]-- TIME:20090304-221612

[18](22:16:13)[3]-- TIME:20090304-221613

[19](22:16:13)10.23.128.24: Timeout
[20](22:16:14)[0]-- TIME:20090304-221614

[21](22:16:15)[1]-- TIME:20090304-221615

[22](22:16:16)[2]-- TIME:20090304-221616

[23](22:16:17)[3]-- TIME:20090304-221617

[24](22:16:18)[0]-- TIME:20090304-221618

[25](22:16:19)[1]-- TIME:20090304-221619

[26](22:16:20)[2]-- TIME:20090304-221620

[27](22:16:21)Stop logging data
[28](22:16:21)[2]-- TIME:20090304-221621

[29](22:16:22)Mulai logging data
[30](22:16:23)[0]-- TIME:20090304-221623

[31](22:16:24)[1]-- TIME:20090304-221624

[32](22:16:25)Stop logging data
[33](22:16:25)[2]-- TIME:20090304-221625

[34](22:16:25)Mulai logging data
[35](22:16:27)[0]-- TIME:20090304-221627

[36](22:16:28)[1]-- TIME:20090304-221628

[37](22:16:29)[2]-- TIME:20090304-221629

[38](22:16:30)[3]-- TIME:20090304-221630

[39](22:16:31)[0]-- TIME:20090304-221631

[40](22:16:31)======== MONITA APP CLOSING =========
[41](22:16:31)============ BYE BYE ===============