
[0](11:41:22)======== MONITA APP STARTING ===========
[1](11:41:22)Load file konfigurasi
[2](11:41:22)Baca konfig
[3](11:41:22)Baca konfig: OK
[4](11:41:24)Mulai logging data
[5](11:41:26)[0]-- TIME:20090305-114126

[6](11:41:27)[1]-- TIME:20090305-114127

[7](11:41:28)[2]-- TIME:20090305-114128

[8](11:41:29)[3]-- TIME:20090305-114129

[9](11:41:30)[0]-- TIME:20090305-114130

[10](11:41:31)[1]-- TIME:20090305-114131

[11](11:41:32)[2]-- TIME:20090305-114132

[12](11:41:33)[3]-- TIME:20090305-114133

[13](11:41:34)[0]-- TIME:20090305-114134

[14](11:41:35)[1]-- TIME:20090305-114135

[15](11:41:36)[2]-- TIME:20090305-114136

[16](11:41:37)[3]-- TIME:20090305-114137

[17](11:41:38)[0]-- TIME:20090305-114138

[18](11:41:39)[1]-- TIME:20090305-114139

[19](11:41:40)[2]-- TIME:20090305-114140

[20](11:41:41)[3]-- TIME:20090305-114141

[21](11:41:42)[0]-- TIME:20090305-114142

[22](11:41:43)[1]-- TIME:20090305-114143

[23](11:41:44)[2]-- TIME:20090305-114144

[24](11:41:45)[3]-- TIME:20090305-114145

[25](11:41:46)[0]-- TIME:20090305-114146

[26](11:41:47)[1]-- TIME:20090305-114147

[27](11:41:48)[2]-- TIME:20090305-114148

[28](11:41:48)Stop logging data
[29](11:41:49)[2]-- TIME:20090305-114149

[30](11:41:57)Mulai logging data
[31](11:41:59)[0]-- TIME:20090305-114159

[32](11:42:00)[1]-- TIME:20090305-114200

[33](11:42:01)[2]-- TIME:20090305-114201

[34](11:42:02)[3]-- TIME:20090305-114202

[35](11:42:03)[0]-- TIME:20090305-114203

[36](11:42:04)[1]-- TIME:20090305-114204

[37](11:42:05)[2]-- TIME:20090305-114205

[38](11:42:06)[3]-- TIME:20090305-114206

[39](11:42:07)[0]-- TIME:20090305-114207

[40](11:42:08)[1]-- TIME:20090305-114208

[41](11:42:09)[2]-- TIME:20090305-114209

[42](11:42:10)[3]-- TIME:20090305-114210

[43](11:42:11)[0]-- TIME:20090305-114211

[44](11:42:12)[1]-- TIME:20090305-114212

[45](11:42:13)[2]-- TIME:20090305-114213

[46](11:42:14)[3]-- TIME:20090305-114214

[47](11:42:15)[0]-- TIME:20090305-114215

[48](11:42:16)[1]-- TIME:20090305-114216

[49](11:42:17)[2]-- TIME:20090305-114217

[50](11:42:18)[3]-- TIME:20090305-114218

[51](11:42:19)[0]-- TIME:20090305-114219

[52](11:42:20)[1]-- TIME:20090305-114220

[53](11:42:21)[2]-- TIME:20090305-114221

[54](11:42:22)[3]-- TIME:20090305-114222

[55](11:42:23)[0]-- TIME:20090305-114223

[56](11:42:24)[1]-- TIME:20090305-114224

[57](11:42:25)[2]-- TIME:20090305-114225

[58](11:42:26)[3]-- TIME:20090305-114226

[59](11:42:27)[0]-- TIME:20090305-114227

[60](11:42:28)[1]-- TIME:20090305-114228

[61](11:42:29)[2]-- TIME:20090305-114229

[62](11:42:30)[3]-- TIME:20090305-114230

[63](11:42:31)[0]-- TIME:20090305-114231

[64](11:42:32)[1]-- TIME:20090305-114232

[65](11:42:33)[2]-- TIME:20090305-114233

[66](11:42:34)[3]-- TIME:20090305-114234

[67](11:42:35)[0]-- TIME:20090305-114235

[68](11:42:36)[1]-- TIME:20090305-114236

[69](11:42:37)[2]-- TIME:20090305-114237

[70](11:42:38)[3]-- TIME:20090305-114238

[71](11:42:39)[0]-- TIME:20090305-114239

[72](11:42:40)[1]-- TIME:20090305-114240

[73](11:42:41)[2]-- TIME:20090305-114241

[74](11:42:42)[3]-- TIME:20090305-114242

[75](11:42:43)[0]-- TIME:20090305-114243

[76](11:42:44)[1]-- TIME:20090305-114244

[77](11:42:45)[2]-- TIME:20090305-114245

[78](11:42:46)[3]-- TIME:20090305-114246

[79](11:42:47)[0]-- TIME:20090305-114247

[80](11:42:48)[1]-- TIME:20090305-114248

[81](11:42:49)[2]-- TIME:20090305-114249

[82](11:42:50)[3]-- TIME:20090305-114250

[83](11:42:51)[0]-- TIME:20090305-114251

[84](11:42:52)[1]-- TIME:20090305-114252

[85](11:42:53)[2]-- TIME:20090305-114253

[86](11:42:54)[3]-- TIME:20090305-114254

[87](11:42:55)[0]-- TIME:20090305-114255

[88](11:42:56)[1]-- TIME:20090305-114256

[89](11:42:57)[2]-- TIME:20090305-114257

[90](11:42:58)[3]-- TIME:20090305-114258

[91](11:42:59)[0]-- TIME:20090305-114259

[92](11:43:00)[1]-- TIME:20090305-114300

[93](11:43:01)[2]-- TIME:20090305-114301

[94](11:43:02)[3]-- TIME:20090305-114302

[95](11:43:03)[0]-- TIME:20090305-114303

[96](11:43:04)[1]-- TIME:20090305-114304

[97](11:43:05)[2]-- TIME:20090305-114305

[98](11:43:06)[3]-- TIME:20090305-114306

[99](11:43:07)[0]-- TIME:20090305-114307

[100](11:43:08)[1]-- TIME:20090305-114308

[101](11:43:09)[2]-- TIME:20090305-114309

[102](11:43:10)[3]-- TIME:20090305-114310

[103](11:43:11)[0]-- TIME:20090305-114311

[104](11:43:12)[1]-- TIME:20090305-114312

[105](11:43:13)[2]-- TIME:20090305-114313

[106](11:43:14)[3]-- TIME:20090305-114314

[107](11:43:15)[0]-- TIME:20090305-114315

[108](11:43:16)[1]-- TIME:20090305-114316

[109](11:43:17)[2]-- TIME:20090305-114317

[110](11:43:18)[3]-- TIME:20090305-114318

[111](11:43:19)[0]-- TIME:20090305-114319

[112](11:43:20)[1]-- TIME:20090305-114320

[113](11:43:21)[2]-- TIME:20090305-114321

[114](11:43:22)[3]-- TIME:20090305-114322

[115](11:43:23)[0]-- TIME:20090305-114323

[116](11:43:24)[1]-- TIME:20090305-114324

[117](11:43:25)[2]-- TIME:20090305-114325

[118](11:43:26)[3]-- TIME:20090305-114326

[119](11:43:27)[0]-- TIME:20090305-114327

[120](11:43:28)[1]-- TIME:20090305-114328

[121](11:43:29)[2]-- TIME:20090305-114329

[122](11:43:30)[3]-- TIME:20090305-114330

[123](11:43:31)[0]-- TIME:20090305-114331

[124](11:43:32)[1]-- TIME:20090305-114332

[125](11:43:33)[2]-- TIME:20090305-114333

[126](11:43:34)[3]-- TIME:20090305-114334

[127](11:43:35)[0]-- TIME:20090305-114335

[128](11:43:36)[1]-- TIME:20090305-114336

[129](11:43:37)[2]-- TIME:20090305-114337

[130](11:43:38)[3]-- TIME:20090305-114338

[131](11:43:39)[0]-- TIME:20090305-114339

[132](11:43:40)[1]-- TIME:20090305-114340

[133](11:43:41)[2]-- TIME:20090305-114341

[134](11:43:42)[3]-- TIME:20090305-114342

[135](11:43:43)[0]-- TIME:20090305-114343

[136](11:43:44)[1]-- TIME:20090305-114344

[137](11:43:45)[2]-- TIME:20090305-114345

[138](11:43:46)[3]-- TIME:20090305-114346

[139](11:43:47)[0]-- TIME:20090305-114347

[140](11:43:48)[1]-- TIME:20090305-114348

[141](11:43:49)[2]-- TIME:20090305-114349

[142](11:43:50)[3]-- TIME:20090305-114350

[143](11:43:51)[0]-- TIME:20090305-114351

[144](11:43:52)[1]-- TIME:20090305-114352

[145](11:43:53)[2]-- TIME:20090305-114353

[146](11:43:54)[3]-- TIME:20090305-114354

[147](11:43:55)[0]-- TIME:20090305-114355

[148](11:43:56)[1]-- TIME:20090305-114356

[149](11:43:57)[2]-- TIME:20090305-114357

[150](11:43:58)[3]-- TIME:20090305-114358

[151](11:43:59)[0]-- TIME:20090305-114359

[152](11:44:00)[1]-- TIME:20090305-114400

[153](11:44:01)[2]-- TIME:20090305-114401

[154](11:44:02)[3]-- TIME:20090305-114402

[155](11:44:03)[0]-- TIME:20090305-114403

[156](11:44:04)[1]-- TIME:20090305-114404

[157](11:44:05)[2]-- TIME:20090305-114405

[158](11:44:06)[3]-- TIME:20090305-114406

[159](11:44:07)[0]-- TIME:20090305-114407

[160](11:44:08)[1]-- TIME:20090305-114408

[161](11:44:09)[2]-- TIME:20090305-114409

[162](11:44:10)[3]-- TIME:20090305-114410

[163](11:44:11)[0]-- TIME:20090305-114411

[164](11:44:12)[1]-- TIME:20090305-114412

[165](11:44:13)[2]-- TIME:20090305-114413

[166](11:44:14)[3]-- TIME:20090305-114414

[167](11:44:15)[0]-- TIME:20090305-114415

[168](11:44:16)[1]-- TIME:20090305-114416

[169](11:44:17)[2]-- TIME:20090305-114417

[170](11:44:18)[3]-- TIME:20090305-114418

[171](11:44:19)[0]-- TIME:20090305-114419

[172](11:44:20)[1]-- TIME:20090305-114420

[173](11:44:21)[2]-- TIME:20090305-114421

[174](11:44:22)[3]-- TIME:20090305-114422

[175](11:44:23)[0]-- TIME:20090305-114423

[176](11:44:24)[1]-- TIME:20090305-114424

[177](11:44:25)[2]-- TIME:20090305-114425

[178](11:44:26)[3]-- TIME:20090305-114426

[179](11:44:27)[0]-- TIME:20090305-114427

[180](11:44:28)[1]-- TIME:20090305-114428

[181](11:44:29)[2]-- TIME:20090305-114429

[182](11:44:30)[3]-- TIME:20090305-114430

[183](11:44:31)[0]-- TIME:20090305-114431

[184](11:44:32)[1]-- TIME:20090305-114432

[185](11:44:33)[2]-- TIME:20090305-114433

[186](11:44:34)[3]-- TIME:20090305-114434

[187](11:44:35)[0]-- TIME:20090305-114435

[188](11:44:36)[1]-- TIME:20090305-114436

[189](11:44:37)[2]-- TIME:20090305-114437

[190](11:44:38)[3]-- TIME:20090305-114438

[191](11:44:39)[0]-- TIME:20090305-114439

[192](11:44:40)[1]-- TIME:20090305-114440

[193](11:44:41)[2]-- TIME:20090305-114441

[194](11:44:42)[3]-- TIME:20090305-114442

[195](11:44:43)[0]-- TIME:20090305-114443

[196](11:44:44)[1]-- TIME:20090305-114444

[197](11:44:45)[2]-- TIME:20090305-114445

[198](11:44:46)[3]-- TIME:20090305-114446

[199](11:44:47)[0]-- TIME:20090305-114447

[200](11:44:48)[1]-- TIME:20090305-114448

[201](11:44:49)[2]-- TIME:20090305-114449

[202](11:44:50)[3]-- TIME:20090305-114450

[203](11:44:51)[0]-- TIME:20090305-114451

[204](11:44:52)[1]-- TIME:20090305-114452

[205](11:44:53)[2]-- TIME:20090305-114453

[206](11:44:54)[3]-- TIME:20090305-114454

[207](11:44:55)[0]-- TIME:20090305-114455

[208](11:44:56)[1]-- TIME:20090305-114456

[209](11:44:57)[2]-- TIME:20090305-114457

[210](11:44:58)[3]-- TIME:20090305-114458

[211](11:44:59)[0]-- TIME:20090305-114459

[212](11:45:00)[1]-- TIME:20090305-114500

[213](11:45:01)[2]-- TIME:20090305-114501

[214](11:45:02)[3]-- TIME:20090305-114502

[215](11:45:03)[0]-- TIME:20090305-114503

[216](11:45:04)[1]-- TIME:20090305-114504

[217](11:45:05)[2]-- TIME:20090305-114505

[218](11:45:06)[3]-- TIME:20090305-114506

[219](11:45:07)[0]-- TIME:20090305-114507

[220](11:45:08)[1]-- TIME:20090305-114508

[221](11:45:09)[2]-- TIME:20090305-114509

[222](11:45:10)[3]-- TIME:20090305-114510

[223](11:45:11)[0]-- TIME:20090305-114511

[224](11:45:12)[1]-- TIME:20090305-114512

[225](11:45:13)[2]-- TIME:20090305-114513

[226](11:45:14)[3]-- TIME:20090305-114514

[227](11:45:15)[0]-- TIME:20090305-114515

[228](11:45:16)[1]-- TIME:20090305-114516

[229](11:45:17)[2]-- TIME:20090305-114517

[230](11:45:18)[3]-- TIME:20090305-114518

[231](11:45:19)[0]-- TIME:20090305-114519

[232](11:45:20)[1]-- TIME:20090305-114520

[233](11:45:21)[2]-- TIME:20090305-114521

[234](11:45:22)[3]-- TIME:20090305-114522

[235](11:45:23)[0]-- TIME:20090305-114523

[236](11:45:24)[1]-- TIME:20090305-114524

[237](11:45:25)[2]-- TIME:20090305-114525

[238](11:45:26)[3]-- TIME:20090305-114526

[239](11:45:27)[0]-- TIME:20090305-114527

[240](11:45:28)[1]-- TIME:20090305-114528

[241](11:45:29)[2]-- TIME:20090305-114529

[242](11:45:30)[3]-- TIME:20090305-114530

[243](11:45:31)[0]-- TIME:20090305-114531

[244](11:45:32)[1]-- TIME:20090305-114532

[245](11:45:33)[2]-- TIME:20090305-114533

[246](11:45:34)[3]-- TIME:20090305-114534

[247](11:45:35)[0]-- TIME:20090305-114535

[248](11:45:36)[1]-- TIME:20090305-114536

[249](11:45:37)[2]-- TIME:20090305-114537

[250](11:45:38)[3]-- TIME:20090305-114538

[251](11:45:39)[0]-- TIME:20090305-114539

[252](11:45:40)[1]-- TIME:20090305-114540

[253](11:45:41)[2]-- TIME:20090305-114541

[254](11:45:42)[3]-- TIME:20090305-114542

[255](11:45:43)[0]-- TIME:20090305-114543

[256](11:45:44)[1]-- TIME:20090305-114544

[257](11:45:45)[2]-- TIME:20090305-114545

[258](11:45:46)[3]-- TIME:20090305-114546

[259](11:45:47)[0]-- TIME:20090305-114547

[260](11:45:48)[1]-- TIME:20090305-114548

[261](11:45:49)[2]-- TIME:20090305-114549

[262](11:45:50)[3]-- TIME:20090305-114550

[263](11:45:51)[0]-- TIME:20090305-114551

[264](11:45:52)[1]-- TIME:20090305-114552

[265](11:45:53)[2]-- TIME:20090305-114553

[266](11:45:54)[3]-- TIME:20090305-114554

[267](11:45:55)[0]-- TIME:20090305-114555

[268](11:45:56)[1]-- TIME:20090305-114556

[269](11:45:57)[2]-- TIME:20090305-114557

[270](11:45:58)[3]-- TIME:20090305-114558

[271](11:45:59)[0]-- TIME:20090305-114559

[272](11:46:00)[1]-- TIME:20090305-114600

[273](11:46:01)[2]-- TIME:20090305-114601

[274](11:46:02)[3]-- TIME:20090305-114602

[275](11:46:03)[0]-- TIME:20090305-114603

[276](11:46:04)[1]-- TIME:20090305-114604

[277](11:46:05)[2]-- TIME:20090305-114605

[278](11:46:06)[3]-- TIME:20090305-114606

[279](11:46:07)[0]-- TIME:20090305-114607

[280](11:46:08)[1]-- TIME:20090305-114608

[281](11:46:09)[2]-- TIME:20090305-114609

[282](11:46:10)[3]-- TIME:20090305-114610

[283](11:46:11)[0]-- TIME:20090305-114611

[284](11:46:12)[1]-- TIME:20090305-114612

[285](11:46:13)[2]-- TIME:20090305-114613

[286](11:46:14)[3]-- TIME:20090305-114614

[287](11:46:15)[0]-- TIME:20090305-114615

[288](11:46:16)[1]-- TIME:20090305-114616

[289](11:46:17)[2]-- TIME:20090305-114617

[290](11:46:18)[3]-- TIME:20090305-114618

[291](11:46:19)[0]-- TIME:20090305-114619

[292](11:46:26)[1]-- TIME:20090305-114626

[293](11:46:27)[2]-- TIME:20090305-114627

[294](11:46:28)[3]-- TIME:20090305-114628

[295](11:47:20)10.23.128.24: Timeout
[296](11:47:20)[0]-- TIME:20090305-114720

[297](11:47:21)[1]-- TIME:20090305-114721

[298](11:47:22)[2]-- TIME:20090305-114722

[299](11:47:23)[3]-- TIME:20090305-114723

[300](11:47:24)[0]-- TIME:20090305-114724

[301](11:47:25)[1]-- TIME:20090305-114725

[302](11:47:26)[2]-- TIME:20090305-114726

[303](11:47:27)[3]-- TIME:20090305-114727

[304](11:47:28)[0]-- TIME:20090305-114728

[305](11:47:29)[1]-- TIME:20090305-114729

[306](11:47:30)[2]-- TIME:20090305-114730

[307](11:47:31)[3]-- TIME:20090305-114731

[308](11:47:32)[0]-- TIME:20090305-114732

[309](11:47:33)[1]-- TIME:20090305-114733

[310](11:47:34)[2]-- TIME:20090305-114734

[311](11:47:35)[3]-- TIME:20090305-114735

[312](11:47:36)[0]-- TIME:20090305-114736

[313](11:47:37)[1]-- TIME:20090305-114737

[314](11:47:38)[2]-- TIME:20090305-114738

[315](11:47:39)[3]-- TIME:20090305-114739

[316](11:47:40)[0]-- TIME:20090305-114740

[317](11:47:41)[1]-- TIME:20090305-114741

[318](11:47:42)[2]-- TIME:20090305-114742

[319](11:47:43)[3]-- TIME:20090305-114743

[320](11:47:44)[0]-- TIME:20090305-114744

[321](11:47:45)[1]-- TIME:20090305-114745

[322](11:47:46)[2]-- TIME:20090305-114746

[323](11:47:47)[3]-- TIME:20090305-114747

[324](11:47:48)[0]-- TIME:20090305-114748

[325](11:47:49)[1]-- TIME:20090305-114749

[326](11:47:50)[2]-- TIME:20090305-114750

[327](11:47:51)[3]-- TIME:20090305-114751

[328](11:47:52)[0]-- TIME:20090305-114752

[329](11:47:53)[1]-- TIME:20090305-114753

[330](11:47:54)[2]-- TIME:20090305-114754

[331](11:47:55)[3]-- TIME:20090305-114755

[332](11:47:56)[0]-- TIME:20090305-114756

[333](11:47:57)[1]-- TIME:20090305-114757

[334](11:47:58)[2]-- TIME:20090305-114758

[335](11:47:59)[3]-- TIME:20090305-114759

[336](11:48:00)[0]-- TIME:20090305-114800

[337](11:48:01)[1]-- TIME:20090305-114801

[338](11:48:02)[2]-- TIME:20090305-114802

[339](11:48:03)[3]-- TIME:20090305-114803

[340](11:48:04)[0]-- TIME:20090305-114804

[341](11:48:05)[1]-- TIME:20090305-114805

[342](11:48:06)[2]-- TIME:20090305-114806

[343](11:48:07)[3]-- TIME:20090305-114807

[344](11:48:08)[0]-- TIME:20090305-114808

[345](11:48:09)[1]-- TIME:20090305-114809

[346](11:48:10)[2]-- TIME:20090305-114810

[347](11:48:11)[3]-- TIME:20090305-114811

[348](11:48:12)[0]-- TIME:20090305-114812

[349](11:48:13)[1]-- TIME:20090305-114813

[350](11:48:14)[2]-- TIME:20090305-114814

[351](11:48:15)[3]-- TIME:20090305-114815

[352](11:48:16)[0]-- TIME:20090305-114816

[353](11:48:17)[1]-- TIME:20090305-114817

[354](11:48:18)[2]-- TIME:20090305-114818

[355](11:48:19)[3]-- TIME:20090305-114819

[356](11:48:20)[0]-- TIME:20090305-114820

[357](11:48:21)[1]-- TIME:20090305-114821

[358](11:48:22)[2]-- TIME:20090305-114822

[359](11:48:23)[3]-- TIME:20090305-114823

[360](11:48:24)[0]-- TIME:20090305-114824

[361](11:48:25)[1]-- TIME:20090305-114825

[362](11:48:26)[2]-- TIME:20090305-114826

[363](11:48:27)[3]-- TIME:20090305-114827

[364](11:48:28)[0]-- TIME:20090305-114828

[365](11:48:29)[1]-- TIME:20090305-114829

[366](11:48:30)[2]-- TIME:20090305-114830

[367](11:48:31)[3]-- TIME:20090305-114831

[368](11:48:32)[0]-- TIME:20090305-114832

[369](11:48:33)[1]-- TIME:20090305-114833

[370](11:48:34)[2]-- TIME:20090305-114834

[371](11:48:35)[3]-- TIME:20090305-114835

[372](11:48:36)[0]-- TIME:20090305-114836

[373](11:48:37)[1]-- TIME:20090305-114837

[374](11:48:38)[2]-- TIME:20090305-114838

[375](11:48:39)[3]-- TIME:20090305-114839

[376](11:48:40)[0]-- TIME:20090305-114840

[377](11:48:41)[1]-- TIME:20090305-114841

[378](11:48:42)[2]-- TIME:20090305-114842

[379](11:48:43)[3]-- TIME:20090305-114843

[380](11:48:44)[0]-- TIME:20090305-114844

[381](11:48:45)[1]-- TIME:20090305-114845

[382](11:48:46)[2]-- TIME:20090305-114846

[383](11:48:47)[3]-- TIME:20090305-114847

[384](11:48:48)[0]-- TIME:20090305-114848

[385](11:48:49)[1]-- TIME:20090305-114849

[386](11:48:50)[2]-- TIME:20090305-114850

[387](11:48:51)[3]-- TIME:20090305-114851

[388](11:48:52)[0]-- TIME:20090305-114852

[389](11:48:53)[1]-- TIME:20090305-114853

[390](11:48:54)[2]-- TIME:20090305-114854

[391](11:48:55)[3]-- TIME:20090305-114855

[392](11:48:56)[0]-- TIME:20090305-114856

[393](11:48:57)[1]-- TIME:20090305-114857

[394](11:48:58)[2]-- TIME:20090305-114858

[395](11:48:59)[3]-- TIME:20090305-114859

[396](11:49:51)[0]-- TIME:20090305-114951

[397](11:49:52)[1]-- TIME:20090305-114952

[398](11:49:53)[2]-- TIME:20090305-114953

[399](11:49:54)[3]-- TIME:20090305-114954

[400](11:49:54)10.23.128.24: Timeout
[401](11:49:55)[0]-- TIME:20090305-114955

[402](11:50:02)[1]-- TIME:20090305-115002

[403](11:50:03)[2]-- TIME:20090305-115003

[404](11:50:04)[3]-- TIME:20090305-115004

[405](11:50:56)10.23.128.24: Timeout
[406](11:50:56)[0]-- TIME:20090305-115056

[407](11:50:57)[1]-- TIME:20090305-115057

[408](11:50:58)[2]-- TIME:20090305-115058

[409](11:50:59)[3]-- TIME:20090305-115059

[410](11:51:00)[0]-- TIME:20090305-115100

[411](11:51:01)[1]-- TIME:20090305-115101

[412](11:51:02)[2]-- TIME:20090305-115102

[413](11:51:04)[3]-- TIME:20090305-115104

[414](11:51:05)[0]-- TIME:20090305-115105

[415](11:51:06)[1]-- TIME:20090305-115106

[416](11:51:07)[2]-- TIME:20090305-115107

[417](11:51:08)[3]-- TIME:20090305-115108

[418](11:51:09)[0]-- TIME:20090305-115109

[419](11:51:10)[1]-- TIME:20090305-115110

[420](11:51:11)[2]-- TIME:20090305-115111

[421](11:51:12)[3]-- TIME:20090305-115112

[422](11:51:13)[0]-- TIME:20090305-115113

[423](11:51:14)[1]-- TIME:20090305-115114

[424](11:51:15)[2]-- TIME:20090305-115115

[425](11:51:16)[3]-- TIME:20090305-115116

[426](11:51:17)[0]-- TIME:20090305-115117

[427](11:51:18)[1]-- TIME:20090305-115118

[428](11:51:19)[2]-- TIME:20090305-115119

[429](11:51:20)[3]-- TIME:20090305-115120

[430](11:51:21)[0]-- TIME:20090305-115121

[431](11:51:22)[1]-- TIME:20090305-115122

[432](11:51:23)[2]-- TIME:20090305-115123

[433](11:51:24)[3]-- TIME:20090305-115124

[434](11:51:25)[0]-- TIME:20090305-115125

[435](11:51:26)[1]-- TIME:20090305-115126

[436](11:51:27)[2]-- TIME:20090305-115127

[437](11:51:28)[3]-- TIME:20090305-115128

[438](11:51:29)[0]-- TIME:20090305-115129

[439](11:51:30)[1]-- TIME:20090305-115130

[440](11:51:31)[2]-- TIME:20090305-115131

[441](11:51:32)[3]-- TIME:20090305-115132

[442](11:51:33)[0]-- TIME:20090305-115133

[443](11:51:34)[1]-- TIME:20090305-115134

[444](11:51:35)[2]-- TIME:20090305-115135

[445](11:51:36)[3]-- TIME:20090305-115136

[446](11:51:37)[0]-- TIME:20090305-115137

[447](11:51:38)[1]-- TIME:20090305-115138

[448](11:51:39)[2]-- TIME:20090305-115139

[449](11:51:40)[3]-- TIME:20090305-115140

[450](11:51:41)[0]-- TIME:20090305-115141

[451](11:51:42)[1]-- TIME:20090305-115142

[452](11:51:43)[2]-- TIME:20090305-115143

[453](11:51:44)[3]-- TIME:20090305-115144

[454](11:51:45)[0]-- TIME:20090305-115145

[455](11:51:46)[1]-- TIME:20090305-115146

[456](11:51:47)[2]-- TIME:20090305-115147

[457](11:51:48)[3]-- TIME:20090305-115148

[458](11:51:49)[0]-- TIME:20090305-115149

[459](11:51:50)[1]-- TIME:20090305-115150

[460](11:51:51)[2]-- TIME:20090305-115151

[461](11:51:52)[3]-- TIME:20090305-115152

[462](11:51:53)[0]-- TIME:20090305-115153

[463](11:51:54)[1]-- TIME:20090305-115154

[464](11:51:55)[2]-- TIME:20090305-115155

[465](11:51:56)[3]-- TIME:20090305-115156

[466](11:51:57)[0]-- TIME:20090305-115157

[467](11:51:58)[1]-- TIME:20090305-115158

[468](11:51:59)[2]-- TIME:20090305-115159

[469](11:52:00)[3]-- TIME:20090305-115200

[470](11:52:01)[0]-- TIME:20090305-115201

[471](11:52:02)[1]-- TIME:20090305-115202

[472](11:52:03)[2]-- TIME:20090305-115203

[473](11:52:04)[3]-- TIME:20090305-115204

[474](11:52:05)[0]-- TIME:20090305-115205

[475](11:52:06)[1]-- TIME:20090305-115206

[476](11:52:07)[2]-- TIME:20090305-115207

[477](11:52:08)[3]-- TIME:20090305-115208

[478](11:52:09)[0]-- TIME:20090305-115209

[479](11:52:10)[1]-- TIME:20090305-115210

[480](11:52:11)[2]-- TIME:20090305-115211

[481](11:52:12)[3]-- TIME:20090305-115212

[482](11:52:13)[0]-- TIME:20090305-115213

[483](11:52:14)[1]-- TIME:20090305-115214

[484](11:52:15)[2]-- TIME:20090305-115215

[485](11:52:16)[3]-- TIME:20090305-115216

[486](11:52:17)[0]-- TIME:20090305-115217

[487](11:52:18)[1]-- TIME:20090305-115218

[488](11:52:19)[2]-- TIME:20090305-115219

[489](11:52:20)[3]-- TIME:20090305-115220

[490](11:52:21)[0]-- TIME:20090305-115221

[491](11:52:22)[1]-- TIME:20090305-115222

[492](11:52:23)[2]-- TIME:20090305-115223

[493](11:52:24)[3]-- TIME:20090305-115224

[494](11:52:25)[0]-- TIME:20090305-115225

[495](11:52:26)[1]-- TIME:20090305-115226

[496](11:52:27)[2]-- TIME:20090305-115227

[497](11:52:28)[3]-- TIME:20090305-115228

[498](11:52:29)[0]-- TIME:20090305-115229

[499](11:52:30)[1]-- TIME:20090305-115230

[500](11:52:31)[2]-- TIME:20090305-115231

[501](11:52:32)[3]-- TIME:20090305-115232

[502](11:52:33)[0]-- TIME:20090305-115233

[503](11:52:34)[1]-- TIME:20090305-115234

[504](11:52:35)[2]-- TIME:20090305-115235

[505](11:52:36)[3]-- TIME:20090305-115236

[506](11:52:37)[0]-- TIME:20090305-115237

[507](11:52:38)[1]-- TIME:20090305-115238

[508](11:52:39)[2]-- TIME:20090305-115239

[509](11:52:40)[3]-- TIME:20090305-115240

[510](11:52:41)[0]-- TIME:20090305-115241

[511](11:52:42)[1]-- TIME:20090305-115242

[512](11:52:43)[2]-- TIME:20090305-115243

[513](11:52:44)[3]-- TIME:20090305-115244

[514](11:52:45)[0]-- TIME:20090305-115245

[515](11:52:46)[1]-- TIME:20090305-115246

[516](11:52:47)[2]-- TIME:20090305-115247

[517](11:52:48)[3]-- TIME:20090305-115248

[518](11:52:49)[0]-- TIME:20090305-115249

[519](11:52:50)[1]-- TIME:20090305-115250

[520](11:52:51)[2]-- TIME:20090305-115251

[521](11:52:52)[3]-- TIME:20090305-115252

[522](11:52:53)[0]-- TIME:20090305-115253

[523](11:52:54)[1]-- TIME:20090305-115254

[524](11:52:55)[2]-- TIME:20090305-115255

[525](11:52:56)[3]-- TIME:20090305-115256

[526](11:52:57)[0]-- TIME:20090305-115257

[527](11:52:58)[1]-- TIME:20090305-115258

[528](11:52:59)[2]-- TIME:20090305-115259

[529](11:53:00)[3]-- TIME:20090305-115300

[530](11:53:01)[0]-- TIME:20090305-115301

[531](11:53:02)[1]-- TIME:20090305-115302

[532](11:53:03)[2]-- TIME:20090305-115303

[533](11:53:04)[3]-- TIME:20090305-115304

[534](11:53:05)[0]-- TIME:20090305-115305

[535](11:53:06)[1]-- TIME:20090305-115306

[536](11:53:07)[2]-- TIME:20090305-115307

[537](11:53:08)[3]-- TIME:20090305-115308

[538](11:53:09)[0]-- TIME:20090305-115309

[539](11:53:10)[1]-- TIME:20090305-115310

[540](11:53:11)[2]-- TIME:20090305-115311

[541](11:53:12)[3]-- TIME:20090305-115312

[542](11:53:13)[0]-- TIME:20090305-115313

[543](11:53:14)[1]-- TIME:20090305-115314

[544](11:53:15)[2]-- TIME:20090305-115315

[545](11:53:16)[3]-- TIME:20090305-115316

[546](11:53:17)[0]-- TIME:20090305-115317

[547](11:53:18)[1]-- TIME:20090305-115318

[548](11:53:19)[2]-- TIME:20090305-115319

[549](11:53:20)[3]-- TIME:20090305-115320

[550](11:53:21)[0]-- TIME:20090305-115321

[551](11:53:22)[1]-- TIME:20090305-115322

[552](11:53:23)[2]-- TIME:20090305-115323

[553](11:53:24)[3]-- TIME:20090305-115324

[554](11:53:25)[0]-- TIME:20090305-115325

[555](11:53:26)[1]-- TIME:20090305-115326

[556](11:53:27)[2]-- TIME:20090305-115327

[557](11:53:28)[3]-- TIME:20090305-115328

[558](11:53:29)[0]-- TIME:20090305-115329

[559](11:53:30)[1]-- TIME:20090305-115330

[560](11:53:31)[2]-- TIME:20090305-115331

[561](11:53:32)[3]-- TIME:20090305-115332

[562](11:53:33)[0]-- TIME:20090305-115333

[563](11:53:34)[1]-- TIME:20090305-115334

[564](11:53:35)[2]-- TIME:20090305-115335

[565](11:53:36)[3]-- TIME:20090305-115336

[566](11:53:37)[0]-- TIME:20090305-115337

[567](11:53:38)[1]-- TIME:20090305-115338

[568](11:53:39)[2]-- TIME:20090305-115339

[569](11:53:40)[3]-- TIME:20090305-115340

[570](11:53:41)[0]-- TIME:20090305-115341

[571](11:53:42)[1]-- TIME:20090305-115342

[572](11:53:43)[2]-- TIME:20090305-115343

[573](11:53:44)[3]-- TIME:20090305-115344

[574](11:53:45)[0]-- TIME:20090305-115345

[575](11:53:46)[1]-- TIME:20090305-115346

[576](11:53:47)[2]-- TIME:20090305-115347

[577](11:53:48)[3]-- TIME:20090305-115348

[578](11:53:49)[0]-- TIME:20090305-115349

[579](11:53:50)[1]-- TIME:20090305-115350

[580](11:53:51)[2]-- TIME:20090305-115351

[581](11:53:52)[3]-- TIME:20090305-115352

[582](11:53:53)[0]-- TIME:20090305-115353

[583](11:53:54)[1]-- TIME:20090305-115354

[584](11:53:55)[2]-- TIME:20090305-115355

[585](11:53:56)[3]-- TIME:20090305-115356

[586](11:53:57)[0]-- TIME:20090305-115357

[587](11:53:58)[1]-- TIME:20090305-115358

[588](11:53:59)[2]-- TIME:20090305-115359

[589](11:54:00)[3]-- TIME:20090305-115400

[590](11:54:01)[0]-- TIME:20090305-115401

[591](11:54:02)[1]-- TIME:20090305-115402

[592](11:54:03)[2]-- TIME:20090305-115403

[593](11:54:04)[3]-- TIME:20090305-115404

[594](11:54:05)[0]-- TIME:20090305-115405

[595](11:54:06)[1]-- TIME:20090305-115406

[596](11:54:07)[2]-- TIME:20090305-115407

[597](11:54:08)[3]-- TIME:20090305-115408

[598](11:54:09)[0]-- TIME:20090305-115409

[599](11:54:10)[1]-- TIME:20090305-115410

[600](11:54:11)[2]-- TIME:20090305-115411

[601](11:54:12)[3]-- TIME:20090305-115412

[602](11:54:13)[0]-- TIME:20090305-115413

[603](11:54:14)[1]-- TIME:20090305-115414

[604](11:54:15)[2]-- TIME:20090305-115415

[605](11:54:16)[3]-- TIME:20090305-115416

[606](11:54:17)[0]-- TIME:20090305-115417

[607](11:54:18)[1]-- TIME:20090305-115418

[608](11:54:19)[2]-- TIME:20090305-115419

[609](11:54:20)[3]-- TIME:20090305-115420

[610](11:54:21)[0]-- TIME:20090305-115421

[611](11:54:22)[1]-- TIME:20090305-115422

[612](11:54:23)[2]-- TIME:20090305-115423

[613](11:54:24)[3]-- TIME:20090305-115424

[614](11:54:25)[0]-- TIME:20090305-115425

[615](11:54:26)[1]-- TIME:20090305-115426

[616](11:54:27)[2]-- TIME:20090305-115427

[617](11:54:28)[3]-- TIME:20090305-115428

[618](11:54:29)[0]-- TIME:20090305-115429

[619](11:54:30)[1]-- TIME:20090305-115430

[620](11:54:31)[2]-- TIME:20090305-115431

[621](11:54:32)[3]-- TIME:20090305-115432

[622](11:54:33)[0]-- TIME:20090305-115433

[623](11:54:34)[1]-- TIME:20090305-115434

[624](11:54:35)[2]-- TIME:20090305-115435

[625](11:54:36)[3]-- TIME:20090305-115436

[626](11:54:37)[0]-- TIME:20090305-115437

[627](11:54:38)[1]-- TIME:20090305-115438

[628](11:54:39)[2]-- TIME:20090305-115439

[629](11:54:40)[3]-- TIME:20090305-115440

[630](11:54:41)[0]-- TIME:20090305-115441

[631](11:54:42)[1]-- TIME:20090305-115442

[632](11:54:43)[2]-- TIME:20090305-115443

[633](11:54:44)[3]-- TIME:20090305-115444

[634](11:54:45)[0]-- TIME:20090305-115445

[635](11:54:46)[1]-- TIME:20090305-115446

[636](11:54:47)[2]-- TIME:20090305-115447

[637](11:54:48)[3]-- TIME:20090305-115448

[638](11:54:49)[0]-- TIME:20090305-115449

[639](11:54:50)[1]-- TIME:20090305-115450

[640](11:54:51)[2]-- TIME:20090305-115451

[641](11:54:52)[3]-- TIME:20090305-115452

[642](11:54:53)[0]-- TIME:20090305-115453

[643](11:54:54)[1]-- TIME:20090305-115454

[644](11:54:55)[2]-- TIME:20090305-115455

[645](11:54:56)[3]-- TIME:20090305-115456

[646](11:54:57)[0]-- TIME:20090305-115457

[647](11:54:58)[1]-- TIME:20090305-115458

[648](11:54:59)[2]-- TIME:20090305-115459

[649](11:55:00)[3]-- TIME:20090305-115500

[650](11:55:01)[0]-- TIME:20090305-115501

[651](11:55:02)[1]-- TIME:20090305-115502

[652](11:55:03)[2]-- TIME:20090305-115503

[653](11:55:04)[3]-- TIME:20090305-115504

[654](11:55:05)[0]-- TIME:20090305-115505

[655](11:55:06)[1]-- TIME:20090305-115506

[656](11:55:07)[2]-- TIME:20090305-115507

[657](11:55:08)[3]-- TIME:20090305-115508

[658](11:55:09)[0]-- TIME:20090305-115509

[659](11:55:10)[1]-- TIME:20090305-115510

[660](11:55:11)[2]-- TIME:20090305-115511

[661](11:55:12)[3]-- TIME:20090305-115512

[662](11:55:13)[0]-- TIME:20090305-115513

[663](11:55:14)[1]-- TIME:20090305-115514

[664](11:55:15)[2]-- TIME:20090305-115515

[665](11:55:16)[3]-- TIME:20090305-115516

[666](11:55:17)[0]-- TIME:20090305-115517

[667](11:55:18)[1]-- TIME:20090305-115518

[668](11:55:19)[2]-- TIME:20090305-115519

[669](11:55:20)[3]-- TIME:20090305-115520

[670](11:55:21)[0]-- TIME:20090305-115521

[671](11:55:22)[1]-- TIME:20090305-115522

[672](11:55:23)[2]-- TIME:20090305-115523

[673](11:55:24)[3]-- TIME:20090305-115524

[674](11:55:25)[0]-- TIME:20090305-115525

[675](11:55:26)[1]-- TIME:20090305-115526

[676](11:55:27)[2]-- TIME:20090305-115527

[677](11:55:28)[3]-- TIME:20090305-115528

[678](11:55:29)[0]-- TIME:20090305-115529

[679](11:55:30)[1]-- TIME:20090305-115530

[680](11:55:31)[2]-- TIME:20090305-115531

[681](11:55:32)[3]-- TIME:20090305-115532

[682](11:55:33)[0]-- TIME:20090305-115533

[683](11:55:34)[1]-- TIME:20090305-115534

[684](11:55:35)[2]-- TIME:20090305-115535

[685](11:55:36)[3]-- TIME:20090305-115536

[686](11:55:37)[0]-- TIME:20090305-115537

[687](11:55:38)[1]-- TIME:20090305-115538

[688](11:55:39)[2]-- TIME:20090305-115539

[689](11:55:40)[3]-- TIME:20090305-115540

[690](11:55:41)[0]-- TIME:20090305-115541

[691](11:55:42)[1]-- TIME:20090305-115542

[692](11:55:43)[2]-- TIME:20090305-115543

[693](11:55:44)[3]-- TIME:20090305-115544

[694](11:55:45)[0]-- TIME:20090305-115545

[695](11:55:46)[1]-- TIME:20090305-115546

[696](11:55:47)[2]-- TIME:20090305-115547

[697](11:55:48)[3]-- TIME:20090305-115548

[698](11:55:49)[0]-- TIME:20090305-115549

[699](11:55:50)[1]-- TIME:20090305-115550

[700](11:55:51)[2]-- TIME:20090305-115551

[701](11:55:52)[3]-- TIME:20090305-115552

[702](11:55:53)[0]-- TIME:20090305-115553

[703](11:55:54)[1]-- TIME:20090305-115554

[704](11:55:55)[2]-- TIME:20090305-115555

[705](11:55:56)[3]-- TIME:20090305-115556

[706](11:55:57)[0]-- TIME:20090305-115557

[707](11:55:58)[1]-- TIME:20090305-115558

[708](11:55:59)[2]-- TIME:20090305-115559

[709](11:56:00)[3]-- TIME:20090305-115600

[710](11:56:01)[0]-- TIME:20090305-115601

[711](11:56:02)[1]-- TIME:20090305-115602

[712](11:56:03)[2]-- TIME:20090305-115603

[713](11:56:04)[3]-- TIME:20090305-115604

[714](11:56:05)[0]-- TIME:20090305-115605

[715](11:56:06)[1]-- TIME:20090305-115606

[716](11:56:07)[2]-- TIME:20090305-115607

[717](11:56:08)[3]-- TIME:20090305-115608

[718](11:56:09)[0]-- TIME:20090305-115609

[719](11:56:10)[1]-- TIME:20090305-115610

[720](11:56:11)[2]-- TIME:20090305-115611

[721](11:56:12)[3]-- TIME:20090305-115612

[722](11:56:13)[0]-- TIME:20090305-115613

[723](11:56:14)[1]-- TIME:20090305-115614

[724](11:56:15)[2]-- TIME:20090305-115615

[725](11:56:16)[3]-- TIME:20090305-115616

[726](11:56:17)[0]-- TIME:20090305-115617

[727](11:56:18)[1]-- TIME:20090305-115618

[728](11:56:19)[2]-- TIME:20090305-115619

[729](11:56:20)[3]-- TIME:20090305-115620

[730](11:56:21)[0]-- TIME:20090305-115621

[731](11:56:22)[1]-- TIME:20090305-115622

[732](11:56:23)[2]-- TIME:20090305-115623

[733](11:56:24)[3]-- TIME:20090305-115624

[734](11:56:25)[0]-- TIME:20090305-115625

[735](11:56:26)[1]-- TIME:20090305-115626

[736](11:56:27)[2]-- TIME:20090305-115627

[737](11:56:28)[3]-- TIME:20090305-115628

[738](11:56:29)[0]-- TIME:20090305-115629

[739](11:56:30)[1]-- TIME:20090305-115630

[740](11:56:31)[2]-- TIME:20090305-115631

[741](11:56:32)[3]-- TIME:20090305-115632

[742](11:56:33)[0]-- TIME:20090305-115633

[743](11:56:34)[1]-- TIME:20090305-115634

[744](11:56:35)[2]-- TIME:20090305-115635

[745](11:56:36)[3]-- TIME:20090305-115636

[746](11:56:37)[0]-- TIME:20090305-115637

[747](11:56:38)[1]-- TIME:20090305-115638

[748](11:56:39)[2]-- TIME:20090305-115639

[749](11:56:40)[3]-- TIME:20090305-115640

[750](11:56:41)[0]-- TIME:20090305-115641

[751](11:56:42)[1]-- TIME:20090305-115642

[752](11:56:43)[2]-- TIME:20090305-115643

[753](11:56:44)[3]-- TIME:20090305-115644

[754](11:56:45)[0]-- TIME:20090305-115645

[755](11:56:46)[1]-- TIME:20090305-115646

[756](11:56:47)[2]-- TIME:20090305-115647

[757](11:56:48)[3]-- TIME:20090305-115648

[758](11:56:49)[0]-- TIME:20090305-115649

[759](11:56:50)[1]-- TIME:20090305-115650

[760](11:56:51)[2]-- TIME:20090305-115651

[761](11:56:52)[3]-- TIME:20090305-115652

[762](11:56:53)[0]-- TIME:20090305-115653

[763](11:56:54)[1]-- TIME:20090305-115654

[764](11:56:55)[2]-- TIME:20090305-115655

[765](11:56:56)[3]-- TIME:20090305-115656

[766](11:56:57)[0]-- TIME:20090305-115657

[767](11:56:58)[1]-- TIME:20090305-115658

[768](11:56:59)[2]-- TIME:20090305-115659

[769](11:57:00)[3]-- TIME:20090305-115700

[770](11:57:01)[0]-- TIME:20090305-115701

[771](11:57:02)[1]-- TIME:20090305-115702

[772](11:57:03)[2]-- TIME:20090305-115703

[773](11:57:04)[3]-- TIME:20090305-115704

[774](11:57:05)[0]-- TIME:20090305-115705

[775](11:57:06)[1]-- TIME:20090305-115706

[776](11:57:07)[2]-- TIME:20090305-115707

[777](11:57:08)[3]-- TIME:20090305-115708

[778](11:57:09)[0]-- TIME:20090305-115709

[779](11:57:10)[1]-- TIME:20090305-115710

[780](11:57:11)[2]-- TIME:20090305-115711

[781](11:57:12)[3]-- TIME:20090305-115712

[782](11:57:13)[0]-- TIME:20090305-115713

[783](11:57:14)[1]-- TIME:20090305-115714

[784](11:57:15)[2]-- TIME:20090305-115715

[785](11:57:16)[3]-- TIME:20090305-115716

[786](11:57:17)[0]-- TIME:20090305-115717

[787](11:57:18)[1]-- TIME:20090305-115718

[788](11:57:19)[2]-- TIME:20090305-115719

[789](11:57:20)[3]-- TIME:20090305-115720

[790](11:57:21)[0]-- TIME:20090305-115721

[791](11:57:22)[1]-- TIME:20090305-115722

[792](11:57:23)[2]-- TIME:20090305-115723

[793](11:57:24)[3]-- TIME:20090305-115724

[794](11:57:25)[0]-- TIME:20090305-115725

[795](11:57:26)[1]-- TIME:20090305-115726

[796](11:57:27)[2]-- TIME:20090305-115727

[797](11:57:28)[3]-- TIME:20090305-115728

[798](11:57:29)[0]-- TIME:20090305-115729

[799](11:57:30)[1]-- TIME:20090305-115730

[800](11:57:31)[2]-- TIME:20090305-115731

[801](11:57:32)[3]-- TIME:20090305-115732

[802](11:57:33)[0]-- TIME:20090305-115733

[803](11:57:34)[1]-- TIME:20090305-115734

[804](11:57:35)[2]-- TIME:20090305-115735

[805](11:57:36)[3]-- TIME:20090305-115736

[806](11:57:37)[0]-- TIME:20090305-115737

[807](11:57:38)[1]-- TIME:20090305-115738

[808](11:57:39)[2]-- TIME:20090305-115739

[809](11:57:40)[3]-- TIME:20090305-115740

[810](11:57:41)[0]-- TIME:20090305-115741

[811](11:57:42)[1]-- TIME:20090305-115742

[812](11:57:43)[2]-- TIME:20090305-115743

[813](11:57:44)[3]-- TIME:20090305-115744

[814](11:57:45)[0]-- TIME:20090305-115745

[815](11:57:46)[1]-- TIME:20090305-115746

[816](11:57:47)[2]-- TIME:20090305-115747

[817](11:57:48)[3]-- TIME:20090305-115748

[818](11:57:49)[0]-- TIME:20090305-115749

[819](11:57:50)[1]-- TIME:20090305-115750

[820](11:57:51)[2]-- TIME:20090305-115751

[821](11:57:52)[3]-- TIME:20090305-115752

[822](11:57:53)[0]-- TIME:20090305-115753

[823](11:57:54)[1]-- TIME:20090305-115754

[824](11:57:55)[2]-- TIME:20090305-115755

[825](11:57:56)[3]-- TIME:20090305-115756

[826](11:57:57)[0]-- TIME:20090305-115757

[827](11:57:58)[1]-- TIME:20090305-115758

[828](11:57:59)[2]-- TIME:20090305-115759

[829](11:58:00)[3]-- TIME:20090305-115800

[830](11:58:01)[0]-- TIME:20090305-115801

[831](11:58:02)[1]-- TIME:20090305-115802

[832](11:58:03)[2]-- TIME:20090305-115803

[833](11:58:04)[3]-- TIME:20090305-115804

[834](11:58:05)[0]-- TIME:20090305-115805

[835](11:58:06)[1]-- TIME:20090305-115806

[836](11:58:07)[2]-- TIME:20090305-115807

[837](11:58:08)[3]-- TIME:20090305-115808

[838](11:58:09)[0]-- TIME:20090305-115809

[839](11:58:10)[1]-- TIME:20090305-115810

[840](11:58:11)[2]-- TIME:20090305-115811

[841](11:58:12)[3]-- TIME:20090305-115812

[842](11:58:13)[0]-- TIME:20090305-115813

[843](11:58:14)[1]-- TIME:20090305-115814

[844](11:58:15)[2]-- TIME:20090305-115815

[845](11:58:16)[3]-- TIME:20090305-115816

[846](11:58:17)[0]-- TIME:20090305-115817

[847](11:58:18)[1]-- TIME:20090305-115818

[848](11:58:19)[2]-- TIME:20090305-115819

[849](11:58:20)[3]-- TIME:20090305-115820

[850](11:58:21)[0]-- TIME:20090305-115821

[851](11:58:22)[1]-- TIME:20090305-115822

[852](11:58:23)[2]-- TIME:20090305-115823

[853](11:58:24)[3]-- TIME:20090305-115824

[854](11:58:25)[0]-- TIME:20090305-115825

[855](11:58:26)[1]-- TIME:20090305-115826

[856](11:58:27)[2]-- TIME:20090305-115827

[857](11:58:28)[3]-- TIME:20090305-115828

[858](11:58:29)[0]-- TIME:20090305-115829

[859](11:58:30)[1]-- TIME:20090305-115830

[860](11:58:31)[2]-- TIME:20090305-115831

[861](11:58:32)[3]-- TIME:20090305-115832

[862](11:58:33)[0]-- TIME:20090305-115833

[863](11:58:34)[1]-- TIME:20090305-115834

[864](11:58:35)[2]-- TIME:20090305-115835

[865](11:58:36)[3]-- TIME:20090305-115836

[866](11:58:37)[0]-- TIME:20090305-115837

[867](11:58:38)[1]-- TIME:20090305-115838

[868](11:58:39)[2]-- TIME:20090305-115839

[869](11:58:40)[3]-- TIME:20090305-115840

[870](11:58:41)[0]-- TIME:20090305-115841

[871](11:58:42)[1]-- TIME:20090305-115842

[872](11:58:43)[2]-- TIME:20090305-115843

[873](11:58:44)[3]-- TIME:20090305-115844

[874](11:58:45)[0]-- TIME:20090305-115845

[875](11:58:46)[1]-- TIME:20090305-115846

[876](11:58:47)[2]-- TIME:20090305-115847

[877](11:58:48)[3]-- TIME:20090305-115848

[878](11:58:49)[0]-- TIME:20090305-115849

[879](11:58:50)[1]-- TIME:20090305-115850

[880](11:58:51)[2]-- TIME:20090305-115851

[881](11:58:52)[3]-- TIME:20090305-115852

[882](11:58:53)[0]-- TIME:20090305-115853

[883](11:58:54)[1]-- TIME:20090305-115854

[884](11:58:55)[2]-- TIME:20090305-115855

[885](11:58:56)[3]-- TIME:20090305-115856

[886](11:58:57)[0]-- TIME:20090305-115857

[887](11:58:58)[1]-- TIME:20090305-115858

[888](11:58:59)[2]-- TIME:20090305-115859

[889](11:59:00)[3]-- TIME:20090305-115900

[890](11:59:01)[0]-- TIME:20090305-115901

[891](11:59:02)[1]-- TIME:20090305-115902

[892](11:59:03)[2]-- TIME:20090305-115903

[893](11:59:04)[3]-- TIME:20090305-115904

[894](11:59:05)[0]-- TIME:20090305-115905

[895](11:59:06)[1]-- TIME:20090305-115906

[896](11:59:07)[2]-- TIME:20090305-115907

[897](11:59:08)[3]-- TIME:20090305-115908

[898](11:59:09)[0]-- TIME:20090305-115909

[899](11:59:10)[1]-- TIME:20090305-115910

[900](11:59:11)[2]-- TIME:20090305-115911

[901](11:59:12)[3]-- TIME:20090305-115912

[902](11:59:13)[0]-- TIME:20090305-115913

[903](11:59:14)[1]-- TIME:20090305-115914

[904](11:59:15)[2]-- TIME:20090305-115915

[905](11:59:16)[3]-- TIME:20090305-115916

[906](11:59:17)[0]-- TIME:20090305-115917

[907](11:59:18)[1]-- TIME:20090305-115918

[908](11:59:19)[2]-- TIME:20090305-115919

[909](11:59:20)[3]-- TIME:20090305-115920

[910](11:59:21)[0]-- TIME:20090305-115921

[911](11:59:22)[1]-- TIME:20090305-115922

[912](11:59:23)[2]-- TIME:20090305-115923

[913](11:59:24)[3]-- TIME:20090305-115924

[914](11:59:25)[0]-- TIME:20090305-115925

[915](11:59:26)[1]-- TIME:20090305-115926

[916](11:59:27)[2]-- TIME:20090305-115927

[917](11:59:28)[3]-- TIME:20090305-115928

[918](11:59:29)[0]-- TIME:20090305-115929

[919](11:59:30)[1]-- TIME:20090305-115930

[920](11:59:31)[2]-- TIME:20090305-115931

[921](11:59:32)[3]-- TIME:20090305-115932

[922](11:59:33)[0]-- TIME:20090305-115933

[923](11:59:34)[1]-- TIME:20090305-115934

[924](11:59:35)[2]-- TIME:20090305-115935

[925](11:59:36)[3]-- TIME:20090305-115936

[926](11:59:37)[0]-- TIME:20090305-115937

[927](11:59:38)[1]-- TIME:20090305-115938

[928](11:59:39)[2]-- TIME:20090305-115939

[929](11:59:40)[3]-- TIME:20090305-115940

[930](11:59:41)[0]-- TIME:20090305-115941

[931](11:59:42)[1]-- TIME:20090305-115942

[932](11:59:43)[2]-- TIME:20090305-115943

[933](11:59:44)[3]-- TIME:20090305-115944

[934](11:59:45)[0]-- TIME:20090305-115945

[935](11:59:46)[1]-- TIME:20090305-115946

[936](11:59:47)[2]-- TIME:20090305-115947

[937](11:59:48)[3]-- TIME:20090305-115948

[938](11:59:49)[0]-- TIME:20090305-115949

[939](11:59:50)[1]-- TIME:20090305-115950

[940](11:59:51)[2]-- TIME:20090305-115951

[941](11:59:52)[3]-- TIME:20090305-115952

[942](11:59:53)[0]-- TIME:20090305-115953

[943](11:59:54)[1]-- TIME:20090305-115954

[944](11:59:55)[2]-- TIME:20090305-115955

[945](11:59:56)[3]-- TIME:20090305-115956

[946](11:59:57)[0]-- TIME:20090305-115957

[947](11:59:58)[1]-- TIME:20090305-115958

[948](11:59:59)[2]-- TIME:20090305-115959

[949](12:00:00)[3]-- TIME:20090305-120000

[950](12:00:01)[0]-- TIME:20090305-120001

[951](12:00:02)[1]-- TIME:20090305-120002

[952](12:00:03)[2]-- TIME:20090305-120003

[953](12:00:04)[3]-- TIME:20090305-120004

[954](12:00:05)[0]-- TIME:20090305-120005

[955](12:00:06)[1]-- TIME:20090305-120006

[956](12:00:07)[2]-- TIME:20090305-120007

[957](12:00:08)[3]-- TIME:20090305-120008

[958](12:00:09)[0]-- TIME:20090305-120009

[959](12:00:10)[1]-- TIME:20090305-120010

[960](12:00:11)[2]-- TIME:20090305-120011

[961](12:00:12)[3]-- TIME:20090305-120012

[962](12:00:13)[0]-- TIME:20090305-120013

[963](12:00:14)[1]-- TIME:20090305-120014

[964](12:00:15)[2]-- TIME:20090305-120015

[965](12:00:16)[3]-- TIME:20090305-120016

[966](12:00:17)[0]-- TIME:20090305-120017

[967](12:00:18)[1]-- TIME:20090305-120018

[968](12:00:19)[2]-- TIME:20090305-120019

[969](12:00:20)[3]-- TIME:20090305-120020

[970](12:00:21)[0]-- TIME:20090305-120021

[971](12:00:22)[1]-- TIME:20090305-120022

[972](12:00:23)[2]-- TIME:20090305-120023

[973](12:00:24)[3]-- TIME:20090305-120024

[974](12:00:25)[0]-- TIME:20090305-120025

[975](12:00:26)[1]-- TIME:20090305-120026

[976](12:00:27)[2]-- TIME:20090305-120027

[977](12:00:28)[3]-- TIME:20090305-120028

[978](12:00:29)[0]-- TIME:20090305-120029

[979](12:00:30)[1]-- TIME:20090305-120030

[980](12:00:31)[2]-- TIME:20090305-120031

[981](12:00:32)[3]-- TIME:20090305-120032

[982](12:00:33)[0]-- TIME:20090305-120033

[983](12:00:34)[1]-- TIME:20090305-120034

[984](12:00:35)[2]-- TIME:20090305-120035

[985](12:00:36)[3]-- TIME:20090305-120036

[986](12:00:37)[0]-- TIME:20090305-120037

[987](12:00:38)[1]-- TIME:20090305-120038

[988](12:00:39)[2]-- TIME:20090305-120039

[989](12:00:40)[3]-- TIME:20090305-120040

[990](12:00:41)[0]-- TIME:20090305-120041

[991](12:00:42)[1]-- TIME:20090305-120042

[992](12:00:43)[2]-- TIME:20090305-120043

[993](12:00:44)[3]-- TIME:20090305-120044

[994](12:00:45)[0]-- TIME:20090305-120045

[995](12:00:46)[1]-- TIME:20090305-120046

[996](12:00:47)[2]-- TIME:20090305-120047

[997](12:00:48)[3]-- TIME:20090305-120048

[998](12:00:49)[0]-- TIME:20090305-120049

[999](12:00:50)[1]-- TIME:20090305-120050

[1000](12:00:51)[2]-- TIME:20090305-120051
