
[0](22:16:36)======== MONITA APP STARTING ===========
[1](22:16:36)Load file konfigurasi
[2](22:16:36)Baca konfig
[3](22:16:36)Baca konfig: OK
[4](22:16:40)Mulai logging data
[5](22:16:41)[0]-- TIME:20090304-221641

[6](22:16:42)[1]-- TIME:20090304-221642

[7](22:16:43)[2]-- TIME:20090304-221643

[8](22:16:44)[3]-- TIME:20090304-221644

[9](22:16:45)[0]-- TIME:20090304-221645

[10](22:16:46)[1]-- TIME:20090304-221646

[11](22:16:47)[2]-- TIME:20090304-221647

[12](22:16:48)[3]-- TIME:20090304-221648

[13](22:16:49)[0]-- TIME:20090304-221649

[14](22:16:50)[1]-- TIME:20090304-221650

[15](22:16:51)[2]-- TIME:20090304-221651

[16](22:16:52)[3]-- TIME:20090304-221652

[17](22:16:53)[0]-- TIME:20090304-221653

[18](22:16:54)[1]-- TIME:20090304-221654

[19](22:16:55)[2]-- TIME:20090304-221655

[20](22:16:56)[3]-- TIME:20090304-221656

[21](22:16:57)[0]-- TIME:20090304-221657

[22](22:16:58)[1]-- TIME:20090304-221658

[23](22:16:59)[2]-- TIME:20090304-221659

[24](22:17:00)[3]-- TIME:20090304-221700

[25](22:17:01)[0]-- TIME:20090304-221701

[26](22:17:02)[1]-- TIME:20090304-221702

[27](22:17:03)[2]-- TIME:20090304-221703

[28](22:17:04)[3]-- TIME:20090304-221704

[29](22:17:05)[0]-- TIME:20090304-221705

[30](22:17:06)[1]-- TIME:20090304-221706

[31](22:17:07)[2]-- TIME:20090304-221707

[32](22:17:08)[3]-- TIME:20090304-221708

[33](22:17:09)[0]-- TIME:20090304-221709

[34](22:17:10)[1]-- TIME:20090304-221710

[35](22:17:11)[2]-- TIME:20090304-221711

[36](22:17:12)[3]-- TIME:20090304-221712

[37](22:17:13)[0]-- TIME:20090304-221713

[38](22:17:14)[1]-- TIME:20090304-221714

[39](22:17:15)[2]-- TIME:20090304-221715

[40](22:17:16)[3]-- TIME:20090304-221716

[41](22:17:17)[0]-- TIME:20090304-221717

[42](22:17:18)[1]-- TIME:20090304-221718

[43](22:17:19)[2]-- TIME:20090304-221719

[44](22:17:20)[3]-- TIME:20090304-221720

[45](22:17:21)[0]-- TIME:20090304-221721

[46](22:17:22)[1]-- TIME:20090304-221722

[47](22:17:23)[2]-- TIME:20090304-221723

[48](22:17:24)[3]-- TIME:20090304-221724

[49](22:17:25)[0]-- TIME:20090304-221725

[50](22:17:26)[1]-- TIME:20090304-221726

[51](22:17:27)[2]-- TIME:20090304-221727

[52](22:17:28)[3]-- TIME:20090304-221728

[53](22:17:29)[0]-- TIME:20090304-221729

[54](22:17:30)[1]-- TIME:20090304-221730

[55](22:17:31)[2]-- TIME:20090304-221731

[56](22:17:32)[3]-- TIME:20090304-221732

[57](22:17:33)[0]-- TIME:20090304-221733

[58](22:17:34)[1]-- TIME:20090304-221734

[59](22:17:35)[2]-- TIME:20090304-221735

[60](22:17:36)[3]-- TIME:20090304-221736

[61](22:17:37)[0]-- TIME:20090304-221737

[62](22:17:38)[1]-- TIME:20090304-221738

[63](22:17:39)[2]-- TIME:20090304-221739

[64](22:17:40)[3]-- TIME:20090304-221740

[65](22:17:41)[0]-- TIME:20090304-221741

[66](22:17:42)[1]-- TIME:20090304-221742

[67](22:17:43)[2]-- TIME:20090304-221743

[68](22:17:44)[3]-- TIME:20090304-221744

[69](22:17:45)[0]-- TIME:20090304-221745

[70](22:17:46)[1]-- TIME:20090304-221746

[71](22:17:47)[2]-- TIME:20090304-221747

[72](22:17:48)[3]-- TIME:20090304-221748

[73](22:17:49)[0]-- TIME:20090304-221749

[74](22:17:50)[1]-- TIME:20090304-221750

[75](22:17:51)[2]-- TIME:20090304-221751

[76](22:17:52)[3]-- TIME:20090304-221752

[77](22:17:53)[0]-- TIME:20090304-221753

[78](22:17:54)[1]-- TIME:20090304-221754

[79](22:17:55)[2]-- TIME:20090304-221755

[80](22:17:56)[3]-- TIME:20090304-221756

[81](22:17:57)[0]-- TIME:20090304-221757

[82](22:17:58)[1]-- TIME:20090304-221758

[83](22:17:59)[2]-- TIME:20090304-221759

[84](22:18:00)[3]-- TIME:20090304-221800

[85](22:18:01)[0]-- TIME:20090304-221801

[86](22:18:02)[1]-- TIME:20090304-221802

[87](22:18:03)[2]-- TIME:20090304-221803

[88](22:18:04)[3]-- TIME:20090304-221804

[89](22:18:05)[0]-- TIME:20090304-221805

[90](22:18:06)[1]-- TIME:20090304-221806

[91](22:18:07)[2]-- TIME:20090304-221807

[92](22:18:08)[3]-- TIME:20090304-221808

[93](22:18:09)[0]-- TIME:20090304-221809

[94](22:18:10)[1]-- TIME:20090304-221810

[95](22:18:11)[2]-- TIME:20090304-221811

[96](22:18:12)[3]-- TIME:20090304-221812

[97](22:18:13)[0]-- TIME:20090304-221813

[98](22:18:14)[1]-- TIME:20090304-221814

[99](22:18:15)[2]-- TIME:20090304-221815

[100](22:18:16)[3]-- TIME:20090304-221816

[101](22:18:17)[0]-- TIME:20090304-221817

[102](22:18:18)[1]-- TIME:20090304-221818

[103](22:18:19)[2]-- TIME:20090304-221819

[104](22:18:20)[3]-- TIME:20090304-221820

[105](22:18:21)[0]-- TIME:20090304-221821

[106](22:18:22)[1]-- TIME:20090304-221822

[107](22:18:23)[2]-- TIME:20090304-221823

[108](22:18:24)[3]-- TIME:20090304-221824

[109](22:18:25)[0]-- TIME:20090304-221825

[110](22:18:26)[1]-- TIME:20090304-221826

[111](22:18:27)[2]-- TIME:20090304-221827

[112](22:18:28)[3]-- TIME:20090304-221828

[113](22:18:29)[0]-- TIME:20090304-221829

[114](22:18:30)[1]-- TIME:20090304-221830

[115](22:18:31)[2]-- TIME:20090304-221831

[116](22:18:32)[3]-- TIME:20090304-221832

[117](22:18:33)[0]-- TIME:20090304-221833

[118](22:18:34)[1]-- TIME:20090304-221834

[119](22:18:35)[2]-- TIME:20090304-221835

[120](22:18:36)[3]-- TIME:20090304-221836

[121](22:18:37)[0]-- TIME:20090304-221837

[122](22:18:38)[1]-- TIME:20090304-221838

[123](22:18:39)[2]-- TIME:20090304-221839

[124](22:18:40)[3]-- TIME:20090304-221840

[125](22:18:41)[0]-- TIME:20090304-221841

[126](22:18:42)[1]-- TIME:20090304-221842

[127](22:18:43)[2]-- TIME:20090304-221843

[128](22:18:44)[3]-- TIME:20090304-221844

[129](22:18:45)[0]-- TIME:20090304-221845

[130](22:18:46)[1]-- TIME:20090304-221846

[131](22:18:47)[2]-- TIME:20090304-221847

[132](22:18:48)[3]-- TIME:20090304-221848

[133](22:18:49)[0]-- TIME:20090304-221849

[134](22:18:50)[1]-- TIME:20090304-221850

[135](22:18:51)[2]-- TIME:20090304-221851

[136](22:18:52)[3]-- TIME:20090304-221852

[137](22:18:53)[0]-- TIME:20090304-221853

[138](22:18:54)[1]-- TIME:20090304-221854

[139](22:18:55)[2]-- TIME:20090304-221855

[140](22:18:56)[3]-- TIME:20090304-221856

[141](22:18:57)[0]-- TIME:20090304-221857

[142](22:18:58)[1]-- TIME:20090304-221858

[143](22:18:59)[2]-- TIME:20090304-221859

[144](22:19:00)[3]-- TIME:20090304-221900

[145](22:19:01)[0]-- TIME:20090304-221901

[146](22:19:02)[1]-- TIME:20090304-221902

[147](22:19:03)[2]-- TIME:20090304-221903

[148](22:19:04)[3]-- TIME:20090304-221904

[149](22:19:05)[0]-- TIME:20090304-221905

[150](22:19:06)[1]-- TIME:20090304-221906

[151](22:19:07)[2]-- TIME:20090304-221907

[152](22:19:08)[3]-- TIME:20090304-221908

[153](22:19:09)[0]-- TIME:20090304-221909

[154](22:19:10)[1]-- TIME:20090304-221910

[155](22:19:11)[2]-- TIME:20090304-221911

[156](22:19:12)[3]-- TIME:20090304-221912

[157](22:19:13)[0]-- TIME:20090304-221913

[158](22:19:14)[1]-- TIME:20090304-221914

[159](22:19:15)[2]-- TIME:20090304-221915

[160](22:19:16)[3]-- TIME:20090304-221916

[161](22:19:17)[0]-- TIME:20090304-221917

[162](22:19:18)[1]-- TIME:20090304-221918

[163](22:19:19)[2]-- TIME:20090304-221919

[164](22:19:20)[3]-- TIME:20090304-221920

[165](22:19:21)[0]-- TIME:20090304-221921

[166](22:19:22)[1]-- TIME:20090304-221922

[167](22:19:23)[2]-- TIME:20090304-221923

[168](22:19:24)[3]-- TIME:20090304-221924

[169](22:19:25)[0]-- TIME:20090304-221925

[170](22:19:26)[1]-- TIME:20090304-221926

[171](22:19:27)[2]-- TIME:20090304-221927

[172](22:19:28)[3]-- TIME:20090304-221928

[173](22:19:29)[0]-- TIME:20090304-221929

[174](22:19:30)[1]-- TIME:20090304-221930

[175](22:19:31)[2]-- TIME:20090304-221931

[176](22:19:32)[3]-- TIME:20090304-221932

[177](22:19:33)[0]-- TIME:20090304-221933

[178](22:19:34)[1]-- TIME:20090304-221934

[179](22:19:35)[2]-- TIME:20090304-221935

[180](22:19:36)[3]-- TIME:20090304-221936

[181](22:19:37)[0]-- TIME:20090304-221937

[182](22:19:38)[1]-- TIME:20090304-221938

[183](22:19:39)[2]-- TIME:20090304-221939

[184](22:19:40)[3]-- TIME:20090304-221940

[185](22:19:41)[0]-- TIME:20090304-221941

[186](22:19:42)[1]-- TIME:20090304-221942

[187](22:19:43)[2]-- TIME:20090304-221943

[188](22:19:44)[3]-- TIME:20090304-221944

[189](22:19:45)[0]-- TIME:20090304-221945

[190](22:19:46)[1]-- TIME:20090304-221946

[191](22:19:47)[2]-- TIME:20090304-221947

[192](22:19:48)[3]-- TIME:20090304-221948

[193](22:19:49)[0]-- TIME:20090304-221949

[194](22:19:50)[1]-- TIME:20090304-221950

[195](22:19:51)[2]-- TIME:20090304-221951

[196](22:19:52)[3]-- TIME:20090304-221952

[197](22:19:53)[0]-- TIME:20090304-221953

[198](22:19:54)[1]-- TIME:20090304-221954

[199](22:19:55)[2]-- TIME:20090304-221955

[200](22:19:56)[3]-- TIME:20090304-221956

[201](22:19:57)[0]-- TIME:20090304-221957

[202](22:19:58)[1]-- TIME:20090304-221958

[203](22:19:59)[2]-- TIME:20090304-221959

[204](22:20:00)[3]-- TIME:20090304-222000

[205](22:20:01)[0]-- TIME:20090304-222001

[206](22:20:02)[1]-- TIME:20090304-222002

[207](22:20:03)[2]-- TIME:20090304-222003

[208](22:20:04)[3]-- TIME:20090304-222004

[209](22:20:05)[0]-- TIME:20090304-222005

[210](22:20:06)[1]-- TIME:20090304-222006

[211](22:20:07)[2]-- TIME:20090304-222007

[212](22:20:08)[3]-- TIME:20090304-222008

[213](22:20:09)[0]-- TIME:20090304-222009

[214](22:20:10)[1]-- TIME:20090304-222010

[215](22:20:11)[2]-- TIME:20090304-222011

[216](22:20:12)[3]-- TIME:20090304-222012

[217](22:20:13)[0]-- TIME:20090304-222013

[218](22:20:14)[1]-- TIME:20090304-222014

[219](22:20:15)[2]-- TIME:20090304-222015

[220](22:20:16)[3]-- TIME:20090304-222016

[221](22:20:17)[0]-- TIME:20090304-222017

[222](22:20:18)[1]-- TIME:20090304-222018

[223](22:20:19)[2]-- TIME:20090304-222019

[224](22:20:20)[3]-- TIME:20090304-222020

[225](22:20:21)[0]-- TIME:20090304-222021

[226](22:20:22)[1]-- TIME:20090304-222022

[227](22:20:23)[2]-- TIME:20090304-222023

[228](22:20:24)[3]-- TIME:20090304-222024

[229](22:20:25)[0]-- TIME:20090304-222025

[230](22:20:26)[1]-- TIME:20090304-222026

[231](22:20:27)[2]-- TIME:20090304-222027

[232](22:20:28)[3]-- TIME:20090304-222028

[233](22:20:29)[0]-- TIME:20090304-222029

[234](22:20:30)[1]-- TIME:20090304-222030

[235](22:20:31)[2]-- TIME:20090304-222031

[236](22:20:32)[3]-- TIME:20090304-222032

[237](22:20:33)[0]-- TIME:20090304-222033

[238](22:20:34)[1]-- TIME:20090304-222034

[239](22:20:35)[2]-- TIME:20090304-222035

[240](22:20:36)[3]-- TIME:20090304-222036

[241](22:20:37)[0]-- TIME:20090304-222037

[242](22:20:38)[1]-- TIME:20090304-222038

[243](22:20:39)[2]-- TIME:20090304-222039

[244](22:20:40)[3]-- TIME:20090304-222040

[245](22:20:41)[0]-- TIME:20090304-222041

[246](22:20:42)[1]-- TIME:20090304-222042

[247](22:20:43)[2]-- TIME:20090304-222043

[248](22:20:44)[3]-- TIME:20090304-222044

[249](22:20:45)[0]-- TIME:20090304-222045

[250](22:20:46)[1]-- TIME:20090304-222046

[251](22:20:47)[2]-- TIME:20090304-222047

[252](22:20:48)[3]-- TIME:20090304-222048

[253](22:20:49)[0]-- TIME:20090304-222049

[254](22:20:50)[1]-- TIME:20090304-222050

[255](22:20:51)[2]-- TIME:20090304-222051

[256](22:20:52)[3]-- TIME:20090304-222052

[257](22:20:53)[0]-- TIME:20090304-222053

[258](22:20:54)[1]-- TIME:20090304-222054

[259](22:20:55)[2]-- TIME:20090304-222055

[260](22:20:56)[3]-- TIME:20090304-222056

[261](22:20:57)[0]-- TIME:20090304-222057

[262](22:20:58)[1]-- TIME:20090304-222058

[263](22:20:59)[2]-- TIME:20090304-222059

[264](22:21:00)[3]-- TIME:20090304-222100

[265](22:21:01)[0]-- TIME:20090304-222101

[266](22:21:02)[1]-- TIME:20090304-222102

[267](22:21:03)[2]-- TIME:20090304-222103

[268](22:21:04)[3]-- TIME:20090304-222104

[269](22:21:05)[0]-- TIME:20090304-222105

[270](22:21:06)[1]-- TIME:20090304-222106

[271](22:21:07)[2]-- TIME:20090304-222107

[272](22:21:08)[3]-- TIME:20090304-222108

[273](22:21:09)[0]-- TIME:20090304-222109

[274](22:21:10)[1]-- TIME:20090304-222110

[275](22:21:11)[2]-- TIME:20090304-222111

[276](22:21:12)[3]-- TIME:20090304-222112

[277](22:21:13)[0]-- TIME:20090304-222113

[278](22:21:14)[1]-- TIME:20090304-222114

[279](22:21:15)[2]-- TIME:20090304-222115

[280](22:21:16)[3]-- TIME:20090304-222116

[281](22:21:17)[0]-- TIME:20090304-222117

[282](22:21:18)[1]-- TIME:20090304-222118

[283](22:21:19)[2]-- TIME:20090304-222119

[284](22:21:20)[3]-- TIME:20090304-222120

[285](22:21:21)[0]-- TIME:20090304-222121

[286](22:21:22)[1]-- TIME:20090304-222122

[287](22:21:23)[2]-- TIME:20090304-222123

[288](22:21:24)[3]-- TIME:20090304-222124

[289](22:21:25)[0]-- TIME:20090304-222125

[290](22:21:26)[1]-- TIME:20090304-222126

[291](22:21:27)[2]-- TIME:20090304-222127

[292](22:21:28)[3]-- TIME:20090304-222128

[293](22:21:29)[0]-- TIME:20090304-222129

[294](22:21:30)[1]-- TIME:20090304-222130

[295](22:21:31)[2]-- TIME:20090304-222131

[296](22:21:32)[3]-- TIME:20090304-222132

[297](22:21:33)[0]-- TIME:20090304-222133

[298](22:21:34)[1]-- TIME:20090304-222134

[299](22:21:35)[2]-- TIME:20090304-222135

[300](22:21:36)[3]-- TIME:20090304-222136

[301](22:21:37)[0]-- TIME:20090304-222137

[302](22:21:38)[1]-- TIME:20090304-222138

[303](22:21:39)[2]-- TIME:20090304-222139

[304](22:21:40)[3]-- TIME:20090304-222140

[305](22:21:41)[0]-- TIME:20090304-222141

[306](22:21:42)[1]-- TIME:20090304-222142

[307](22:21:43)[2]-- TIME:20090304-222143

[308](22:21:44)[3]-- TIME:20090304-222144

[309](22:21:45)[0]-- TIME:20090304-222145

[310](22:21:46)[1]-- TIME:20090304-222146

[311](22:21:47)[2]-- TIME:20090304-222147

[312](22:21:48)[3]-- TIME:20090304-222148

[313](22:21:49)[0]-- TIME:20090304-222149

[314](22:21:50)[1]-- TIME:20090304-222150

[315](22:21:51)[2]-- TIME:20090304-222151

[316](22:21:52)[3]-- TIME:20090304-222152

[317](22:21:53)[0]-- TIME:20090304-222153

[318](22:21:54)[1]-- TIME:20090304-222154

[319](22:21:55)[2]-- TIME:20090304-222155

[320](22:21:56)[3]-- TIME:20090304-222156

[321](22:21:57)[0]-- TIME:20090304-222157

[322](22:21:58)[1]-- TIME:20090304-222158

[323](22:21:59)[2]-- TIME:20090304-222159

[324](22:22:00)[3]-- TIME:20090304-222200

[325](22:22:01)[0]-- TIME:20090304-222201

[326](22:22:02)[1]-- TIME:20090304-222202

[327](22:22:03)[2]-- TIME:20090304-222203

[328](22:22:04)[3]-- TIME:20090304-222204

[329](22:22:05)[0]-- TIME:20090304-222205

[330](22:22:06)[1]-- TIME:20090304-222206

[331](22:22:07)[2]-- TIME:20090304-222207

[332](22:22:08)[3]-- TIME:20090304-222208

[333](22:22:09)[0]-- TIME:20090304-222209

[334](22:22:10)[1]-- TIME:20090304-222210

[335](22:22:11)[2]-- TIME:20090304-222211

[336](22:22:12)[3]-- TIME:20090304-222212

[337](22:22:13)[0]-- TIME:20090304-222213

[338](22:22:14)[1]-- TIME:20090304-222214

[339](22:22:15)[2]-- TIME:20090304-222215

[340](22:22:16)[3]-- TIME:20090304-222216

[341](22:22:17)[0]-- TIME:20090304-222217

[342](22:22:18)[1]-- TIME:20090304-222218

[343](22:22:19)[2]-- TIME:20090304-222219

[344](22:22:20)[3]-- TIME:20090304-222220

[345](22:22:21)[0]-- TIME:20090304-222221

[346](22:22:22)[1]-- TIME:20090304-222222

[347](22:22:23)[2]-- TIME:20090304-222223

[348](22:22:24)[3]-- TIME:20090304-222224

[349](22:22:25)[0]-- TIME:20090304-222225

[350](22:22:26)[1]-- TIME:20090304-222226

[351](22:22:27)[2]-- TIME:20090304-222227

[352](22:22:28)[3]-- TIME:20090304-222228

[353](22:22:29)[0]-- TIME:20090304-222229

[354](22:22:30)[1]-- TIME:20090304-222230

[355](22:22:31)[2]-- TIME:20090304-222231

[356](22:22:32)[3]-- TIME:20090304-222232

[357](22:22:33)[0]-- TIME:20090304-222233

[358](22:22:34)[1]-- TIME:20090304-222234

[359](22:22:35)[2]-- TIME:20090304-222235

[360](22:22:36)[3]-- TIME:20090304-222236

[361](22:22:37)[0]-- TIME:20090304-222237

[362](22:22:38)[1]-- TIME:20090304-222238

[363](22:22:39)[2]-- TIME:20090304-222239

[364](22:22:40)[3]-- TIME:20090304-222240

[365](22:22:41)[0]-- TIME:20090304-222241

[366](22:22:42)[1]-- TIME:20090304-222242

[367](22:22:43)[2]-- TIME:20090304-222243

[368](22:22:44)[3]-- TIME:20090304-222244

[369](22:22:45)[0]-- TIME:20090304-222245

[370](22:22:46)[1]-- TIME:20090304-222246

[371](22:22:47)[2]-- TIME:20090304-222247

[372](22:22:48)[3]-- TIME:20090304-222248

[373](22:22:49)[0]-- TIME:20090304-222249

[374](22:22:50)[1]-- TIME:20090304-222250

[375](22:22:51)[2]-- TIME:20090304-222251

[376](22:22:52)[3]-- TIME:20090304-222252

[377](22:22:53)[0]-- TIME:20090304-222253

[378](22:22:54)[1]-- TIME:20090304-222254

[379](22:22:55)[2]-- TIME:20090304-222255

[380](22:22:56)[3]-- TIME:20090304-222256

[381](22:22:57)[0]-- TIME:20090304-222257

[382](22:22:58)[1]-- TIME:20090304-222258

[383](22:22:59)[2]-- TIME:20090304-222259

[384](22:23:00)[3]-- TIME:20090304-222300

[385](22:23:01)[0]-- TIME:20090304-222301

[386](22:23:02)[1]-- TIME:20090304-222302

[387](22:23:03)[2]-- TIME:20090304-222303

[388](22:23:04)[3]-- TIME:20090304-222304

[389](22:23:05)[0]-- TIME:20090304-222305

[390](22:23:06)[1]-- TIME:20090304-222306

[391](22:23:07)[2]-- TIME:20090304-222307

[392](22:23:08)[3]-- TIME:20090304-222308

[393](22:23:09)[0]-- TIME:20090304-222309

[394](22:23:10)[1]-- TIME:20090304-222310

[395](22:23:11)[2]-- TIME:20090304-222311

[396](22:23:12)[3]-- TIME:20090304-222312

[397](22:23:13)[0]-- TIME:20090304-222313

[398](22:23:14)[1]-- TIME:20090304-222314

[399](22:23:15)[2]-- TIME:20090304-222315

[400](22:23:16)[3]-- TIME:20090304-222316

[401](22:23:17)[0]-- TIME:20090304-222317

[402](22:23:18)[1]-- TIME:20090304-222318

[403](22:23:19)[2]-- TIME:20090304-222319

[404](22:23:20)[3]-- TIME:20090304-222320

[405](22:23:21)[0]-- TIME:20090304-222321

[406](22:23:22)[1]-- TIME:20090304-222322

[407](22:23:23)[2]-- TIME:20090304-222323

[408](22:23:24)[3]-- TIME:20090304-222324

[409](22:23:25)[0]-- TIME:20090304-222325

[410](22:23:26)[1]-- TIME:20090304-222326

[411](22:23:27)[2]-- TIME:20090304-222327

[412](22:23:28)[3]-- TIME:20090304-222328

[413](22:23:29)[0]-- TIME:20090304-222329

[414](22:23:30)[1]-- TIME:20090304-222330

[415](22:23:31)[2]-- TIME:20090304-222331

[416](22:23:32)[3]-- TIME:20090304-222332

[417](22:23:33)[0]-- TIME:20090304-222333

[418](22:23:34)[1]-- TIME:20090304-222334

[419](22:23:35)[2]-- TIME:20090304-222335

[420](22:23:36)[3]-- TIME:20090304-222336

[421](22:23:37)[0]-- TIME:20090304-222337

[422](22:23:38)[1]-- TIME:20090304-222338

[423](22:23:39)[2]-- TIME:20090304-222339

[424](22:23:40)[3]-- TIME:20090304-222340

[425](22:23:41)[0]-- TIME:20090304-222341

[426](22:23:42)[1]-- TIME:20090304-222342

[427](22:23:43)[2]-- TIME:20090304-222343

[428](22:23:44)[3]-- TIME:20090304-222344

[429](22:23:45)[0]-- TIME:20090304-222345

[430](22:23:46)[1]-- TIME:20090304-222346

[431](22:23:47)[2]-- TIME:20090304-222347

[432](22:23:48)[3]-- TIME:20090304-222348

[433](22:23:49)[0]-- TIME:20090304-222349

[434](22:23:50)[1]-- TIME:20090304-222350

[435](22:23:51)[2]-- TIME:20090304-222351

[436](22:23:52)[3]-- TIME:20090304-222352

[437](22:23:53)[0]-- TIME:20090304-222353

[438](22:23:54)[1]-- TIME:20090304-222354

[439](22:23:55)[2]-- TIME:20090304-222355

[440](22:23:56)[3]-- TIME:20090304-222356

[441](22:23:57)[0]-- TIME:20090304-222357

[442](22:23:58)[1]-- TIME:20090304-222358

[443](22:23:59)[2]-- TIME:20090304-222359

[444](22:24:00)[3]-- TIME:20090304-222400

[445](22:24:01)[0]-- TIME:20090304-222401

[446](22:24:02)[1]-- TIME:20090304-222402

[447](22:24:03)[2]-- TIME:20090304-222403

[448](22:24:04)[3]-- TIME:20090304-222404

[449](22:24:05)[0]-- TIME:20090304-222405

[450](22:24:06)[1]-- TIME:20090304-222406

[451](22:24:07)[2]-- TIME:20090304-222407

[452](22:24:08)[3]-- TIME:20090304-222408

[453](22:24:09)[0]-- TIME:20090304-222409

[454](22:24:10)[1]-- TIME:20090304-222410

[455](22:24:11)[2]-- TIME:20090304-222411

[456](22:24:12)[3]-- TIME:20090304-222412

[457](22:24:13)[0]-- TIME:20090304-222413

[458](22:24:14)[1]-- TIME:20090304-222414

[459](22:24:15)[2]-- TIME:20090304-222415

[460](22:24:16)[3]-- TIME:20090304-222416

[461](22:24:17)[0]-- TIME:20090304-222417

[462](22:24:18)[1]-- TIME:20090304-222418

[463](22:24:19)[2]-- TIME:20090304-222419

[464](22:24:20)[3]-- TIME:20090304-222420

[465](22:24:21)[0]-- TIME:20090304-222421

[466](22:24:22)[1]-- TIME:20090304-222422

[467](22:24:23)[2]-- TIME:20090304-222423

[468](22:24:24)[3]-- TIME:20090304-222424

[469](22:24:25)[0]-- TIME:20090304-222425

[470](22:24:26)[1]-- TIME:20090304-222426

[471](22:24:27)[2]-- TIME:20090304-222427

[472](22:24:28)[3]-- TIME:20090304-222428

[473](22:24:29)[0]-- TIME:20090304-222429

[474](22:24:30)[1]-- TIME:20090304-222430

[475](22:24:31)[2]-- TIME:20090304-222431

[476](22:24:32)[3]-- TIME:20090304-222432

[477](22:24:33)[0]-- TIME:20090304-222433

[478](22:24:34)[1]-- TIME:20090304-222434

[479](22:24:35)[2]-- TIME:20090304-222435

[480](22:24:36)[3]-- TIME:20090304-222436

[481](22:24:37)[0]-- TIME:20090304-222437

[482](22:24:38)[1]-- TIME:20090304-222438

[483](22:24:39)[2]-- TIME:20090304-222439

[484](22:24:40)[3]-- TIME:20090304-222440

[485](22:24:41)[0]-- TIME:20090304-222441

[486](22:24:42)[1]-- TIME:20090304-222442

[487](22:24:43)[2]-- TIME:20090304-222443

[488](22:24:44)[3]-- TIME:20090304-222444

[489](22:24:45)[0]-- TIME:20090304-222445

[490](22:24:46)[1]-- TIME:20090304-222446

[491](22:24:47)[2]-- TIME:20090304-222447

[492](22:24:48)[3]-- TIME:20090304-222448

[493](22:24:49)[0]-- TIME:20090304-222449

[494](22:24:50)[1]-- TIME:20090304-222450

[495](22:24:51)[2]-- TIME:20090304-222451

[496](22:24:52)[3]-- TIME:20090304-222452

[497](22:24:53)[0]-- TIME:20090304-222453

[498](22:24:54)[1]-- TIME:20090304-222454

[499](22:24:55)[2]-- TIME:20090304-222455

[500](22:24:56)[3]-- TIME:20090304-222456

[501](22:24:57)[0]-- TIME:20090304-222457

[502](22:24:58)[1]-- TIME:20090304-222458

[503](22:24:59)[2]-- TIME:20090304-222459

[504](22:25:00)[3]-- TIME:20090304-222500

[505](22:25:01)[0]-- TIME:20090304-222501

[506](22:25:02)[1]-- TIME:20090304-222502

[507](22:25:03)[2]-- TIME:20090304-222503

[508](22:25:04)[3]-- TIME:20090304-222504

[509](22:25:05)[0]-- TIME:20090304-222505

[510](22:25:06)[1]-- TIME:20090304-222506

[511](22:25:07)[2]-- TIME:20090304-222507

[512](22:25:08)[3]-- TIME:20090304-222508

[513](22:25:09)[0]-- TIME:20090304-222509

[514](22:25:10)[1]-- TIME:20090304-222510

[515](22:25:11)[2]-- TIME:20090304-222511

[516](22:25:12)[3]-- TIME:20090304-222512

[517](22:25:13)[0]-- TIME:20090304-222513

[518](22:25:14)[1]-- TIME:20090304-222514

[519](22:25:15)[2]-- TIME:20090304-222515

[520](22:25:16)[3]-- TIME:20090304-222516

[521](22:25:17)[0]-- TIME:20090304-222517

[522](22:25:18)[1]-- TIME:20090304-222518

[523](22:25:19)[2]-- TIME:20090304-222519

[524](22:25:20)[3]-- TIME:20090304-222520

[525](22:25:21)[0]-- TIME:20090304-222521

[526](22:25:22)[1]-- TIME:20090304-222522

[527](22:25:23)[2]-- TIME:20090304-222523

[528](22:25:24)[3]-- TIME:20090304-222524

[529](22:25:25)[0]-- TIME:20090304-222525

[530](22:25:26)[1]-- TIME:20090304-222526

[531](22:25:27)[2]-- TIME:20090304-222527

[532](22:25:28)[3]-- TIME:20090304-222528

[533](22:25:29)[0]-- TIME:20090304-222529

[534](22:25:30)[1]-- TIME:20090304-222530

[535](22:25:31)[2]-- TIME:20090304-222531

[536](22:25:32)[3]-- TIME:20090304-222532

[537](22:25:33)[0]-- TIME:20090304-222533

[538](22:25:34)[1]-- TIME:20090304-222534

[539](22:25:35)[2]-- TIME:20090304-222535

[540](22:25:36)[3]-- TIME:20090304-222536

[541](22:25:37)[0]-- TIME:20090304-222537

[542](22:25:38)[1]-- TIME:20090304-222538

[543](22:25:39)[2]-- TIME:20090304-222539

[544](22:25:40)[3]-- TIME:20090304-222540

[545](22:25:41)[0]-- TIME:20090304-222541

[546](22:25:42)[1]-- TIME:20090304-222542

[547](22:25:43)[2]-- TIME:20090304-222543

[548](22:25:44)[3]-- TIME:20090304-222544

[549](22:25:45)[0]-- TIME:20090304-222545

[550](22:25:46)[1]-- TIME:20090304-222546

[551](22:25:47)[2]-- TIME:20090304-222547

[552](22:25:48)[3]-- TIME:20090304-222548

[553](22:25:49)[0]-- TIME:20090304-222549

[554](22:25:50)[1]-- TIME:20090304-222550

[555](22:25:51)[2]-- TIME:20090304-222551

[556](22:25:52)[3]-- TIME:20090304-222552

[557](22:25:53)[0]-- TIME:20090304-222553

[558](22:25:54)[1]-- TIME:20090304-222554

[559](22:25:55)[2]-- TIME:20090304-222555

[560](22:25:56)[3]-- TIME:20090304-222556

[561](22:25:57)[0]-- TIME:20090304-222557

[562](22:25:58)[1]-- TIME:20090304-222558

[563](22:25:59)[2]-- TIME:20090304-222559

[564](22:26:00)[3]-- TIME:20090304-222600

[565](22:26:01)[0]-- TIME:20090304-222601

[566](22:26:02)[1]-- TIME:20090304-222602

[567](22:26:03)[2]-- TIME:20090304-222603

[568](22:26:04)[3]-- TIME:20090304-222604

[569](22:26:05)[0]-- TIME:20090304-222605

[570](22:26:06)[1]-- TIME:20090304-222606

[571](22:26:07)[2]-- TIME:20090304-222607

[572](22:26:08)[3]-- TIME:20090304-222608

[573](22:26:09)[0]-- TIME:20090304-222609

[574](22:26:10)[1]-- TIME:20090304-222610

[575](22:26:11)[2]-- TIME:20090304-222611

[576](22:26:12)[3]-- TIME:20090304-222612

[577](22:26:13)[0]-- TIME:20090304-222613

[578](22:26:14)[1]-- TIME:20090304-222614

[579](22:26:15)[2]-- TIME:20090304-222615

[580](22:26:16)[3]-- TIME:20090304-222616

[581](22:26:17)[0]-- TIME:20090304-222617

[582](22:26:18)[1]-- TIME:20090304-222618

[583](22:26:19)[2]-- TIME:20090304-222619

[584](22:26:20)[3]-- TIME:20090304-222620

[585](22:26:21)[0]-- TIME:20090304-222621

[586](22:26:22)[1]-- TIME:20090304-222622

[587](22:26:23)[2]-- TIME:20090304-222623

[588](22:26:24)[3]-- TIME:20090304-222624

[589](22:26:25)[0]-- TIME:20090304-222625

[590](22:26:26)[1]-- TIME:20090304-222626

[591](22:26:27)[2]-- TIME:20090304-222627

[592](22:26:28)[3]-- TIME:20090304-222628

[593](22:26:29)[0]-- TIME:20090304-222629

[594](22:26:30)[1]-- TIME:20090304-222630

[595](22:26:31)[2]-- TIME:20090304-222631

[596](22:26:32)[3]-- TIME:20090304-222632

[597](22:26:33)[0]-- TIME:20090304-222633

[598](22:26:34)[1]-- TIME:20090304-222634

[599](22:26:35)[2]-- TIME:20090304-222635

[600](22:26:36)[3]-- TIME:20090304-222636

[601](22:26:37)[0]-- TIME:20090304-222637

[602](22:26:38)[1]-- TIME:20090304-222638

[603](22:26:39)[2]-- TIME:20090304-222639

[604](22:26:40)[3]-- TIME:20090304-222640

[605](22:26:41)[0]-- TIME:20090304-222641

[606](22:26:42)[1]-- TIME:20090304-222642

[607](22:26:43)[2]-- TIME:20090304-222643

[608](22:26:44)[3]-- TIME:20090304-222644

[609](22:26:45)[0]-- TIME:20090304-222645

[610](22:26:46)[1]-- TIME:20090304-222646

[611](22:26:47)[2]-- TIME:20090304-222647

[612](22:26:48)[3]-- TIME:20090304-222648

[613](22:26:49)[0]-- TIME:20090304-222649

[614](22:26:50)[1]-- TIME:20090304-222650

[615](22:26:51)[2]-- TIME:20090304-222651

[616](22:26:52)[3]-- TIME:20090304-222652

[617](22:26:53)[0]-- TIME:20090304-222653

[618](22:26:54)[1]-- TIME:20090304-222654

[619](22:26:55)[2]-- TIME:20090304-222655

[620](22:26:56)[3]-- TIME:20090304-222656

[621](22:26:57)[0]-- TIME:20090304-222657

[622](22:26:58)[1]-- TIME:20090304-222658

[623](22:26:59)[2]-- TIME:20090304-222659

[624](22:27:00)[3]-- TIME:20090304-222700

[625](22:27:01)[0]-- TIME:20090304-222701

[626](22:27:02)[1]-- TIME:20090304-222702

[627](22:27:03)[2]-- TIME:20090304-222703

[628](22:27:04)[3]-- TIME:20090304-222704

[629](22:27:05)[0]-- TIME:20090304-222705

[630](22:27:06)[1]-- TIME:20090304-222706

[631](22:27:07)[2]-- TIME:20090304-222707

[632](22:27:08)[3]-- TIME:20090304-222708

[633](22:27:09)[0]-- TIME:20090304-222709

[634](22:27:10)[1]-- TIME:20090304-222710

[635](22:27:11)[2]-- TIME:20090304-222711

[636](22:27:12)[3]-- TIME:20090304-222712

[637](22:27:13)[0]-- TIME:20090304-222713

[638](22:27:14)[1]-- TIME:20090304-222714

[639](22:27:15)[2]-- TIME:20090304-222715

[640](22:27:16)[3]-- TIME:20090304-222716

[641](22:27:17)[0]-- TIME:20090304-222717

[642](22:27:18)[1]-- TIME:20090304-222718

[643](22:27:19)[2]-- TIME:20090304-222719

[644](22:27:20)[3]-- TIME:20090304-222720

[645](22:27:21)[0]-- TIME:20090304-222721

[646](22:27:22)[1]-- TIME:20090304-222722

[647](22:27:23)[2]-- TIME:20090304-222723

[648](22:27:24)[3]-- TIME:20090304-222724

[649](22:27:25)[0]-- TIME:20090304-222725

[650](22:27:26)[1]-- TIME:20090304-222726

[651](22:27:27)[2]-- TIME:20090304-222727

[652](22:27:28)[3]-- TIME:20090304-222728

[653](22:27:29)[0]-- TIME:20090304-222729

[654](22:27:30)[1]-- TIME:20090304-222730

[655](22:27:31)[2]-- TIME:20090304-222731

[656](22:27:32)[3]-- TIME:20090304-222732

[657](22:27:33)[0]-- TIME:20090304-222733

[658](22:27:34)[1]-- TIME:20090304-222734

[659](22:27:35)[2]-- TIME:20090304-222735

[660](22:27:36)[3]-- TIME:20090304-222736

[661](22:27:37)[0]-- TIME:20090304-222737

[662](22:27:38)[1]-- TIME:20090304-222738

[663](22:27:39)[2]-- TIME:20090304-222739

[664](22:27:40)[3]-- TIME:20090304-222740

[665](22:27:41)[0]-- TIME:20090304-222741

[666](22:27:42)[1]-- TIME:20090304-222742

[667](22:27:43)[2]-- TIME:20090304-222743

[668](22:27:44)[3]-- TIME:20090304-222744

[669](22:27:45)[0]-- TIME:20090304-222745

[670](22:27:46)[1]-- TIME:20090304-222746

[671](22:27:47)[2]-- TIME:20090304-222747

[672](22:27:48)[3]-- TIME:20090304-222748

[673](22:27:49)[0]-- TIME:20090304-222749

[674](22:27:50)[1]-- TIME:20090304-222750

[675](22:27:51)[2]-- TIME:20090304-222751

[676](22:27:52)[3]-- TIME:20090304-222752

[677](22:27:53)[0]-- TIME:20090304-222753

[678](22:27:54)[1]-- TIME:20090304-222754

[679](22:27:55)[2]-- TIME:20090304-222755

[680](22:27:56)[3]-- TIME:20090304-222756

[681](22:27:57)[0]-- TIME:20090304-222757

[682](22:27:58)[1]-- TIME:20090304-222758

[683](22:27:59)[2]-- TIME:20090304-222759

[684](22:28:00)[3]-- TIME:20090304-222800

[685](22:28:01)[0]-- TIME:20090304-222801

[686](22:28:02)[1]-- TIME:20090304-222802

[687](22:28:03)[2]-- TIME:20090304-222803

[688](22:28:04)[3]-- TIME:20090304-222804

[689](22:28:05)[0]-- TIME:20090304-222805

[690](22:28:06)[1]-- TIME:20090304-222806

[691](22:28:07)[2]-- TIME:20090304-222807

[692](22:28:08)[3]-- TIME:20090304-222808

[693](22:28:09)[0]-- TIME:20090304-222809

[694](22:28:10)[1]-- TIME:20090304-222810

[695](22:28:11)[2]-- TIME:20090304-222811

[696](22:28:12)[3]-- TIME:20090304-222812

[697](22:28:13)[0]-- TIME:20090304-222813

[698](22:28:14)[1]-- TIME:20090304-222814

[699](22:28:15)[2]-- TIME:20090304-222815

[700](22:28:16)[3]-- TIME:20090304-222816

[701](22:28:17)[0]-- TIME:20090304-222817

[702](22:28:18)[1]-- TIME:20090304-222818

[703](22:28:19)[2]-- TIME:20090304-222819

[704](22:28:20)[3]-- TIME:20090304-222820

[705](22:28:21)[0]-- TIME:20090304-222821

[706](22:28:22)[1]-- TIME:20090304-222822

[707](22:28:23)[2]-- TIME:20090304-222823

[708](22:28:24)[3]-- TIME:20090304-222824

[709](22:28:25)[0]-- TIME:20090304-222825

[710](22:28:26)[1]-- TIME:20090304-222826

[711](22:28:27)[2]-- TIME:20090304-222827

[712](22:28:28)[3]-- TIME:20090304-222828

[713](22:28:29)[0]-- TIME:20090304-222829

[714](22:28:30)[1]-- TIME:20090304-222830

[715](22:28:31)[2]-- TIME:20090304-222831

[716](22:28:32)[3]-- TIME:20090304-222832

[717](22:28:33)[0]-- TIME:20090304-222833

[718](22:28:34)[1]-- TIME:20090304-222834

[719](22:28:35)[2]-- TIME:20090304-222835

[720](22:28:36)[3]-- TIME:20090304-222836

[721](22:28:37)[0]-- TIME:20090304-222837

[722](22:28:38)[1]-- TIME:20090304-222838

[723](22:28:39)[2]-- TIME:20090304-222839

[724](22:28:40)[3]-- TIME:20090304-222840

[725](22:28:41)[0]-- TIME:20090304-222841

[726](22:28:42)[1]-- TIME:20090304-222842

[727](22:28:43)[2]-- TIME:20090304-222843

[728](22:28:44)[3]-- TIME:20090304-222844

[729](22:28:45)[0]-- TIME:20090304-222845

[730](22:28:46)[1]-- TIME:20090304-222846

[731](22:28:47)[2]-- TIME:20090304-222847

[732](22:28:48)[3]-- TIME:20090304-222848

[733](22:28:49)[0]-- TIME:20090304-222849

[734](22:28:50)[1]-- TIME:20090304-222850

[735](22:28:51)[2]-- TIME:20090304-222851

[736](22:28:52)[3]-- TIME:20090304-222852

[737](22:28:53)[0]-- TIME:20090304-222853

[738](22:28:54)[1]-- TIME:20090304-222854

[739](22:28:55)[2]-- TIME:20090304-222855

[740](22:28:56)[3]-- TIME:20090304-222856

[741](22:28:57)[0]-- TIME:20090304-222857

[742](22:28:58)[1]-- TIME:20090304-222858

[743](22:28:59)[2]-- TIME:20090304-222859

[744](22:29:00)[3]-- TIME:20090304-222900

[745](22:29:01)[0]-- TIME:20090304-222901

[746](22:29:02)[1]-- TIME:20090304-222902

[747](22:29:03)[2]-- TIME:20090304-222903

[748](22:29:04)[3]-- TIME:20090304-222904

[749](22:29:05)[0]-- TIME:20090304-222905

[750](22:29:06)[1]-- TIME:20090304-222906

[751](22:29:07)[2]-- TIME:20090304-222907

[752](22:29:08)[3]-- TIME:20090304-222908

[753](22:29:09)[0]-- TIME:20090304-222909

[754](22:29:10)[1]-- TIME:20090304-222910

[755](22:29:11)[2]-- TIME:20090304-222911

[756](22:29:12)[3]-- TIME:20090304-222912

[757](22:29:13)[0]-- TIME:20090304-222913

[758](22:29:14)[1]-- TIME:20090304-222914

[759](22:29:15)[2]-- TIME:20090304-222915

[760](22:29:16)[3]-- TIME:20090304-222916

[761](22:29:17)[0]-- TIME:20090304-222917

[762](22:29:18)[1]-- TIME:20090304-222918

[763](22:29:19)[2]-- TIME:20090304-222919

[764](22:29:20)[3]-- TIME:20090304-222920

[765](22:29:21)[0]-- TIME:20090304-222921

[766](22:29:22)[1]-- TIME:20090304-222922

[767](22:29:23)[2]-- TIME:20090304-222923

[768](22:29:24)[3]-- TIME:20090304-222924

[769](22:29:25)[0]-- TIME:20090304-222925

[770](22:29:26)[1]-- TIME:20090304-222926

[771](22:29:27)[2]-- TIME:20090304-222927

[772](22:29:28)[3]-- TIME:20090304-222928

[773](22:29:29)[0]-- TIME:20090304-222929

[774](22:29:30)[1]-- TIME:20090304-222930

[775](22:29:31)[2]-- TIME:20090304-222931

[776](22:29:32)[3]-- TIME:20090304-222932

[777](22:29:33)[0]-- TIME:20090304-222933

[778](22:29:34)[1]-- TIME:20090304-222934

[779](22:29:35)[2]-- TIME:20090304-222935

[780](22:29:36)[3]-- TIME:20090304-222936

[781](22:29:37)[0]-- TIME:20090304-222937

[782](22:29:38)[1]-- TIME:20090304-222938

[783](22:29:39)[2]-- TIME:20090304-222939

[784](22:29:40)[3]-- TIME:20090304-222940

[785](22:29:41)[0]-- TIME:20090304-222941

[786](22:29:42)[1]-- TIME:20090304-222942

[787](22:29:43)[2]-- TIME:20090304-222943

[788](22:29:44)[3]-- TIME:20090304-222944

[789](22:29:45)[0]-- TIME:20090304-222945

[790](22:29:46)[1]-- TIME:20090304-222946

[791](22:29:47)[2]-- TIME:20090304-222947

[792](22:29:48)[3]-- TIME:20090304-222948

[793](22:29:49)[0]-- TIME:20090304-222949

[794](22:29:50)[1]-- TIME:20090304-222950

[795](22:29:51)[2]-- TIME:20090304-222951

[796](22:29:52)[3]-- TIME:20090304-222952

[797](22:29:53)[0]-- TIME:20090304-222953

[798](22:29:54)[1]-- TIME:20090304-222954

[799](22:29:55)[2]-- TIME:20090304-222955

[800](22:29:56)[3]-- TIME:20090304-222956

[801](22:29:57)[0]-- TIME:20090304-222957

[802](22:29:58)[1]-- TIME:20090304-222958

[803](22:29:59)[2]-- TIME:20090304-222959

[804](22:30:00)[3]-- TIME:20090304-223000

[805](22:30:01)[0]-- TIME:20090304-223001

[806](22:30:02)[1]-- TIME:20090304-223002

[807](22:30:03)[2]-- TIME:20090304-223003

[808](22:30:04)[3]-- TIME:20090304-223004

[809](22:30:05)[0]-- TIME:20090304-223005

[810](22:30:06)[1]-- TIME:20090304-223006

[811](22:30:07)[2]-- TIME:20090304-223007

[812](22:30:08)[3]-- TIME:20090304-223008

[813](22:30:09)[0]-- TIME:20090304-223009

[814](22:30:10)[1]-- TIME:20090304-223010

[815](22:30:11)[2]-- TIME:20090304-223011

[816](22:30:12)[3]-- TIME:20090304-223012

[817](22:30:13)[0]-- TIME:20090304-223013

[818](22:30:14)[1]-- TIME:20090304-223014

[819](22:30:15)[2]-- TIME:20090304-223015

[820](22:30:16)[3]-- TIME:20090304-223016

[821](22:30:17)[0]-- TIME:20090304-223017

[822](22:30:18)[1]-- TIME:20090304-223018

[823](22:30:19)[2]-- TIME:20090304-223019

[824](22:30:20)[3]-- TIME:20090304-223020

[825](22:30:21)[0]-- TIME:20090304-223021

[826](22:30:22)[1]-- TIME:20090304-223022

[827](22:30:23)[2]-- TIME:20090304-223023

[828](22:30:24)[3]-- TIME:20090304-223024

[829](22:30:25)[0]-- TIME:20090304-223025

[830](22:30:26)[1]-- TIME:20090304-223026

[831](22:30:27)[2]-- TIME:20090304-223027

[832](22:30:28)[3]-- TIME:20090304-223028

[833](22:30:29)[0]-- TIME:20090304-223029

[834](22:30:30)[1]-- TIME:20090304-223030

[835](22:30:31)[2]-- TIME:20090304-223031

[836](22:30:32)[3]-- TIME:20090304-223032

[837](22:30:33)[0]-- TIME:20090304-223033

[838](22:30:34)[1]-- TIME:20090304-223034

[839](22:30:35)[2]-- TIME:20090304-223035

[840](22:30:36)[3]-- TIME:20090304-223036

[841](22:30:37)[0]-- TIME:20090304-223037

[842](22:30:38)[1]-- TIME:20090304-223038

[843](22:30:39)[2]-- TIME:20090304-223039

[844](22:30:40)[3]-- TIME:20090304-223040

[845](22:30:41)[0]-- TIME:20090304-223041

[846](22:30:42)[1]-- TIME:20090304-223042

[847](22:30:43)[2]-- TIME:20090304-223043

[848](22:30:44)[3]-- TIME:20090304-223044

[849](22:30:45)[0]-- TIME:20090304-223045

[850](22:30:46)[1]-- TIME:20090304-223046

[851](22:30:47)[2]-- TIME:20090304-223047

[852](22:30:48)[3]-- TIME:20090304-223048

[853](22:30:49)[0]-- TIME:20090304-223049

[854](22:30:50)[1]-- TIME:20090304-223050

[855](22:30:51)[2]-- TIME:20090304-223051

[856](22:30:52)[3]-- TIME:20090304-223052

[857](22:30:53)[0]-- TIME:20090304-223053

[858](22:30:54)[1]-- TIME:20090304-223054

[859](22:30:55)[2]-- TIME:20090304-223055

[860](22:30:56)[3]-- TIME:20090304-223056

[861](22:30:57)[0]-- TIME:20090304-223057

[862](22:30:58)[1]-- TIME:20090304-223058

[863](22:30:59)[2]-- TIME:20090304-223059

[864](22:31:00)[3]-- TIME:20090304-223100

[865](22:31:01)[0]-- TIME:20090304-223101

[866](22:31:02)[1]-- TIME:20090304-223102

[867](22:31:03)[2]-- TIME:20090304-223103

[868](22:31:04)[3]-- TIME:20090304-223104

[869](22:31:05)[0]-- TIME:20090304-223105

[870](22:31:06)[1]-- TIME:20090304-223106

[871](22:31:07)[2]-- TIME:20090304-223107

[872](22:31:08)[3]-- TIME:20090304-223108

[873](22:31:09)[0]-- TIME:20090304-223109

[874](22:31:10)[1]-- TIME:20090304-223110

[875](22:31:11)[2]-- TIME:20090304-223111

[876](22:31:12)[3]-- TIME:20090304-223112

[877](22:31:13)[0]-- TIME:20090304-223113

[878](22:31:14)[1]-- TIME:20090304-223114

[879](22:31:15)[2]-- TIME:20090304-223115

[880](22:31:16)[3]-- TIME:20090304-223116

[881](22:31:17)[0]-- TIME:20090304-223117

[882](22:31:18)[1]-- TIME:20090304-223118

[883](22:31:19)[2]-- TIME:20090304-223119

[884](22:31:20)[3]-- TIME:20090304-223120

[885](22:31:21)[0]-- TIME:20090304-223121

[886](22:31:22)[1]-- TIME:20090304-223122

[887](22:31:23)[2]-- TIME:20090304-223123

[888](22:31:24)[3]-- TIME:20090304-223124

[889](22:31:25)[0]-- TIME:20090304-223125

[890](22:31:26)[1]-- TIME:20090304-223126

[891](22:31:27)[2]-- TIME:20090304-223127

[892](22:31:28)[3]-- TIME:20090304-223128

[893](22:31:29)[0]-- TIME:20090304-223129

[894](22:31:30)[1]-- TIME:20090304-223130

[895](22:31:31)[2]-- TIME:20090304-223131

[896](22:31:32)[3]-- TIME:20090304-223132

[897](22:31:33)[0]-- TIME:20090304-223133

[898](22:31:34)[1]-- TIME:20090304-223134

[899](22:31:35)[2]-- TIME:20090304-223135

[900](22:31:36)[3]-- TIME:20090304-223136

[901](22:31:36)10.23.128.24: Timeout
[902](22:31:37)[0]-- TIME:20090304-223137

[903](22:31:38)[1]-- TIME:20090304-223138

[904](22:31:39)[2]-- TIME:20090304-223139

[905](22:31:40)[3]-- TIME:20090304-223140

[906](22:31:41)[0]-- TIME:20090304-223141

[907](22:31:42)[1]-- TIME:20090304-223142

[908](22:31:43)[2]-- TIME:20090304-223143

[909](22:31:44)[3]-- TIME:20090304-223144

[910](22:31:45)[0]-- TIME:20090304-223145

[911](22:31:46)[1]-- TIME:20090304-223146

[912](22:31:47)[2]-- TIME:20090304-223147

[913](22:31:48)[3]-- TIME:20090304-223148

[914](22:31:49)[0]-- TIME:20090304-223149

[915](22:31:50)[1]-- TIME:20090304-223150

[916](22:31:51)[2]-- TIME:20090304-223151

[917](22:31:52)[3]-- TIME:20090304-223152

[918](22:31:53)[0]-- TIME:20090304-223153

[919](22:31:54)[1]-- TIME:20090304-223154

[920](22:31:55)[2]-- TIME:20090304-223155

[921](22:31:56)[3]-- TIME:20090304-223156

[922](22:31:57)[0]-- TIME:20090304-223157

[923](22:31:58)[1]-- TIME:20090304-223158

[924](22:31:59)[2]-- TIME:20090304-223159

[925](22:32:00)[3]-- TIME:20090304-223200

[926](22:32:01)[0]-- TIME:20090304-223201

[927](22:32:02)[1]-- TIME:20090304-223202

[928](22:32:03)[2]-- TIME:20090304-223203

[929](22:32:04)[3]-- TIME:20090304-223204

[930](22:32:05)[0]-- TIME:20090304-223205

[931](22:32:06)[1]-- TIME:20090304-223206

[932](22:32:07)[2]-- TIME:20090304-223207

[933](22:32:08)[3]-- TIME:20090304-223208

[934](22:32:09)[0]-- TIME:20090304-223209

[935](22:32:10)[1]-- TIME:20090304-223210

[936](22:32:11)[2]-- TIME:20090304-223211

[937](22:32:12)[3]-- TIME:20090304-223212

[938](22:32:13)[0]-- TIME:20090304-223213

[939](22:32:14)[1]-- TIME:20090304-223214

[940](22:32:15)[2]-- TIME:20090304-223215

[941](22:32:16)[3]-- TIME:20090304-223216

[942](22:32:17)[0]-- TIME:20090304-223217

[943](22:32:18)[1]-- TIME:20090304-223218

[944](22:32:19)[2]-- TIME:20090304-223219

[945](22:32:20)[3]-- TIME:20090304-223220

[946](22:32:21)[0]-- TIME:20090304-223221

[947](22:32:22)[1]-- TIME:20090304-223222

[948](22:32:23)[2]-- TIME:20090304-223223

[949](22:32:24)[3]-- TIME:20090304-223224

[950](22:32:25)[0]-- TIME:20090304-223225

[951](22:32:26)[1]-- TIME:20090304-223226

[952](22:32:27)[2]-- TIME:20090304-223227

[953](22:32:28)[3]-- TIME:20090304-223228

[954](22:32:29)[0]-- TIME:20090304-223229

[955](22:32:30)[1]-- TIME:20090304-223230

[956](22:32:31)[2]-- TIME:20090304-223231

[957](22:32:32)[3]-- TIME:20090304-223232

[958](22:32:33)[0]-- TIME:20090304-223233

[959](22:32:34)[1]-- TIME:20090304-223234

[960](22:32:35)[2]-- TIME:20090304-223235

[961](22:32:36)[3]-- TIME:20090304-223236

[962](22:32:37)[0]-- TIME:20090304-223237

[963](22:32:38)[1]-- TIME:20090304-223238

[964](22:32:39)[2]-- TIME:20090304-223239

[965](22:32:40)[3]-- TIME:20090304-223240

[966](22:32:41)[0]-- TIME:20090304-223241

[967](22:32:42)[1]-- TIME:20090304-223242

[968](22:32:43)[2]-- TIME:20090304-223243

[969](22:32:44)[3]-- TIME:20090304-223244

[970](22:32:45)[0]-- TIME:20090304-223245

[971](22:32:46)[1]-- TIME:20090304-223246

[972](22:32:47)[2]-- TIME:20090304-223247

[973](22:32:48)[3]-- TIME:20090304-223248

[974](22:32:49)[0]-- TIME:20090304-223249

[975](22:32:50)[1]-- TIME:20090304-223250

[976](22:32:51)[2]-- TIME:20090304-223251

[977](22:32:52)[3]-- TIME:20090304-223252

[978](22:32:53)[0]-- TIME:20090304-223253

[979](22:32:54)[1]-- TIME:20090304-223254

[980](22:32:55)[2]-- TIME:20090304-223255

[981](22:32:56)[3]-- TIME:20090304-223256

[982](22:32:57)[0]-- TIME:20090304-223257

[983](22:32:58)[1]-- TIME:20090304-223258

[984](22:32:59)[2]-- TIME:20090304-223259

[985](22:33:00)[3]-- TIME:20090304-223300

[986](22:33:01)[0]-- TIME:20090304-223301

[987](22:33:02)[1]-- TIME:20090304-223302

[988](22:33:03)[2]-- TIME:20090304-223303

[989](22:33:04)[3]-- TIME:20090304-223304

[990](22:33:05)[0]-- TIME:20090304-223305

[991](22:33:06)[1]-- TIME:20090304-223306

[992](22:33:07)[2]-- TIME:20090304-223307

[993](22:33:08)[3]-- TIME:20090304-223308

[994](22:33:09)[0]-- TIME:20090304-223309

[995](22:33:10)[1]-- TIME:20090304-223310

[996](22:33:11)[2]-- TIME:20090304-223311

[997](22:33:12)[3]-- TIME:20090304-223312

[998](22:33:13)[0]-- TIME:20090304-223313

[999](22:33:14)[1]-- TIME:20090304-223314

[1000](22:33:15)[2]-- TIME:20090304-223315
