
[0](12:15:13)======== MONITA APP STARTING ===========
[1](12:15:13)Load file konfigurasi
[2](12:15:13)Baca konfig
[3](12:15:13)Baca konfig: File konfigurasi rusak. Set ke default
[4](12:16:13)Mulai logging data
[5](12:16:14)[0]-- TIME:20090220-121614

[6](12:16:15)[1]-- TIME:20090220-121615

[7](12:16:16)[2]-- TIME:20090220-121616

[8](12:16:17)[3]-- TIME:20090220-121617

[9](12:16:17)192.168.1.130: Timeout
[10](12:16:18)[0]-- TIME:20090220-121618

[11](12:16:19)[1]-- TIME:20090220-121619

[12](12:16:20)[2]-- TIME:20090220-121620

[13](12:16:21)[3]-- TIME:20090220-121621

[14](12:16:21)192.168.1.130: Timeout
[15](12:16:22)[0]-- TIME:20090220-121622

[16](12:16:23)[1]-- TIME:20090220-121623

[17](12:16:24)[2]-- TIME:20090220-121624

[18](12:16:25)[3]-- TIME:20090220-121625

[19](12:16:25)192.168.1.130: Timeout
[20](12:16:26)[0]-- TIME:20090220-121626

[21](12:16:27)[1]-- TIME:20090220-121627

[22](12:16:28)[2]-- TIME:20090220-121628

[23](12:16:29)[3]-- TIME:20090220-121629

[24](12:16:29)192.168.1.130: Timeout
[25](12:16:30)[0]-- TIME:20090220-121630

[26](12:16:31)[1]-- TIME:20090220-121631

[27](12:16:32)[2]-- TIME:20090220-121632

[28](12:16:33)[3]-- TIME:20090220-121633

[29](12:16:33)192.168.1.130: Timeout
[30](12:16:33)192.168.1.136: Timeout
[31](12:16:34)[0]-- TIME:20090220-121634

[32](12:16:35)[1]-- TIME:20090220-121635

[33](12:16:36)[2]-- TIME:20090220-121636

[34](12:16:37)[3]-- TIME:20090220-121637

[35](12:16:37)192.168.1.130: Timeout
[36](12:16:38)[0]-- TIME:20090220-121638

[37](12:16:39)[1]-- TIME:20090220-121639

[38](12:16:40)[2]-- TIME:20090220-121640

[39](12:16:41)[3]-- TIME:20090220-121641

[40](12:16:41)192.168.1.130: Timeout
[41](12:16:42)[0]-- TIME:20090220-121642

[42](12:16:43)[1]-- TIME:20090220-121643

[43](12:16:44)[2]-- TIME:20090220-121644

[44](12:16:45)[3]-- TIME:20090220-121645

[45](12:16:45)192.168.1.130: Timeout
[46](12:16:45)192.168.1.136: Timeout
[47](12:16:46)[0]-- TIME:20090220-121646

[48](12:16:47)[1]-- TIME:20090220-121647

[49](12:16:48)[2]-- TIME:20090220-121648

[50](12:16:49)[3]-- TIME:20090220-121649

[51](12:16:49)192.168.1.130: Timeout
[52](12:16:50)[0]-- TIME:20090220-121650

[53](12:16:51)[1]-- TIME:20090220-121651

[54](12:16:52)[2]-- TIME:20090220-121652

[55](12:16:53)[3]-- TIME:20090220-121653

[56](12:16:53)192.168.1.130: Timeout
[57](12:16:54)[0]-- TIME:20090220-121654

[58](12:16:55)[1]-- TIME:20090220-121655

[59](12:16:56)[2]-- TIME:20090220-121656

[60](12:16:57)[3]-- TIME:20090220-121657

[61](12:16:57)192.168.1.130: Timeout
[62](12:16:58)[0]-- TIME:20090220-121658

[63](12:16:59)[1]-- TIME:20090220-121659

[64](12:17:00)[2]-- TIME:20090220-121700

[65](12:17:01)[3]-- TIME:20090220-121701

[66](12:17:01)192.168.1.130: Timeout
[67](12:17:02)[0]-- TIME:20090220-121702

[68](12:17:03)[1]-- TIME:20090220-121703

[69](12:17:04)[2]-- TIME:20090220-121704

[70](12:17:05)[3]-- TIME:20090220-121705

[71](12:17:05)192.168.1.130: Timeout
[72](12:17:06)[0]-- TIME:20090220-121706

[73](12:17:07)[1]-- TIME:20090220-121707

[74](12:17:08)[2]-- TIME:20090220-121708

[75](12:17:09)[3]-- TIME:20090220-121709

[76](12:17:09)192.168.1.130: Timeout
[77](12:17:10)[0]-- TIME:20090220-121710

[78](12:17:11)[1]-- TIME:20090220-121711

[79](12:17:12)[2]-- TIME:20090220-121712

[80](12:17:13)[3]-- TIME:20090220-121713

[81](12:17:13)192.168.1.130: Timeout
[82](12:17:13)192.168.1.136: Timeout
[83](12:17:14)[0]-- TIME:20090220-121714

[84](12:17:15)[1]-- TIME:20090220-121715

[85](12:17:16)[2]-- TIME:20090220-121716

[86](12:17:17)[3]-- TIME:20090220-121717

[87](12:17:17)192.168.1.130: Timeout
[88](12:17:18)[0]-- TIME:20090220-121718

[89](12:17:19)[1]-- TIME:20090220-121719

[90](12:17:20)[2]-- TIME:20090220-121720

[91](12:17:21)[3]-- TIME:20090220-121721

[92](12:17:21)192.168.1.130: Timeout
[93](12:17:22)[0]-- TIME:20090220-121722

[94](12:17:23)[1]-- TIME:20090220-121723

[95](12:17:24)[2]-- TIME:20090220-121724

[96](12:17:25)[3]-- TIME:20090220-121725

[97](12:17:25)192.168.1.130: Timeout
[98](12:17:26)[0]-- TIME:20090220-121726

[99](12:17:27)[1]-- TIME:20090220-121727

[100](12:17:28)[2]-- TIME:20090220-121728

[101](12:17:29)[3]-- TIME:20090220-121729

[102](12:17:29)192.168.1.130: Timeout
[103](12:17:30)[0]-- TIME:20090220-121730

[104](12:17:31)[1]-- TIME:20090220-121731

[105](12:17:32)[2]-- TIME:20090220-121732

[106](12:17:33)[3]-- TIME:20090220-121733

[107](12:17:33)192.168.1.130: Timeout
[108](12:17:34)[0]-- TIME:20090220-121734

[109](12:17:35)[1]-- TIME:20090220-121735

[110](12:17:36)[2]-- TIME:20090220-121736

[111](12:17:37)[3]-- TIME:20090220-121737

[112](12:17:37)192.168.1.130: Timeout
[113](12:17:38)[0]-- TIME:20090220-121738

[114](12:17:39)[1]-- TIME:20090220-121739

[115](12:17:40)[2]-- TIME:20090220-121740

[116](12:17:41)[3]-- TIME:20090220-121741

[117](12:17:41)192.168.1.130: Timeout
[118](12:17:42)[0]-- TIME:20090220-121742

[119](12:17:43)[1]-- TIME:20090220-121743

[120](12:17:44)[2]-- TIME:20090220-121744

[121](12:17:45)[3]-- TIME:20090220-121745

[122](12:17:45)192.168.1.130: Timeout
[123](12:17:46)[0]-- TIME:20090220-121746

[124](12:17:47)[1]-- TIME:20090220-121747

[125](12:17:48)[2]-- TIME:20090220-121748

[126](12:17:49)[3]-- TIME:20090220-121749

[127](12:17:49)192.168.1.130: Timeout
[128](12:17:50)[0]-- TIME:20090220-121750

[129](12:17:51)[1]-- TIME:20090220-121751

[130](12:17:52)[2]-- TIME:20090220-121752

[131](12:17:53)[3]-- TIME:20090220-121753

[132](12:17:53)192.168.1.130: Timeout
[133](12:17:54)[0]-- TIME:20090220-121754

[134](12:17:55)[1]-- TIME:20090220-121755

[135](12:17:56)[2]-- TIME:20090220-121756

[136](12:17:57)[3]-- TIME:20090220-121757

[137](12:17:57)192.168.1.130: Timeout
[138](12:17:58)[0]-- TIME:20090220-121758

[139](12:17:59)[1]-- TIME:20090220-121759

[140](12:18:00)[2]-- TIME:20090220-121800

[141](12:18:01)[3]-- TIME:20090220-121801

[142](12:18:01)192.168.1.130: Timeout
[143](12:18:02)[0]-- TIME:20090220-121802

[144](12:18:03)[1]-- TIME:20090220-121803

[145](12:18:04)[2]-- TIME:20090220-121804

[146](12:18:05)[3]-- TIME:20090220-121805

[147](12:18:05)192.168.1.130: Timeout
[148](12:18:06)[0]-- TIME:20090220-121806

[149](12:18:07)[1]-- TIME:20090220-121807

[150](12:18:08)[2]-- TIME:20090220-121808

[151](12:18:09)[3]-- TIME:20090220-121809

[152](12:18:09)192.168.1.130: Timeout
[153](12:18:10)[0]-- TIME:20090220-121810

[154](12:18:11)[1]-- TIME:20090220-121811

[155](12:18:12)[2]-- TIME:20090220-121812

[156](12:18:13)[3]-- TIME:20090220-121813

[157](12:18:13)192.168.1.130: Timeout
[158](12:18:14)[0]-- TIME:20090220-121814

[159](12:18:15)[1]-- TIME:20090220-121815

[160](12:18:16)[2]-- TIME:20090220-121816

[161](12:18:17)[3]-- TIME:20090220-121817

[162](12:18:17)192.168.1.130: Timeout
[163](12:18:18)[0]-- TIME:20090220-121818

[164](12:18:19)[1]-- TIME:20090220-121819

[165](12:18:20)[2]-- TIME:20090220-121820

[166](12:18:21)[3]-- TIME:20090220-121821

[167](12:18:21)192.168.1.130: Timeout
[168](12:18:22)[0]-- TIME:20090220-121822

[169](12:18:23)[1]-- TIME:20090220-121823

[170](12:18:24)[2]-- TIME:20090220-121824

[171](12:18:25)[3]-- TIME:20090220-121825

[172](12:18:25)192.168.1.130: Timeout
[173](12:18:26)[0]-- TIME:20090220-121826

[174](12:18:27)[1]-- TIME:20090220-121827

[175](12:18:28)[2]-- TIME:20090220-121828

[176](12:18:29)[3]-- TIME:20090220-121829

[177](12:18:29)192.168.1.130: Timeout
[178](12:18:30)[0]-- TIME:20090220-121830

[179](12:18:31)[1]-- TIME:20090220-121831

[180](12:18:32)[2]-- TIME:20090220-121832

[181](12:18:33)[3]-- TIME:20090220-121833

[182](12:18:33)192.168.1.130: Timeout
[183](12:18:34)[0]-- TIME:20090220-121834

[184](12:18:35)[1]-- TIME:20090220-121835

[185](12:18:36)[2]-- TIME:20090220-121836

[186](12:18:37)[3]-- TIME:20090220-121837

[187](12:18:37)192.168.1.130: Timeout
[188](12:18:38)[0]-- TIME:20090220-121838

[189](12:18:39)[1]-- TIME:20090220-121839

[190](12:18:40)[2]-- TIME:20090220-121840

[191](12:18:41)[3]-- TIME:20090220-121841

[192](12:18:41)192.168.1.130: Timeout
[193](12:18:42)[0]-- TIME:20090220-121842

[194](12:18:43)[1]-- TIME:20090220-121843

[195](12:18:44)[2]-- TIME:20090220-121844

[196](12:18:45)[3]-- TIME:20090220-121845

[197](12:18:45)192.168.1.130: Timeout
[198](12:18:46)[0]-- TIME:20090220-121846

[199](12:18:47)[1]-- TIME:20090220-121847

[200](12:18:48)[2]-- TIME:20090220-121848

[201](12:18:49)[3]-- TIME:20090220-121849

[202](12:18:49)192.168.1.130: Timeout
[203](12:18:50)[0]-- TIME:20090220-121850

[204](12:18:51)[1]-- TIME:20090220-121851

[205](12:18:52)[2]-- TIME:20090220-121852

[206](12:18:53)[3]-- TIME:20090220-121853

[207](12:18:53)192.168.1.130: Timeout
[208](12:18:54)[0]-- TIME:20090220-121854

[209](12:18:55)[1]-- TIME:20090220-121855

[210](12:18:56)[2]-- TIME:20090220-121856

[211](12:18:57)[3]-- TIME:20090220-121857

[212](12:18:57)192.168.1.130: Timeout
[213](12:18:58)[0]-- TIME:20090220-121858

[214](12:18:59)[1]-- TIME:20090220-121859

[215](12:19:00)[2]-- TIME:20090220-121900

[216](12:19:01)[3]-- TIME:20090220-121901

[217](12:19:01)192.168.1.130: Timeout
[218](12:19:02)[0]-- TIME:20090220-121902

[219](12:19:03)[1]-- TIME:20090220-121903

[220](12:19:04)[2]-- TIME:20090220-121904

[221](12:19:05)[3]-- TIME:20090220-121905

[222](12:19:05)192.168.1.130: Timeout
[223](12:19:06)[0]-- TIME:20090220-121906

[224](12:19:07)[1]-- TIME:20090220-121907

[225](12:19:08)[2]-- TIME:20090220-121908

[226](12:19:09)[3]-- TIME:20090220-121909

[227](12:19:09)192.168.1.130: Timeout
[228](12:19:10)[0]-- TIME:20090220-121910

[229](12:19:11)[1]-- TIME:20090220-121911

[230](12:19:12)[2]-- TIME:20090220-121912

[231](12:19:13)[3]-- TIME:20090220-121913

[232](12:19:13)192.168.1.130: Timeout
[233](12:19:14)[0]-- TIME:20090220-121914

[234](12:19:15)[1]-- TIME:20090220-121915

[235](12:19:16)[2]-- TIME:20090220-121916

[236](12:19:17)[3]-- TIME:20090220-121917

[237](12:19:17)192.168.1.130: Timeout
[238](12:19:18)[0]-- TIME:20090220-121918

[239](12:19:19)[1]-- TIME:20090220-121919

[240](12:19:20)[2]-- TIME:20090220-121920

[241](12:19:21)[3]-- TIME:20090220-121921

[242](12:19:21)192.168.1.130: Timeout
[243](12:19:22)[0]-- TIME:20090220-121922

[244](12:19:23)[1]-- TIME:20090220-121923

[245](12:19:24)[2]-- TIME:20090220-121924

[246](12:19:25)[3]-- TIME:20090220-121925

[247](12:19:25)192.168.1.130: Timeout
[248](12:19:26)[0]-- TIME:20090220-121926

[249](12:19:27)[1]-- TIME:20090220-121927

[250](12:19:28)[2]-- TIME:20090220-121928

[251](12:19:29)[3]-- TIME:20090220-121929

[252](12:19:29)192.168.1.130: Timeout
[253](12:19:30)[0]-- TIME:20090220-121930

[254](12:19:31)[1]-- TIME:20090220-121931

[255](12:19:32)[2]-- TIME:20090220-121932

[256](12:19:33)[3]-- TIME:20090220-121933

[257](12:19:33)192.168.1.130: Timeout
[258](12:19:34)[0]-- TIME:20090220-121934

[259](12:19:35)[1]-- TIME:20090220-121935

[260](12:19:36)[2]-- TIME:20090220-121936

[261](12:19:37)[3]-- TIME:20090220-121937

[262](12:19:37)192.168.1.130: Timeout
[263](12:19:38)[0]-- TIME:20090220-121938

[264](12:19:39)[1]-- TIME:20090220-121939

[265](12:19:40)[2]-- TIME:20090220-121940

[266](12:19:41)[3]-- TIME:20090220-121941

[267](12:19:41)192.168.1.130: Timeout
[268](12:19:42)[0]-- TIME:20090220-121942

[269](12:19:43)[1]-- TIME:20090220-121943

[270](12:19:44)[2]-- TIME:20090220-121944

[271](12:19:45)[3]-- TIME:20090220-121945

[272](12:19:45)192.168.1.130: Timeout
[273](12:19:46)[0]-- TIME:20090220-121946

[274](12:19:47)[1]-- TIME:20090220-121947

[275](12:19:48)[2]-- TIME:20090220-121948

[276](12:19:49)[3]-- TIME:20090220-121949

[277](12:19:49)192.168.1.130: Timeout
[278](12:19:50)[0]-- TIME:20090220-121950

[279](12:19:51)[1]-- TIME:20090220-121951

[280](12:19:52)[2]-- TIME:20090220-121952

[281](12:19:53)[3]-- TIME:20090220-121953

[282](12:19:53)192.168.1.130: Timeout
[283](12:19:54)[0]-- TIME:20090220-121954

[284](12:19:55)[1]-- TIME:20090220-121955

[285](12:19:56)[2]-- TIME:20090220-121956

[286](12:19:57)[3]-- TIME:20090220-121957

[287](12:19:57)192.168.1.130: Timeout
[288](12:19:58)[0]-- TIME:20090220-121958

[289](12:19:59)[1]-- TIME:20090220-121959

[290](12:20:00)[2]-- TIME:20090220-122000

[291](12:20:01)[3]-- TIME:20090220-122001

[292](12:20:01)192.168.1.130: Timeout
[293](12:20:02)[0]-- TIME:20090220-122002

[294](12:20:03)[1]-- TIME:20090220-122003

[295](12:20:04)[2]-- TIME:20090220-122004

[296](12:20:05)[3]-- TIME:20090220-122005

[297](12:20:05)192.168.1.130: Timeout
[298](12:20:06)[0]-- TIME:20090220-122006

[299](12:20:07)[1]-- TIME:20090220-122007

[300](12:20:08)[2]-- TIME:20090220-122008

[301](12:20:09)[3]-- TIME:20090220-122009

[302](12:20:09)192.168.1.130: Timeout
[303](12:20:10)[0]-- TIME:20090220-122010

[304](12:20:11)[1]-- TIME:20090220-122011

[305](12:20:12)[2]-- TIME:20090220-122012

[306](12:20:13)[3]-- TIME:20090220-122013

[307](12:20:13)192.168.1.130: Timeout
[308](12:20:14)[0]-- TIME:20090220-122014

[309](12:20:15)[1]-- TIME:20090220-122015

[310](12:20:16)[2]-- TIME:20090220-122016

[311](12:20:17)[3]-- TIME:20090220-122017

[312](12:20:17)192.168.1.130: Timeout
[313](12:20:18)[0]-- TIME:20090220-122018

[314](12:20:19)[1]-- TIME:20090220-122019

[315](12:20:20)[2]-- TIME:20090220-122020

[316](12:20:21)[3]-- TIME:20090220-122021

[317](12:20:21)192.168.1.130: Timeout
[318](12:20:22)[0]-- TIME:20090220-122022

[319](12:20:23)[1]-- TIME:20090220-122023

[320](12:20:24)[2]-- TIME:20090220-122024

[321](12:20:25)[3]-- TIME:20090220-122025

[322](12:20:25)192.168.1.130: Timeout
[323](12:20:26)[0]-- TIME:20090220-122026

[324](12:20:27)[1]-- TIME:20090220-122027

[325](12:20:28)[2]-- TIME:20090220-122028

[326](12:20:29)[3]-- TIME:20090220-122029

[327](12:20:29)192.168.1.130: Timeout
[328](12:20:30)[0]-- TIME:20090220-122030

[329](12:20:31)[1]-- TIME:20090220-122031

[330](12:20:32)[2]-- TIME:20090220-122032

[331](12:20:33)[3]-- TIME:20090220-122033

[332](12:20:33)192.168.1.130: Timeout
[333](12:20:34)[0]-- TIME:20090220-122034

[334](12:20:35)[1]-- TIME:20090220-122035

[335](12:20:36)[2]-- TIME:20090220-122036

[336](12:20:37)[3]-- TIME:20090220-122037

[337](12:20:37)192.168.1.130: Timeout
[338](12:20:38)[0]-- TIME:20090220-122038

[339](12:20:39)[1]-- TIME:20090220-122039

[340](12:20:40)[2]-- TIME:20090220-122040

[341](12:20:41)[3]-- TIME:20090220-122041

[342](12:20:41)192.168.1.130: Timeout
[343](12:20:42)[0]-- TIME:20090220-122042

[344](12:20:43)[1]-- TIME:20090220-122043

[345](12:20:44)[2]-- TIME:20090220-122044

[346](12:20:45)[3]-- TIME:20090220-122045

[347](12:20:45)192.168.1.130: Timeout
[348](12:20:46)[0]-- TIME:20090220-122046

[349](12:20:47)[1]-- TIME:20090220-122047

[350](12:20:48)[2]-- TIME:20090220-122048

[351](12:20:49)[3]-- TIME:20090220-122049

[352](12:20:49)192.168.1.130: Timeout
[353](12:20:50)[0]-- TIME:20090220-122050

[354](12:20:51)[1]-- TIME:20090220-122051

[355](12:20:52)[2]-- TIME:20090220-122052

[356](12:20:53)[3]-- TIME:20090220-122053

[357](12:20:53)192.168.1.130: Timeout
[358](12:20:54)[0]-- TIME:20090220-122054

[359](12:20:55)[1]-- TIME:20090220-122055

[360](12:20:56)[2]-- TIME:20090220-122056

[361](12:20:57)[3]-- TIME:20090220-122057

[362](12:20:57)192.168.1.130: Timeout
[363](12:20:58)[0]-- TIME:20090220-122058

[364](12:20:59)[1]-- TIME:20090220-122059

[365](12:21:00)[2]-- TIME:20090220-122100

[366](12:21:01)[3]-- TIME:20090220-122101

[367](12:21:01)192.168.1.130: Timeout
[368](12:21:02)[0]-- TIME:20090220-122102

[369](12:21:03)[1]-- TIME:20090220-122103

[370](12:21:04)[2]-- TIME:20090220-122104

[371](12:21:05)[3]-- TIME:20090220-122105

[372](12:21:05)192.168.1.130: Timeout
[373](12:21:06)[0]-- TIME:20090220-122106

[374](12:21:07)[1]-- TIME:20090220-122107

[375](12:21:08)[2]-- TIME:20090220-122108

[376](12:21:09)[3]-- TIME:20090220-122109

[377](12:21:09)192.168.1.130: Timeout
[378](12:21:10)[0]-- TIME:20090220-122110

[379](12:21:11)[1]-- TIME:20090220-122111

[380](12:21:12)[2]-- TIME:20090220-122112

[381](12:21:13)[3]-- TIME:20090220-122113

[382](12:21:13)192.168.1.130: Timeout
[383](12:21:14)[0]-- TIME:20090220-122114

[384](12:21:15)[1]-- TIME:20090220-122115

[385](12:21:16)[2]-- TIME:20090220-122116

[386](12:21:17)[3]-- TIME:20090220-122117

[387](12:21:17)192.168.1.130: Timeout
[388](12:21:18)[0]-- TIME:20090220-122118

[389](12:21:19)[1]-- TIME:20090220-122119

[390](12:21:20)[2]-- TIME:20090220-122120

[391](12:21:21)[3]-- TIME:20090220-122121

[392](12:21:21)192.168.1.130: Timeout
[393](12:21:22)[0]-- TIME:20090220-122122

[394](12:21:23)[1]-- TIME:20090220-122123

[395](12:21:24)[2]-- TIME:20090220-122124

[396](12:21:25)[3]-- TIME:20090220-122125

[397](12:21:25)192.168.1.130: Timeout
[398](12:21:26)[0]-- TIME:20090220-122126

[399](12:21:27)[1]-- TIME:20090220-122127

[400](12:21:28)[2]-- TIME:20090220-122128

[401](12:21:29)[3]-- TIME:20090220-122129

[402](12:21:29)192.168.1.130: Timeout
[403](12:21:30)[0]-- TIME:20090220-122130

[404](12:21:31)[1]-- TIME:20090220-122131

[405](12:21:32)[2]-- TIME:20090220-122132

[406](12:21:33)[3]-- TIME:20090220-122133

[407](12:21:33)192.168.1.130: Timeout
[408](12:21:34)[0]-- TIME:20090220-122134

[409](12:21:35)[1]-- TIME:20090220-122135

[410](12:21:36)[2]-- TIME:20090220-122136

[411](12:21:37)[3]-- TIME:20090220-122137

[412](12:21:37)192.168.1.130: Timeout
[413](12:21:38)[0]-- TIME:20090220-122138

[414](12:21:39)[1]-- TIME:20090220-122139

[415](12:21:40)[2]-- TIME:20090220-122140

[416](12:21:41)[3]-- TIME:20090220-122141

[417](12:21:41)192.168.1.130: Timeout
[418](12:21:42)[0]-- TIME:20090220-122142

[419](12:21:43)[1]-- TIME:20090220-122143

[420](12:21:44)[2]-- TIME:20090220-122144

[421](12:21:45)[3]-- TIME:20090220-122145

[422](12:21:45)192.168.1.130: Timeout
[423](12:21:46)[0]-- TIME:20090220-122146

[424](12:21:47)[1]-- TIME:20090220-122147

[425](12:21:48)[2]-- TIME:20090220-122148

[426](12:21:49)[3]-- TIME:20090220-122149

[427](12:21:49)192.168.1.130: Timeout
[428](12:21:50)[0]-- TIME:20090220-122150

[429](12:21:51)[1]-- TIME:20090220-122151

[430](12:21:52)[2]-- TIME:20090220-122152

[431](12:21:53)[3]-- TIME:20090220-122153

[432](12:21:53)192.168.1.130: Timeout
[433](12:21:54)[0]-- TIME:20090220-122154

[434](12:21:55)[1]-- TIME:20090220-122155

[435](12:21:56)[2]-- TIME:20090220-122156

[436](12:21:57)[3]-- TIME:20090220-122157

[437](12:21:57)192.168.1.130: Timeout
[438](12:21:58)[0]-- TIME:20090220-122158

[439](12:21:59)[1]-- TIME:20090220-122159

[440](12:22:00)[2]-- TIME:20090220-122200

[441](12:22:01)[3]-- TIME:20090220-122201

[442](12:22:01)192.168.1.130: Timeout
[443](12:22:02)[0]-- TIME:20090220-122202

[444](12:22:03)[1]-- TIME:20090220-122203

[445](12:22:04)[2]-- TIME:20090220-122204

[446](12:22:05)[3]-- TIME:20090220-122205

[447](12:22:05)192.168.1.130: Timeout
[448](12:22:06)[0]-- TIME:20090220-122206

[449](12:22:07)[1]-- TIME:20090220-122207

[450](12:22:08)[2]-- TIME:20090220-122208

[451](12:22:09)[3]-- TIME:20090220-122209

[452](12:22:09)192.168.1.130: Timeout
[453](12:22:10)[0]-- TIME:20090220-122210

[454](12:22:11)[1]-- TIME:20090220-122211

[455](12:22:12)[2]-- TIME:20090220-122212

[456](12:22:13)[3]-- TIME:20090220-122213

[457](12:22:13)192.168.1.130: Timeout
[458](12:22:14)[0]-- TIME:20090220-122214

[459](12:22:15)[1]-- TIME:20090220-122215

[460](12:22:16)[2]-- TIME:20090220-122216

[461](12:22:17)[3]-- TIME:20090220-122217

[462](12:22:17)192.168.1.130: Timeout
[463](12:22:18)[0]-- TIME:20090220-122218

[464](12:22:19)[1]-- TIME:20090220-122219

[465](12:22:20)[2]-- TIME:20090220-122220

[466](12:22:21)[3]-- TIME:20090220-122221

[467](12:22:21)192.168.1.130: Timeout
[468](12:22:22)[0]-- TIME:20090220-122222

[469](12:22:23)[1]-- TIME:20090220-122223

[470](12:22:24)[2]-- TIME:20090220-122224

[471](12:22:25)[3]-- TIME:20090220-122225

[472](12:22:25)192.168.1.130: Timeout
[473](12:22:26)[0]-- TIME:20090220-122226

[474](12:22:27)[1]-- TIME:20090220-122227

[475](12:22:28)[2]-- TIME:20090220-122228

[476](12:22:29)[3]-- TIME:20090220-122229

[477](12:22:29)192.168.1.130: Timeout
[478](12:22:30)[0]-- TIME:20090220-122230

[479](12:22:31)[1]-- TIME:20090220-122231

[480](12:22:32)[2]-- TIME:20090220-122232

[481](12:22:33)[3]-- TIME:20090220-122233

[482](12:22:33)192.168.1.130: Timeout
[483](12:22:34)[0]-- TIME:20090220-122234

[484](12:22:35)[1]-- TIME:20090220-122235

[485](12:22:36)[2]-- TIME:20090220-122236

[486](12:22:37)[3]-- TIME:20090220-122237

[487](12:22:37)192.168.1.130: Timeout
[488](12:22:38)[0]-- TIME:20090220-122238

[489](12:22:39)[1]-- TIME:20090220-122239

[490](12:22:40)[2]-- TIME:20090220-122240

[491](12:22:41)[3]-- TIME:20090220-122241

[492](12:22:41)192.168.1.130: Timeout
[493](12:22:42)[0]-- TIME:20090220-122242

[494](12:22:43)[1]-- TIME:20090220-122243

[495](12:22:44)[2]-- TIME:20090220-122244

[496](12:22:45)[3]-- TIME:20090220-122245

[497](12:22:45)192.168.1.130: Timeout
[498](12:22:46)[0]-- TIME:20090220-122246

[499](12:22:47)[1]-- TIME:20090220-122247

[500](12:22:48)[2]-- TIME:20090220-122248

[501](12:22:49)[3]-- TIME:20090220-122249

[502](12:22:49)192.168.1.130: Timeout
[503](12:22:50)[0]-- TIME:20090220-122250

[504](12:22:51)[1]-- TIME:20090220-122251

[505](12:22:52)[2]-- TIME:20090220-122252

[506](12:22:53)[3]-- TIME:20090220-122253

[507](12:22:53)192.168.1.130: Timeout
[508](12:22:54)[0]-- TIME:20090220-122254

[509](12:22:55)[1]-- TIME:20090220-122255

[510](12:22:56)[2]-- TIME:20090220-122256

[511](12:22:57)[3]-- TIME:20090220-122257

[512](12:22:57)192.168.1.130: Timeout
[513](12:22:58)[0]-- TIME:20090220-122258

[514](12:22:59)[1]-- TIME:20090220-122259

[515](12:23:00)[2]-- TIME:20090220-122300

[516](12:23:01)[3]-- TIME:20090220-122301

[517](12:23:01)192.168.1.130: Timeout
[518](12:23:02)[0]-- TIME:20090220-122302

[519](12:23:03)[1]-- TIME:20090220-122303

[520](12:23:04)[2]-- TIME:20090220-122304

[521](12:23:05)[3]-- TIME:20090220-122305

[522](12:23:05)192.168.1.130: Timeout
[523](12:23:06)[0]-- TIME:20090220-122306

[524](12:23:07)[1]-- TIME:20090220-122307

[525](12:23:08)[2]-- TIME:20090220-122308

[526](12:23:09)[3]-- TIME:20090220-122309

[527](12:23:09)192.168.1.130: Timeout
[528](12:23:10)[0]-- TIME:20090220-122310

[529](12:23:11)[1]-- TIME:20090220-122311

[530](12:23:12)[2]-- TIME:20090220-122312

[531](12:23:13)[3]-- TIME:20090220-122313

[532](12:23:13)192.168.1.130: Timeout
[533](12:23:14)[0]-- TIME:20090220-122314

[534](12:23:15)[1]-- TIME:20090220-122315

[535](12:23:16)[2]-- TIME:20090220-122316

[536](12:23:17)[3]-- TIME:20090220-122317

[537](12:23:17)192.168.1.130: Timeout
[538](12:23:18)[0]-- TIME:20090220-122318

[539](12:23:19)[1]-- TIME:20090220-122319

[540](12:23:20)[2]-- TIME:20090220-122320

[541](12:23:21)[3]-- TIME:20090220-122321

[542](12:23:21)192.168.1.130: Timeout
[543](12:23:22)[0]-- TIME:20090220-122322

[544](12:23:23)[1]-- TIME:20090220-122323

[545](12:23:24)[2]-- TIME:20090220-122324

[546](12:23:25)[3]-- TIME:20090220-122325

[547](12:23:25)192.168.1.130: Timeout
[548](12:23:26)[0]-- TIME:20090220-122326

[549](12:23:27)[1]-- TIME:20090220-122327

[550](12:23:28)[2]-- TIME:20090220-122328

[551](12:23:29)[3]-- TIME:20090220-122329

[552](12:23:29)192.168.1.130: Timeout
[553](12:23:30)[0]-- TIME:20090220-122330

[554](12:23:31)[1]-- TIME:20090220-122331

[555](12:23:32)[2]-- TIME:20090220-122332

[556](12:23:33)[3]-- TIME:20090220-122333

[557](12:23:33)192.168.1.130: Timeout
[558](12:23:34)[0]-- TIME:20090220-122334

[559](12:23:35)[1]-- TIME:20090220-122335

[560](12:23:36)[2]-- TIME:20090220-122336

[561](12:23:37)[3]-- TIME:20090220-122337

[562](12:23:37)192.168.1.130: Timeout
[563](12:23:38)[0]-- TIME:20090220-122338

[564](12:23:39)[1]-- TIME:20090220-122339

[565](12:23:40)[2]-- TIME:20090220-122340

[566](12:23:41)[3]-- TIME:20090220-122341

[567](12:23:41)192.168.1.130: Timeout
[568](12:23:42)[0]-- TIME:20090220-122342

[569](12:23:43)[1]-- TIME:20090220-122343

[570](12:23:44)[2]-- TIME:20090220-122344

[571](12:23:45)[3]-- TIME:20090220-122345

[572](12:23:45)192.168.1.130: Timeout
[573](12:23:46)[0]-- TIME:20090220-122346

[574](12:23:47)[1]-- TIME:20090220-122347

[575](12:23:48)[2]-- TIME:20090220-122348

[576](12:23:49)[3]-- TIME:20090220-122349

[577](12:23:49)192.168.1.130: Timeout
[578](12:23:50)[0]-- TIME:20090220-122350

[579](12:23:51)[1]-- TIME:20090220-122351

[580](12:23:52)[2]-- TIME:20090220-122352

[581](12:23:53)[3]-- TIME:20090220-122353

[582](12:23:53)192.168.1.130: Timeout
[583](12:23:54)[0]-- TIME:20090220-122354

[584](12:23:55)[1]-- TIME:20090220-122355

[585](12:23:56)[2]-- TIME:20090220-122356

[586](12:23:57)[3]-- TIME:20090220-122357

[587](12:23:57)192.168.1.130: Timeout
[588](12:23:58)[0]-- TIME:20090220-122358

[589](12:23:59)[1]-- TIME:20090220-122359

[590](12:24:00)[2]-- TIME:20090220-122400

[591](12:24:01)[3]-- TIME:20090220-122401

[592](12:24:01)192.168.1.130: Timeout
[593](12:24:02)[0]-- TIME:20090220-122402

[594](12:24:03)[1]-- TIME:20090220-122403

[595](12:24:04)[2]-- TIME:20090220-122404

[596](12:24:05)[3]-- TIME:20090220-122405

[597](12:24:05)192.168.1.130: Timeout
[598](12:24:06)[0]-- TIME:20090220-122406

[599](12:24:07)[1]-- TIME:20090220-122407

[600](12:24:08)[2]-- TIME:20090220-122408

[601](12:24:09)[3]-- TIME:20090220-122409

[602](12:24:09)192.168.1.130: Timeout
[603](12:24:10)[0]-- TIME:20090220-122410

[604](12:24:11)[1]-- TIME:20090220-122411

[605](12:24:12)[2]-- TIME:20090220-122412

[606](12:24:13)[3]-- TIME:20090220-122413

[607](12:24:13)192.168.1.130: Timeout
[608](12:24:14)[0]-- TIME:20090220-122414

[609](12:24:15)[1]-- TIME:20090220-122415

[610](12:24:16)[2]-- TIME:20090220-122416

[611](12:24:17)[3]-- TIME:20090220-122417

[612](12:24:17)192.168.1.130: Timeout
[613](12:24:18)[0]-- TIME:20090220-122418

[614](12:24:19)[1]-- TIME:20090220-122419

[615](12:24:20)[2]-- TIME:20090220-122420

[616](12:24:21)[3]-- TIME:20090220-122421

[617](12:24:21)192.168.1.130: Timeout
[618](12:24:22)[0]-- TIME:20090220-122422

[619](12:24:23)[1]-- TIME:20090220-122423

[620](12:24:24)[2]-- TIME:20090220-122424

[621](12:24:25)[3]-- TIME:20090220-122425

[622](12:24:25)192.168.1.130: Timeout
[623](12:24:26)[0]-- TIME:20090220-122426

[624](12:24:27)[1]-- TIME:20090220-122427

[625](12:24:28)[2]-- TIME:20090220-122428

[626](12:24:29)[3]-- TIME:20090220-122429

[627](12:24:29)192.168.1.130: Timeout
[628](12:24:30)[0]-- TIME:20090220-122430

[629](12:24:31)[1]-- TIME:20090220-122431

[630](12:24:32)[2]-- TIME:20090220-122432

[631](12:24:33)[3]-- TIME:20090220-122433

[632](12:24:33)192.168.1.130: Timeout
[633](12:24:34)[0]-- TIME:20090220-122434

[634](12:24:35)[1]-- TIME:20090220-122435

[635](12:24:36)[2]-- TIME:20090220-122436

[636](12:24:37)[3]-- TIME:20090220-122437

[637](12:24:37)192.168.1.130: Timeout
[638](12:24:38)[0]-- TIME:20090220-122438

[639](12:24:39)[1]-- TIME:20090220-122439

[640](12:24:40)[2]-- TIME:20090220-122440

[641](12:24:41)[3]-- TIME:20090220-122441

[642](12:24:41)192.168.1.130: Timeout
[643](12:24:42)[0]-- TIME:20090220-122442

[644](12:24:43)[1]-- TIME:20090220-122443

[645](12:24:44)[2]-- TIME:20090220-122444

[646](12:24:45)[3]-- TIME:20090220-122445

[647](12:24:45)192.168.1.130: Timeout
[648](12:24:46)[0]-- TIME:20090220-122446

[649](12:24:47)[1]-- TIME:20090220-122447

[650](12:24:48)[2]-- TIME:20090220-122448

[651](12:24:49)[3]-- TIME:20090220-122449

[652](12:24:49)192.168.1.130: Timeout
[653](12:24:50)[0]-- TIME:20090220-122450

[654](12:24:51)[1]-- TIME:20090220-122451

[655](12:24:52)[2]-- TIME:20090220-122452

[656](12:24:53)[3]-- TIME:20090220-122453

[657](12:24:53)192.168.1.130: Timeout
[658](12:24:54)[0]-- TIME:20090220-122454

[659](12:24:55)[1]-- TIME:20090220-122455

[660](12:24:56)[2]-- TIME:20090220-122456

[661](12:24:57)[3]-- TIME:20090220-122457

[662](12:24:57)192.168.1.130: Timeout
[663](12:24:58)[0]-- TIME:20090220-122458

[664](12:24:59)[1]-- TIME:20090220-122459

[665](12:25:00)[2]-- TIME:20090220-122500

[666](12:25:01)[3]-- TIME:20090220-122501

[667](12:25:01)192.168.1.130: Timeout
[668](12:25:02)[0]-- TIME:20090220-122502

[669](12:25:03)[1]-- TIME:20090220-122503

[670](12:25:04)[2]-- TIME:20090220-122504

[671](12:25:05)[3]-- TIME:20090220-122505

[672](12:25:05)192.168.1.130: Timeout
[673](12:25:06)[0]-- TIME:20090220-122506

[674](12:25:07)[1]-- TIME:20090220-122507

[675](12:25:08)[2]-- TIME:20090220-122508

[676](12:25:09)[3]-- TIME:20090220-122509

[677](12:25:09)192.168.1.130: Timeout
[678](12:25:10)[0]-- TIME:20090220-122510

[679](12:25:11)[1]-- TIME:20090220-122511

[680](12:25:12)[2]-- TIME:20090220-122512

[681](12:25:13)[3]-- TIME:20090220-122513

[682](12:25:13)192.168.1.130: Timeout
[683](12:25:14)[0]-- TIME:20090220-122514

[684](12:25:15)[1]-- TIME:20090220-122515

[685](12:25:16)[2]-- TIME:20090220-122516

[686](12:25:17)[3]-- TIME:20090220-122517

[687](12:25:17)192.168.1.130: Timeout
[688](12:25:18)[0]-- TIME:20090220-122518

[689](12:25:19)[1]-- TIME:20090220-122519

[690](12:25:20)[2]-- TIME:20090220-122520

[691](12:25:21)[3]-- TIME:20090220-122521

[692](12:25:21)192.168.1.130: Timeout
[693](12:25:22)[0]-- TIME:20090220-122522

[694](12:25:23)[1]-- TIME:20090220-122523

[695](12:25:24)[2]-- TIME:20090220-122524

[696](12:25:25)[3]-- TIME:20090220-122525

[697](12:25:25)192.168.1.130: Timeout
[698](12:25:26)[0]-- TIME:20090220-122526

[699](12:25:27)[1]-- TIME:20090220-122527

[700](12:25:28)[2]-- TIME:20090220-122528

[701](12:25:29)[3]-- TIME:20090220-122529

[702](12:25:29)192.168.1.130: Timeout
[703](12:25:30)[0]-- TIME:20090220-122530

[704](12:25:31)[1]-- TIME:20090220-122531

[705](12:25:32)[2]-- TIME:20090220-122532

[706](12:25:33)[3]-- TIME:20090220-122533

[707](12:25:33)192.168.1.130: Timeout
[708](12:25:34)[0]-- TIME:20090220-122534

[709](12:25:35)[1]-- TIME:20090220-122535

[710](12:25:36)[2]-- TIME:20090220-122536

[711](12:25:37)[3]-- TIME:20090220-122537

[712](12:25:37)192.168.1.130: Timeout
[713](12:25:38)[0]-- TIME:20090220-122538

[714](12:25:39)[1]-- TIME:20090220-122539

[715](12:25:40)[2]-- TIME:20090220-122540

[716](12:25:41)[3]-- TIME:20090220-122541

[717](12:25:41)192.168.1.130: Timeout
[718](12:25:42)[0]-- TIME:20090220-122542

[719](12:25:43)[1]-- TIME:20090220-122543

[720](12:25:44)[2]-- TIME:20090220-122544

[721](12:25:45)[3]-- TIME:20090220-122545

[722](12:25:45)192.168.1.130: Timeout
[723](12:25:46)[0]-- TIME:20090220-122546

[724](12:25:47)[1]-- TIME:20090220-122547

[725](12:25:48)[2]-- TIME:20090220-122548

[726](12:25:49)[3]-- TIME:20090220-122549

[727](12:25:49)192.168.1.130: Timeout
[728](12:25:50)[0]-- TIME:20090220-122550

[729](12:25:51)[1]-- TIME:20090220-122551

[730](12:25:52)[2]-- TIME:20090220-122552

[731](12:25:53)[3]-- TIME:20090220-122553

[732](12:25:53)192.168.1.130: Timeout
[733](12:25:54)[0]-- TIME:20090220-122554

[734](12:25:55)[1]-- TIME:20090220-122555

[735](12:25:56)[2]-- TIME:20090220-122556

[736](12:25:57)[3]-- TIME:20090220-122557

[737](12:25:57)192.168.1.130: Timeout
[738](12:25:58)[0]-- TIME:20090220-122558

[739](12:25:59)[1]-- TIME:20090220-122559

[740](12:26:00)[2]-- TIME:20090220-122600

[741](12:26:01)[3]-- TIME:20090220-122601

[742](12:26:01)192.168.1.130: Timeout
[743](12:26:02)[0]-- TIME:20090220-122602

[744](12:26:03)[1]-- TIME:20090220-122603

[745](12:26:04)[2]-- TIME:20090220-122604

[746](12:26:05)[3]-- TIME:20090220-122605

[747](12:26:05)192.168.1.130: Timeout
[748](12:26:06)[0]-- TIME:20090220-122606

[749](12:26:07)[1]-- TIME:20090220-122607

[750](12:26:08)[2]-- TIME:20090220-122608

[751](12:26:09)[3]-- TIME:20090220-122609

[752](12:26:09)192.168.1.130: Timeout
[753](12:26:10)[0]-- TIME:20090220-122610

[754](12:26:11)[1]-- TIME:20090220-122611

[755](12:26:12)[2]-- TIME:20090220-122612

[756](12:26:13)[3]-- TIME:20090220-122613

[757](12:26:13)192.168.1.130: Timeout
[758](12:26:14)[0]-- TIME:20090220-122614

[759](12:26:15)[1]-- TIME:20090220-122615

[760](12:26:16)[2]-- TIME:20090220-122616

[761](12:26:17)[3]-- TIME:20090220-122617

[762](12:26:17)192.168.1.130: Timeout
[763](12:26:18)[0]-- TIME:20090220-122618

[764](12:26:19)[1]-- TIME:20090220-122619

[765](12:26:20)[2]-- TIME:20090220-122620

[766](12:26:21)[3]-- TIME:20090220-122621

[767](12:26:21)192.168.1.130: Timeout
[768](12:26:22)[0]-- TIME:20090220-122622

[769](12:26:23)[1]-- TIME:20090220-122623

[770](12:26:24)[2]-- TIME:20090220-122624

[771](12:26:25)[3]-- TIME:20090220-122625

[772](12:26:25)192.168.1.130: Timeout
[773](12:26:26)[0]-- TIME:20090220-122626

[774](12:26:27)[1]-- TIME:20090220-122627

[775](12:26:28)[2]-- TIME:20090220-122628

[776](12:26:29)[3]-- TIME:20090220-122629

[777](12:26:29)192.168.1.130: Timeout
[778](12:26:30)[0]-- TIME:20090220-122630

[779](12:26:31)[1]-- TIME:20090220-122631

[780](12:26:32)[2]-- TIME:20090220-122632

[781](12:26:33)[3]-- TIME:20090220-122633

[782](12:26:33)192.168.1.130: Timeout
[783](12:26:34)[0]-- TIME:20090220-122634

[784](12:26:35)[1]-- TIME:20090220-122635

[785](12:26:36)[2]-- TIME:20090220-122636

[786](12:26:37)[3]-- TIME:20090220-122637

[787](12:26:37)192.168.1.130: Timeout
[788](12:26:38)[0]-- TIME:20090220-122638

[789](12:26:39)[1]-- TIME:20090220-122639

[790](12:26:40)[2]-- TIME:20090220-122640

[791](12:26:41)[3]-- TIME:20090220-122641

[792](12:26:41)192.168.1.130: Timeout
[793](12:26:42)[0]-- TIME:20090220-122642

[794](12:26:43)[1]-- TIME:20090220-122643

[795](12:26:44)[2]-- TIME:20090220-122644

[796](12:26:45)[3]-- TIME:20090220-122645

[797](12:26:45)192.168.1.130: Timeout
[798](12:26:46)[0]-- TIME:20090220-122646

[799](12:26:47)[1]-- TIME:20090220-122647

[800](12:26:48)[2]-- TIME:20090220-122648

[801](12:26:49)[3]-- TIME:20090220-122649

[802](12:26:49)192.168.1.130: Timeout
[803](12:26:50)[0]-- TIME:20090220-122650

[804](12:26:51)[1]-- TIME:20090220-122651

[805](12:26:52)[2]-- TIME:20090220-122652

[806](12:26:53)[3]-- TIME:20090220-122653

[807](12:26:53)192.168.1.130: Timeout
[808](12:26:54)[0]-- TIME:20090220-122654

[809](12:26:55)[1]-- TIME:20090220-122655

[810](12:26:56)[2]-- TIME:20090220-122656

[811](12:26:57)[3]-- TIME:20090220-122657

[812](12:26:57)192.168.1.130: Timeout
[813](12:26:58)[0]-- TIME:20090220-122658

[814](12:26:59)[1]-- TIME:20090220-122659

[815](12:27:00)[2]-- TIME:20090220-122700

[816](12:27:01)[3]-- TIME:20090220-122701

[817](12:27:01)192.168.1.130: Timeout
[818](12:27:02)[0]-- TIME:20090220-122702

[819](12:27:03)[1]-- TIME:20090220-122703

[820](12:27:04)[2]-- TIME:20090220-122704

[821](12:27:05)[3]-- TIME:20090220-122705

[822](12:27:05)192.168.1.130: Timeout
[823](12:27:06)[0]-- TIME:20090220-122706

[824](12:27:07)[1]-- TIME:20090220-122707

[825](12:27:08)[2]-- TIME:20090220-122708

[826](12:27:09)[3]-- TIME:20090220-122709

[827](12:27:09)192.168.1.130: Timeout
[828](12:27:10)[0]-- TIME:20090220-122710

[829](12:27:11)[1]-- TIME:20090220-122711

[830](12:27:12)[2]-- TIME:20090220-122712

[831](12:27:13)[3]-- TIME:20090220-122713

[832](12:27:13)192.168.1.130: Timeout
[833](12:27:14)[0]-- TIME:20090220-122714

[834](12:27:15)[1]-- TIME:20090220-122715

[835](12:27:16)[2]-- TIME:20090220-122716

[836](12:27:17)[3]-- TIME:20090220-122717

[837](12:27:17)192.168.1.130: Timeout
[838](12:27:18)[0]-- TIME:20090220-122718

[839](12:27:19)[1]-- TIME:20090220-122719

[840](12:27:20)[2]-- TIME:20090220-122720

[841](12:27:21)[3]-- TIME:20090220-122721

[842](12:27:21)192.168.1.130: Timeout
[843](12:27:22)[0]-- TIME:20090220-122722

[844](12:27:23)[1]-- TIME:20090220-122723

[845](12:27:24)[2]-- TIME:20090220-122724

[846](12:27:25)[3]-- TIME:20090220-122725

[847](12:27:25)192.168.1.130: Timeout
[848](12:27:26)[0]-- TIME:20090220-122726

[849](12:27:27)[1]-- TIME:20090220-122727

[850](12:27:28)[2]-- TIME:20090220-122728

[851](12:27:29)[3]-- TIME:20090220-122729

[852](12:27:29)192.168.1.130: Timeout
[853](12:27:30)[0]-- TIME:20090220-122730

[854](12:27:31)[1]-- TIME:20090220-122731

[855](12:27:32)[2]-- TIME:20090220-122732

[856](12:27:33)[3]-- TIME:20090220-122733

[857](12:27:33)192.168.1.130: Timeout
[858](12:27:34)[0]-- TIME:20090220-122734

[859](12:27:35)[1]-- TIME:20090220-122735

[860](12:27:36)[2]-- TIME:20090220-122736

[861](12:27:37)[3]-- TIME:20090220-122737

[862](12:27:37)192.168.1.130: Timeout
[863](12:27:38)[0]-- TIME:20090220-122738

[864](12:27:39)[1]-- TIME:20090220-122739

[865](12:27:40)[2]-- TIME:20090220-122740

[866](12:27:41)[3]-- TIME:20090220-122741

[867](12:27:41)192.168.1.130: Timeout
[868](12:27:42)[0]-- TIME:20090220-122742

[869](12:27:43)[1]-- TIME:20090220-122743

[870](12:27:44)[2]-- TIME:20090220-122744

[871](12:27:45)[3]-- TIME:20090220-122745

[872](12:27:45)192.168.1.130: Timeout
[873](12:27:46)[0]-- TIME:20090220-122746

[874](12:27:47)[1]-- TIME:20090220-122747

[875](12:27:48)[2]-- TIME:20090220-122748

[876](12:27:49)[3]-- TIME:20090220-122749

[877](12:27:49)192.168.1.130: Timeout
[878](12:27:50)[0]-- TIME:20090220-122750

[879](12:27:51)[1]-- TIME:20090220-122751

[880](12:27:52)[2]-- TIME:20090220-122752

[881](12:27:53)[3]-- TIME:20090220-122753

[882](12:27:53)192.168.1.130: Timeout
[883](12:27:54)[0]-- TIME:20090220-122754

[884](12:27:55)[1]-- TIME:20090220-122755

[885](12:27:56)[2]-- TIME:20090220-122756

[886](12:27:57)[3]-- TIME:20090220-122757

[887](12:27:57)192.168.1.130: Timeout
[888](12:27:58)[0]-- TIME:20090220-122758

[889](12:27:59)[1]-- TIME:20090220-122759

[890](12:28:00)[2]-- TIME:20090220-122800

[891](12:28:01)[3]-- TIME:20090220-122801

[892](12:28:01)192.168.1.130: Timeout
[893](12:28:02)[0]-- TIME:20090220-122802

[894](12:28:03)[1]-- TIME:20090220-122803

[895](12:28:04)[2]-- TIME:20090220-122804

[896](12:28:05)[3]-- TIME:20090220-122805

[897](12:28:05)192.168.1.130: Timeout
[898](12:28:06)[0]-- TIME:20090220-122806

[899](12:28:07)[1]-- TIME:20090220-122807

[900](12:28:08)[2]-- TIME:20090220-122808

[901](12:28:09)[3]-- TIME:20090220-122809

[902](12:28:09)192.168.1.130: Timeout
[903](12:28:10)[0]-- TIME:20090220-122810

[904](12:28:11)[1]-- TIME:20090220-122811

[905](12:28:12)[2]-- TIME:20090220-122812

[906](12:28:13)[3]-- TIME:20090220-122813

[907](12:28:13)192.168.1.130: Timeout
[908](12:28:14)[0]-- TIME:20090220-122814

[909](12:28:15)[1]-- TIME:20090220-122815

[910](12:28:16)[2]-- TIME:20090220-122816

[911](12:28:17)[3]-- TIME:20090220-122817

[912](12:28:17)192.168.1.130: Timeout
[913](12:28:18)[0]-- TIME:20090220-122818

[914](12:28:19)[1]-- TIME:20090220-122819

[915](12:28:20)[2]-- TIME:20090220-122820

[916](12:28:21)[3]-- TIME:20090220-122821

[917](12:28:21)192.168.1.130: Timeout
[918](12:28:22)[0]-- TIME:20090220-122822

[919](12:28:23)[1]-- TIME:20090220-122823

[920](12:28:24)[2]-- TIME:20090220-122824

[921](12:28:25)[3]-- TIME:20090220-122825

[922](12:28:25)192.168.1.130: Timeout
[923](12:28:26)[0]-- TIME:20090220-122826

[924](12:28:27)[1]-- TIME:20090220-122827

[925](12:28:28)[2]-- TIME:20090220-122828

[926](12:28:29)[3]-- TIME:20090220-122829

[927](12:28:29)192.168.1.130: Timeout
[928](12:28:30)[0]-- TIME:20090220-122830

[929](12:28:31)[1]-- TIME:20090220-122831

[930](12:28:32)[2]-- TIME:20090220-122832

[931](12:28:33)[3]-- TIME:20090220-122833

[932](12:28:33)192.168.1.130: Timeout
[933](12:28:34)[0]-- TIME:20090220-122834

[934](12:28:35)[1]-- TIME:20090220-122835

[935](12:28:36)[2]-- TIME:20090220-122836

[936](12:28:37)[3]-- TIME:20090220-122837

[937](12:28:37)192.168.1.130: Timeout
[938](12:28:38)[0]-- TIME:20090220-122838

[939](12:28:39)[1]-- TIME:20090220-122839

[940](12:28:40)[2]-- TIME:20090220-122840

[941](12:28:41)[3]-- TIME:20090220-122841

[942](12:28:41)192.168.1.130: Timeout
[943](12:28:42)[0]-- TIME:20090220-122842

[944](12:28:43)[1]-- TIME:20090220-122843

[945](12:28:44)[2]-- TIME:20090220-122844

[946](12:28:45)[3]-- TIME:20090220-122845

[947](12:28:45)192.168.1.130: Timeout
[948](12:28:46)[0]-- TIME:20090220-122846

[949](12:28:47)[1]-- TIME:20090220-122847

[950](12:28:48)[2]-- TIME:20090220-122848

[951](12:28:49)[3]-- TIME:20090220-122849

[952](12:28:49)192.168.1.130: Timeout
[953](12:28:50)[0]-- TIME:20090220-122850

[954](12:28:51)[1]-- TIME:20090220-122851

[955](12:28:52)[2]-- TIME:20090220-122852

[956](12:28:53)[3]-- TIME:20090220-122853

[957](12:28:53)192.168.1.130: Timeout
[958](12:28:54)[0]-- TIME:20090220-122854

[959](12:28:55)[1]-- TIME:20090220-122855

[960](12:28:56)[2]-- TIME:20090220-122856

[961](12:28:57)[3]-- TIME:20090220-122857

[962](12:28:57)192.168.1.130: Timeout
[963](12:28:58)[0]-- TIME:20090220-122858

[964](12:28:59)[1]-- TIME:20090220-122859

[965](12:29:00)[2]-- TIME:20090220-122900

[966](12:29:01)[3]-- TIME:20090220-122901

[967](12:29:01)192.168.1.130: Timeout
[968](12:29:02)[0]-- TIME:20090220-122902

[969](12:29:03)[1]-- TIME:20090220-122903

[970](12:29:04)[2]-- TIME:20090220-122904

[971](12:29:05)[3]-- TIME:20090220-122905

[972](12:29:05)192.168.1.130: Timeout
[973](12:29:06)[0]-- TIME:20090220-122906

[974](12:29:07)[1]-- TIME:20090220-122907

[975](12:29:08)[2]-- TIME:20090220-122908

[976](12:29:09)[3]-- TIME:20090220-122909

[977](12:29:09)192.168.1.130: Timeout
[978](12:29:10)[0]-- TIME:20090220-122910

[979](12:29:11)[1]-- TIME:20090220-122911

[980](12:29:12)[2]-- TIME:20090220-122912

[981](12:29:13)[3]-- TIME:20090220-122913

[982](12:29:13)192.168.1.130: Timeout
[983](12:29:14)[0]-- TIME:20090220-122914

[984](12:29:15)[1]-- TIME:20090220-122915

[985](12:29:16)[2]-- TIME:20090220-122916

[986](12:29:17)[3]-- TIME:20090220-122917

[987](12:29:17)192.168.1.130: Timeout
[988](12:29:18)[0]-- TIME:20090220-122918

[989](12:29:19)[1]-- TIME:20090220-122919

[990](12:29:20)[2]-- TIME:20090220-122920

[991](12:29:21)[3]-- TIME:20090220-122921

[992](12:29:21)192.168.1.130: Timeout
[993](12:29:22)[0]-- TIME:20090220-122922

[994](12:29:23)[1]-- TIME:20090220-122923

[995](12:29:24)[2]-- TIME:20090220-122924

[996](12:29:25)[3]-- TIME:20090220-122925

[997](12:29:25)192.168.1.130: Timeout
[998](12:29:26)[0]-- TIME:20090220-122926

[999](12:29:27)[1]-- TIME:20090220-122927

[1000](12:29:28)[2]-- TIME:20090220-122928
