
[0](20:57:33)======== MONITA APP STARTING ===========
[1](20:57:33)Load file konfigurasi
[2](20:57:33)Baca konfig
[3](20:57:33)Baca konfig: OK
[4](20:57:34)Mulai logging data
[5](20:57:35)[0]-- TIME:20090305-205735

[6](20:57:36)[1]-- TIME:20090305-205736

[7](20:57:37)[2]-- TIME:20090305-205737

[8](20:57:38)[3]-- TIME:20090305-205738

[9](20:57:38)ALARM: Data Titik 1 (KWH) diluar jangkauan ukur
[10](20:57:38)ALARM: Data Titik 2 (KVARH) diluar jangkauan ukur
[11](20:57:39)[0]-- TIME:20090305-205739

[12](20:57:40)[1]-- TIME:20090305-205740

[13](20:57:41)[2]-- TIME:20090305-205741

[14](20:57:42)[3]-- TIME:20090305-205742

[15](20:57:42)ALARM: Data Titik 1 (KWH) diluar jangkauan ukur
[16](20:57:42)ALARM: Data Titik 2 (KVARH) diluar jangkauan ukur
[17](20:57:43)[0]-- TIME:20090305-205743

[18](20:57:44)[1]-- TIME:20090305-205744

[19](20:57:45)[2]-- TIME:20090305-205745

[20](20:57:46)[3]-- TIME:20090305-205746

[21](20:57:46)ALARM: Data Titik 1 (KWH) diluar jangkauan ukur
[22](20:57:46)ALARM: Data Titik 2 (KVARH) diluar jangkauan ukur
[23](20:57:47)[0]-- TIME:20090305-205747

[24](20:57:48)[1]-- TIME:20090305-205748

[25](20:57:49)[2]-- TIME:20090305-205749

[26](20:57:50)[3]-- TIME:20090305-205750

[27](20:57:50)ALARM: Data Titik 1 (KWH) diluar jangkauan ukur
[28](20:57:50)ALARM: Data Titik 2 (KVARH) diluar jangkauan ukur
[29](20:57:51)[0]-- TIME:20090305-205751

[30](20:57:52)[1]-- TIME:20090305-205752

[31](20:57:53)[2]-- TIME:20090305-205753

[32](20:57:54)[3]-- TIME:20090305-205754

[33](20:57:54)ALARM: Data Titik 1 (KWH) diluar jangkauan ukur
[34](20:57:54)ALARM: Data Titik 2 (KVARH) diluar jangkauan ukur
[35](20:57:55)[0]-- TIME:20090305-205755

[36](20:57:56)[1]-- TIME:20090305-205756

[37](20:57:57)[2]-- TIME:20090305-205757

[38](20:57:58)[3]-- TIME:20090305-205758

[39](20:57:59)ALARM: Data Titik 1 (KWH) diluar jangkauan ukur
[40](20:57:59)ALARM: Data Titik 2 (KVARH) diluar jangkauan ukur
[41](20:57:59)[0]-- TIME:20090305-205759

[42](20:58:00)[1]-- TIME:20090305-205800

[43](20:58:01)[2]-- TIME:20090305-205801

[44](20:58:02)[3]-- TIME:20090305-205802

[45](20:58:02)ALARM: Data Titik 1 (KWH) diluar jangkauan ukur
[46](20:58:02)ALARM: Data Titik 2 (KVARH) diluar jangkauan ukur
[47](20:58:03)[0]-- TIME:20090305-205803

[48](20:58:04)[1]-- TIME:20090305-205804

[49](20:58:05)[2]-- TIME:20090305-205805

[50](20:58:06)[3]-- TIME:20090305-205806

[51](20:58:06)ALARM: Data Titik 1 (KWH) diluar jangkauan ukur
[52](20:58:06)ALARM: Data Titik 2 (KVARH) diluar jangkauan ukur
[53](20:58:07)[0]-- TIME:20090305-205807

[54](20:58:08)[1]-- TIME:20090305-205808

[55](20:58:09)[2]-- TIME:20090305-205809

[56](20:58:10)[3]-- TIME:20090305-205810

[57](20:58:10)ALARM: Data Titik 1 (KWH) diluar jangkauan ukur
[58](20:58:10)ALARM: Data Titik 2 (KVARH) diluar jangkauan ukur
[59](20:58:11)[0]-- TIME:20090305-205811

[60](20:58:12)[1]-- TIME:20090305-205812

[61](20:58:13)[2]-- TIME:20090305-205813

[62](20:58:14)[3]-- TIME:20090305-205814

[63](20:58:14)ALARM: Data Titik 1 (KWH) diluar jangkauan ukur
[64](20:58:14)ALARM: Data Titik 2 (KVARH) diluar jangkauan ukur
[65](20:58:15)[0]-- TIME:20090305-205815

[66](20:58:16)[1]-- TIME:20090305-205816

[67](20:58:17)[2]-- TIME:20090305-205817

[68](20:58:18)[3]-- TIME:20090305-205818

[69](20:58:18)ALARM: Data Titik 1 (KWH) diluar jangkauan ukur
[70](20:58:18)ALARM: Data Titik 2 (KVARH) diluar jangkauan ukur
[71](20:58:19)[0]-- TIME:20090305-205819

[72](20:58:20)[1]-- TIME:20090305-205820

[73](20:58:21)[2]-- TIME:20090305-205821

[74](20:58:22)[3]-- TIME:20090305-205822

[75](20:58:22)ALARM: Data Titik 1 (KWH) diluar jangkauan ukur
[76](20:58:22)ALARM: Data Titik 2 (KVARH) diluar jangkauan ukur
[77](20:58:23)[0]-- TIME:20090305-205823

[78](20:58:24)[1]-- TIME:20090305-205824

[79](20:58:25)[2]-- TIME:20090305-205825

[80](20:58:26)[3]-- TIME:20090305-205826

[81](20:58:26)ALARM: Data Titik 1 (KWH) diluar jangkauan ukur
[82](20:58:26)ALARM: Data Titik 2 (KVARH) diluar jangkauan ukur
[83](20:58:27)[0]-- TIME:20090305-205827

[84](20:58:28)[1]-- TIME:20090305-205828

[85](20:58:29)[2]-- TIME:20090305-205829

[86](20:58:30)[3]-- TIME:20090305-205830

[87](20:58:30)ALARM: Data Titik 1 (KWH) diluar jangkauan ukur
[88](20:58:30)ALARM: Data Titik 2 (KVARH) diluar jangkauan ukur
[89](20:58:31)[0]-- TIME:20090305-205831

[90](20:58:32)[1]-- TIME:20090305-205832

[91](20:58:33)[2]-- TIME:20090305-205833

[92](20:58:34)[3]-- TIME:20090305-205834

[93](20:58:34)ALARM: Data Titik 1 (KWH) diluar jangkauan ukur
[94](20:58:34)ALARM: Data Titik 2 (KVARH) diluar jangkauan ukur
[95](20:58:35)[0]-- TIME:20090305-205835

[96](20:58:36)[1]-- TIME:20090305-205836

[97](20:58:37)[2]-- TIME:20090305-205837

[98](20:58:38)[3]-- TIME:20090305-205838

[99](20:58:38)ALARM: Data Titik 1 (KWH) diluar jangkauan ukur
[100](20:58:38)ALARM: Data Titik 2 (KVARH) diluar jangkauan ukur
[101](20:58:39)[0]-- TIME:20090305-205839

[102](20:58:40)[1]-- TIME:20090305-205840

[103](20:58:41)[2]-- TIME:20090305-205841

[104](20:58:42)[3]-- TIME:20090305-205842

[105](20:58:42)ALARM: Data Titik 1 (KWH) diluar jangkauan ukur
[106](20:58:42)ALARM: Data Titik 2 (KVARH) diluar jangkauan ukur
[107](20:58:43)[0]-- TIME:20090305-205843

[108](20:58:44)[1]-- TIME:20090305-205844

[109](20:58:45)[2]-- TIME:20090305-205845

[110](20:58:46)[3]-- TIME:20090305-205846

[111](20:58:47)ALARM: Data Titik 1 (KWH) diluar jangkauan ukur
[112](20:58:47)ALARM: Data Titik 2 (KVARH) diluar jangkauan ukur
[113](20:58:47)[0]-- TIME:20090305-205847

[114](20:58:48)[1]-- TIME:20090305-205848

[115](20:58:49)[2]-- TIME:20090305-205849

[116](20:58:50)[3]-- TIME:20090305-205850

[117](20:58:50)ALARM: Data Titik 1 (KWH) diluar jangkauan ukur
[118](20:58:50)ALARM: Data Titik 2 (KVARH) diluar jangkauan ukur
[119](20:58:51)[0]-- TIME:20090305-205851

[120](20:58:52)[1]-- TIME:20090305-205852

[121](20:58:53)[2]-- TIME:20090305-205853

[122](20:58:54)[3]-- TIME:20090305-205854

[123](20:58:57)ALARM: Data Titik 1 (KWH) diluar jangkauan ukur
[124](20:58:59)ALARM: Data Titik 2 (KVARH) diluar jangkauan ukur
[125](20:59:00)[0]-- TIME:20090305-205900

[126](20:59:03)[1]-- TIME:20090305-205903

[127](20:59:04)[2]-- TIME:20090305-205904

[128](20:59:05)[3]-- TIME:20090305-205905

[129](20:59:05)10.23.128.24: Timeout
[130](20:59:06)[0]-- TIME:20090305-205906

[131](20:59:07)[1]-- TIME:20090305-205907

[132](20:59:08)[2]-- TIME:20090305-205908

[133](20:59:09)[3]-- TIME:20090305-205909

[134](20:59:09)ALARM: Data Titik 1 (KWH) diluar jangkauan ukur
[135](20:59:09)ALARM: Data Titik 2 (KVARH) diluar jangkauan ukur
[136](20:59:10)[0]-- TIME:20090305-205910

[137](20:59:11)[1]-- TIME:20090305-205911

[138](20:59:12)[2]-- TIME:20090305-205912

[139](20:59:13)[3]-- TIME:20090305-205913

[140](20:59:13)ALARM: Data Titik 1 (KWH) diluar jangkauan ukur
[141](20:59:13)ALARM: Data Titik 2 (KVARH) diluar jangkauan ukur
[142](20:59:14)[0]-- TIME:20090305-205914

[143](20:59:15)[1]-- TIME:20090305-205915

[144](20:59:16)[2]-- TIME:20090305-205916

[145](20:59:17)[3]-- TIME:20090305-205917

[146](20:59:17)ALARM: Data Titik 1 (KWH) diluar jangkauan ukur
[147](20:59:17)ALARM: Data Titik 2 (KVARH) diluar jangkauan ukur
[148](20:59:18)[0]-- TIME:20090305-205918

[149](20:59:19)[1]-- TIME:20090305-205919

[150](20:59:20)[2]-- TIME:20090305-205920

[151](20:59:21)[3]-- TIME:20090305-205921

[152](20:59:21)ALARM: Data Titik 1 (KWH) diluar jangkauan ukur
[153](20:59:21)ALARM: Data Titik 2 (KVARH) diluar jangkauan ukur
[154](20:59:22)[0]-- TIME:20090305-205922

[155](20:59:23)[1]-- TIME:20090305-205923

[156](20:59:24)[2]-- TIME:20090305-205924

[157](20:59:25)[3]-- TIME:20090305-205925

[158](20:59:25)ALARM: Data Titik 1 (KWH) diluar jangkauan ukur
[159](20:59:25)ALARM: Data Titik 2 (KVARH) diluar jangkauan ukur
[160](20:59:26)[0]-- TIME:20090305-205926

[161](20:59:27)[1]-- TIME:20090305-205927

[162](20:59:28)[2]-- TIME:20090305-205928

[163](20:59:29)[3]-- TIME:20090305-205929

[164](20:59:29)ALARM: Data Titik 1 (KWH) diluar jangkauan ukur
[165](20:59:29)ALARM: Data Titik 2 (KVARH) diluar jangkauan ukur