
[0](00:23:07)ALARM: Data Titik 2 (KVARH) diluar jangkauan ukur
[1](00:23:08)[0]-- TIME:20090306-002308

[2](00:23:09)[1]-- TIME:20090306-002309

[3](00:23:10)[2]-- TIME:20090306-002310

[4](00:23:11)[3]-- TIME:20090306-002311

[5](00:23:11)ALARM: Data Titik 1 (KWH) diluar jangkauan ukur
[6](00:23:11)ALARM: Data Titik 2 (KVARH) diluar jangkauan ukur
[7](00:23:12)[0]-- TIME:20090306-002312

[8](00:23:13)[1]-- TIME:20090306-002313

[9](00:23:14)[2]-- TIME:20090306-002314

[10](00:23:15)[3]-- TIME:20090306-002315

[11](00:23:15)ALARM: Data Titik 1 (KWH) diluar jangkauan ukur
[12](00:23:15)ALARM: Data Titik 2 (KVARH) diluar jangkauan ukur
[13](00:23:16)[0]-- TIME:20090306-002316

[14](00:23:17)[1]-- TIME:20090306-002317

[15](00:23:18)[2]-- TIME:20090306-002318

[16](00:23:19)[3]-- TIME:20090306-002319

[17](00:23:19)ALARM: Data Titik 1 (KWH) diluar jangkauan ukur
[18](00:23:19)ALARM: Data Titik 2 (KVARH) diluar jangkauan ukur
[19](00:23:20)[0]-- TIME:20090306-002320

[20](00:23:21)[1]-- TIME:20090306-002321

[21](00:23:22)[2]-- TIME:20090306-002322

[22](00:23:23)[3]-- TIME:20090306-002323

[23](00:23:23)ALARM: Data Titik 1 (KWH) diluar jangkauan ukur
[24](00:23:23)ALARM: Data Titik 2 (KVARH) diluar jangkauan ukur
[25](00:23:24)[0]-- TIME:20090306-002324

[26](00:23:25)[1]-- TIME:20090306-002325

[27](00:23:26)[2]-- TIME:20090306-002326

[28](00:23:27)[3]-- TIME:20090306-002327

[29](00:23:27)ALARM: Data Titik 1 (KWH) diluar jangkauan ukur
[30](00:23:27)ALARM: Data Titik 2 (KVARH) diluar jangkauan ukur
[31](00:23:28)[0]-- TIME:20090306-002328

[32](00:23:29)[1]-- TIME:20090306-002329

[33](00:23:30)[2]-- TIME:20090306-002330

[34](00:23:31)[3]-- TIME:20090306-002331

[35](00:23:31)ALARM: Data Titik 1 (KWH) diluar jangkauan ukur
[36](00:23:31)ALARM: Data Titik 2 (KVARH) diluar jangkauan ukur
[37](00:23:32)[0]-- TIME:20090306-002332

[38](00:23:33)[1]-- TIME:20090306-002333

[39](00:23:34)[2]-- TIME:20090306-002334

[40](00:23:35)[3]-- TIME:20090306-002335

[41](00:23:35)ALARM: Data Titik 1 (KWH) diluar jangkauan ukur
[42](00:23:35)ALARM: Data Titik 2 (KVARH) diluar jangkauan ukur
[43](00:23:36)[0]-- TIME:20090306-002336

[44](00:23:37)[1]-- TIME:20090306-002337

[45](00:23:38)[2]-- TIME:20090306-002338

[46](00:23:39)[3]-- TIME:20090306-002339

[47](00:23:39)ALARM: Data Titik 1 (KWH) diluar jangkauan ukur
[48](00:23:39)ALARM: Data Titik 2 (KVARH) diluar jangkauan ukur
[49](00:23:40)[0]-- TIME:20090306-002340

[50](00:23:41)[1]-- TIME:20090306-002341

[51](00:23:42)[2]-- TIME:20090306-002342

[52](00:23:43)[3]-- TIME:20090306-002343

[53](00:23:43)ALARM: Data Titik 1 (KWH) diluar jangkauan ukur
[54](00:23:43)ALARM: Data Titik 2 (KVARH) diluar jangkauan ukur
[55](00:23:44)[0]-- TIME:20090306-002344

[56](00:23:45)[1]-- TIME:20090306-002345

[57](00:23:46)[2]-- TIME:20090306-002346

[58](00:23:47)[3]-- TIME:20090306-002347

[59](00:23:47)ALARM: Data Titik 1 (KWH) diluar jangkauan ukur
[60](00:23:47)ALARM: Data Titik 2 (KVARH) diluar jangkauan ukur
[61](00:23:48)[0]-- TIME:20090306-002348

[62](00:23:49)[1]-- TIME:20090306-002349

[63](00:23:50)[2]-- TIME:20090306-002350

[64](00:23:51)[3]-- TIME:20090306-002351

[65](00:23:51)ALARM: Data Titik 1 (KWH) diluar jangkauan ukur
[66](00:23:51)ALARM: Data Titik 2 (KVARH) diluar jangkauan ukur
[67](00:23:52)[0]-- TIME:20090306-002352

[68](00:23:53)[1]-- TIME:20090306-002353

[69](00:23:54)[2]-- TIME:20090306-002354

[70](00:23:55)[3]-- TIME:20090306-002355

[71](00:23:55)ALARM: Data Titik 1 (KWH) diluar jangkauan ukur
[72](00:23:55)ALARM: Data Titik 2 (KVARH) diluar jangkauan ukur
[73](00:23:56)[0]-- TIME:20090306-002356

[74](00:23:57)[1]-- TIME:20090306-002357

[75](00:23:58)[2]-- TIME:20090306-002358

[76](00:23:59)[3]-- TIME:20090306-002359

[77](00:23:59)ALARM: Data Titik 1 (KWH) diluar jangkauan ukur
[78](00:23:59)ALARM: Data Titik 2 (KVARH) diluar jangkauan ukur
[79](00:24:00)[0]-- TIME:20090306-002400

[80](00:24:01)[1]-- TIME:20090306-002401

[81](00:24:02)[2]-- TIME:20090306-002402

[82](00:24:03)[3]-- TIME:20090306-002403

[83](00:24:03)ALARM: Data Titik 1 (KWH) diluar jangkauan ukur
[84](00:24:03)ALARM: Data Titik 2 (KVARH) diluar jangkauan ukur
[85](00:24:04)[0]-- TIME:20090306-002404

[86](00:24:05)[1]-- TIME:20090306-002405

[87](00:24:06)[2]-- TIME:20090306-002406

[88](00:24:07)[3]-- TIME:20090306-002407

[89](00:24:07)ALARM: Data Titik 1 (KWH) diluar jangkauan ukur
[90](00:24:07)ALARM: Data Titik 2 (KVARH) diluar jangkauan ukur
[91](00:24:08)[0]-- TIME:20090306-002408

[92](00:24:09)[1]-- TIME:20090306-002409

[93](00:24:10)[2]-- TIME:20090306-002410

[94](00:24:11)[3]-- TIME:20090306-002411

[95](00:24:11)ALARM: Data Titik 1 (KWH) diluar jangkauan ukur
[96](00:24:11)ALARM: Data Titik 2 (KVARH) diluar jangkauan ukur
[97](00:24:12)[0]-- TIME:20090306-002412

[98](00:24:13)[1]-- TIME:20090306-002413

[99](00:24:14)[2]-- TIME:20090306-002414

[100](00:24:15)[3]-- TIME:20090306-002415

[101](00:24:15)ALARM: Data Titik 1 (KWH) diluar jangkauan ukur
[102](00:24:15)ALARM: Data Titik 2 (KVARH) diluar jangkauan ukur
[103](00:24:16)[0]-- TIME:20090306-002416

[104](00:24:17)[1]-- TIME:20090306-002417

[105](00:24:18)[2]-- TIME:20090306-002418

[106](00:24:19)[3]-- TIME:20090306-002419

[107](00:24:19)ALARM: Data Titik 1 (KWH) diluar jangkauan ukur
[108](00:24:19)ALARM: Data Titik 2 (KVARH) diluar jangkauan ukur
[109](00:24:20)[0]-- TIME:20090306-002420

[110](00:24:21)[1]-- TIME:20090306-002421

[111](00:24:22)[2]-- TIME:20090306-002422

[112](00:24:23)[3]-- TIME:20090306-002423

[113](00:24:23)ALARM: Data Titik 1 (KWH) diluar jangkauan ukur
[114](00:24:23)ALARM: Data Titik 2 (KVARH) diluar jangkauan ukur
[115](00:24:24)[0]-- TIME:20090306-002424

[116](00:24:25)[1]-- TIME:20090306-002425

[117](00:24:26)[2]-- TIME:20090306-002426

[118](00:24:27)[3]-- TIME:20090306-002427

[119](00:24:27)ALARM: Data Titik 1 (KWH) diluar jangkauan ukur
[120](00:24:27)ALARM: Data Titik 2 (KVARH) diluar jangkauan ukur
[121](00:24:28)[0]-- TIME:20090306-002428

[122](00:24:29)[1]-- TIME:20090306-002429

[123](00:24:30)[2]-- TIME:20090306-002430

[124](00:24:31)[3]-- TIME:20090306-002431

[125](00:24:31)ALARM: Data Titik 1 (KWH) diluar jangkauan ukur
[126](00:24:31)ALARM: Data Titik 2 (KVARH) diluar jangkauan ukur
[127](00:24:32)[0]-- TIME:20090306-002432

[128](00:24:33)[1]-- TIME:20090306-002433

[129](00:24:34)[2]-- TIME:20090306-002434

[130](00:24:35)[3]-- TIME:20090306-002435

[131](00:24:35)ALARM: Data Titik 1 (KWH) diluar jangkauan ukur
[132](00:24:35)ALARM: Data Titik 2 (KVARH) diluar jangkauan ukur
[133](00:24:36)[0]-- TIME:20090306-002436

[134](00:24:37)[1]-- TIME:20090306-002437

[135](00:24:38)[2]-- TIME:20090306-002438

[136](00:24:39)[3]-- TIME:20090306-002439

[137](00:24:39)ALARM: Data Titik 1 (KWH) diluar jangkauan ukur
[138](00:24:39)ALARM: Data Titik 2 (KVARH) diluar jangkauan ukur
[139](00:24:40)[0]-- TIME:20090306-002440

[140](00:24:41)[1]-- TIME:20090306-002441

[141](00:24:42)[2]-- TIME:20090306-002442

[142](00:24:43)[3]-- TIME:20090306-002443

[143](00:24:43)ALARM: Data Titik 1 (KWH) diluar jangkauan ukur
[144](00:24:43)ALARM: Data Titik 2 (KVARH) diluar jangkauan ukur
[145](00:24:44)[0]-- TIME:20090306-002444

[146](00:24:45)[1]-- TIME:20090306-002445

[147](00:24:46)[2]-- TIME:20090306-002446

[148](00:24:47)[3]-- TIME:20090306-002447

[149](00:24:47)ALARM: Data Titik 1 (KWH) diluar jangkauan ukur
[150](00:24:47)ALARM: Data Titik 2 (KVARH) diluar jangkauan ukur
[151](00:24:48)[0]-- TIME:20090306-002448

[152](00:24:49)[1]-- TIME:20090306-002449

[153](00:24:50)[2]-- TIME:20090306-002450

[154](00:24:51)[3]-- TIME:20090306-002451

[155](00:24:51)ALARM: Data Titik 1 (KWH) diluar jangkauan ukur
[156](00:24:51)ALARM: Data Titik 2 (KVARH) diluar jangkauan ukur
[157](00:24:52)[0]-- TIME:20090306-002452

[158](00:24:53)[1]-- TIME:20090306-002453

[159](00:24:54)[2]-- TIME:20090306-002454

[160](00:24:55)[3]-- TIME:20090306-002455

[161](00:24:55)ALARM: Data Titik 1 (KWH) diluar jangkauan ukur
[162](00:24:55)ALARM: Data Titik 2 (KVARH) diluar jangkauan ukur
[163](00:24:56)[0]-- TIME:20090306-002456

[164](00:24:57)[1]-- TIME:20090306-002457

[165](00:24:58)[2]-- TIME:20090306-002458

[166](00:24:59)[3]-- TIME:20090306-002459

[167](00:24:59)ALARM: Data Titik 1 (KWH) diluar jangkauan ukur
[168](00:24:59)ALARM: Data Titik 2 (KVARH) diluar jangkauan ukur
[169](00:25:00)[0]-- TIME:20090306-002500

[170](00:25:01)[1]-- TIME:20090306-002501

[171](00:25:02)[2]-- TIME:20090306-002502

[172](00:25:03)[3]-- TIME:20090306-002503

[173](00:25:03)ALARM: Data Titik 1 (KWH) diluar jangkauan ukur
[174](00:25:03)ALARM: Data Titik 2 (KVARH) diluar jangkauan ukur
[175](00:25:04)[0]-- TIME:20090306-002504

[176](00:25:05)[1]-- TIME:20090306-002505

[177](00:25:06)[2]-- TIME:20090306-002506

[178](00:25:07)[3]-- TIME:20090306-002507

[179](00:25:07)ALARM: Data Titik 1 (KWH) diluar jangkauan ukur
[180](00:25:07)ALARM: Data Titik 2 (KVARH) diluar jangkauan ukur
[181](00:25:08)[0]-- TIME:20090306-002508

[182](00:25:09)[1]-- TIME:20090306-002509

[183](00:25:10)[2]-- TIME:20090306-002510

[184](00:25:11)[3]-- TIME:20090306-002511

[185](00:25:11)ALARM: Data Titik 1 (KWH) diluar jangkauan ukur
[186](00:25:11)ALARM: Data Titik 2 (KVARH) diluar jangkauan ukur
[187](00:25:12)[0]-- TIME:20090306-002512

[188](00:25:13)[1]-- TIME:20090306-002513

[189](00:25:14)[2]-- TIME:20090306-002514

[190](00:25:15)[3]-- TIME:20090306-002515

[191](00:25:15)ALARM: Data Titik 1 (KWH) diluar jangkauan ukur
[192](00:25:15)ALARM: Data Titik 2 (KVARH) diluar jangkauan ukur
[193](00:25:16)[0]-- TIME:20090306-002516

[194](00:25:17)[1]-- TIME:20090306-002517

[195](00:25:18)[2]-- TIME:20090306-002518

[196](00:25:19)[3]-- TIME:20090306-002519

[197](00:25:19)ALARM: Data Titik 1 (KWH) diluar jangkauan ukur
[198](00:25:19)ALARM: Data Titik 2 (KVARH) diluar jangkauan ukur
[199](00:25:20)[0]-- TIME:20090306-002520

[200](00:25:21)[1]-- TIME:20090306-002521

[201](00:25:22)[2]-- TIME:20090306-002522

[202](00:25:23)[3]-- TIME:20090306-002523

[203](00:25:23)ALARM: Data Titik 1 (KWH) diluar jangkauan ukur
[204](00:25:23)ALARM: Data Titik 2 (KVARH) diluar jangkauan ukur
[205](00:25:24)[0]-- TIME:20090306-002524

[206](00:25:25)[1]-- TIME:20090306-002525

[207](00:25:26)[2]-- TIME:20090306-002526

[208](00:25:27)[3]-- TIME:20090306-002527

[209](00:25:27)ALARM: Data Titik 1 (KWH) diluar jangkauan ukur
[210](00:25:27)ALARM: Data Titik 2 (KVARH) diluar jangkauan ukur
[211](00:25:28)[0]-- TIME:20090306-002528

[212](00:25:29)[1]-- TIME:20090306-002529

[213](00:25:30)[2]-- TIME:20090306-002530

[214](00:25:31)[3]-- TIME:20090306-002531

[215](00:25:31)ALARM: Data Titik 1 (KWH) diluar jangkauan ukur
[216](00:25:31)ALARM: Data Titik 2 (KVARH) diluar jangkauan ukur
[217](00:25:32)[0]-- TIME:20090306-002532

[218](00:25:33)[1]-- TIME:20090306-002533

[219](00:25:34)[2]-- TIME:20090306-002534

[220](00:25:35)[3]-- TIME:20090306-002535

[221](00:25:35)ALARM: Data Titik 1 (KWH) diluar jangkauan ukur
[222](00:25:35)ALARM: Data Titik 2 (KVARH) diluar jangkauan ukur
[223](00:25:36)[0]-- TIME:20090306-002536

[224](00:25:37)[1]-- TIME:20090306-002537

[225](00:25:38)[2]-- TIME:20090306-002538

[226](00:25:39)[3]-- TIME:20090306-002539

[227](00:25:39)ALARM: Data Titik 1 (KWH) diluar jangkauan ukur
[228](00:25:39)ALARM: Data Titik 2 (KVARH) diluar jangkauan ukur
[229](00:25:40)[0]-- TIME:20090306-002540

[230](00:25:41)[1]-- TIME:20090306-002541

[231](00:25:42)[2]-- TIME:20090306-002542

[232](00:25:43)[3]-- TIME:20090306-002543

[233](00:25:43)ALARM: Data Titik 1 (KWH) diluar jangkauan ukur
[234](00:25:43)ALARM: Data Titik 2 (KVARH) diluar jangkauan ukur
[235](00:25:44)[0]-- TIME:20090306-002544

[236](00:25:45)[1]-- TIME:20090306-002545

[237](00:25:46)[2]-- TIME:20090306-002546

[238](00:25:47)[3]-- TIME:20090306-002547

[239](00:25:47)ALARM: Data Titik 1 (KWH) diluar jangkauan ukur
[240](00:25:47)ALARM: Data Titik 2 (KVARH) diluar jangkauan ukur
[241](00:25:48)[0]-- TIME:20090306-002548

[242](00:25:49)[1]-- TIME:20090306-002549

[243](00:25:50)[2]-- TIME:20090306-002550

[244](00:25:51)[3]-- TIME:20090306-002551

[245](00:25:51)10.23.128.24: Timeout
[246](00:25:52)[0]-- TIME:20090306-002552

[247](00:25:53)[1]-- TIME:20090306-002553

[248](00:25:54)[2]-- TIME:20090306-002554

[249](00:25:55)[3]-- TIME:20090306-002555

[250](00:25:55)ALARM: Data Titik 1 (KWH) diluar jangkauan ukur
[251](00:25:55)ALARM: Data Titik 2 (KVARH) diluar jangkauan ukur
[252](00:25:56)[0]-- TIME:20090306-002556

[253](00:25:57)[1]-- TIME:20090306-002557

[254](00:25:58)[2]-- TIME:20090306-002558

[255](00:25:59)[3]-- TIME:20090306-002559

[256](00:25:59)ALARM: Data Titik 1 (KWH) diluar jangkauan ukur
[257](00:25:59)ALARM: Data Titik 2 (KVARH) diluar jangkauan ukur
[258](00:26:00)[0]-- TIME:20090306-002600

[259](00:26:01)[1]-- TIME:20090306-002601

[260](00:26:02)[2]-- TIME:20090306-002602

[261](00:26:03)[3]-- TIME:20090306-002603

[262](00:26:03)10.23.128.24: Timeout
[263](00:26:04)[0]-- TIME:20090306-002604

[264](00:26:05)[1]-- TIME:20090306-002605

[265](00:26:06)[2]-- TIME:20090306-002606

[266](00:26:07)[3]-- TIME:20090306-002607

[267](00:26:07)10.23.128.24: Timeout
[268](00:26:08)[0]-- TIME:20090306-002608

[269](00:26:09)[1]-- TIME:20090306-002609

[270](00:26:10)[2]-- TIME:20090306-002610

[271](00:26:11)[3]-- TIME:20090306-002611

[272](00:26:11)ALARM: Data Titik 1 (KWH) diluar jangkauan ukur
[273](00:26:11)ALARM: Data Titik 2 (KVARH) diluar jangkauan ukur
[274](00:26:12)[0]-- TIME:20090306-002612

[275](00:26:13)[1]-- TIME:20090306-002613

[276](00:26:14)[2]-- TIME:20090306-002614

[277](00:26:15)[3]-- TIME:20090306-002615

[278](00:26:15)ALARM: Data Titik 1 (KWH) diluar jangkauan ukur
[279](00:26:15)ALARM: Data Titik 2 (KVARH) diluar jangkauan ukur
[280](00:26:16)[0]-- TIME:20090306-002616

[281](00:26:17)[1]-- TIME:20090306-002617

[282](00:26:18)[2]-- TIME:20090306-002618

[283](00:26:19)[3]-- TIME:20090306-002619

[284](00:26:19)ALARM: Data Titik 1 (KWH) diluar jangkauan ukur
[285](00:26:19)ALARM: Data Titik 2 (KVARH) diluar jangkauan ukur
[286](00:26:20)[0]-- TIME:20090306-002620

[287](00:26:21)[1]-- TIME:20090306-002621

[288](00:26:22)[2]-- TIME:20090306-002622

[289](00:26:23)[3]-- TIME:20090306-002623

[290](00:26:23)ALARM: Data Titik 1 (KWH) diluar jangkauan ukur
[291](00:26:23)ALARM: Data Titik 2 (KVARH) diluar jangkauan ukur
[292](00:26:24)[0]-- TIME:20090306-002624

[293](00:26:25)[1]-- TIME:20090306-002625

[294](00:26:26)[2]-- TIME:20090306-002626

[295](00:26:27)[3]-- TIME:20090306-002627

[296](00:26:27)ALARM: Data Titik 1 (KWH) diluar jangkauan ukur
[297](00:26:27)ALARM: Data Titik 2 (KVARH) diluar jangkauan ukur
[298](00:26:28)[0]-- TIME:20090306-002628

[299](00:26:29)[1]-- TIME:20090306-002629

[300](00:26:30)[2]-- TIME:20090306-002630

[301](00:26:31)[3]-- TIME:20090306-002631

[302](00:26:31)ALARM: Data Titik 1 (KWH) diluar jangkauan ukur
[303](00:26:31)ALARM: Data Titik 2 (KVARH) diluar jangkauan ukur
[304](00:26:32)[0]-- TIME:20090306-002632

[305](00:26:33)[1]-- TIME:20090306-002633

[306](00:26:34)[2]-- TIME:20090306-002634

[307](00:26:35)[3]-- TIME:20090306-002635

[308](00:26:35)ALARM: Data Titik 1 (KWH) diluar jangkauan ukur
[309](00:26:35)ALARM: Data Titik 2 (KVARH) diluar jangkauan ukur
[310](00:26:36)[0]-- TIME:20090306-002636

[311](00:26:37)[1]-- TIME:20090306-002637

[312](00:26:38)[2]-- TIME:20090306-002638

[313](00:26:39)[3]-- TIME:20090306-002639

[314](00:26:39)ALARM: Data Titik 1 (KWH) diluar jangkauan ukur
[315](00:26:39)ALARM: Data Titik 2 (KVARH) diluar jangkauan ukur
[316](00:26:40)[0]-- TIME:20090306-002640

[317](00:26:41)[1]-- TIME:20090306-002641

[318](00:26:42)[2]-- TIME:20090306-002642

[319](00:26:43)[3]-- TIME:20090306-002643

[320](00:26:43)ALARM: Data Titik 1 (KWH) diluar jangkauan ukur
[321](00:26:43)ALARM: Data Titik 2 (KVARH) diluar jangkauan ukur
[322](00:26:44)[0]-- TIME:20090306-002644

[323](00:26:45)[1]-- TIME:20090306-002645

[324](00:26:46)[2]-- TIME:20090306-002646

[325](00:26:47)[3]-- TIME:20090306-002647

[326](00:26:47)ALARM: Data Titik 1 (KWH) diluar jangkauan ukur
[327](00:26:47)ALARM: Data Titik 2 (KVARH) diluar jangkauan ukur
[328](00:26:48)[0]-- TIME:20090306-002648

[329](00:26:49)[1]-- TIME:20090306-002649

[330](00:26:50)[2]-- TIME:20090306-002650

[331](00:26:51)[3]-- TIME:20090306-002651

[332](00:26:51)ALARM: Data Titik 1 (KWH) diluar jangkauan ukur
[333](00:26:51)ALARM: Data Titik 2 (KVARH) diluar jangkauan ukur
[334](00:26:52)[0]-- TIME:20090306-002652

[335](00:26:53)[1]-- TIME:20090306-002653

[336](00:26:54)[2]-- TIME:20090306-002654

[337](00:26:55)[3]-- TIME:20090306-002655

[338](00:26:55)ALARM: Data Titik 1 (KWH) diluar jangkauan ukur
[339](00:26:55)ALARM: Data Titik 2 (KVARH) diluar jangkauan ukur
[340](00:26:56)[0]-- TIME:20090306-002656

[341](00:26:57)[1]-- TIME:20090306-002657

[342](00:26:58)[2]-- TIME:20090306-002658

[343](00:26:59)[3]-- TIME:20090306-002659

[344](00:26:59)ALARM: Data Titik 1 (KWH) diluar jangkauan ukur
[345](00:26:59)ALARM: Data Titik 2 (KVARH) diluar jangkauan ukur
[346](00:27:00)[0]-- TIME:20090306-002700

[347](00:27:01)[1]-- TIME:20090306-002701

[348](00:27:02)[2]-- TIME:20090306-002702

[349](00:27:03)[3]-- TIME:20090306-002703

[350](00:27:03)ALARM: Data Titik 1 (KWH) diluar jangkauan ukur
[351](00:27:03)ALARM: Data Titik 2 (KVARH) diluar jangkauan ukur
[352](00:27:04)[0]-- TIME:20090306-002704

[353](00:27:05)[1]-- TIME:20090306-002705

[354](00:27:06)[2]-- TIME:20090306-002706

[355](00:27:07)[3]-- TIME:20090306-002707

[356](00:27:07)ALARM: Data Titik 1 (KWH) diluar jangkauan ukur
[357](00:27:07)ALARM: Data Titik 2 (KVARH) diluar jangkauan ukur
[358](00:27:08)[0]-- TIME:20090306-002708

[359](00:27:09)[1]-- TIME:20090306-002709

[360](00:27:10)[2]-- TIME:20090306-002710

[361](00:27:11)[3]-- TIME:20090306-002711

[362](00:27:11)ALARM: Data Titik 1 (KWH) diluar jangkauan ukur
[363](00:27:11)ALARM: Data Titik 2 (KVARH) diluar jangkauan ukur
[364](00:27:12)[0]-- TIME:20090306-002712

[365](00:27:13)[1]-- TIME:20090306-002713

[366](00:27:14)[2]-- TIME:20090306-002714

[367](00:27:15)[3]-- TIME:20090306-002715

[368](00:27:15)ALARM: Data Titik 1 (KWH) diluar jangkauan ukur
[369](00:27:15)ALARM: Data Titik 2 (KVARH) diluar jangkauan ukur
[370](00:27:16)[0]-- TIME:20090306-002716

[371](00:27:17)[1]-- TIME:20090306-002717

[372](00:27:18)[2]-- TIME:20090306-002718

[373](00:27:19)[3]-- TIME:20090306-002719

[374](00:27:19)ALARM: Data Titik 1 (KWH) diluar jangkauan ukur
[375](00:27:19)ALARM: Data Titik 2 (KVARH) diluar jangkauan ukur
[376](00:27:20)[0]-- TIME:20090306-002720

[377](00:27:21)[1]-- TIME:20090306-002721

[378](00:27:22)[2]-- TIME:20090306-002722

[379](00:27:23)[3]-- TIME:20090306-002723

[380](00:27:23)ALARM: Data Titik 1 (KWH) diluar jangkauan ukur
[381](00:27:23)ALARM: Data Titik 2 (KVARH) diluar jangkauan ukur
[382](00:27:24)[0]-- TIME:20090306-002724

[383](00:27:25)[1]-- TIME:20090306-002725

[384](00:27:26)[2]-- TIME:20090306-002726

[385](00:27:27)[3]-- TIME:20090306-002727

[386](00:27:27)ALARM: Data Titik 1 (KWH) diluar jangkauan ukur
[387](00:27:27)ALARM: Data Titik 2 (KVARH) diluar jangkauan ukur
[388](00:27:28)[0]-- TIME:20090306-002728

[389](00:27:29)[1]-- TIME:20090306-002729

[390](00:27:30)[2]-- TIME:20090306-002730

[391](00:27:31)[3]-- TIME:20090306-002731

[392](00:27:31)ALARM: Data Titik 1 (KWH) diluar jangkauan ukur
[393](00:27:31)ALARM: Data Titik 2 (KVARH) diluar jangkauan ukur
[394](00:27:32)[0]-- TIME:20090306-002732

[395](00:27:33)[1]-- TIME:20090306-002733

[396](00:27:34)[2]-- TIME:20090306-002734

[397](00:27:35)[3]-- TIME:20090306-002735

[398](00:27:35)ALARM: Data Titik 1 (KWH) diluar jangkauan ukur
[399](00:27:35)ALARM: Data Titik 2 (KVARH) diluar jangkauan ukur
[400](00:27:36)[0]-- TIME:20090306-002736

[401](00:27:37)[1]-- TIME:20090306-002737

[402](00:27:38)[2]-- TIME:20090306-002738

[403](00:27:39)[3]-- TIME:20090306-002739

[404](00:27:39)ALARM: Data Titik 1 (KWH) diluar jangkauan ukur
[405](00:27:39)ALARM: Data Titik 2 (KVARH) diluar jangkauan ukur
[406](00:27:40)[0]-- TIME:20090306-002740

[407](00:27:41)[1]-- TIME:20090306-002741

[408](00:27:42)[2]-- TIME:20090306-002742

[409](00:27:43)[3]-- TIME:20090306-002743

[410](00:27:43)ALARM: Data Titik 1 (KWH) diluar jangkauan ukur
[411](00:27:43)ALARM: Data Titik 2 (KVARH) diluar jangkauan ukur
[412](00:27:44)[0]-- TIME:20090306-002744

[413](00:27:45)[1]-- TIME:20090306-002745

[414](00:27:46)[2]-- TIME:20090306-002746

[415](00:27:47)[3]-- TIME:20090306-002747

[416](00:27:47)ALARM: Data Titik 1 (KWH) diluar jangkauan ukur
[417](00:27:47)ALARM: Data Titik 2 (KVARH) diluar jangkauan ukur
[418](00:27:48)[0]-- TIME:20090306-002748

[419](00:27:49)[1]-- TIME:20090306-002749

[420](00:27:50)[2]-- TIME:20090306-002750

[421](00:27:51)[3]-- TIME:20090306-002751

[422](00:27:51)ALARM: Data Titik 1 (KWH) diluar jangkauan ukur
[423](00:27:51)ALARM: Data Titik 2 (KVARH) diluar jangkauan ukur
[424](00:27:52)[0]-- TIME:20090306-002752

[425](00:27:53)[1]-- TIME:20090306-002753

[426](00:27:54)[2]-- TIME:20090306-002754

[427](00:27:55)[3]-- TIME:20090306-002755

[428](00:27:55)ALARM: Data Titik 1 (KWH) diluar jangkauan ukur
[429](00:27:55)ALARM: Data Titik 2 (KVARH) diluar jangkauan ukur
[430](00:27:56)[0]-- TIME:20090306-002756

[431](00:27:57)[1]-- TIME:20090306-002757

[432](00:27:58)[2]-- TIME:20090306-002758

[433](00:27:59)[3]-- TIME:20090306-002759

[434](00:27:59)ALARM: Data Titik 1 (KWH) diluar jangkauan ukur
[435](00:27:59)ALARM: Data Titik 2 (KVARH) diluar jangkauan ukur
[436](00:28:00)[0]-- TIME:20090306-002800

[437](00:28:01)[1]-- TIME:20090306-002801

[438](00:28:02)[2]-- TIME:20090306-002802

[439](00:28:03)[3]-- TIME:20090306-002803

[440](00:28:03)ALARM: Data Titik 1 (KWH) diluar jangkauan ukur
[441](00:28:03)ALARM: Data Titik 2 (KVARH) diluar jangkauan ukur
[442](00:28:04)[0]-- TIME:20090306-002804

[443](00:28:05)[1]-- TIME:20090306-002805

[444](00:28:06)[2]-- TIME:20090306-002806

[445](00:28:07)[3]-- TIME:20090306-002807

[446](00:28:07)ALARM: Data Titik 1 (KWH) diluar jangkauan ukur
[447](00:28:07)ALARM: Data Titik 2 (KVARH) diluar jangkauan ukur
[448](00:28:08)[0]-- TIME:20090306-002808

[449](00:28:09)[1]-- TIME:20090306-002809

[450](00:28:10)[2]-- TIME:20090306-002810

[451](00:28:11)[3]-- TIME:20090306-002811

[452](00:28:11)ALARM: Data Titik 1 (KWH) diluar jangkauan ukur
[453](00:28:11)ALARM: Data Titik 2 (KVARH) diluar jangkauan ukur
[454](00:28:12)[0]-- TIME:20090306-002812

[455](00:28:13)[1]-- TIME:20090306-002813

[456](00:28:14)[2]-- TIME:20090306-002814

[457](00:28:15)[3]-- TIME:20090306-002815

[458](00:28:15)ALARM: Data Titik 1 (KWH) diluar jangkauan ukur
[459](00:28:15)ALARM: Data Titik 2 (KVARH) diluar jangkauan ukur
[460](00:28:16)[0]-- TIME:20090306-002816

[461](00:28:17)[1]-- TIME:20090306-002817

[462](00:28:18)[2]-- TIME:20090306-002818

[463](00:28:19)[3]-- TIME:20090306-002819

[464](00:28:19)ALARM: Data Titik 1 (KWH) diluar jangkauan ukur
[465](00:28:19)ALARM: Data Titik 2 (KVARH) diluar jangkauan ukur
[466](00:28:20)[0]-- TIME:20090306-002820

[467](00:28:21)[1]-- TIME:20090306-002821

[468](00:28:22)[2]-- TIME:20090306-002822

[469](00:28:23)[3]-- TIME:20090306-002823

[470](00:28:23)ALARM: Data Titik 1 (KWH) diluar jangkauan ukur
[471](00:28:23)ALARM: Data Titik 2 (KVARH) diluar jangkauan ukur
[472](00:28:24)[0]-- TIME:20090306-002824

[473](00:28:25)[1]-- TIME:20090306-002825

[474](00:28:26)[2]-- TIME:20090306-002826

[475](00:28:27)[3]-- TIME:20090306-002827

[476](00:28:27)ALARM: Data Titik 1 (KWH) diluar jangkauan ukur
[477](00:28:27)ALARM: Data Titik 2 (KVARH) diluar jangkauan ukur
[478](00:28:28)[0]-- TIME:20090306-002828

[479](00:28:29)[1]-- TIME:20090306-002829

[480](00:28:30)[2]-- TIME:20090306-002830

[481](00:28:31)[3]-- TIME:20090306-002831

[482](00:28:31)ALARM: Data Titik 1 (KWH) diluar jangkauan ukur
[483](00:28:31)ALARM: Data Titik 2 (KVARH) diluar jangkauan ukur
[484](00:28:32)[0]-- TIME:20090306-002832

[485](00:28:33)[1]-- TIME:20090306-002833

[486](00:28:34)[2]-- TIME:20090306-002834

[487](00:28:35)[3]-- TIME:20090306-002835

[488](00:28:35)ALARM: Data Titik 1 (KWH) diluar jangkauan ukur
[489](00:28:35)ALARM: Data Titik 2 (KVARH) diluar jangkauan ukur
[490](00:28:36)[0]-- TIME:20090306-002836

[491](00:28:37)[1]-- TIME:20090306-002837

[492](00:28:38)[2]-- TIME:20090306-002838

[493](00:28:39)[3]-- TIME:20090306-002839

[494](00:28:39)ALARM: Data Titik 1 (KWH) diluar jangkauan ukur
[495](00:28:39)ALARM: Data Titik 2 (KVARH) diluar jangkauan ukur
[496](00:28:40)[0]-- TIME:20090306-002840

[497](00:28:41)[1]-- TIME:20090306-002841

[498](00:28:42)[2]-- TIME:20090306-002842

[499](00:28:43)[3]-- TIME:20090306-002843

[500](00:28:43)ALARM: Data Titik 1 (KWH) diluar jangkauan ukur
[501](00:28:43)ALARM: Data Titik 2 (KVARH) diluar jangkauan ukur
[502](00:28:44)[0]-- TIME:20090306-002844

[503](00:28:45)[1]-- TIME:20090306-002845

[504](00:28:46)[2]-- TIME:20090306-002846

[505](00:28:47)[3]-- TIME:20090306-002847

[506](00:28:47)ALARM: Data Titik 1 (KWH) diluar jangkauan ukur
[507](00:28:47)ALARM: Data Titik 2 (KVARH) diluar jangkauan ukur
[508](00:28:48)[0]-- TIME:20090306-002848

[509](00:28:49)[1]-- TIME:20090306-002849

[510](00:28:50)[2]-- TIME:20090306-002850

[511](00:28:51)[3]-- TIME:20090306-002851

[512](00:28:51)ALARM: Data Titik 1 (KWH) diluar jangkauan ukur
[513](00:28:51)ALARM: Data Titik 2 (KVARH) diluar jangkauan ukur
[514](00:28:52)[0]-- TIME:20090306-002852

[515](00:28:53)[1]-- TIME:20090306-002853

[516](00:28:54)[2]-- TIME:20090306-002854

[517](00:28:55)[3]-- TIME:20090306-002855

[518](00:28:55)ALARM: Data Titik 1 (KWH) diluar jangkauan ukur
[519](00:28:55)ALARM: Data Titik 2 (KVARH) diluar jangkauan ukur
[520](00:28:56)[0]-- TIME:20090306-002856

[521](00:28:57)[1]-- TIME:20090306-002857

[522](00:28:58)[2]-- TIME:20090306-002858

[523](00:28:59)[3]-- TIME:20090306-002859

[524](00:28:59)ALARM: Data Titik 1 (KWH) diluar jangkauan ukur
[525](00:28:59)ALARM: Data Titik 2 (KVARH) diluar jangkauan ukur
[526](00:29:00)[0]-- TIME:20090306-002900

[527](00:29:01)[1]-- TIME:20090306-002901

[528](00:29:02)[2]-- TIME:20090306-002902

[529](00:29:03)[3]-- TIME:20090306-002903

[530](00:29:03)ALARM: Data Titik 1 (KWH) diluar jangkauan ukur
[531](00:29:03)ALARM: Data Titik 2 (KVARH) diluar jangkauan ukur
[532](00:29:04)[0]-- TIME:20090306-002904

[533](00:29:05)[1]-- TIME:20090306-002905

[534](00:29:06)[2]-- TIME:20090306-002906

[535](00:29:07)[3]-- TIME:20090306-002907

[536](00:29:07)ALARM: Data Titik 1 (KWH) diluar jangkauan ukur
[537](00:29:07)ALARM: Data Titik 2 (KVARH) diluar jangkauan ukur
[538](00:29:08)[0]-- TIME:20090306-002908

[539](00:29:09)[1]-- TIME:20090306-002909

[540](00:29:10)[2]-- TIME:20090306-002910

[541](00:29:11)[3]-- TIME:20090306-002911

[542](00:29:11)ALARM: Data Titik 1 (KWH) diluar jangkauan ukur
[543](00:29:11)ALARM: Data Titik 2 (KVARH) diluar jangkauan ukur
[544](00:29:12)[0]-- TIME:20090306-002912

[545](00:29:13)[1]-- TIME:20090306-002913

[546](00:29:14)[2]-- TIME:20090306-002914

[547](00:29:15)[3]-- TIME:20090306-002915

[548](00:29:15)ALARM: Data Titik 1 (KWH) diluar jangkauan ukur
[549](00:29:15)ALARM: Data Titik 2 (KVARH) diluar jangkauan ukur
[550](00:29:16)[0]-- TIME:20090306-002916

[551](00:29:17)[1]-- TIME:20090306-002917

[552](00:29:18)[2]-- TIME:20090306-002918

[553](00:29:19)[3]-- TIME:20090306-002919

[554](00:29:19)ALARM: Data Titik 1 (KWH) diluar jangkauan ukur
[555](00:29:19)ALARM: Data Titik 2 (KVARH) diluar jangkauan ukur
[556](00:29:20)[0]-- TIME:20090306-002920

[557](00:29:21)[1]-- TIME:20090306-002921

[558](00:29:22)[2]-- TIME:20090306-002922

[559](00:29:23)[3]-- TIME:20090306-002923

[560](00:29:23)ALARM: Data Titik 1 (KWH) diluar jangkauan ukur
[561](00:29:23)ALARM: Data Titik 2 (KVARH) diluar jangkauan ukur
[562](00:29:24)[0]-- TIME:20090306-002924

[563](00:29:25)[1]-- TIME:20090306-002925

[564](00:29:26)[2]-- TIME:20090306-002926

[565](00:29:27)[3]-- TIME:20090306-002927

[566](00:29:27)ALARM: Data Titik 1 (KWH) diluar jangkauan ukur
[567](00:29:27)ALARM: Data Titik 2 (KVARH) diluar jangkauan ukur
[568](00:29:28)[0]-- TIME:20090306-002928

[569](00:29:29)[1]-- TIME:20090306-002929

[570](00:29:30)[2]-- TIME:20090306-002930

[571](00:29:31)[3]-- TIME:20090306-002931

[572](00:29:31)ALARM: Data Titik 1 (KWH) diluar jangkauan ukur
[573](00:29:31)ALARM: Data Titik 2 (KVARH) diluar jangkauan ukur
[574](00:29:32)[0]-- TIME:20090306-002932

[575](00:29:33)[1]-- TIME:20090306-002933

[576](00:29:34)[2]-- TIME:20090306-002934

[577](00:29:35)[3]-- TIME:20090306-002935

[578](00:29:35)ALARM: Data Titik 1 (KWH) diluar jangkauan ukur
[579](00:29:35)ALARM: Data Titik 2 (KVARH) diluar jangkauan ukur
[580](00:29:36)[0]-- TIME:20090306-002936

[581](00:29:37)[1]-- TIME:20090306-002937

[582](00:29:38)[2]-- TIME:20090306-002938

[583](00:29:39)[3]-- TIME:20090306-002939

[584](00:29:39)ALARM: Data Titik 1 (KWH) diluar jangkauan ukur
[585](00:29:39)ALARM: Data Titik 2 (KVARH) diluar jangkauan ukur
[586](00:29:40)[0]-- TIME:20090306-002940

[587](00:29:41)[1]-- TIME:20090306-002941

[588](00:29:42)[2]-- TIME:20090306-002942

[589](00:29:43)[3]-- TIME:20090306-002943

[590](00:29:43)ALARM: Data Titik 1 (KWH) diluar jangkauan ukur
[591](00:29:43)ALARM: Data Titik 2 (KVARH) diluar jangkauan ukur
[592](00:29:44)[0]-- TIME:20090306-002944

[593](00:29:45)[1]-- TIME:20090306-002945

[594](00:29:46)[2]-- TIME:20090306-002946

[595](00:29:47)[3]-- TIME:20090306-002947

[596](00:29:47)ALARM: Data Titik 1 (KWH) diluar jangkauan ukur
[597](00:29:47)ALARM: Data Titik 2 (KVARH) diluar jangkauan ukur
[598](00:29:48)[0]-- TIME:20090306-002948

[599](00:29:49)[1]-- TIME:20090306-002949

[600](00:29:50)[2]-- TIME:20090306-002950

[601](00:29:51)[3]-- TIME:20090306-002951

[602](00:29:51)ALARM: Data Titik 1 (KWH) diluar jangkauan ukur
[603](00:29:51)ALARM: Data Titik 2 (KVARH) diluar jangkauan ukur
[604](00:29:52)[0]-- TIME:20090306-002952

[605](00:29:53)[1]-- TIME:20090306-002953

[606](00:29:54)[2]-- TIME:20090306-002954

[607](00:29:55)[3]-- TIME:20090306-002955

[608](00:29:55)ALARM: Data Titik 1 (KWH) diluar jangkauan ukur
[609](00:29:55)ALARM: Data Titik 2 (KVARH) diluar jangkauan ukur
[610](00:29:56)[0]-- TIME:20090306-002956

[611](00:29:57)[1]-- TIME:20090306-002957

[612](00:29:58)[2]-- TIME:20090306-002958

[613](00:29:59)[3]-- TIME:20090306-002959

[614](00:29:59)ALARM: Data Titik 1 (KWH) diluar jangkauan ukur
[615](00:29:59)ALARM: Data Titik 2 (KVARH) diluar jangkauan ukur
[616](00:30:00)[0]-- TIME:20090306-003000

[617](00:30:01)[1]-- TIME:20090306-003001

[618](00:30:02)[2]-- TIME:20090306-003002

[619](00:30:03)[3]-- TIME:20090306-003003

[620](00:30:03)ALARM: Data Titik 1 (KWH) diluar jangkauan ukur
[621](00:30:03)ALARM: Data Titik 2 (KVARH) diluar jangkauan ukur
[622](00:30:04)[0]-- TIME:20090306-003004

[623](00:30:05)[1]-- TIME:20090306-003005

[624](00:30:06)[2]-- TIME:20090306-003006

[625](00:30:07)[3]-- TIME:20090306-003007

[626](00:30:07)ALARM: Data Titik 1 (KWH) diluar jangkauan ukur
[627](00:30:07)ALARM: Data Titik 2 (KVARH) diluar jangkauan ukur
[628](00:30:08)[0]-- TIME:20090306-003008

[629](00:30:09)[1]-- TIME:20090306-003009

[630](00:30:10)[2]-- TIME:20090306-003010

[631](00:30:11)[3]-- TIME:20090306-003011

[632](00:30:11)ALARM: Data Titik 1 (KWH) diluar jangkauan ukur
[633](00:30:11)ALARM: Data Titik 2 (KVARH) diluar jangkauan ukur
[634](00:30:12)[0]-- TIME:20090306-003012

[635](00:30:13)[1]-- TIME:20090306-003013

[636](00:30:14)[2]-- TIME:20090306-003014

[637](00:30:15)[3]-- TIME:20090306-003015

[638](00:30:15)ALARM: Data Titik 1 (KWH) diluar jangkauan ukur
[639](00:30:15)ALARM: Data Titik 2 (KVARH) diluar jangkauan ukur
[640](00:30:16)[0]-- TIME:20090306-003016

[641](00:30:17)[1]-- TIME:20090306-003017

[642](00:30:18)[2]-- TIME:20090306-003018

[643](00:30:19)[3]-- TIME:20090306-003019

[644](00:30:19)ALARM: Data Titik 1 (KWH) diluar jangkauan ukur
[645](00:30:19)ALARM: Data Titik 2 (KVARH) diluar jangkauan ukur
[646](00:30:20)[0]-- TIME:20090306-003020

[647](00:30:21)[1]-- TIME:20090306-003021

[648](00:30:22)[2]-- TIME:20090306-003022

[649](00:30:23)[3]-- TIME:20090306-003023

[650](00:30:23)ALARM: Data Titik 1 (KWH) diluar jangkauan ukur
[651](00:30:23)ALARM: Data Titik 2 (KVARH) diluar jangkauan ukur
[652](00:30:24)[0]-- TIME:20090306-003024

[653](00:30:25)[1]-- TIME:20090306-003025

[654](00:30:26)[2]-- TIME:20090306-003026

[655](00:30:27)[3]-- TIME:20090306-003027

[656](00:30:27)ALARM: Data Titik 1 (KWH) diluar jangkauan ukur
[657](00:30:27)ALARM: Data Titik 2 (KVARH) diluar jangkauan ukur
[658](00:30:28)[0]-- TIME:20090306-003028

[659](00:30:29)[1]-- TIME:20090306-003029

[660](00:30:30)[2]-- TIME:20090306-003030

[661](00:30:31)[3]-- TIME:20090306-003031

[662](00:30:31)ALARM: Data Titik 1 (KWH) diluar jangkauan ukur
[663](00:30:31)ALARM: Data Titik 2 (KVARH) diluar jangkauan ukur
[664](00:30:32)[0]-- TIME:20090306-003032

[665](00:30:33)[1]-- TIME:20090306-003033

[666](00:30:34)[2]-- TIME:20090306-003034

[667](00:30:35)[3]-- TIME:20090306-003035

[668](00:30:35)ALARM: Data Titik 1 (KWH) diluar jangkauan ukur
[669](00:30:35)ALARM: Data Titik 2 (KVARH) diluar jangkauan ukur
[670](00:30:36)[0]-- TIME:20090306-003036

[671](00:30:37)[1]-- TIME:20090306-003037

[672](00:30:38)[2]-- TIME:20090306-003038

[673](00:30:39)[3]-- TIME:20090306-003039

[674](00:30:39)ALARM: Data Titik 1 (KWH) diluar jangkauan ukur
[675](00:30:39)ALARM: Data Titik 2 (KVARH) diluar jangkauan ukur
[676](00:30:40)[0]-- TIME:20090306-003040

[677](00:30:41)[1]-- TIME:20090306-003041

[678](00:30:42)[2]-- TIME:20090306-003042

[679](00:30:43)[3]-- TIME:20090306-003043

[680](00:30:43)ALARM: Data Titik 1 (KWH) diluar jangkauan ukur
[681](00:30:43)ALARM: Data Titik 2 (KVARH) diluar jangkauan ukur
[682](00:30:44)[0]-- TIME:20090306-003044

[683](00:30:45)[1]-- TIME:20090306-003045

[684](00:30:46)[2]-- TIME:20090306-003046

[685](00:30:47)[3]-- TIME:20090306-003047

[686](00:30:47)ALARM: Data Titik 1 (KWH) diluar jangkauan ukur
[687](00:30:47)ALARM: Data Titik 2 (KVARH) diluar jangkauan ukur
[688](00:30:48)[0]-- TIME:20090306-003048

[689](00:30:49)[1]-- TIME:20090306-003049

[690](00:30:50)[2]-- TIME:20090306-003050

[691](00:30:51)[3]-- TIME:20090306-003051

[692](00:30:51)ALARM: Data Titik 1 (KWH) diluar jangkauan ukur
[693](00:30:51)ALARM: Data Titik 2 (KVARH) diluar jangkauan ukur
[694](00:30:52)[0]-- TIME:20090306-003052

[695](00:30:53)[1]-- TIME:20090306-003053

[696](00:30:54)[2]-- TIME:20090306-003054

[697](00:30:55)[3]-- TIME:20090306-003055

[698](00:30:55)ALARM: Data Titik 1 (KWH) diluar jangkauan ukur
[699](00:30:55)ALARM: Data Titik 2 (KVARH) diluar jangkauan ukur
[700](00:30:56)[0]-- TIME:20090306-003056

[701](00:30:57)[1]-- TIME:20090306-003057

[702](00:30:58)[2]-- TIME:20090306-003058

[703](00:30:59)[3]-- TIME:20090306-003059

[704](00:30:59)ALARM: Data Titik 1 (KWH) diluar jangkauan ukur
[705](00:30:59)ALARM: Data Titik 2 (KVARH) diluar jangkauan ukur
[706](00:31:00)[0]-- TIME:20090306-003100

[707](00:31:01)[1]-- TIME:20090306-003101

[708](00:31:02)[2]-- TIME:20090306-003102

[709](00:31:03)[3]-- TIME:20090306-003103

[710](00:31:03)ALARM: Data Titik 1 (KWH) diluar jangkauan ukur
[711](00:31:03)ALARM: Data Titik 2 (KVARH) diluar jangkauan ukur
[712](00:31:04)[0]-- TIME:20090306-003104

[713](00:31:05)[1]-- TIME:20090306-003105

[714](00:31:06)[2]-- TIME:20090306-003106

[715](00:31:07)[3]-- TIME:20090306-003107

[716](00:31:07)ALARM: Data Titik 1 (KWH) diluar jangkauan ukur
[717](00:31:07)ALARM: Data Titik 2 (KVARH) diluar jangkauan ukur
[718](00:31:08)[0]-- TIME:20090306-003108

[719](00:31:09)[1]-- TIME:20090306-003109

[720](00:31:10)[2]-- TIME:20090306-003110

[721](00:31:11)[3]-- TIME:20090306-003111

[722](00:31:11)ALARM: Data Titik 1 (KWH) diluar jangkauan ukur
[723](00:31:11)ALARM: Data Titik 2 (KVARH) diluar jangkauan ukur
[724](00:31:12)[0]-- TIME:20090306-003112

[725](00:31:13)[1]-- TIME:20090306-003113

[726](00:31:14)[2]-- TIME:20090306-003114

[727](00:31:15)[3]-- TIME:20090306-003115

[728](00:31:15)ALARM: Data Titik 1 (KWH) diluar jangkauan ukur
[729](00:31:15)ALARM: Data Titik 2 (KVARH) diluar jangkauan ukur
[730](00:31:16)[0]-- TIME:20090306-003116

[731](00:31:17)[1]-- TIME:20090306-003117

[732](00:31:18)[2]-- TIME:20090306-003118

[733](00:31:19)[3]-- TIME:20090306-003119

[734](00:31:19)ALARM: Data Titik 1 (KWH) diluar jangkauan ukur
[735](00:31:19)ALARM: Data Titik 2 (KVARH) diluar jangkauan ukur
[736](00:31:20)[0]-- TIME:20090306-003120

[737](00:31:21)[1]-- TIME:20090306-003121

[738](00:31:22)[2]-- TIME:20090306-003122

[739](00:31:23)[3]-- TIME:20090306-003123

[740](00:31:23)ALARM: Data Titik 1 (KWH) diluar jangkauan ukur
[741](00:31:23)ALARM: Data Titik 2 (KVARH) diluar jangkauan ukur
[742](00:31:24)[0]-- TIME:20090306-003124

[743](00:31:25)[1]-- TIME:20090306-003125

[744](00:31:26)[2]-- TIME:20090306-003126

[745](00:31:27)[3]-- TIME:20090306-003127

[746](00:31:27)ALARM: Data Titik 1 (KWH) diluar jangkauan ukur
[747](00:31:27)ALARM: Data Titik 2 (KVARH) diluar jangkauan ukur
[748](00:31:28)[0]-- TIME:20090306-003128

[749](00:31:29)[1]-- TIME:20090306-003129

[750](00:31:30)[2]-- TIME:20090306-003130

[751](00:31:31)[3]-- TIME:20090306-003131

[752](00:31:31)ALARM: Data Titik 1 (KWH) diluar jangkauan ukur
[753](00:31:31)ALARM: Data Titik 2 (KVARH) diluar jangkauan ukur
[754](00:31:32)[0]-- TIME:20090306-003132

[755](00:31:33)[1]-- TIME:20090306-003133

[756](00:31:34)[2]-- TIME:20090306-003134

[757](00:31:35)[3]-- TIME:20090306-003135

[758](00:31:35)ALARM: Data Titik 1 (KWH) diluar jangkauan ukur
[759](00:31:35)ALARM: Data Titik 2 (KVARH) diluar jangkauan ukur
[760](00:31:36)[0]-- TIME:20090306-003136

[761](00:31:37)[1]-- TIME:20090306-003137

[762](00:31:38)[2]-- TIME:20090306-003138

[763](00:31:39)[3]-- TIME:20090306-003139

[764](00:31:39)ALARM: Data Titik 1 (KWH) diluar jangkauan ukur
[765](00:31:39)ALARM: Data Titik 2 (KVARH) diluar jangkauan ukur
[766](00:31:40)[0]-- TIME:20090306-003140

[767](00:31:41)[1]-- TIME:20090306-003141

[768](00:31:42)[2]-- TIME:20090306-003142

[769](00:31:43)[3]-- TIME:20090306-003143

[770](00:31:43)ALARM: Data Titik 1 (KWH) diluar jangkauan ukur
[771](00:31:43)ALARM: Data Titik 2 (KVARH) diluar jangkauan ukur
[772](00:31:44)[0]-- TIME:20090306-003144

[773](00:31:45)[1]-- TIME:20090306-003145

[774](00:31:46)[2]-- TIME:20090306-003146

[775](00:31:47)[3]-- TIME:20090306-003147

[776](00:31:47)ALARM: Data Titik 1 (KWH) diluar jangkauan ukur
[777](00:31:47)ALARM: Data Titik 2 (KVARH) diluar jangkauan ukur
[778](00:31:48)[0]-- TIME:20090306-003148

[779](00:31:49)[1]-- TIME:20090306-003149

[780](00:31:50)[2]-- TIME:20090306-003150

[781](00:31:51)[3]-- TIME:20090306-003151

[782](00:31:51)ALARM: Data Titik 1 (KWH) diluar jangkauan ukur
[783](00:31:51)ALARM: Data Titik 2 (KVARH) diluar jangkauan ukur
[784](00:31:52)[0]-- TIME:20090306-003152

[785](00:31:53)[1]-- TIME:20090306-003153

[786](00:31:54)[2]-- TIME:20090306-003154

[787](00:31:55)[3]-- TIME:20090306-003155

[788](00:31:55)ALARM: Data Titik 1 (KWH) diluar jangkauan ukur
[789](00:31:55)ALARM: Data Titik 2 (KVARH) diluar jangkauan ukur
[790](00:31:56)[0]-- TIME:20090306-003156

[791](00:31:57)[1]-- TIME:20090306-003157

[792](00:31:58)[2]-- TIME:20090306-003158

[793](00:31:59)[3]-- TIME:20090306-003159

[794](00:31:59)ALARM: Data Titik 1 (KWH) diluar jangkauan ukur
[795](00:31:59)ALARM: Data Titik 2 (KVARH) diluar jangkauan ukur
[796](00:32:00)[0]-- TIME:20090306-003200

[797](00:32:01)[1]-- TIME:20090306-003201

[798](00:32:02)[2]-- TIME:20090306-003202

[799](00:32:03)[3]-- TIME:20090306-003203

[800](00:32:03)ALARM: Data Titik 1 (KWH) diluar jangkauan ukur
[801](00:32:03)ALARM: Data Titik 2 (KVARH) diluar jangkauan ukur
[802](00:32:04)[0]-- TIME:20090306-003204

[803](00:32:05)[1]-- TIME:20090306-003205

[804](00:32:06)[2]-- TIME:20090306-003206

[805](00:32:07)[3]-- TIME:20090306-003207

[806](00:32:07)ALARM: Data Titik 1 (KWH) diluar jangkauan ukur
[807](00:32:07)ALARM: Data Titik 2 (KVARH) diluar jangkauan ukur
[808](00:32:08)[0]-- TIME:20090306-003208

[809](00:32:09)[1]-- TIME:20090306-003209

[810](00:32:10)[2]-- TIME:20090306-003210

[811](00:32:11)[3]-- TIME:20090306-003211

[812](00:32:11)ALARM: Data Titik 1 (KWH) diluar jangkauan ukur
[813](00:32:11)ALARM: Data Titik 2 (KVARH) diluar jangkauan ukur
[814](00:32:12)[0]-- TIME:20090306-003212

[815](00:32:13)[1]-- TIME:20090306-003213

[816](00:32:14)[2]-- TIME:20090306-003214

[817](00:32:15)[3]-- TIME:20090306-003215

[818](00:32:15)ALARM: Data Titik 1 (KWH) diluar jangkauan ukur
[819](00:32:15)ALARM: Data Titik 2 (KVARH) diluar jangkauan ukur
[820](00:32:16)[0]-- TIME:20090306-003216

[821](00:32:17)[1]-- TIME:20090306-003217

[822](00:32:18)[2]-- TIME:20090306-003218

[823](00:32:19)[3]-- TIME:20090306-003219

[824](00:32:19)ALARM: Data Titik 1 (KWH) diluar jangkauan ukur
[825](00:32:19)ALARM: Data Titik 2 (KVARH) diluar jangkauan ukur
[826](00:32:20)[0]-- TIME:20090306-003220

[827](00:32:21)[1]-- TIME:20090306-003221

[828](00:32:22)[2]-- TIME:20090306-003222

[829](00:32:23)[3]-- TIME:20090306-003223

[830](00:32:23)ALARM: Data Titik 1 (KWH) diluar jangkauan ukur
[831](00:32:23)ALARM: Data Titik 2 (KVARH) diluar jangkauan ukur
[832](00:32:24)[0]-- TIME:20090306-003224

[833](00:32:25)[1]-- TIME:20090306-003225

[834](00:32:26)[2]-- TIME:20090306-003226

[835](00:32:27)[3]-- TIME:20090306-003227

[836](00:32:27)ALARM: Data Titik 1 (KWH) diluar jangkauan ukur
[837](00:32:27)ALARM: Data Titik 2 (KVARH) diluar jangkauan ukur
[838](00:32:28)[0]-- TIME:20090306-003228

[839](00:32:29)[1]-- TIME:20090306-003229

[840](00:32:30)[2]-- TIME:20090306-003230

[841](00:32:31)[3]-- TIME:20090306-003231

[842](00:32:31)ALARM: Data Titik 1 (KWH) diluar jangkauan ukur
[843](00:32:31)ALARM: Data Titik 2 (KVARH) diluar jangkauan ukur
[844](00:32:32)[0]-- TIME:20090306-003232

[845](00:32:33)[1]-- TIME:20090306-003233

[846](00:32:34)[2]-- TIME:20090306-003234

[847](00:32:35)[3]-- TIME:20090306-003235

[848](00:32:35)ALARM: Data Titik 1 (KWH) diluar jangkauan ukur
[849](00:32:35)ALARM: Data Titik 2 (KVARH) diluar jangkauan ukur
[850](00:32:36)[0]-- TIME:20090306-003236

[851](00:32:37)[1]-- TIME:20090306-003237

[852](00:32:38)[2]-- TIME:20090306-003238

[853](00:32:39)[3]-- TIME:20090306-003239

[854](00:32:39)ALARM: Data Titik 1 (KWH) diluar jangkauan ukur
[855](00:32:39)ALARM: Data Titik 2 (KVARH) diluar jangkauan ukur
[856](00:32:40)[0]-- TIME:20090306-003240

[857](00:32:41)[1]-- TIME:20090306-003241

[858](00:32:42)[2]-- TIME:20090306-003242

[859](00:32:43)[3]-- TIME:20090306-003243

[860](00:32:43)ALARM: Data Titik 1 (KWH) diluar jangkauan ukur
[861](00:32:43)ALARM: Data Titik 2 (KVARH) diluar jangkauan ukur
[862](00:32:44)[0]-- TIME:20090306-003244

[863](00:32:45)[1]-- TIME:20090306-003245

[864](00:32:46)[2]-- TIME:20090306-003246

[865](00:32:47)[3]-- TIME:20090306-003247

[866](00:32:47)ALARM: Data Titik 1 (KWH) diluar jangkauan ukur
[867](00:32:47)ALARM: Data Titik 2 (KVARH) diluar jangkauan ukur
[868](00:32:48)[0]-- TIME:20090306-003248

[869](00:32:49)[1]-- TIME:20090306-003249

[870](00:32:50)[2]-- TIME:20090306-003250

[871](00:32:51)[3]-- TIME:20090306-003251

[872](00:32:51)ALARM: Data Titik 1 (KWH) diluar jangkauan ukur
[873](00:32:51)ALARM: Data Titik 2 (KVARH) diluar jangkauan ukur
[874](00:32:52)[0]-- TIME:20090306-003252

[875](00:32:53)[1]-- TIME:20090306-003253

[876](00:32:54)[2]-- TIME:20090306-003254

[877](00:32:55)[3]-- TIME:20090306-003255

[878](00:32:55)ALARM: Data Titik 1 (KWH) diluar jangkauan ukur
[879](00:32:55)ALARM: Data Titik 2 (KVARH) diluar jangkauan ukur
[880](00:32:56)[0]-- TIME:20090306-003256

[881](00:32:57)[1]-- TIME:20090306-003257

[882](00:32:58)[2]-- TIME:20090306-003258

[883](00:32:59)[3]-- TIME:20090306-003259

[884](00:32:59)ALARM: Data Titik 1 (KWH) diluar jangkauan ukur
[885](00:32:59)ALARM: Data Titik 2 (KVARH) diluar jangkauan ukur
[886](00:33:00)[0]-- TIME:20090306-003300

[887](00:33:01)[1]-- TIME:20090306-003301

[888](00:33:02)[2]-- TIME:20090306-003302

[889](00:33:03)[3]-- TIME:20090306-003303

[890](00:33:03)ALARM: Data Titik 1 (KWH) diluar jangkauan ukur
[891](00:33:03)ALARM: Data Titik 2 (KVARH) diluar jangkauan ukur
[892](00:33:04)[0]-- TIME:20090306-003304

[893](00:33:05)[1]-- TIME:20090306-003305

[894](00:33:06)[2]-- TIME:20090306-003306

[895](00:33:07)[3]-- TIME:20090306-003307

[896](00:33:07)ALARM: Data Titik 1 (KWH) diluar jangkauan ukur
[897](00:33:07)ALARM: Data Titik 2 (KVARH) diluar jangkauan ukur
[898](00:33:08)[0]-- TIME:20090306-003308

[899](00:33:09)[1]-- TIME:20090306-003309

[900](00:33:10)[2]-- TIME:20090306-003310

[901](00:33:11)[3]-- TIME:20090306-003311

[902](00:33:11)ALARM: Data Titik 1 (KWH) diluar jangkauan ukur
[903](00:33:11)ALARM: Data Titik 2 (KVARH) diluar jangkauan ukur
[904](00:33:12)[0]-- TIME:20090306-003312

[905](00:33:13)[1]-- TIME:20090306-003313

[906](00:33:14)[2]-- TIME:20090306-003314

[907](00:33:15)[3]-- TIME:20090306-003315

[908](00:33:15)ALARM: Data Titik 1 (KWH) diluar jangkauan ukur
[909](00:33:15)ALARM: Data Titik 2 (KVARH) diluar jangkauan ukur
[910](00:33:16)[0]-- TIME:20090306-003316

[911](00:33:17)[1]-- TIME:20090306-003317

[912](00:33:18)[2]-- TIME:20090306-003318

[913](00:33:19)[3]-- TIME:20090306-003319

[914](00:33:19)ALARM: Data Titik 1 (KWH) diluar jangkauan ukur
[915](00:33:19)ALARM: Data Titik 2 (KVARH) diluar jangkauan ukur
[916](00:33:20)[0]-- TIME:20090306-003320

[917](00:33:21)[1]-- TIME:20090306-003321

[918](00:33:22)[2]-- TIME:20090306-003322

[919](00:33:23)[3]-- TIME:20090306-003323

[920](00:33:23)ALARM: Data Titik 1 (KWH) diluar jangkauan ukur
[921](00:33:23)ALARM: Data Titik 2 (KVARH) diluar jangkauan ukur
[922](00:33:24)[0]-- TIME:20090306-003324

[923](00:33:25)[1]-- TIME:20090306-003325

[924](00:33:26)[2]-- TIME:20090306-003326

[925](00:33:27)[3]-- TIME:20090306-003327

[926](00:33:27)ALARM: Data Titik 1 (KWH) diluar jangkauan ukur
[927](00:33:27)ALARM: Data Titik 2 (KVARH) diluar jangkauan ukur
[928](00:33:28)[0]-- TIME:20090306-003328

[929](00:33:29)[1]-- TIME:20090306-003329

[930](00:33:30)[2]-- TIME:20090306-003330

[931](00:33:31)[3]-- TIME:20090306-003331

[932](00:33:31)ALARM: Data Titik 1 (KWH) diluar jangkauan ukur
[933](00:33:31)ALARM: Data Titik 2 (KVARH) diluar jangkauan ukur
[934](00:33:32)[0]-- TIME:20090306-003332

[935](00:33:33)[1]-- TIME:20090306-003333

[936](00:33:34)[2]-- TIME:20090306-003334

[937](00:33:35)[3]-- TIME:20090306-003335

[938](00:33:35)ALARM: Data Titik 1 (KWH) diluar jangkauan ukur
[939](00:33:35)ALARM: Data Titik 2 (KVARH) diluar jangkauan ukur
[940](00:33:36)[0]-- TIME:20090306-003336

[941](00:33:37)[1]-- TIME:20090306-003337

[942](00:33:38)[2]-- TIME:20090306-003338

[943](00:33:39)[3]-- TIME:20090306-003339

[944](00:33:39)ALARM: Data Titik 1 (KWH) diluar jangkauan ukur
[945](00:33:39)ALARM: Data Titik 2 (KVARH) diluar jangkauan ukur
[946](00:33:40)[0]-- TIME:20090306-003340

[947](00:33:41)[1]-- TIME:20090306-003341

[948](00:33:42)[2]-- TIME:20090306-003342

[949](00:33:43)[3]-- TIME:20090306-003343

[950](00:33:43)ALARM: Data Titik 1 (KWH) diluar jangkauan ukur
[951](00:33:43)ALARM: Data Titik 2 (KVARH) diluar jangkauan ukur
[952](00:33:44)[0]-- TIME:20090306-003344

[953](00:33:45)[1]-- TIME:20090306-003345

[954](00:33:46)[2]-- TIME:20090306-003346

[955](00:33:47)[3]-- TIME:20090306-003347

[956](00:33:47)ALARM: Data Titik 1 (KWH) diluar jangkauan ukur
[957](00:33:47)ALARM: Data Titik 2 (KVARH) diluar jangkauan ukur
[958](00:33:48)[0]-- TIME:20090306-003348

[959](00:33:49)[1]-- TIME:20090306-003349

[960](00:33:50)[2]-- TIME:20090306-003350

[961](00:33:51)[3]-- TIME:20090306-003351

[962](00:33:51)ALARM: Data Titik 1 (KWH) diluar jangkauan ukur
[963](00:33:51)ALARM: Data Titik 2 (KVARH) diluar jangkauan ukur
[964](00:33:52)[0]-- TIME:20090306-003352

[965](00:33:53)[1]-- TIME:20090306-003353

[966](00:33:54)[2]-- TIME:20090306-003354

[967](00:33:55)[3]-- TIME:20090306-003355

[968](00:33:55)ALARM: Data Titik 1 (KWH) diluar jangkauan ukur
[969](00:33:55)ALARM: Data Titik 2 (KVARH) diluar jangkauan ukur
[970](00:33:56)[0]-- TIME:20090306-003356

[971](00:33:57)[1]-- TIME:20090306-003357

[972](00:33:58)[2]-- TIME:20090306-003358

[973](00:33:59)[3]-- TIME:20090306-003359

[974](00:33:59)ALARM: Data Titik 1 (KWH) diluar jangkauan ukur
[975](00:33:59)ALARM: Data Titik 2 (KVARH) diluar jangkauan ukur
[976](00:34:00)[0]-- TIME:20090306-003400

[977](00:34:01)[1]-- TIME:20090306-003401

[978](00:34:02)[2]-- TIME:20090306-003402

[979](00:34:03)[3]-- TIME:20090306-003403

[980](00:34:03)ALARM: Data Titik 1 (KWH) diluar jangkauan ukur
[981](00:34:03)ALARM: Data Titik 2 (KVARH) diluar jangkauan ukur
[982](00:34:04)[0]-- TIME:20090306-003404

[983](00:34:05)[1]-- TIME:20090306-003405

[984](00:34:06)[2]-- TIME:20090306-003406

[985](00:34:07)[3]-- TIME:20090306-003407

[986](00:34:07)ALARM: Data Titik 1 (KWH) diluar jangkauan ukur
[987](00:34:07)ALARM: Data Titik 2 (KVARH) diluar jangkauan ukur
[988](00:34:08)[0]-- TIME:20090306-003408

[989](00:34:09)[1]-- TIME:20090306-003409

[990](00:34:10)[2]-- TIME:20090306-003410

[991](00:34:11)[3]-- TIME:20090306-003411

[992](00:34:11)ALARM: Data Titik 1 (KWH) diluar jangkauan ukur
[993](00:34:11)ALARM: Data Titik 2 (KVARH) diluar jangkauan ukur
[994](00:34:12)[0]-- TIME:20090306-003412

[995](00:34:13)[1]-- TIME:20090306-003413

[996](00:34:14)[2]-- TIME:20090306-003414

[997](00:34:15)[3]-- TIME:20090306-003415

[998](00:34:15)ALARM: Data Titik 1 (KWH) diluar jangkauan ukur
[999](00:34:15)ALARM: Data Titik 2 (KVARH) diluar jangkauan ukur
[1000](00:34:16)[0]-- TIME:20090306-003416
