
[0](12:42:37)======== MONITA APP STARTING ===========
[1](12:42:37)Load file konfigurasi
[2](12:42:37)Baca konfig
[3](12:42:37)Baca konfig: OK
[4](12:42:39)Mulai logging data
[5](12:42:40)[0]-- TIME:20090303-124240

[6](12:42:41)[1]-- TIME:20090303-124241

[7](12:42:42)[2]-- TIME:20090303-124242

[8](12:42:43)[3]-- TIME:20090303-124243

[9](12:42:44)[0]-- TIME:20090303-124244

[10](12:42:45)[1]-- TIME:20090303-124245

[11](12:42:46)[2]-- TIME:20090303-124246

[12](12:42:47)[3]-- TIME:20090303-124247

[13](12:42:48)[0]-- TIME:20090303-124248

[14](12:42:49)[1]-- TIME:20090303-124249

[15](12:42:50)[2]-- TIME:20090303-124250

[16](12:42:51)[3]-- TIME:20090303-124251

[17](12:42:52)[0]-- TIME:20090303-124252

[18](12:42:53)[1]-- TIME:20090303-124253

[19](12:42:54)[2]-- TIME:20090303-124254

[20](12:42:55)[3]-- TIME:20090303-124255

[21](12:42:56)[0]-- TIME:20090303-124256

[22](12:42:57)[1]-- TIME:20090303-124257

[23](12:42:58)[2]-- TIME:20090303-124258

[24](12:42:59)[3]-- TIME:20090303-124259

[25](12:43:00)[0]-- TIME:20090303-124300

[26](12:43:01)[1]-- TIME:20090303-124301

[27](12:43:02)[2]-- TIME:20090303-124302

[28](12:43:03)[3]-- TIME:20090303-124303

[29](12:43:04)[0]-- TIME:20090303-124304

[30](12:43:05)[1]-- TIME:20090303-124305

[31](12:43:06)[2]-- TIME:20090303-124306

[32](12:43:07)[3]-- TIME:20090303-124307

[33](12:43:08)[0]-- TIME:20090303-124308

[34](12:43:09)[1]-- TIME:20090303-124309

[35](12:43:10)[2]-- TIME:20090303-124310

[36](12:43:11)[3]-- TIME:20090303-124311

[37](12:43:12)[0]-- TIME:20090303-124312

[38](12:43:13)[1]-- TIME:20090303-124313

[39](12:43:14)[2]-- TIME:20090303-124314

[40](12:43:15)[3]-- TIME:20090303-124315

[41](12:43:16)[0]-- TIME:20090303-124316

[42](12:43:17)[1]-- TIME:20090303-124317

[43](12:43:18)[2]-- TIME:20090303-124318

[44](12:43:19)[3]-- TIME:20090303-124319

[45](12:43:20)[0]-- TIME:20090303-124320

[46](12:43:21)[1]-- TIME:20090303-124321

[47](12:43:22)[2]-- TIME:20090303-124322

[48](12:43:23)[3]-- TIME:20090303-124323

[49](12:43:24)[0]-- TIME:20090303-124324

[50](12:43:25)[1]-- TIME:20090303-124325

[51](12:43:26)[2]-- TIME:20090303-124326

[52](12:43:27)[3]-- TIME:20090303-124327

[53](12:43:28)[0]-- TIME:20090303-124328

[54](12:43:29)[1]-- TIME:20090303-124329

[55](12:43:30)[2]-- TIME:20090303-124330

[56](12:43:31)[3]-- TIME:20090303-124331

[57](12:43:32)[0]-- TIME:20090303-124332

[58](12:43:33)[1]-- TIME:20090303-124333

[59](12:43:34)[2]-- TIME:20090303-124334

[60](12:43:35)[3]-- TIME:20090303-124335

[61](12:43:36)[0]-- TIME:20090303-124336

[62](12:43:37)[1]-- TIME:20090303-124337

[63](12:43:38)[2]-- TIME:20090303-124338

[64](12:43:39)[3]-- TIME:20090303-124339

[65](12:43:40)[0]-- TIME:20090303-124340

[66](12:43:41)[1]-- TIME:20090303-124341

[67](12:43:42)[2]-- TIME:20090303-124342

[68](12:43:43)[3]-- TIME:20090303-124343

[69](12:43:44)[0]-- TIME:20090303-124344

[70](12:43:45)[1]-- TIME:20090303-124345

[71](12:43:46)[2]-- TIME:20090303-124346

[72](12:43:47)[3]-- TIME:20090303-124347

[73](12:43:48)[0]-- TIME:20090303-124348

[74](12:43:49)[1]-- TIME:20090303-124349

[75](12:43:50)[2]-- TIME:20090303-124350

[76](12:43:51)[3]-- TIME:20090303-124351

[77](12:43:52)[0]-- TIME:20090303-124352

[78](12:43:53)[1]-- TIME:20090303-124353

[79](12:43:54)[2]-- TIME:20090303-124354

[80](12:43:55)[3]-- TIME:20090303-124355

[81](12:43:56)[0]-- TIME:20090303-124356

[82](12:43:57)[1]-- TIME:20090303-124357

[83](12:43:58)[2]-- TIME:20090303-124358

[84](12:43:59)[3]-- TIME:20090303-124359

[85](12:44:00)[0]-- TIME:20090303-124400

[86](12:44:01)[1]-- TIME:20090303-124401

[87](12:44:02)[2]-- TIME:20090303-124402

[88](12:44:03)[3]-- TIME:20090303-124403

[89](12:44:04)[0]-- TIME:20090303-124404

[90](12:44:05)[1]-- TIME:20090303-124405

[91](12:44:06)[2]-- TIME:20090303-124406

[92](12:44:07)[3]-- TIME:20090303-124407

[93](12:44:08)[0]-- TIME:20090303-124408

[94](12:44:09)[1]-- TIME:20090303-124409

[95](12:44:10)[2]-- TIME:20090303-124410

[96](12:44:11)[3]-- TIME:20090303-124411

[97](12:44:12)[0]-- TIME:20090303-124412

[98](12:44:13)[1]-- TIME:20090303-124413

[99](12:44:14)[2]-- TIME:20090303-124414

[100](12:44:15)[3]-- TIME:20090303-124415

[101](12:44:16)[0]-- TIME:20090303-124416

[102](12:44:17)[1]-- TIME:20090303-124417

[103](12:44:18)[2]-- TIME:20090303-124418

[104](12:44:19)[3]-- TIME:20090303-124419

[105](12:44:20)[0]-- TIME:20090303-124420

[106](12:44:21)[1]-- TIME:20090303-124421

[107](12:44:22)[2]-- TIME:20090303-124422

[108](12:44:23)[3]-- TIME:20090303-124423

[109](12:44:24)[0]-- TIME:20090303-124424

[110](12:44:25)[1]-- TIME:20090303-124425

[111](12:44:26)[2]-- TIME:20090303-124426

[112](12:44:27)[3]-- TIME:20090303-124427

[113](12:44:28)[0]-- TIME:20090303-124428

[114](12:44:29)[1]-- TIME:20090303-124429

[115](12:44:30)[2]-- TIME:20090303-124430

[116](12:44:31)[3]-- TIME:20090303-124431

[117](12:44:32)[0]-- TIME:20090303-124432

[118](12:44:33)[1]-- TIME:20090303-124433

[119](12:44:34)[2]-- TIME:20090303-124434

[120](12:44:35)[3]-- TIME:20090303-124435

[121](12:44:36)[0]-- TIME:20090303-124436

[122](12:44:37)[1]-- TIME:20090303-124437

[123](12:44:38)[2]-- TIME:20090303-124438

[124](12:44:39)[3]-- TIME:20090303-124439

[125](12:44:40)[0]-- TIME:20090303-124440

[126](12:44:41)[1]-- TIME:20090303-124441

[127](12:44:42)[2]-- TIME:20090303-124442

[128](12:44:43)[3]-- TIME:20090303-124443

[129](12:44:44)[0]-- TIME:20090303-124444

[130](12:44:45)[1]-- TIME:20090303-124445

[131](12:44:46)[2]-- TIME:20090303-124446

[132](12:44:47)[3]-- TIME:20090303-124447

[133](12:44:48)[0]-- TIME:20090303-124448

[134](12:44:49)[1]-- TIME:20090303-124449

[135](12:44:50)[2]-- TIME:20090303-124450

[136](12:44:51)[3]-- TIME:20090303-124451

[137](12:44:52)[0]-- TIME:20090303-124452

[138](12:44:53)[1]-- TIME:20090303-124453

[139](12:44:54)[2]-- TIME:20090303-124454

[140](12:44:55)[3]-- TIME:20090303-124455

[141](12:44:56)[0]-- TIME:20090303-124456

[142](12:44:57)[1]-- TIME:20090303-124457

[143](12:44:58)[2]-- TIME:20090303-124458

[144](12:44:59)[3]-- TIME:20090303-124459

[145](12:45:00)[0]-- TIME:20090303-124500

[146](12:45:01)[1]-- TIME:20090303-124501

[147](12:45:02)[2]-- TIME:20090303-124502

[148](12:45:03)[3]-- TIME:20090303-124503

[149](12:45:04)[0]-- TIME:20090303-124504

[150](12:45:05)[1]-- TIME:20090303-124505

[151](12:45:06)[2]-- TIME:20090303-124506

[152](12:45:07)[3]-- TIME:20090303-124507

[153](12:45:08)[0]-- TIME:20090303-124508

[154](12:45:09)[1]-- TIME:20090303-124509

[155](12:45:10)[2]-- TIME:20090303-124510

[156](12:45:11)[3]-- TIME:20090303-124511

[157](12:45:12)[0]-- TIME:20090303-124512

[158](12:45:13)[1]-- TIME:20090303-124513

[159](12:45:14)[2]-- TIME:20090303-124514

[160](12:45:15)[3]-- TIME:20090303-124515

[161](12:45:16)[0]-- TIME:20090303-124516

[162](12:45:17)[1]-- TIME:20090303-124517

[163](12:45:18)[2]-- TIME:20090303-124518

[164](12:45:19)[3]-- TIME:20090303-124519

[165](12:45:20)[0]-- TIME:20090303-124520

[166](12:45:21)[1]-- TIME:20090303-124521

[167](12:45:22)[2]-- TIME:20090303-124522

[168](12:45:23)[3]-- TIME:20090303-124523

[169](12:45:24)[0]-- TIME:20090303-124524

[170](12:45:25)[1]-- TIME:20090303-124525

[171](12:45:26)[2]-- TIME:20090303-124526

[172](12:45:27)[3]-- TIME:20090303-124527

[173](12:45:28)[0]-- TIME:20090303-124528

[174](12:45:29)[1]-- TIME:20090303-124529

[175](12:45:30)[2]-- TIME:20090303-124530

[176](12:45:31)[3]-- TIME:20090303-124531

[177](12:45:32)[0]-- TIME:20090303-124532

[178](12:45:33)[1]-- TIME:20090303-124533

[179](12:45:34)[2]-- TIME:20090303-124534

[180](12:45:35)[3]-- TIME:20090303-124535

[181](12:45:36)[0]-- TIME:20090303-124536

[182](12:45:37)[1]-- TIME:20090303-124537

[183](12:45:38)[2]-- TIME:20090303-124538

[184](12:45:39)[3]-- TIME:20090303-124539

[185](12:45:40)[0]-- TIME:20090303-124540

[186](12:45:41)[1]-- TIME:20090303-124541

[187](12:45:42)[2]-- TIME:20090303-124542

[188](12:45:43)[3]-- TIME:20090303-124543

[189](12:45:44)[0]-- TIME:20090303-124544

[190](12:45:45)[1]-- TIME:20090303-124545

[191](12:45:46)[2]-- TIME:20090303-124546

[192](12:45:47)[3]-- TIME:20090303-124547

[193](12:45:48)[0]-- TIME:20090303-124548

[194](12:45:49)[1]-- TIME:20090303-124549

[195](12:45:50)[2]-- TIME:20090303-124550

[196](12:45:51)[3]-- TIME:20090303-124551

[197](12:45:52)[0]-- TIME:20090303-124552

[198](12:45:53)[1]-- TIME:20090303-124553

[199](12:45:54)[2]-- TIME:20090303-124554

[200](12:45:55)[3]-- TIME:20090303-124555

[201](12:45:56)[0]-- TIME:20090303-124556

[202](12:45:57)[1]-- TIME:20090303-124557

[203](12:45:58)[2]-- TIME:20090303-124558

[204](12:45:59)[3]-- TIME:20090303-124559

[205](12:46:00)[0]-- TIME:20090303-124600

[206](12:46:01)[1]-- TIME:20090303-124601

[207](12:46:02)[2]-- TIME:20090303-124602

[208](12:46:03)[3]-- TIME:20090303-124603

[209](12:46:04)[0]-- TIME:20090303-124604

[210](12:46:05)[1]-- TIME:20090303-124605

[211](12:46:06)[2]-- TIME:20090303-124606

[212](12:46:07)[3]-- TIME:20090303-124607

[213](12:46:08)[0]-- TIME:20090303-124608

[214](12:46:09)[1]-- TIME:20090303-124609

[215](12:46:10)[2]-- TIME:20090303-124610

[216](12:46:11)[3]-- TIME:20090303-124611

[217](12:46:12)[0]-- TIME:20090303-124612

[218](12:46:13)[1]-- TIME:20090303-124613

[219](12:46:14)[2]-- TIME:20090303-124614

[220](12:46:15)[3]-- TIME:20090303-124615

[221](12:46:16)[0]-- TIME:20090303-124616

[222](12:46:17)[1]-- TIME:20090303-124617

[223](12:46:18)[2]-- TIME:20090303-124618

[224](12:46:19)[3]-- TIME:20090303-124619

[225](12:46:20)[0]-- TIME:20090303-124620

[226](12:46:21)[1]-- TIME:20090303-124621

[227](12:46:22)[2]-- TIME:20090303-124622

[228](12:46:23)[3]-- TIME:20090303-124623

[229](12:46:24)[0]-- TIME:20090303-124624

[230](12:46:25)[1]-- TIME:20090303-124625

[231](12:46:26)[2]-- TIME:20090303-124626

[232](12:46:27)[3]-- TIME:20090303-124627

[233](12:46:28)[0]-- TIME:20090303-124628

[234](12:46:29)[1]-- TIME:20090303-124629

[235](12:46:30)[2]-- TIME:20090303-124630

[236](12:46:31)[3]-- TIME:20090303-124631

[237](12:46:32)[0]-- TIME:20090303-124632

[238](12:46:33)[1]-- TIME:20090303-124633

[239](12:46:34)[2]-- TIME:20090303-124634

[240](12:46:35)[3]-- TIME:20090303-124635

[241](12:46:36)[0]-- TIME:20090303-124636

[242](12:46:37)[1]-- TIME:20090303-124637

[243](12:46:38)[2]-- TIME:20090303-124638

[244](12:46:39)[3]-- TIME:20090303-124639

[245](12:46:40)[0]-- TIME:20090303-124640

[246](12:46:41)[1]-- TIME:20090303-124641

[247](12:46:42)[2]-- TIME:20090303-124642

[248](12:46:43)[3]-- TIME:20090303-124643

[249](12:46:44)[0]-- TIME:20090303-124644

[250](12:46:45)[1]-- TIME:20090303-124645

[251](12:46:46)[2]-- TIME:20090303-124646

[252](12:46:47)[3]-- TIME:20090303-124647

[253](12:46:48)[0]-- TIME:20090303-124648

[254](12:46:49)[1]-- TIME:20090303-124649

[255](12:46:50)[2]-- TIME:20090303-124650

[256](12:46:51)[3]-- TIME:20090303-124651

[257](12:46:52)[0]-- TIME:20090303-124652

[258](12:46:53)[1]-- TIME:20090303-124653

[259](12:46:54)[2]-- TIME:20090303-124654

[260](12:46:55)[3]-- TIME:20090303-124655

[261](12:46:56)[0]-- TIME:20090303-124656

[262](12:46:57)[1]-- TIME:20090303-124657

[263](12:46:58)[2]-- TIME:20090303-124658

[264](12:46:59)[3]-- TIME:20090303-124659

[265](12:47:00)[0]-- TIME:20090303-124700

[266](12:47:01)[1]-- TIME:20090303-124701

[267](12:47:02)[2]-- TIME:20090303-124702

[268](12:47:03)[3]-- TIME:20090303-124703

[269](12:47:04)[0]-- TIME:20090303-124704

[270](12:47:05)[1]-- TIME:20090303-124705

[271](12:47:06)[2]-- TIME:20090303-124706

[272](12:47:07)[3]-- TIME:20090303-124707

[273](12:47:08)[0]-- TIME:20090303-124708

[274](12:47:09)[1]-- TIME:20090303-124709

[275](12:47:10)[2]-- TIME:20090303-124710

[276](12:47:11)[3]-- TIME:20090303-124711

[277](12:47:12)[0]-- TIME:20090303-124712

[278](12:47:13)[1]-- TIME:20090303-124713

[279](12:47:14)[2]-- TIME:20090303-124714

[280](12:47:15)[3]-- TIME:20090303-124715

[281](12:47:16)[0]-- TIME:20090303-124716

[282](12:47:17)[1]-- TIME:20090303-124717

[283](12:47:18)[2]-- TIME:20090303-124718

[284](12:47:19)[3]-- TIME:20090303-124719

[285](12:47:20)[0]-- TIME:20090303-124720

[286](12:47:21)[1]-- TIME:20090303-124721

[287](12:47:22)[2]-- TIME:20090303-124722

[288](12:47:23)[3]-- TIME:20090303-124723

[289](12:47:24)[0]-- TIME:20090303-124724

[290](12:47:25)[1]-- TIME:20090303-124725

[291](12:47:26)[2]-- TIME:20090303-124726

[292](12:47:27)[3]-- TIME:20090303-124727

[293](12:47:28)[0]-- TIME:20090303-124728

[294](12:47:29)[1]-- TIME:20090303-124729

[295](12:47:30)[2]-- TIME:20090303-124730

[296](12:47:31)[3]-- TIME:20090303-124731

[297](12:47:32)[0]-- TIME:20090303-124732

[298](12:47:33)[1]-- TIME:20090303-124733

[299](12:47:34)[2]-- TIME:20090303-124734

[300](12:47:35)[3]-- TIME:20090303-124735

[301](12:47:36)[0]-- TIME:20090303-124736

[302](12:47:37)[1]-- TIME:20090303-124737

[303](12:47:38)[2]-- TIME:20090303-124738

[304](12:47:39)[3]-- TIME:20090303-124739

[305](12:47:40)[0]-- TIME:20090303-124740

[306](12:47:41)[1]-- TIME:20090303-124741

[307](12:47:42)[2]-- TIME:20090303-124742

[308](12:47:43)[3]-- TIME:20090303-124743

[309](12:47:44)[0]-- TIME:20090303-124744

[310](12:47:45)[1]-- TIME:20090303-124745

[311](12:47:46)[2]-- TIME:20090303-124746

[312](12:47:47)[3]-- TIME:20090303-124747

[313](12:47:48)[0]-- TIME:20090303-124748

[314](12:47:49)[1]-- TIME:20090303-124749

[315](12:47:50)[2]-- TIME:20090303-124750

[316](12:47:51)[3]-- TIME:20090303-124751

[317](12:47:52)[0]-- TIME:20090303-124752

[318](12:47:53)[1]-- TIME:20090303-124753

[319](12:47:54)[2]-- TIME:20090303-124754

[320](12:47:55)[3]-- TIME:20090303-124755

[321](12:47:56)[0]-- TIME:20090303-124756

[322](12:47:57)[1]-- TIME:20090303-124757

[323](12:47:58)[2]-- TIME:20090303-124758

[324](12:47:59)[3]-- TIME:20090303-124759

[325](12:48:00)[0]-- TIME:20090303-124800

[326](12:48:01)[1]-- TIME:20090303-124801

[327](12:48:02)[2]-- TIME:20090303-124802

[328](12:48:03)[3]-- TIME:20090303-124803

[329](12:48:04)[0]-- TIME:20090303-124804

[330](12:48:05)[1]-- TIME:20090303-124805

[331](12:48:06)[2]-- TIME:20090303-124806

[332](12:48:07)[3]-- TIME:20090303-124807

[333](12:48:08)[0]-- TIME:20090303-124808

[334](12:48:09)[1]-- TIME:20090303-124809

[335](12:48:10)[2]-- TIME:20090303-124810

[336](12:48:11)[3]-- TIME:20090303-124811

[337](12:48:12)[0]-- TIME:20090303-124812

[338](12:48:13)[1]-- TIME:20090303-124813

[339](12:48:14)[2]-- TIME:20090303-124814

[340](12:48:15)[3]-- TIME:20090303-124815

[341](12:48:16)[0]-- TIME:20090303-124816

[342](12:48:17)[1]-- TIME:20090303-124817

[343](12:48:18)[2]-- TIME:20090303-124818

[344](12:48:19)[3]-- TIME:20090303-124819

[345](12:48:20)[0]-- TIME:20090303-124820

[346](12:48:21)[1]-- TIME:20090303-124821

[347](12:48:22)[2]-- TIME:20090303-124822

[348](12:48:23)[3]-- TIME:20090303-124823

[349](12:48:24)[0]-- TIME:20090303-124824

[350](12:48:25)[1]-- TIME:20090303-124825

[351](12:48:26)[2]-- TIME:20090303-124826

[352](12:48:27)[3]-- TIME:20090303-124827

[353](12:48:28)[0]-- TIME:20090303-124828

[354](12:48:29)[1]-- TIME:20090303-124829

[355](12:48:30)[2]-- TIME:20090303-124830

[356](12:48:31)[3]-- TIME:20090303-124831

[357](12:48:32)[0]-- TIME:20090303-124832

[358](12:48:33)[1]-- TIME:20090303-124833

[359](12:48:34)[2]-- TIME:20090303-124834

[360](12:48:35)[3]-- TIME:20090303-124835

[361](12:48:36)[0]-- TIME:20090303-124836

[362](12:48:37)[1]-- TIME:20090303-124837

[363](12:48:38)[2]-- TIME:20090303-124838

[364](12:48:39)[3]-- TIME:20090303-124839

[365](12:48:40)[0]-- TIME:20090303-124840

[366](12:48:41)[1]-- TIME:20090303-124841

[367](12:48:42)[2]-- TIME:20090303-124842

[368](12:48:43)[3]-- TIME:20090303-124843

[369](12:48:44)[0]-- TIME:20090303-124844

[370](12:48:45)[1]-- TIME:20090303-124845

[371](12:48:46)[2]-- TIME:20090303-124846

[372](12:48:47)[3]-- TIME:20090303-124847

[373](12:48:48)[0]-- TIME:20090303-124848

[374](12:48:49)[1]-- TIME:20090303-124849

[375](12:48:50)[2]-- TIME:20090303-124850

[376](12:48:51)[3]-- TIME:20090303-124851

[377](12:48:52)[0]-- TIME:20090303-124852

[378](12:48:53)[1]-- TIME:20090303-124853

[379](12:48:54)[2]-- TIME:20090303-124854

[380](12:48:55)[3]-- TIME:20090303-124855

[381](12:48:56)[0]-- TIME:20090303-124856

[382](12:48:57)[1]-- TIME:20090303-124857

[383](12:48:58)[2]-- TIME:20090303-124858

[384](12:48:59)[3]-- TIME:20090303-124859

[385](12:49:00)[0]-- TIME:20090303-124900

[386](12:49:01)[1]-- TIME:20090303-124901

[387](12:49:02)[2]-- TIME:20090303-124902

[388](12:49:03)[3]-- TIME:20090303-124903

[389](12:49:04)[0]-- TIME:20090303-124904

[390](12:49:05)[1]-- TIME:20090303-124905

[391](12:49:06)[2]-- TIME:20090303-124906

[392](12:49:07)[3]-- TIME:20090303-124907

[393](12:49:08)[0]-- TIME:20090303-124908

[394](12:49:09)[1]-- TIME:20090303-124909

[395](12:49:10)[2]-- TIME:20090303-124910

[396](12:49:11)[3]-- TIME:20090303-124911

[397](12:49:12)[0]-- TIME:20090303-124912

[398](12:49:13)[1]-- TIME:20090303-124913

[399](12:49:14)[2]-- TIME:20090303-124914

[400](12:49:15)[3]-- TIME:20090303-124915

[401](12:49:16)[0]-- TIME:20090303-124916

[402](12:49:17)[1]-- TIME:20090303-124917

[403](12:49:18)[2]-- TIME:20090303-124918

[404](12:49:19)[3]-- TIME:20090303-124919

[405](12:49:20)[0]-- TIME:20090303-124920

[406](12:49:21)[1]-- TIME:20090303-124921

[407](12:49:22)[2]-- TIME:20090303-124922

[408](12:49:23)[3]-- TIME:20090303-124923

[409](12:49:24)[0]-- TIME:20090303-124924

[410](12:49:25)[1]-- TIME:20090303-124925

[411](12:49:26)[2]-- TIME:20090303-124926

[412](12:49:27)[3]-- TIME:20090303-124927

[413](12:49:28)[0]-- TIME:20090303-124928

[414](12:49:29)[1]-- TIME:20090303-124929

[415](12:49:30)[2]-- TIME:20090303-124930

[416](12:49:31)[3]-- TIME:20090303-124931

[417](12:49:32)[0]-- TIME:20090303-124932

[418](12:49:33)[1]-- TIME:20090303-124933

[419](12:49:34)[2]-- TIME:20090303-124934

[420](12:49:35)[3]-- TIME:20090303-124935

[421](12:49:36)[0]-- TIME:20090303-124936

[422](12:49:37)[1]-- TIME:20090303-124937

[423](12:49:38)[2]-- TIME:20090303-124938

[424](12:49:39)[3]-- TIME:20090303-124939

[425](12:49:40)[0]-- TIME:20090303-124940

[426](12:49:41)[1]-- TIME:20090303-124941

[427](12:49:42)[2]-- TIME:20090303-124942

[428](12:49:43)[3]-- TIME:20090303-124943

[429](12:49:44)[0]-- TIME:20090303-124944

[430](12:49:45)[1]-- TIME:20090303-124945

[431](12:49:46)[2]-- TIME:20090303-124946

[432](12:49:47)[3]-- TIME:20090303-124947

[433](12:49:48)[0]-- TIME:20090303-124948

[434](12:49:49)[1]-- TIME:20090303-124949

[435](12:49:50)[2]-- TIME:20090303-124950

[436](12:49:51)[3]-- TIME:20090303-124951

[437](12:49:52)[0]-- TIME:20090303-124952

[438](12:49:53)[1]-- TIME:20090303-124953

[439](12:49:54)[2]-- TIME:20090303-124954

[440](12:49:55)[3]-- TIME:20090303-124955

[441](12:49:56)[0]-- TIME:20090303-124956

[442](12:49:57)[1]-- TIME:20090303-124957

[443](12:49:58)[2]-- TIME:20090303-124958

[444](12:49:59)[3]-- TIME:20090303-124959

[445](12:50:00)[0]-- TIME:20090303-125000

[446](12:50:01)[1]-- TIME:20090303-125001

[447](12:50:02)[2]-- TIME:20090303-125002

[448](12:50:03)[3]-- TIME:20090303-125003

[449](12:50:04)[0]-- TIME:20090303-125004

[450](12:50:05)[1]-- TIME:20090303-125005

[451](12:50:06)[2]-- TIME:20090303-125006

[452](12:50:07)[3]-- TIME:20090303-125007

[453](12:50:08)[0]-- TIME:20090303-125008

[454](12:50:09)[1]-- TIME:20090303-125009

[455](12:50:10)[2]-- TIME:20090303-125010

[456](12:50:11)[3]-- TIME:20090303-125011

[457](12:50:12)[0]-- TIME:20090303-125012

[458](12:50:13)[1]-- TIME:20090303-125013

[459](12:50:14)[2]-- TIME:20090303-125014

[460](12:50:15)[3]-- TIME:20090303-125015

[461](12:50:16)[0]-- TIME:20090303-125016

[462](12:50:17)[1]-- TIME:20090303-125017

[463](12:50:18)[2]-- TIME:20090303-125018

[464](12:50:19)[3]-- TIME:20090303-125019

[465](12:50:20)[0]-- TIME:20090303-125020

[466](12:50:21)[1]-- TIME:20090303-125021

[467](12:50:22)[2]-- TIME:20090303-125022

[468](12:50:23)[3]-- TIME:20090303-125023

[469](12:50:24)[0]-- TIME:20090303-125024

[470](12:50:25)[1]-- TIME:20090303-125025

[471](12:50:26)[2]-- TIME:20090303-125026

[472](12:50:27)[3]-- TIME:20090303-125027

[473](12:50:28)[0]-- TIME:20090303-125028

[474](12:50:29)[1]-- TIME:20090303-125029

[475](12:50:30)[2]-- TIME:20090303-125030

[476](12:50:31)[3]-- TIME:20090303-125031

[477](12:50:32)[0]-- TIME:20090303-125032

[478](12:50:33)[1]-- TIME:20090303-125033

[479](12:50:34)[2]-- TIME:20090303-125034

[480](12:50:35)[3]-- TIME:20090303-125035

[481](12:50:36)[0]-- TIME:20090303-125036

[482](12:50:37)[1]-- TIME:20090303-125037

[483](12:50:38)[2]-- TIME:20090303-125038

[484](12:50:39)[3]-- TIME:20090303-125039

[485](12:50:40)[0]-- TIME:20090303-125040

[486](12:50:41)[1]-- TIME:20090303-125041

[487](12:50:42)[2]-- TIME:20090303-125042

[488](12:50:43)[3]-- TIME:20090303-125043

[489](12:50:44)[0]-- TIME:20090303-125044

[490](12:50:45)[1]-- TIME:20090303-125045

[491](12:50:46)[2]-- TIME:20090303-125046

[492](12:50:47)[3]-- TIME:20090303-125047

[493](12:50:48)[0]-- TIME:20090303-125048

[494](12:50:49)[1]-- TIME:20090303-125049

[495](12:50:50)[2]-- TIME:20090303-125050

[496](12:50:51)[3]-- TIME:20090303-125051

[497](12:50:52)[0]-- TIME:20090303-125052

[498](12:50:53)[1]-- TIME:20090303-125053

[499](12:50:54)[2]-- TIME:20090303-125054

[500](12:50:55)[3]-- TIME:20090303-125055

[501](12:50:56)[0]-- TIME:20090303-125056

[502](12:50:57)[1]-- TIME:20090303-125057

[503](12:50:58)[2]-- TIME:20090303-125058

[504](12:50:59)[3]-- TIME:20090303-125059

[505](12:51:00)[0]-- TIME:20090303-125100

[506](12:51:01)[1]-- TIME:20090303-125101

[507](12:51:02)[2]-- TIME:20090303-125102

[508](12:51:03)[3]-- TIME:20090303-125103

[509](12:51:04)[0]-- TIME:20090303-125104

[510](12:51:05)[1]-- TIME:20090303-125105

[511](12:51:06)[2]-- TIME:20090303-125106

[512](12:51:07)[3]-- TIME:20090303-125107

[513](12:51:08)[0]-- TIME:20090303-125108

[514](12:51:09)[1]-- TIME:20090303-125109

[515](12:51:10)[2]-- TIME:20090303-125110

[516](12:51:11)[3]-- TIME:20090303-125111

[517](12:51:12)[0]-- TIME:20090303-125112

[518](12:51:13)[1]-- TIME:20090303-125113

[519](12:51:14)[2]-- TIME:20090303-125114

[520](12:51:15)[3]-- TIME:20090303-125115

[521](12:51:16)[0]-- TIME:20090303-125116

[522](12:51:17)[1]-- TIME:20090303-125117

[523](12:51:18)[2]-- TIME:20090303-125118

[524](12:51:19)[3]-- TIME:20090303-125119

[525](12:51:20)[0]-- TIME:20090303-125120

[526](12:51:21)[1]-- TIME:20090303-125121

[527](12:51:22)[2]-- TIME:20090303-125122

[528](12:51:23)[3]-- TIME:20090303-125123

[529](12:51:24)[0]-- TIME:20090303-125124

[530](12:51:25)[1]-- TIME:20090303-125125

[531](12:51:26)[2]-- TIME:20090303-125126

[532](12:51:27)[3]-- TIME:20090303-125127

[533](12:51:28)[0]-- TIME:20090303-125128

[534](12:51:29)[1]-- TIME:20090303-125129

[535](12:51:30)[2]-- TIME:20090303-125130

[536](12:51:31)[3]-- TIME:20090303-125131

[537](12:51:32)[0]-- TIME:20090303-125132

[538](12:51:33)[1]-- TIME:20090303-125133

[539](12:51:34)[2]-- TIME:20090303-125134

[540](12:51:35)[3]-- TIME:20090303-125135

[541](12:51:36)[0]-- TIME:20090303-125136

[542](12:51:37)[1]-- TIME:20090303-125137

[543](12:51:38)[2]-- TIME:20090303-125138

[544](12:51:39)[3]-- TIME:20090303-125139

[545](12:51:40)[0]-- TIME:20090303-125140

[546](12:51:41)[1]-- TIME:20090303-125141

[547](12:51:42)[2]-- TIME:20090303-125142

[548](12:51:43)[3]-- TIME:20090303-125143

[549](12:51:44)[0]-- TIME:20090303-125144

[550](12:51:45)[1]-- TIME:20090303-125145

[551](12:51:46)[2]-- TIME:20090303-125146

[552](12:51:47)[3]-- TIME:20090303-125147

[553](12:51:48)[0]-- TIME:20090303-125148

[554](12:51:49)[1]-- TIME:20090303-125149

[555](12:51:50)[2]-- TIME:20090303-125150

[556](12:51:51)[3]-- TIME:20090303-125151

[557](12:51:52)[0]-- TIME:20090303-125152

[558](12:51:53)[1]-- TIME:20090303-125153

[559](12:51:54)[2]-- TIME:20090303-125154

[560](12:51:55)[3]-- TIME:20090303-125155

[561](12:51:56)[0]-- TIME:20090303-125156

[562](12:51:57)[1]-- TIME:20090303-125157

[563](12:51:58)[2]-- TIME:20090303-125158

[564](12:51:59)[3]-- TIME:20090303-125159

[565](12:52:00)[0]-- TIME:20090303-125200

[566](12:52:01)[1]-- TIME:20090303-125201

[567](12:52:02)[2]-- TIME:20090303-125202

[568](12:52:03)[3]-- TIME:20090303-125203

[569](12:52:04)[0]-- TIME:20090303-125204

[570](12:52:05)[1]-- TIME:20090303-125205

[571](12:52:06)[2]-- TIME:20090303-125206

[572](12:52:07)[3]-- TIME:20090303-125207

[573](12:52:08)[0]-- TIME:20090303-125208

[574](12:52:09)[1]-- TIME:20090303-125209

[575](12:52:10)[2]-- TIME:20090303-125210

[576](12:52:11)[3]-- TIME:20090303-125211

[577](12:52:12)[0]-- TIME:20090303-125212

[578](12:52:13)[1]-- TIME:20090303-125213

[579](12:52:14)[2]-- TIME:20090303-125214

[580](12:52:15)[3]-- TIME:20090303-125215

[581](12:52:16)[0]-- TIME:20090303-125216

[582](12:52:17)[1]-- TIME:20090303-125217

[583](12:52:18)[2]-- TIME:20090303-125218

[584](12:52:19)[3]-- TIME:20090303-125219

[585](12:52:20)[0]-- TIME:20090303-125220

[586](12:52:21)[1]-- TIME:20090303-125221

[587](12:52:22)[2]-- TIME:20090303-125222

[588](12:52:23)[3]-- TIME:20090303-125223

[589](12:52:24)[0]-- TIME:20090303-125224

[590](12:52:25)[1]-- TIME:20090303-125225

[591](12:52:26)[2]-- TIME:20090303-125226

[592](12:52:27)[3]-- TIME:20090303-125227

[593](12:52:28)[0]-- TIME:20090303-125228

[594](12:52:29)[1]-- TIME:20090303-125229

[595](12:52:30)[2]-- TIME:20090303-125230

[596](12:52:31)[3]-- TIME:20090303-125231

[597](12:52:32)[0]-- TIME:20090303-125232

[598](12:52:33)[1]-- TIME:20090303-125233

[599](12:52:34)[2]-- TIME:20090303-125234

[600](12:52:35)[3]-- TIME:20090303-125235

[601](12:52:36)[0]-- TIME:20090303-125236

[602](12:52:37)[1]-- TIME:20090303-125237

[603](12:52:38)[2]-- TIME:20090303-125238

[604](12:52:39)[3]-- TIME:20090303-125239

[605](12:52:40)[0]-- TIME:20090303-125240

[606](12:52:41)[1]-- TIME:20090303-125241

[607](12:52:42)[2]-- TIME:20090303-125242

[608](12:52:43)[3]-- TIME:20090303-125243

[609](12:52:44)[0]-- TIME:20090303-125244

[610](12:52:45)[1]-- TIME:20090303-125245

[611](12:52:46)[2]-- TIME:20090303-125246

[612](12:52:47)[3]-- TIME:20090303-125247

[613](12:52:48)[0]-- TIME:20090303-125248

[614](12:52:49)[1]-- TIME:20090303-125249

[615](12:52:50)[2]-- TIME:20090303-125250

[616](12:52:51)[3]-- TIME:20090303-125251

[617](12:52:52)[0]-- TIME:20090303-125252

[618](12:52:53)[1]-- TIME:20090303-125253

[619](12:52:54)[2]-- TIME:20090303-125254

[620](12:52:55)[3]-- TIME:20090303-125255

[621](12:52:56)[0]-- TIME:20090303-125256

[622](12:52:57)[1]-- TIME:20090303-125257

[623](12:52:58)[2]-- TIME:20090303-125258

[624](12:52:59)[3]-- TIME:20090303-125259

[625](12:53:00)[0]-- TIME:20090303-125300

[626](12:53:01)[1]-- TIME:20090303-125301

[627](12:53:02)[2]-- TIME:20090303-125302

[628](12:53:03)[3]-- TIME:20090303-125303

[629](12:53:04)[0]-- TIME:20090303-125304

[630](12:53:05)[1]-- TIME:20090303-125305

[631](12:53:06)[2]-- TIME:20090303-125306

[632](12:53:07)[3]-- TIME:20090303-125307

[633](12:53:08)[0]-- TIME:20090303-125308

[634](12:53:09)[1]-- TIME:20090303-125309

[635](12:53:10)[2]-- TIME:20090303-125310

[636](12:53:11)[3]-- TIME:20090303-125311

[637](12:53:12)[0]-- TIME:20090303-125312

[638](12:53:13)[1]-- TIME:20090303-125313

[639](12:53:14)[2]-- TIME:20090303-125314

[640](12:53:15)[3]-- TIME:20090303-125315

[641](12:53:16)[0]-- TIME:20090303-125316

[642](12:53:17)[1]-- TIME:20090303-125317

[643](12:53:18)[2]-- TIME:20090303-125318

[644](12:53:19)[3]-- TIME:20090303-125319

[645](12:53:20)[0]-- TIME:20090303-125320

[646](12:53:21)[1]-- TIME:20090303-125321

[647](12:53:22)[2]-- TIME:20090303-125322

[648](12:53:23)[3]-- TIME:20090303-125323

[649](12:53:24)[0]-- TIME:20090303-125324

[650](12:53:25)[1]-- TIME:20090303-125325

[651](12:53:26)[2]-- TIME:20090303-125326

[652](12:53:27)[3]-- TIME:20090303-125327

[653](12:53:28)[0]-- TIME:20090303-125328

[654](12:53:29)[1]-- TIME:20090303-125329

[655](12:53:30)[2]-- TIME:20090303-125330

[656](12:53:31)[3]-- TIME:20090303-125331

[657](12:53:32)[0]-- TIME:20090303-125332

[658](12:53:33)[1]-- TIME:20090303-125333

[659](12:53:34)[2]-- TIME:20090303-125334

[660](12:53:35)[3]-- TIME:20090303-125335

[661](12:53:36)[0]-- TIME:20090303-125336

[662](12:53:37)[1]-- TIME:20090303-125337

[663](12:53:38)[2]-- TIME:20090303-125338

[664](12:53:39)[3]-- TIME:20090303-125339

[665](12:53:40)[0]-- TIME:20090303-125340

[666](12:53:41)[1]-- TIME:20090303-125341

[667](12:53:42)[2]-- TIME:20090303-125342

[668](12:53:43)[3]-- TIME:20090303-125343

[669](12:53:44)[0]-- TIME:20090303-125344

[670](12:53:45)[1]-- TIME:20090303-125345

[671](12:53:46)[2]-- TIME:20090303-125346

[672](12:53:47)[3]-- TIME:20090303-125347

[673](12:53:48)[0]-- TIME:20090303-125348

[674](12:53:49)[1]-- TIME:20090303-125349

[675](12:53:50)[2]-- TIME:20090303-125350

[676](12:53:51)[3]-- TIME:20090303-125351

[677](12:53:52)[0]-- TIME:20090303-125352

[678](12:53:53)[1]-- TIME:20090303-125353

[679](12:53:54)[2]-- TIME:20090303-125354

[680](12:53:55)[3]-- TIME:20090303-125355

[681](12:53:56)[0]-- TIME:20090303-125356

[682](12:53:57)[1]-- TIME:20090303-125357

[683](12:53:58)[2]-- TIME:20090303-125358

[684](12:53:59)[3]-- TIME:20090303-125359

[685](12:54:00)[0]-- TIME:20090303-125400

[686](12:54:01)[1]-- TIME:20090303-125401

[687](12:54:02)[2]-- TIME:20090303-125402

[688](12:54:03)[3]-- TIME:20090303-125403

[689](12:54:04)[0]-- TIME:20090303-125404

[690](12:54:05)[1]-- TIME:20090303-125405

[691](12:54:06)[2]-- TIME:20090303-125406

[692](12:54:07)[3]-- TIME:20090303-125407

[693](12:54:08)[0]-- TIME:20090303-125408

[694](12:54:09)[1]-- TIME:20090303-125409

[695](12:54:10)[2]-- TIME:20090303-125410

[696](12:54:11)[3]-- TIME:20090303-125411

[697](12:54:12)[0]-- TIME:20090303-125412

[698](12:54:13)[1]-- TIME:20090303-125413

[699](12:54:14)[2]-- TIME:20090303-125414

[700](12:54:15)[3]-- TIME:20090303-125415

[701](12:54:16)[0]-- TIME:20090303-125416

[702](12:54:17)[1]-- TIME:20090303-125417

[703](12:54:18)[2]-- TIME:20090303-125418

[704](12:54:19)[3]-- TIME:20090303-125419

[705](12:54:20)[0]-- TIME:20090303-125420

[706](12:54:21)[1]-- TIME:20090303-125421

[707](12:54:22)[2]-- TIME:20090303-125422

[708](12:54:23)[3]-- TIME:20090303-125423

[709](12:54:24)[0]-- TIME:20090303-125424

[710](12:54:25)[1]-- TIME:20090303-125425

[711](12:54:26)[2]-- TIME:20090303-125426

[712](12:54:27)[3]-- TIME:20090303-125427

[713](12:54:28)[0]-- TIME:20090303-125428

[714](12:54:29)[1]-- TIME:20090303-125429

[715](12:54:30)[2]-- TIME:20090303-125430

[716](12:54:31)[3]-- TIME:20090303-125431

[717](12:54:32)[0]-- TIME:20090303-125432

[718](12:54:33)[1]-- TIME:20090303-125433

[719](12:54:34)[2]-- TIME:20090303-125434

[720](12:54:35)[3]-- TIME:20090303-125435

[721](12:54:36)[0]-- TIME:20090303-125436

[722](12:54:37)[1]-- TIME:20090303-125437

[723](12:54:38)[2]-- TIME:20090303-125438

[724](12:54:39)[3]-- TIME:20090303-125439

[725](12:54:40)[0]-- TIME:20090303-125440

[726](12:54:41)[1]-- TIME:20090303-125441

[727](12:54:42)[2]-- TIME:20090303-125442

[728](12:54:43)[3]-- TIME:20090303-125443

[729](12:54:44)[0]-- TIME:20090303-125444

[730](12:54:45)[1]-- TIME:20090303-125445

[731](12:54:46)[2]-- TIME:20090303-125446

[732](12:54:47)[3]-- TIME:20090303-125447

[733](12:54:48)[0]-- TIME:20090303-125448

[734](12:54:49)[1]-- TIME:20090303-125449

[735](12:54:50)[2]-- TIME:20090303-125450

[736](12:54:51)[3]-- TIME:20090303-125451

[737](12:54:52)[0]-- TIME:20090303-125452

[738](12:54:53)[1]-- TIME:20090303-125453

[739](12:54:54)[2]-- TIME:20090303-125454

[740](12:54:55)[3]-- TIME:20090303-125455

[741](12:54:56)[0]-- TIME:20090303-125456

[742](12:54:57)[1]-- TIME:20090303-125457

[743](12:54:58)[2]-- TIME:20090303-125458

[744](12:54:59)[3]-- TIME:20090303-125459

[745](12:55:00)[0]-- TIME:20090303-125500

[746](12:55:01)[1]-- TIME:20090303-125501

[747](12:55:02)[2]-- TIME:20090303-125502

[748](12:55:03)[3]-- TIME:20090303-125503

[749](12:55:04)[0]-- TIME:20090303-125504

[750](12:55:05)[1]-- TIME:20090303-125505

[751](12:55:06)[2]-- TIME:20090303-125506

[752](12:55:07)[3]-- TIME:20090303-125507

[753](12:55:08)[0]-- TIME:20090303-125508

[754](12:55:09)[1]-- TIME:20090303-125509

[755](12:55:10)[2]-- TIME:20090303-125510

[756](12:55:11)[3]-- TIME:20090303-125511

[757](12:55:12)[0]-- TIME:20090303-125512

[758](12:55:13)[1]-- TIME:20090303-125513

[759](12:55:14)[2]-- TIME:20090303-125514

[760](12:55:15)[3]-- TIME:20090303-125515

[761](12:55:16)[0]-- TIME:20090303-125516

[762](12:55:17)[1]-- TIME:20090303-125517

[763](12:55:18)[2]-- TIME:20090303-125518

[764](12:55:19)[3]-- TIME:20090303-125519

[765](12:55:20)[0]-- TIME:20090303-125520

[766](12:55:21)[1]-- TIME:20090303-125521

[767](12:55:22)[2]-- TIME:20090303-125522

[768](12:55:23)[3]-- TIME:20090303-125523

[769](12:55:24)[0]-- TIME:20090303-125524

[770](12:55:25)[1]-- TIME:20090303-125525

[771](12:55:26)[2]-- TIME:20090303-125526

[772](12:55:27)[3]-- TIME:20090303-125527

[773](12:55:28)[0]-- TIME:20090303-125528

[774](12:55:29)[1]-- TIME:20090303-125529

[775](12:55:30)[2]-- TIME:20090303-125530

[776](12:55:31)[3]-- TIME:20090303-125531

[777](12:55:32)[0]-- TIME:20090303-125532

[778](12:55:33)[1]-- TIME:20090303-125533

[779](12:55:34)[2]-- TIME:20090303-125534

[780](12:55:35)[3]-- TIME:20090303-125535

[781](12:55:36)[0]-- TIME:20090303-125536

[782](12:55:37)[1]-- TIME:20090303-125537

[783](12:55:38)[2]-- TIME:20090303-125538

[784](12:55:39)[3]-- TIME:20090303-125539

[785](12:55:40)[0]-- TIME:20090303-125540

[786](12:55:41)[1]-- TIME:20090303-125541

[787](12:55:42)[2]-- TIME:20090303-125542

[788](12:55:43)[3]-- TIME:20090303-125543

[789](12:55:44)[0]-- TIME:20090303-125544

[790](12:55:45)[1]-- TIME:20090303-125545

[791](12:55:46)[2]-- TIME:20090303-125546

[792](12:55:47)[3]-- TIME:20090303-125547

[793](12:55:48)[0]-- TIME:20090303-125548

[794](12:55:49)[1]-- TIME:20090303-125549

[795](12:55:50)[2]-- TIME:20090303-125550

[796](12:55:51)[3]-- TIME:20090303-125551

[797](12:55:52)[0]-- TIME:20090303-125552

[798](12:55:53)[1]-- TIME:20090303-125553

[799](12:55:54)[2]-- TIME:20090303-125554

[800](12:55:55)[3]-- TIME:20090303-125555

[801](12:55:56)[0]-- TIME:20090303-125556

[802](12:55:57)[1]-- TIME:20090303-125557

[803](12:55:58)[2]-- TIME:20090303-125558

[804](12:55:59)[3]-- TIME:20090303-125559

[805](12:56:00)[0]-- TIME:20090303-125600

[806](12:56:01)[1]-- TIME:20090303-125601

[807](12:56:02)[2]-- TIME:20090303-125602

[808](12:56:03)[3]-- TIME:20090303-125603

[809](12:56:04)[0]-- TIME:20090303-125604

[810](12:56:05)[1]-- TIME:20090303-125605

[811](12:56:06)[2]-- TIME:20090303-125606

[812](12:56:07)[3]-- TIME:20090303-125607

[813](12:56:08)[0]-- TIME:20090303-125608

[814](12:56:09)[1]-- TIME:20090303-125609

[815](12:56:10)[2]-- TIME:20090303-125610

[816](12:56:11)[3]-- TIME:20090303-125611

[817](12:56:12)[0]-- TIME:20090303-125612

[818](12:56:13)[1]-- TIME:20090303-125613

[819](12:56:14)[2]-- TIME:20090303-125614

[820](12:56:15)[3]-- TIME:20090303-125615

[821](12:56:16)[0]-- TIME:20090303-125616

[822](12:56:17)[1]-- TIME:20090303-125617

[823](12:56:18)[2]-- TIME:20090303-125618

[824](12:56:19)[3]-- TIME:20090303-125619

[825](12:56:20)[0]-- TIME:20090303-125620

[826](12:56:21)[1]-- TIME:20090303-125621

[827](12:56:22)[2]-- TIME:20090303-125622

[828](12:56:23)[3]-- TIME:20090303-125623

[829](12:56:24)[0]-- TIME:20090303-125624

[830](12:56:25)[1]-- TIME:20090303-125625

[831](12:56:26)[2]-- TIME:20090303-125626

[832](12:56:27)[3]-- TIME:20090303-125627

[833](12:56:28)[0]-- TIME:20090303-125628

[834](12:56:29)[1]-- TIME:20090303-125629

[835](12:56:30)[2]-- TIME:20090303-125630

[836](12:56:31)[3]-- TIME:20090303-125631

[837](12:56:32)[0]-- TIME:20090303-125632

[838](12:56:33)[1]-- TIME:20090303-125633

[839](12:56:34)[2]-- TIME:20090303-125634

[840](12:56:35)[3]-- TIME:20090303-125635

[841](12:56:36)[0]-- TIME:20090303-125636

[842](12:56:37)[1]-- TIME:20090303-125637

[843](12:56:38)[2]-- TIME:20090303-125638

[844](12:56:39)[3]-- TIME:20090303-125639

[845](12:56:40)[0]-- TIME:20090303-125640

[846](12:56:41)[1]-- TIME:20090303-125641

[847](12:56:42)[2]-- TIME:20090303-125642

[848](12:56:43)[3]-- TIME:20090303-125643

[849](12:56:44)[0]-- TIME:20090303-125644

[850](12:56:45)[1]-- TIME:20090303-125645

[851](12:56:46)[2]-- TIME:20090303-125646

[852](12:56:47)[3]-- TIME:20090303-125647

[853](12:56:48)[0]-- TIME:20090303-125648

[854](12:56:49)[1]-- TIME:20090303-125649

[855](12:56:50)[2]-- TIME:20090303-125650

[856](12:56:51)[3]-- TIME:20090303-125651

[857](12:56:52)[0]-- TIME:20090303-125652

[858](12:56:53)[1]-- TIME:20090303-125653

[859](12:56:54)[2]-- TIME:20090303-125654

[860](12:56:55)[3]-- TIME:20090303-125655

[861](12:56:56)[0]-- TIME:20090303-125656

[862](12:56:57)[1]-- TIME:20090303-125657

[863](12:56:58)[2]-- TIME:20090303-125658

[864](12:56:59)[3]-- TIME:20090303-125659

[865](12:57:00)[0]-- TIME:20090303-125700

[866](12:57:01)[1]-- TIME:20090303-125701

[867](12:57:02)[2]-- TIME:20090303-125702

[868](12:57:03)[3]-- TIME:20090303-125703

[869](12:57:04)[0]-- TIME:20090303-125704

[870](12:57:05)[1]-- TIME:20090303-125705

[871](12:57:06)[2]-- TIME:20090303-125706

[872](12:57:07)[3]-- TIME:20090303-125707

[873](12:57:08)[0]-- TIME:20090303-125708

[874](12:57:09)[1]-- TIME:20090303-125709

[875](12:57:10)[2]-- TIME:20090303-125710

[876](12:57:11)[3]-- TIME:20090303-125711

[877](12:57:12)[0]-- TIME:20090303-125712

[878](12:57:13)[1]-- TIME:20090303-125713

[879](12:57:14)[2]-- TIME:20090303-125714

[880](12:57:15)[3]-- TIME:20090303-125715

[881](12:57:16)[0]-- TIME:20090303-125716

[882](12:57:17)[1]-- TIME:20090303-125717

[883](12:57:18)[2]-- TIME:20090303-125718

[884](12:57:19)[3]-- TIME:20090303-125719

[885](12:57:20)[0]-- TIME:20090303-125720

[886](12:57:21)[1]-- TIME:20090303-125721

[887](12:57:22)[2]-- TIME:20090303-125722

[888](12:57:23)[3]-- TIME:20090303-125723

[889](12:57:24)[0]-- TIME:20090303-125724

[890](12:57:25)[1]-- TIME:20090303-125725

[891](12:57:26)[2]-- TIME:20090303-125726

[892](12:57:27)[3]-- TIME:20090303-125727

[893](12:57:28)[0]-- TIME:20090303-125728

[894](12:57:29)[1]-- TIME:20090303-125729

[895](12:57:30)[2]-- TIME:20090303-125730

[896](12:57:31)[3]-- TIME:20090303-125731

[897](12:57:32)[0]-- TIME:20090303-125732

[898](12:57:33)[1]-- TIME:20090303-125733

[899](12:57:34)[2]-- TIME:20090303-125734

[900](12:57:35)[3]-- TIME:20090303-125735

[901](12:57:36)[0]-- TIME:20090303-125736

[902](12:57:37)[1]-- TIME:20090303-125737

[903](12:57:38)[2]-- TIME:20090303-125738

[904](12:57:39)[3]-- TIME:20090303-125739

[905](12:57:40)[0]-- TIME:20090303-125740

[906](12:57:41)[1]-- TIME:20090303-125741

[907](12:57:42)[2]-- TIME:20090303-125742

[908](12:57:43)[3]-- TIME:20090303-125743

[909](12:57:44)[0]-- TIME:20090303-125744

[910](12:57:45)[1]-- TIME:20090303-125745

[911](12:57:46)[2]-- TIME:20090303-125746

[912](12:57:47)[3]-- TIME:20090303-125747

[913](12:57:48)[0]-- TIME:20090303-125748

[914](12:57:49)[1]-- TIME:20090303-125749

[915](12:57:50)[2]-- TIME:20090303-125750

[916](12:57:51)[3]-- TIME:20090303-125751

[917](12:57:52)[0]-- TIME:20090303-125752

[918](12:57:53)[1]-- TIME:20090303-125753

[919](12:57:54)[2]-- TIME:20090303-125754

[920](12:57:55)[3]-- TIME:20090303-125755

[921](12:57:56)[0]-- TIME:20090303-125756

[922](12:57:57)[1]-- TIME:20090303-125757

[923](12:57:58)[2]-- TIME:20090303-125758

[924](12:57:59)[3]-- TIME:20090303-125759

[925](12:58:00)[0]-- TIME:20090303-125800

[926](12:58:01)[1]-- TIME:20090303-125801

[927](12:58:02)[2]-- TIME:20090303-125802

[928](12:58:03)[3]-- TIME:20090303-125803

[929](12:58:04)[0]-- TIME:20090303-125804

[930](12:58:05)[1]-- TIME:20090303-125805

[931](12:58:06)[2]-- TIME:20090303-125806

[932](12:58:07)[3]-- TIME:20090303-125807

[933](12:58:08)[0]-- TIME:20090303-125808

[934](12:58:09)[1]-- TIME:20090303-125809

[935](12:58:10)[2]-- TIME:20090303-125810

[936](12:58:11)[3]-- TIME:20090303-125811

[937](12:58:12)[0]-- TIME:20090303-125812

[938](12:58:13)[1]-- TIME:20090303-125813

[939](12:58:14)[2]-- TIME:20090303-125814

[940](12:58:15)[3]-- TIME:20090303-125815

[941](12:59:09)[0]-- TIME:20090303-125909

[942](12:59:10)[1]-- TIME:20090303-125910

[943](12:59:11)[2]-- TIME:20090303-125911

[944](12:59:12)[3]-- TIME:20090303-125912

[945](12:59:13)[0]-- TIME:20090303-125913

[946](12:59:14)[1]-- TIME:20090303-125914

[947](12:59:15)[2]-- TIME:20090303-125915

[948](12:59:16)[3]-- TIME:20090303-125916

[949](12:59:17)[0]-- TIME:20090303-125917

[950](12:59:18)[1]-- TIME:20090303-125918

[951](12:59:19)[2]-- TIME:20090303-125919

[952](12:59:20)[3]-- TIME:20090303-125920

[953](12:59:21)[0]-- TIME:20090303-125921

[954](12:59:22)[1]-- TIME:20090303-125922

[955](12:59:23)[2]-- TIME:20090303-125923

[956](12:59:24)[3]-- TIME:20090303-125924

[957](12:59:25)[0]-- TIME:20090303-125925

[958](12:59:26)[1]-- TIME:20090303-125926

[959](12:59:27)[2]-- TIME:20090303-125927

[960](12:59:28)[3]-- TIME:20090303-125928

[961](12:59:29)[0]-- TIME:20090303-125929

[962](12:59:30)[1]-- TIME:20090303-125930

[963](12:59:31)[2]-- TIME:20090303-125931

[964](12:59:32)[3]-- TIME:20090303-125932

[965](12:59:33)[0]-- TIME:20090303-125933

[966](12:59:34)[1]-- TIME:20090303-125934

[967](12:59:35)[2]-- TIME:20090303-125935

[968](12:59:36)[3]-- TIME:20090303-125936

[969](12:59:37)[0]-- TIME:20090303-125937

[970](12:59:38)[1]-- TIME:20090303-125938

[971](12:59:39)[2]-- TIME:20090303-125939

[972](12:59:40)[3]-- TIME:20090303-125940

[973](12:59:41)[0]-- TIME:20090303-125941

[974](12:59:42)[1]-- TIME:20090303-125942

[975](12:59:43)[2]-- TIME:20090303-125943

[976](12:59:44)[3]-- TIME:20090303-125944

[977](12:59:45)[0]-- TIME:20090303-125945

[978](12:59:46)[1]-- TIME:20090303-125946

[979](12:59:47)[2]-- TIME:20090303-125947

[980](12:59:48)[3]-- TIME:20090303-125948

[981](12:59:49)[0]-- TIME:20090303-125949

[982](12:59:50)[1]-- TIME:20090303-125950

[983](12:59:51)[2]-- TIME:20090303-125951

[984](12:59:52)[3]-- TIME:20090303-125952

[985](12:59:53)[0]-- TIME:20090303-125953

[986](12:59:54)[1]-- TIME:20090303-125954

[987](12:59:55)[2]-- TIME:20090303-125955

[988](12:59:56)[3]-- TIME:20090303-125956

[989](12:59:57)[0]-- TIME:20090303-125957

[990](12:59:58)[1]-- TIME:20090303-125958

[991](12:59:59)[2]-- TIME:20090303-125959

[992](13:00:00)[3]-- TIME:20090303-130000

[993](13:00:01)[0]-- TIME:20090303-130001

[994](13:00:02)[1]-- TIME:20090303-130002

[995](13:00:03)[2]-- TIME:20090303-130003

[996](13:00:04)[3]-- TIME:20090303-130004

[997](13:00:05)[0]-- TIME:20090303-130005

[998](13:00:06)[1]-- TIME:20090303-130006

[999](13:00:07)[2]-- TIME:20090303-130007

[1000](13:00:08)[3]-- TIME:20090303-130008
