
[0](21:08:00)======== MONITA APP STARTING ===========
[1](21:08:00)Load file konfigurasi
[2](21:08:00)Baca konfig
[3](21:08:00)Baca konfig: OK
[4](21:08:01)Mulai logging data
[5](21:08:03)[0]-- TIME:20090305-210803

[6](21:08:04)[1]-- TIME:20090305-210804

[7](21:08:05)[2]-- TIME:20090305-210805

[8](21:08:06)[3]-- TIME:20090305-210806

[9](21:08:06)ALARM: Data Titik 1 (KWH) diluar jangkauan ukur
[10](21:08:06)ALARM: Data Titik 2 (KVARH) diluar jangkauan ukur
[11](21:08:07)[0]-- TIME:20090305-210807

[12](21:08:08)[1]-- TIME:20090305-210808

[13](21:08:09)[2]-- TIME:20090305-210809

[14](21:08:10)[3]-- TIME:20090305-210810

[15](21:08:10)ALARM: Data Titik 1 (KWH) diluar jangkauan ukur
[16](21:08:10)ALARM: Data Titik 2 (KVARH) diluar jangkauan ukur
[17](21:08:10)Stop logging data
[18](21:08:11)[2]-- TIME:20090305-210811

[19](21:09:41)Mulai logging data
[20](21:09:43)[0]-- TIME:20090305-210943

[21](21:09:44)[1]-- TIME:20090305-210944

[22](21:09:45)[2]-- TIME:20090305-210945

[23](21:09:46)[3]-- TIME:20090305-210946

[24](21:09:46)ALARM: Data Titik 1 (KWH) diluar jangkauan ukur
[25](21:09:46)ALARM: Data Titik 2 (KVARH) diluar jangkauan ukur
[26](21:09:47)[0]-- TIME:20090305-210947

[27](21:09:48)[1]-- TIME:20090305-210948

[28](21:09:49)[2]-- TIME:20090305-210949

[29](21:09:50)[3]-- TIME:20090305-210950

[30](21:09:50)ALARM: Data Titik 1 (KWH) diluar jangkauan ukur
[31](21:09:50)ALARM: Data Titik 2 (KVARH) diluar jangkauan ukur
[32](21:09:51)[0]-- TIME:20090305-210951

[33](21:09:52)[1]-- TIME:20090305-210952

[34](21:09:53)[2]-- TIME:20090305-210953

[35](21:09:54)[3]-- TIME:20090305-210954

[36](21:09:54)ALARM: Data Titik 1 (KWH) diluar jangkauan ukur
[37](21:09:54)ALARM: Data Titik 2 (KVARH) diluar jangkauan ukur
[38](21:09:55)[0]-- TIME:20090305-210955

[39](21:09:56)[1]-- TIME:20090305-210956

[40](21:09:57)[2]-- TIME:20090305-210957

[41](21:09:58)[3]-- TIME:20090305-210958

[42](21:09:58)ALARM: Data Titik 1 (KWH) diluar jangkauan ukur
[43](21:09:58)ALARM: Data Titik 2 (KVARH) diluar jangkauan ukur
[44](21:09:59)[0]-- TIME:20090305-210959

[45](21:10:00)[1]-- TIME:20090305-211000

[46](21:10:01)[2]-- TIME:20090305-211001

[47](21:10:02)[3]-- TIME:20090305-211002

[48](21:10:02)ALARM: Data Titik 1 (KWH) diluar jangkauan ukur
[49](21:10:02)ALARM: Data Titik 2 (KVARH) diluar jangkauan ukur
[50](21:10:03)[0]-- TIME:20090305-211003

[51](21:10:04)[1]-- TIME:20090305-211004

[52](21:10:05)[2]-- TIME:20090305-211005

[53](21:10:06)[3]-- TIME:20090305-211006

[54](21:10:06)ALARM: Data Titik 1 (KWH) diluar jangkauan ukur
[55](21:10:06)ALARM: Data Titik 2 (KVARH) diluar jangkauan ukur
[56](21:10:07)[0]-- TIME:20090305-211007

[57](21:10:08)[1]-- TIME:20090305-211008

[58](21:10:09)[2]-- TIME:20090305-211009

[59](21:10:10)[3]-- TIME:20090305-211010

[60](21:10:10)ALARM: Data Titik 1 (KWH) diluar jangkauan ukur
[61](21:10:10)ALARM: Data Titik 2 (KVARH) diluar jangkauan ukur
[62](21:10:11)[0]-- TIME:20090305-211011

[63](21:10:12)[1]-- TIME:20090305-211012

[64](21:10:13)[2]-- TIME:20090305-211013

[65](21:10:14)[3]-- TIME:20090305-211014

[66](21:10:14)ALARM: Data Titik 1 (KWH) diluar jangkauan ukur
[67](21:10:14)ALARM: Data Titik 2 (KVARH) diluar jangkauan ukur
[68](21:10:15)[0]-- TIME:20090305-211015

[69](21:10:16)[1]-- TIME:20090305-211016

[70](21:10:17)[2]-- TIME:20090305-211017

[71](21:10:18)[3]-- TIME:20090305-211018

[72](21:10:18)ALARM: Data Titik 1 (KWH) diluar jangkauan ukur
[73](21:10:18)ALARM: Data Titik 2 (KVARH) diluar jangkauan ukur
[74](21:10:19)[0]-- TIME:20090305-211019

[75](21:10:20)[1]-- TIME:20090305-211020

[76](21:10:21)[2]-- TIME:20090305-211021

[77](21:10:22)[3]-- TIME:20090305-211022

[78](21:10:22)ALARM: Data Titik 1 (KWH) diluar jangkauan ukur
[79](21:10:22)ALARM: Data Titik 2 (KVARH) diluar jangkauan ukur
[80](21:10:23)[0]-- TIME:20090305-211023

[81](21:10:24)[1]-- TIME:20090305-211024

[82](21:10:25)[2]-- TIME:20090305-211025

[83](21:10:26)[3]-- TIME:20090305-211026

[84](21:10:26)ALARM: Data Titik 1 (KWH) diluar jangkauan ukur
[85](21:10:26)ALARM: Data Titik 2 (KVARH) diluar jangkauan ukur
[86](21:10:27)[0]-- TIME:20090305-211027

[87](21:10:28)[1]-- TIME:20090305-211028

[88](21:10:29)[2]-- TIME:20090305-211029

[89](21:10:30)[3]-- TIME:20090305-211030

[90](21:10:30)ALARM: Data Titik 1 (KWH) diluar jangkauan ukur
[91](21:10:30)ALARM: Data Titik 2 (KVARH) diluar jangkauan ukur
[92](21:10:31)[0]-- TIME:20090305-211031

[93](21:10:32)[1]-- TIME:20090305-211032

[94](21:10:33)[2]-- TIME:20090305-211033

[95](21:10:34)[3]-- TIME:20090305-211034

[96](21:10:34)ALARM: Data Titik 1 (KWH) diluar jangkauan ukur
[97](21:10:34)ALARM: Data Titik 2 (KVARH) diluar jangkauan ukur
[98](21:10:35)[0]-- TIME:20090305-211035

[99](21:10:36)[1]-- TIME:20090305-211036

[100](21:10:37)[2]-- TIME:20090305-211037

[101](21:10:38)[3]-- TIME:20090305-211038

[102](21:10:38)ALARM: Data Titik 1 (KWH) diluar jangkauan ukur
[103](21:10:38)ALARM: Data Titik 2 (KVARH) diluar jangkauan ukur
[104](21:10:39)[0]-- TIME:20090305-211039

[105](21:10:40)[1]-- TIME:20090305-211040

[106](21:10:41)[2]-- TIME:20090305-211041

[107](21:10:42)[3]-- TIME:20090305-211042

[108](21:10:42)ALARM: Data Titik 1 (KWH) diluar jangkauan ukur
[109](21:10:42)ALARM: Data Titik 2 (KVARH) diluar jangkauan ukur
[110](21:10:43)[0]-- TIME:20090305-211043

[111](21:10:44)[1]-- TIME:20090305-211044

[112](21:10:45)[2]-- TIME:20090305-211045

[113](21:10:46)[3]-- TIME:20090305-211046

[114](21:10:46)ALARM: Data Titik 1 (KWH) diluar jangkauan ukur
[115](21:10:46)ALARM: Data Titik 2 (KVARH) diluar jangkauan ukur
[116](21:10:47)[0]-- TIME:20090305-211047

[117](21:10:48)[1]-- TIME:20090305-211048

[118](21:10:49)[2]-- TIME:20090305-211049

[119](21:10:50)[3]-- TIME:20090305-211050

[120](21:10:51)[0]-- TIME:20090305-211051

[121](21:10:52)[1]-- TIME:20090305-211052

[122](21:10:53)[2]-- TIME:20090305-211053

[123](21:10:54)[3]-- TIME:20090305-211054

[124](21:10:55)[0]-- TIME:20090305-211055

[125](21:10:56)[1]-- TIME:20090305-211056

[126](21:10:57)[2]-- TIME:20090305-211057

[127](21:10:58)[3]-- TIME:20090305-211058

[128](21:10:59)[0]-- TIME:20090305-211059

[129](21:11:00)[1]-- TIME:20090305-211100

[130](21:11:01)[2]-- TIME:20090305-211101

[131](21:11:02)[3]-- TIME:20090305-211102

[132](21:11:03)[0]-- TIME:20090305-211103

[133](21:11:04)[1]-- TIME:20090305-211104

[134](21:11:05)[2]-- TIME:20090305-211105

[135](21:11:06)[3]-- TIME:20090305-211106

[136](21:11:07)[0]-- TIME:20090305-211107

[137](21:11:08)[1]-- TIME:20090305-211108

[138](21:11:09)[2]-- TIME:20090305-211109

[139](21:11:10)[3]-- TIME:20090305-211110

[140](21:11:11)ALARM: Data Titik 1 (KWH) diluar jangkauan ukur
[141](21:11:11)ALARM: Data Titik 2 (KVARH) diluar jangkauan ukur
[142](21:11:12)[0]-- TIME:20090305-211112

[143](21:11:13)[1]-- TIME:20090305-211113

[144](21:11:14)[2]-- TIME:20090305-211114

[145](21:11:15)[3]-- TIME:20090305-211115

[146](21:11:15)ALARM: Data Titik 1 (KWH) diluar jangkauan ukur
[147](21:11:15)ALARM: Data Titik 2 (KVARH) diluar jangkauan ukur
[148](21:11:16)[0]-- TIME:20090305-211116

[149](21:11:17)[1]-- TIME:20090305-211117

[150](21:11:18)[2]-- TIME:20090305-211118

[151](21:11:19)[3]-- TIME:20090305-211119

[152](21:11:19)ALARM: Data Titik 1 (KWH) diluar jangkauan ukur
[153](21:11:19)ALARM: Data Titik 2 (KVARH) diluar jangkauan ukur
[154](21:11:20)[0]-- TIME:20090305-211120

[155](21:11:21)[1]-- TIME:20090305-211121

[156](21:11:22)[2]-- TIME:20090305-211122

[157](21:11:23)[3]-- TIME:20090305-211123

[158](21:11:23)ALARM: Data Titik 1 (KWH) diluar jangkauan ukur
[159](21:11:23)ALARM: Data Titik 2 (KVARH) diluar jangkauan ukur
[160](21:11:24)[0]-- TIME:20090305-211124

[161](21:11:25)[1]-- TIME:20090305-211125

[162](21:11:26)[2]-- TIME:20090305-211126

[163](21:11:27)[3]-- TIME:20090305-211127

[164](21:11:27)ALARM: Data Titik 1 (KWH) diluar jangkauan ukur
[165](21:11:27)ALARM: Data Titik 2 (KVARH) diluar jangkauan ukur
[166](21:11:28)[0]-- TIME:20090305-211128

[167](21:11:29)[1]-- TIME:20090305-211129

[168](21:11:30)[2]-- TIME:20090305-211130

[169](21:11:31)[3]-- TIME:20090305-211131

[170](21:11:31)ALARM: Data Titik 1 (KWH) diluar jangkauan ukur
[171](21:11:31)ALARM: Data Titik 2 (KVARH) diluar jangkauan ukur
[172](21:11:32)[0]-- TIME:20090305-211132

[173](21:11:33)[1]-- TIME:20090305-211133

[174](21:11:34)[2]-- TIME:20090305-211134

[175](21:11:35)[3]-- TIME:20090305-211135

[176](21:11:35)ALARM: Data Titik 1 (KWH) diluar jangkauan ukur
[177](21:11:35)ALARM: Data Titik 2 (KVARH) diluar jangkauan ukur
[178](21:11:36)[0]-- TIME:20090305-211136

[179](21:11:37)[1]-- TIME:20090305-211137

[180](21:11:38)[2]-- TIME:20090305-211138

[181](21:11:39)[3]-- TIME:20090305-211139

[182](21:11:39)ALARM: Data Titik 1 (KWH) diluar jangkauan ukur
[183](21:11:39)ALARM: Data Titik 2 (KVARH) diluar jangkauan ukur
[184](21:11:40)[0]-- TIME:20090305-211140

[185](21:11:41)[1]-- TIME:20090305-211141

[186](21:11:42)[2]-- TIME:20090305-211142

[187](21:11:43)[3]-- TIME:20090305-211143

[188](21:11:43)ALARM: Data Titik 1 (KWH) diluar jangkauan ukur
[189](21:11:43)ALARM: Data Titik 2 (KVARH) diluar jangkauan ukur
[190](21:11:44)[0]-- TIME:20090305-211144

[191](21:11:45)[1]-- TIME:20090305-211145

[192](21:11:46)[2]-- TIME:20090305-211146

[193](21:11:47)[3]-- TIME:20090305-211147

[194](21:11:47)ALARM: Data Titik 1 (KWH) diluar jangkauan ukur
[195](21:11:47)ALARM: Data Titik 2 (KVARH) diluar jangkauan ukur
[196](21:11:48)[0]-- TIME:20090305-211148

[197](21:11:49)[1]-- TIME:20090305-211149

[198](21:11:50)[2]-- TIME:20090305-211150

[199](21:11:51)[3]-- TIME:20090305-211151

[200](21:11:51)ALARM: Data Titik 1 (KWH) diluar jangkauan ukur
[201](21:11:51)ALARM: Data Titik 2 (KVARH) diluar jangkauan ukur
[202](21:11:52)[0]-- TIME:20090305-211152

[203](21:11:53)[1]-- TIME:20090305-211153

[204](21:11:54)[2]-- TIME:20090305-211154

[205](21:11:55)[3]-- TIME:20090305-211155

[206](21:11:55)ALARM: Data Titik 1 (KWH) diluar jangkauan ukur
[207](21:11:55)ALARM: Data Titik 2 (KVARH) diluar jangkauan ukur
[208](21:11:56)[0]-- TIME:20090305-211156

[209](21:11:57)[1]-- TIME:20090305-211157

[210](21:11:58)[2]-- TIME:20090305-211158

[211](21:11:59)[3]-- TIME:20090305-211159

[212](21:11:59)ALARM: Data Titik 1 (KWH) diluar jangkauan ukur
[213](21:11:59)ALARM: Data Titik 2 (KVARH) diluar jangkauan ukur
[214](21:12:00)[0]-- TIME:20090305-211200

[215](21:12:01)[1]-- TIME:20090305-211201

[216](21:12:02)[2]-- TIME:20090305-211202

[217](21:12:03)[3]-- TIME:20090305-211203

[218](21:12:03)ALARM: Data Titik 1 (KWH) diluar jangkauan ukur
[219](21:12:03)ALARM: Data Titik 2 (KVARH) diluar jangkauan ukur
[220](21:12:04)[0]-- TIME:20090305-211204

[221](21:12:05)[1]-- TIME:20090305-211205

[222](21:12:06)[2]-- TIME:20090305-211206

[223](21:12:07)[3]-- TIME:20090305-211207

[224](21:12:07)ALARM: Data Titik 1 (KWH) diluar jangkauan ukur
[225](21:12:07)ALARM: Data Titik 2 (KVARH) diluar jangkauan ukur
[226](21:12:08)[0]-- TIME:20090305-211208

[227](21:12:09)[1]-- TIME:20090305-211209

[228](21:12:10)[2]-- TIME:20090305-211210

[229](21:12:11)[3]-- TIME:20090305-211211

[230](21:12:11)ALARM: Data Titik 1 (KWH) diluar jangkauan ukur
[231](21:12:11)ALARM: Data Titik 2 (KVARH) diluar jangkauan ukur
[232](21:12:12)[0]-- TIME:20090305-211212

[233](21:12:13)[1]-- TIME:20090305-211213

[234](21:12:14)[2]-- TIME:20090305-211214

[235](21:12:15)[3]-- TIME:20090305-211215

[236](21:12:15)ALARM: Data Titik 1 (KWH) diluar jangkauan ukur
[237](21:12:15)ALARM: Data Titik 2 (KVARH) diluar jangkauan ukur
[238](21:12:16)[0]-- TIME:20090305-211216

[239](21:12:17)[1]-- TIME:20090305-211217

[240](21:12:18)[2]-- TIME:20090305-211218

[241](21:12:19)[3]-- TIME:20090305-211219

[242](21:12:19)ALARM: Data Titik 1 (KWH) diluar jangkauan ukur
[243](21:12:19)ALARM: Data Titik 2 (KVARH) diluar jangkauan ukur
[244](21:12:20)[0]-- TIME:20090305-211220

[245](21:12:21)[1]-- TIME:20090305-211221

[246](21:12:22)[2]-- TIME:20090305-211222

[247](21:12:23)[3]-- TIME:20090305-211223

[248](21:12:23)ALARM: Data Titik 1 (KWH) diluar jangkauan ukur
[249](21:12:23)ALARM: Data Titik 2 (KVARH) diluar jangkauan ukur
[250](21:12:24)[0]-- TIME:20090305-211224

[251](21:12:25)[1]-- TIME:20090305-211225

[252](21:12:26)[2]-- TIME:20090305-211226

[253](21:12:27)[3]-- TIME:20090305-211227

[254](21:12:27)ALARM: Data Titik 1 (KWH) diluar jangkauan ukur
[255](21:12:27)ALARM: Data Titik 2 (KVARH) diluar jangkauan ukur
[256](21:12:28)[0]-- TIME:20090305-211228

[257](21:12:29)[1]-- TIME:20090305-211229

[258](21:12:30)[2]-- TIME:20090305-211230

[259](21:12:31)[3]-- TIME:20090305-211231

[260](21:12:31)ALARM: Data Titik 1 (KWH) diluar jangkauan ukur
[261](21:12:31)ALARM: Data Titik 2 (KVARH) diluar jangkauan ukur
[262](21:12:32)[0]-- TIME:20090305-211232

[263](21:12:33)[1]-- TIME:20090305-211233

[264](21:12:34)[2]-- TIME:20090305-211234

[265](21:12:35)[3]-- TIME:20090305-211235

[266](21:12:35)ALARM: Data Titik 1 (KWH) diluar jangkauan ukur
[267](21:12:35)ALARM: Data Titik 2 (KVARH) diluar jangkauan ukur
[268](21:12:36)[0]-- TIME:20090305-211236

[269](21:12:37)[1]-- TIME:20090305-211237

[270](21:12:38)[2]-- TIME:20090305-211238

[271](21:12:39)[3]-- TIME:20090305-211239

[272](21:12:39)ALARM: Data Titik 1 (KWH) diluar jangkauan ukur
[273](21:12:39)ALARM: Data Titik 2 (KVARH) diluar jangkauan ukur
[274](21:12:40)[0]-- TIME:20090305-211240

[275](21:12:41)[1]-- TIME:20090305-211241

[276](21:12:42)[2]-- TIME:20090305-211242

[277](21:12:43)[3]-- TIME:20090305-211243

[278](21:12:43)ALARM: Data Titik 1 (KWH) diluar jangkauan ukur
[279](21:12:43)ALARM: Data Titik 2 (KVARH) diluar jangkauan ukur
[280](21:12:44)[0]-- TIME:20090305-211244

[281](21:12:45)[1]-- TIME:20090305-211245

[282](21:12:46)[2]-- TIME:20090305-211246

[283](21:12:47)[3]-- TIME:20090305-211247

[284](21:12:47)ALARM: Data Titik 1 (KWH) diluar jangkauan ukur
[285](21:12:47)ALARM: Data Titik 2 (KVARH) diluar jangkauan ukur
[286](21:12:48)[0]-- TIME:20090305-211248

[287](21:12:49)[1]-- TIME:20090305-211249

[288](21:12:50)[2]-- TIME:20090305-211250

[289](21:12:51)[3]-- TIME:20090305-211251

[290](21:12:51)ALARM: Data Titik 1 (KWH) diluar jangkauan ukur
[291](21:12:51)ALARM: Data Titik 2 (KVARH) diluar jangkauan ukur
[292](21:12:52)[0]-- TIME:20090305-211252

[293](21:12:53)[1]-- TIME:20090305-211253

[294](21:12:54)[2]-- TIME:20090305-211254

[295](21:12:55)[3]-- TIME:20090305-211255

[296](21:12:55)ALARM: Data Titik 1 (KWH) diluar jangkauan ukur
[297](21:12:55)ALARM: Data Titik 2 (KVARH) diluar jangkauan ukur
[298](21:12:56)[0]-- TIME:20090305-211256

[299](21:12:57)[1]-- TIME:20090305-211257

[300](21:12:58)[2]-- TIME:20090305-211258

[301](21:12:59)[3]-- TIME:20090305-211259

[302](21:12:59)ALARM: Data Titik 1 (KWH) diluar jangkauan ukur
[303](21:12:59)ALARM: Data Titik 2 (KVARH) diluar jangkauan ukur
[304](21:13:00)[0]-- TIME:20090305-211300

[305](21:13:01)[1]-- TIME:20090305-211301

[306](21:13:02)[2]-- TIME:20090305-211302

[307](21:13:03)[3]-- TIME:20090305-211303

[308](21:13:03)ALARM: Data Titik 1 (KWH) diluar jangkauan ukur
[309](21:13:03)ALARM: Data Titik 2 (KVARH) diluar jangkauan ukur
[310](21:13:04)[0]-- TIME:20090305-211304

[311](21:13:05)[1]-- TIME:20090305-211305

[312](21:13:06)[2]-- TIME:20090305-211306

[313](21:13:07)[3]-- TIME:20090305-211307

[314](21:13:07)ALARM: Data Titik 1 (KWH) diluar jangkauan ukur
[315](21:13:07)ALARM: Data Titik 2 (KVARH) diluar jangkauan ukur
[316](21:13:08)[0]-- TIME:20090305-211308

[317](21:13:09)[1]-- TIME:20090305-211309

[318](21:13:10)[2]-- TIME:20090305-211310

[319](21:13:11)[3]-- TIME:20090305-211311

[320](21:13:11)10.23.128.24: Timeout
[321](21:13:15)[0]-- TIME:20090305-211315

[322](21:13:15)[1]-- TIME:20090305-211315

[323](21:13:16)[2]-- TIME:20090305-211316

[324](21:13:17)[3]-- TIME:20090305-211317

[325](21:13:17)ALARM: Data Titik 1 (KWH) diluar jangkauan ukur
[326](21:13:17)ALARM: Data Titik 2 (KVARH) diluar jangkauan ukur
[327](21:13:18)[0]-- TIME:20090305-211318

[328](21:13:19)[1]-- TIME:20090305-211319

[329](21:13:20)[2]-- TIME:20090305-211320

[330](21:13:21)[3]-- TIME:20090305-211321

[331](21:13:21)ALARM: Data Titik 1 (KWH) diluar jangkauan ukur
[332](21:13:21)ALARM: Data Titik 2 (KVARH) diluar jangkauan ukur
[333](21:13:22)[0]-- TIME:20090305-211322

[334](21:13:23)[1]-- TIME:20090305-211323

[335](21:13:24)[2]-- TIME:20090305-211324

[336](21:13:25)[3]-- TIME:20090305-211325

[337](21:13:25)ALARM: Data Titik 1 (KWH) diluar jangkauan ukur
[338](21:13:25)ALARM: Data Titik 2 (KVARH) diluar jangkauan ukur
[339](21:13:26)[0]-- TIME:20090305-211326

[340](21:13:27)[1]-- TIME:20090305-211327

[341](21:13:28)[2]-- TIME:20090305-211328

[342](21:13:29)[3]-- TIME:20090305-211329

[343](21:13:29)ALARM: Data Titik 1 (KWH) diluar jangkauan ukur
[344](21:13:29)ALARM: Data Titik 2 (KVARH) diluar jangkauan ukur
[345](21:13:30)[0]-- TIME:20090305-211330

[346](21:13:31)[1]-- TIME:20090305-211331

[347](21:13:32)[2]-- TIME:20090305-211332

[348](21:13:33)[3]-- TIME:20090305-211333

[349](21:13:33)ALARM: Data Titik 1 (KWH) diluar jangkauan ukur
[350](21:13:33)ALARM: Data Titik 2 (KVARH) diluar jangkauan ukur
[351](21:13:34)[0]-- TIME:20090305-211334

[352](21:13:35)[1]-- TIME:20090305-211335

[353](21:13:36)[2]-- TIME:20090305-211336

[354](21:13:37)[3]-- TIME:20090305-211337

[355](21:13:37)ALARM: Data Titik 1 (KWH) diluar jangkauan ukur
[356](21:13:37)ALARM: Data Titik 2 (KVARH) diluar jangkauan ukur
[357](21:13:38)[0]-- TIME:20090305-211338

[358](21:13:39)[1]-- TIME:20090305-211339

[359](21:13:40)[2]-- TIME:20090305-211340

[360](21:13:41)[3]-- TIME:20090305-211341

[361](21:13:41)ALARM: Data Titik 1 (KWH) diluar jangkauan ukur
[362](21:13:41)ALARM: Data Titik 2 (KVARH) diluar jangkauan ukur
[363](21:13:42)[0]-- TIME:20090305-211342

[364](21:13:43)[1]-- TIME:20090305-211343

[365](21:13:44)[2]-- TIME:20090305-211344

[366](21:13:45)[3]-- TIME:20090305-211345

[367](21:13:45)ALARM: Data Titik 1 (KWH) diluar jangkauan ukur
[368](21:13:45)ALARM: Data Titik 2 (KVARH) diluar jangkauan ukur
[369](21:13:46)[0]-- TIME:20090305-211346

[370](21:13:47)[1]-- TIME:20090305-211347

[371](21:13:48)[2]-- TIME:20090305-211348

[372](21:13:49)[3]-- TIME:20090305-211349

[373](21:13:49)ALARM: Data Titik 1 (KWH) diluar jangkauan ukur
[374](21:13:49)ALARM: Data Titik 2 (KVARH) diluar jangkauan ukur
[375](21:13:50)[0]-- TIME:20090305-211350

[376](21:13:51)[1]-- TIME:20090305-211351

[377](21:13:52)[2]-- TIME:20090305-211352

[378](21:13:53)[3]-- TIME:20090305-211353

[379](21:13:53)ALARM: Data Titik 1 (KWH) diluar jangkauan ukur
[380](21:13:53)ALARM: Data Titik 2 (KVARH) diluar jangkauan ukur
[381](21:13:54)[0]-- TIME:20090305-211354

[382](21:13:55)[1]-- TIME:20090305-211355

[383](21:13:56)[2]-- TIME:20090305-211356

[384](21:13:57)[3]-- TIME:20090305-211357

[385](21:13:57)ALARM: Data Titik 1 (KWH) diluar jangkauan ukur
[386](21:13:57)ALARM: Data Titik 2 (KVARH) diluar jangkauan ukur
[387](21:13:58)[0]-- TIME:20090305-211358

[388](21:13:59)[1]-- TIME:20090305-211359

[389](21:14:00)[2]-- TIME:20090305-211400

[390](21:14:01)[3]-- TIME:20090305-211401

[391](21:14:02)[0]-- TIME:20090305-211402

[392](21:14:03)[1]-- TIME:20090305-211403

[393](21:14:04)[2]-- TIME:20090305-211404

[394](21:14:05)[3]-- TIME:20090305-211405

[395](21:14:06)[0]-- TIME:20090305-211406

[396](21:14:07)[1]-- TIME:20090305-211407

[397](21:14:08)[2]-- TIME:20090305-211408

[398](21:14:09)[3]-- TIME:20090305-211409

[399](21:14:10)[0]-- TIME:20090305-211410

[400](21:14:11)[1]-- TIME:20090305-211411

[401](21:14:12)[2]-- TIME:20090305-211412

[402](21:14:13)[3]-- TIME:20090305-211413

[403](21:14:14)[0]-- TIME:20090305-211414

[404](21:14:15)[1]-- TIME:20090305-211415

[405](21:14:16)[2]-- TIME:20090305-211416

[406](21:14:17)[3]-- TIME:20090305-211417

[407](21:14:17)ALARM: Data Titik 1 (KWH) diluar jangkauan ukur
[408](21:14:17)ALARM: Data Titik 2 (KVARH) diluar jangkauan ukur
[409](21:14:18)[0]-- TIME:20090305-211418

[410](21:14:19)[1]-- TIME:20090305-211419

[411](21:14:20)[2]-- TIME:20090305-211420

[412](21:14:21)[3]-- TIME:20090305-211421

[413](21:14:21)ALARM: Data Titik 1 (KWH) diluar jangkauan ukur
[414](21:14:21)ALARM: Data Titik 2 (KVARH) diluar jangkauan ukur
[415](21:14:22)[0]-- TIME:20090305-211422

[416](21:14:23)[1]-- TIME:20090305-211423

[417](21:14:24)[2]-- TIME:20090305-211424

[418](21:14:25)[3]-- TIME:20090305-211425

[419](21:14:25)ALARM: Data Titik 1 (KWH) diluar jangkauan ukur
[420](21:14:25)ALARM: Data Titik 2 (KVARH) diluar jangkauan ukur
[421](21:14:26)[0]-- TIME:20090305-211426

[422](21:14:27)[1]-- TIME:20090305-211427

[423](21:14:28)[2]-- TIME:20090305-211428

[424](21:14:29)[3]-- TIME:20090305-211429

[425](21:14:29)ALARM: Data Titik 1 (KWH) diluar jangkauan ukur
[426](21:14:29)ALARM: Data Titik 2 (KVARH) diluar jangkauan ukur
[427](21:14:30)[0]-- TIME:20090305-211430

[428](21:14:31)[1]-- TIME:20090305-211431

[429](21:14:32)[2]-- TIME:20090305-211432

[430](21:14:33)[3]-- TIME:20090305-211433

[431](21:14:33)ALARM: Data Titik 1 (KWH) diluar jangkauan ukur
[432](21:14:33)ALARM: Data Titik 2 (KVARH) diluar jangkauan ukur
[433](21:14:34)[0]-- TIME:20090305-211434

[434](21:14:35)[1]-- TIME:20090305-211435

[435](21:14:36)[2]-- TIME:20090305-211436

[436](21:14:37)[3]-- TIME:20090305-211437

[437](21:14:37)ALARM: Data Titik 1 (KWH) diluar jangkauan ukur
[438](21:14:37)ALARM: Data Titik 2 (KVARH) diluar jangkauan ukur
[439](21:14:38)[0]-- TIME:20090305-211438

[440](21:14:39)[1]-- TIME:20090305-211439

[441](21:14:40)[2]-- TIME:20090305-211440

[442](21:14:41)[3]-- TIME:20090305-211441

[443](21:14:41)ALARM: Data Titik 1 (KWH) diluar jangkauan ukur
[444](21:14:41)ALARM: Data Titik 2 (KVARH) diluar jangkauan ukur
[445](21:14:42)[0]-- TIME:20090305-211442

[446](21:14:43)[1]-- TIME:20090305-211443

[447](21:14:44)[2]-- TIME:20090305-211444

[448](21:14:45)[3]-- TIME:20090305-211445

[449](21:14:45)ALARM: Data Titik 1 (KWH) diluar jangkauan ukur
[450](21:14:45)ALARM: Data Titik 2 (KVARH) diluar jangkauan ukur
[451](21:14:46)[0]-- TIME:20090305-211446

[452](21:14:47)[1]-- TIME:20090305-211447

[453](21:14:48)[2]-- TIME:20090305-211448

[454](21:14:49)[3]-- TIME:20090305-211449

[455](21:14:49)ALARM: Data Titik 1 (KWH) diluar jangkauan ukur
[456](21:14:49)ALARM: Data Titik 2 (KVARH) diluar jangkauan ukur
[457](21:14:50)[0]-- TIME:20090305-211450

[458](21:14:51)[1]-- TIME:20090305-211451

[459](21:14:52)[2]-- TIME:20090305-211452

[460](21:14:53)[3]-- TIME:20090305-211453

[461](21:14:53)ALARM: Data Titik 1 (KWH) diluar jangkauan ukur
[462](21:14:53)ALARM: Data Titik 2 (KVARH) diluar jangkauan ukur
[463](21:14:54)[0]-- TIME:20090305-211454

[464](21:14:55)[1]-- TIME:20090305-211455

[465](21:14:56)[2]-- TIME:20090305-211456

[466](21:14:57)[3]-- TIME:20090305-211457

[467](21:14:57)ALARM: Data Titik 1 (KWH) diluar jangkauan ukur
[468](21:14:57)ALARM: Data Titik 2 (KVARH) diluar jangkauan ukur
[469](21:14:58)[0]-- TIME:20090305-211458

[470](21:14:59)[1]-- TIME:20090305-211459

[471](21:15:00)[2]-- TIME:20090305-211500

[472](21:15:01)[3]-- TIME:20090305-211501

[473](21:15:01)ALARM: Data Titik 1 (KWH) diluar jangkauan ukur
[474](21:15:01)ALARM: Data Titik 2 (KVARH) diluar jangkauan ukur
[475](21:15:02)[0]-- TIME:20090305-211502

[476](21:15:03)[1]-- TIME:20090305-211503

[477](21:15:04)[2]-- TIME:20090305-211504

[478](21:15:05)[3]-- TIME:20090305-211505

[479](21:15:05)ALARM: Data Titik 1 (KWH) diluar jangkauan ukur
[480](21:15:05)ALARM: Data Titik 2 (KVARH) diluar jangkauan ukur
[481](21:15:06)[0]-- TIME:20090305-211506

[482](21:15:07)[1]-- TIME:20090305-211507

[483](21:15:08)[2]-- TIME:20090305-211508

[484](21:15:09)[3]-- TIME:20090305-211509

[485](21:15:09)ALARM: Data Titik 1 (KWH) diluar jangkauan ukur
[486](21:15:09)ALARM: Data Titik 2 (KVARH) diluar jangkauan ukur
[487](21:15:10)[0]-- TIME:20090305-211510

[488](21:15:11)[1]-- TIME:20090305-211511

[489](21:15:12)[2]-- TIME:20090305-211512

[490](21:15:13)[3]-- TIME:20090305-211513

[491](21:15:13)ALARM: Data Titik 1 (KWH) diluar jangkauan ukur
[492](21:15:13)ALARM: Data Titik 2 (KVARH) diluar jangkauan ukur
[493](21:15:14)[0]-- TIME:20090305-211514

[494](21:15:15)[1]-- TIME:20090305-211515

[495](21:15:16)[2]-- TIME:20090305-211516

[496](21:15:17)[3]-- TIME:20090305-211517

[497](21:15:17)ALARM: Data Titik 1 (KWH) diluar jangkauan ukur
[498](21:15:17)ALARM: Data Titik 2 (KVARH) diluar jangkauan ukur
[499](21:15:18)[0]-- TIME:20090305-211518

[500](21:15:19)[1]-- TIME:20090305-211519

[501](21:15:20)[2]-- TIME:20090305-211520

[502](21:15:21)[3]-- TIME:20090305-211521

[503](21:15:21)ALARM: Data Titik 1 (KWH) diluar jangkauan ukur
[504](21:15:21)ALARM: Data Titik 2 (KVARH) diluar jangkauan ukur
[505](21:15:22)[0]-- TIME:20090305-211522

[506](21:15:23)[1]-- TIME:20090305-211523

[507](21:15:24)[2]-- TIME:20090305-211524

[508](21:15:25)[3]-- TIME:20090305-211525

[509](21:15:25)ALARM: Data Titik 1 (KWH) diluar jangkauan ukur
[510](21:15:25)ALARM: Data Titik 2 (KVARH) diluar jangkauan ukur
[511](21:15:26)[0]-- TIME:20090305-211526

[512](21:15:27)[1]-- TIME:20090305-211527

[513](21:15:28)[2]-- TIME:20090305-211528

[514](21:15:29)[3]-- TIME:20090305-211529

[515](21:15:29)ALARM: Data Titik 1 (KWH) diluar jangkauan ukur
[516](21:15:29)ALARM: Data Titik 2 (KVARH) diluar jangkauan ukur
[517](21:15:30)[0]-- TIME:20090305-211530

[518](21:15:31)[1]-- TIME:20090305-211531

[519](21:15:32)[2]-- TIME:20090305-211532

[520](21:15:33)[3]-- TIME:20090305-211533

[521](21:15:33)ALARM: Data Titik 1 (KWH) diluar jangkauan ukur
[522](21:15:33)ALARM: Data Titik 2 (KVARH) diluar jangkauan ukur
[523](21:15:34)[0]-- TIME:20090305-211534

[524](21:15:35)[1]-- TIME:20090305-211535

[525](21:15:36)[2]-- TIME:20090305-211536

[526](21:15:37)[3]-- TIME:20090305-211537

[527](21:15:37)ALARM: Data Titik 1 (KWH) diluar jangkauan ukur
[528](21:15:37)ALARM: Data Titik 2 (KVARH) diluar jangkauan ukur
[529](21:15:38)[0]-- TIME:20090305-211538

[530](21:15:39)[1]-- TIME:20090305-211539

[531](21:15:40)[2]-- TIME:20090305-211540

[532](21:15:41)[3]-- TIME:20090305-211541

[533](21:15:41)ALARM: Data Titik 1 (KWH) diluar jangkauan ukur
[534](21:15:41)ALARM: Data Titik 2 (KVARH) diluar jangkauan ukur
[535](21:15:42)[0]-- TIME:20090305-211542

[536](21:15:43)[1]-- TIME:20090305-211543

[537](21:15:44)[2]-- TIME:20090305-211544

[538](21:15:45)[3]-- TIME:20090305-211545

[539](21:15:45)ALARM: Data Titik 1 (KWH) diluar jangkauan ukur
[540](21:15:45)ALARM: Data Titik 2 (KVARH) diluar jangkauan ukur
[541](21:15:46)[0]-- TIME:20090305-211546

[542](21:15:47)[1]-- TIME:20090305-211547

[543](21:15:48)[2]-- TIME:20090305-211548

[544](21:15:49)[3]-- TIME:20090305-211549

[545](21:15:49)ALARM: Data Titik 1 (KWH) diluar jangkauan ukur
[546](21:15:49)ALARM: Data Titik 2 (KVARH) diluar jangkauan ukur
[547](21:15:50)[0]-- TIME:20090305-211550

[548](21:15:51)[1]-- TIME:20090305-211551

[549](21:15:52)[2]-- TIME:20090305-211552

[550](21:15:53)[3]-- TIME:20090305-211553

[551](21:15:53)ALARM: Data Titik 1 (KWH) diluar jangkauan ukur
[552](21:15:53)ALARM: Data Titik 2 (KVARH) diluar jangkauan ukur
[553](21:15:54)[0]-- TIME:20090305-211554

[554](21:15:55)[1]-- TIME:20090305-211555

[555](21:15:56)[2]-- TIME:20090305-211556

[556](21:15:57)[3]-- TIME:20090305-211557

[557](21:15:57)ALARM: Data Titik 1 (KWH) diluar jangkauan ukur
[558](21:15:57)ALARM: Data Titik 2 (KVARH) diluar jangkauan ukur
[559](21:15:58)[0]-- TIME:20090305-211558

[560](21:15:59)[1]-- TIME:20090305-211559

[561](21:16:00)[2]-- TIME:20090305-211600

[562](21:16:01)[3]-- TIME:20090305-211601

[563](21:16:01)ALARM: Data Titik 1 (KWH) diluar jangkauan ukur
[564](21:16:01)ALARM: Data Titik 2 (KVARH) diluar jangkauan ukur
[565](21:16:02)[0]-- TIME:20090305-211602

[566](21:16:03)[1]-- TIME:20090305-211603

[567](21:16:04)[2]-- TIME:20090305-211604

[568](21:16:05)[3]-- TIME:20090305-211605

[569](21:16:05)ALARM: Data Titik 1 (KWH) diluar jangkauan ukur
[570](21:16:05)ALARM: Data Titik 2 (KVARH) diluar jangkauan ukur
[571](21:16:06)[0]-- TIME:20090305-211606

[572](21:16:07)[1]-- TIME:20090305-211607

[573](21:16:08)[2]-- TIME:20090305-211608

[574](21:16:09)[3]-- TIME:20090305-211609

[575](21:16:09)ALARM: Data Titik 1 (KWH) diluar jangkauan ukur
[576](21:16:09)ALARM: Data Titik 2 (KVARH) diluar jangkauan ukur
[577](21:16:10)[0]-- TIME:20090305-211610

[578](21:16:11)[1]-- TIME:20090305-211611

[579](21:16:12)[2]-- TIME:20090305-211612

[580](21:16:13)[3]-- TIME:20090305-211613

[581](21:16:13)ALARM: Data Titik 1 (KWH) diluar jangkauan ukur
[582](21:16:13)ALARM: Data Titik 2 (KVARH) diluar jangkauan ukur
[583](21:16:14)[0]-- TIME:20090305-211614

[584](21:16:15)[1]-- TIME:20090305-211615

[585](21:16:16)[2]-- TIME:20090305-211616

[586](21:16:17)[3]-- TIME:20090305-211617

[587](21:16:17)ALARM: Data Titik 1 (KWH) diluar jangkauan ukur
[588](21:16:17)ALARM: Data Titik 2 (KVARH) diluar jangkauan ukur
[589](21:16:18)[0]-- TIME:20090305-211618

[590](21:16:19)[1]-- TIME:20090305-211619

[591](21:16:20)[2]-- TIME:20090305-211620

[592](21:16:21)[3]-- TIME:20090305-211621

[593](21:16:21)ALARM: Data Titik 1 (KWH) diluar jangkauan ukur
[594](21:16:21)ALARM: Data Titik 2 (KVARH) diluar jangkauan ukur
[595](21:16:22)[0]-- TIME:20090305-211622

[596](21:16:23)[1]-- TIME:20090305-211623

[597](21:16:24)[2]-- TIME:20090305-211624

[598](21:16:25)[3]-- TIME:20090305-211625

[599](21:16:25)ALARM: Data Titik 1 (KWH) diluar jangkauan ukur
[600](21:16:25)ALARM: Data Titik 2 (KVARH) diluar jangkauan ukur
[601](21:16:26)[0]-- TIME:20090305-211626

[602](21:16:27)[1]-- TIME:20090305-211627

[603](21:16:28)[2]-- TIME:20090305-211628

[604](21:16:29)[3]-- TIME:20090305-211629

[605](21:16:29)ALARM: Data Titik 1 (KWH) diluar jangkauan ukur
[606](21:16:29)ALARM: Data Titik 2 (KVARH) diluar jangkauan ukur
[607](21:16:30)[0]-- TIME:20090305-211630

[608](21:16:31)[1]-- TIME:20090305-211631

[609](21:16:32)[2]-- TIME:20090305-211632

[610](21:16:33)[3]-- TIME:20090305-211633

[611](21:16:33)ALARM: Data Titik 1 (KWH) diluar jangkauan ukur
[612](21:16:33)ALARM: Data Titik 2 (KVARH) diluar jangkauan ukur
[613](21:16:34)[0]-- TIME:20090305-211634

[614](21:16:35)[1]-- TIME:20090305-211635

[615](21:16:36)[2]-- TIME:20090305-211636

[616](21:16:37)[3]-- TIME:20090305-211637

[617](21:16:37)ALARM: Data Titik 1 (KWH) diluar jangkauan ukur
[618](21:16:37)ALARM: Data Titik 2 (KVARH) diluar jangkauan ukur
[619](21:16:38)[0]-- TIME:20090305-211638

[620](21:16:39)[1]-- TIME:20090305-211639

[621](21:16:40)[2]-- TIME:20090305-211640

[622](21:16:41)[3]-- TIME:20090305-211641

[623](21:16:41)ALARM: Data Titik 1 (KWH) diluar jangkauan ukur
[624](21:16:41)ALARM: Data Titik 2 (KVARH) diluar jangkauan ukur
[625](21:16:42)[0]-- TIME:20090305-211642

[626](21:16:43)[1]-- TIME:20090305-211643

[627](21:16:44)[2]-- TIME:20090305-211644

[628](21:16:45)[3]-- TIME:20090305-211645

[629](21:16:45)ALARM: Data Titik 1 (KWH) diluar jangkauan ukur
[630](21:16:45)ALARM: Data Titik 2 (KVARH) diluar jangkauan ukur
[631](21:16:46)[0]-- TIME:20090305-211646

[632](21:16:47)[1]-- TIME:20090305-211647

[633](21:16:48)[2]-- TIME:20090305-211648

[634](21:16:49)[3]-- TIME:20090305-211649

[635](21:16:49)ALARM: Data Titik 1 (KWH) diluar jangkauan ukur
[636](21:16:49)ALARM: Data Titik 2 (KVARH) diluar jangkauan ukur
[637](21:16:50)[0]-- TIME:20090305-211650

[638](21:16:51)[1]-- TIME:20090305-211651

[639](21:16:52)[2]-- TIME:20090305-211652

[640](21:16:53)[3]-- TIME:20090305-211653

[641](21:16:53)ALARM: Data Titik 1 (KWH) diluar jangkauan ukur
[642](21:16:53)ALARM: Data Titik 2 (KVARH) diluar jangkauan ukur
[643](21:16:54)[0]-- TIME:20090305-211654

[644](21:16:55)[1]-- TIME:20090305-211655

[645](21:16:56)[2]-- TIME:20090305-211656

[646](21:16:57)[3]-- TIME:20090305-211657

[647](21:16:57)ALARM: Data Titik 1 (KWH) diluar jangkauan ukur
[648](21:16:57)ALARM: Data Titik 2 (KVARH) diluar jangkauan ukur
[649](21:16:58)[0]-- TIME:20090305-211658

[650](21:16:59)[1]-- TIME:20090305-211659

[651](21:17:00)[2]-- TIME:20090305-211700

[652](21:17:01)[3]-- TIME:20090305-211701

[653](21:17:01)ALARM: Data Titik 1 (KWH) diluar jangkauan ukur
[654](21:17:01)ALARM: Data Titik 2 (KVARH) diluar jangkauan ukur
[655](21:17:02)[0]-- TIME:20090305-211702

[656](21:17:03)[1]-- TIME:20090305-211703

[657](21:17:04)[2]-- TIME:20090305-211704

[658](21:17:05)[3]-- TIME:20090305-211705

[659](21:17:05)ALARM: Data Titik 1 (KWH) diluar jangkauan ukur
[660](21:17:05)ALARM: Data Titik 2 (KVARH) diluar jangkauan ukur
[661](21:17:06)[0]-- TIME:20090305-211706

[662](21:17:07)[1]-- TIME:20090305-211707

[663](21:17:08)[2]-- TIME:20090305-211708

[664](21:17:09)[3]-- TIME:20090305-211709

[665](21:17:09)ALARM: Data Titik 1 (KWH) diluar jangkauan ukur
[666](21:17:09)ALARM: Data Titik 2 (KVARH) diluar jangkauan ukur
[667](21:17:10)[0]-- TIME:20090305-211710

[668](21:17:11)[1]-- TIME:20090305-211711

[669](21:17:12)[2]-- TIME:20090305-211712

[670](21:17:13)[3]-- TIME:20090305-211713

[671](21:17:13)ALARM: Data Titik 1 (KWH) diluar jangkauan ukur
[672](21:17:13)ALARM: Data Titik 2 (KVARH) diluar jangkauan ukur
[673](21:17:14)[0]-- TIME:20090305-211714

[674](21:17:15)[1]-- TIME:20090305-211715

[675](21:17:16)[2]-- TIME:20090305-211716

[676](21:17:17)[3]-- TIME:20090305-211717

[677](21:17:17)ALARM: Data Titik 1 (KWH) diluar jangkauan ukur
[678](21:17:17)ALARM: Data Titik 2 (KVARH) diluar jangkauan ukur
[679](21:17:18)[0]-- TIME:20090305-211718

[680](21:17:19)[1]-- TIME:20090305-211719

[681](21:17:20)[2]-- TIME:20090305-211720

[682](21:17:21)[3]-- TIME:20090305-211721

[683](21:17:21)ALARM: Data Titik 1 (KWH) diluar jangkauan ukur
[684](21:17:21)ALARM: Data Titik 2 (KVARH) diluar jangkauan ukur
[685](21:17:22)[0]-- TIME:20090305-211722

[686](21:17:23)[1]-- TIME:20090305-211723

[687](21:17:24)[2]-- TIME:20090305-211724

[688](21:17:25)[3]-- TIME:20090305-211725

[689](21:17:25)ALARM: Data Titik 1 (KWH) diluar jangkauan ukur
[690](21:17:25)ALARM: Data Titik 2 (KVARH) diluar jangkauan ukur
[691](21:17:26)[0]-- TIME:20090305-211726

[692](21:17:27)[1]-- TIME:20090305-211727

[693](21:17:28)[2]-- TIME:20090305-211728

[694](21:17:29)[3]-- TIME:20090305-211729

[695](21:17:29)ALARM: Data Titik 1 (KWH) diluar jangkauan ukur
[696](21:17:29)ALARM: Data Titik 2 (KVARH) diluar jangkauan ukur
[697](21:17:30)[0]-- TIME:20090305-211730

[698](21:17:31)[1]-- TIME:20090305-211731

[699](21:17:32)[2]-- TIME:20090305-211732

[700](21:17:33)[3]-- TIME:20090305-211733

[701](21:17:33)ALARM: Data Titik 1 (KWH) diluar jangkauan ukur
[702](21:17:33)ALARM: Data Titik 2 (KVARH) diluar jangkauan ukur
[703](21:17:34)[0]-- TIME:20090305-211734

[704](21:17:35)[1]-- TIME:20090305-211735

[705](21:17:36)[2]-- TIME:20090305-211736

[706](21:17:37)[3]-- TIME:20090305-211737

[707](21:17:37)ALARM: Data Titik 1 (KWH) diluar jangkauan ukur
[708](21:17:37)ALARM: Data Titik 2 (KVARH) diluar jangkauan ukur
[709](21:17:38)[0]-- TIME:20090305-211738

[710](21:17:39)[1]-- TIME:20090305-211739

[711](21:17:40)[2]-- TIME:20090305-211740

[712](21:17:41)[3]-- TIME:20090305-211741

[713](21:17:41)ALARM: Data Titik 1 (KWH) diluar jangkauan ukur
[714](21:17:41)ALARM: Data Titik 2 (KVARH) diluar jangkauan ukur
[715](21:17:42)[0]-- TIME:20090305-211742

[716](21:17:43)[1]-- TIME:20090305-211743

[717](21:17:44)[2]-- TIME:20090305-211744

[718](21:17:45)[3]-- TIME:20090305-211745

[719](21:17:45)ALARM: Data Titik 1 (KWH) diluar jangkauan ukur
[720](21:17:45)ALARM: Data Titik 2 (KVARH) diluar jangkauan ukur
[721](21:17:46)[0]-- TIME:20090305-211746

[722](21:17:47)[1]-- TIME:20090305-211747

[723](21:17:48)[2]-- TIME:20090305-211748

[724](21:17:49)[3]-- TIME:20090305-211749

[725](21:17:49)ALARM: Data Titik 1 (KWH) diluar jangkauan ukur
[726](21:17:49)ALARM: Data Titik 2 (KVARH) diluar jangkauan ukur
[727](21:17:50)[0]-- TIME:20090305-211750

[728](21:17:51)[1]-- TIME:20090305-211751

[729](21:17:52)[2]-- TIME:20090305-211752

[730](21:17:53)[3]-- TIME:20090305-211753

[731](21:17:53)ALARM: Data Titik 1 (KWH) diluar jangkauan ukur
[732](21:17:53)ALARM: Data Titik 2 (KVARH) diluar jangkauan ukur
[733](21:17:54)[0]-- TIME:20090305-211754

[734](21:17:55)[1]-- TIME:20090305-211755

[735](21:17:56)[2]-- TIME:20090305-211756

[736](21:17:57)[3]-- TIME:20090305-211757

[737](21:17:57)ALARM: Data Titik 1 (KWH) diluar jangkauan ukur
[738](21:17:57)ALARM: Data Titik 2 (KVARH) diluar jangkauan ukur
[739](21:17:58)[0]-- TIME:20090305-211758

[740](21:17:59)[1]-- TIME:20090305-211759

[741](21:18:00)[2]-- TIME:20090305-211800

[742](21:18:01)[3]-- TIME:20090305-211801

[743](21:18:01)ALARM: Data Titik 1 (KWH) diluar jangkauan ukur
[744](21:18:01)ALARM: Data Titik 2 (KVARH) diluar jangkauan ukur
[745](21:18:02)[0]-- TIME:20090305-211802

[746](21:18:03)[1]-- TIME:20090305-211803

[747](21:18:04)[2]-- TIME:20090305-211804

[748](21:18:05)[3]-- TIME:20090305-211805

[749](21:18:05)ALARM: Data Titik 1 (KWH) diluar jangkauan ukur
[750](21:18:05)ALARM: Data Titik 2 (KVARH) diluar jangkauan ukur
[751](21:18:06)[0]-- TIME:20090305-211806

[752](21:18:07)[1]-- TIME:20090305-211807

[753](21:18:08)[2]-- TIME:20090305-211808

[754](21:18:09)[3]-- TIME:20090305-211809

[755](21:18:09)ALARM: Data Titik 1 (KWH) diluar jangkauan ukur
[756](21:18:09)ALARM: Data Titik 2 (KVARH) diluar jangkauan ukur
[757](21:18:10)[0]-- TIME:20090305-211810

[758](21:18:11)[1]-- TIME:20090305-211811

[759](21:18:12)[2]-- TIME:20090305-211812

[760](21:18:13)[3]-- TIME:20090305-211813

[761](21:18:13)ALARM: Data Titik 1 (KWH) diluar jangkauan ukur
[762](21:18:13)ALARM: Data Titik 2 (KVARH) diluar jangkauan ukur
[763](21:18:14)[0]-- TIME:20090305-211814

[764](21:18:15)[1]-- TIME:20090305-211815

[765](21:18:16)[2]-- TIME:20090305-211816

[766](21:18:17)[3]-- TIME:20090305-211817

[767](21:18:17)ALARM: Data Titik 1 (KWH) diluar jangkauan ukur
[768](21:18:17)ALARM: Data Titik 2 (KVARH) diluar jangkauan ukur
[769](21:18:18)[0]-- TIME:20090305-211818

[770](21:18:19)[1]-- TIME:20090305-211819

[771](21:18:20)[2]-- TIME:20090305-211820

[772](21:18:21)[3]-- TIME:20090305-211821

[773](21:18:21)ALARM: Data Titik 1 (KWH) diluar jangkauan ukur
[774](21:18:21)ALARM: Data Titik 2 (KVARH) diluar jangkauan ukur
[775](21:18:22)[0]-- TIME:20090305-211822

[776](21:18:23)[1]-- TIME:20090305-211823

[777](21:18:24)[2]-- TIME:20090305-211824

[778](21:18:25)[3]-- TIME:20090305-211825

[779](21:18:25)ALARM: Data Titik 1 (KWH) diluar jangkauan ukur
[780](21:18:25)ALARM: Data Titik 2 (KVARH) diluar jangkauan ukur
[781](21:18:26)[0]-- TIME:20090305-211826

[782](21:18:27)[1]-- TIME:20090305-211827

[783](21:18:28)[2]-- TIME:20090305-211828

[784](21:18:29)[3]-- TIME:20090305-211829

[785](21:18:29)ALARM: Data Titik 1 (KWH) diluar jangkauan ukur
[786](21:18:29)ALARM: Data Titik 2 (KVARH) diluar jangkauan ukur
[787](21:18:30)[0]-- TIME:20090305-211830

[788](21:18:31)[1]-- TIME:20090305-211831

[789](21:18:32)[2]-- TIME:20090305-211832

[790](21:18:33)[3]-- TIME:20090305-211833

[791](21:18:33)ALARM: Data Titik 1 (KWH) diluar jangkauan ukur
[792](21:18:33)ALARM: Data Titik 2 (KVARH) diluar jangkauan ukur
[793](21:18:34)[0]-- TIME:20090305-211834

[794](21:18:35)[1]-- TIME:20090305-211835

[795](21:18:36)[2]-- TIME:20090305-211836

[796](21:18:37)[3]-- TIME:20090305-211837

[797](21:18:37)ALARM: Data Titik 1 (KWH) diluar jangkauan ukur
[798](21:18:37)ALARM: Data Titik 2 (KVARH) diluar jangkauan ukur
[799](21:18:38)[0]-- TIME:20090305-211838

[800](21:18:39)[1]-- TIME:20090305-211839

[801](21:18:40)[2]-- TIME:20090305-211840

[802](21:18:41)[3]-- TIME:20090305-211841

[803](21:18:41)ALARM: Data Titik 1 (KWH) diluar jangkauan ukur
[804](21:18:41)ALARM: Data Titik 2 (KVARH) diluar jangkauan ukur
[805](21:18:42)[0]-- TIME:20090305-211842

[806](21:18:43)[1]-- TIME:20090305-211843

[807](21:18:44)[2]-- TIME:20090305-211844

[808](21:18:45)[3]-- TIME:20090305-211845

[809](21:18:45)ALARM: Data Titik 1 (KWH) diluar jangkauan ukur
[810](21:18:45)ALARM: Data Titik 2 (KVARH) diluar jangkauan ukur
[811](21:18:46)[0]-- TIME:20090305-211846

[812](21:18:47)[1]-- TIME:20090305-211847

[813](21:18:48)[2]-- TIME:20090305-211848

[814](21:18:49)[3]-- TIME:20090305-211849

[815](21:18:49)ALARM: Data Titik 1 (KWH) diluar jangkauan ukur
[816](21:18:49)ALARM: Data Titik 2 (KVARH) diluar jangkauan ukur
[817](21:18:50)[0]-- TIME:20090305-211850

[818](21:18:51)[1]-- TIME:20090305-211851

[819](21:18:52)[2]-- TIME:20090305-211852

[820](21:18:53)[3]-- TIME:20090305-211853

[821](21:18:53)ALARM: Data Titik 1 (KWH) diluar jangkauan ukur
[822](21:18:53)ALARM: Data Titik 2 (KVARH) diluar jangkauan ukur
[823](21:18:54)[0]-- TIME:20090305-211854

[824](21:18:55)[1]-- TIME:20090305-211855

[825](21:18:56)[2]-- TIME:20090305-211856

[826](21:18:57)[3]-- TIME:20090305-211857

[827](21:18:57)ALARM: Data Titik 1 (KWH) diluar jangkauan ukur
[828](21:18:57)ALARM: Data Titik 2 (KVARH) diluar jangkauan ukur
[829](21:18:58)[0]-- TIME:20090305-211858

[830](21:18:59)[1]-- TIME:20090305-211859

[831](21:19:00)[2]-- TIME:20090305-211900

[832](21:19:01)[3]-- TIME:20090305-211901

[833](21:19:01)ALARM: Data Titik 1 (KWH) diluar jangkauan ukur
[834](21:19:01)ALARM: Data Titik 2 (KVARH) diluar jangkauan ukur
[835](21:19:02)[0]-- TIME:20090305-211902

[836](21:19:03)[1]-- TIME:20090305-211903

[837](21:19:04)[2]-- TIME:20090305-211904

[838](21:19:05)[3]-- TIME:20090305-211905

[839](21:19:05)ALARM: Data Titik 1 (KWH) diluar jangkauan ukur
[840](21:19:05)ALARM: Data Titik 2 (KVARH) diluar jangkauan ukur
[841](21:19:06)[0]-- TIME:20090305-211906

[842](21:19:07)[1]-- TIME:20090305-211907

[843](21:19:08)[2]-- TIME:20090305-211908

[844](21:19:09)[3]-- TIME:20090305-211909

[845](21:19:09)ALARM: Data Titik 1 (KWH) diluar jangkauan ukur
[846](21:19:09)ALARM: Data Titik 2 (KVARH) diluar jangkauan ukur
[847](21:19:10)[0]-- TIME:20090305-211910

[848](21:19:11)[1]-- TIME:20090305-211911

[849](21:19:12)[2]-- TIME:20090305-211912

[850](21:19:13)[3]-- TIME:20090305-211913

[851](21:19:13)ALARM: Data Titik 1 (KWH) diluar jangkauan ukur
[852](21:19:13)ALARM: Data Titik 2 (KVARH) diluar jangkauan ukur
[853](21:19:14)[0]-- TIME:20090305-211914

[854](21:19:15)[1]-- TIME:20090305-211915

[855](21:19:16)[2]-- TIME:20090305-211916

[856](21:19:17)[3]-- TIME:20090305-211917

[857](21:19:17)ALARM: Data Titik 1 (KWH) diluar jangkauan ukur
[858](21:19:17)ALARM: Data Titik 2 (KVARH) diluar jangkauan ukur
[859](21:19:18)[0]-- TIME:20090305-211918

[860](21:19:19)[1]-- TIME:20090305-211919

[861](21:19:20)[2]-- TIME:20090305-211920

[862](21:19:21)[3]-- TIME:20090305-211921

[863](21:19:21)ALARM: Data Titik 1 (KWH) diluar jangkauan ukur
[864](21:19:21)ALARM: Data Titik 2 (KVARH) diluar jangkauan ukur
[865](21:19:22)[0]-- TIME:20090305-211922

[866](21:19:23)[1]-- TIME:20090305-211923

[867](21:19:24)[2]-- TIME:20090305-211924

[868](21:19:25)[3]-- TIME:20090305-211925

[869](21:19:25)ALARM: Data Titik 1 (KWH) diluar jangkauan ukur
[870](21:19:25)ALARM: Data Titik 2 (KVARH) diluar jangkauan ukur
[871](21:19:26)[0]-- TIME:20090305-211926

[872](21:19:27)[1]-- TIME:20090305-211927

[873](21:19:28)[2]-- TIME:20090305-211928

[874](21:19:29)[3]-- TIME:20090305-211929

[875](21:19:29)ALARM: Data Titik 1 (KWH) diluar jangkauan ukur
[876](21:19:29)ALARM: Data Titik 2 (KVARH) diluar jangkauan ukur
[877](21:19:30)[0]-- TIME:20090305-211930

[878](21:19:31)[1]-- TIME:20090305-211931

[879](21:19:32)[2]-- TIME:20090305-211932

[880](21:19:33)[3]-- TIME:20090305-211933

[881](21:19:33)ALARM: Data Titik 1 (KWH) diluar jangkauan ukur
[882](21:19:33)ALARM: Data Titik 2 (KVARH) diluar jangkauan ukur
[883](21:19:34)[0]-- TIME:20090305-211934

[884](21:19:35)[1]-- TIME:20090305-211935

[885](21:19:36)[2]-- TIME:20090305-211936

[886](21:19:37)[3]-- TIME:20090305-211937

[887](21:19:37)ALARM: Data Titik 1 (KWH) diluar jangkauan ukur
[888](21:19:37)ALARM: Data Titik 2 (KVARH) diluar jangkauan ukur
[889](21:19:38)[0]-- TIME:20090305-211938

[890](21:19:39)[1]-- TIME:20090305-211939

[891](21:19:40)[2]-- TIME:20090305-211940

[892](21:19:41)[3]-- TIME:20090305-211941

[893](21:19:41)ALARM: Data Titik 1 (KWH) diluar jangkauan ukur
[894](21:19:41)ALARM: Data Titik 2 (KVARH) diluar jangkauan ukur
[895](21:19:42)[0]-- TIME:20090305-211942

[896](21:19:43)[1]-- TIME:20090305-211943

[897](21:19:44)[2]-- TIME:20090305-211944

[898](21:19:45)[3]-- TIME:20090305-211945

[899](21:19:45)ALARM: Data Titik 1 (KWH) diluar jangkauan ukur
[900](21:19:45)ALARM: Data Titik 2 (KVARH) diluar jangkauan ukur
[901](21:19:46)[0]-- TIME:20090305-211946

[902](21:19:47)[1]-- TIME:20090305-211947

[903](21:19:48)[2]-- TIME:20090305-211948

[904](21:19:49)[3]-- TIME:20090305-211949

[905](21:19:49)ALARM: Data Titik 1 (KWH) diluar jangkauan ukur
[906](21:19:49)ALARM: Data Titik 2 (KVARH) diluar jangkauan ukur
[907](21:19:50)[0]-- TIME:20090305-211950

[908](21:19:51)[1]-- TIME:20090305-211951

[909](21:19:52)[2]-- TIME:20090305-211952

[910](21:19:53)[3]-- TIME:20090305-211953

[911](21:19:53)ALARM: Data Titik 1 (KWH) diluar jangkauan ukur
[912](21:19:53)ALARM: Data Titik 2 (KVARH) diluar jangkauan ukur
[913](21:19:54)[0]-- TIME:20090305-211954

[914](21:19:55)[1]-- TIME:20090305-211955

[915](21:19:56)[2]-- TIME:20090305-211956

[916](21:19:57)[3]-- TIME:20090305-211957

[917](21:19:58)[0]-- TIME:20090305-211958

[918](21:19:59)[1]-- TIME:20090305-211959

[919](21:20:00)[2]-- TIME:20090305-212000

[920](21:20:01)[3]-- TIME:20090305-212001

[921](21:20:02)[0]-- TIME:20090305-212002

[922](21:20:03)[1]-- TIME:20090305-212003

[923](21:20:04)[2]-- TIME:20090305-212004

[924](21:20:05)[3]-- TIME:20090305-212005

[925](21:20:06)[0]-- TIME:20090305-212006

[926](21:20:07)[1]-- TIME:20090305-212007

[927](21:20:08)[2]-- TIME:20090305-212008

[928](21:20:09)[3]-- TIME:20090305-212009

[929](21:20:09)ALARM: Data Titik 1 (KWH) diluar jangkauan ukur
[930](21:20:09)ALARM: Data Titik 2 (KVARH) diluar jangkauan ukur
[931](21:20:10)[0]-- TIME:20090305-212010

[932](21:20:11)[1]-- TIME:20090305-212011

[933](21:20:12)[2]-- TIME:20090305-212012

[934](21:20:13)[3]-- TIME:20090305-212013

[935](21:20:13)ALARM: Data Titik 1 (KWH) diluar jangkauan ukur
[936](21:20:13)ALARM: Data Titik 2 (KVARH) diluar jangkauan ukur
[937](21:20:14)[0]-- TIME:20090305-212014

[938](21:20:15)[1]-- TIME:20090305-212015

[939](21:20:16)[2]-- TIME:20090305-212016

[940](21:20:17)[3]-- TIME:20090305-212017

[941](21:20:17)ALARM: Data Titik 1 (KWH) diluar jangkauan ukur
[942](21:20:17)ALARM: Data Titik 2 (KVARH) diluar jangkauan ukur
[943](21:20:18)[0]-- TIME:20090305-212018

[944](21:20:19)[1]-- TIME:20090305-212019

[945](21:20:20)[2]-- TIME:20090305-212020

[946](21:20:21)[3]-- TIME:20090305-212021

[947](21:20:21)ALARM: Data Titik 1 (KWH) diluar jangkauan ukur
[948](21:20:21)ALARM: Data Titik 2 (KVARH) diluar jangkauan ukur
[949](21:20:22)[0]-- TIME:20090305-212022

[950](21:20:23)[1]-- TIME:20090305-212023

[951](21:20:24)[2]-- TIME:20090305-212024

[952](21:20:25)[3]-- TIME:20090305-212025

[953](21:20:25)ALARM: Data Titik 1 (KWH) diluar jangkauan ukur
[954](21:20:25)ALARM: Data Titik 2 (KVARH) diluar jangkauan ukur
[955](21:20:26)[0]-- TIME:20090305-212026

[956](21:20:27)[1]-- TIME:20090305-212027

[957](21:20:28)[2]-- TIME:20090305-212028

[958](21:20:29)[3]-- TIME:20090305-212029

[959](21:20:29)ALARM: Data Titik 1 (KWH) diluar jangkauan ukur
[960](21:20:29)ALARM: Data Titik 2 (KVARH) diluar jangkauan ukur
[961](21:20:30)[0]-- TIME:20090305-212030

[962](21:20:31)[1]-- TIME:20090305-212031

[963](21:20:32)[2]-- TIME:20090305-212032

[964](21:20:33)[3]-- TIME:20090305-212033

[965](21:20:33)ALARM: Data Titik 1 (KWH) diluar jangkauan ukur
[966](21:20:33)ALARM: Data Titik 2 (KVARH) diluar jangkauan ukur
[967](21:20:34)[0]-- TIME:20090305-212034

[968](21:20:35)[1]-- TIME:20090305-212035

[969](21:20:36)[2]-- TIME:20090305-212036

[970](21:20:37)[3]-- TIME:20090305-212037

[971](21:20:37)ALARM: Data Titik 1 (KWH) diluar jangkauan ukur
[972](21:20:37)ALARM: Data Titik 2 (KVARH) diluar jangkauan ukur
[973](21:20:38)[0]-- TIME:20090305-212038

[974](21:20:39)[1]-- TIME:20090305-212039

[975](21:20:40)[2]-- TIME:20090305-212040

[976](21:20:41)[3]-- TIME:20090305-212041

[977](21:20:41)ALARM: Data Titik 1 (KWH) diluar jangkauan ukur
[978](21:20:41)ALARM: Data Titik 2 (KVARH) diluar jangkauan ukur
[979](21:20:42)[0]-- TIME:20090305-212042

[980](21:20:43)[1]-- TIME:20090305-212043

[981](21:20:44)[2]-- TIME:20090305-212044

[982](21:20:45)[3]-- TIME:20090305-212045

[983](21:20:45)ALARM: Data Titik 1 (KWH) diluar jangkauan ukur
[984](21:20:45)ALARM: Data Titik 2 (KVARH) diluar jangkauan ukur
[985](21:20:46)[0]-- TIME:20090305-212046

[986](21:20:47)[1]-- TIME:20090305-212047

[987](21:20:48)[2]-- TIME:20090305-212048

[988](21:20:49)[3]-- TIME:20090305-212049

[989](21:20:49)ALARM: Data Titik 1 (KWH) diluar jangkauan ukur
[990](21:20:49)ALARM: Data Titik 2 (KVARH) diluar jangkauan ukur
[991](21:20:50)[0]-- TIME:20090305-212050

[992](21:20:51)[1]-- TIME:20090305-212051

[993](21:20:52)[2]-- TIME:20090305-212052

[994](21:20:53)[3]-- TIME:20090305-212053

[995](21:20:53)ALARM: Data Titik 1 (KWH) diluar jangkauan ukur
[996](21:20:53)ALARM: Data Titik 2 (KVARH) diluar jangkauan ukur
[997](21:20:54)[0]-- TIME:20090305-212054

[998](21:20:55)[1]-- TIME:20090305-212055

[999](21:20:56)[2]-- TIME:20090305-212056

[1000](21:20:57)[3]-- TIME:20090305-212057
