
[0](09:26:06)[1]-- TIME:20090306-092606

[1](09:26:07)[2]-- TIME:20090306-092607

[2](09:26:08)[3]-- TIME:20090306-092608

[3](09:26:08)ALARM: Data Titik 1 (KWH) diluar jangkauan ukur
[4](09:26:08)ALARM: Data Titik 2 (KVARH) diluar jangkauan ukur
[5](09:26:09)[0]-- TIME:20090306-092609

[6](09:26:10)[1]-- TIME:20090306-092610

[7](09:26:11)[2]-- TIME:20090306-092611

[8](09:26:12)[3]-- TIME:20090306-092612

[9](09:26:12)ALARM: Data Titik 1 (KWH) diluar jangkauan ukur
[10](09:26:12)ALARM: Data Titik 2 (KVARH) diluar jangkauan ukur
[11](09:26:13)[0]-- TIME:20090306-092613

[12](09:26:14)[1]-- TIME:20090306-092614

[13](09:26:15)[2]-- TIME:20090306-092615

[14](09:26:16)[3]-- TIME:20090306-092616

[15](09:26:16)ALARM: Data Titik 1 (KWH) diluar jangkauan ukur
[16](09:26:16)ALARM: Data Titik 2 (KVARH) diluar jangkauan ukur
[17](09:26:17)[0]-- TIME:20090306-092617

[18](09:26:18)[1]-- TIME:20090306-092618

[19](09:26:19)[2]-- TIME:20090306-092619

[20](09:26:20)[3]-- TIME:20090306-092620

[21](09:26:20)ALARM: Data Titik 1 (KWH) diluar jangkauan ukur
[22](09:26:20)ALARM: Data Titik 2 (KVARH) diluar jangkauan ukur
[23](09:26:21)[0]-- TIME:20090306-092621

[24](09:26:22)[1]-- TIME:20090306-092622

[25](09:26:23)[2]-- TIME:20090306-092623

[26](09:26:24)[3]-- TIME:20090306-092624

[27](09:26:24)ALARM: Data Titik 1 (KWH) diluar jangkauan ukur
[28](09:26:24)ALARM: Data Titik 2 (KVARH) diluar jangkauan ukur
[29](09:26:25)[0]-- TIME:20090306-092625

[30](09:26:26)[1]-- TIME:20090306-092626

[31](09:26:27)[2]-- TIME:20090306-092627

[32](09:26:28)[3]-- TIME:20090306-092628

[33](09:26:28)ALARM: Data Titik 1 (KWH) diluar jangkauan ukur
[34](09:26:28)ALARM: Data Titik 2 (KVARH) diluar jangkauan ukur
[35](09:26:29)[0]-- TIME:20090306-092629

[36](09:26:30)[1]-- TIME:20090306-092630

[37](09:26:31)[2]-- TIME:20090306-092631

[38](09:26:32)[3]-- TIME:20090306-092632

[39](09:26:32)ALARM: Data Titik 1 (KWH) diluar jangkauan ukur
[40](09:26:32)ALARM: Data Titik 2 (KVARH) diluar jangkauan ukur
[41](09:26:33)[0]-- TIME:20090306-092633

[42](09:26:34)[1]-- TIME:20090306-092634

[43](09:26:35)[2]-- TIME:20090306-092635

[44](09:26:36)[3]-- TIME:20090306-092636

[45](09:26:36)ALARM: Data Titik 1 (KWH) diluar jangkauan ukur
[46](09:26:36)ALARM: Data Titik 2 (KVARH) diluar jangkauan ukur
[47](09:26:37)[0]-- TIME:20090306-092637

[48](09:26:38)[1]-- TIME:20090306-092638

[49](09:26:39)[2]-- TIME:20090306-092639

[50](09:26:40)[3]-- TIME:20090306-092640

[51](09:26:40)ALARM: Data Titik 1 (KWH) diluar jangkauan ukur
[52](09:26:40)ALARM: Data Titik 2 (KVARH) diluar jangkauan ukur
[53](09:26:41)[0]-- TIME:20090306-092641

[54](09:26:42)[1]-- TIME:20090306-092642

[55](09:26:43)[2]-- TIME:20090306-092643

[56](09:26:44)[3]-- TIME:20090306-092644

[57](09:26:44)ALARM: Data Titik 1 (KWH) diluar jangkauan ukur
[58](09:26:44)ALARM: Data Titik 2 (KVARH) diluar jangkauan ukur
[59](09:26:45)[0]-- TIME:20090306-092645

[60](09:26:46)[1]-- TIME:20090306-092646

[61](09:26:47)[2]-- TIME:20090306-092647

[62](09:26:48)[3]-- TIME:20090306-092648

[63](09:26:48)ALARM: Data Titik 1 (KWH) diluar jangkauan ukur
[64](09:26:48)ALARM: Data Titik 2 (KVARH) diluar jangkauan ukur
[65](09:26:49)[0]-- TIME:20090306-092649

[66](09:26:50)[1]-- TIME:20090306-092650

[67](09:26:51)[2]-- TIME:20090306-092651

[68](09:26:52)[3]-- TIME:20090306-092652

[69](09:26:52)ALARM: Data Titik 1 (KWH) diluar jangkauan ukur
[70](09:26:52)ALARM: Data Titik 2 (KVARH) diluar jangkauan ukur
[71](09:26:53)[0]-- TIME:20090306-092653

[72](09:26:54)[1]-- TIME:20090306-092654

[73](09:26:55)[2]-- TIME:20090306-092655

[74](09:26:56)[3]-- TIME:20090306-092656

[75](09:26:56)ALARM: Data Titik 1 (KWH) diluar jangkauan ukur
[76](09:26:56)ALARM: Data Titik 2 (KVARH) diluar jangkauan ukur
[77](09:26:57)[0]-- TIME:20090306-092657

[78](09:26:58)[1]-- TIME:20090306-092658

[79](09:26:59)[2]-- TIME:20090306-092659

[80](09:27:00)[3]-- TIME:20090306-092700

[81](09:27:00)ALARM: Data Titik 1 (KWH) diluar jangkauan ukur
[82](09:27:00)ALARM: Data Titik 2 (KVARH) diluar jangkauan ukur
[83](09:27:01)[0]-- TIME:20090306-092701

[84](09:27:02)[1]-- TIME:20090306-092702

[85](09:27:03)[2]-- TIME:20090306-092703

[86](09:27:04)[3]-- TIME:20090306-092704

[87](09:27:04)ALARM: Data Titik 1 (KWH) diluar jangkauan ukur
[88](09:27:04)ALARM: Data Titik 2 (KVARH) diluar jangkauan ukur
[89](09:27:05)[0]-- TIME:20090306-092705

[90](09:27:06)[1]-- TIME:20090306-092706

[91](09:27:07)[2]-- TIME:20090306-092707

[92](09:27:08)[3]-- TIME:20090306-092708

[93](09:27:08)ALARM: Data Titik 1 (KWH) diluar jangkauan ukur
[94](09:27:08)ALARM: Data Titik 2 (KVARH) diluar jangkauan ukur
[95](09:27:09)[0]-- TIME:20090306-092709

[96](09:27:10)[1]-- TIME:20090306-092710

[97](09:27:11)[2]-- TIME:20090306-092711

[98](09:27:12)[3]-- TIME:20090306-092712

[99](09:27:12)ALARM: Data Titik 1 (KWH) diluar jangkauan ukur
[100](09:27:12)ALARM: Data Titik 2 (KVARH) diluar jangkauan ukur
[101](09:27:13)[0]-- TIME:20090306-092713

[102](09:27:14)[1]-- TIME:20090306-092714

[103](09:27:15)[2]-- TIME:20090306-092715

[104](09:27:16)[3]-- TIME:20090306-092716

[105](09:27:16)ALARM: Data Titik 1 (KWH) diluar jangkauan ukur
[106](09:27:16)ALARM: Data Titik 2 (KVARH) diluar jangkauan ukur
[107](09:27:17)[0]-- TIME:20090306-092717

[108](09:27:18)[1]-- TIME:20090306-092718

[109](09:27:19)[2]-- TIME:20090306-092719

[110](09:27:20)[3]-- TIME:20090306-092720

[111](09:27:20)ALARM: Data Titik 1 (KWH) diluar jangkauan ukur
[112](09:27:20)ALARM: Data Titik 2 (KVARH) diluar jangkauan ukur
[113](09:27:21)[0]-- TIME:20090306-092721

[114](09:27:22)[1]-- TIME:20090306-092722

[115](09:27:23)[2]-- TIME:20090306-092723

[116](09:27:24)[3]-- TIME:20090306-092724

[117](09:27:24)ALARM: Data Titik 1 (KWH) diluar jangkauan ukur
[118](09:27:24)ALARM: Data Titik 2 (KVARH) diluar jangkauan ukur
[119](09:27:25)[0]-- TIME:20090306-092725

[120](09:27:26)[1]-- TIME:20090306-092726

[121](09:27:27)[2]-- TIME:20090306-092727

[122](09:27:28)[3]-- TIME:20090306-092728

[123](09:27:28)ALARM: Data Titik 1 (KWH) diluar jangkauan ukur
[124](09:27:28)ALARM: Data Titik 2 (KVARH) diluar jangkauan ukur
[125](09:27:29)[0]-- TIME:20090306-092729

[126](09:27:30)[1]-- TIME:20090306-092730

[127](09:27:31)[2]-- TIME:20090306-092731

[128](09:27:32)[3]-- TIME:20090306-092732

[129](09:27:32)ALARM: Data Titik 1 (KWH) diluar jangkauan ukur
[130](09:27:32)ALARM: Data Titik 2 (KVARH) diluar jangkauan ukur
[131](09:27:33)[0]-- TIME:20090306-092733

[132](09:27:34)[1]-- TIME:20090306-092734

[133](09:27:35)[2]-- TIME:20090306-092735

[134](09:27:36)[3]-- TIME:20090306-092736

[135](09:27:36)ALARM: Data Titik 1 (KWH) diluar jangkauan ukur
[136](09:27:36)ALARM: Data Titik 2 (KVARH) diluar jangkauan ukur
[137](09:27:37)[0]-- TIME:20090306-092737

[138](09:27:38)[1]-- TIME:20090306-092738

[139](09:27:39)[2]-- TIME:20090306-092739

[140](09:27:40)[3]-- TIME:20090306-092740

[141](09:27:40)ALARM: Data Titik 1 (KWH) diluar jangkauan ukur
[142](09:27:40)ALARM: Data Titik 2 (KVARH) diluar jangkauan ukur
[143](09:27:41)[0]-- TIME:20090306-092741

[144](09:27:42)[1]-- TIME:20090306-092742

[145](09:27:43)[2]-- TIME:20090306-092743

[146](09:27:44)[3]-- TIME:20090306-092744

[147](09:27:44)ALARM: Data Titik 1 (KWH) diluar jangkauan ukur
[148](09:27:44)ALARM: Data Titik 2 (KVARH) diluar jangkauan ukur
[149](09:27:45)[0]-- TIME:20090306-092745

[150](09:27:46)[1]-- TIME:20090306-092746

[151](09:27:47)[2]-- TIME:20090306-092747

[152](09:27:48)[3]-- TIME:20090306-092748

[153](09:27:48)ALARM: Data Titik 1 (KWH) diluar jangkauan ukur
[154](09:27:48)ALARM: Data Titik 2 (KVARH) diluar jangkauan ukur
[155](09:27:49)[0]-- TIME:20090306-092749

[156](09:27:50)[1]-- TIME:20090306-092750

[157](09:27:51)[2]-- TIME:20090306-092751

[158](09:27:52)[3]-- TIME:20090306-092752

[159](09:27:52)ALARM: Data Titik 1 (KWH) diluar jangkauan ukur
[160](09:27:52)ALARM: Data Titik 2 (KVARH) diluar jangkauan ukur
[161](09:27:53)[0]-- TIME:20090306-092753

[162](09:27:54)[1]-- TIME:20090306-092754

[163](09:27:55)[2]-- TIME:20090306-092755

[164](09:27:56)[3]-- TIME:20090306-092756

[165](09:27:56)ALARM: Data Titik 1 (KWH) diluar jangkauan ukur
[166](09:27:56)ALARM: Data Titik 2 (KVARH) diluar jangkauan ukur
[167](09:27:57)[0]-- TIME:20090306-092757

[168](09:27:58)[1]-- TIME:20090306-092758

[169](09:27:59)[2]-- TIME:20090306-092759

[170](09:28:00)[3]-- TIME:20090306-092800

[171](09:28:00)ALARM: Data Titik 1 (KWH) diluar jangkauan ukur
[172](09:28:00)ALARM: Data Titik 2 (KVARH) diluar jangkauan ukur
[173](09:28:01)[0]-- TIME:20090306-092801

[174](09:28:02)[1]-- TIME:20090306-092802

[175](09:28:03)[2]-- TIME:20090306-092803

[176](09:28:04)[3]-- TIME:20090306-092804

[177](09:28:04)ALARM: Data Titik 1 (KWH) diluar jangkauan ukur
[178](09:28:04)ALARM: Data Titik 2 (KVARH) diluar jangkauan ukur
[179](09:28:05)[0]-- TIME:20090306-092805

[180](09:28:06)[1]-- TIME:20090306-092806

[181](09:28:07)[2]-- TIME:20090306-092807

[182](09:28:08)[3]-- TIME:20090306-092808

[183](09:28:08)ALARM: Data Titik 1 (KWH) diluar jangkauan ukur
[184](09:28:08)ALARM: Data Titik 2 (KVARH) diluar jangkauan ukur
[185](09:28:09)[0]-- TIME:20090306-092809

[186](09:28:10)[1]-- TIME:20090306-092810

[187](09:28:11)[2]-- TIME:20090306-092811

[188](09:28:12)[3]-- TIME:20090306-092812

[189](09:28:12)ALARM: Data Titik 1 (KWH) diluar jangkauan ukur
[190](09:28:12)ALARM: Data Titik 2 (KVARH) diluar jangkauan ukur
[191](09:28:13)[0]-- TIME:20090306-092813

[192](09:28:14)[1]-- TIME:20090306-092814

[193](09:28:15)[2]-- TIME:20090306-092815

[194](09:28:16)[3]-- TIME:20090306-092816

[195](09:28:16)ALARM: Data Titik 1 (KWH) diluar jangkauan ukur
[196](09:28:16)ALARM: Data Titik 2 (KVARH) diluar jangkauan ukur
[197](09:28:17)[0]-- TIME:20090306-092817

[198](09:28:18)[1]-- TIME:20090306-092818

[199](09:28:19)[2]-- TIME:20090306-092819

[200](09:28:20)[3]-- TIME:20090306-092820

[201](09:28:20)ALARM: Data Titik 1 (KWH) diluar jangkauan ukur
[202](09:28:20)ALARM: Data Titik 2 (KVARH) diluar jangkauan ukur
[203](09:28:21)[0]-- TIME:20090306-092821

[204](09:28:22)[1]-- TIME:20090306-092822

[205](09:28:23)[2]-- TIME:20090306-092823

[206](09:28:24)[3]-- TIME:20090306-092824

[207](09:28:24)ALARM: Data Titik 1 (KWH) diluar jangkauan ukur
[208](09:28:24)ALARM: Data Titik 2 (KVARH) diluar jangkauan ukur
[209](09:28:25)[0]-- TIME:20090306-092825

[210](09:28:26)[1]-- TIME:20090306-092826

[211](09:28:27)[2]-- TIME:20090306-092827

[212](09:28:28)[3]-- TIME:20090306-092828

[213](09:28:28)ALARM: Data Titik 1 (KWH) diluar jangkauan ukur
[214](09:28:28)ALARM: Data Titik 2 (KVARH) diluar jangkauan ukur
[215](09:28:29)[0]-- TIME:20090306-092829

[216](09:28:30)[1]-- TIME:20090306-092830

[217](09:28:31)[2]-- TIME:20090306-092831

[218](09:28:32)[3]-- TIME:20090306-092832

[219](09:28:32)ALARM: Data Titik 1 (KWH) diluar jangkauan ukur
[220](09:28:32)ALARM: Data Titik 2 (KVARH) diluar jangkauan ukur
[221](09:28:33)[0]-- TIME:20090306-092833

[222](09:28:34)[1]-- TIME:20090306-092834

[223](09:28:35)[2]-- TIME:20090306-092835

[224](09:28:36)[3]-- TIME:20090306-092836

[225](09:28:36)ALARM: Data Titik 1 (KWH) diluar jangkauan ukur
[226](09:28:36)ALARM: Data Titik 2 (KVARH) diluar jangkauan ukur
[227](09:28:37)[0]-- TIME:20090306-092837

[228](09:28:38)[1]-- TIME:20090306-092838

[229](09:28:39)[2]-- TIME:20090306-092839

[230](09:28:40)[3]-- TIME:20090306-092840

[231](09:28:40)ALARM: Data Titik 1 (KWH) diluar jangkauan ukur
[232](09:28:40)ALARM: Data Titik 2 (KVARH) diluar jangkauan ukur
[233](09:28:41)[0]-- TIME:20090306-092841

[234](09:28:42)[1]-- TIME:20090306-092842

[235](09:28:43)[2]-- TIME:20090306-092843

[236](09:28:44)[3]-- TIME:20090306-092844

[237](09:28:44)ALARM: Data Titik 1 (KWH) diluar jangkauan ukur
[238](09:28:44)ALARM: Data Titik 2 (KVARH) diluar jangkauan ukur
[239](09:28:45)[0]-- TIME:20090306-092845

[240](09:28:46)[1]-- TIME:20090306-092846

[241](09:28:47)[2]-- TIME:20090306-092847

[242](09:28:48)[3]-- TIME:20090306-092848

[243](09:28:48)ALARM: Data Titik 1 (KWH) diluar jangkauan ukur
[244](09:28:48)ALARM: Data Titik 2 (KVARH) diluar jangkauan ukur
[245](09:28:49)[0]-- TIME:20090306-092849

[246](09:28:50)[1]-- TIME:20090306-092850

[247](09:28:51)[2]-- TIME:20090306-092851

[248](09:28:52)[3]-- TIME:20090306-092852

[249](09:28:52)ALARM: Data Titik 1 (KWH) diluar jangkauan ukur
[250](09:28:52)ALARM: Data Titik 2 (KVARH) diluar jangkauan ukur
[251](09:28:53)[0]-- TIME:20090306-092853

[252](09:28:54)[1]-- TIME:20090306-092854

[253](09:28:55)[2]-- TIME:20090306-092855

[254](09:28:56)[3]-- TIME:20090306-092856

[255](09:28:56)ALARM: Data Titik 1 (KWH) diluar jangkauan ukur
[256](09:28:56)ALARM: Data Titik 2 (KVARH) diluar jangkauan ukur
[257](09:28:57)[0]-- TIME:20090306-092857

[258](09:28:58)[1]-- TIME:20090306-092858

[259](09:28:59)[2]-- TIME:20090306-092859

[260](09:29:00)[3]-- TIME:20090306-092900

[261](09:29:00)ALARM: Data Titik 1 (KWH) diluar jangkauan ukur
[262](09:29:00)ALARM: Data Titik 2 (KVARH) diluar jangkauan ukur
[263](09:29:01)[0]-- TIME:20090306-092901

[264](09:29:02)[1]-- TIME:20090306-092902

[265](09:29:03)[2]-- TIME:20090306-092903

[266](09:29:04)[3]-- TIME:20090306-092904

[267](09:29:04)ALARM: Data Titik 1 (KWH) diluar jangkauan ukur
[268](09:29:04)ALARM: Data Titik 2 (KVARH) diluar jangkauan ukur
[269](09:29:05)[0]-- TIME:20090306-092905

[270](09:29:06)[1]-- TIME:20090306-092906

[271](09:29:07)[2]-- TIME:20090306-092907

[272](09:29:08)[3]-- TIME:20090306-092908

[273](09:29:08)ALARM: Data Titik 1 (KWH) diluar jangkauan ukur
[274](09:29:08)ALARM: Data Titik 2 (KVARH) diluar jangkauan ukur
[275](09:29:09)[0]-- TIME:20090306-092909

[276](09:29:10)[1]-- TIME:20090306-092910

[277](09:29:11)[2]-- TIME:20090306-092911

[278](09:29:12)[3]-- TIME:20090306-092912

[279](09:29:12)ALARM: Data Titik 1 (KWH) diluar jangkauan ukur
[280](09:29:12)ALARM: Data Titik 2 (KVARH) diluar jangkauan ukur
[281](09:29:13)[0]-- TIME:20090306-092913

[282](09:29:14)[1]-- TIME:20090306-092914

[283](09:29:15)[2]-- TIME:20090306-092915

[284](09:29:16)[3]-- TIME:20090306-092916

[285](09:29:16)ALARM: Data Titik 1 (KWH) diluar jangkauan ukur
[286](09:29:16)ALARM: Data Titik 2 (KVARH) diluar jangkauan ukur
[287](09:29:17)[0]-- TIME:20090306-092917

[288](09:29:18)[1]-- TIME:20090306-092918

[289](09:29:19)[2]-- TIME:20090306-092919

[290](09:29:20)[3]-- TIME:20090306-092920

[291](09:29:20)ALARM: Data Titik 1 (KWH) diluar jangkauan ukur
[292](09:29:20)ALARM: Data Titik 2 (KVARH) diluar jangkauan ukur
[293](09:29:21)[0]-- TIME:20090306-092921

[294](09:29:22)[1]-- TIME:20090306-092922

[295](09:29:23)[2]-- TIME:20090306-092923

[296](09:29:24)[3]-- TIME:20090306-092924

[297](09:29:24)ALARM: Data Titik 1 (KWH) diluar jangkauan ukur
[298](09:29:24)ALARM: Data Titik 2 (KVARH) diluar jangkauan ukur
[299](09:29:25)[0]-- TIME:20090306-092925

[300](09:29:26)[1]-- TIME:20090306-092926

[301](09:29:27)[2]-- TIME:20090306-092927

[302](09:29:28)[3]-- TIME:20090306-092928

[303](09:29:28)ALARM: Data Titik 1 (KWH) diluar jangkauan ukur
[304](09:29:28)ALARM: Data Titik 2 (KVARH) diluar jangkauan ukur
[305](09:29:29)[0]-- TIME:20090306-092929

[306](09:29:30)[1]-- TIME:20090306-092930

[307](09:29:31)[2]-- TIME:20090306-092931

[308](09:29:32)[3]-- TIME:20090306-092932

[309](09:29:32)ALARM: Data Titik 1 (KWH) diluar jangkauan ukur
[310](09:29:32)ALARM: Data Titik 2 (KVARH) diluar jangkauan ukur
[311](09:29:33)[0]-- TIME:20090306-092933

[312](09:29:34)[1]-- TIME:20090306-092934

[313](09:29:35)[2]-- TIME:20090306-092935

[314](09:29:36)[3]-- TIME:20090306-092936

[315](09:29:36)ALARM: Data Titik 1 (KWH) diluar jangkauan ukur
[316](09:29:36)ALARM: Data Titik 2 (KVARH) diluar jangkauan ukur
[317](09:29:37)[0]-- TIME:20090306-092937

[318](09:29:38)[1]-- TIME:20090306-092938

[319](09:29:39)[2]-- TIME:20090306-092939

[320](09:29:40)[3]-- TIME:20090306-092940

[321](09:29:40)ALARM: Data Titik 1 (KWH) diluar jangkauan ukur
[322](09:29:40)ALARM: Data Titik 2 (KVARH) diluar jangkauan ukur
[323](09:29:41)[0]-- TIME:20090306-092941

[324](09:29:42)[1]-- TIME:20090306-092942

[325](09:29:43)[2]-- TIME:20090306-092943

[326](09:29:44)[3]-- TIME:20090306-092944

[327](09:29:44)ALARM: Data Titik 1 (KWH) diluar jangkauan ukur
[328](09:29:44)ALARM: Data Titik 2 (KVARH) diluar jangkauan ukur
[329](09:29:45)[0]-- TIME:20090306-092945

[330](09:29:46)[1]-- TIME:20090306-092946

[331](09:29:47)[2]-- TIME:20090306-092947

[332](09:29:48)[3]-- TIME:20090306-092948

[333](09:29:48)ALARM: Data Titik 1 (KWH) diluar jangkauan ukur
[334](09:29:48)ALARM: Data Titik 2 (KVARH) diluar jangkauan ukur
[335](09:29:49)[0]-- TIME:20090306-092949

[336](09:29:50)[1]-- TIME:20090306-092950

[337](09:29:51)[2]-- TIME:20090306-092951

[338](09:29:52)[3]-- TIME:20090306-092952

[339](09:29:52)ALARM: Data Titik 1 (KWH) diluar jangkauan ukur
[340](09:29:52)ALARM: Data Titik 2 (KVARH) diluar jangkauan ukur
[341](09:29:53)[0]-- TIME:20090306-092953

[342](09:29:54)[1]-- TIME:20090306-092954

[343](09:29:55)[2]-- TIME:20090306-092955

[344](09:29:56)[3]-- TIME:20090306-092956

[345](09:29:56)ALARM: Data Titik 1 (KWH) diluar jangkauan ukur
[346](09:29:56)ALARM: Data Titik 2 (KVARH) diluar jangkauan ukur
[347](09:29:57)[0]-- TIME:20090306-092957

[348](09:29:58)[1]-- TIME:20090306-092958

[349](09:29:59)[2]-- TIME:20090306-092959

[350](09:30:00)[3]-- TIME:20090306-093000

[351](09:30:00)ALARM: Data Titik 1 (KWH) diluar jangkauan ukur
[352](09:30:00)ALARM: Data Titik 2 (KVARH) diluar jangkauan ukur
[353](09:30:01)[0]-- TIME:20090306-093001

[354](09:30:02)[1]-- TIME:20090306-093002

[355](09:30:03)[2]-- TIME:20090306-093003

[356](09:30:04)[3]-- TIME:20090306-093004

[357](09:30:04)ALARM: Data Titik 1 (KWH) diluar jangkauan ukur
[358](09:30:04)ALARM: Data Titik 2 (KVARH) diluar jangkauan ukur
[359](09:30:05)[0]-- TIME:20090306-093005

[360](09:30:06)[1]-- TIME:20090306-093006

[361](09:30:07)[2]-- TIME:20090306-093007

[362](09:30:08)[3]-- TIME:20090306-093008

[363](09:30:08)ALARM: Data Titik 1 (KWH) diluar jangkauan ukur
[364](09:30:08)ALARM: Data Titik 2 (KVARH) diluar jangkauan ukur
[365](09:30:09)[0]-- TIME:20090306-093009

[366](09:30:10)[1]-- TIME:20090306-093010

[367](09:30:11)[2]-- TIME:20090306-093011

[368](09:30:12)[3]-- TIME:20090306-093012

[369](09:30:12)ALARM: Data Titik 1 (KWH) diluar jangkauan ukur
[370](09:30:12)ALARM: Data Titik 2 (KVARH) diluar jangkauan ukur
[371](09:30:13)[0]-- TIME:20090306-093013

[372](09:30:14)[1]-- TIME:20090306-093014

[373](09:30:15)[2]-- TIME:20090306-093015

[374](09:30:16)[3]-- TIME:20090306-093016

[375](09:30:16)ALARM: Data Titik 1 (KWH) diluar jangkauan ukur
[376](09:30:16)ALARM: Data Titik 2 (KVARH) diluar jangkauan ukur
[377](09:30:17)[0]-- TIME:20090306-093017

[378](09:30:18)[1]-- TIME:20090306-093018

[379](09:30:19)[2]-- TIME:20090306-093019

[380](09:30:20)[3]-- TIME:20090306-093020

[381](09:30:20)ALARM: Data Titik 1 (KWH) diluar jangkauan ukur
[382](09:30:20)ALARM: Data Titik 2 (KVARH) diluar jangkauan ukur
[383](09:30:21)[0]-- TIME:20090306-093021

[384](09:30:22)[1]-- TIME:20090306-093022

[385](09:30:23)[2]-- TIME:20090306-093023

[386](09:30:24)[3]-- TIME:20090306-093024

[387](09:30:24)ALARM: Data Titik 1 (KWH) diluar jangkauan ukur
[388](09:30:24)ALARM: Data Titik 2 (KVARH) diluar jangkauan ukur
[389](09:30:25)[0]-- TIME:20090306-093025

[390](09:30:26)[1]-- TIME:20090306-093026

[391](09:30:27)[2]-- TIME:20090306-093027

[392](09:30:28)[3]-- TIME:20090306-093028

[393](09:30:28)ALARM: Data Titik 1 (KWH) diluar jangkauan ukur
[394](09:30:28)ALARM: Data Titik 2 (KVARH) diluar jangkauan ukur
[395](09:30:29)[0]-- TIME:20090306-093029

[396](09:30:30)[1]-- TIME:20090306-093030

[397](09:30:31)[2]-- TIME:20090306-093031

[398](09:30:32)[3]-- TIME:20090306-093032

[399](09:30:32)ALARM: Data Titik 1 (KWH) diluar jangkauan ukur
[400](09:30:32)ALARM: Data Titik 2 (KVARH) diluar jangkauan ukur
[401](09:30:33)[0]-- TIME:20090306-093033

[402](09:30:34)[1]-- TIME:20090306-093034

[403](09:30:35)[2]-- TIME:20090306-093035

[404](09:30:36)[3]-- TIME:20090306-093036

[405](09:30:36)ALARM: Data Titik 1 (KWH) diluar jangkauan ukur
[406](09:30:36)ALARM: Data Titik 2 (KVARH) diluar jangkauan ukur
[407](09:30:37)[0]-- TIME:20090306-093037

[408](09:30:38)[1]-- TIME:20090306-093038

[409](09:30:39)[2]-- TIME:20090306-093039

[410](09:30:40)[3]-- TIME:20090306-093040

[411](09:30:40)ALARM: Data Titik 1 (KWH) diluar jangkauan ukur
[412](09:30:40)ALARM: Data Titik 2 (KVARH) diluar jangkauan ukur
[413](09:30:41)[0]-- TIME:20090306-093041

[414](09:30:42)[1]-- TIME:20090306-093042

[415](09:30:43)[2]-- TIME:20090306-093043

[416](09:30:44)[3]-- TIME:20090306-093044

[417](09:30:44)ALARM: Data Titik 1 (KWH) diluar jangkauan ukur
[418](09:30:44)ALARM: Data Titik 2 (KVARH) diluar jangkauan ukur
[419](09:30:45)[0]-- TIME:20090306-093045

[420](09:30:46)[1]-- TIME:20090306-093046

[421](09:30:47)[2]-- TIME:20090306-093047

[422](09:30:48)[3]-- TIME:20090306-093048

[423](09:30:48)ALARM: Data Titik 1 (KWH) diluar jangkauan ukur
[424](09:30:48)ALARM: Data Titik 2 (KVARH) diluar jangkauan ukur
[425](09:30:49)[0]-- TIME:20090306-093049

[426](09:30:50)[1]-- TIME:20090306-093050

[427](09:30:51)[2]-- TIME:20090306-093051

[428](09:30:52)[3]-- TIME:20090306-093052

[429](09:30:52)ALARM: Data Titik 1 (KWH) diluar jangkauan ukur
[430](09:30:52)ALARM: Data Titik 2 (KVARH) diluar jangkauan ukur
[431](09:30:53)[0]-- TIME:20090306-093053

[432](09:30:54)[1]-- TIME:20090306-093054

[433](09:30:55)[2]-- TIME:20090306-093055

[434](09:30:56)[3]-- TIME:20090306-093056

[435](09:30:56)ALARM: Data Titik 1 (KWH) diluar jangkauan ukur
[436](09:30:56)ALARM: Data Titik 2 (KVARH) diluar jangkauan ukur
[437](09:30:57)[0]-- TIME:20090306-093057

[438](09:30:58)[1]-- TIME:20090306-093058

[439](09:30:59)[2]-- TIME:20090306-093059

[440](09:31:00)[3]-- TIME:20090306-093100

[441](09:31:00)ALARM: Data Titik 1 (KWH) diluar jangkauan ukur
[442](09:31:00)ALARM: Data Titik 2 (KVARH) diluar jangkauan ukur
[443](09:31:01)[0]-- TIME:20090306-093101

[444](09:31:02)[1]-- TIME:20090306-093102

[445](09:31:03)[2]-- TIME:20090306-093103

[446](09:31:04)[3]-- TIME:20090306-093104

[447](09:31:04)ALARM: Data Titik 1 (KWH) diluar jangkauan ukur
[448](09:31:04)ALARM: Data Titik 2 (KVARH) diluar jangkauan ukur
[449](09:31:05)[0]-- TIME:20090306-093105

[450](09:31:06)[1]-- TIME:20090306-093106

[451](09:31:07)[2]-- TIME:20090306-093107

[452](09:31:08)[3]-- TIME:20090306-093108

[453](09:31:08)ALARM: Data Titik 1 (KWH) diluar jangkauan ukur
[454](09:31:08)ALARM: Data Titik 2 (KVARH) diluar jangkauan ukur
[455](09:31:09)[0]-- TIME:20090306-093109

[456](09:31:10)[1]-- TIME:20090306-093110

[457](09:31:11)[2]-- TIME:20090306-093111

[458](09:31:12)[3]-- TIME:20090306-093112

[459](09:31:12)ALARM: Data Titik 1 (KWH) diluar jangkauan ukur
[460](09:31:12)ALARM: Data Titik 2 (KVARH) diluar jangkauan ukur
[461](09:31:13)[0]-- TIME:20090306-093113

[462](09:31:14)[1]-- TIME:20090306-093114

[463](09:31:15)[2]-- TIME:20090306-093115

[464](09:31:16)[3]-- TIME:20090306-093116

[465](09:31:16)ALARM: Data Titik 1 (KWH) diluar jangkauan ukur
[466](09:31:16)ALARM: Data Titik 2 (KVARH) diluar jangkauan ukur
[467](09:31:17)[0]-- TIME:20090306-093117

[468](09:31:18)[1]-- TIME:20090306-093118

[469](09:31:19)[2]-- TIME:20090306-093119

[470](09:31:20)[3]-- TIME:20090306-093120

[471](09:31:20)ALARM: Data Titik 1 (KWH) diluar jangkauan ukur
[472](09:31:20)ALARM: Data Titik 2 (KVARH) diluar jangkauan ukur
[473](09:31:21)[0]-- TIME:20090306-093121

[474](09:31:22)[1]-- TIME:20090306-093122

[475](09:31:23)[2]-- TIME:20090306-093123

[476](09:31:24)[3]-- TIME:20090306-093124

[477](09:31:24)ALARM: Data Titik 1 (KWH) diluar jangkauan ukur
[478](09:31:24)ALARM: Data Titik 2 (KVARH) diluar jangkauan ukur
[479](09:31:25)[0]-- TIME:20090306-093125

[480](09:31:26)[1]-- TIME:20090306-093126

[481](09:31:27)[2]-- TIME:20090306-093127

[482](09:31:28)[3]-- TIME:20090306-093128

[483](09:31:28)ALARM: Data Titik 1 (KWH) diluar jangkauan ukur
[484](09:31:28)ALARM: Data Titik 2 (KVARH) diluar jangkauan ukur
[485](09:31:29)[0]-- TIME:20090306-093129

[486](09:31:30)[1]-- TIME:20090306-093130

[487](09:31:31)[2]-- TIME:20090306-093131

[488](09:31:32)[3]-- TIME:20090306-093132

[489](09:31:32)ALARM: Data Titik 1 (KWH) diluar jangkauan ukur
[490](09:31:32)ALARM: Data Titik 2 (KVARH) diluar jangkauan ukur
[491](09:31:33)[0]-- TIME:20090306-093133

[492](09:31:34)[1]-- TIME:20090306-093134

[493](09:31:35)[2]-- TIME:20090306-093135

[494](09:31:36)[3]-- TIME:20090306-093136

[495](09:31:36)ALARM: Data Titik 1 (KWH) diluar jangkauan ukur
[496](09:31:36)ALARM: Data Titik 2 (KVARH) diluar jangkauan ukur
[497](09:31:37)[0]-- TIME:20090306-093137

[498](09:31:38)[1]-- TIME:20090306-093138

[499](09:31:39)[2]-- TIME:20090306-093139

[500](09:31:40)[3]-- TIME:20090306-093140

[501](09:31:40)ALARM: Data Titik 1 (KWH) diluar jangkauan ukur
[502](09:31:40)ALARM: Data Titik 2 (KVARH) diluar jangkauan ukur
[503](09:31:41)[0]-- TIME:20090306-093141

[504](09:31:42)[1]-- TIME:20090306-093142

[505](09:31:43)[2]-- TIME:20090306-093143

[506](09:31:44)[3]-- TIME:20090306-093144

[507](09:31:44)ALARM: Data Titik 1 (KWH) diluar jangkauan ukur
[508](09:31:44)ALARM: Data Titik 2 (KVARH) diluar jangkauan ukur
[509](09:31:45)[0]-- TIME:20090306-093145

[510](09:31:46)[1]-- TIME:20090306-093146

[511](09:31:47)[2]-- TIME:20090306-093147

[512](09:31:48)[3]-- TIME:20090306-093148

[513](09:31:48)ALARM: Data Titik 1 (KWH) diluar jangkauan ukur
[514](09:31:48)ALARM: Data Titik 2 (KVARH) diluar jangkauan ukur
[515](09:31:49)[0]-- TIME:20090306-093149

[516](09:31:50)[1]-- TIME:20090306-093150

[517](09:31:51)[2]-- TIME:20090306-093151

[518](09:31:52)[3]-- TIME:20090306-093152

[519](09:31:52)ALARM: Data Titik 1 (KWH) diluar jangkauan ukur
[520](09:31:52)ALARM: Data Titik 2 (KVARH) diluar jangkauan ukur
[521](09:31:53)[0]-- TIME:20090306-093153

[522](09:31:54)[1]-- TIME:20090306-093154

[523](09:31:55)[2]-- TIME:20090306-093155

[524](09:31:56)[3]-- TIME:20090306-093156

[525](09:31:56)ALARM: Data Titik 1 (KWH) diluar jangkauan ukur
[526](09:31:56)ALARM: Data Titik 2 (KVARH) diluar jangkauan ukur
[527](09:31:57)[0]-- TIME:20090306-093157

[528](09:31:58)[1]-- TIME:20090306-093158

[529](09:31:59)[2]-- TIME:20090306-093159

[530](09:32:00)[3]-- TIME:20090306-093200

[531](09:32:00)ALARM: Data Titik 1 (KWH) diluar jangkauan ukur
[532](09:32:00)ALARM: Data Titik 2 (KVARH) diluar jangkauan ukur
[533](09:32:01)[0]-- TIME:20090306-093201

[534](09:32:02)[1]-- TIME:20090306-093202

[535](09:32:03)[2]-- TIME:20090306-093203

[536](09:32:04)[3]-- TIME:20090306-093204

[537](09:32:04)ALARM: Data Titik 1 (KWH) diluar jangkauan ukur
[538](09:32:04)ALARM: Data Titik 2 (KVARH) diluar jangkauan ukur
[539](09:32:05)[0]-- TIME:20090306-093205

[540](09:32:06)[1]-- TIME:20090306-093206

[541](09:32:07)[2]-- TIME:20090306-093207

[542](09:32:08)[3]-- TIME:20090306-093208

[543](09:32:08)ALARM: Data Titik 1 (KWH) diluar jangkauan ukur
[544](09:32:08)ALARM: Data Titik 2 (KVARH) diluar jangkauan ukur
[545](09:32:09)[0]-- TIME:20090306-093209

[546](09:32:10)[1]-- TIME:20090306-093210

[547](09:32:11)[2]-- TIME:20090306-093211

[548](09:32:12)[3]-- TIME:20090306-093212

[549](09:32:12)ALARM: Data Titik 1 (KWH) diluar jangkauan ukur
[550](09:32:12)ALARM: Data Titik 2 (KVARH) diluar jangkauan ukur
[551](09:32:13)[0]-- TIME:20090306-093213

[552](09:32:14)[1]-- TIME:20090306-093214

[553](09:32:15)[2]-- TIME:20090306-093215

[554](09:32:16)[3]-- TIME:20090306-093216

[555](09:32:16)ALARM: Data Titik 1 (KWH) diluar jangkauan ukur
[556](09:32:16)ALARM: Data Titik 2 (KVARH) diluar jangkauan ukur
[557](09:32:17)[0]-- TIME:20090306-093217

[558](09:32:18)[1]-- TIME:20090306-093218

[559](09:32:19)[2]-- TIME:20090306-093219

[560](09:32:20)[3]-- TIME:20090306-093220

[561](09:32:20)ALARM: Data Titik 1 (KWH) diluar jangkauan ukur
[562](09:32:20)ALARM: Data Titik 2 (KVARH) diluar jangkauan ukur
[563](09:32:21)[0]-- TIME:20090306-093221

[564](09:32:22)[1]-- TIME:20090306-093222

[565](09:32:23)[2]-- TIME:20090306-093223

[566](09:32:24)[3]-- TIME:20090306-093224

[567](09:32:24)ALARM: Data Titik 1 (KWH) diluar jangkauan ukur
[568](09:32:24)ALARM: Data Titik 2 (KVARH) diluar jangkauan ukur
[569](09:32:25)Stop logging data
[570](09:32:25)[2]-- TIME:20090306-093225

[571](09:32:29)======== MONITA APP CLOSING =========
[572](09:32:29)============ BYE BYE ===============