
[0](20:59:30)======== MONITA APP STARTING ===========
[1](20:59:30)Load file konfigurasi
[2](20:59:30)Baca konfig
[3](20:59:30)Baca konfig: OK
[4](20:59:31)Mulai logging data
[5](20:59:33)[0]-- TIME:20090305-205933

[6](20:59:34)[1]-- TIME:20090305-205934

[7](20:59:35)[2]-- TIME:20090305-205935

[8](20:59:36)[3]-- TIME:20090305-205936

[9](20:59:36)ALARM: Data Titik 1 (KWH) diluar jangkauan ukur
[10](20:59:36)ALARM: Data Titik 2 (KVARH) diluar jangkauan ukur
[11](20:59:37)[0]-- TIME:20090305-205937

[12](20:59:38)[1]-- TIME:20090305-205938

[13](20:59:39)[2]-- TIME:20090305-205939

[14](20:59:40)[3]-- TIME:20090305-205940

[15](20:59:40)ALARM: Data Titik 1 (KWH) diluar jangkauan ukur
[16](20:59:40)ALARM: Data Titik 2 (KVARH) diluar jangkauan ukur
[17](20:59:41)[0]-- TIME:20090305-205941

[18](20:59:42)[1]-- TIME:20090305-205942

[19](20:59:43)[2]-- TIME:20090305-205943

[20](20:59:44)[3]-- TIME:20090305-205944

[21](20:59:44)ALARM: Data Titik 1 (KWH) diluar jangkauan ukur
[22](20:59:44)ALARM: Data Titik 2 (KVARH) diluar jangkauan ukur
[23](20:59:45)[0]-- TIME:20090305-205945

[24](20:59:46)[1]-- TIME:20090305-205946

[25](20:59:47)[2]-- TIME:20090305-205947

[26](20:59:48)[3]-- TIME:20090305-205948

[27](20:59:48)ALARM: Data Titik 1 (KWH) diluar jangkauan ukur
[28](20:59:48)ALARM: Data Titik 2 (KVARH) diluar jangkauan ukur
[29](20:59:49)[0]-- TIME:20090305-205949

[30](20:59:50)[1]-- TIME:20090305-205950

[31](20:59:51)[2]-- TIME:20090305-205951

[32](20:59:51)Stop logging data
[33](20:59:52)[2]-- TIME:20090305-205952
