
[0](12:09:57)======== MONITA APP STARTING ===========
[1](12:09:57)Load file konfigurasi
[2](12:09:57)Baca konfig
[3](12:09:57)Baca konfig: OK
[4](12:10:05)Mulai logging data
[5](12:10:06)[0]-- TIME:20090304-121006

[6](12:10:07)[1]-- TIME:20090304-121007

[7](12:10:08)[2]-- TIME:20090304-121008

[8](12:10:09)[3]-- TIME:20090304-121009

[9](12:10:10)[0]-- TIME:20090304-121010

[10](12:10:11)[1]-- TIME:20090304-121011

[11](12:10:12)[2]-- TIME:20090304-121012

[12](12:10:13)[3]-- TIME:20090304-121013

[13](12:10:14)[0]-- TIME:20090304-121014

[14](12:10:15)[1]-- TIME:20090304-121015

[15](12:10:16)[2]-- TIME:20090304-121016

[16](12:10:17)[3]-- TIME:20090304-121017

[17](12:10:18)[0]-- TIME:20090304-121018

[18](12:10:19)[1]-- TIME:20090304-121019

[19](12:10:20)[2]-- TIME:20090304-121020

[20](12:10:21)[3]-- TIME:20090304-121021

[21](12:10:22)[0]-- TIME:20090304-121022

[22](12:10:23)[1]-- TIME:20090304-121023

[23](12:10:24)[2]-- TIME:20090304-121024

[24](12:10:25)[3]-- TIME:20090304-121025

[25](12:10:26)[0]-- TIME:20090304-121026

[26](12:10:27)[1]-- TIME:20090304-121027

[27](12:10:28)[2]-- TIME:20090304-121028

[28](12:10:29)[3]-- TIME:20090304-121029

[29](12:10:30)[0]-- TIME:20090304-121030

[30](12:10:31)[1]-- TIME:20090304-121031

[31](12:10:32)[2]-- TIME:20090304-121032

[32](12:10:33)[3]-- TIME:20090304-121033

[33](12:10:34)[0]-- TIME:20090304-121034

[34](12:10:35)[1]-- TIME:20090304-121035

[35](12:10:36)[2]-- TIME:20090304-121036

[36](12:10:37)[3]-- TIME:20090304-121037

[37](12:10:38)[0]-- TIME:20090304-121038

[38](12:10:39)[1]-- TIME:20090304-121039

[39](12:10:40)[2]-- TIME:20090304-121040

[40](12:10:41)[3]-- TIME:20090304-121041

[41](12:10:42)[0]-- TIME:20090304-121042

[42](12:10:43)[1]-- TIME:20090304-121043

[43](12:10:44)[2]-- TIME:20090304-121044

[44](12:10:45)[3]-- TIME:20090304-121045

[45](12:10:46)[0]-- TIME:20090304-121046

[46](12:10:47)[1]-- TIME:20090304-121047

[47](12:10:48)[2]-- TIME:20090304-121048

[48](12:10:49)[3]-- TIME:20090304-121049

[49](12:10:50)[0]-- TIME:20090304-121050

[50](12:10:51)[1]-- TIME:20090304-121051

[51](12:10:52)[2]-- TIME:20090304-121052

[52](12:10:53)[3]-- TIME:20090304-121053

[53](12:10:54)[0]-- TIME:20090304-121054

[54](12:10:55)[1]-- TIME:20090304-121055

[55](12:10:56)[2]-- TIME:20090304-121056

[56](12:10:57)[3]-- TIME:20090304-121057

[57](12:10:58)[0]-- TIME:20090304-121058

[58](12:10:59)[1]-- TIME:20090304-121059

[59](12:11:00)[2]-- TIME:20090304-121100

[60](12:11:01)[3]-- TIME:20090304-121101

[61](12:11:02)[0]-- TIME:20090304-121102

[62](12:11:03)[1]-- TIME:20090304-121103

[63](12:11:04)[2]-- TIME:20090304-121104

[64](12:11:05)[3]-- TIME:20090304-121105

[65](12:11:06)[0]-- TIME:20090304-121106

[66](12:11:07)[1]-- TIME:20090304-121107

[67](12:11:08)[2]-- TIME:20090304-121108

[68](12:11:09)[3]-- TIME:20090304-121109

[69](12:11:10)[0]-- TIME:20090304-121110

[70](12:11:11)[1]-- TIME:20090304-121111

[71](12:11:12)[2]-- TIME:20090304-121112

[72](12:11:13)[3]-- TIME:20090304-121113

[73](12:11:14)[0]-- TIME:20090304-121114

[74](12:11:15)[1]-- TIME:20090304-121115

[75](12:11:16)[2]-- TIME:20090304-121116

[76](12:11:17)[3]-- TIME:20090304-121117

[77](12:11:18)[0]-- TIME:20090304-121118

[78](12:11:19)[1]-- TIME:20090304-121119

[79](12:11:20)[2]-- TIME:20090304-121120

[80](12:11:21)[3]-- TIME:20090304-121121

[81](12:11:22)[0]-- TIME:20090304-121122

[82](12:11:23)[1]-- TIME:20090304-121123

[83](12:11:24)[2]-- TIME:20090304-121124

[84](12:11:25)[3]-- TIME:20090304-121125

[85](12:11:26)[0]-- TIME:20090304-121126

[86](12:11:27)[1]-- TIME:20090304-121127

[87](12:11:28)[2]-- TIME:20090304-121128

[88](12:11:29)[3]-- TIME:20090304-121129

[89](12:11:30)[0]-- TIME:20090304-121130

[90](12:11:31)[1]-- TIME:20090304-121131

[91](12:11:32)[2]-- TIME:20090304-121132

[92](12:11:33)[3]-- TIME:20090304-121133

[93](12:11:34)[0]-- TIME:20090304-121134

[94](12:11:35)[1]-- TIME:20090304-121135

[95](12:11:36)[2]-- TIME:20090304-121136

[96](12:11:37)[3]-- TIME:20090304-121137

[97](12:11:38)[0]-- TIME:20090304-121138

[98](12:11:39)[1]-- TIME:20090304-121139

[99](12:11:40)[2]-- TIME:20090304-121140

[100](12:11:41)[3]-- TIME:20090304-121141

[101](12:11:42)[0]-- TIME:20090304-121142

[102](12:11:43)[1]-- TIME:20090304-121143

[103](12:11:44)[2]-- TIME:20090304-121144

[104](12:11:45)[3]-- TIME:20090304-121145

[105](12:11:46)[0]-- TIME:20090304-121146

[106](12:11:47)[1]-- TIME:20090304-121147

[107](12:11:48)[2]-- TIME:20090304-121148

[108](12:11:49)[3]-- TIME:20090304-121149

[109](12:11:50)[0]-- TIME:20090304-121150

[110](12:11:51)[1]-- TIME:20090304-121151

[111](12:11:52)[2]-- TIME:20090304-121152

[112](12:11:53)[3]-- TIME:20090304-121153

[113](12:11:54)[0]-- TIME:20090304-121154

[114](12:11:55)[1]-- TIME:20090304-121155

[115](12:11:56)[2]-- TIME:20090304-121156

[116](12:11:57)[3]-- TIME:20090304-121157

[117](12:11:58)[0]-- TIME:20090304-121158

[118](12:11:59)[1]-- TIME:20090304-121159

[119](12:12:00)[2]-- TIME:20090304-121200

[120](12:12:01)[3]-- TIME:20090304-121201

[121](12:12:02)[0]-- TIME:20090304-121202

[122](12:12:03)[1]-- TIME:20090304-121203

[123](12:12:04)[2]-- TIME:20090304-121204

[124](12:12:05)[3]-- TIME:20090304-121205

[125](12:12:06)[0]-- TIME:20090304-121206

[126](12:12:07)[1]-- TIME:20090304-121207

[127](12:12:08)[2]-- TIME:20090304-121208

[128](12:12:09)[3]-- TIME:20090304-121209

[129](12:12:10)[0]-- TIME:20090304-121210

[130](12:12:11)[1]-- TIME:20090304-121211

[131](12:12:12)[2]-- TIME:20090304-121212

[132](12:12:13)[3]-- TIME:20090304-121213

[133](12:12:14)[0]-- TIME:20090304-121214

[134](12:12:15)[1]-- TIME:20090304-121215

[135](12:12:16)[2]-- TIME:20090304-121216

[136](12:12:17)[3]-- TIME:20090304-121217

[137](12:12:18)[0]-- TIME:20090304-121218

[138](12:12:19)[1]-- TIME:20090304-121219

[139](12:12:20)[2]-- TIME:20090304-121220

[140](12:12:21)[3]-- TIME:20090304-121221

[141](12:12:22)[0]-- TIME:20090304-121222

[142](12:12:23)[1]-- TIME:20090304-121223

[143](12:12:24)[2]-- TIME:20090304-121224

[144](12:12:25)[3]-- TIME:20090304-121225

[145](12:12:26)[0]-- TIME:20090304-121226

[146](12:12:27)[1]-- TIME:20090304-121227

[147](12:12:28)[2]-- TIME:20090304-121228

[148](12:12:29)[3]-- TIME:20090304-121229

[149](12:12:30)[0]-- TIME:20090304-121230

[150](12:12:31)[1]-- TIME:20090304-121231

[151](12:12:32)[2]-- TIME:20090304-121232

[152](12:12:33)[3]-- TIME:20090304-121233

[153](12:12:34)[0]-- TIME:20090304-121234

[154](12:12:35)[1]-- TIME:20090304-121235

[155](12:12:36)[2]-- TIME:20090304-121236

[156](12:12:37)[3]-- TIME:20090304-121237

[157](12:12:38)[0]-- TIME:20090304-121238

[158](12:12:39)[1]-- TIME:20090304-121239

[159](12:12:40)[2]-- TIME:20090304-121240

[160](12:12:41)[3]-- TIME:20090304-121241

[161](12:12:42)[0]-- TIME:20090304-121242

[162](12:12:43)[1]-- TIME:20090304-121243

[163](12:12:44)[2]-- TIME:20090304-121244

[164](12:12:45)[3]-- TIME:20090304-121245

[165](12:12:47)[0]-- TIME:20090304-121247

[166](12:12:48)[1]-- TIME:20090304-121248

[167](12:12:49)[2]-- TIME:20090304-121249

[168](12:12:50)[3]-- TIME:20090304-121250

[169](12:12:51)[0]-- TIME:20090304-121251

[170](12:12:52)[1]-- TIME:20090304-121252

[171](12:12:53)[2]-- TIME:20090304-121253

[172](12:12:54)[3]-- TIME:20090304-121254

[173](12:12:55)[0]-- TIME:20090304-121255

[174](12:12:56)[1]-- TIME:20090304-121256

[175](12:12:57)[2]-- TIME:20090304-121257

[176](12:12:58)[3]-- TIME:20090304-121258

[177](12:12:59)[0]-- TIME:20090304-121259

[178](12:13:00)[1]-- TIME:20090304-121300

[179](12:13:01)[2]-- TIME:20090304-121301

[180](12:13:02)[3]-- TIME:20090304-121302

[181](12:13:03)[0]-- TIME:20090304-121303

[182](12:13:04)[1]-- TIME:20090304-121304

[183](12:13:05)[2]-- TIME:20090304-121305

[184](12:13:06)[3]-- TIME:20090304-121306

[185](12:13:07)[0]-- TIME:20090304-121307

[186](12:13:08)[1]-- TIME:20090304-121308

[187](12:13:09)[2]-- TIME:20090304-121309

[188](12:13:10)[3]-- TIME:20090304-121310

[189](12:13:11)[0]-- TIME:20090304-121311

[190](12:13:12)[1]-- TIME:20090304-121312

[191](12:13:13)[2]-- TIME:20090304-121313

[192](12:13:14)[3]-- TIME:20090304-121314

[193](12:13:15)[0]-- TIME:20090304-121315

[194](12:13:16)[1]-- TIME:20090304-121316

[195](12:13:17)[2]-- TIME:20090304-121317

[196](12:13:18)[3]-- TIME:20090304-121318

[197](12:13:19)[0]-- TIME:20090304-121319

[198](12:13:20)[1]-- TIME:20090304-121320

[199](12:13:21)[2]-- TIME:20090304-121321

[200](12:13:22)[3]-- TIME:20090304-121322

[201](12:13:23)[0]-- TIME:20090304-121323

[202](12:13:24)[1]-- TIME:20090304-121324

[203](12:13:25)[2]-- TIME:20090304-121325

[204](12:13:26)[3]-- TIME:20090304-121326

[205](12:13:27)[0]-- TIME:20090304-121327

[206](12:13:28)[1]-- TIME:20090304-121328

[207](12:13:29)[2]-- TIME:20090304-121329

[208](12:13:30)[3]-- TIME:20090304-121330

[209](12:13:31)[0]-- TIME:20090304-121331

[210](12:13:32)[1]-- TIME:20090304-121332

[211](12:13:33)[2]-- TIME:20090304-121333

[212](12:13:34)[3]-- TIME:20090304-121334

[213](12:13:35)[0]-- TIME:20090304-121335

[214](12:13:36)[1]-- TIME:20090304-121336

[215](12:13:37)[2]-- TIME:20090304-121337

[216](12:13:38)[3]-- TIME:20090304-121338

[217](12:13:39)[0]-- TIME:20090304-121339

[218](12:13:40)[1]-- TIME:20090304-121340

[219](12:13:41)[2]-- TIME:20090304-121341

[220](12:13:42)[3]-- TIME:20090304-121342

[221](12:13:43)[0]-- TIME:20090304-121343

[222](12:13:44)[1]-- TIME:20090304-121344

[223](12:13:45)[2]-- TIME:20090304-121345

[224](12:13:46)[3]-- TIME:20090304-121346

[225](12:13:47)[0]-- TIME:20090304-121347

[226](12:13:48)[1]-- TIME:20090304-121348

[227](12:13:49)[2]-- TIME:20090304-121349

[228](12:13:50)[3]-- TIME:20090304-121350

[229](12:13:51)[0]-- TIME:20090304-121351

[230](12:13:52)[1]-- TIME:20090304-121352

[231](12:13:53)[2]-- TIME:20090304-121353

[232](12:13:54)[3]-- TIME:20090304-121354

[233](12:13:55)[0]-- TIME:20090304-121355

[234](12:13:56)[1]-- TIME:20090304-121356

[235](12:13:57)[2]-- TIME:20090304-121357

[236](12:13:58)[3]-- TIME:20090304-121358

[237](12:13:59)[0]-- TIME:20090304-121359

[238](12:14:00)[1]-- TIME:20090304-121400

[239](12:14:01)[2]-- TIME:20090304-121401

[240](12:14:02)[3]-- TIME:20090304-121402

[241](12:14:03)[0]-- TIME:20090304-121403

[242](12:14:04)[1]-- TIME:20090304-121404

[243](12:14:05)[2]-- TIME:20090304-121405

[244](12:14:06)[3]-- TIME:20090304-121406

[245](12:14:07)[0]-- TIME:20090304-121407

[246](12:14:08)[1]-- TIME:20090304-121408

[247](12:14:09)[2]-- TIME:20090304-121409

[248](12:14:10)[3]-- TIME:20090304-121410

[249](12:14:11)[0]-- TIME:20090304-121411

[250](12:14:12)[1]-- TIME:20090304-121412

[251](12:14:13)[2]-- TIME:20090304-121413

[252](12:14:14)[3]-- TIME:20090304-121414

[253](12:14:15)[0]-- TIME:20090304-121415

[254](12:14:16)[1]-- TIME:20090304-121416

[255](12:14:17)[2]-- TIME:20090304-121417

[256](12:14:18)[3]-- TIME:20090304-121418

[257](12:14:19)[0]-- TIME:20090304-121419

[258](12:14:20)[1]-- TIME:20090304-121420

[259](12:14:21)[2]-- TIME:20090304-121421

[260](12:14:22)[3]-- TIME:20090304-121422

[261](12:14:23)[0]-- TIME:20090304-121423

[262](12:14:24)[1]-- TIME:20090304-121424

[263](12:14:25)[2]-- TIME:20090304-121425

[264](12:14:26)[3]-- TIME:20090304-121426

[265](12:14:27)[0]-- TIME:20090304-121427

[266](12:14:28)[1]-- TIME:20090304-121428

[267](12:14:29)[2]-- TIME:20090304-121429

[268](12:14:30)[3]-- TIME:20090304-121430

[269](12:14:31)[0]-- TIME:20090304-121431

[270](12:14:32)[1]-- TIME:20090304-121432

[271](12:14:33)[2]-- TIME:20090304-121433

[272](12:14:34)[3]-- TIME:20090304-121434

[273](12:14:35)[0]-- TIME:20090304-121435

[274](12:14:36)[1]-- TIME:20090304-121436

[275](12:14:37)[2]-- TIME:20090304-121437

[276](12:14:38)[3]-- TIME:20090304-121438

[277](12:14:39)[0]-- TIME:20090304-121439

[278](12:14:40)[1]-- TIME:20090304-121440

[279](12:14:41)[2]-- TIME:20090304-121441

[280](12:14:42)[3]-- TIME:20090304-121442

[281](12:14:43)[0]-- TIME:20090304-121443

[282](12:14:44)[1]-- TIME:20090304-121444

[283](12:14:45)[2]-- TIME:20090304-121445

[284](12:14:46)[3]-- TIME:20090304-121446

[285](12:14:47)[0]-- TIME:20090304-121447

[286](12:14:48)[1]-- TIME:20090304-121448

[287](12:14:49)[2]-- TIME:20090304-121449

[288](12:14:50)[3]-- TIME:20090304-121450

[289](12:14:51)[0]-- TIME:20090304-121451

[290](12:14:54)[1]-- TIME:20090304-121454

[291](12:14:55)[2]-- TIME:20090304-121455

[292](12:14:56)[3]-- TIME:20090304-121456

[293](12:14:57)[0]-- TIME:20090304-121457

[294](12:14:58)[1]-- TIME:20090304-121458

[295](12:14:59)[2]-- TIME:20090304-121459

[296](12:15:00)[3]-- TIME:20090304-121500

[297](12:15:01)[0]-- TIME:20090304-121501

[298](12:15:02)[1]-- TIME:20090304-121502

[299](12:15:03)[2]-- TIME:20090304-121503

[300](12:15:04)[3]-- TIME:20090304-121504

[301](12:15:05)[0]-- TIME:20090304-121505

[302](12:15:08)[1]-- TIME:20090304-121508

[303](12:15:09)[2]-- TIME:20090304-121509

[304](12:15:10)[3]-- TIME:20090304-121510

[305](12:15:11)[0]-- TIME:20090304-121511

[306](12:15:12)[1]-- TIME:20090304-121512

[307](12:15:13)[2]-- TIME:20090304-121513

[308](12:15:14)[3]-- TIME:20090304-121514

[309](12:15:15)[0]-- TIME:20090304-121515

[310](12:15:16)[1]-- TIME:20090304-121516

[311](12:15:17)[2]-- TIME:20090304-121517

[312](12:15:18)[3]-- TIME:20090304-121518

[313](12:15:19)[0]-- TIME:20090304-121519

[314](12:15:20)[1]-- TIME:20090304-121520

[315](12:15:21)[2]-- TIME:20090304-121521

[316](12:15:22)[3]-- TIME:20090304-121522

[317](12:15:23)[0]-- TIME:20090304-121523

[318](12:15:24)[1]-- TIME:20090304-121524

[319](12:15:25)[2]-- TIME:20090304-121525

[320](12:15:26)[3]-- TIME:20090304-121526

[321](12:15:27)[0]-- TIME:20090304-121527

[322](12:15:28)[1]-- TIME:20090304-121528

[323](12:15:29)[2]-- TIME:20090304-121529

[324](12:15:30)[3]-- TIME:20090304-121530

[325](12:15:31)[0]-- TIME:20090304-121531

[326](12:15:32)[1]-- TIME:20090304-121532

[327](12:15:33)[2]-- TIME:20090304-121533

[328](12:15:34)[3]-- TIME:20090304-121534

[329](12:15:35)[0]-- TIME:20090304-121535

[330](12:15:36)[1]-- TIME:20090304-121536

[331](12:15:37)[2]-- TIME:20090304-121537

[332](12:15:38)[3]-- TIME:20090304-121538

[333](12:15:39)[0]-- TIME:20090304-121539

[334](12:15:40)[1]-- TIME:20090304-121540

[335](12:15:41)[2]-- TIME:20090304-121541

[336](12:15:42)[3]-- TIME:20090304-121542

[337](12:15:43)[0]-- TIME:20090304-121543

[338](12:15:44)[1]-- TIME:20090304-121544

[339](12:15:45)[2]-- TIME:20090304-121545

[340](12:15:46)[3]-- TIME:20090304-121546

[341](12:15:47)[0]-- TIME:20090304-121547

[342](12:15:48)[1]-- TIME:20090304-121548

[343](12:15:49)[2]-- TIME:20090304-121549

[344](12:15:50)[3]-- TIME:20090304-121550

[345](12:15:51)[0]-- TIME:20090304-121551

[346](12:15:52)[1]-- TIME:20090304-121552

[347](12:15:53)[2]-- TIME:20090304-121553

[348](12:15:54)[3]-- TIME:20090304-121554

[349](12:15:55)[0]-- TIME:20090304-121555

[350](12:15:58)[1]-- TIME:20090304-121558

[351](12:15:59)[2]-- TIME:20090304-121559

[352](12:16:00)[3]-- TIME:20090304-121600

[353](12:16:01)[0]-- TIME:20090304-121601

[354](12:16:02)[1]-- TIME:20090304-121602

[355](12:16:03)[2]-- TIME:20090304-121603

[356](12:16:04)[3]-- TIME:20090304-121604

[357](12:16:05)[0]-- TIME:20090304-121605

[358](12:16:06)[1]-- TIME:20090304-121606

[359](12:16:07)[2]-- TIME:20090304-121607

[360](12:16:08)[3]-- TIME:20090304-121608

[361](12:16:09)[0]-- TIME:20090304-121609

[362](12:16:10)[1]-- TIME:20090304-121610

[363](12:16:11)[2]-- TIME:20090304-121611

[364](12:16:12)[3]-- TIME:20090304-121612

[365](12:16:13)[0]-- TIME:20090304-121613

[366](12:16:14)[1]-- TIME:20090304-121614

[367](12:16:15)[2]-- TIME:20090304-121615

[368](12:16:16)[3]-- TIME:20090304-121616

[369](12:16:17)[0]-- TIME:20090304-121617

[370](12:16:18)[1]-- TIME:20090304-121618

[371](12:16:19)[2]-- TIME:20090304-121619

[372](12:16:20)[3]-- TIME:20090304-121620

[373](12:16:21)[0]-- TIME:20090304-121621

[374](12:16:22)[1]-- TIME:20090304-121622

[375](12:16:23)[2]-- TIME:20090304-121623

[376](12:16:24)[3]-- TIME:20090304-121624

[377](12:16:25)[0]-- TIME:20090304-121625

[378](12:16:26)[1]-- TIME:20090304-121626

[379](12:16:27)[2]-- TIME:20090304-121627

[380](12:16:28)[3]-- TIME:20090304-121628

[381](12:16:29)[0]-- TIME:20090304-121629

[382](12:16:30)[1]-- TIME:20090304-121630

[383](12:16:31)[2]-- TIME:20090304-121631

[384](12:16:32)[3]-- TIME:20090304-121632

[385](12:16:33)[0]-- TIME:20090304-121633

[386](12:16:34)[1]-- TIME:20090304-121634

[387](12:16:35)[2]-- TIME:20090304-121635

[388](12:16:36)[3]-- TIME:20090304-121636

[389](12:16:37)[0]-- TIME:20090304-121637

[390](12:16:38)[1]-- TIME:20090304-121638

[391](12:16:39)[2]-- TIME:20090304-121639

[392](12:16:40)[3]-- TIME:20090304-121640

[393](12:16:41)[0]-- TIME:20090304-121641

[394](12:16:42)[1]-- TIME:20090304-121642

[395](12:16:43)[2]-- TIME:20090304-121643

[396](12:16:44)[3]-- TIME:20090304-121644

[397](12:16:45)[0]-- TIME:20090304-121645

[398](12:16:46)[1]-- TIME:20090304-121646

[399](12:16:47)[2]-- TIME:20090304-121647

[400](12:16:48)[3]-- TIME:20090304-121648

[401](12:16:49)[0]-- TIME:20090304-121649

[402](12:16:50)[1]-- TIME:20090304-121650

[403](12:16:51)[2]-- TIME:20090304-121651

[404](12:16:52)[3]-- TIME:20090304-121652

[405](12:16:53)[0]-- TIME:20090304-121653

[406](12:16:54)[1]-- TIME:20090304-121654

[407](12:16:55)[2]-- TIME:20090304-121655

[408](12:16:56)[3]-- TIME:20090304-121656

[409](12:16:57)[0]-- TIME:20090304-121657

[410](12:16:58)[1]-- TIME:20090304-121658

[411](12:16:59)[2]-- TIME:20090304-121659

[412](12:17:00)[3]-- TIME:20090304-121700

[413](12:17:01)[0]-- TIME:20090304-121701

[414](12:17:02)[1]-- TIME:20090304-121702

[415](12:17:03)[2]-- TIME:20090304-121703

[416](12:17:04)[3]-- TIME:20090304-121704

[417](12:17:05)[0]-- TIME:20090304-121705

[418](12:17:06)[1]-- TIME:20090304-121706

[419](12:17:07)[2]-- TIME:20090304-121707

[420](12:17:08)[3]-- TIME:20090304-121708

[421](12:17:09)[0]-- TIME:20090304-121709

[422](12:17:10)[1]-- TIME:20090304-121710

[423](12:17:11)[2]-- TIME:20090304-121711

[424](12:17:12)[3]-- TIME:20090304-121712

[425](12:17:13)[0]-- TIME:20090304-121713

[426](12:17:14)[1]-- TIME:20090304-121714

[427](12:17:15)[2]-- TIME:20090304-121715

[428](12:17:16)[3]-- TIME:20090304-121716

[429](12:17:17)[0]-- TIME:20090304-121717

[430](12:17:18)[1]-- TIME:20090304-121718

[431](12:17:19)[2]-- TIME:20090304-121719

[432](12:17:20)[3]-- TIME:20090304-121720

[433](12:17:21)[0]-- TIME:20090304-121721

[434](12:17:22)[1]-- TIME:20090304-121722

[435](12:17:23)[2]-- TIME:20090304-121723

[436](12:17:24)[3]-- TIME:20090304-121724

[437](12:17:25)[0]-- TIME:20090304-121725

[438](12:17:26)[1]-- TIME:20090304-121726

[439](12:17:27)[2]-- TIME:20090304-121727

[440](12:17:28)[3]-- TIME:20090304-121728

[441](12:17:29)[0]-- TIME:20090304-121729

[442](12:17:30)[1]-- TIME:20090304-121730

[443](12:17:31)[2]-- TIME:20090304-121731

[444](12:17:32)[3]-- TIME:20090304-121732

[445](12:17:33)[0]-- TIME:20090304-121733

[446](12:17:34)[1]-- TIME:20090304-121734

[447](12:17:35)[2]-- TIME:20090304-121735

[448](12:17:36)[3]-- TIME:20090304-121736

[449](12:17:37)[0]-- TIME:20090304-121737

[450](12:17:38)[1]-- TIME:20090304-121738

[451](12:17:39)[2]-- TIME:20090304-121739

[452](12:17:40)[3]-- TIME:20090304-121740

[453](12:17:41)[0]-- TIME:20090304-121741

[454](12:17:42)[1]-- TIME:20090304-121742

[455](12:17:43)[2]-- TIME:20090304-121743

[456](12:17:44)[3]-- TIME:20090304-121744

[457](12:17:45)[0]-- TIME:20090304-121745

[458](12:17:46)[1]-- TIME:20090304-121746

[459](12:17:47)[2]-- TIME:20090304-121747

[460](12:17:48)[3]-- TIME:20090304-121748

[461](12:17:49)[0]-- TIME:20090304-121749

[462](12:17:50)[1]-- TIME:20090304-121750

[463](12:17:51)[2]-- TIME:20090304-121751

[464](12:17:52)[3]-- TIME:20090304-121752

[465](12:17:53)[0]-- TIME:20090304-121753

[466](12:17:54)[1]-- TIME:20090304-121754

[467](12:17:55)[2]-- TIME:20090304-121755

[468](12:17:56)[3]-- TIME:20090304-121756

[469](12:17:57)[0]-- TIME:20090304-121757

[470](12:17:58)[1]-- TIME:20090304-121758

[471](12:17:59)[2]-- TIME:20090304-121759

[472](12:18:00)[3]-- TIME:20090304-121800

[473](12:18:01)[0]-- TIME:20090304-121801

[474](12:18:02)[1]-- TIME:20090304-121802

[475](12:18:03)[2]-- TIME:20090304-121803

[476](12:18:04)[3]-- TIME:20090304-121804

[477](12:18:05)[0]-- TIME:20090304-121805

[478](12:18:06)[1]-- TIME:20090304-121806

[479](12:18:07)[2]-- TIME:20090304-121807

[480](12:18:08)[3]-- TIME:20090304-121808

[481](12:18:09)[0]-- TIME:20090304-121809

[482](12:18:10)[1]-- TIME:20090304-121810

[483](12:18:11)[2]-- TIME:20090304-121811

[484](12:18:12)[3]-- TIME:20090304-121812

[485](12:18:13)[0]-- TIME:20090304-121813

[486](12:18:14)[1]-- TIME:20090304-121814

[487](12:18:15)[2]-- TIME:20090304-121815

[488](12:18:16)[3]-- TIME:20090304-121816

[489](12:18:17)[0]-- TIME:20090304-121817

[490](12:18:18)[1]-- TIME:20090304-121818

[491](12:18:19)[2]-- TIME:20090304-121819

[492](12:18:20)[3]-- TIME:20090304-121820

[493](12:18:21)[0]-- TIME:20090304-121821

[494](12:18:22)[1]-- TIME:20090304-121822

[495](12:18:23)[2]-- TIME:20090304-121823

[496](12:18:24)[3]-- TIME:20090304-121824

[497](12:18:25)[0]-- TIME:20090304-121825

[498](12:18:26)[1]-- TIME:20090304-121826

[499](12:18:27)[2]-- TIME:20090304-121827

[500](12:18:28)[3]-- TIME:20090304-121828

[501](12:18:29)[0]-- TIME:20090304-121829

[502](12:18:30)[1]-- TIME:20090304-121830

[503](12:18:31)[2]-- TIME:20090304-121831

[504](12:18:32)[3]-- TIME:20090304-121832

[505](12:18:33)[0]-- TIME:20090304-121833

[506](12:18:34)[1]-- TIME:20090304-121834

[507](12:18:35)[2]-- TIME:20090304-121835

[508](12:18:36)[3]-- TIME:20090304-121836

[509](12:18:37)[0]-- TIME:20090304-121837

[510](12:18:38)[1]-- TIME:20090304-121838

[511](12:18:39)[2]-- TIME:20090304-121839

[512](12:18:40)[3]-- TIME:20090304-121840

[513](12:18:41)[0]-- TIME:20090304-121841

[514](12:18:42)[1]-- TIME:20090304-121842

[515](12:18:43)[2]-- TIME:20090304-121843

[516](12:18:44)[3]-- TIME:20090304-121844

[517](12:18:45)[0]-- TIME:20090304-121845

[518](12:18:46)[1]-- TIME:20090304-121846

[519](12:18:47)[2]-- TIME:20090304-121847

[520](12:18:48)[3]-- TIME:20090304-121848

[521](12:18:49)[0]-- TIME:20090304-121849

[522](12:18:50)[1]-- TIME:20090304-121850

[523](12:18:51)[2]-- TIME:20090304-121851

[524](12:18:52)[3]-- TIME:20090304-121852

[525](12:18:53)[0]-- TIME:20090304-121853

[526](12:18:54)[1]-- TIME:20090304-121854

[527](12:18:55)[2]-- TIME:20090304-121855

[528](12:18:56)[3]-- TIME:20090304-121856

[529](12:18:57)[0]-- TIME:20090304-121857

[530](12:18:58)[1]-- TIME:20090304-121858

[531](12:18:59)[2]-- TIME:20090304-121859

[532](12:19:00)[3]-- TIME:20090304-121900

[533](12:19:01)[0]-- TIME:20090304-121901

[534](12:19:02)[1]-- TIME:20090304-121902

[535](12:19:03)[2]-- TIME:20090304-121903

[536](12:19:04)[3]-- TIME:20090304-121904

[537](12:19:05)[0]-- TIME:20090304-121905

[538](12:19:06)[1]-- TIME:20090304-121906

[539](12:19:07)[2]-- TIME:20090304-121907

[540](12:19:08)[3]-- TIME:20090304-121908

[541](12:19:09)[0]-- TIME:20090304-121909

[542](12:19:10)[1]-- TIME:20090304-121910

[543](12:19:11)[2]-- TIME:20090304-121911

[544](12:19:12)[3]-- TIME:20090304-121912

[545](12:19:13)[0]-- TIME:20090304-121913

[546](12:19:14)[1]-- TIME:20090304-121914

[547](12:19:15)[2]-- TIME:20090304-121915

[548](12:19:16)[3]-- TIME:20090304-121916

[549](12:19:17)[0]-- TIME:20090304-121917

[550](12:19:18)[1]-- TIME:20090304-121918

[551](12:19:19)[2]-- TIME:20090304-121919

[552](12:19:20)[3]-- TIME:20090304-121920

[553](12:19:21)[0]-- TIME:20090304-121921

[554](12:19:22)[1]-- TIME:20090304-121922

[555](12:19:23)[2]-- TIME:20090304-121923

[556](12:19:24)[3]-- TIME:20090304-121924

[557](12:19:25)[0]-- TIME:20090304-121925

[558](12:19:26)[1]-- TIME:20090304-121926

[559](12:19:27)[2]-- TIME:20090304-121927

[560](12:19:28)[3]-- TIME:20090304-121928

[561](12:19:29)[0]-- TIME:20090304-121929

[562](12:19:30)[1]-- TIME:20090304-121930

[563](12:19:31)[2]-- TIME:20090304-121931

[564](12:19:32)[3]-- TIME:20090304-121932

[565](12:19:33)[0]-- TIME:20090304-121933

[566](12:19:34)[1]-- TIME:20090304-121934

[567](12:19:35)[2]-- TIME:20090304-121935

[568](12:19:36)[3]-- TIME:20090304-121936

[569](12:19:37)[0]-- TIME:20090304-121937

[570](12:19:38)[1]-- TIME:20090304-121938

[571](12:19:39)[2]-- TIME:20090304-121939

[572](12:19:40)[3]-- TIME:20090304-121940

[573](12:19:41)[0]-- TIME:20090304-121941

[574](12:19:42)[1]-- TIME:20090304-121942

[575](12:19:43)[2]-- TIME:20090304-121943

[576](12:19:44)[3]-- TIME:20090304-121944

[577](12:19:45)[0]-- TIME:20090304-121945

[578](12:19:46)[1]-- TIME:20090304-121946

[579](12:19:47)[2]-- TIME:20090304-121947

[580](12:19:48)[3]-- TIME:20090304-121948

[581](12:19:49)[0]-- TIME:20090304-121949

[582](12:19:50)[1]-- TIME:20090304-121950

[583](12:19:51)[2]-- TIME:20090304-121951

[584](12:19:52)[3]-- TIME:20090304-121952

[585](12:19:53)[0]-- TIME:20090304-121953

[586](12:19:54)[1]-- TIME:20090304-121954

[587](12:19:55)[2]-- TIME:20090304-121955

[588](12:19:56)[3]-- TIME:20090304-121956

[589](12:19:57)[0]-- TIME:20090304-121957

[590](12:19:58)[1]-- TIME:20090304-121958

[591](12:19:59)[2]-- TIME:20090304-121959

[592](12:20:00)[3]-- TIME:20090304-122000

[593](12:20:01)[0]-- TIME:20090304-122001

[594](12:20:02)[1]-- TIME:20090304-122002

[595](12:20:03)[2]-- TIME:20090304-122003

[596](12:20:04)[3]-- TIME:20090304-122004

[597](12:20:05)[0]-- TIME:20090304-122005

[598](12:20:06)[1]-- TIME:20090304-122006

[599](12:20:07)[2]-- TIME:20090304-122007

[600](12:20:08)[3]-- TIME:20090304-122008

[601](12:20:09)[0]-- TIME:20090304-122009

[602](12:20:10)[1]-- TIME:20090304-122010

[603](12:20:11)[2]-- TIME:20090304-122011

[604](12:20:12)[3]-- TIME:20090304-122012

[605](12:20:13)[0]-- TIME:20090304-122013

[606](12:20:14)[1]-- TIME:20090304-122014

[607](12:20:15)[2]-- TIME:20090304-122015

[608](12:20:16)[3]-- TIME:20090304-122016

[609](12:20:17)[0]-- TIME:20090304-122017

[610](12:20:18)[1]-- TIME:20090304-122018

[611](12:20:19)[2]-- TIME:20090304-122019

[612](12:20:20)[3]-- TIME:20090304-122020

[613](12:20:21)[0]-- TIME:20090304-122021

[614](12:20:22)[1]-- TIME:20090304-122022

[615](12:20:23)[2]-- TIME:20090304-122023

[616](12:20:24)[3]-- TIME:20090304-122024

[617](12:20:25)[0]-- TIME:20090304-122025

[618](12:20:26)[1]-- TIME:20090304-122026

[619](12:20:27)[2]-- TIME:20090304-122027

[620](12:20:28)[3]-- TIME:20090304-122028

[621](12:20:29)[0]-- TIME:20090304-122029

[622](12:20:30)[1]-- TIME:20090304-122030

[623](12:20:31)[2]-- TIME:20090304-122031

[624](12:20:32)[3]-- TIME:20090304-122032

[625](12:20:33)[0]-- TIME:20090304-122033

[626](12:20:34)[1]-- TIME:20090304-122034

[627](12:20:35)[2]-- TIME:20090304-122035

[628](12:20:36)[3]-- TIME:20090304-122036

[629](12:20:37)[0]-- TIME:20090304-122037

[630](12:20:38)[1]-- TIME:20090304-122038

[631](12:20:39)[2]-- TIME:20090304-122039

[632](12:20:40)[3]-- TIME:20090304-122040

[633](12:20:41)[0]-- TIME:20090304-122041

[634](12:20:42)[1]-- TIME:20090304-122042

[635](12:20:43)[2]-- TIME:20090304-122043

[636](12:20:44)[3]-- TIME:20090304-122044

[637](12:20:51)[0]-- TIME:20090304-122051

[638](12:20:52)[1]-- TIME:20090304-122052

[639](12:20:53)[2]-- TIME:20090304-122053

[640](12:20:54)[3]-- TIME:20090304-122054

[641](12:20:55)[0]-- TIME:20090304-122055

[642](12:20:58)[1]-- TIME:20090304-122058

[643](12:20:59)[2]-- TIME:20090304-122059

[644](12:21:00)[3]-- TIME:20090304-122100

[645](12:21:01)[0]-- TIME:20090304-122101

[646](12:21:02)[1]-- TIME:20090304-122102

[647](12:21:03)[2]-- TIME:20090304-122103

[648](12:21:04)[3]-- TIME:20090304-122104

[649](12:21:05)[0]-- TIME:20090304-122105

[650](12:21:06)[1]-- TIME:20090304-122106

[651](12:21:07)[2]-- TIME:20090304-122107

[652](12:21:08)[3]-- TIME:20090304-122108

[653](12:21:09)[0]-- TIME:20090304-122109

[654](12:21:10)[1]-- TIME:20090304-122110

[655](12:21:11)[2]-- TIME:20090304-122111

[656](12:21:12)[3]-- TIME:20090304-122112

[657](12:21:13)[0]-- TIME:20090304-122113

[658](12:21:14)[1]-- TIME:20090304-122114

[659](12:21:15)[2]-- TIME:20090304-122115

[660](12:21:16)[3]-- TIME:20090304-122116

[661](12:21:17)[0]-- TIME:20090304-122117

[662](12:21:20)[1]-- TIME:20090304-122120

[663](12:21:21)[2]-- TIME:20090304-122121

[664](12:21:22)[3]-- TIME:20090304-122122

[665](12:21:23)[0]-- TIME:20090304-122123

[666](12:21:24)[1]-- TIME:20090304-122124

[667](12:21:25)[2]-- TIME:20090304-122125

[668](12:21:26)[3]-- TIME:20090304-122126

[669](12:21:27)[0]-- TIME:20090304-122127

[670](12:21:28)[1]-- TIME:20090304-122128

[671](12:21:29)[2]-- TIME:20090304-122129

[672](12:21:30)[3]-- TIME:20090304-122130

[673](12:21:31)[0]-- TIME:20090304-122131

[674](12:21:32)[1]-- TIME:20090304-122132

[675](12:21:33)[2]-- TIME:20090304-122133

[676](12:21:34)[3]-- TIME:20090304-122134

[677](12:21:35)[0]-- TIME:20090304-122135

[678](12:21:36)[1]-- TIME:20090304-122136

[679](12:21:37)[2]-- TIME:20090304-122137

[680](12:21:38)[3]-- TIME:20090304-122138

[681](12:21:39)[0]-- TIME:20090304-122139

[682](12:21:40)[1]-- TIME:20090304-122140

[683](12:21:41)[2]-- TIME:20090304-122141

[684](12:21:42)[3]-- TIME:20090304-122142

[685](12:21:43)[0]-- TIME:20090304-122143

[686](12:21:44)[1]-- TIME:20090304-122144

[687](12:21:45)[2]-- TIME:20090304-122145

[688](12:21:46)[3]-- TIME:20090304-122146

[689](12:21:49)[0]-- TIME:20090304-122149

[690](12:21:50)[1]-- TIME:20090304-122150

[691](12:21:51)[2]-- TIME:20090304-122151

[692](12:21:52)[3]-- TIME:20090304-122152

[693](12:21:53)[0]-- TIME:20090304-122153

[694](12:21:54)[1]-- TIME:20090304-122154

[695](12:21:55)[2]-- TIME:20090304-122155

[696](12:21:56)[3]-- TIME:20090304-122156

[697](12:21:57)[0]-- TIME:20090304-122157

[698](12:21:58)[1]-- TIME:20090304-122158

[699](12:21:59)[2]-- TIME:20090304-122159

[700](12:22:00)[3]-- TIME:20090304-122200

[701](12:22:01)[0]-- TIME:20090304-122201

[702](12:22:08)[1]-- TIME:20090304-122208

[703](12:22:09)[2]-- TIME:20090304-122209

[704](12:22:10)[3]-- TIME:20090304-122210

[705](12:22:11)10.23.128.24: Timeout
[706](12:22:11)[0]-- TIME:20090304-122211

[707](12:22:12)[1]-- TIME:20090304-122212

[708](12:22:13)[2]-- TIME:20090304-122213

[709](12:22:14)[3]-- TIME:20090304-122214

[710](12:22:15)[0]-- TIME:20090304-122215

[711](12:22:16)[1]-- TIME:20090304-122216

[712](12:22:17)[2]-- TIME:20090304-122217

[713](12:22:18)[3]-- TIME:20090304-122218

[714](12:22:19)[0]-- TIME:20090304-122219

[715](12:22:20)[1]-- TIME:20090304-122220

[716](12:22:21)[2]-- TIME:20090304-122221

[717](12:22:22)[3]-- TIME:20090304-122222

[718](12:22:23)[0]-- TIME:20090304-122223

[719](12:22:24)[1]-- TIME:20090304-122224

[720](12:22:25)[2]-- TIME:20090304-122225

[721](12:22:26)[3]-- TIME:20090304-122226

[722](12:22:27)[0]-- TIME:20090304-122227

[723](12:22:28)[1]-- TIME:20090304-122228

[724](12:22:29)[2]-- TIME:20090304-122229

[725](12:22:30)[3]-- TIME:20090304-122230

[726](12:22:31)[0]-- TIME:20090304-122231

[727](12:22:32)[1]-- TIME:20090304-122232

[728](12:22:33)[2]-- TIME:20090304-122233

[729](12:22:34)[3]-- TIME:20090304-122234

[730](12:22:35)[0]-- TIME:20090304-122235

[731](12:22:36)[1]-- TIME:20090304-122236

[732](12:22:37)[2]-- TIME:20090304-122237

[733](12:22:38)[3]-- TIME:20090304-122238

[734](12:22:39)[0]-- TIME:20090304-122239

[735](12:22:40)[1]-- TIME:20090304-122240

[736](12:22:41)[2]-- TIME:20090304-122241

[737](12:22:42)[3]-- TIME:20090304-122242

[738](12:22:43)[0]-- TIME:20090304-122243

[739](12:22:44)[1]-- TIME:20090304-122244

[740](12:22:45)[2]-- TIME:20090304-122245

[741](12:22:46)[3]-- TIME:20090304-122246

[742](12:22:47)[0]-- TIME:20090304-122247

[743](12:22:48)[1]-- TIME:20090304-122248

[744](12:22:49)[2]-- TIME:20090304-122249

[745](12:22:50)[3]-- TIME:20090304-122250

[746](12:22:51)[0]-- TIME:20090304-122251

[747](12:22:52)[1]-- TIME:20090304-122252

[748](12:22:53)[2]-- TIME:20090304-122253

[749](12:22:54)[3]-- TIME:20090304-122254

[750](12:22:55)[0]-- TIME:20090304-122255

[751](12:22:56)[1]-- TIME:20090304-122256

[752](12:22:57)[2]-- TIME:20090304-122257

[753](12:22:58)[3]-- TIME:20090304-122258

[754](12:22:59)[0]-- TIME:20090304-122259

[755](12:23:00)[1]-- TIME:20090304-122300

[756](12:23:01)[2]-- TIME:20090304-122301

[757](12:23:02)[3]-- TIME:20090304-122302

[758](12:23:03)[0]-- TIME:20090304-122303

[759](12:23:04)[1]-- TIME:20090304-122304

[760](12:23:05)[2]-- TIME:20090304-122305

[761](12:23:06)[3]-- TIME:20090304-122306

[762](12:23:07)[0]-- TIME:20090304-122307

[763](12:23:08)[1]-- TIME:20090304-122308

[764](12:23:09)[2]-- TIME:20090304-122309

[765](12:23:10)[3]-- TIME:20090304-122310

[766](12:23:11)[0]-- TIME:20090304-122311

[767](12:23:14)[1]-- TIME:20090304-122314

[768](12:23:15)[2]-- TIME:20090304-122315

[769](12:23:16)[3]-- TIME:20090304-122316

[770](12:23:17)[0]-- TIME:20090304-122317

[771](12:23:18)[1]-- TIME:20090304-122318

[772](12:23:19)[2]-- TIME:20090304-122319

[773](12:23:20)[3]-- TIME:20090304-122320

[774](12:23:21)[0]-- TIME:20090304-122321

[775](12:23:22)[1]-- TIME:20090304-122322

[776](12:23:23)[2]-- TIME:20090304-122323

[777](12:23:24)[3]-- TIME:20090304-122324

[778](12:23:25)[0]-- TIME:20090304-122325

[779](12:23:26)[1]-- TIME:20090304-122326

[780](12:23:27)[2]-- TIME:20090304-122327

[781](12:23:28)[3]-- TIME:20090304-122328

[782](12:23:29)[0]-- TIME:20090304-122329

[783](12:23:30)[1]-- TIME:20090304-122330

[784](12:23:31)[2]-- TIME:20090304-122331

[785](12:23:32)[3]-- TIME:20090304-122332

[786](12:23:33)[0]-- TIME:20090304-122333

[787](12:23:34)[1]-- TIME:20090304-122334

[788](12:23:35)[2]-- TIME:20090304-122335

[789](12:23:36)[3]-- TIME:20090304-122336

[790](12:23:37)[0]-- TIME:20090304-122337

[791](12:23:44)[1]-- TIME:20090304-122344

[792](12:23:45)[2]-- TIME:20090304-122345

[793](12:23:46)[3]-- TIME:20090304-122346

[794](12:23:47)10.23.128.24: Timeout
[795](12:23:47)[0]-- TIME:20090304-122347

[796](12:23:48)[1]-- TIME:20090304-122348

[797](12:23:49)[2]-- TIME:20090304-122349

[798](12:23:50)[3]-- TIME:20090304-122350

[799](12:23:51)[0]-- TIME:20090304-122351

[800](12:23:52)[1]-- TIME:20090304-122352

[801](12:23:53)[2]-- TIME:20090304-122353

[802](12:23:54)[3]-- TIME:20090304-122354

[803](12:23:55)[0]-- TIME:20090304-122355

[804](12:23:56)[1]-- TIME:20090304-122356

[805](12:23:57)[2]-- TIME:20090304-122357

[806](12:23:58)[3]-- TIME:20090304-122358

[807](12:23:59)[0]-- TIME:20090304-122359

[808](12:24:00)[1]-- TIME:20090304-122400

[809](12:24:01)[2]-- TIME:20090304-122401

[810](12:24:02)[3]-- TIME:20090304-122402

[811](12:24:03)[0]-- TIME:20090304-122403

[812](12:24:04)[1]-- TIME:20090304-122404

[813](12:24:05)[2]-- TIME:20090304-122405

[814](12:24:06)[3]-- TIME:20090304-122406

[815](12:24:07)[0]-- TIME:20090304-122407

[816](12:24:08)[1]-- TIME:20090304-122408

[817](12:24:09)[2]-- TIME:20090304-122409

[818](12:24:10)[3]-- TIME:20090304-122410

[819](12:24:11)[0]-- TIME:20090304-122411

[820](12:24:12)[1]-- TIME:20090304-122412

[821](12:24:13)[2]-- TIME:20090304-122413

[822](12:24:14)[3]-- TIME:20090304-122414

[823](12:24:15)[0]-- TIME:20090304-122415

[824](12:24:16)[1]-- TIME:20090304-122416

[825](12:24:17)[2]-- TIME:20090304-122417

[826](12:24:18)[3]-- TIME:20090304-122418

[827](12:24:19)[0]-- TIME:20090304-122419

[828](12:24:20)[1]-- TIME:20090304-122420

[829](12:24:21)[2]-- TIME:20090304-122421

[830](12:24:22)[3]-- TIME:20090304-122422

[831](12:24:23)[0]-- TIME:20090304-122423

[832](12:24:24)[1]-- TIME:20090304-122424

[833](12:24:25)[2]-- TIME:20090304-122425

[834](12:24:26)[3]-- TIME:20090304-122426

[835](12:24:39)[0]-- TIME:20090304-122439

[836](12:24:40)[1]-- TIME:20090304-122440

[837](12:24:41)[2]-- TIME:20090304-122441

[838](12:24:42)[3]-- TIME:20090304-122442

[839](12:24:55)[0]-- TIME:20090304-122455

[840](12:24:56)[1]-- TIME:20090304-122456

[841](12:24:57)[2]-- TIME:20090304-122457

[842](12:24:58)[3]-- TIME:20090304-122458

[843](12:25:11)[0]-- TIME:20090304-122511

[844](12:25:12)[1]-- TIME:20090304-122512

[845](12:25:13)[2]-- TIME:20090304-122513

[846](12:25:14)[3]-- TIME:20090304-122514

[847](12:25:15)[0]-- TIME:20090304-122515

[848](12:25:16)[1]-- TIME:20090304-122516

[849](12:25:17)[2]-- TIME:20090304-122517

[850](12:25:18)[3]-- TIME:20090304-122518

[851](12:25:24)[0]-- TIME:20090304-122524

[852](12:25:25)[1]-- TIME:20090304-122525

[853](12:25:26)[2]-- TIME:20090304-122526

[854](12:25:27)[3]-- TIME:20090304-122527

[855](12:25:40)[0]-- TIME:20090304-122540

[856](12:25:41)[1]-- TIME:20090304-122541

[857](12:25:42)[2]-- TIME:20090304-122542

[858](12:25:43)[3]-- TIME:20090304-122543

[859](12:25:49)[0]-- TIME:20090304-122549

[860](12:25:50)[1]-- TIME:20090304-122550

[861](12:25:51)[2]-- TIME:20090304-122551

[862](12:25:52)[3]-- TIME:20090304-122552

[863](12:25:53)[0]-- TIME:20090304-122553

[864](12:25:54)[1]-- TIME:20090304-122554

[865](12:25:55)[2]-- TIME:20090304-122555

[866](12:25:56)[3]-- TIME:20090304-122556

[867](12:25:57)[0]-- TIME:20090304-122557

[868](12:25:58)[1]-- TIME:20090304-122558

[869](12:25:59)[2]-- TIME:20090304-122559

[870](12:26:00)[3]-- TIME:20090304-122600

[871](12:26:01)[0]-- TIME:20090304-122601

[872](12:26:02)[1]-- TIME:20090304-122602

[873](12:26:03)[2]-- TIME:20090304-122603

[874](12:26:04)[3]-- TIME:20090304-122604

[875](12:26:05)[0]-- TIME:20090304-122605

[876](12:26:12)[1]-- TIME:20090304-122612

[877](12:26:13)[2]-- TIME:20090304-122613

[878](12:26:14)[3]-- TIME:20090304-122614

[879](12:26:15)10.23.128.24: Timeout
[880](12:26:15)[0]-- TIME:20090304-122615

[881](12:26:16)[1]-- TIME:20090304-122616

[882](12:26:17)[2]-- TIME:20090304-122617

[883](12:26:18)[3]-- TIME:20090304-122618

[884](12:26:19)[0]-- TIME:20090304-122619

[885](12:26:20)[1]-- TIME:20090304-122620

[886](12:26:21)[2]-- TIME:20090304-122621

[887](12:26:22)[3]-- TIME:20090304-122622

[888](12:26:35)[0]-- TIME:20090304-122635

[889](12:26:36)[1]-- TIME:20090304-122636

[890](12:26:37)[2]-- TIME:20090304-122637

[891](12:26:38)[3]-- TIME:20090304-122638

[892](12:26:39)[0]-- TIME:20090304-122639

[893](12:26:40)[1]-- TIME:20090304-122640

[894](12:26:41)[2]-- TIME:20090304-122641

[895](12:26:42)[3]-- TIME:20090304-122642

[896](12:26:43)[0]-- TIME:20090304-122643

[897](12:26:44)[1]-- TIME:20090304-122644

[898](12:26:45)[2]-- TIME:20090304-122645

[899](12:26:46)[3]-- TIME:20090304-122646

[900](12:26:59)[0]-- TIME:20090304-122659

[901](12:27:00)[1]-- TIME:20090304-122700

[902](12:27:01)[2]-- TIME:20090304-122701

[903](12:27:02)[3]-- TIME:20090304-122702

[904](12:27:15)[0]-- TIME:20090304-122715

[905](12:27:16)[1]-- TIME:20090304-122716

[906](12:27:17)[2]-- TIME:20090304-122717

[907](12:27:18)[3]-- TIME:20090304-122718

[908](12:27:19)[0]-- TIME:20090304-122719

[909](12:27:20)[1]-- TIME:20090304-122720

[910](12:27:21)[2]-- TIME:20090304-122721

[911](12:27:22)[3]-- TIME:20090304-122722

[912](12:27:36)[0]-- TIME:20090304-122736

[913](12:27:37)[1]-- TIME:20090304-122737

[914](12:27:38)[2]-- TIME:20090304-122738

[915](12:27:39)[3]-- TIME:20090304-122739

[916](12:27:40)[0]-- TIME:20090304-122740

[917](12:27:41)[1]-- TIME:20090304-122741

[918](12:27:42)[2]-- TIME:20090304-122742

[919](12:27:43)[3]-- TIME:20090304-122743

[920](12:27:44)[0]-- TIME:20090304-122744

[921](12:27:45)[1]-- TIME:20090304-122745

[922](12:27:46)[2]-- TIME:20090304-122746

[923](12:27:47)[3]-- TIME:20090304-122747

[924](12:28:00)[0]-- TIME:20090304-122800

[925](12:28:01)[1]-- TIME:20090304-122801

[926](12:28:02)[2]-- TIME:20090304-122802

[927](12:28:03)[3]-- TIME:20090304-122803

[928](12:28:04)[0]-- TIME:20090304-122804

[929](12:28:05)[1]-- TIME:20090304-122805

[930](12:28:06)[2]-- TIME:20090304-122806

[931](12:28:07)[3]-- TIME:20090304-122807

[932](12:28:10)[0]-- TIME:20090304-122810

[933](12:28:11)[1]-- TIME:20090304-122811

[934](12:28:12)[2]-- TIME:20090304-122812

[935](12:28:13)[3]-- TIME:20090304-122813

[936](12:28:14)[0]-- TIME:20090304-122814

[937](12:28:15)[1]-- TIME:20090304-122815

[938](12:28:16)[2]-- TIME:20090304-122816

[939](12:28:17)[3]-- TIME:20090304-122817

[940](12:28:18)[0]-- TIME:20090304-122818

[941](12:28:19)[1]-- TIME:20090304-122819

[942](12:28:20)[2]-- TIME:20090304-122820

[943](12:28:21)[3]-- TIME:20090304-122821

[944](12:28:22)[0]-- TIME:20090304-122822

[945](12:28:23)[1]-- TIME:20090304-122823

[946](12:28:24)[2]-- TIME:20090304-122824

[947](12:28:25)[3]-- TIME:20090304-122825

[948](12:28:31)[0]-- TIME:20090304-122831

[949](12:28:32)[1]-- TIME:20090304-122832

[950](12:28:33)[2]-- TIME:20090304-122833

[951](12:28:34)[3]-- TIME:20090304-122834

[952](12:28:35)[0]-- TIME:20090304-122835

[953](12:28:36)[1]-- TIME:20090304-122836

[954](12:28:37)[2]-- TIME:20090304-122837

[955](12:28:38)[3]-- TIME:20090304-122838

[956](12:28:39)[0]-- TIME:20090304-122839

[957](12:28:40)[1]-- TIME:20090304-122840

[958](12:28:41)[2]-- TIME:20090304-122841

[959](12:28:42)[3]-- TIME:20090304-122842

[960](12:28:43)[0]-- TIME:20090304-122843

[961](12:28:44)[1]-- TIME:20090304-122844

[962](12:28:45)[2]-- TIME:20090304-122845

[963](12:28:46)[3]-- TIME:20090304-122846

[964](12:28:59)[0]-- TIME:20090304-122859

[965](12:29:00)[1]-- TIME:20090304-122900

[966](12:29:01)[2]-- TIME:20090304-122901

[967](12:29:02)[3]-- TIME:20090304-122902

[968](12:29:15)[0]-- TIME:20090304-122915

[969](12:29:16)[1]-- TIME:20090304-122916

[970](12:29:17)[2]-- TIME:20090304-122917

[971](12:29:18)[3]-- TIME:20090304-122918

[972](12:29:45)[0]-- TIME:20090304-122945

[973](12:29:46)[1]-- TIME:20090304-122946

[974](12:29:47)[2]-- TIME:20090304-122947

[975](12:29:48)[3]-- TIME:20090304-122948

[976](12:29:49)[0]-- TIME:20090304-122949

[977](12:29:50)[1]-- TIME:20090304-122950

[978](12:29:51)[2]-- TIME:20090304-122951

[979](12:29:52)[3]-- TIME:20090304-122952

[980](12:29:53)[0]-- TIME:20090304-122953

[981](12:29:54)[1]-- TIME:20090304-122954

[982](12:29:55)[2]-- TIME:20090304-122955

[983](12:29:56)[3]-- TIME:20090304-122956

[984](12:30:09)[0]-- TIME:20090304-123009

[985](12:30:10)[1]-- TIME:20090304-123010

[986](12:30:11)[2]-- TIME:20090304-123011

[987](12:30:12)[3]-- TIME:20090304-123012

[988](12:30:13)[0]-- TIME:20090304-123013

[989](12:30:14)[1]-- TIME:20090304-123014

[990](12:30:15)[2]-- TIME:20090304-123015

[991](12:30:16)[3]-- TIME:20090304-123016

[992](12:30:17)[0]-- TIME:20090304-123017

[993](12:30:18)[1]-- TIME:20090304-123018

[994](12:30:19)[2]-- TIME:20090304-123019

[995](12:30:20)[3]-- TIME:20090304-123020

[996](12:30:23)[0]-- TIME:20090304-123023

[997](12:30:24)[1]-- TIME:20090304-123024

[998](12:30:25)[2]-- TIME:20090304-123025

[999](12:30:26)[3]-- TIME:20090304-123026

[1000](12:30:28)[0]-- TIME:20090304-123028
