
[0](12:42:49)192.168.1.130: Timeout
[1](12:42:50)[0]-- TIME:20090220-124250

[2](12:42:51)[1]-- TIME:20090220-124251

[3](12:42:52)[2]-- TIME:20090220-124252

[4](12:42:53)[3]-- TIME:20090220-124253

[5](12:42:53)192.168.1.130: Timeout
[6](12:42:54)[0]-- TIME:20090220-124254

[7](12:42:55)[1]-- TIME:20090220-124255

[8](12:42:56)[2]-- TIME:20090220-124256

[9](12:42:57)[3]-- TIME:20090220-124257

[10](12:42:57)192.168.1.130: Timeout
[11](12:42:58)[0]-- TIME:20090220-124258

[12](12:42:59)[1]-- TIME:20090220-124259

[13](12:43:00)[2]-- TIME:20090220-124300

[14](12:43:01)[3]-- TIME:20090220-124301

[15](12:43:01)192.168.1.130: Timeout
[16](12:43:02)[0]-- TIME:20090220-124302

[17](12:43:03)[1]-- TIME:20090220-124303

[18](12:43:04)[2]-- TIME:20090220-124304

[19](12:43:05)[3]-- TIME:20090220-124305

[20](12:43:05)192.168.1.130: Timeout
[21](12:43:06)[0]-- TIME:20090220-124306

[22](12:43:07)[1]-- TIME:20090220-124307

[23](12:43:08)[2]-- TIME:20090220-124308

[24](12:43:09)[3]-- TIME:20090220-124309

[25](12:43:09)192.168.1.130: Timeout
[26](12:43:10)[0]-- TIME:20090220-124310

[27](12:43:11)[1]-- TIME:20090220-124311

[28](12:43:12)[2]-- TIME:20090220-124312

[29](12:43:13)[3]-- TIME:20090220-124313

[30](12:43:13)192.168.1.130: Timeout
[31](12:43:14)[0]-- TIME:20090220-124314

[32](12:43:15)[1]-- TIME:20090220-124315

[33](12:43:16)[2]-- TIME:20090220-124316

[34](12:43:17)[3]-- TIME:20090220-124317

[35](12:43:17)192.168.1.130: Timeout
[36](12:43:18)[0]-- TIME:20090220-124318

[37](12:43:19)[1]-- TIME:20090220-124319

[38](12:43:20)[2]-- TIME:20090220-124320

[39](12:43:21)[3]-- TIME:20090220-124321

[40](12:43:21)192.168.1.130: Timeout
[41](12:43:22)[0]-- TIME:20090220-124322

[42](12:43:23)[1]-- TIME:20090220-124323

[43](12:43:24)[2]-- TIME:20090220-124324

[44](12:43:25)[3]-- TIME:20090220-124325

[45](12:43:25)192.168.1.130: Timeout
[46](12:43:26)[0]-- TIME:20090220-124326

[47](12:43:27)[1]-- TIME:20090220-124327

[48](12:43:28)[2]-- TIME:20090220-124328

[49](12:43:29)[3]-- TIME:20090220-124329

[50](12:43:29)192.168.1.130: Timeout
[51](12:43:30)[0]-- TIME:20090220-124330

[52](12:43:31)[1]-- TIME:20090220-124331

[53](12:43:32)[2]-- TIME:20090220-124332

[54](12:43:33)[3]-- TIME:20090220-124333

[55](12:43:33)192.168.1.130: Timeout
[56](12:43:34)[0]-- TIME:20090220-124334

[57](12:43:35)[1]-- TIME:20090220-124335

[58](12:43:36)[2]-- TIME:20090220-124336

[59](12:43:37)[3]-- TIME:20090220-124337

[60](12:43:37)192.168.1.130: Timeout
[61](12:43:38)[0]-- TIME:20090220-124338

[62](12:43:39)[1]-- TIME:20090220-124339

[63](12:43:40)[2]-- TIME:20090220-124340

[64](12:43:41)[3]-- TIME:20090220-124341

[65](12:43:41)192.168.1.130: Timeout
[66](12:43:42)[0]-- TIME:20090220-124342

[67](12:43:43)[1]-- TIME:20090220-124343

[68](12:43:44)[2]-- TIME:20090220-124344

[69](12:43:45)[3]-- TIME:20090220-124345

[70](12:43:45)192.168.1.130: Timeout
[71](12:43:46)[0]-- TIME:20090220-124346

[72](12:43:47)[1]-- TIME:20090220-124347

[73](12:43:48)[2]-- TIME:20090220-124348

[74](12:43:49)[3]-- TIME:20090220-124349

[75](12:43:49)192.168.1.130: Timeout
[76](12:43:50)[0]-- TIME:20090220-124350

[77](12:43:51)[1]-- TIME:20090220-124351

[78](12:43:52)[2]-- TIME:20090220-124352

[79](12:43:53)[3]-- TIME:20090220-124353

[80](12:43:53)192.168.1.130: Timeout
[81](12:43:54)[0]-- TIME:20090220-124354

[82](12:43:55)[1]-- TIME:20090220-124355

[83](12:43:56)[2]-- TIME:20090220-124356

[84](12:43:57)[3]-- TIME:20090220-124357

[85](12:43:57)192.168.1.130: Timeout
[86](12:43:58)[0]-- TIME:20090220-124358

[87](12:43:59)[1]-- TIME:20090220-124359

[88](12:44:00)[2]-- TIME:20090220-124400

[89](12:44:01)[3]-- TIME:20090220-124401

[90](12:44:01)192.168.1.130: Timeout
[91](12:44:02)[0]-- TIME:20090220-124402

[92](12:44:03)[1]-- TIME:20090220-124403

[93](12:44:04)[2]-- TIME:20090220-124404

[94](12:44:05)[3]-- TIME:20090220-124405

[95](12:44:05)192.168.1.130: Timeout
[96](12:44:06)[0]-- TIME:20090220-124406

[97](12:44:07)[1]-- TIME:20090220-124407

[98](12:44:08)[2]-- TIME:20090220-124408

[99](12:44:09)[3]-- TIME:20090220-124409

[100](12:44:09)192.168.1.130: Timeout
[101](12:44:10)[0]-- TIME:20090220-124410

[102](12:44:11)[1]-- TIME:20090220-124411

[103](12:44:12)[2]-- TIME:20090220-124412

[104](12:44:13)[3]-- TIME:20090220-124413

[105](12:44:13)192.168.1.130: Timeout
[106](12:44:14)[0]-- TIME:20090220-124414

[107](12:44:15)[1]-- TIME:20090220-124415

[108](12:44:16)[2]-- TIME:20090220-124416

[109](12:44:17)[3]-- TIME:20090220-124417

[110](12:44:17)192.168.1.130: Timeout
[111](12:44:18)[0]-- TIME:20090220-124418

[112](12:44:19)[1]-- TIME:20090220-124419

[113](12:44:20)[2]-- TIME:20090220-124420

[114](12:44:21)[3]-- TIME:20090220-124421

[115](12:44:21)192.168.1.130: Timeout
[116](12:44:22)[0]-- TIME:20090220-124422

[117](12:44:23)[1]-- TIME:20090220-124423

[118](12:44:24)[2]-- TIME:20090220-124424

[119](12:44:25)[3]-- TIME:20090220-124425

[120](12:44:25)192.168.1.130: Timeout
[121](12:44:26)[0]-- TIME:20090220-124426

[122](12:44:27)[1]-- TIME:20090220-124427

[123](12:44:28)[2]-- TIME:20090220-124428

[124](12:44:29)[3]-- TIME:20090220-124429

[125](12:44:29)192.168.1.130: Timeout
[126](12:44:30)[0]-- TIME:20090220-124430

[127](12:44:31)[1]-- TIME:20090220-124431

[128](12:44:32)[2]-- TIME:20090220-124432

[129](12:44:33)[3]-- TIME:20090220-124433

[130](12:44:33)192.168.1.130: Timeout
[131](12:44:34)[0]-- TIME:20090220-124434

[132](12:44:35)[1]-- TIME:20090220-124435

[133](12:44:36)[2]-- TIME:20090220-124436

[134](12:44:37)[3]-- TIME:20090220-124437

[135](12:44:37)192.168.1.130: Timeout
[136](12:44:38)[0]-- TIME:20090220-124438

[137](12:44:39)[1]-- TIME:20090220-124439

[138](12:44:40)[2]-- TIME:20090220-124440

[139](12:44:41)[3]-- TIME:20090220-124441

[140](12:44:41)192.168.1.130: Timeout
[141](12:44:42)[0]-- TIME:20090220-124442

[142](12:44:43)[1]-- TIME:20090220-124443

[143](12:44:44)[2]-- TIME:20090220-124444

[144](12:44:45)[3]-- TIME:20090220-124445

[145](12:44:45)192.168.1.130: Timeout
[146](12:44:46)[0]-- TIME:20090220-124446

[147](12:44:47)[1]-- TIME:20090220-124447

[148](12:44:48)[2]-- TIME:20090220-124448

[149](12:44:49)[3]-- TIME:20090220-124449

[150](12:44:49)192.168.1.130: Timeout
[151](12:44:50)[0]-- TIME:20090220-124450

[152](12:44:51)[1]-- TIME:20090220-124451

[153](12:44:52)[2]-- TIME:20090220-124452

[154](12:44:53)[3]-- TIME:20090220-124453

[155](12:44:53)192.168.1.130: Timeout
[156](12:44:54)[0]-- TIME:20090220-124454

[157](12:44:55)[1]-- TIME:20090220-124455

[158](12:44:56)[2]-- TIME:20090220-124456

[159](12:44:57)[3]-- TIME:20090220-124457

[160](12:44:57)192.168.1.130: Timeout
[161](12:44:58)[0]-- TIME:20090220-124458

[162](12:44:59)[1]-- TIME:20090220-124459

[163](12:45:00)[2]-- TIME:20090220-124500

[164](12:45:01)[3]-- TIME:20090220-124501

[165](12:45:01)192.168.1.130: Timeout
[166](12:45:02)[0]-- TIME:20090220-124502

[167](12:45:03)[1]-- TIME:20090220-124503

[168](12:45:04)[2]-- TIME:20090220-124504

[169](12:45:05)[3]-- TIME:20090220-124505

[170](12:45:05)192.168.1.130: Timeout
[171](12:45:06)[0]-- TIME:20090220-124506

[172](12:45:07)[1]-- TIME:20090220-124507

[173](12:45:08)[2]-- TIME:20090220-124508

[174](12:45:09)[3]-- TIME:20090220-124509

[175](12:45:09)192.168.1.130: Timeout
[176](12:45:10)[0]-- TIME:20090220-124510

[177](12:45:11)[1]-- TIME:20090220-124511

[178](12:45:12)[2]-- TIME:20090220-124512

[179](12:45:13)[3]-- TIME:20090220-124513

[180](12:45:13)192.168.1.130: Timeout
[181](12:45:14)[0]-- TIME:20090220-124514

[182](12:45:15)[1]-- TIME:20090220-124515

[183](12:45:16)[2]-- TIME:20090220-124516

[184](12:45:17)[3]-- TIME:20090220-124517

[185](12:45:17)192.168.1.130: Timeout
[186](12:45:18)[0]-- TIME:20090220-124518

[187](12:45:19)[1]-- TIME:20090220-124519

[188](12:45:20)[2]-- TIME:20090220-124520

[189](12:45:21)[3]-- TIME:20090220-124521

[190](12:45:21)192.168.1.130: Timeout
[191](12:45:22)[0]-- TIME:20090220-124522

[192](12:45:23)[1]-- TIME:20090220-124523

[193](12:45:24)[2]-- TIME:20090220-124524

[194](12:45:25)[3]-- TIME:20090220-124525

[195](12:45:25)192.168.1.130: Timeout
[196](12:45:26)[0]-- TIME:20090220-124526

[197](12:45:27)[1]-- TIME:20090220-124527

[198](12:45:28)[2]-- TIME:20090220-124528

[199](12:45:29)[3]-- TIME:20090220-124529

[200](12:45:29)192.168.1.130: Timeout
[201](12:45:30)[0]-- TIME:20090220-124530

[202](12:45:31)[1]-- TIME:20090220-124531

[203](12:45:32)[2]-- TIME:20090220-124532

[204](12:45:33)[3]-- TIME:20090220-124533

[205](12:45:33)192.168.1.130: Timeout
[206](12:45:34)[0]-- TIME:20090220-124534

[207](12:45:35)[1]-- TIME:20090220-124535

[208](12:45:36)[2]-- TIME:20090220-124536

[209](12:45:37)[3]-- TIME:20090220-124537

[210](12:45:37)192.168.1.130: Timeout
[211](12:45:38)[0]-- TIME:20090220-124538

[212](12:45:39)[1]-- TIME:20090220-124539

[213](12:45:40)[2]-- TIME:20090220-124540

[214](12:45:41)[3]-- TIME:20090220-124541

[215](12:45:41)192.168.1.130: Timeout
[216](12:45:42)[0]-- TIME:20090220-124542

[217](12:45:43)[1]-- TIME:20090220-124543

[218](12:45:44)[2]-- TIME:20090220-124544

[219](12:45:45)[3]-- TIME:20090220-124545

[220](12:45:45)192.168.1.130: Timeout
[221](12:45:46)[0]-- TIME:20090220-124546

[222](12:45:47)[1]-- TIME:20090220-124547

[223](12:45:48)[2]-- TIME:20090220-124548

[224](12:45:49)[3]-- TIME:20090220-124549

[225](12:45:49)192.168.1.130: Timeout
[226](12:45:50)[0]-- TIME:20090220-124550

[227](12:45:51)[1]-- TIME:20090220-124551

[228](12:45:52)[2]-- TIME:20090220-124552

[229](12:45:53)[3]-- TIME:20090220-124553

[230](12:45:53)192.168.1.130: Timeout
[231](12:45:54)[0]-- TIME:20090220-124554

[232](12:45:55)[1]-- TIME:20090220-124555

[233](12:45:56)[2]-- TIME:20090220-124556

[234](12:45:57)[3]-- TIME:20090220-124557

[235](12:45:57)192.168.1.130: Timeout
[236](12:45:58)[0]-- TIME:20090220-124558

[237](12:45:59)[1]-- TIME:20090220-124559

[238](12:46:00)[2]-- TIME:20090220-124600

[239](12:46:01)[3]-- TIME:20090220-124601

[240](12:46:01)192.168.1.130: Timeout
[241](12:46:02)[0]-- TIME:20090220-124602

[242](12:46:03)[1]-- TIME:20090220-124603

[243](12:46:04)[2]-- TIME:20090220-124604

[244](12:46:05)[3]-- TIME:20090220-124605

[245](12:46:05)192.168.1.130: Timeout
[246](12:46:06)[0]-- TIME:20090220-124606

[247](12:46:07)[1]-- TIME:20090220-124607

[248](12:46:08)[2]-- TIME:20090220-124608

[249](12:46:09)[3]-- TIME:20090220-124609

[250](12:46:09)192.168.1.130: Timeout
[251](12:46:10)[0]-- TIME:20090220-124610

[252](12:46:11)[1]-- TIME:20090220-124611

[253](12:46:12)[2]-- TIME:20090220-124612

[254](12:46:13)[3]-- TIME:20090220-124613

[255](12:46:13)192.168.1.130: Timeout
[256](12:46:14)[0]-- TIME:20090220-124614

[257](12:46:15)[1]-- TIME:20090220-124615

[258](12:46:16)[2]-- TIME:20090220-124616

[259](12:46:17)[3]-- TIME:20090220-124617

[260](12:46:17)192.168.1.130: Timeout
[261](12:46:18)[0]-- TIME:20090220-124618

[262](12:46:19)[1]-- TIME:20090220-124619

[263](12:46:20)[2]-- TIME:20090220-124620

[264](12:46:21)[3]-- TIME:20090220-124621

[265](12:46:21)192.168.1.130: Timeout
[266](12:46:22)[0]-- TIME:20090220-124622

[267](12:46:23)[1]-- TIME:20090220-124623

[268](12:46:24)[2]-- TIME:20090220-124624

[269](12:46:25)[3]-- TIME:20090220-124625

[270](12:46:25)192.168.1.130: Timeout
[271](12:46:26)[0]-- TIME:20090220-124626

[272](12:46:27)[1]-- TIME:20090220-124627

[273](12:46:28)[2]-- TIME:20090220-124628

[274](12:46:29)[3]-- TIME:20090220-124629

[275](12:46:29)192.168.1.130: Timeout
[276](12:46:30)[0]-- TIME:20090220-124630

[277](12:46:31)[1]-- TIME:20090220-124631

[278](12:46:32)[2]-- TIME:20090220-124632

[279](12:46:33)[3]-- TIME:20090220-124633

[280](12:46:33)192.168.1.130: Timeout
[281](12:46:34)[0]-- TIME:20090220-124634

[282](12:46:35)[1]-- TIME:20090220-124635

[283](12:46:36)[2]-- TIME:20090220-124636

[284](12:46:37)[3]-- TIME:20090220-124637

[285](12:46:37)192.168.1.130: Timeout
[286](12:46:38)[0]-- TIME:20090220-124638

[287](12:46:39)[1]-- TIME:20090220-124639

[288](12:46:40)[2]-- TIME:20090220-124640

[289](12:46:41)[3]-- TIME:20090220-124641

[290](12:46:41)192.168.1.130: Timeout
[291](12:46:42)[0]-- TIME:20090220-124642

[292](12:46:43)[1]-- TIME:20090220-124643

[293](12:46:44)[2]-- TIME:20090220-124644

[294](12:46:45)[3]-- TIME:20090220-124645

[295](12:46:45)192.168.1.130: Timeout
[296](12:46:46)[0]-- TIME:20090220-124646

[297](12:46:47)[1]-- TIME:20090220-124647

[298](12:46:48)[2]-- TIME:20090220-124648

[299](12:46:49)[3]-- TIME:20090220-124649

[300](12:46:49)192.168.1.130: Timeout
[301](12:46:50)[0]-- TIME:20090220-124650

[302](12:46:51)[1]-- TIME:20090220-124651

[303](12:46:52)[2]-- TIME:20090220-124652

[304](12:46:53)[3]-- TIME:20090220-124653

[305](12:46:53)192.168.1.130: Timeout
[306](12:46:54)[0]-- TIME:20090220-124654

[307](12:46:55)[1]-- TIME:20090220-124655

[308](12:46:56)[2]-- TIME:20090220-124656

[309](12:46:57)[3]-- TIME:20090220-124657

[310](12:46:57)192.168.1.130: Timeout
[311](12:46:58)[0]-- TIME:20090220-124658

[312](12:46:59)[1]-- TIME:20090220-124659

[313](12:47:00)[2]-- TIME:20090220-124700

[314](12:47:01)[3]-- TIME:20090220-124701

[315](12:47:01)192.168.1.130: Timeout
[316](12:47:02)[0]-- TIME:20090220-124702

[317](12:47:03)[1]-- TIME:20090220-124703

[318](12:47:04)[2]-- TIME:20090220-124704

[319](12:47:05)[3]-- TIME:20090220-124705

[320](12:47:05)192.168.1.130: Timeout
[321](12:47:06)[0]-- TIME:20090220-124706

[322](12:47:07)[1]-- TIME:20090220-124707

[323](12:47:08)[2]-- TIME:20090220-124708

[324](12:47:09)[3]-- TIME:20090220-124709

[325](12:47:09)192.168.1.130: Timeout
[326](12:47:10)[0]-- TIME:20090220-124710

[327](12:47:11)[1]-- TIME:20090220-124711

[328](12:47:12)[2]-- TIME:20090220-124712

[329](12:47:13)[3]-- TIME:20090220-124713

[330](12:47:13)192.168.1.130: Timeout
[331](12:47:14)[0]-- TIME:20090220-124714

[332](12:47:15)[1]-- TIME:20090220-124715

[333](12:47:16)[2]-- TIME:20090220-124716

[334](12:47:17)[3]-- TIME:20090220-124717

[335](12:47:17)192.168.1.130: Timeout
[336](12:47:18)[0]-- TIME:20090220-124718

[337](12:47:19)[1]-- TIME:20090220-124719

[338](12:47:20)[2]-- TIME:20090220-124720

[339](12:47:21)[3]-- TIME:20090220-124721

[340](12:47:21)192.168.1.130: Timeout
[341](12:47:22)[0]-- TIME:20090220-124722

[342](12:47:23)[1]-- TIME:20090220-124723

[343](12:47:24)[2]-- TIME:20090220-124724

[344](12:47:25)[3]-- TIME:20090220-124725

[345](12:47:25)192.168.1.130: Timeout
[346](12:47:26)[0]-- TIME:20090220-124726

[347](12:47:27)[1]-- TIME:20090220-124727

[348](12:47:28)[2]-- TIME:20090220-124728

[349](12:47:29)[3]-- TIME:20090220-124729

[350](12:47:29)192.168.1.130: Timeout
[351](12:47:30)[0]-- TIME:20090220-124730

[352](12:47:31)[1]-- TIME:20090220-124731

[353](12:47:32)[2]-- TIME:20090220-124732

[354](12:47:33)[3]-- TIME:20090220-124733

[355](12:47:33)192.168.1.130: Timeout
[356](12:47:34)[0]-- TIME:20090220-124734

[357](12:47:35)[1]-- TIME:20090220-124735

[358](12:47:36)[2]-- TIME:20090220-124736

[359](12:47:37)[3]-- TIME:20090220-124737

[360](12:47:37)192.168.1.130: Timeout
[361](12:47:38)[0]-- TIME:20090220-124738

[362](12:47:39)[1]-- TIME:20090220-124739

[363](12:47:40)[2]-- TIME:20090220-124740

[364](12:47:41)[3]-- TIME:20090220-124741

[365](12:47:41)192.168.1.130: Timeout
[366](12:47:42)[0]-- TIME:20090220-124742

[367](12:47:43)[1]-- TIME:20090220-124743

[368](12:47:44)[2]-- TIME:20090220-124744

[369](12:47:45)[3]-- TIME:20090220-124745

[370](12:47:45)192.168.1.130: Timeout
[371](12:47:46)[0]-- TIME:20090220-124746

[372](12:47:47)[1]-- TIME:20090220-124747

[373](12:47:48)[2]-- TIME:20090220-124748

[374](12:47:49)[3]-- TIME:20090220-124749

[375](12:47:49)192.168.1.130: Timeout
[376](12:47:50)[0]-- TIME:20090220-124750

[377](12:47:51)[1]-- TIME:20090220-124751

[378](12:47:52)[2]-- TIME:20090220-124752

[379](12:47:53)[3]-- TIME:20090220-124753

[380](12:47:53)192.168.1.130: Timeout
[381](12:47:54)[0]-- TIME:20090220-124754

[382](12:47:55)[1]-- TIME:20090220-124755

[383](12:47:56)[2]-- TIME:20090220-124756

[384](12:47:57)[3]-- TIME:20090220-124757

[385](12:47:57)192.168.1.130: Timeout
[386](12:47:58)[0]-- TIME:20090220-124758

[387](12:47:59)[1]-- TIME:20090220-124759

[388](12:48:00)[2]-- TIME:20090220-124800

[389](12:48:01)[3]-- TIME:20090220-124801

[390](12:48:01)192.168.1.130: Timeout
[391](12:48:02)[0]-- TIME:20090220-124802

[392](12:48:03)[1]-- TIME:20090220-124803

[393](12:48:04)[2]-- TIME:20090220-124804

[394](12:48:05)[3]-- TIME:20090220-124805

[395](12:48:05)192.168.1.130: Timeout
[396](12:48:06)[0]-- TIME:20090220-124806

[397](12:48:07)[1]-- TIME:20090220-124807

[398](12:48:08)[2]-- TIME:20090220-124808

[399](12:48:09)[3]-- TIME:20090220-124809

[400](12:48:09)192.168.1.130: Timeout
[401](12:48:10)[0]-- TIME:20090220-124810

[402](12:48:11)[1]-- TIME:20090220-124811

[403](12:48:12)[2]-- TIME:20090220-124812

[404](12:48:13)[3]-- TIME:20090220-124813

[405](12:48:13)192.168.1.130: Timeout
[406](12:48:14)[0]-- TIME:20090220-124814

[407](12:48:15)[1]-- TIME:20090220-124815

[408](12:48:16)[2]-- TIME:20090220-124816

[409](12:48:17)[3]-- TIME:20090220-124817

[410](12:48:17)192.168.1.130: Timeout
[411](12:48:18)[0]-- TIME:20090220-124818

[412](12:48:19)[1]-- TIME:20090220-124819

[413](12:48:20)[2]-- TIME:20090220-124820

[414](12:48:21)[3]-- TIME:20090220-124821

[415](12:48:21)192.168.1.130: Timeout
[416](12:48:22)[0]-- TIME:20090220-124822

[417](12:48:23)[1]-- TIME:20090220-124823

[418](12:48:24)[2]-- TIME:20090220-124824

[419](12:48:25)[3]-- TIME:20090220-124825

[420](12:48:25)192.168.1.130: Timeout
[421](12:48:26)[0]-- TIME:20090220-124826

[422](12:48:27)[1]-- TIME:20090220-124827

[423](12:48:28)[2]-- TIME:20090220-124828

[424](12:48:29)[3]-- TIME:20090220-124829

[425](12:48:29)192.168.1.130: Timeout
[426](12:48:30)[0]-- TIME:20090220-124830

[427](12:48:31)[1]-- TIME:20090220-124831

[428](12:48:32)[2]-- TIME:20090220-124832

[429](12:48:33)[3]-- TIME:20090220-124833

[430](12:48:33)192.168.1.130: Timeout
[431](12:48:34)[0]-- TIME:20090220-124834

[432](12:48:35)[1]-- TIME:20090220-124835

[433](12:48:36)[2]-- TIME:20090220-124836

[434](12:48:37)[3]-- TIME:20090220-124837

[435](12:48:37)192.168.1.130: Timeout
[436](12:48:38)[0]-- TIME:20090220-124838

[437](12:48:39)[1]-- TIME:20090220-124839

[438](12:48:40)[2]-- TIME:20090220-124840

[439](12:48:41)[3]-- TIME:20090220-124841

[440](12:48:41)192.168.1.130: Timeout
[441](12:48:42)[0]-- TIME:20090220-124842

[442](12:48:43)[1]-- TIME:20090220-124843

[443](12:48:44)[2]-- TIME:20090220-124844

[444](12:48:45)[3]-- TIME:20090220-124845

[445](12:48:45)192.168.1.130: Timeout
[446](12:48:46)[0]-- TIME:20090220-124846

[447](12:48:47)[1]-- TIME:20090220-124847

[448](12:48:48)[2]-- TIME:20090220-124848

[449](12:48:49)[3]-- TIME:20090220-124849

[450](12:48:49)192.168.1.130: Timeout
[451](12:48:50)[0]-- TIME:20090220-124850

[452](12:48:51)[1]-- TIME:20090220-124851

[453](12:48:52)[2]-- TIME:20090220-124852

[454](12:48:53)[3]-- TIME:20090220-124853

[455](12:48:53)192.168.1.130: Timeout
[456](12:48:54)[0]-- TIME:20090220-124854

[457](12:48:55)[1]-- TIME:20090220-124855

[458](12:48:56)[2]-- TIME:20090220-124856

[459](12:48:57)[3]-- TIME:20090220-124857

[460](12:48:57)192.168.1.130: Timeout
[461](12:48:58)[0]-- TIME:20090220-124858

[462](12:48:59)[1]-- TIME:20090220-124859

[463](12:49:00)[2]-- TIME:20090220-124900

[464](12:49:01)[3]-- TIME:20090220-124901

[465](12:49:01)192.168.1.130: Timeout
[466](12:49:02)[0]-- TIME:20090220-124902

[467](12:49:03)[1]-- TIME:20090220-124903

[468](12:49:04)[2]-- TIME:20090220-124904

[469](12:49:05)[3]-- TIME:20090220-124905

[470](12:49:05)192.168.1.130: Timeout
[471](12:49:06)[0]-- TIME:20090220-124906

[472](12:49:07)[1]-- TIME:20090220-124907

[473](12:49:08)[2]-- TIME:20090220-124908

[474](12:49:09)[3]-- TIME:20090220-124909

[475](12:49:09)192.168.1.130: Timeout
[476](12:49:10)[0]-- TIME:20090220-124910

[477](12:49:11)[1]-- TIME:20090220-124911

[478](12:49:12)[2]-- TIME:20090220-124912

[479](12:49:13)[3]-- TIME:20090220-124913

[480](12:49:13)192.168.1.130: Timeout
[481](12:49:14)[0]-- TIME:20090220-124914

[482](12:49:15)[1]-- TIME:20090220-124915

[483](12:49:16)[2]-- TIME:20090220-124916

[484](12:49:17)[3]-- TIME:20090220-124917

[485](12:49:17)192.168.1.130: Timeout
[486](12:49:18)[0]-- TIME:20090220-124918

[487](12:49:19)[1]-- TIME:20090220-124919

[488](12:49:20)[2]-- TIME:20090220-124920

[489](12:49:21)[3]-- TIME:20090220-124921

[490](12:49:21)192.168.1.130: Timeout
[491](12:49:22)[0]-- TIME:20090220-124922

[492](12:49:23)[1]-- TIME:20090220-124923

[493](12:49:24)[2]-- TIME:20090220-124924

[494](12:49:25)[3]-- TIME:20090220-124925

[495](12:49:26)192.168.1.130: Timeout
[496](12:49:26)[0]-- TIME:20090220-124926

[497](12:49:27)[1]-- TIME:20090220-124927

[498](12:49:28)[2]-- TIME:20090220-124928

[499](12:49:29)[3]-- TIME:20090220-124929

[500](12:49:29)192.168.1.130: Timeout
[501](12:49:30)[0]-- TIME:20090220-124930

[502](12:49:31)[1]-- TIME:20090220-124931

[503](12:49:32)[2]-- TIME:20090220-124932

[504](12:49:33)[3]-- TIME:20090220-124933

[505](12:49:33)192.168.1.130: Timeout
[506](12:49:34)[0]-- TIME:20090220-124934

[507](12:49:35)[1]-- TIME:20090220-124935

[508](12:49:36)[2]-- TIME:20090220-124936

[509](12:49:37)[3]-- TIME:20090220-124937

[510](12:49:37)192.168.1.130: Timeout
[511](12:49:38)[0]-- TIME:20090220-124938

[512](12:49:39)[1]-- TIME:20090220-124939

[513](12:49:40)[2]-- TIME:20090220-124940

[514](12:49:41)[3]-- TIME:20090220-124941

[515](12:49:41)192.168.1.130: Timeout
[516](12:49:42)[0]-- TIME:20090220-124942

[517](12:49:43)[1]-- TIME:20090220-124943

[518](12:49:44)[2]-- TIME:20090220-124944

[519](12:49:45)[3]-- TIME:20090220-124945

[520](12:49:45)192.168.1.130: Timeout
[521](12:49:46)[0]-- TIME:20090220-124946

[522](12:49:47)[1]-- TIME:20090220-124947

[523](12:49:48)[2]-- TIME:20090220-124948

[524](12:49:49)[3]-- TIME:20090220-124949

[525](12:49:49)192.168.1.130: Timeout
[526](12:49:50)[0]-- TIME:20090220-124950

[527](12:49:51)[1]-- TIME:20090220-124951

[528](12:49:52)[2]-- TIME:20090220-124952

[529](12:49:53)[3]-- TIME:20090220-124953

[530](12:49:53)192.168.1.130: Timeout
[531](12:49:54)[0]-- TIME:20090220-124954

[532](12:49:55)[1]-- TIME:20090220-124955

[533](12:49:56)[2]-- TIME:20090220-124956

[534](12:49:57)[3]-- TIME:20090220-124957

[535](12:49:57)192.168.1.130: Timeout
[536](12:49:58)[0]-- TIME:20090220-124958

[537](12:49:59)[1]-- TIME:20090220-124959

[538](12:50:00)[2]-- TIME:20090220-125000

[539](12:50:01)[3]-- TIME:20090220-125001

[540](12:50:01)192.168.1.130: Timeout
[541](12:50:02)[0]-- TIME:20090220-125002

[542](12:50:03)[1]-- TIME:20090220-125003

[543](12:50:04)[2]-- TIME:20090220-125004

[544](12:50:05)[3]-- TIME:20090220-125005

[545](12:50:05)192.168.1.130: Timeout
[546](12:50:06)[0]-- TIME:20090220-125006

[547](12:50:07)[1]-- TIME:20090220-125007

[548](12:50:08)[2]-- TIME:20090220-125008

[549](12:50:09)[3]-- TIME:20090220-125009

[550](12:50:09)192.168.1.130: Timeout
[551](12:50:10)[0]-- TIME:20090220-125010

[552](12:50:11)[1]-- TIME:20090220-125011

[553](12:50:12)[2]-- TIME:20090220-125012

[554](12:50:13)[3]-- TIME:20090220-125013

[555](12:50:13)192.168.1.130: Timeout
[556](12:50:14)[0]-- TIME:20090220-125014

[557](12:50:15)[1]-- TIME:20090220-125015

[558](12:50:16)[2]-- TIME:20090220-125016

[559](12:50:17)[3]-- TIME:20090220-125017

[560](12:50:17)192.168.1.130: Timeout
[561](12:50:18)[0]-- TIME:20090220-125018

[562](12:50:19)[1]-- TIME:20090220-125019

[563](12:50:20)[2]-- TIME:20090220-125020

[564](12:50:21)[3]-- TIME:20090220-125021

[565](12:50:21)192.168.1.130: Timeout
[566](12:50:22)[0]-- TIME:20090220-125022

[567](12:50:23)[1]-- TIME:20090220-125023

[568](12:50:24)[2]-- TIME:20090220-125024

[569](12:50:25)[3]-- TIME:20090220-125025

[570](12:50:26)192.168.1.130: Timeout
[571](12:50:26)[0]-- TIME:20090220-125026

[572](12:50:27)[1]-- TIME:20090220-125027

[573](12:50:28)[2]-- TIME:20090220-125028

[574](12:50:29)[3]-- TIME:20090220-125029

[575](12:50:29)192.168.1.130: Timeout
[576](12:50:30)[0]-- TIME:20090220-125030

[577](12:50:31)[1]-- TIME:20090220-125031

[578](12:50:32)[2]-- TIME:20090220-125032

[579](12:50:33)[3]-- TIME:20090220-125033

[580](12:50:33)192.168.1.130: Timeout
[581](12:50:34)[0]-- TIME:20090220-125034

[582](12:50:35)[1]-- TIME:20090220-125035

[583](12:50:36)[2]-- TIME:20090220-125036

[584](12:50:37)[3]-- TIME:20090220-125037

[585](12:50:37)192.168.1.130: Timeout
[586](12:50:38)[0]-- TIME:20090220-125038

[587](12:50:39)[1]-- TIME:20090220-125039

[588](12:50:40)[2]-- TIME:20090220-125040

[589](12:50:41)[3]-- TIME:20090220-125041

[590](12:50:41)192.168.1.130: Timeout
[591](12:50:42)[0]-- TIME:20090220-125042

[592](12:50:43)[1]-- TIME:20090220-125043

[593](12:50:44)[2]-- TIME:20090220-125044

[594](12:50:45)[3]-- TIME:20090220-125045

[595](12:50:45)192.168.1.130: Timeout
[596](12:50:46)[0]-- TIME:20090220-125046

[597](12:50:47)[1]-- TIME:20090220-125047

[598](12:50:48)[2]-- TIME:20090220-125048

[599](12:50:49)[3]-- TIME:20090220-125049

[600](12:50:49)192.168.1.130: Timeout
[601](12:50:50)[0]-- TIME:20090220-125050

[602](12:50:51)[1]-- TIME:20090220-125051

[603](12:50:52)[2]-- TIME:20090220-125052

[604](12:50:53)[3]-- TIME:20090220-125053

[605](12:50:53)192.168.1.130: Timeout
[606](12:50:54)[0]-- TIME:20090220-125054

[607](12:50:55)[1]-- TIME:20090220-125055

[608](12:50:56)[2]-- TIME:20090220-125056

[609](12:50:57)[3]-- TIME:20090220-125057

[610](12:50:57)192.168.1.130: Timeout
[611](12:50:58)[0]-- TIME:20090220-125058

[612](12:50:59)[1]-- TIME:20090220-125059

[613](12:51:00)[2]-- TIME:20090220-125100

[614](12:51:01)[3]-- TIME:20090220-125101

[615](12:51:01)192.168.1.130: Timeout
[616](12:51:02)[0]-- TIME:20090220-125102

[617](12:51:03)[1]-- TIME:20090220-125103

[618](12:51:04)[2]-- TIME:20090220-125104

[619](12:51:05)[3]-- TIME:20090220-125105

[620](12:51:05)192.168.1.130: Timeout
[621](12:51:06)[0]-- TIME:20090220-125106

[622](12:51:07)[1]-- TIME:20090220-125107

[623](12:51:08)[2]-- TIME:20090220-125108

[624](12:51:09)[3]-- TIME:20090220-125109

[625](12:51:09)192.168.1.130: Timeout
[626](12:51:10)======== MONITA APP CLOSING =========
[627](12:51:10)============ BYE BYE ===============
[0](17:33:27)[1]-- TIME:20090220-173327

[1](17:33:28)[2]-- TIME:20090220-173328

[2](17:33:29)[3]-- TIME:20090220-173329

[3](17:33:29)192.168.1.130: Timeout
[4](17:33:30)[0]-- TIME:20090220-173330

[5](17:33:31)[1]-- TIME:20090220-173331

[6](17:33:32)[2]-- TIME:20090220-173332

[7](17:33:33)[3]-- TIME:20090220-173333

[8](17:33:33)192.168.1.130: Timeout
[9](17:33:34)[0]-- TIME:20090220-173334

[10](17:33:35)[1]-- TIME:20090220-173335

[11](17:33:36)[2]-- TIME:20090220-173336

[12](17:33:37)[3]-- TIME:20090220-173337

[13](17:33:37)192.168.1.130: Timeout
[14](17:33:38)[0]-- TIME:20090220-173338

[15](17:33:39)[1]-- TIME:20090220-173339

[16](17:33:40)[2]-- TIME:20090220-173340

[17](17:33:41)[3]-- TIME:20090220-173341

[18](17:33:41)192.168.1.130: Timeout
[19](17:33:42)[0]-- TIME:20090220-173342

[20](17:33:43)[1]-- TIME:20090220-173343

[21](17:33:44)[2]-- TIME:20090220-173344

[22](17:33:45)[3]-- TIME:20090220-173345

[23](17:33:45)192.168.1.130: Timeout
[24](17:33:46)[0]-- TIME:20090220-173346

[25](17:33:47)[1]-- TIME:20090220-173347

[26](17:33:48)[2]-- TIME:20090220-173348

[27](17:33:49)[3]-- TIME:20090220-173349

[28](17:33:49)192.168.1.130: Timeout
[29](17:33:50)[0]-- TIME:20090220-173350

[30](17:33:51)[1]-- TIME:20090220-173351

[31](17:33:52)[2]-- TIME:20090220-173352

[32](17:33:53)[3]-- TIME:20090220-173353

[33](17:33:53)192.168.1.130: Timeout
[34](17:33:54)[0]-- TIME:20090220-173354

[35](17:33:55)[1]-- TIME:20090220-173355

[36](17:33:56)[2]-- TIME:20090220-173356

[37](17:33:57)[3]-- TIME:20090220-173357

[38](17:33:57)192.168.1.130: Timeout
[39](17:33:58)[0]-- TIME:20090220-173358

[40](17:33:59)[1]-- TIME:20090220-173359

[41](17:34:00)[2]-- TIME:20090220-173400

[42](17:34:01)[3]-- TIME:20090220-173401

[43](17:34:01)192.168.1.130: Timeout
[44](17:34:02)[0]-- TIME:20090220-173402

[45](17:34:03)[1]-- TIME:20090220-173403

[46](17:34:04)[2]-- TIME:20090220-173404

[47](17:34:05)[3]-- TIME:20090220-173405

[48](17:34:05)192.168.1.130: Timeout
[49](17:34:06)[0]-- TIME:20090220-173406

[50](17:34:07)[1]-- TIME:20090220-173407

[51](17:34:08)[2]-- TIME:20090220-173408

[52](17:34:09)[3]-- TIME:20090220-173409

[53](17:34:09)192.168.1.130: Timeout
[54](17:34:10)[0]-- TIME:20090220-173410

[55](17:34:11)[1]-- TIME:20090220-173411

[56](17:34:12)[2]-- TIME:20090220-173412

[57](17:34:13)[3]-- TIME:20090220-173413

[58](17:34:13)192.168.1.130: Timeout
[59](17:34:14)[0]-- TIME:20090220-173414

[60](17:34:15)[1]-- TIME:20090220-173415

[61](17:34:16)[2]-- TIME:20090220-173416

[62](17:34:17)[3]-- TIME:20090220-173417

[63](17:34:17)192.168.1.130: Timeout
[64](17:34:18)[0]-- TIME:20090220-173418

[65](17:34:19)[1]-- TIME:20090220-173419

[66](17:34:20)[2]-- TIME:20090220-173420

[67](17:34:21)[3]-- TIME:20090220-173421

[68](17:34:21)192.168.1.130: Timeout
[69](17:34:22)[0]-- TIME:20090220-173422

[70](17:34:23)[1]-- TIME:20090220-173423

[71](17:34:24)[2]-- TIME:20090220-173424

[72](17:34:25)[3]-- TIME:20090220-173425

[73](17:34:25)192.168.1.130: Timeout
[74](17:34:26)[0]-- TIME:20090220-173426

[75](17:34:27)[1]-- TIME:20090220-173427

[76](17:34:28)[2]-- TIME:20090220-173428

[77](17:34:29)[3]-- TIME:20090220-173429

[78](17:34:29)192.168.1.130: Timeout
[79](17:34:30)[0]-- TIME:20090220-173430

[80](17:34:31)[1]-- TIME:20090220-173431

[81](17:34:32)[2]-- TIME:20090220-173432

[82](17:34:33)[3]-- TIME:20090220-173433

[83](17:34:33)192.168.1.130: Timeout
[84](17:34:34)[0]-- TIME:20090220-173434

[85](17:34:35)[1]-- TIME:20090220-173435

[86](17:34:36)[2]-- TIME:20090220-173436

[87](17:34:37)[3]-- TIME:20090220-173437

[88](17:34:37)192.168.1.130: Timeout
[89](17:34:38)[0]-- TIME:20090220-173438

[90](17:34:39)[1]-- TIME:20090220-173439

[91](17:34:40)[2]-- TIME:20090220-173440

[92](17:34:41)[3]-- TIME:20090220-173441

[93](17:34:41)192.168.1.130: Timeout
[94](17:34:42)[0]-- TIME:20090220-173442

[95](17:34:43)[1]-- TIME:20090220-173443

[96](17:34:44)[2]-- TIME:20090220-173444

[97](17:34:45)[3]-- TIME:20090220-173445

[98](17:34:45)192.168.1.130: Timeout
[99](17:34:46)[0]-- TIME:20090220-173446

[100](17:34:47)[1]-- TIME:20090220-173447

[101](17:34:48)[2]-- TIME:20090220-173448

[102](17:34:49)[3]-- TIME:20090220-173449

[103](17:34:49)192.168.1.130: Timeout
[104](17:34:50)[0]-- TIME:20090220-173450

[105](17:34:51)[1]-- TIME:20090220-173451

[106](17:34:52)[2]-- TIME:20090220-173452

[107](17:34:53)[3]-- TIME:20090220-173453

[108](17:34:53)192.168.1.130: Timeout
[109](17:34:54)[0]-- TIME:20090220-173454

[110](17:34:55)[1]-- TIME:20090220-173455

[111](17:34:56)[2]-- TIME:20090220-173456

[112](17:34:57)[3]-- TIME:20090220-173457

[113](17:34:57)192.168.1.130: Timeout
[114](17:34:58)[0]-- TIME:20090220-173458

[115](17:34:59)[1]-- TIME:20090220-173459

[116](17:35:00)[2]-- TIME:20090220-173500

[117](17:35:01)[3]-- TIME:20090220-173501

[118](17:35:01)192.168.1.130: Timeout
[119](17:35:02)[0]-- TIME:20090220-173502

[120](17:35:03)[1]-- TIME:20090220-173503

[121](17:35:04)[2]-- TIME:20090220-173504

[122](17:35:05)[3]-- TIME:20090220-173505

[123](17:35:05)192.168.1.130: Timeout
[124](17:35:06)[0]-- TIME:20090220-173506

[125](17:35:07)[1]-- TIME:20090220-173507

[126](17:35:08)[2]-- TIME:20090220-173508

[127](17:35:09)[3]-- TIME:20090220-173509

[128](17:35:09)192.168.1.130: Timeout
[129](17:35:10)[0]-- TIME:20090220-173510

[130](17:35:11)[1]-- TIME:20090220-173511

[131](17:35:12)[2]-- TIME:20090220-173512

[132](17:35:13)[3]-- TIME:20090220-173513

[133](17:35:14)192.168.1.130: Timeout
[134](17:35:14)[0]-- TIME:20090220-173514

[135](17:35:15)[1]-- TIME:20090220-173515

[136](17:35:16)[2]-- TIME:20090220-173516

[137](17:35:17)[3]-- TIME:20090220-173517

[138](17:35:17)192.168.1.130: Timeout
[139](17:35:18)[0]-- TIME:20090220-173518

[140](17:35:19)[1]-- TIME:20090220-173519

[141](17:35:20)[2]-- TIME:20090220-173520

[142](17:35:21)[3]-- TIME:20090220-173521

[143](17:35:21)192.168.1.130: Timeout
[144](17:35:22)[0]-- TIME:20090220-173522

[145](17:35:23)[1]-- TIME:20090220-173523

[146](17:35:24)[2]-- TIME:20090220-173524

[147](17:35:25)[3]-- TIME:20090220-173525

[148](17:35:26)192.168.1.130: Timeout
[149](17:35:26)[0]-- TIME:20090220-173526

[150](17:35:27)[1]-- TIME:20090220-173527

[151](17:35:28)[2]-- TIME:20090220-173528

[152](17:35:29)[3]-- TIME:20090220-173529

[153](17:35:30)192.168.1.130: Timeout
[154](17:35:30)[0]-- TIME:20090220-173530

[155](17:35:31)[1]-- TIME:20090220-173531

[156](17:35:32)[2]-- TIME:20090220-173532

[157](17:35:33)[3]-- TIME:20090220-173533

[158](17:35:34)192.168.1.130: Timeout
[159](17:35:34)[0]-- TIME:20090220-173534

[160](17:35:35)[1]-- TIME:20090220-173535

[161](17:35:36)[2]-- TIME:20090220-173536

[162](17:35:37)[3]-- TIME:20090220-173537

[163](17:35:38)192.168.1.130: Timeout
[164](17:35:38)[0]-- TIME:20090220-173538

[165](17:35:39)[1]-- TIME:20090220-173539

[166](17:35:40)[2]-- TIME:20090220-173540

[167](17:35:41)[3]-- TIME:20090220-173541

[168](17:35:42)192.168.1.130: Timeout
[169](17:35:42)[0]-- TIME:20090220-173542

[170](17:35:43)[1]-- TIME:20090220-173543

[171](17:35:44)[2]-- TIME:20090220-173544

[172](17:35:45)[3]-- TIME:20090220-173545

[173](17:35:46)192.168.1.130: Timeout
[174](17:35:46)[0]-- TIME:20090220-173546

[175](17:35:47)[1]-- TIME:20090220-173547

[176](17:35:48)[2]-- TIME:20090220-173548

[177](17:35:49)[3]-- TIME:20090220-173549

[178](17:35:49)192.168.1.130: Timeout
[179](17:35:50)[0]-- TIME:20090220-173550

[180](17:35:52)[1]-- TIME:20090220-173552

[181](17:35:53)[2]-- TIME:20090220-173553

[182](17:35:54)[3]-- TIME:20090220-173554

[183](17:35:54)192.168.1.130: Timeout
[184](17:35:55)[0]-- TIME:20090220-173555

[185](17:35:56)[1]-- TIME:20090220-173556

[186](17:35:57)[2]-- TIME:20090220-173557

[187](17:35:58)[3]-- TIME:20090220-173558

[188](17:35:58)192.168.1.130: Timeout
[189](17:35:59)[0]-- TIME:20090220-173559

[190](17:36:00)[1]-- TIME:20090220-173600

[191](17:36:01)[2]-- TIME:20090220-173601

[192](17:36:02)[3]-- TIME:20090220-173602

[193](17:36:02)192.168.1.130: Timeout
[194](17:36:03)[0]-- TIME:20090220-173603

[195](17:36:04)[1]-- TIME:20090220-173604

[196](17:36:05)[2]-- TIME:20090220-173605

[197](17:36:06)[3]-- TIME:20090220-173606

[198](17:36:06)192.168.1.130: Timeout
[199](17:36:07)[0]-- TIME:20090220-173607

[200](17:36:08)[1]-- TIME:20090220-173608

[201](17:36:09)[2]-- TIME:20090220-173609

[202](17:36:10)[3]-- TIME:20090220-173610

[203](17:36:10)192.168.1.130: Timeout
[204](17:36:11)[0]-- TIME:20090220-173611

[205](17:36:12)[1]-- TIME:20090220-173612

[206](17:36:13)[2]-- TIME:20090220-173613

[207](17:36:14)[3]-- TIME:20090220-173614

[208](17:36:14)192.168.1.130: Timeout
[209](17:36:15)[0]-- TIME:20090220-173615

[210](17:36:16)[1]-- TIME:20090220-173616

[211](17:36:17)[2]-- TIME:20090220-173617

[212](17:36:18)[3]-- TIME:20090220-173618

[213](17:36:18)192.168.1.130: Timeout
[214](17:36:19)[0]-- TIME:20090220-173619

[215](17:36:20)[1]-- TIME:20090220-173620

[216](17:36:21)[2]-- TIME:20090220-173621

[217](17:36:22)[3]-- TIME:20090220-173622

[218](17:36:22)192.168.1.130: Timeout
[219](17:36:23)[0]-- TIME:20090220-173623

[220](17:36:24)[1]-- TIME:20090220-173624

[221](17:36:25)[2]-- TIME:20090220-173625

[222](17:36:26)[3]-- TIME:20090220-173626

[223](17:36:26)192.168.1.130: Timeout
[224](17:36:27)[0]-- TIME:20090220-173627

[225](17:36:28)[1]-- TIME:20090220-173628

[226](17:36:29)[2]-- TIME:20090220-173629

[227](17:36:30)[3]-- TIME:20090220-173630

[228](17:36:30)192.168.1.130: Timeout
[229](17:36:31)[0]-- TIME:20090220-173631

[230](17:36:32)[1]-- TIME:20090220-173632

[231](17:36:33)[2]-- TIME:20090220-173633

[232](17:36:34)[3]-- TIME:20090220-173634

[233](17:36:34)192.168.1.130: Timeout
[234](17:36:35)[0]-- TIME:20090220-173635

[235](17:36:36)[1]-- TIME:20090220-173636

[236](17:36:37)[2]-- TIME:20090220-173637

[237](17:36:38)[3]-- TIME:20090220-173638

[238](17:36:38)192.168.1.130: Timeout
[239](17:36:39)[0]-- TIME:20090220-173639

[240](17:36:40)[1]-- TIME:20090220-173640

[241](17:36:41)[2]-- TIME:20090220-173641

[242](17:36:42)[3]-- TIME:20090220-173642

[243](17:36:42)192.168.1.130: Timeout
[244](17:36:43)[0]-- TIME:20090220-173643

[245](17:36:44)[1]-- TIME:20090220-173644

[246](17:36:45)[2]-- TIME:20090220-173645

[247](17:36:46)[3]-- TIME:20090220-173646

[248](17:36:46)192.168.1.130: Timeout
[249](17:36:47)[0]-- TIME:20090220-173647

[250](17:36:48)[1]-- TIME:20090220-173648

[251](17:36:49)[2]-- TIME:20090220-173649

[252](17:36:50)[3]-- TIME:20090220-173650

[253](17:36:50)192.168.1.130: Timeout
[254](17:36:51)[0]-- TIME:20090220-173651

[255](17:36:52)[1]-- TIME:20090220-173652

[256](17:36:53)[2]-- TIME:20090220-173653

[257](17:36:54)[3]-- TIME:20090220-173654

[258](17:36:54)192.168.1.130: Timeout
[259](17:36:55)[0]-- TIME:20090220-173655

[260](17:36:56)[1]-- TIME:20090220-173656

[261](17:36:57)[2]-- TIME:20090220-173657

[262](17:36:58)[3]-- TIME:20090220-173658

[263](17:36:58)192.168.1.130: Timeout
[264](17:36:59)[0]-- TIME:20090220-173659

[265](17:37:00)[1]-- TIME:20090220-173700

[266](17:37:01)[2]-- TIME:20090220-173701

[267](17:37:02)[3]-- TIME:20090220-173702

[268](17:37:02)192.168.1.130: Timeout
[269](17:37:03)[0]-- TIME:20090220-173703

[270](17:37:04)[1]-- TIME:20090220-173704

[271](17:37:05)[2]-- TIME:20090220-173705

[272](17:37:06)[3]-- TIME:20090220-173706

[273](17:37:06)192.168.1.130: Timeout
[274](17:37:07)[0]-- TIME:20090220-173707

[275](17:37:08)[1]-- TIME:20090220-173708

[276](17:37:09)[2]-- TIME:20090220-173709

[277](17:37:10)[3]-- TIME:20090220-173710

[278](17:37:10)192.168.1.130: Timeout
[279](17:37:11)[0]-- TIME:20090220-173711

[280](17:37:12)[1]-- TIME:20090220-173712

[281](17:37:13)[2]-- TIME:20090220-173713

[282](17:37:14)[3]-- TIME:20090220-173714

[283](17:37:14)192.168.1.130: Timeout
[284](17:37:15)[0]-- TIME:20090220-173715

[285](17:37:16)[1]-- TIME:20090220-173716

[286](17:37:17)[2]-- TIME:20090220-173717

[287](17:37:18)[3]-- TIME:20090220-173718

[288](17:37:18)192.168.1.130: Timeout
[289](17:37:19)[0]-- TIME:20090220-173719

[290](17:37:20)[1]-- TIME:20090220-173720

[291](17:37:21)[2]-- TIME:20090220-173721

[292](17:37:22)[3]-- TIME:20090220-173722

[293](17:37:22)192.168.1.130: Timeout
[294](17:37:23)[0]-- TIME:20090220-173723

[295](17:37:24)[1]-- TIME:20090220-173724

[296](17:37:25)[2]-- TIME:20090220-173725

[297](17:37:26)[3]-- TIME:20090220-173726

[298](17:37:26)192.168.1.130: Timeout
[299](17:37:27)[0]-- TIME:20090220-173727

[300](17:37:28)[1]-- TIME:20090220-173728

[301](17:37:29)[2]-- TIME:20090220-173729

[302](17:37:30)[3]-- TIME:20090220-173730

[303](17:37:30)192.168.1.130: Timeout
[304](17:37:31)[0]-- TIME:20090220-173731

[305](17:37:32)[1]-- TIME:20090220-173732

[306](17:37:33)[2]-- TIME:20090220-173733

[307](17:37:34)[3]-- TIME:20090220-173734

[308](17:37:34)192.168.1.130: Timeout
[309](17:37:35)[0]-- TIME:20090220-173735

[310](17:37:36)[1]-- TIME:20090220-173736

[311](17:37:37)[2]-- TIME:20090220-173737

[312](17:37:38)[3]-- TIME:20090220-173738

[313](17:37:38)192.168.1.130: Timeout
[314](17:37:39)[0]-- TIME:20090220-173739

[315](17:37:40)[1]-- TIME:20090220-173740

[316](17:37:41)[2]-- TIME:20090220-173741

[317](17:37:42)[3]-- TIME:20090220-173742

[318](17:37:42)192.168.1.130: Timeout
[319](17:37:43)[0]-- TIME:20090220-173743

[320](17:37:44)[1]-- TIME:20090220-173744

[321](17:37:45)[2]-- TIME:20090220-173745

[322](17:37:46)[3]-- TIME:20090220-173746

[323](17:37:46)192.168.1.130: Timeout
[324](17:37:47)[0]-- TIME:20090220-173747

[325](17:37:48)[1]-- TIME:20090220-173748

[326](17:37:49)[2]-- TIME:20090220-173749

[327](17:37:50)[3]-- TIME:20090220-173750

[328](17:37:50)192.168.1.130: Timeout
[329](17:37:51)[0]-- TIME:20090220-173751

[330](17:37:52)[1]-- TIME:20090220-173752

[331](17:37:53)[2]-- TIME:20090220-173753

[332](17:37:54)[3]-- TIME:20090220-173754

[333](17:37:54)192.168.1.130: Timeout
[334](17:37:55)[0]-- TIME:20090220-173755

[335](17:37:56)[1]-- TIME:20090220-173756

[336](17:37:57)[2]-- TIME:20090220-173757

[337](17:37:58)[3]-- TIME:20090220-173758

[338](17:37:58)192.168.1.130: Timeout
[339](17:37:59)[0]-- TIME:20090220-173759

[340](17:38:00)[1]-- TIME:20090220-173800

[341](17:38:01)[2]-- TIME:20090220-173801

[342](17:38:02)[3]-- TIME:20090220-173802

[343](17:38:02)192.168.1.130: Timeout
[344](17:38:03)[0]-- TIME:20090220-173803

[345](17:38:04)[1]-- TIME:20090220-173804

[346](17:38:05)[2]-- TIME:20090220-173805

[347](17:38:06)[3]-- TIME:20090220-173806

[348](17:38:06)192.168.1.130: Timeout
[349](17:38:07)[0]-- TIME:20090220-173807

[350](17:38:08)[1]-- TIME:20090220-173808

[351](17:38:09)[2]-- TIME:20090220-173809

[352](17:38:10)[3]-- TIME:20090220-173810

[353](17:38:10)192.168.1.130: Timeout
[354](17:38:11)[0]-- TIME:20090220-173811

[355](17:38:12)[1]-- TIME:20090220-173812

[356](17:38:13)[2]-- TIME:20090220-173813

[357](17:38:14)[3]-- TIME:20090220-173814

[358](17:38:14)192.168.1.130: Timeout
[359](17:38:15)[0]-- TIME:20090220-173815

[360](17:38:16)[1]-- TIME:20090220-173816

[361](17:38:17)[2]-- TIME:20090220-173817

[362](17:38:18)[3]-- TIME:20090220-173818

[363](17:38:18)192.168.1.130: Timeout
[364](17:38:19)[0]-- TIME:20090220-173819

[365](17:38:20)[1]-- TIME:20090220-173820

[366](17:38:21)[2]-- TIME:20090220-173821

[367](17:38:22)[3]-- TIME:20090220-173822

[368](17:38:22)192.168.1.130: Timeout
[369](17:38:23)[0]-- TIME:20090220-173823

[370](17:38:24)[1]-- TIME:20090220-173824

[371](17:38:25)[2]-- TIME:20090220-173825

[372](17:38:26)[3]-- TIME:20090220-173826

[373](17:38:26)192.168.1.130: Timeout
[374](17:38:27)[0]-- TIME:20090220-173827

[375](17:38:28)[1]-- TIME:20090220-173828

[376](17:38:29)[2]-- TIME:20090220-173829

[377](17:38:30)[3]-- TIME:20090220-173830

[378](17:38:30)192.168.1.130: Timeout
[379](17:38:31)[0]-- TIME:20090220-173831

[380](17:38:32)[1]-- TIME:20090220-173832

[381](17:38:33)[2]-- TIME:20090220-173833

[382](17:38:34)[3]-- TIME:20090220-173834

[383](17:38:34)192.168.1.130: Timeout
[384](17:38:35)[0]-- TIME:20090220-173835

[385](17:38:36)[1]-- TIME:20090220-173836

[386](17:38:37)[2]-- TIME:20090220-173837

[387](17:38:38)[3]-- TIME:20090220-173838

[388](17:38:38)192.168.1.130: Timeout
[389](17:38:39)[0]-- TIME:20090220-173839

[390](17:38:40)[1]-- TIME:20090220-173840

[391](17:38:41)[2]-- TIME:20090220-173841

[392](17:38:42)[3]-- TIME:20090220-173842

[393](17:38:42)192.168.1.130: Timeout
[394](17:38:43)[0]-- TIME:20090220-173843

[395](17:38:44)[1]-- TIME:20090220-173844

[396](17:38:45)[2]-- TIME:20090220-173845

[397](17:38:46)[3]-- TIME:20090220-173846

[398](17:38:46)192.168.1.130: Timeout
[399](17:38:47)[0]-- TIME:20090220-173847

[400](17:38:48)[1]-- TIME:20090220-173848

[401](17:38:49)[2]-- TIME:20090220-173849

[402](17:38:50)[3]-- TIME:20090220-173850

[403](17:38:50)192.168.1.130: Timeout
[404](17:38:51)[0]-- TIME:20090220-173851

[405](17:38:52)[1]-- TIME:20090220-173852

[406](17:38:53)[2]-- TIME:20090220-173853

[407](17:38:54)[3]-- TIME:20090220-173854

[408](17:38:54)192.168.1.130: Timeout
[409](17:38:55)[0]-- TIME:20090220-173855

[410](17:38:56)[1]-- TIME:20090220-173856

[411](17:38:57)[2]-- TIME:20090220-173857

[412](17:38:58)[3]-- TIME:20090220-173858

[413](17:38:58)192.168.1.130: Timeout
[414](17:38:59)[0]-- TIME:20090220-173859

[415](17:39:00)[1]-- TIME:20090220-173900

[416](17:39:01)[2]-- TIME:20090220-173901

[417](17:39:02)[3]-- TIME:20090220-173902

[418](17:39:02)192.168.1.130: Timeout
[419](17:39:03)[0]-- TIME:20090220-173903

[420](17:39:04)[1]-- TIME:20090220-173904

[421](17:39:05)[2]-- TIME:20090220-173905

[422](17:39:06)[3]-- TIME:20090220-173906

[423](17:39:06)192.168.1.130: Timeout
[424](17:39:07)[0]-- TIME:20090220-173907

[425](17:39:08)[1]-- TIME:20090220-173908

[426](17:39:09)[2]-- TIME:20090220-173909

[427](17:39:10)[3]-- TIME:20090220-173910

[428](17:39:10)192.168.1.130: Timeout
[429](17:39:11)[0]-- TIME:20090220-173911

[430](17:39:12)[1]-- TIME:20090220-173912

[431](17:39:13)[2]-- TIME:20090220-173913

[432](17:39:14)[3]-- TIME:20090220-173914

[433](17:39:14)192.168.1.130: Timeout
[434](17:39:15)[0]-- TIME:20090220-173915

[435](17:39:16)[1]-- TIME:20090220-173916

[436](17:39:17)[2]-- TIME:20090220-173917

[437](17:39:18)[3]-- TIME:20090220-173918

[438](17:39:18)192.168.1.130: Timeout
[439](17:39:19)[0]-- TIME:20090220-173919

[440](17:39:20)[1]-- TIME:20090220-173920

[441](17:39:21)[2]-- TIME:20090220-173921

[442](17:39:22)[3]-- TIME:20090220-173922

[443](17:39:22)192.168.1.130: Timeout
[444](17:39:23)[0]-- TIME:20090220-173923

[445](17:39:24)[1]-- TIME:20090220-173924

[446](17:39:25)[2]-- TIME:20090220-173925

[447](17:39:26)[3]-- TIME:20090220-173926

[448](17:39:26)192.168.1.130: Timeout
[449](17:39:27)[0]-- TIME:20090220-173927

[450](17:39:28)[1]-- TIME:20090220-173928

[451](17:39:29)[2]-- TIME:20090220-173929

[452](17:39:30)[3]-- TIME:20090220-173930

[453](17:39:30)192.168.1.130: Timeout
[454](17:39:31)[0]-- TIME:20090220-173931

[455](17:39:32)[1]-- TIME:20090220-173932

[456](17:39:33)[2]-- TIME:20090220-173933

[457](17:39:34)[3]-- TIME:20090220-173934

[458](17:39:34)192.168.1.130: Timeout
[459](17:39:35)[0]-- TIME:20090220-173935

[460](17:39:36)[1]-- TIME:20090220-173936

[461](17:39:37)[2]-- TIME:20090220-173937

[462](17:39:38)[3]-- TIME:20090220-173938

[463](17:39:38)192.168.1.130: Timeout
[464](17:39:39)[0]-- TIME:20090220-173939

[465](17:39:40)[1]-- TIME:20090220-173940

[466](17:39:41)[2]-- TIME:20090220-173941

[467](17:39:42)[3]-- TIME:20090220-173942

[468](17:39:42)192.168.1.130: Timeout
[469](17:39:43)[0]-- TIME:20090220-173943

[470](17:39:44)[1]-- TIME:20090220-173944

[471](17:39:45)[2]-- TIME:20090220-173945

[472](17:39:46)[3]-- TIME:20090220-173946

[473](17:39:46)192.168.1.130: Timeout
[474](17:39:47)[0]-- TIME:20090220-173947

[475](17:39:48)[1]-- TIME:20090220-173948

[476](17:39:49)[2]-- TIME:20090220-173949

[477](17:39:50)[3]-- TIME:20090220-173950

[478](17:39:50)192.168.1.130: Timeout
[479](17:39:51)[0]-- TIME:20090220-173951

[480](17:39:52)[1]-- TIME:20090220-173952

[481](17:39:53)[2]-- TIME:20090220-173953

[482](17:39:54)[3]-- TIME:20090220-173954

[483](17:39:54)192.168.1.130: Timeout
[484](17:39:55)[0]-- TIME:20090220-173955

[485](17:39:56)[1]-- TIME:20090220-173956

[486](17:39:57)[2]-- TIME:20090220-173957

[487](17:39:58)[3]-- TIME:20090220-173958

[488](17:39:58)192.168.1.130: Timeout
[489](17:39:59)[0]-- TIME:20090220-173959

[490](17:40:00)[1]-- TIME:20090220-174000

[491](17:40:01)[2]-- TIME:20090220-174001

[492](17:40:02)[3]-- TIME:20090220-174002

[493](17:40:02)192.168.1.130: Timeout
[494](17:40:03)[0]-- TIME:20090220-174003

[495](17:40:04)[1]-- TIME:20090220-174004

[496](17:40:05)[2]-- TIME:20090220-174005

[497](17:40:06)[3]-- TIME:20090220-174006

[498](17:40:06)192.168.1.130: Timeout
[499](17:40:07)[0]-- TIME:20090220-174007

[500](17:40:08)[1]-- TIME:20090220-174008

[501](17:40:09)[2]-- TIME:20090220-174009

[502](17:40:10)[3]-- TIME:20090220-174010

[503](17:40:10)192.168.1.130: Timeout
[504](17:40:11)[0]-- TIME:20090220-174011

[505](17:40:12)[1]-- TIME:20090220-174012

[506](17:40:13)[2]-- TIME:20090220-174013

[507](17:40:14)[3]-- TIME:20090220-174014

[508](17:40:14)192.168.1.130: Timeout
[509](17:40:15)[0]-- TIME:20090220-174015

[510](17:40:16)[1]-- TIME:20090220-174016

[511](17:40:17)[2]-- TIME:20090220-174017

[512](17:40:18)[3]-- TIME:20090220-174018

[513](17:40:18)192.168.1.130: Timeout
[514](17:40:19)[0]-- TIME:20090220-174019

[515](17:40:20)[1]-- TIME:20090220-174020

[516](17:40:21)[2]-- TIME:20090220-174021

[517](17:40:22)[3]-- TIME:20090220-174022

[518](17:40:22)192.168.1.130: Timeout
[519](17:40:23)[0]-- TIME:20090220-174023

[520](17:40:24)[1]-- TIME:20090220-174024

[521](17:40:25)[2]-- TIME:20090220-174025

[522](17:40:26)[3]-- TIME:20090220-174026

[523](17:40:26)192.168.1.130: Timeout
[524](17:40:27)[0]-- TIME:20090220-174027

[525](17:40:28)[1]-- TIME:20090220-174028

[526](17:40:29)[2]-- TIME:20090220-174029

[527](17:40:30)[3]-- TIME:20090220-174030

[528](17:40:30)192.168.1.130: Timeout
[529](17:40:31)[0]-- TIME:20090220-174031

[530](17:40:32)[1]-- TIME:20090220-174032

[531](17:40:33)[2]-- TIME:20090220-174033

[532](17:40:34)[3]-- TIME:20090220-174034

[533](17:40:34)192.168.1.130: Timeout
[534](17:40:35)[0]-- TIME:20090220-174035

[535](17:40:36)[1]-- TIME:20090220-174036

[536](17:40:37)[2]-- TIME:20090220-174037

[537](17:40:38)[3]-- TIME:20090220-174038

[538](17:40:38)192.168.1.130: Timeout
[539](17:40:39)[0]-- TIME:20090220-174039

[540](17:40:40)[1]-- TIME:20090220-174040

[541](17:40:41)[2]-- TIME:20090220-174041

[542](17:40:42)[3]-- TIME:20090220-174042

[543](17:40:42)192.168.1.130: Timeout
[544](17:40:43)[0]-- TIME:20090220-174043

[545](17:40:44)[1]-- TIME:20090220-174044

[546](17:40:45)[2]-- TIME:20090220-174045

[547](17:40:46)[3]-- TIME:20090220-174046

[548](17:40:46)192.168.1.130: Timeout
[549](17:40:47)[0]-- TIME:20090220-174047

[550](17:40:48)[1]-- TIME:20090220-174048

[551](17:40:49)[2]-- TIME:20090220-174049

[552](17:40:50)[3]-- TIME:20090220-174050

[553](17:40:50)192.168.1.130: Timeout
[554](17:40:51)[0]-- TIME:20090220-174051

[555](17:40:52)[1]-- TIME:20090220-174052

[556](17:40:53)[2]-- TIME:20090220-174053

[557](17:40:54)[3]-- TIME:20090220-174054

[558](17:40:54)192.168.1.130: Timeout
[559](17:40:55)[0]-- TIME:20090220-174055

[560](17:40:56)[1]-- TIME:20090220-174056

[561](17:40:57)[2]-- TIME:20090220-174057

[562](17:40:58)[3]-- TIME:20090220-174058

[563](17:40:58)192.168.1.130: Timeout
[564](17:40:59)[0]-- TIME:20090220-174059

[565](17:41:00)[1]-- TIME:20090220-174100

[566](17:41:01)[2]-- TIME:20090220-174101

[567](17:41:02)[3]-- TIME:20090220-174102

[568](17:41:02)192.168.1.130: Timeout
[569](17:41:03)[0]-- TIME:20090220-174103

[570](17:41:04)[1]-- TIME:20090220-174104

[571](17:41:05)[2]-- TIME:20090220-174105

[572](17:41:06)[3]-- TIME:20090220-174106

[573](17:41:06)192.168.1.130: Timeout
[574](17:41:07)[0]-- TIME:20090220-174107

[575](17:41:08)[1]-- TIME:20090220-174108

[576](17:41:09)[2]-- TIME:20090220-174109

[577](17:41:10)[3]-- TIME:20090220-174110

[578](17:41:10)192.168.1.130: Timeout
[579](17:41:11)[0]-- TIME:20090220-174111

[580](17:41:12)[1]-- TIME:20090220-174112

[581](17:41:13)[2]-- TIME:20090220-174113

[582](17:41:14)[3]-- TIME:20090220-174114

[583](17:41:14)192.168.1.130: Timeout
[584](17:41:15)[0]-- TIME:20090220-174115

[585](17:41:16)[1]-- TIME:20090220-174116

[586](17:41:17)[2]-- TIME:20090220-174117

[587](17:41:18)[3]-- TIME:20090220-174118

[588](17:41:18)192.168.1.130: Timeout
[589](17:41:19)[0]-- TIME:20090220-174119

[590](17:41:20)[1]-- TIME:20090220-174120

[591](17:41:21)[2]-- TIME:20090220-174121

[592](17:41:22)[3]-- TIME:20090220-174122

[593](17:41:22)192.168.1.130: Timeout
[594](17:41:23)[0]-- TIME:20090220-174123

[595](17:41:24)[1]-- TIME:20090220-174124

[596](17:41:25)[2]-- TIME:20090220-174125

[597](17:41:26)[3]-- TIME:20090220-174126

[598](17:41:26)192.168.1.130: Timeout
[599](17:41:27)[0]-- TIME:20090220-174127

[600](17:41:28)[1]-- TIME:20090220-174128

[601](17:41:29)[2]-- TIME:20090220-174129

[602](17:41:30)[3]-- TIME:20090220-174130

[603](17:41:30)192.168.1.130: Timeout
[604](17:41:31)[0]-- TIME:20090220-174131

[605](17:41:32)[1]-- TIME:20090220-174132

[606](17:41:33)[2]-- TIME:20090220-174133

[607](17:41:34)[3]-- TIME:20090220-174134

[608](17:41:34)192.168.1.130: Timeout
[609](17:41:35)[0]-- TIME:20090220-174135

[610](17:41:36)[1]-- TIME:20090220-174136

[611](17:41:37)[2]-- TIME:20090220-174137

[612](17:41:38)[3]-- TIME:20090220-174138

[613](17:41:38)192.168.1.130: Timeout
[614](17:41:39)[0]-- TIME:20090220-174139

[615](17:41:40)[1]-- TIME:20090220-174140

[616](17:41:41)[2]-- TIME:20090220-174141

[617](17:41:42)[3]-- TIME:20090220-174142

[618](17:41:42)192.168.1.130: Timeout
[619](17:41:43)[0]-- TIME:20090220-174143

[620](17:41:44)[1]-- TIME:20090220-174144

[621](17:41:45)[2]-- TIME:20090220-174145

[622](17:41:46)[3]-- TIME:20090220-174146

[623](17:41:46)192.168.1.130: Timeout
[624](17:41:47)[0]-- TIME:20090220-174147

[625](17:41:48)[1]-- TIME:20090220-174148

[626](17:41:49)[2]-- TIME:20090220-174149

[627](17:41:50)[3]-- TIME:20090220-174150

[628](17:41:50)192.168.1.130: Timeout
[629](17:41:51)[0]-- TIME:20090220-174151

[630](17:41:52)[1]-- TIME:20090220-174152

[631](17:41:53)[2]-- TIME:20090220-174153

[632](17:41:54)[3]-- TIME:20090220-174154

[633](17:41:54)192.168.1.130: Timeout
[634](17:41:55)[0]-- TIME:20090220-174155

[635](17:41:56)[1]-- TIME:20090220-174156

[636](17:41:57)[2]-- TIME:20090220-174157

[637](17:41:58)[3]-- TIME:20090220-174158

[638](17:41:58)192.168.1.130: Timeout
[639](17:41:59)[0]-- TIME:20090220-174159

[640](17:42:00)[1]-- TIME:20090220-174200

[641](17:42:01)[2]-- TIME:20090220-174201

[642](17:42:02)[3]-- TIME:20090220-174202

[643](17:42:02)192.168.1.130: Timeout
[644](17:42:03)[0]-- TIME:20090220-174203

[645](17:42:04)[1]-- TIME:20090220-174204

[646](17:42:05)[2]-- TIME:20090220-174205

[647](17:42:06)[3]-- TIME:20090220-174206

[648](17:42:06)192.168.1.130: Timeout
[649](17:42:07)[0]-- TIME:20090220-174207

[650](17:42:08)[1]-- TIME:20090220-174208

[651](17:42:09)[2]-- TIME:20090220-174209

[652](17:42:10)[3]-- TIME:20090220-174210

[653](17:42:10)192.168.1.130: Timeout
[654](17:42:11)[0]-- TIME:20090220-174211

[655](17:42:12)[1]-- TIME:20090220-174212

[656](17:42:13)[2]-- TIME:20090220-174213

[657](17:42:14)[3]-- TIME:20090220-174214

[658](17:42:14)192.168.1.130: Timeout
[659](17:42:15)[0]-- TIME:20090220-174215

[660](17:42:16)[1]-- TIME:20090220-174216

[661](17:42:17)[2]-- TIME:20090220-174217

[662](17:42:18)[3]-- TIME:20090220-174218

[663](17:42:18)192.168.1.130: Timeout
[664](17:42:19)[0]-- TIME:20090220-174219

[665](17:42:20)[1]-- TIME:20090220-174220

[666](17:42:21)[2]-- TIME:20090220-174221

[667](17:42:22)[3]-- TIME:20090220-174222

[668](17:42:22)192.168.1.130: Timeout
[669](17:42:23)[0]-- TIME:20090220-174223

[670](17:42:24)[1]-- TIME:20090220-174224

[671](17:42:25)[2]-- TIME:20090220-174225

[672](17:42:26)[3]-- TIME:20090220-174226

[673](17:42:26)192.168.1.130: Timeout
[674](17:42:27)[0]-- TIME:20090220-174227

[675](17:42:28)[1]-- TIME:20090220-174228

[676](17:42:29)[2]-- TIME:20090220-174229

[677](17:42:30)[3]-- TIME:20090220-174230

[678](17:42:30)192.168.1.130: Timeout
[679](17:42:31)[0]-- TIME:20090220-174231

[680](17:42:32)[1]-- TIME:20090220-174232

[681](17:42:33)[2]-- TIME:20090220-174233

[682](17:42:34)[3]-- TIME:20090220-174234

[683](17:42:34)192.168.1.130: Timeout
[684](17:42:35)[0]-- TIME:20090220-174235

[685](17:42:36)[1]-- TIME:20090220-174236

[686](17:42:37)[2]-- TIME:20090220-174237

[687](17:42:38)[3]-- TIME:20090220-174238

[688](17:42:38)192.168.1.130: Timeout
[689](17:42:39)[0]-- TIME:20090220-174239

[690](17:42:40)[1]-- TIME:20090220-174240

[691](17:42:41)[2]-- TIME:20090220-174241

[692](17:42:42)[3]-- TIME:20090220-174242

[693](17:42:42)192.168.1.130: Timeout
[694](17:42:43)[0]-- TIME:20090220-174243

[695](17:42:44)[1]-- TIME:20090220-174244

[696](17:42:45)[2]-- TIME:20090220-174245

[697](17:42:46)[3]-- TIME:20090220-174246

[698](17:42:46)192.168.1.130: Timeout
[699](17:42:47)[0]-- TIME:20090220-174247

[700](17:42:48)[1]-- TIME:20090220-174248

[701](17:42:49)[2]-- TIME:20090220-174249

[702](17:42:50)[3]-- TIME:20090220-174250

[703](17:42:50)192.168.1.130: Timeout
[704](17:42:51)[0]-- TIME:20090220-174251

[705](17:42:52)[1]-- TIME:20090220-174252

[706](17:42:53)[2]-- TIME:20090220-174253

[707](17:42:54)[3]-- TIME:20090220-174254

[708](17:42:54)192.168.1.130: Timeout
[709](17:42:55)[0]-- TIME:20090220-174255

[710](17:42:56)[1]-- TIME:20090220-174256

[711](17:42:57)[2]-- TIME:20090220-174257

[712](17:42:58)[3]-- TIME:20090220-174258

[713](17:42:58)192.168.1.130: Timeout
[714](17:42:59)[0]-- TIME:20090220-174259

[715](17:43:00)[1]-- TIME:20090220-174300

[716](17:43:01)[2]-- TIME:20090220-174301

[717](17:43:02)[3]-- TIME:20090220-174302

[718](17:43:02)192.168.1.130: Timeout
[719](17:43:03)[0]-- TIME:20090220-174303

[720](17:43:04)[1]-- TIME:20090220-174304

[721](17:43:05)[2]-- TIME:20090220-174305

[722](17:43:06)[3]-- TIME:20090220-174306

[723](17:43:06)192.168.1.130: Timeout
[724](17:43:07)[0]-- TIME:20090220-174307

[725](17:43:08)[1]-- TIME:20090220-174308

[726](17:43:09)[2]-- TIME:20090220-174309

[727](17:43:10)[3]-- TIME:20090220-174310

[728](17:43:10)192.168.1.130: Timeout
[729](17:43:11)[0]-- TIME:20090220-174311

[730](17:43:12)[1]-- TIME:20090220-174312

[731](17:43:13)[2]-- TIME:20090220-174313

[732](17:43:14)[3]-- TIME:20090220-174314

[733](17:43:14)192.168.1.110: Timeout
[734](17:43:14)192.168.1.130: Timeout
[735](17:43:14)192.168.1.136: Timeout
[736](17:43:15)[0]-- TIME:20090220-174315

[737](17:43:16)[1]-- TIME:20090220-174316

[738](17:43:17)[2]-- TIME:20090220-174317

[739](17:43:18)[3]-- TIME:20090220-174318

[740](17:43:18)192.168.1.110: Timeout
[741](17:43:18)192.168.1.130: Timeout
[742](17:43:19)[0]-- TIME:20090220-174319

[743](17:43:20)[1]-- TIME:20090220-174320

[744](17:43:21)[2]-- TIME:20090220-174321

[745](17:43:22)[3]-- TIME:20090220-174322

[746](17:43:22)192.168.1.130: Timeout
[747](17:43:23)[0]-- TIME:20090220-174323

[748](17:43:24)[1]-- TIME:20090220-174324

[749](17:43:25)[2]-- TIME:20090220-174325

[750](17:43:26)[3]-- TIME:20090220-174326

[751](17:43:26)192.168.1.130: Timeout
[752](17:43:27)[0]-- TIME:20090220-174327

[753](17:43:28)[1]-- TIME:20090220-174328

[754](17:43:29)[2]-- TIME:20090220-174329

[755](17:43:30)[3]-- TIME:20090220-174330

[756](17:43:30)192.168.1.130: Timeout
[757](17:43:31)[0]-- TIME:20090220-174331

[758](17:43:32)[1]-- TIME:20090220-174332

[759](17:43:33)[2]-- TIME:20090220-174333

[760](17:43:34)[3]-- TIME:20090220-174334

[761](17:43:34)192.168.1.130: Timeout
[762](17:43:35)[0]-- TIME:20090220-174335

[763](17:43:36)[1]-- TIME:20090220-174336

[764](17:43:37)[2]-- TIME:20090220-174337

[765](17:43:38)[3]-- TIME:20090220-174338

[766](17:43:38)192.168.1.130: Timeout
[767](17:43:39)[0]-- TIME:20090220-174339

[768](17:43:40)[1]-- TIME:20090220-174340

[769](17:43:41)[2]-- TIME:20090220-174341

[770](17:43:42)[3]-- TIME:20090220-174342

[771](17:43:42)192.168.1.130: Timeout
[772](17:43:43)[0]-- TIME:20090220-174343

[773](17:43:44)[1]-- TIME:20090220-174344

[774](17:43:45)[2]-- TIME:20090220-174345

[775](17:43:46)[3]-- TIME:20090220-174346

[776](17:43:46)192.168.1.130: Timeout
[777](17:43:47)[0]-- TIME:20090220-174347

[778](17:43:48)[1]-- TIME:20090220-174348

[779](17:43:49)[2]-- TIME:20090220-174349

[780](17:43:50)[3]-- TIME:20090220-174350

[781](17:43:50)192.168.1.130: Timeout
[782](17:43:51)[0]-- TIME:20090220-174351

[783](17:43:52)[1]-- TIME:20090220-174352

[784](17:43:53)[2]-- TIME:20090220-174353

[785](17:43:54)[3]-- TIME:20090220-174354

[786](17:43:54)192.168.1.130: Timeout
[787](17:43:55)[0]-- TIME:20090220-174355

[788](17:43:56)[1]-- TIME:20090220-174356

[789](17:43:57)[2]-- TIME:20090220-174357

[790](17:43:58)[3]-- TIME:20090220-174358

[791](17:43:58)192.168.1.130: Timeout
[792](17:43:59)[0]-- TIME:20090220-174359

[793](17:44:00)[1]-- TIME:20090220-174400

[794](17:44:01)[2]-- TIME:20090220-174401

[795](17:44:02)[3]-- TIME:20090220-174402

[796](17:44:02)192.168.1.130: Timeout
[797](17:44:03)[0]-- TIME:20090220-174403

[798](17:44:04)[1]-- TIME:20090220-174404

[799](17:44:05)[2]-- TIME:20090220-174405

[800](17:44:06)[3]-- TIME:20090220-174406

[801](17:44:06)192.168.1.130: Timeout
[802](17:44:07)[0]-- TIME:20090220-174407

[803](17:44:08)[1]-- TIME:20090220-174408

[804](17:44:09)[2]-- TIME:20090220-174409

[805](17:44:10)[3]-- TIME:20090220-174410

[806](17:44:10)192.168.1.130: Timeout
[807](17:44:11)[0]-- TIME:20090220-174411

[808](17:44:12)[1]-- TIME:20090220-174412

[809](17:44:13)[2]-- TIME:20090220-174413

[810](17:44:14)[3]-- TIME:20090220-174414

[811](17:44:14)192.168.1.130: Timeout
[812](17:44:15)[0]-- TIME:20090220-174415

[813](17:44:16)[1]-- TIME:20090220-174416

[814](17:44:17)[2]-- TIME:20090220-174417

[815](17:44:18)[3]-- TIME:20090220-174418

[816](17:44:18)192.168.1.130: Timeout
[817](17:44:19)[0]-- TIME:20090220-174419

[818](17:44:20)[1]-- TIME:20090220-174420

[819](17:44:21)[2]-- TIME:20090220-174421

[820](17:44:22)[3]-- TIME:20090220-174422

[821](17:44:22)192.168.1.130: Timeout
[822](17:44:23)[0]-- TIME:20090220-174423

[823](17:44:24)[1]-- TIME:20090220-174424

[824](17:44:25)[2]-- TIME:20090220-174425

[825](17:44:26)[3]-- TIME:20090220-174426

[826](17:44:26)192.168.1.130: Timeout
[827](17:44:27)[0]-- TIME:20090220-174427

[828](17:44:28)[1]-- TIME:20090220-174428

[829](17:44:29)[2]-- TIME:20090220-174429

[830](17:44:30)[3]-- TIME:20090220-174430

[831](17:44:30)192.168.1.130: Timeout
[832](17:44:31)[0]-- TIME:20090220-174431

[833](17:44:32)[1]-- TIME:20090220-174432

[834](17:44:33)[2]-- TIME:20090220-174433

[835](17:44:34)[3]-- TIME:20090220-174434

[836](17:44:34)192.168.1.130: Timeout
[837](17:44:35)[0]-- TIME:20090220-174435

[838](17:44:36)[1]-- TIME:20090220-174436

[839](17:44:37)[2]-- TIME:20090220-174437

[840](17:44:38)[3]-- TIME:20090220-174438

[841](17:44:38)192.168.1.130: Timeout
[842](17:44:39)[0]-- TIME:20090220-174439

[843](17:44:40)[1]-- TIME:20090220-174440

[844](17:44:41)[2]-- TIME:20090220-174441

[845](17:44:42)[3]-- TIME:20090220-174442

[846](17:44:42)192.168.1.130: Timeout
[847](17:44:43)[0]-- TIME:20090220-174443

[848](17:44:44)[1]-- TIME:20090220-174444

[849](17:44:45)[2]-- TIME:20090220-174445

[850](17:44:46)[3]-- TIME:20090220-174446

[851](17:44:46)192.168.1.130: Timeout
[852](17:44:47)[0]-- TIME:20090220-174447

[853](17:44:48)[1]-- TIME:20090220-174448

[854](17:44:49)[2]-- TIME:20090220-174449

[855](17:44:50)[3]-- TIME:20090220-174450

[856](17:44:50)192.168.1.130: Timeout
[857](17:44:51)[0]-- TIME:20090220-174451

[858](17:44:52)[1]-- TIME:20090220-174452

[859](17:44:53)[2]-- TIME:20090220-174453

[860](17:44:54)[3]-- TIME:20090220-174454

[861](17:44:54)192.168.1.130: Timeout
[862](17:44:55)[0]-- TIME:20090220-174455

[863](17:44:56)[1]-- TIME:20090220-174456

[864](17:44:57)[2]-- TIME:20090220-174457

[865](17:44:58)[3]-- TIME:20090220-174458

[866](17:44:58)192.168.1.130: Timeout
[867](17:44:59)[0]-- TIME:20090220-174459

[868](17:45:00)[1]-- TIME:20090220-174500

[869](17:45:01)[2]-- TIME:20090220-174501

[870](17:45:02)[3]-- TIME:20090220-174502

[871](17:45:02)192.168.1.130: Timeout
[872](17:45:03)[0]-- TIME:20090220-174503

[873](17:45:04)[1]-- TIME:20090220-174504

[874](17:45:05)[2]-- TIME:20090220-174505

[875](17:45:06)[3]-- TIME:20090220-174506

[876](17:45:06)192.168.1.130: Timeout
[877](17:45:07)[0]-- TIME:20090220-174507

[878](17:45:08)[1]-- TIME:20090220-174508

[879](17:45:09)[2]-- TIME:20090220-174509

[880](17:45:10)[3]-- TIME:20090220-174510

[881](17:45:10)192.168.1.130: Timeout
[882](17:45:11)[0]-- TIME:20090220-174511

[883](17:45:12)[1]-- TIME:20090220-174512

[884](17:45:13)[2]-- TIME:20090220-174513

[885](17:45:14)[3]-- TIME:20090220-174514

[886](17:45:14)192.168.1.130: Timeout
[887](17:45:15)[0]-- TIME:20090220-174515

[888](17:45:16)[1]-- TIME:20090220-174516

[889](17:45:17)[2]-- TIME:20090220-174517

[890](17:45:18)[3]-- TIME:20090220-174518

[891](17:45:18)192.168.1.130: Timeout
[892](17:45:19)[0]-- TIME:20090220-174519

[893](17:45:20)[1]-- TIME:20090220-174520

[894](17:45:21)[2]-- TIME:20090220-174521

[895](17:45:22)[3]-- TIME:20090220-174522

[896](17:45:22)192.168.1.130: Timeout
[897](17:45:23)[0]-- TIME:20090220-174523

[898](17:45:24)[1]-- TIME:20090220-174524

[899](17:45:25)[2]-- TIME:20090220-174525

[900](17:45:26)[3]-- TIME:20090220-174526

[901](17:45:26)192.168.1.130: Timeout
[902](17:45:27)[0]-- TIME:20090220-174527

[903](17:45:28)[1]-- TIME:20090220-174528

[904](17:45:29)[2]-- TIME:20090220-174529

[905](17:45:30)[3]-- TIME:20090220-174530

[906](17:45:30)192.168.1.130: Timeout
[907](17:45:31)[0]-- TIME:20090220-174531

[908](17:45:32)[1]-- TIME:20090220-174532

[909](17:45:33)[2]-- TIME:20090220-174533

[910](17:45:34)[3]-- TIME:20090220-174534

[911](17:45:34)192.168.1.130: Timeout
[912](17:45:35)[0]-- TIME:20090220-174535

[913](17:45:36)[1]-- TIME:20090220-174536

[914](17:45:37)[2]-- TIME:20090220-174537

[915](17:45:38)[3]-- TIME:20090220-174538

[916](17:45:38)192.168.1.130: Timeout
[917](17:45:39)[0]-- TIME:20090220-174539

[918](17:45:40)[1]-- TIME:20090220-174540

[919](17:45:41)[2]-- TIME:20090220-174541

[920](17:45:42)[3]-- TIME:20090220-174542

[921](17:45:42)192.168.1.130: Timeout
[922](17:45:43)[0]-- TIME:20090220-174543

[923](17:45:44)[1]-- TIME:20090220-174544

[924](17:45:45)[2]-- TIME:20090220-174545

[925](17:45:46)[3]-- TIME:20090220-174546

[926](17:45:46)192.168.1.130: Timeout
[927](17:45:47)[0]-- TIME:20090220-174547

[928](17:45:48)[1]-- TIME:20090220-174548

[929](17:45:49)[2]-- TIME:20090220-174549

[930](17:45:50)[3]-- TIME:20090220-174550

[931](17:45:50)192.168.1.130: Timeout
[932](17:45:51)[0]-- TIME:20090220-174551

[933](17:45:52)[1]-- TIME:20090220-174552

[934](17:45:53)[2]-- TIME:20090220-174553

[935](17:45:54)[3]-- TIME:20090220-174554

[936](17:45:54)192.168.1.130: Timeout
[937](17:45:55)[0]-- TIME:20090220-174555

[938](17:45:56)[1]-- TIME:20090220-174556

[939](17:45:57)[2]-- TIME:20090220-174557

[940](17:45:58)[3]-- TIME:20090220-174558

[941](17:45:58)192.168.1.130: Timeout
[942](17:45:59)[0]-- TIME:20090220-174559

[943](17:46:00)[1]-- TIME:20090220-174600

[944](17:46:01)[2]-- TIME:20090220-174601

[945](17:46:02)[3]-- TIME:20090220-174602

[946](17:46:02)192.168.1.130: Timeout
[947](17:46:03)[0]-- TIME:20090220-174603

[948](17:46:04)[1]-- TIME:20090220-174604

[949](17:46:05)[2]-- TIME:20090220-174605

[950](17:46:06)[3]-- TIME:20090220-174606

[951](17:46:06)192.168.1.130: Timeout
[952](17:46:07)[0]-- TIME:20090220-174607

[953](17:46:08)[1]-- TIME:20090220-174608

[954](17:46:09)[2]-- TIME:20090220-174609

[955](17:46:10)[3]-- TIME:20090220-174610

[956](17:46:10)192.168.1.130: Timeout
[957](17:46:11)[0]-- TIME:20090220-174611

[958](17:46:12)[1]-- TIME:20090220-174612

[959](17:46:13)[2]-- TIME:20090220-174613

[960](17:46:14)[3]-- TIME:20090220-174614

[961](17:46:14)192.168.1.130: Timeout
[962](17:46:15)[0]-- TIME:20090220-174615

[963](17:46:16)[1]-- TIME:20090220-174616

[964](17:46:17)[2]-- TIME:20090220-174617

[965](17:46:18)[3]-- TIME:20090220-174618

[966](17:46:18)192.168.1.130: Timeout
[967](17:46:19)[0]-- TIME:20090220-174619

[968](17:46:20)[1]-- TIME:20090220-174620

[969](17:46:21)[2]-- TIME:20090220-174621

[970](17:46:22)[3]-- TIME:20090220-174622

[971](17:46:22)192.168.1.130: Timeout
[972](17:46:23)[0]-- TIME:20090220-174623

[973](17:46:24)[1]-- TIME:20090220-174624

[974](17:46:25)[2]-- TIME:20090220-174625

[975](17:46:26)[3]-- TIME:20090220-174626

[976](17:46:26)192.168.1.130: Timeout
[977](17:46:27)[0]-- TIME:20090220-174627

[978](17:46:28)[1]-- TIME:20090220-174628

[979](17:46:29)[2]-- TIME:20090220-174629

[980](17:46:30)[3]-- TIME:20090220-174630

[981](17:46:30)192.168.1.130: Timeout
[982](17:46:30)192.168.1.136: Timeout
[983](17:46:31)[0]-- TIME:20090220-174631

[984](17:46:32)[1]-- TIME:20090220-174632

[985](17:46:33)[2]-- TIME:20090220-174633

[986](17:46:34)[3]-- TIME:20090220-174634

[987](17:46:34)192.168.1.130: Timeout
[988](17:46:35)[0]-- TIME:20090220-174635

[989](17:46:36)[1]-- TIME:20090220-174636

[990](17:46:37)[2]-- TIME:20090220-174637

[991](17:46:38)[3]-- TIME:20090220-174638

[992](17:46:38)192.168.1.130: Timeout
[993](17:46:39)[0]-- TIME:20090220-174639

[994](17:46:40)[1]-- TIME:20090220-174640

[995](17:46:41)[2]-- TIME:20090220-174641

[996](17:46:42)[3]-- TIME:20090220-174642

[997](17:46:42)192.168.1.130: Timeout
[998](17:46:43)[0]-- TIME:20090220-174643

[999](17:46:44)[1]-- TIME:20090220-174644

[1000](17:46:45)[2]-- TIME:20090220-174645
