
[0](17:39:55)======== MONITA APP STARTING ===========
[1](17:39:55)Load file konfigurasi
[2](17:39:55)Baca konfig
[3](17:39:55)Baca konfig: OK
[4](17:40:32)Mulai logging data
[5](17:40:33)[0]-- TIME:20090303-174033

[6](17:40:34)[1]-- TIME:20090303-174034

[7](17:40:35)[2]-- TIME:20090303-174035

[8](17:40:36)[3]-- TIME:20090303-174036

[9](17:40:37)[0]-- TIME:20090303-174037

[10](17:40:38)[1]-- TIME:20090303-174038

[11](17:40:39)[2]-- TIME:20090303-174039

[12](17:40:40)[3]-- TIME:20090303-174040

[13](17:40:41)[0]-- TIME:20090303-174041

[14](17:40:42)[1]-- TIME:20090303-174042

[15](17:40:43)[2]-- TIME:20090303-174043

[16](17:40:44)[3]-- TIME:20090303-174044

[17](17:40:45)[0]-- TIME:20090303-174045

[18](17:40:46)[1]-- TIME:20090303-174046

[19](17:40:47)[2]-- TIME:20090303-174047

[20](17:40:48)[3]-- TIME:20090303-174048

[21](17:40:49)[0]-- TIME:20090303-174049

[22](17:40:50)[1]-- TIME:20090303-174050

[23](17:40:51)[2]-- TIME:20090303-174051

[24](17:40:52)[3]-- TIME:20090303-174052

[25](17:40:53)[0]-- TIME:20090303-174053

[26](17:40:54)[1]-- TIME:20090303-174054

[27](17:40:55)[2]-- TIME:20090303-174055

[28](17:40:56)[3]-- TIME:20090303-174056

[29](17:40:57)[0]-- TIME:20090303-174057

[30](17:40:58)[1]-- TIME:20090303-174058

[31](17:40:59)[2]-- TIME:20090303-174059

[32](17:41:00)[3]-- TIME:20090303-174100

[33](17:41:01)[0]-- TIME:20090303-174101

[34](17:41:02)[1]-- TIME:20090303-174102

[35](17:41:03)[2]-- TIME:20090303-174103

[36](17:41:04)[3]-- TIME:20090303-174104

[37](17:41:05)[0]-- TIME:20090303-174105

[38](17:41:06)[1]-- TIME:20090303-174106

[39](17:41:07)[2]-- TIME:20090303-174107

[40](17:41:08)[3]-- TIME:20090303-174108

[41](17:41:09)[0]-- TIME:20090303-174109

[42](17:41:10)[1]-- TIME:20090303-174110

[43](17:41:11)[2]-- TIME:20090303-174111

[44](17:41:12)[3]-- TIME:20090303-174112

[45](17:41:13)[0]-- TIME:20090303-174113

[46](17:41:14)[1]-- TIME:20090303-174114

[47](17:41:15)[2]-- TIME:20090303-174115

[48](17:41:16)[3]-- TIME:20090303-174116

[49](17:41:17)[0]-- TIME:20090303-174117

[50](17:41:18)[1]-- TIME:20090303-174118

[51](17:41:19)[2]-- TIME:20090303-174119

[52](17:41:20)[3]-- TIME:20090303-174120

[53](17:41:21)[0]-- TIME:20090303-174121

[54](17:41:22)[1]-- TIME:20090303-174122

[55](17:41:23)[2]-- TIME:20090303-174123

[56](17:41:24)[3]-- TIME:20090303-174124

[57](17:41:25)[0]-- TIME:20090303-174125

[58](17:41:26)[1]-- TIME:20090303-174126

[59](17:41:27)[2]-- TIME:20090303-174127

[60](17:41:28)[3]-- TIME:20090303-174128

[61](17:41:29)[0]-- TIME:20090303-174129

[62](17:41:30)[1]-- TIME:20090303-174130

[63](17:41:31)[2]-- TIME:20090303-174131

[64](17:41:32)[3]-- TIME:20090303-174132

[65](17:41:33)[0]-- TIME:20090303-174133

[66](17:41:34)[1]-- TIME:20090303-174134

[67](17:41:35)[2]-- TIME:20090303-174135

[68](17:41:36)[3]-- TIME:20090303-174136

[69](17:41:37)[0]-- TIME:20090303-174137

[70](17:41:38)[1]-- TIME:20090303-174138

[71](17:41:39)[2]-- TIME:20090303-174139

[72](17:41:40)[3]-- TIME:20090303-174140

[73](17:41:41)[0]-- TIME:20090303-174141

[74](17:41:42)[1]-- TIME:20090303-174142

[75](17:41:43)[2]-- TIME:20090303-174143

[76](17:41:44)[3]-- TIME:20090303-174144

[77](17:41:45)[0]-- TIME:20090303-174145

[78](17:41:46)[1]-- TIME:20090303-174146

[79](17:41:47)[2]-- TIME:20090303-174147

[80](17:41:48)[3]-- TIME:20090303-174148

[81](17:41:49)[0]-- TIME:20090303-174149

[82](17:41:50)[1]-- TIME:20090303-174150

[83](17:41:51)[2]-- TIME:20090303-174151

[84](17:41:52)[3]-- TIME:20090303-174152

[85](17:41:53)[0]-- TIME:20090303-174153

[86](17:41:54)[1]-- TIME:20090303-174154

[87](17:41:55)[2]-- TIME:20090303-174155

[88](17:41:56)[3]-- TIME:20090303-174156

[89](17:41:57)[0]-- TIME:20090303-174157

[90](17:41:58)[1]-- TIME:20090303-174158

[91](17:41:59)[2]-- TIME:20090303-174159

[92](17:42:00)[3]-- TIME:20090303-174200

[93](17:42:01)[0]-- TIME:20090303-174201

[94](17:42:02)[1]-- TIME:20090303-174202

[95](17:42:03)[2]-- TIME:20090303-174203

[96](17:42:04)[3]-- TIME:20090303-174204

[97](17:42:05)[0]-- TIME:20090303-174205

[98](17:42:06)[1]-- TIME:20090303-174206

[99](17:42:07)[2]-- TIME:20090303-174207

[100](17:42:08)[3]-- TIME:20090303-174208

[101](17:42:09)[0]-- TIME:20090303-174209

[102](17:42:10)[1]-- TIME:20090303-174210

[103](17:42:11)[2]-- TIME:20090303-174211

[104](17:42:12)[3]-- TIME:20090303-174212

[105](17:42:13)[0]-- TIME:20090303-174213

[106](17:42:14)[1]-- TIME:20090303-174214

[107](17:42:15)[2]-- TIME:20090303-174215

[108](17:42:16)[3]-- TIME:20090303-174216

[109](17:42:17)[0]-- TIME:20090303-174217

[110](17:42:18)[1]-- TIME:20090303-174218

[111](17:42:19)[2]-- TIME:20090303-174219

[112](17:42:20)[3]-- TIME:20090303-174220

[113](17:42:21)[0]-- TIME:20090303-174221

[114](17:42:21)Stop logging data
[115](17:42:22)[2]-- TIME:20090303-174222

[116](18:27:12)Mulai logging data
[117](18:27:13)[0]-- TIME:20090303-182713

[118](18:27:14)[1]-- TIME:20090303-182714

[119](18:27:15)[2]-- TIME:20090303-182715

[120](18:27:16)[3]-- TIME:20090303-182716

[121](18:27:17)[0]-- TIME:20090303-182717

[122](18:27:18)[1]-- TIME:20090303-182718

[123](18:27:19)[2]-- TIME:20090303-182719

[124](18:27:20)[3]-- TIME:20090303-182720

[125](18:27:21)[0]-- TIME:20090303-182721

[126](18:27:22)[1]-- TIME:20090303-182722

[127](18:27:23)[2]-- TIME:20090303-182723

[128](18:27:24)[3]-- TIME:20090303-182724

[129](18:27:25)[0]-- TIME:20090303-182725

[130](18:27:26)[1]-- TIME:20090303-182726

[131](18:27:27)[2]-- TIME:20090303-182727

[132](18:27:28)[3]-- TIME:20090303-182728

[133](18:27:29)[0]-- TIME:20090303-182729

[134](18:27:30)[1]-- TIME:20090303-182730

[135](18:27:31)[2]-- TIME:20090303-182731

[136](18:27:32)[3]-- TIME:20090303-182732

[137](18:27:33)[0]-- TIME:20090303-182733

[138](18:27:34)[1]-- TIME:20090303-182734

[139](18:27:35)[2]-- TIME:20090303-182735

[140](18:27:36)[3]-- TIME:20090303-182736

[141](18:27:37)[0]-- TIME:20090303-182737

[142](18:27:38)[1]-- TIME:20090303-182738

[143](18:27:39)[2]-- TIME:20090303-182739

[144](18:27:40)[3]-- TIME:20090303-182740

[145](18:27:41)[0]-- TIME:20090303-182741

[146](18:27:42)[1]-- TIME:20090303-182742

[147](18:27:43)[2]-- TIME:20090303-182743

[148](18:27:44)[3]-- TIME:20090303-182744

[149](18:27:45)[0]-- TIME:20090303-182745

[150](18:27:46)[1]-- TIME:20090303-182746

[151](18:27:47)[2]-- TIME:20090303-182747

[152](18:27:48)[3]-- TIME:20090303-182748

[153](18:27:49)[0]-- TIME:20090303-182749

[154](18:27:50)[1]-- TIME:20090303-182750

[155](18:27:51)[2]-- TIME:20090303-182751

[156](18:27:52)[3]-- TIME:20090303-182752

[157](18:27:53)[0]-- TIME:20090303-182753

[158](18:27:54)[1]-- TIME:20090303-182754

[159](18:27:55)[2]-- TIME:20090303-182755

[160](18:27:56)[3]-- TIME:20090303-182756

[161](18:27:57)[0]-- TIME:20090303-182757

[162](18:27:58)[1]-- TIME:20090303-182758

[163](18:27:59)[2]-- TIME:20090303-182759

[164](18:28:00)[3]-- TIME:20090303-182800

[165](18:28:01)[0]-- TIME:20090303-182801

[166](18:28:02)[1]-- TIME:20090303-182802

[167](18:28:03)[2]-- TIME:20090303-182803

[168](18:28:04)[3]-- TIME:20090303-182804

[169](18:28:05)[0]-- TIME:20090303-182805

[170](18:28:06)[1]-- TIME:20090303-182806

[171](18:28:07)[2]-- TIME:20090303-182807

[172](18:28:08)[3]-- TIME:20090303-182808

[173](18:28:09)[0]-- TIME:20090303-182809

[174](18:28:10)[1]-- TIME:20090303-182810

[175](18:28:11)[2]-- TIME:20090303-182811

[176](18:28:12)[3]-- TIME:20090303-182812

[177](18:28:13)[0]-- TIME:20090303-182813

[178](18:28:14)[1]-- TIME:20090303-182814

[179](18:28:15)[2]-- TIME:20090303-182815

[180](18:28:16)[3]-- TIME:20090303-182816

[181](18:28:17)[0]-- TIME:20090303-182817

[182](18:28:18)[1]-- TIME:20090303-182818

[183](18:28:19)[2]-- TIME:20090303-182819

[184](18:28:20)[3]-- TIME:20090303-182820

[185](18:28:21)[0]-- TIME:20090303-182821

[186](18:28:22)[1]-- TIME:20090303-182822

[187](18:28:23)[2]-- TIME:20090303-182823

[188](18:28:24)[3]-- TIME:20090303-182824

[189](18:28:25)[0]-- TIME:20090303-182825

[190](18:28:26)[1]-- TIME:20090303-182826

[191](18:28:27)[2]-- TIME:20090303-182827

[192](18:28:28)[3]-- TIME:20090303-182828

[193](18:28:29)[0]-- TIME:20090303-182829

[194](18:28:30)[1]-- TIME:20090303-182830

[195](18:28:31)[2]-- TIME:20090303-182831

[196](18:28:32)[3]-- TIME:20090303-182832

[197](18:28:33)[0]-- TIME:20090303-182833

[198](18:28:34)[1]-- TIME:20090303-182834

[199](18:28:35)[2]-- TIME:20090303-182835

[200](18:28:36)[3]-- TIME:20090303-182836

[201](18:28:37)[0]-- TIME:20090303-182837

[202](18:28:38)[1]-- TIME:20090303-182838

[203](18:28:39)[2]-- TIME:20090303-182839

[204](18:28:40)[3]-- TIME:20090303-182840

[205](18:28:41)[0]-- TIME:20090303-182841

[206](18:28:42)[1]-- TIME:20090303-182842

[207](18:28:43)[2]-- TIME:20090303-182843

[208](18:28:44)[3]-- TIME:20090303-182844

[209](18:28:45)[0]-- TIME:20090303-182845

[210](18:28:46)[1]-- TIME:20090303-182846

[211](18:28:47)[2]-- TIME:20090303-182847

[212](18:28:48)[3]-- TIME:20090303-182848

[213](18:28:49)[0]-- TIME:20090303-182849

[214](18:28:50)[1]-- TIME:20090303-182850

[215](18:28:51)[2]-- TIME:20090303-182851

[216](18:28:52)[3]-- TIME:20090303-182852

[217](18:28:53)[0]-- TIME:20090303-182853

[218](18:28:54)[1]-- TIME:20090303-182854

[219](18:28:55)[2]-- TIME:20090303-182855

[220](18:28:56)[3]-- TIME:20090303-182856

[221](18:28:57)[0]-- TIME:20090303-182857

[222](18:28:58)[1]-- TIME:20090303-182858

[223](18:28:59)[2]-- TIME:20090303-182859

[224](18:29:00)[3]-- TIME:20090303-182900

[225](18:29:01)[0]-- TIME:20090303-182901

[226](18:29:02)[1]-- TIME:20090303-182902

[227](18:29:03)[2]-- TIME:20090303-182903

[228](18:29:04)[3]-- TIME:20090303-182904

[229](18:29:05)[0]-- TIME:20090303-182905

[230](18:29:06)[1]-- TIME:20090303-182906

[231](18:29:07)[2]-- TIME:20090303-182907

[232](18:29:08)[3]-- TIME:20090303-182908

[233](18:29:09)[0]-- TIME:20090303-182909

[234](18:29:10)[1]-- TIME:20090303-182910

[235](18:29:11)[2]-- TIME:20090303-182911

[236](18:29:12)[3]-- TIME:20090303-182912

[237](18:29:13)[0]-- TIME:20090303-182913

[238](18:29:14)[1]-- TIME:20090303-182914

[239](18:29:15)[2]-- TIME:20090303-182915

[240](18:29:16)[3]-- TIME:20090303-182916

[241](18:29:17)[0]-- TIME:20090303-182917

[242](18:29:18)[1]-- TIME:20090303-182918

[243](18:29:19)[2]-- TIME:20090303-182919

[244](18:29:20)[3]-- TIME:20090303-182920

[245](18:29:21)[0]-- TIME:20090303-182921

[246](18:29:22)[1]-- TIME:20090303-182922

[247](18:29:23)[2]-- TIME:20090303-182923

[248](18:29:24)[3]-- TIME:20090303-182924

[249](18:29:25)[0]-- TIME:20090303-182925

[250](18:29:26)[1]-- TIME:20090303-182926

[251](18:29:27)[2]-- TIME:20090303-182927

[252](18:29:28)[3]-- TIME:20090303-182928

[253](18:29:29)[0]-- TIME:20090303-182929

[254](18:29:30)[1]-- TIME:20090303-182930

[255](18:29:31)[2]-- TIME:20090303-182931

[256](18:29:32)[3]-- TIME:20090303-182932

[257](18:29:33)[0]-- TIME:20090303-182933

[258](18:29:34)[1]-- TIME:20090303-182934

[259](18:29:35)[2]-- TIME:20090303-182935

[260](18:29:36)[3]-- TIME:20090303-182936

[261](18:29:37)[0]-- TIME:20090303-182937

[262](18:29:38)[1]-- TIME:20090303-182938

[263](18:29:39)[2]-- TIME:20090303-182939

[264](18:29:40)[3]-- TIME:20090303-182940

[265](18:29:41)[0]-- TIME:20090303-182941

[266](18:29:42)[1]-- TIME:20090303-182942

[267](18:29:43)[2]-- TIME:20090303-182943

[268](18:29:44)[3]-- TIME:20090303-182944

[269](18:29:45)[0]-- TIME:20090303-182945

[270](18:29:46)[1]-- TIME:20090303-182946

[271](18:29:47)[2]-- TIME:20090303-182947

[272](18:29:48)[3]-- TIME:20090303-182948

[273](18:29:49)[0]-- TIME:20090303-182949

[274](18:29:50)[1]-- TIME:20090303-182950

[275](18:29:51)[2]-- TIME:20090303-182951

[276](18:29:52)[3]-- TIME:20090303-182952

[277](18:29:53)[0]-- TIME:20090303-182953

[278](18:29:54)[1]-- TIME:20090303-182954

[279](18:29:55)[2]-- TIME:20090303-182955

[280](18:29:56)[3]-- TIME:20090303-182956

[281](18:29:57)[0]-- TIME:20090303-182957

[282](18:29:58)[1]-- TIME:20090303-182958

[283](18:29:59)[2]-- TIME:20090303-182959

[284](18:30:00)[3]-- TIME:20090303-183000

[285](18:30:01)[0]-- TIME:20090303-183001

[286](18:30:02)[1]-- TIME:20090303-183002

[287](18:30:03)[2]-- TIME:20090303-183003

[288](18:30:04)[3]-- TIME:20090303-183004

[289](18:30:05)[0]-- TIME:20090303-183005

[290](18:30:06)[1]-- TIME:20090303-183006

[291](18:30:07)[2]-- TIME:20090303-183007

[292](18:30:08)[3]-- TIME:20090303-183008

[293](18:30:09)[0]-- TIME:20090303-183009

[294](18:30:10)[1]-- TIME:20090303-183010

[295](18:30:11)[2]-- TIME:20090303-183011

[296](18:30:12)[3]-- TIME:20090303-183012

[297](18:30:13)[0]-- TIME:20090303-183013

[298](18:30:14)[1]-- TIME:20090303-183014

[299](18:30:15)[2]-- TIME:20090303-183015

[300](18:30:16)[3]-- TIME:20090303-183016

[301](18:30:17)[0]-- TIME:20090303-183017

[302](18:30:18)[1]-- TIME:20090303-183018

[303](18:30:19)[2]-- TIME:20090303-183019

[304](18:30:20)[3]-- TIME:20090303-183020

[305](18:30:21)[0]-- TIME:20090303-183021

[306](18:30:22)[1]-- TIME:20090303-183022

[307](18:30:23)[2]-- TIME:20090303-183023

[308](18:30:24)[3]-- TIME:20090303-183024

[309](18:30:25)[0]-- TIME:20090303-183025

[310](18:30:26)[1]-- TIME:20090303-183026

[311](18:30:27)[2]-- TIME:20090303-183027

[312](18:30:28)[3]-- TIME:20090303-183028

[313](18:30:29)[0]-- TIME:20090303-183029

[314](18:30:30)[1]-- TIME:20090303-183030

[315](18:30:31)[2]-- TIME:20090303-183031

[316](18:30:32)[3]-- TIME:20090303-183032

[317](18:30:33)[0]-- TIME:20090303-183033

[318](18:30:34)[1]-- TIME:20090303-183034

[319](18:30:35)[2]-- TIME:20090303-183035

[320](18:30:36)[3]-- TIME:20090303-183036

[321](18:30:37)[0]-- TIME:20090303-183037

[322](18:30:38)[1]-- TIME:20090303-183038

[323](18:30:39)[2]-- TIME:20090303-183039

[324](18:30:40)[3]-- TIME:20090303-183040

[325](18:30:41)[0]-- TIME:20090303-183041

[326](18:30:42)[1]-- TIME:20090303-183042

[327](18:30:43)[2]-- TIME:20090303-183043

[328](18:30:44)[3]-- TIME:20090303-183044

[329](18:30:45)[0]-- TIME:20090303-183045

[330](18:30:46)[1]-- TIME:20090303-183046

[331](18:30:47)[2]-- TIME:20090303-183047

[332](18:30:48)[3]-- TIME:20090303-183048

[333](18:30:49)[0]-- TIME:20090303-183049

[334](18:30:50)[1]-- TIME:20090303-183050

[335](18:30:51)[2]-- TIME:20090303-183051

[336](18:30:52)[3]-- TIME:20090303-183052

[337](18:30:53)[0]-- TIME:20090303-183053

[338](18:30:54)[1]-- TIME:20090303-183054

[339](18:30:55)[2]-- TIME:20090303-183055

[340](18:30:56)[3]-- TIME:20090303-183056

[341](18:30:57)[0]-- TIME:20090303-183057

[342](18:30:58)[1]-- TIME:20090303-183058

[343](18:30:59)[2]-- TIME:20090303-183059

[344](18:31:00)[3]-- TIME:20090303-183100

[345](18:31:01)[0]-- TIME:20090303-183101

[346](18:31:02)[1]-- TIME:20090303-183102

[347](18:31:03)[2]-- TIME:20090303-183103

[348](18:31:04)[3]-- TIME:20090303-183104

[349](18:31:05)[0]-- TIME:20090303-183105

[350](18:31:06)[1]-- TIME:20090303-183106

[351](18:31:07)[2]-- TIME:20090303-183107

[352](18:31:08)[3]-- TIME:20090303-183108

[353](18:31:09)[0]-- TIME:20090303-183109

[354](18:31:10)[1]-- TIME:20090303-183110

[355](18:31:11)[2]-- TIME:20090303-183111

[356](18:31:12)[3]-- TIME:20090303-183112

[357](18:31:13)[0]-- TIME:20090303-183113

[358](18:31:14)[1]-- TIME:20090303-183114

[359](18:31:15)[2]-- TIME:20090303-183115

[360](18:31:16)[3]-- TIME:20090303-183116

[361](18:31:17)[0]-- TIME:20090303-183117

[362](18:31:18)[1]-- TIME:20090303-183118

[363](18:31:19)[2]-- TIME:20090303-183119

[364](18:31:20)[3]-- TIME:20090303-183120

[365](18:31:21)[0]-- TIME:20090303-183121

[366](18:31:22)[1]-- TIME:20090303-183122

[367](18:31:23)[2]-- TIME:20090303-183123

[368](18:31:24)[3]-- TIME:20090303-183124

[369](18:31:25)[0]-- TIME:20090303-183125

[370](18:31:26)[1]-- TIME:20090303-183126

[371](18:31:27)[2]-- TIME:20090303-183127

[372](18:31:28)[3]-- TIME:20090303-183128

[373](18:31:29)[0]-- TIME:20090303-183129

[374](18:31:30)[1]-- TIME:20090303-183130

[375](18:31:31)[2]-- TIME:20090303-183131

[376](18:31:32)[3]-- TIME:20090303-183132

[377](18:31:33)[0]-- TIME:20090303-183133

[378](18:31:34)[1]-- TIME:20090303-183134

[379](18:31:35)[2]-- TIME:20090303-183135

[380](18:31:36)[3]-- TIME:20090303-183136

[381](18:31:37)[0]-- TIME:20090303-183137

[382](18:31:38)[1]-- TIME:20090303-183138

[383](18:31:39)[2]-- TIME:20090303-183139

[384](18:31:40)[3]-- TIME:20090303-183140

[385](18:31:41)[0]-- TIME:20090303-183141

[386](18:31:42)[1]-- TIME:20090303-183142

[387](18:31:43)[2]-- TIME:20090303-183143

[388](18:31:44)[3]-- TIME:20090303-183144

[389](18:31:45)[0]-- TIME:20090303-183145

[390](18:31:46)[1]-- TIME:20090303-183146

[391](18:31:47)[2]-- TIME:20090303-183147

[392](18:31:48)[3]-- TIME:20090303-183148

[393](18:31:49)[0]-- TIME:20090303-183149

[394](18:31:50)[1]-- TIME:20090303-183150

[395](18:31:51)[2]-- TIME:20090303-183151

[396](18:31:52)[3]-- TIME:20090303-183152

[397](18:31:53)[0]-- TIME:20090303-183153

[398](18:31:54)[1]-- TIME:20090303-183154

[399](18:31:55)[2]-- TIME:20090303-183155

[400](18:31:56)[3]-- TIME:20090303-183156

[401](18:31:57)[0]-- TIME:20090303-183157

[402](18:31:58)[1]-- TIME:20090303-183158

[403](18:31:59)[2]-- TIME:20090303-183159

[404](18:32:00)[3]-- TIME:20090303-183200

[405](18:32:01)[0]-- TIME:20090303-183201

[406](18:32:02)[1]-- TIME:20090303-183202

[407](18:32:03)[2]-- TIME:20090303-183203

[408](18:32:04)[3]-- TIME:20090303-183204

[409](18:32:05)[0]-- TIME:20090303-183205

[410](18:32:06)[1]-- TIME:20090303-183206

[411](18:32:07)[2]-- TIME:20090303-183207

[412](18:32:08)[3]-- TIME:20090303-183208

[413](18:32:09)[0]-- TIME:20090303-183209

[414](18:32:10)[1]-- TIME:20090303-183210

[415](18:32:11)[2]-- TIME:20090303-183211

[416](18:32:12)[3]-- TIME:20090303-183212

[417](18:32:13)[0]-- TIME:20090303-183213

[418](18:32:14)[1]-- TIME:20090303-183214

[419](18:32:15)[2]-- TIME:20090303-183215

[420](18:32:16)[3]-- TIME:20090303-183216

[421](18:32:16)10.23.128.24: Timeout
[422](18:32:17)[0]-- TIME:20090303-183217

[423](18:32:18)[1]-- TIME:20090303-183218

[424](18:32:19)[2]-- TIME:20090303-183219

[425](18:32:20)[3]-- TIME:20090303-183220

[426](18:32:21)[0]-- TIME:20090303-183221

[427](18:32:22)[1]-- TIME:20090303-183222

[428](18:32:23)[2]-- TIME:20090303-183223

[429](18:32:24)[3]-- TIME:20090303-183224

[430](18:32:25)[0]-- TIME:20090303-183225

[431](18:32:26)[1]-- TIME:20090303-183226

[432](18:32:27)[2]-- TIME:20090303-183227

[433](18:32:28)[3]-- TIME:20090303-183228

[434](18:32:29)[0]-- TIME:20090303-183229

[435](18:32:30)[1]-- TIME:20090303-183230

[436](18:32:31)[2]-- TIME:20090303-183231

[437](18:32:32)[3]-- TIME:20090303-183232

[438](18:32:33)[0]-- TIME:20090303-183233

[439](18:32:34)[1]-- TIME:20090303-183234

[440](18:32:35)[2]-- TIME:20090303-183235

[441](18:32:36)[3]-- TIME:20090303-183236

[442](18:32:37)[0]-- TIME:20090303-183237

[443](18:32:38)[1]-- TIME:20090303-183238

[444](18:32:39)[2]-- TIME:20090303-183239

[445](18:32:40)[3]-- TIME:20090303-183240

[446](18:32:41)[0]-- TIME:20090303-183241

[447](18:32:42)[1]-- TIME:20090303-183242

[448](18:32:43)[2]-- TIME:20090303-183243

[449](18:32:44)[3]-- TIME:20090303-183244

[450](18:32:45)[0]-- TIME:20090303-183245

[451](18:32:46)[1]-- TIME:20090303-183246

[452](18:32:47)[2]-- TIME:20090303-183247

[453](18:32:48)[3]-- TIME:20090303-183248

[454](18:32:49)[0]-- TIME:20090303-183249

[455](18:32:50)[1]-- TIME:20090303-183250

[456](18:32:51)[2]-- TIME:20090303-183251

[457](18:32:52)[3]-- TIME:20090303-183252

[458](18:32:53)[0]-- TIME:20090303-183253

[459](18:32:54)[1]-- TIME:20090303-183254

[460](18:32:55)[2]-- TIME:20090303-183255

[461](18:32:56)[3]-- TIME:20090303-183256

[462](18:32:57)[0]-- TIME:20090303-183257

[463](18:32:58)[1]-- TIME:20090303-183258

[464](18:32:59)[2]-- TIME:20090303-183259

[465](18:33:00)[3]-- TIME:20090303-183300

[466](18:33:01)[0]-- TIME:20090303-183301

[467](18:33:02)[1]-- TIME:20090303-183302

[468](18:33:03)[2]-- TIME:20090303-183303

[469](18:33:04)[3]-- TIME:20090303-183304

[470](18:33:05)[0]-- TIME:20090303-183305

[471](18:33:06)[1]-- TIME:20090303-183306

[472](18:33:07)[2]-- TIME:20090303-183307

[473](18:33:08)[3]-- TIME:20090303-183308

[474](18:33:09)[0]-- TIME:20090303-183309

[475](18:33:10)[1]-- TIME:20090303-183310

[476](18:33:11)[2]-- TIME:20090303-183311

[477](18:33:12)[3]-- TIME:20090303-183312

[478](18:33:13)[0]-- TIME:20090303-183313

[479](18:33:14)[1]-- TIME:20090303-183314

[480](18:33:15)[2]-- TIME:20090303-183315

[481](18:33:16)[3]-- TIME:20090303-183316

[482](18:33:17)[0]-- TIME:20090303-183317

[483](18:33:18)[1]-- TIME:20090303-183318

[484](18:33:19)[2]-- TIME:20090303-183319

[485](18:33:20)[3]-- TIME:20090303-183320

[486](18:33:21)[0]-- TIME:20090303-183321

[487](18:33:22)[1]-- TIME:20090303-183322

[488](18:33:23)[2]-- TIME:20090303-183323

[489](18:33:24)[3]-- TIME:20090303-183324

[490](18:33:25)[0]-- TIME:20090303-183325

[491](18:33:26)[1]-- TIME:20090303-183326

[492](18:33:27)[2]-- TIME:20090303-183327

[493](18:33:28)[3]-- TIME:20090303-183328

[494](18:33:29)[0]-- TIME:20090303-183329

[495](18:33:30)[1]-- TIME:20090303-183330

[496](18:33:31)[2]-- TIME:20090303-183331

[497](18:33:32)[3]-- TIME:20090303-183332

[498](18:33:33)[0]-- TIME:20090303-183333

[499](18:33:34)[1]-- TIME:20090303-183334

[500](18:33:35)[2]-- TIME:20090303-183335

[501](18:33:36)[3]-- TIME:20090303-183336

[502](18:33:37)[0]-- TIME:20090303-183337

[503](18:33:38)[1]-- TIME:20090303-183338

[504](18:33:39)[2]-- TIME:20090303-183339

[505](18:33:40)[3]-- TIME:20090303-183340

[506](18:33:41)[0]-- TIME:20090303-183341

[507](18:33:42)[1]-- TIME:20090303-183342

[508](18:33:43)[2]-- TIME:20090303-183343

[509](18:33:44)[3]-- TIME:20090303-183344

[510](18:33:45)[0]-- TIME:20090303-183345

[511](18:33:46)[1]-- TIME:20090303-183346

[512](18:33:47)[2]-- TIME:20090303-183347

[513](18:33:48)[3]-- TIME:20090303-183348

[514](18:33:49)[0]-- TIME:20090303-183349

[515](18:33:50)[1]-- TIME:20090303-183350

[516](18:33:51)[2]-- TIME:20090303-183351

[517](18:33:52)[3]-- TIME:20090303-183352

[518](18:33:53)[0]-- TIME:20090303-183353

[519](18:33:54)[1]-- TIME:20090303-183354

[520](18:33:55)[2]-- TIME:20090303-183355

[521](18:33:56)[3]-- TIME:20090303-183356

[522](18:33:57)[0]-- TIME:20090303-183357

[523](18:33:58)[1]-- TIME:20090303-183358

[524](18:33:59)[2]-- TIME:20090303-183359

[525](18:34:00)[3]-- TIME:20090303-183400

[526](18:34:01)[0]-- TIME:20090303-183401

[527](18:34:02)[1]-- TIME:20090303-183402

[528](18:34:03)[2]-- TIME:20090303-183403

[529](18:34:04)[3]-- TIME:20090303-183404

[530](18:34:05)[0]-- TIME:20090303-183405

[531](18:34:06)[1]-- TIME:20090303-183406

[532](18:34:07)[2]-- TIME:20090303-183407

[533](18:34:08)[3]-- TIME:20090303-183408

[534](18:34:09)[0]-- TIME:20090303-183409

[535](18:34:10)[1]-- TIME:20090303-183410

[536](18:34:11)[2]-- TIME:20090303-183411

[537](18:34:12)[3]-- TIME:20090303-183412

[538](18:34:13)[0]-- TIME:20090303-183413

[539](18:34:14)[1]-- TIME:20090303-183414

[540](18:34:15)[2]-- TIME:20090303-183415

[541](18:34:16)[3]-- TIME:20090303-183416

[542](18:34:17)[0]-- TIME:20090303-183417

[543](18:34:18)[1]-- TIME:20090303-183418

[544](18:34:19)[2]-- TIME:20090303-183419

[545](18:34:20)[3]-- TIME:20090303-183420

[546](18:34:21)[0]-- TIME:20090303-183421

[547](18:34:22)[1]-- TIME:20090303-183422

[548](18:34:23)[2]-- TIME:20090303-183423

[549](18:34:24)[3]-- TIME:20090303-183424

[550](18:34:25)[0]-- TIME:20090303-183425

[551](18:34:26)[1]-- TIME:20090303-183426

[552](18:34:27)[2]-- TIME:20090303-183427

[553](18:34:28)[3]-- TIME:20090303-183428

[554](18:34:29)[0]-- TIME:20090303-183429

[555](18:34:30)[1]-- TIME:20090303-183430

[556](18:34:31)[2]-- TIME:20090303-183431

[557](18:34:32)[3]-- TIME:20090303-183432

[558](18:34:33)[0]-- TIME:20090303-183433

[559](18:34:34)[1]-- TIME:20090303-183434

[560](18:34:35)[2]-- TIME:20090303-183435

[561](18:34:36)[3]-- TIME:20090303-183436

[562](18:34:37)[0]-- TIME:20090303-183437

[563](18:34:38)[1]-- TIME:20090303-183438

[564](18:34:39)[2]-- TIME:20090303-183439

[565](18:34:40)[3]-- TIME:20090303-183440

[566](18:34:41)[0]-- TIME:20090303-183441

[567](18:34:42)[1]-- TIME:20090303-183442

[568](18:34:43)[2]-- TIME:20090303-183443

[569](18:34:44)[3]-- TIME:20090303-183444

[570](18:34:45)[0]-- TIME:20090303-183445

[571](18:34:46)[1]-- TIME:20090303-183446

[572](18:34:47)[2]-- TIME:20090303-183447

[573](18:34:48)[3]-- TIME:20090303-183448

[574](18:34:49)[0]-- TIME:20090303-183449

[575](18:34:50)[1]-- TIME:20090303-183450

[576](18:34:51)[2]-- TIME:20090303-183451

[577](18:34:52)[3]-- TIME:20090303-183452

[578](18:34:53)[0]-- TIME:20090303-183453

[579](18:34:54)[1]-- TIME:20090303-183454

[580](18:34:55)[2]-- TIME:20090303-183455

[581](18:34:56)[3]-- TIME:20090303-183456

[582](18:34:57)[0]-- TIME:20090303-183457

[583](18:34:58)[1]-- TIME:20090303-183458

[584](18:34:59)[2]-- TIME:20090303-183459

[585](18:35:00)[3]-- TIME:20090303-183500

[586](18:35:01)[0]-- TIME:20090303-183501

[587](18:35:02)[1]-- TIME:20090303-183502

[588](18:35:03)[2]-- TIME:20090303-183503

[589](18:35:04)[3]-- TIME:20090303-183504

[590](18:35:05)[0]-- TIME:20090303-183505

[591](18:35:06)[1]-- TIME:20090303-183506

[592](18:35:07)[2]-- TIME:20090303-183507

[593](18:35:08)[3]-- TIME:20090303-183508

[594](18:35:09)[0]-- TIME:20090303-183509

[595](18:35:10)[1]-- TIME:20090303-183510

[596](18:35:11)[2]-- TIME:20090303-183511

[597](18:35:12)[3]-- TIME:20090303-183512

[598](18:35:13)[0]-- TIME:20090303-183513

[599](18:35:14)[1]-- TIME:20090303-183514

[600](18:35:15)[2]-- TIME:20090303-183515

[601](18:35:16)[3]-- TIME:20090303-183516

[602](18:35:17)[0]-- TIME:20090303-183517

[603](18:35:18)[1]-- TIME:20090303-183518

[604](18:35:19)[2]-- TIME:20090303-183519

[605](18:35:20)[3]-- TIME:20090303-183520

[606](18:35:21)[0]-- TIME:20090303-183521

[607](18:35:22)[1]-- TIME:20090303-183522

[608](18:35:23)[2]-- TIME:20090303-183523

[609](18:35:24)[3]-- TIME:20090303-183524

[610](18:35:25)[0]-- TIME:20090303-183525

[611](18:35:26)[1]-- TIME:20090303-183526

[612](18:35:27)[2]-- TIME:20090303-183527

[613](18:35:28)[3]-- TIME:20090303-183528

[614](18:35:29)[0]-- TIME:20090303-183529

[615](18:35:30)[1]-- TIME:20090303-183530

[616](18:35:31)[2]-- TIME:20090303-183531

[617](18:35:32)[3]-- TIME:20090303-183532

[618](18:35:33)[0]-- TIME:20090303-183533

[619](18:35:34)[1]-- TIME:20090303-183534

[620](18:35:35)[2]-- TIME:20090303-183535

[621](18:35:36)[3]-- TIME:20090303-183536

[622](18:35:37)[0]-- TIME:20090303-183537

[623](18:35:38)[1]-- TIME:20090303-183538

[624](18:35:39)[2]-- TIME:20090303-183539

[625](18:35:40)[3]-- TIME:20090303-183540

[626](18:35:41)[0]-- TIME:20090303-183541

[627](18:35:42)[1]-- TIME:20090303-183542

[628](18:35:43)[2]-- TIME:20090303-183543

[629](18:35:44)[3]-- TIME:20090303-183544

[630](18:35:45)[0]-- TIME:20090303-183545

[631](18:35:46)[1]-- TIME:20090303-183546

[632](18:35:47)[2]-- TIME:20090303-183547

[633](18:35:48)[3]-- TIME:20090303-183548

[634](18:35:49)[0]-- TIME:20090303-183549

[635](18:35:50)[1]-- TIME:20090303-183550

[636](18:35:51)[2]-- TIME:20090303-183551

[637](18:35:52)[3]-- TIME:20090303-183552

[638](18:35:53)[0]-- TIME:20090303-183553

[639](18:35:54)[1]-- TIME:20090303-183554

[640](18:35:55)[2]-- TIME:20090303-183555

[641](18:35:56)[3]-- TIME:20090303-183556

[642](18:35:57)[0]-- TIME:20090303-183557

[643](18:35:58)[1]-- TIME:20090303-183558

[644](18:35:59)[2]-- TIME:20090303-183559

[645](18:36:00)[3]-- TIME:20090303-183600

[646](18:36:01)[0]-- TIME:20090303-183601

[647](18:36:02)[1]-- TIME:20090303-183602

[648](18:36:03)[2]-- TIME:20090303-183603

[649](18:36:04)[3]-- TIME:20090303-183604

[650](18:36:05)[0]-- TIME:20090303-183605

[651](18:36:06)[1]-- TIME:20090303-183606

[652](18:36:07)[2]-- TIME:20090303-183607

[653](18:36:08)[3]-- TIME:20090303-183608

[654](18:36:09)[0]-- TIME:20090303-183609

[655](18:36:10)[1]-- TIME:20090303-183610

[656](18:36:11)[2]-- TIME:20090303-183611

[657](18:36:12)[3]-- TIME:20090303-183612

[658](18:36:13)[0]-- TIME:20090303-183613

[659](18:36:14)[1]-- TIME:20090303-183614

[660](18:36:15)[2]-- TIME:20090303-183615

[661](18:36:16)[3]-- TIME:20090303-183616

[662](18:36:17)[0]-- TIME:20090303-183617

[663](18:36:18)[1]-- TIME:20090303-183618

[664](18:36:19)[2]-- TIME:20090303-183619

[665](18:36:20)[3]-- TIME:20090303-183620

[666](18:36:21)[0]-- TIME:20090303-183621

[667](18:36:22)[1]-- TIME:20090303-183622

[668](18:36:23)[2]-- TIME:20090303-183623

[669](18:36:24)[3]-- TIME:20090303-183624

[670](18:36:25)[0]-- TIME:20090303-183625

[671](18:36:26)[1]-- TIME:20090303-183626

[672](18:36:27)[2]-- TIME:20090303-183627

[673](18:36:28)[3]-- TIME:20090303-183628

[674](18:36:29)[0]-- TIME:20090303-183629

[675](18:36:30)[1]-- TIME:20090303-183630

[676](18:36:31)[2]-- TIME:20090303-183631

[677](18:36:32)[3]-- TIME:20090303-183632

[678](18:36:33)[0]-- TIME:20090303-183633

[679](18:36:34)[1]-- TIME:20090303-183634

[680](18:36:35)[2]-- TIME:20090303-183635

[681](18:36:36)[3]-- TIME:20090303-183636

[682](18:36:37)[0]-- TIME:20090303-183637

[683](18:36:38)[1]-- TIME:20090303-183638

[684](18:36:39)[2]-- TIME:20090303-183639

[685](18:36:40)[3]-- TIME:20090303-183640

[686](18:36:41)[0]-- TIME:20090303-183641

[687](18:36:42)[1]-- TIME:20090303-183642

[688](18:36:43)[2]-- TIME:20090303-183643

[689](18:36:44)[3]-- TIME:20090303-183644

[690](18:36:45)[0]-- TIME:20090303-183645

[691](18:36:46)[1]-- TIME:20090303-183646

[692](18:36:47)[2]-- TIME:20090303-183647

[693](18:36:48)[3]-- TIME:20090303-183648

[694](18:36:49)[0]-- TIME:20090303-183649

[695](18:36:50)[1]-- TIME:20090303-183650

[696](18:36:51)[2]-- TIME:20090303-183651

[697](18:36:52)[3]-- TIME:20090303-183652

[698](18:36:53)[0]-- TIME:20090303-183653

[699](18:36:54)[1]-- TIME:20090303-183654

[700](18:36:55)[2]-- TIME:20090303-183655

[701](18:36:56)[3]-- TIME:20090303-183656

[702](18:36:57)[0]-- TIME:20090303-183657

[703](18:36:58)[1]-- TIME:20090303-183658

[704](18:36:59)[2]-- TIME:20090303-183659

[705](18:37:00)[3]-- TIME:20090303-183700

[706](18:37:00)10.23.128.24: Timeout
[707](18:37:01)[0]-- TIME:20090303-183701

[708](18:37:02)[1]-- TIME:20090303-183702

[709](18:37:03)[2]-- TIME:20090303-183703

[710](18:37:04)[3]-- TIME:20090303-183704

[711](18:37:05)[0]-- TIME:20090303-183705

[712](18:37:06)[1]-- TIME:20090303-183706

[713](18:37:07)[2]-- TIME:20090303-183707

[714](18:37:08)[3]-- TIME:20090303-183708

[715](18:37:09)[0]-- TIME:20090303-183709

[716](18:37:10)[1]-- TIME:20090303-183710

[717](18:37:11)[2]-- TIME:20090303-183711

[718](18:37:12)[3]-- TIME:20090303-183712

[719](18:37:13)[0]-- TIME:20090303-183713

[720](18:37:14)[1]-- TIME:20090303-183714

[721](18:37:15)[2]-- TIME:20090303-183715

[722](18:37:16)[3]-- TIME:20090303-183716

[723](18:37:17)[0]-- TIME:20090303-183717

[724](18:37:18)[1]-- TIME:20090303-183718

[725](18:37:19)[2]-- TIME:20090303-183719

[726](18:37:20)[3]-- TIME:20090303-183720

[727](18:37:21)[0]-- TIME:20090303-183721

[728](18:37:22)[1]-- TIME:20090303-183722

[729](18:37:23)[2]-- TIME:20090303-183723

[730](18:37:24)[3]-- TIME:20090303-183724

[731](18:37:25)[0]-- TIME:20090303-183725

[732](18:37:26)[1]-- TIME:20090303-183726

[733](18:37:27)[2]-- TIME:20090303-183727

[734](18:37:28)[3]-- TIME:20090303-183728

[735](18:37:29)[0]-- TIME:20090303-183729

[736](18:37:30)[1]-- TIME:20090303-183730

[737](18:37:31)[2]-- TIME:20090303-183731

[738](18:37:32)[3]-- TIME:20090303-183732

[739](18:37:33)[0]-- TIME:20090303-183733

[740](18:37:34)[1]-- TIME:20090303-183734

[741](18:37:35)[2]-- TIME:20090303-183735

[742](18:37:36)[3]-- TIME:20090303-183736

[743](18:37:37)[0]-- TIME:20090303-183737

[744](18:37:38)[1]-- TIME:20090303-183738

[745](18:37:39)[2]-- TIME:20090303-183739

[746](18:37:40)[3]-- TIME:20090303-183740

[747](18:37:41)[0]-- TIME:20090303-183741

[748](18:37:42)[1]-- TIME:20090303-183742

[749](18:37:43)[2]-- TIME:20090303-183743

[750](18:37:44)[3]-- TIME:20090303-183744

[751](18:37:45)[0]-- TIME:20090303-183745

[752](18:37:46)[1]-- TIME:20090303-183746

[753](18:37:47)[2]-- TIME:20090303-183747

[754](18:37:48)[3]-- TIME:20090303-183748

[755](18:37:49)[0]-- TIME:20090303-183749

[756](18:37:50)[1]-- TIME:20090303-183750

[757](18:37:51)[2]-- TIME:20090303-183751

[758](18:37:52)[3]-- TIME:20090303-183752

[759](18:37:53)[0]-- TIME:20090303-183753

[760](18:37:54)[1]-- TIME:20090303-183754

[761](18:37:55)[2]-- TIME:20090303-183755

[762](18:37:56)[3]-- TIME:20090303-183756

[763](18:37:57)[0]-- TIME:20090303-183757

[764](18:37:58)[1]-- TIME:20090303-183758

[765](18:37:59)[2]-- TIME:20090303-183759

[766](18:38:00)[3]-- TIME:20090303-183800

[767](18:38:01)[0]-- TIME:20090303-183801

[768](18:38:02)[1]-- TIME:20090303-183802

[769](18:38:03)[2]-- TIME:20090303-183803

[770](18:38:04)[3]-- TIME:20090303-183804

[771](18:38:05)[0]-- TIME:20090303-183805

[772](18:38:06)[1]-- TIME:20090303-183806

[773](18:38:07)[2]-- TIME:20090303-183807

[774](18:38:08)[3]-- TIME:20090303-183808

[775](18:38:09)[0]-- TIME:20090303-183809

[776](18:38:10)[1]-- TIME:20090303-183810

[777](18:38:11)[2]-- TIME:20090303-183811

[778](18:38:12)[3]-- TIME:20090303-183812

[779](18:38:13)[0]-- TIME:20090303-183813

[780](18:38:14)[1]-- TIME:20090303-183814

[781](18:38:15)[2]-- TIME:20090303-183815

[782](18:38:16)[3]-- TIME:20090303-183816

[783](18:38:17)[0]-- TIME:20090303-183817

[784](18:38:18)[1]-- TIME:20090303-183818

[785](18:38:19)[2]-- TIME:20090303-183819

[786](18:38:20)[3]-- TIME:20090303-183820

[787](18:38:21)[0]-- TIME:20090303-183821

[788](18:38:22)[1]-- TIME:20090303-183822

[789](18:38:23)[2]-- TIME:20090303-183823

[790](18:38:24)[3]-- TIME:20090303-183824

[791](18:38:25)[0]-- TIME:20090303-183825

[792](18:38:26)[1]-- TIME:20090303-183826

[793](18:38:27)[2]-- TIME:20090303-183827

[794](18:38:28)[3]-- TIME:20090303-183828

[795](18:38:29)[0]-- TIME:20090303-183829

[796](18:38:30)[1]-- TIME:20090303-183830

[797](18:38:31)[2]-- TIME:20090303-183831

[798](18:38:32)[3]-- TIME:20090303-183832

[799](18:38:33)[0]-- TIME:20090303-183833

[800](18:38:34)[1]-- TIME:20090303-183834

[801](18:38:35)[2]-- TIME:20090303-183835

[802](18:38:36)[3]-- TIME:20090303-183836

[803](18:38:37)[0]-- TIME:20090303-183837

[804](18:38:38)[1]-- TIME:20090303-183838

[805](18:38:39)[2]-- TIME:20090303-183839

[806](18:38:40)[3]-- TIME:20090303-183840

[807](18:38:41)[0]-- TIME:20090303-183841

[808](18:38:42)[1]-- TIME:20090303-183842

[809](18:38:43)[2]-- TIME:20090303-183843

[810](18:38:44)[3]-- TIME:20090303-183844

[811](18:38:45)[0]-- TIME:20090303-183845

[812](18:38:46)[1]-- TIME:20090303-183846

[813](18:38:47)[2]-- TIME:20090303-183847

[814](18:38:48)[3]-- TIME:20090303-183848

[815](18:38:49)[0]-- TIME:20090303-183849

[816](18:38:50)[1]-- TIME:20090303-183850

[817](18:38:51)[2]-- TIME:20090303-183851

[818](18:38:52)[3]-- TIME:20090303-183852

[819](18:38:53)[0]-- TIME:20090303-183853

[820](18:38:54)[1]-- TIME:20090303-183854

[821](18:38:55)[2]-- TIME:20090303-183855

[822](18:38:56)[3]-- TIME:20090303-183856

[823](18:38:57)[0]-- TIME:20090303-183857

[824](18:38:58)[1]-- TIME:20090303-183858

[825](18:38:59)[2]-- TIME:20090303-183859

[826](18:39:00)[3]-- TIME:20090303-183900

[827](18:39:01)[0]-- TIME:20090303-183901

[828](18:39:02)[1]-- TIME:20090303-183902

[829](18:39:03)[2]-- TIME:20090303-183903

[830](18:39:04)[3]-- TIME:20090303-183904

[831](18:39:05)[0]-- TIME:20090303-183905

[832](18:39:06)[1]-- TIME:20090303-183906

[833](18:39:07)[2]-- TIME:20090303-183907

[834](18:39:08)[3]-- TIME:20090303-183908

[835](18:39:09)[0]-- TIME:20090303-183909

[836](18:39:10)[1]-- TIME:20090303-183910

[837](18:39:11)[2]-- TIME:20090303-183911

[838](18:39:12)[3]-- TIME:20090303-183912

[839](18:39:13)[0]-- TIME:20090303-183913

[840](18:39:14)[1]-- TIME:20090303-183914

[841](18:39:15)[2]-- TIME:20090303-183915

[842](18:39:16)[3]-- TIME:20090303-183916

[843](18:39:17)[0]-- TIME:20090303-183917

[844](18:39:18)[1]-- TIME:20090303-183918

[845](18:39:19)[2]-- TIME:20090303-183919

[846](18:39:20)[3]-- TIME:20090303-183920

[847](18:39:21)[0]-- TIME:20090303-183921

[848](18:39:22)[1]-- TIME:20090303-183922

[849](18:39:23)[2]-- TIME:20090303-183923

[850](18:39:24)[3]-- TIME:20090303-183924

[851](18:39:25)[0]-- TIME:20090303-183925

[852](18:39:26)[1]-- TIME:20090303-183926

[853](18:39:27)[2]-- TIME:20090303-183927

[854](18:39:28)[3]-- TIME:20090303-183928

[855](18:39:29)[0]-- TIME:20090303-183929

[856](18:39:30)[1]-- TIME:20090303-183930

[857](18:39:31)[2]-- TIME:20090303-183931

[858](18:39:32)[3]-- TIME:20090303-183932

[859](18:39:33)[0]-- TIME:20090303-183933

[860](18:39:34)[1]-- TIME:20090303-183934

[861](18:39:35)[2]-- TIME:20090303-183935

[862](18:39:36)[3]-- TIME:20090303-183936

[863](18:39:37)[0]-- TIME:20090303-183937

[864](18:39:38)[1]-- TIME:20090303-183938

[865](18:39:39)[2]-- TIME:20090303-183939

[866](18:39:40)[3]-- TIME:20090303-183940

[867](18:39:41)[0]-- TIME:20090303-183941

[868](18:39:42)[1]-- TIME:20090303-183942

[869](18:39:43)[2]-- TIME:20090303-183943

[870](18:39:44)[3]-- TIME:20090303-183944

[871](18:39:45)[0]-- TIME:20090303-183945

[872](18:39:46)[1]-- TIME:20090303-183946

[873](18:39:47)[2]-- TIME:20090303-183947

[874](18:39:48)[3]-- TIME:20090303-183948

[875](18:39:49)[0]-- TIME:20090303-183949

[876](18:39:50)[1]-- TIME:20090303-183950

[877](18:39:51)[2]-- TIME:20090303-183951

[878](18:39:52)[3]-- TIME:20090303-183952

[879](18:39:53)[0]-- TIME:20090303-183953

[880](18:39:54)[1]-- TIME:20090303-183954

[881](18:39:55)[2]-- TIME:20090303-183955

[882](18:39:56)[3]-- TIME:20090303-183956

[883](18:39:57)[0]-- TIME:20090303-183957

[884](18:39:58)[1]-- TIME:20090303-183958

[885](18:39:59)[2]-- TIME:20090303-183959

[886](18:40:00)[3]-- TIME:20090303-184000

[887](18:40:01)[0]-- TIME:20090303-184001

[888](18:40:02)[1]-- TIME:20090303-184002

[889](18:40:03)[2]-- TIME:20090303-184003

[890](18:40:04)[3]-- TIME:20090303-184004

[891](18:40:05)[0]-- TIME:20090303-184005

[892](18:40:06)[1]-- TIME:20090303-184006

[893](18:40:07)[2]-- TIME:20090303-184007

[894](18:40:08)[3]-- TIME:20090303-184008

[895](18:40:09)[0]-- TIME:20090303-184009

[896](18:40:10)[1]-- TIME:20090303-184010

[897](18:40:11)[2]-- TIME:20090303-184011

[898](18:40:12)[3]-- TIME:20090303-184012

[899](18:40:13)[0]-- TIME:20090303-184013

[900](18:40:14)[1]-- TIME:20090303-184014

[901](18:40:15)[2]-- TIME:20090303-184015

[902](18:40:16)[3]-- TIME:20090303-184016

[903](18:40:17)[0]-- TIME:20090303-184017

[904](18:40:18)[1]-- TIME:20090303-184018

[905](18:40:19)[2]-- TIME:20090303-184019

[906](18:40:20)[3]-- TIME:20090303-184020

[907](18:40:21)[0]-- TIME:20090303-184021

[908](18:40:22)[1]-- TIME:20090303-184022

[909](18:40:23)[2]-- TIME:20090303-184023

[910](18:40:24)[3]-- TIME:20090303-184024

[911](18:40:25)[0]-- TIME:20090303-184025

[912](18:40:26)[1]-- TIME:20090303-184026

[913](18:40:27)[2]-- TIME:20090303-184027

[914](18:40:28)[3]-- TIME:20090303-184028

[915](18:40:29)[0]-- TIME:20090303-184029

[916](18:40:30)[1]-- TIME:20090303-184030

[917](18:40:31)[2]-- TIME:20090303-184031

[918](18:40:32)[3]-- TIME:20090303-184032

[919](18:40:33)[0]-- TIME:20090303-184033

[920](18:40:34)[1]-- TIME:20090303-184034

[921](18:40:35)[2]-- TIME:20090303-184035

[922](18:40:36)[3]-- TIME:20090303-184036

[923](18:40:37)[0]-- TIME:20090303-184037

[924](18:40:38)[1]-- TIME:20090303-184038

[925](18:40:39)[2]-- TIME:20090303-184039

[926](18:40:40)[3]-- TIME:20090303-184040

[927](18:40:41)[0]-- TIME:20090303-184041

[928](18:40:42)[1]-- TIME:20090303-184042

[929](18:40:43)[2]-- TIME:20090303-184043

[930](18:40:44)[3]-- TIME:20090303-184044

[931](18:40:45)[0]-- TIME:20090303-184045

[932](18:40:46)[1]-- TIME:20090303-184046

[933](18:40:47)[2]-- TIME:20090303-184047

[934](18:40:48)[3]-- TIME:20090303-184048

[935](18:40:49)[0]-- TIME:20090303-184049

[936](18:40:50)[1]-- TIME:20090303-184050

[937](18:40:51)[2]-- TIME:20090303-184051

[938](18:40:52)[3]-- TIME:20090303-184052

[939](18:40:53)[0]-- TIME:20090303-184053

[940](18:40:54)[1]-- TIME:20090303-184054

[941](18:40:55)[2]-- TIME:20090303-184055

[942](18:40:56)[3]-- TIME:20090303-184056

[943](18:40:57)[0]-- TIME:20090303-184057

[944](18:40:58)[1]-- TIME:20090303-184058

[945](18:40:59)[2]-- TIME:20090303-184059

[946](18:41:00)[3]-- TIME:20090303-184100

[947](18:41:01)[0]-- TIME:20090303-184101

[948](18:41:02)[1]-- TIME:20090303-184102

[949](18:41:03)[2]-- TIME:20090303-184103

[950](18:41:04)[3]-- TIME:20090303-184104

[951](18:41:05)[0]-- TIME:20090303-184105

[952](18:41:06)[1]-- TIME:20090303-184106

[953](18:41:07)[2]-- TIME:20090303-184107

[954](18:41:08)[3]-- TIME:20090303-184108

[955](18:41:09)[0]-- TIME:20090303-184109

[956](18:41:10)[1]-- TIME:20090303-184110

[957](18:41:11)[2]-- TIME:20090303-184111

[958](18:41:12)[3]-- TIME:20090303-184112

[959](18:41:13)[0]-- TIME:20090303-184113

[960](18:41:14)[1]-- TIME:20090303-184114

[961](18:41:15)[2]-- TIME:20090303-184115

[962](18:41:16)[3]-- TIME:20090303-184116

[963](18:41:17)[0]-- TIME:20090303-184117

[964](18:41:18)[1]-- TIME:20090303-184118

[965](18:41:19)[2]-- TIME:20090303-184119

[966](18:41:20)[3]-- TIME:20090303-184120

[967](18:41:21)[0]-- TIME:20090303-184121

[968](18:41:22)[1]-- TIME:20090303-184122

[969](18:41:23)[2]-- TIME:20090303-184123

[970](18:41:24)[3]-- TIME:20090303-184124

[971](18:41:25)[0]-- TIME:20090303-184125

[972](18:41:26)[1]-- TIME:20090303-184126

[973](18:41:27)[2]-- TIME:20090303-184127

[974](18:41:28)[3]-- TIME:20090303-184128

[975](18:41:29)[0]-- TIME:20090303-184129

[976](18:41:30)[1]-- TIME:20090303-184130

[977](18:41:31)[2]-- TIME:20090303-184131

[978](18:41:32)[3]-- TIME:20090303-184132

[979](18:41:33)[0]-- TIME:20090303-184133

[980](18:41:34)[1]-- TIME:20090303-184134

[981](18:41:35)[2]-- TIME:20090303-184135

[982](18:41:36)[3]-- TIME:20090303-184136

[983](18:41:37)[0]-- TIME:20090303-184137

[984](18:41:38)[1]-- TIME:20090303-184138

[985](18:41:39)[2]-- TIME:20090303-184139

[986](18:41:40)[3]-- TIME:20090303-184140

[987](18:41:41)[0]-- TIME:20090303-184141

[988](18:41:42)[1]-- TIME:20090303-184142

[989](18:41:43)[2]-- TIME:20090303-184143

[990](18:41:44)[3]-- TIME:20090303-184144

[991](18:41:45)[0]-- TIME:20090303-184145

[992](18:41:46)[1]-- TIME:20090303-184146

[993](18:41:47)[2]-- TIME:20090303-184147

[994](18:41:48)[3]-- TIME:20090303-184148

[995](18:41:49)[0]-- TIME:20090303-184149

[996](18:41:50)[1]-- TIME:20090303-184150

[997](18:41:51)[2]-- TIME:20090303-184151

[998](18:41:52)[3]-- TIME:20090303-184152

[999](18:41:53)[0]-- TIME:20090303-184153

[1000](18:41:54)[1]-- TIME:20090303-184154
