
[0](16:03:17)======== MONITA APP STARTING ===========
[1](16:03:17)Load file konfigurasi
[2](16:03:17)Baca konfig
[3](16:03:17)Baca konfig: OK
[4](16:03:19)Mulai logging data
[5](16:03:20)[0]-- TIME:20090305-160320

[6](16:03:21)[1]-- TIME:20090305-160321

[7](16:03:22)[2]-- TIME:20090305-160322

[8](16:03:23)[3]-- TIME:20090305-160323

[9](16:03:24)[0]-- TIME:20090305-160324

[10](16:03:25)[1]-- TIME:20090305-160325

[11](16:03:26)[2]-- TIME:20090305-160326

[12](16:03:27)[3]-- TIME:20090305-160327

[13](16:03:28)[0]-- TIME:20090305-160328

[14](16:03:29)[1]-- TIME:20090305-160329

[15](16:03:30)[2]-- TIME:20090305-160330

[16](16:03:31)[3]-- TIME:20090305-160331

[17](16:03:32)[0]-- TIME:20090305-160332

[18](16:03:33)[1]-- TIME:20090305-160333

[19](16:03:34)[2]-- TIME:20090305-160334

[20](16:03:35)[3]-- TIME:20090305-160335

[21](16:03:36)[0]-- TIME:20090305-160336

[22](16:03:37)[1]-- TIME:20090305-160337

[23](16:03:38)[2]-- TIME:20090305-160338

[24](16:03:39)[3]-- TIME:20090305-160339

[25](16:03:40)[0]-- TIME:20090305-160340

[26](16:03:41)[1]-- TIME:20090305-160341

[27](16:03:42)[2]-- TIME:20090305-160342

[28](16:03:43)[3]-- TIME:20090305-160343

[29](16:03:44)[0]-- TIME:20090305-160344

[30](16:03:45)[1]-- TIME:20090305-160345

[31](16:03:46)[2]-- TIME:20090305-160346

[32](16:03:47)[3]-- TIME:20090305-160347

[33](16:03:48)[0]-- TIME:20090305-160348

[34](16:03:49)[1]-- TIME:20090305-160349

[35](16:03:50)[2]-- TIME:20090305-160350

[36](16:03:51)[3]-- TIME:20090305-160351

[37](16:03:52)[0]-- TIME:20090305-160352

[38](16:03:53)[1]-- TIME:20090305-160353

[39](16:03:54)[2]-- TIME:20090305-160354

[40](16:03:55)[3]-- TIME:20090305-160355

[41](16:03:56)[0]-- TIME:20090305-160356

[42](16:03:57)[1]-- TIME:20090305-160357

[43](16:03:58)[2]-- TIME:20090305-160358

[44](16:03:59)[3]-- TIME:20090305-160359

[45](16:04:00)[0]-- TIME:20090305-160400

[46](16:04:01)[1]-- TIME:20090305-160401

[47](16:04:02)[2]-- TIME:20090305-160402

[48](16:04:03)[3]-- TIME:20090305-160403

[49](16:04:04)[0]-- TIME:20090305-160404

[50](16:04:05)[1]-- TIME:20090305-160405

[51](16:04:06)[2]-- TIME:20090305-160406

[52](16:04:07)[3]-- TIME:20090305-160407

[53](16:04:08)[0]-- TIME:20090305-160408

[54](16:04:09)[1]-- TIME:20090305-160409

[55](16:04:10)[2]-- TIME:20090305-160410

[56](16:04:11)[3]-- TIME:20090305-160411

[57](16:04:12)[0]-- TIME:20090305-160412

[58](16:04:13)[1]-- TIME:20090305-160413

[59](16:04:14)[2]-- TIME:20090305-160414

[60](16:04:15)[3]-- TIME:20090305-160415

[61](16:04:16)[0]-- TIME:20090305-160416

[62](16:04:17)[1]-- TIME:20090305-160417

[63](16:04:18)[2]-- TIME:20090305-160418

[64](16:04:19)[3]-- TIME:20090305-160419

[65](16:04:20)[0]-- TIME:20090305-160420

[66](16:04:21)[1]-- TIME:20090305-160421

[67](16:04:22)[2]-- TIME:20090305-160422

[68](16:04:23)[3]-- TIME:20090305-160423

[69](16:04:24)[0]-- TIME:20090305-160424

[70](16:04:25)[1]-- TIME:20090305-160425

[71](16:04:26)[2]-- TIME:20090305-160426

[72](16:04:27)[3]-- TIME:20090305-160427

[73](16:04:28)[0]-- TIME:20090305-160428

[74](16:04:29)[1]-- TIME:20090305-160429

[75](16:04:30)[2]-- TIME:20090305-160430

[76](16:04:31)[3]-- TIME:20090305-160431

[77](16:04:32)[0]-- TIME:20090305-160432

[78](16:04:33)[1]-- TIME:20090305-160433

[79](16:04:34)[2]-- TIME:20090305-160434

[80](16:04:35)[3]-- TIME:20090305-160435

[81](16:04:36)[0]-- TIME:20090305-160436

[82](16:04:40)[1]-- TIME:20090305-160440

[83](16:04:41)[2]-- TIME:20090305-160441

[84](16:04:42)[3]-- TIME:20090305-160442

[85](16:04:43)[0]-- TIME:20090305-160443

[86](16:04:44)[1]-- TIME:20090305-160444

[87](16:04:45)[2]-- TIME:20090305-160445

[88](16:04:46)[3]-- TIME:20090305-160446

[89](16:04:47)[0]-- TIME:20090305-160447

[90](16:04:48)[1]-- TIME:20090305-160448

[91](16:04:49)[2]-- TIME:20090305-160449

[92](16:04:50)[3]-- TIME:20090305-160450

[93](16:04:51)[0]-- TIME:20090305-160451

[94](16:04:52)[1]-- TIME:20090305-160452

[95](16:04:53)[2]-- TIME:20090305-160453

[96](16:04:54)[3]-- TIME:20090305-160454

[97](16:04:55)[0]-- TIME:20090305-160455

[98](16:04:56)[1]-- TIME:20090305-160456

[99](16:04:57)[2]-- TIME:20090305-160457

[100](16:04:58)[3]-- TIME:20090305-160458

[101](16:04:59)[0]-- TIME:20090305-160459

[102](16:05:00)[1]-- TIME:20090305-160500

[103](16:05:01)[2]-- TIME:20090305-160501

[104](16:05:02)[3]-- TIME:20090305-160502

[105](16:05:03)[0]-- TIME:20090305-160503

[106](16:05:04)[1]-- TIME:20090305-160504

[107](16:05:05)[2]-- TIME:20090305-160505

[108](16:05:06)[3]-- TIME:20090305-160506

[109](16:05:07)[0]-- TIME:20090305-160507

[110](16:05:08)[1]-- TIME:20090305-160508

[111](16:05:09)[2]-- TIME:20090305-160509

[112](16:05:10)[3]-- TIME:20090305-160510

[113](16:05:11)[0]-- TIME:20090305-160511

[114](16:05:12)[1]-- TIME:20090305-160512

[115](16:05:13)[2]-- TIME:20090305-160513

[116](16:05:14)[3]-- TIME:20090305-160514

[117](16:05:15)[0]-- TIME:20090305-160515

[118](16:05:16)[1]-- TIME:20090305-160516

[119](16:05:17)[2]-- TIME:20090305-160517

[120](16:05:18)[3]-- TIME:20090305-160518

[121](16:05:19)[0]-- TIME:20090305-160519

[122](16:05:20)[1]-- TIME:20090305-160520

[123](16:05:21)[2]-- TIME:20090305-160521

[124](16:05:22)[3]-- TIME:20090305-160522

[125](16:05:23)[0]-- TIME:20090305-160523

[126](16:05:24)[1]-- TIME:20090305-160524

[127](16:05:25)[2]-- TIME:20090305-160525

[128](16:05:26)[3]-- TIME:20090305-160526

[129](16:05:27)[0]-- TIME:20090305-160527

[130](16:05:28)[1]-- TIME:20090305-160528

[131](16:05:29)[2]-- TIME:20090305-160529

[132](16:05:30)[3]-- TIME:20090305-160530

[133](16:05:31)[0]-- TIME:20090305-160531

[134](16:05:32)[1]-- TIME:20090305-160532

[135](16:05:33)[2]-- TIME:20090305-160533

[136](16:05:34)[3]-- TIME:20090305-160534

[137](16:05:35)[0]-- TIME:20090305-160535

[138](16:05:36)[1]-- TIME:20090305-160536

[139](16:05:37)[2]-- TIME:20090305-160537

[140](16:05:38)[3]-- TIME:20090305-160538

[141](16:05:39)[0]-- TIME:20090305-160539

[142](16:05:40)[1]-- TIME:20090305-160540

[143](16:05:41)[2]-- TIME:20090305-160541

[144](16:05:42)[3]-- TIME:20090305-160542

[145](16:05:43)[0]-- TIME:20090305-160543

[146](16:05:44)[1]-- TIME:20090305-160544

[147](16:05:45)[2]-- TIME:20090305-160545

[148](16:05:46)[3]-- TIME:20090305-160546

[149](16:05:47)[0]-- TIME:20090305-160547

[150](16:05:48)[1]-- TIME:20090305-160548

[151](16:05:49)[2]-- TIME:20090305-160549

[152](16:05:50)[3]-- TIME:20090305-160550

[153](16:05:51)[0]-- TIME:20090305-160551

[154](16:05:52)[1]-- TIME:20090305-160552

[155](16:05:53)[2]-- TIME:20090305-160553

[156](16:05:54)[3]-- TIME:20090305-160554

[157](16:05:55)[0]-- TIME:20090305-160555

[158](16:05:56)[1]-- TIME:20090305-160556

[159](16:05:57)[2]-- TIME:20090305-160557

[160](16:05:58)[3]-- TIME:20090305-160558

[161](16:05:59)[0]-- TIME:20090305-160559

[162](16:06:00)[1]-- TIME:20090305-160600

[163](16:06:01)[2]-- TIME:20090305-160601

[164](16:06:02)[3]-- TIME:20090305-160602

[165](16:06:03)[0]-- TIME:20090305-160603

[166](16:06:04)[1]-- TIME:20090305-160604

[167](16:06:05)[2]-- TIME:20090305-160605

[168](16:06:06)[3]-- TIME:20090305-160606

[169](16:06:07)[0]-- TIME:20090305-160607

[170](16:06:08)[1]-- TIME:20090305-160608

[171](16:06:09)[2]-- TIME:20090305-160609

[172](16:06:10)[3]-- TIME:20090305-160610

[173](16:06:11)[0]-- TIME:20090305-160611

[174](16:06:12)[1]-- TIME:20090305-160612

[175](16:06:13)[2]-- TIME:20090305-160613

[176](16:06:14)[3]-- TIME:20090305-160614

[177](16:06:15)[0]-- TIME:20090305-160615

[178](16:06:16)[1]-- TIME:20090305-160616

[179](16:06:17)[2]-- TIME:20090305-160617

[180](16:06:18)[3]-- TIME:20090305-160618

[181](16:06:19)[0]-- TIME:20090305-160619

[182](16:06:20)[1]-- TIME:20090305-160620

[183](16:06:21)[2]-- TIME:20090305-160621

[184](16:06:22)[3]-- TIME:20090305-160622

[185](16:06:23)[0]-- TIME:20090305-160623

[186](16:06:24)[1]-- TIME:20090305-160624

[187](16:06:25)[2]-- TIME:20090305-160625

[188](16:06:26)[3]-- TIME:20090305-160626

[189](16:06:27)[0]-- TIME:20090305-160627

[190](16:06:28)[1]-- TIME:20090305-160628

[191](16:06:29)[2]-- TIME:20090305-160629

[192](16:06:30)[3]-- TIME:20090305-160630

[193](16:06:31)[0]-- TIME:20090305-160631

[194](16:06:32)[1]-- TIME:20090305-160632

[195](16:06:33)[2]-- TIME:20090305-160633

[196](16:06:34)[3]-- TIME:20090305-160634

[197](16:06:35)[0]-- TIME:20090305-160635

[198](16:06:36)[1]-- TIME:20090305-160636

[199](16:06:37)[2]-- TIME:20090305-160637

[200](16:06:38)[3]-- TIME:20090305-160638

[201](16:06:39)[0]-- TIME:20090305-160639

[202](16:06:40)[1]-- TIME:20090305-160640

[203](16:06:41)[2]-- TIME:20090305-160641

[204](16:06:42)[3]-- TIME:20090305-160642

[205](16:06:43)[0]-- TIME:20090305-160643

[206](16:06:44)[1]-- TIME:20090305-160644

[207](16:06:45)[2]-- TIME:20090305-160645

[208](16:06:46)[3]-- TIME:20090305-160646

[209](16:06:47)[0]-- TIME:20090305-160647

[210](16:06:48)[1]-- TIME:20090305-160648

[211](16:06:49)[2]-- TIME:20090305-160649

[212](16:06:50)[3]-- TIME:20090305-160650

[213](16:06:51)[0]-- TIME:20090305-160651

[214](16:06:52)[1]-- TIME:20090305-160652

[215](16:06:53)[2]-- TIME:20090305-160653

[216](16:06:54)[3]-- TIME:20090305-160654

[217](16:06:55)[0]-- TIME:20090305-160655

[218](16:06:56)[1]-- TIME:20090305-160656

[219](16:06:57)[2]-- TIME:20090305-160657

[220](16:06:58)[3]-- TIME:20090305-160658

[221](16:06:59)[0]-- TIME:20090305-160659

[222](16:07:00)[1]-- TIME:20090305-160700

[223](16:07:01)[2]-- TIME:20090305-160701

[224](16:07:02)[3]-- TIME:20090305-160702

[225](16:07:03)[0]-- TIME:20090305-160703

[226](16:07:04)[1]-- TIME:20090305-160704

[227](16:07:05)[2]-- TIME:20090305-160705

[228](16:07:06)[3]-- TIME:20090305-160706

[229](16:07:07)[0]-- TIME:20090305-160707

[230](16:07:08)[1]-- TIME:20090305-160708

[231](16:07:09)[2]-- TIME:20090305-160709

[232](16:07:10)[3]-- TIME:20090305-160710

[233](16:07:11)[0]-- TIME:20090305-160711

[234](16:07:12)[1]-- TIME:20090305-160712

[235](16:07:13)[2]-- TIME:20090305-160713

[236](16:07:14)[3]-- TIME:20090305-160714

[237](16:07:15)[0]-- TIME:20090305-160715

[238](16:07:16)[1]-- TIME:20090305-160716

[239](16:07:17)[2]-- TIME:20090305-160717

[240](16:07:18)[3]-- TIME:20090305-160718

[241](16:07:19)[0]-- TIME:20090305-160719

[242](16:07:20)[1]-- TIME:20090305-160720

[243](16:07:21)[2]-- TIME:20090305-160721

[244](16:07:22)[3]-- TIME:20090305-160722

[245](16:07:23)[0]-- TIME:20090305-160723

[246](16:07:24)[1]-- TIME:20090305-160724

[247](16:07:25)[2]-- TIME:20090305-160725

[248](16:07:26)[3]-- TIME:20090305-160726

[249](16:07:27)[0]-- TIME:20090305-160727

[250](16:07:28)[1]-- TIME:20090305-160728

[251](16:07:29)[2]-- TIME:20090305-160729

[252](16:07:30)[3]-- TIME:20090305-160730

[253](16:07:31)[0]-- TIME:20090305-160731

[254](16:07:32)[1]-- TIME:20090305-160732

[255](16:07:33)[2]-- TIME:20090305-160733

[256](16:07:34)[3]-- TIME:20090305-160734

[257](16:07:35)[0]-- TIME:20090305-160735

[258](16:07:36)[1]-- TIME:20090305-160736

[259](16:07:37)[2]-- TIME:20090305-160737

[260](16:07:38)[3]-- TIME:20090305-160738

[261](16:07:39)[0]-- TIME:20090305-160739

[262](16:07:40)[1]-- TIME:20090305-160740

[263](16:07:41)[2]-- TIME:20090305-160741

[264](16:07:42)[3]-- TIME:20090305-160742

[265](16:07:43)[0]-- TIME:20090305-160743

[266](16:07:44)[1]-- TIME:20090305-160744

[267](16:07:45)[2]-- TIME:20090305-160745

[268](16:07:46)[3]-- TIME:20090305-160746

[269](16:07:47)[0]-- TIME:20090305-160747

[270](16:07:48)[1]-- TIME:20090305-160748

[271](16:07:49)[2]-- TIME:20090305-160749

[272](16:07:50)[3]-- TIME:20090305-160750

[273](16:07:51)[0]-- TIME:20090305-160751

[274](16:07:52)[1]-- TIME:20090305-160752

[275](16:07:53)[2]-- TIME:20090305-160753

[276](16:07:54)[3]-- TIME:20090305-160754

[277](16:07:55)[0]-- TIME:20090305-160755

[278](16:07:56)[1]-- TIME:20090305-160756

[279](16:07:57)[2]-- TIME:20090305-160757

[280](16:07:58)[3]-- TIME:20090305-160758

[281](16:07:59)[0]-- TIME:20090305-160759

[282](16:08:00)[1]-- TIME:20090305-160800

[283](16:08:01)[2]-- TIME:20090305-160801

[284](16:08:02)[3]-- TIME:20090305-160802

[285](16:08:03)[0]-- TIME:20090305-160803

[286](16:08:04)[1]-- TIME:20090305-160804

[287](16:08:05)[2]-- TIME:20090305-160805

[288](16:08:06)[3]-- TIME:20090305-160806

[289](16:08:07)[0]-- TIME:20090305-160807

[290](16:08:08)[1]-- TIME:20090305-160808

[291](16:08:09)[2]-- TIME:20090305-160809

[292](16:08:10)[3]-- TIME:20090305-160810

[293](16:08:11)[0]-- TIME:20090305-160811

[294](16:08:12)[1]-- TIME:20090305-160812

[295](16:08:13)[2]-- TIME:20090305-160813

[296](16:08:14)[3]-- TIME:20090305-160814

[297](16:08:15)[0]-- TIME:20090305-160815

[298](16:08:16)[1]-- TIME:20090305-160816

[299](16:08:17)[2]-- TIME:20090305-160817

[300](16:08:18)[3]-- TIME:20090305-160818

[301](16:08:19)[0]-- TIME:20090305-160819

[302](16:08:20)[1]-- TIME:20090305-160820

[303](16:08:21)[2]-- TIME:20090305-160821

[304](16:08:22)[3]-- TIME:20090305-160822

[305](16:08:23)[0]-- TIME:20090305-160823

[306](16:08:24)[1]-- TIME:20090305-160824

[307](16:08:25)[2]-- TIME:20090305-160825

[308](16:08:26)[3]-- TIME:20090305-160826

[309](16:08:27)[0]-- TIME:20090305-160827

[310](16:08:28)[1]-- TIME:20090305-160828

[311](16:08:29)[2]-- TIME:20090305-160829

[312](16:08:30)[3]-- TIME:20090305-160830

[313](16:08:31)[0]-- TIME:20090305-160831

[314](16:08:32)[1]-- TIME:20090305-160832

[315](16:08:33)[2]-- TIME:20090305-160833

[316](16:08:34)[3]-- TIME:20090305-160834

[317](16:08:35)[0]-- TIME:20090305-160835

[318](16:08:36)[1]-- TIME:20090305-160836

[319](16:08:37)[2]-- TIME:20090305-160837

[320](16:08:38)[3]-- TIME:20090305-160838

[321](16:08:39)[0]-- TIME:20090305-160839

[322](16:08:40)[1]-- TIME:20090305-160840

[323](16:08:41)[2]-- TIME:20090305-160841

[324](16:08:42)[3]-- TIME:20090305-160842

[325](16:08:43)[0]-- TIME:20090305-160843

[326](16:08:44)[1]-- TIME:20090305-160844

[327](16:08:45)[2]-- TIME:20090305-160845

[328](16:08:46)[3]-- TIME:20090305-160846

[329](16:08:47)[0]-- TIME:20090305-160847

[330](16:08:48)[1]-- TIME:20090305-160848

[331](16:08:49)[2]-- TIME:20090305-160849

[332](16:08:50)[3]-- TIME:20090305-160850

[333](16:08:51)[0]-- TIME:20090305-160851

[334](16:08:52)[1]-- TIME:20090305-160852

[335](16:08:53)[2]-- TIME:20090305-160853

[336](16:08:54)[3]-- TIME:20090305-160854

[337](16:08:55)[0]-- TIME:20090305-160855

[338](16:08:56)[1]-- TIME:20090305-160856

[339](16:08:57)[2]-- TIME:20090305-160857

[340](16:08:58)[3]-- TIME:20090305-160858

[341](16:08:59)[0]-- TIME:20090305-160859

[342](16:09:00)[1]-- TIME:20090305-160900

[343](16:09:01)[2]-- TIME:20090305-160901

[344](16:09:02)[3]-- TIME:20090305-160902

[345](16:09:03)[0]-- TIME:20090305-160903

[346](16:09:04)[1]-- TIME:20090305-160904

[347](16:09:05)[2]-- TIME:20090305-160905

[348](16:09:06)[3]-- TIME:20090305-160906

[349](16:09:07)[0]-- TIME:20090305-160907

[350](16:09:08)[1]-- TIME:20090305-160908

[351](16:09:09)[2]-- TIME:20090305-160909

[352](16:09:10)[3]-- TIME:20090305-160910

[353](16:09:11)[0]-- TIME:20090305-160911

[354](16:09:12)[1]-- TIME:20090305-160912

[355](16:09:13)[2]-- TIME:20090305-160913

[356](16:09:14)[3]-- TIME:20090305-160914

[357](16:09:15)[0]-- TIME:20090305-160915

[358](16:09:16)[1]-- TIME:20090305-160916

[359](16:09:17)[2]-- TIME:20090305-160917

[360](16:09:18)[3]-- TIME:20090305-160918

[361](16:09:19)[0]-- TIME:20090305-160919

[362](16:09:20)[1]-- TIME:20090305-160920

[363](16:09:21)[2]-- TIME:20090305-160921

[364](16:09:22)[3]-- TIME:20090305-160922

[365](16:09:23)[0]-- TIME:20090305-160923

[366](16:09:24)[1]-- TIME:20090305-160924

[367](16:09:25)[2]-- TIME:20090305-160925

[368](16:09:26)[3]-- TIME:20090305-160926

[369](16:09:27)[0]-- TIME:20090305-160927

[370](16:09:28)[1]-- TIME:20090305-160928

[371](16:09:29)[2]-- TIME:20090305-160929

[372](16:09:30)[3]-- TIME:20090305-160930

[373](16:09:31)[0]-- TIME:20090305-160931

[374](16:09:32)[1]-- TIME:20090305-160932

[375](16:09:33)[2]-- TIME:20090305-160933

[376](16:09:34)[3]-- TIME:20090305-160934

[377](16:09:35)[0]-- TIME:20090305-160935

[378](16:09:36)[1]-- TIME:20090305-160936

[379](16:09:37)[2]-- TIME:20090305-160937

[380](16:09:38)[3]-- TIME:20090305-160938

[381](16:09:39)[0]-- TIME:20090305-160939

[382](16:09:40)[1]-- TIME:20090305-160940

[383](16:09:41)[2]-- TIME:20090305-160941

[384](16:09:42)[3]-- TIME:20090305-160942

[385](16:09:43)[0]-- TIME:20090305-160943

[386](16:09:44)[1]-- TIME:20090305-160944

[387](16:09:45)[2]-- TIME:20090305-160945

[388](16:09:46)[3]-- TIME:20090305-160946

[389](16:09:47)[0]-- TIME:20090305-160947

[390](16:09:50)[1]-- TIME:20090305-160950

[391](16:09:51)[2]-- TIME:20090305-160951

[392](16:09:52)[3]-- TIME:20090305-160952

[393](16:09:53)[0]-- TIME:20090305-160953

[394](16:09:54)[1]-- TIME:20090305-160954

[395](16:09:55)[2]-- TIME:20090305-160955

[396](16:09:56)[3]-- TIME:20090305-160956

[397](16:09:57)[0]-- TIME:20090305-160957

[398](16:09:58)[1]-- TIME:20090305-160958

[399](16:09:59)[2]-- TIME:20090305-160959

[400](16:10:00)[3]-- TIME:20090305-161000

[401](16:10:01)[0]-- TIME:20090305-161001

[402](16:10:02)[1]-- TIME:20090305-161002

[403](16:10:03)[2]-- TIME:20090305-161003

[404](16:10:04)[3]-- TIME:20090305-161004

[405](16:10:05)[0]-- TIME:20090305-161005

[406](16:10:06)[1]-- TIME:20090305-161006

[407](16:10:07)[2]-- TIME:20090305-161007

[408](16:10:08)[3]-- TIME:20090305-161008

[409](16:10:09)[0]-- TIME:20090305-161009

[410](16:10:10)[1]-- TIME:20090305-161010

[411](16:10:11)[2]-- TIME:20090305-161011

[412](16:10:12)[3]-- TIME:20090305-161012

[413](16:10:13)[0]-- TIME:20090305-161013

[414](16:10:14)[1]-- TIME:20090305-161014

[415](16:10:15)[2]-- TIME:20090305-161015

[416](16:10:16)[3]-- TIME:20090305-161016

[417](16:10:17)[0]-- TIME:20090305-161017

[418](16:10:18)[1]-- TIME:20090305-161018

[419](16:10:19)[2]-- TIME:20090305-161019

[420](16:10:20)[3]-- TIME:20090305-161020

[421](16:10:21)[0]-- TIME:20090305-161021

[422](16:10:22)[1]-- TIME:20090305-161022

[423](16:10:23)[2]-- TIME:20090305-161023

[424](16:10:24)[3]-- TIME:20090305-161024

[425](16:10:25)[0]-- TIME:20090305-161025

[426](16:10:26)[1]-- TIME:20090305-161026

[427](16:10:27)[2]-- TIME:20090305-161027

[428](16:10:28)[3]-- TIME:20090305-161028

[429](16:10:29)[0]-- TIME:20090305-161029

[430](16:10:30)[1]-- TIME:20090305-161030

[431](16:10:31)[2]-- TIME:20090305-161031

[432](16:10:32)[3]-- TIME:20090305-161032

[433](16:10:33)[0]-- TIME:20090305-161033

[434](16:10:34)[1]-- TIME:20090305-161034

[435](16:10:35)[2]-- TIME:20090305-161035

[436](16:10:36)[3]-- TIME:20090305-161036

[437](16:10:37)[0]-- TIME:20090305-161037

[438](16:10:38)[1]-- TIME:20090305-161038

[439](16:10:39)[2]-- TIME:20090305-161039

[440](16:10:40)[3]-- TIME:20090305-161040

[441](16:10:41)[0]-- TIME:20090305-161041

[442](16:10:42)[1]-- TIME:20090305-161042

[443](16:10:43)[2]-- TIME:20090305-161043

[444](16:10:44)[3]-- TIME:20090305-161044

[445](16:10:45)[0]-- TIME:20090305-161045

[446](16:10:46)[1]-- TIME:20090305-161046

[447](16:10:47)[2]-- TIME:20090305-161047

[448](16:10:48)[3]-- TIME:20090305-161048

[449](16:10:49)[0]-- TIME:20090305-161049

[450](16:10:50)[1]-- TIME:20090305-161050

[451](16:10:51)[2]-- TIME:20090305-161051

[452](16:10:52)[3]-- TIME:20090305-161052

[453](16:10:53)[0]-- TIME:20090305-161053

[454](16:10:54)[1]-- TIME:20090305-161054

[455](16:10:55)[2]-- TIME:20090305-161055

[456](16:10:56)[3]-- TIME:20090305-161056

[457](16:10:57)[0]-- TIME:20090305-161057

[458](16:10:58)[1]-- TIME:20090305-161058

[459](16:10:59)[2]-- TIME:20090305-161059

[460](16:11:00)[3]-- TIME:20090305-161100

[461](16:11:01)[0]-- TIME:20090305-161101

[462](16:11:02)[1]-- TIME:20090305-161102

[463](16:11:03)[2]-- TIME:20090305-161103

[464](16:11:04)[3]-- TIME:20090305-161104

[465](16:11:05)[0]-- TIME:20090305-161105

[466](16:11:06)[1]-- TIME:20090305-161106

[467](16:11:07)[2]-- TIME:20090305-161107

[468](16:11:08)[3]-- TIME:20090305-161108

[469](16:11:09)[0]-- TIME:20090305-161109

[470](16:11:10)[1]-- TIME:20090305-161110

[471](16:11:11)[2]-- TIME:20090305-161111

[472](16:11:12)[3]-- TIME:20090305-161112

[473](16:11:13)[0]-- TIME:20090305-161113

[474](16:11:14)[1]-- TIME:20090305-161114

[475](16:11:15)[2]-- TIME:20090305-161115

[476](16:11:16)[3]-- TIME:20090305-161116

[477](16:11:17)[0]-- TIME:20090305-161117

[478](16:11:18)[1]-- TIME:20090305-161118

[479](16:11:19)[2]-- TIME:20090305-161119

[480](16:11:20)[3]-- TIME:20090305-161120

[481](16:11:21)[0]-- TIME:20090305-161121

[482](16:11:22)[1]-- TIME:20090305-161122

[483](16:11:23)[2]-- TIME:20090305-161123

[484](16:11:24)[3]-- TIME:20090305-161124

[485](16:11:25)[0]-- TIME:20090305-161125

[486](16:11:26)[1]-- TIME:20090305-161126

[487](16:11:27)[2]-- TIME:20090305-161127

[488](16:11:28)[3]-- TIME:20090305-161128

[489](16:11:29)[0]-- TIME:20090305-161129

[490](16:11:30)[1]-- TIME:20090305-161130

[491](16:11:31)[2]-- TIME:20090305-161131

[492](16:11:32)[3]-- TIME:20090305-161132

[493](16:11:33)[0]-- TIME:20090305-161133

[494](16:11:34)[1]-- TIME:20090305-161134

[495](16:11:35)[2]-- TIME:20090305-161135

[496](16:11:36)[3]-- TIME:20090305-161136

[497](16:11:37)[0]-- TIME:20090305-161137

[498](16:11:38)[1]-- TIME:20090305-161138

[499](16:11:39)[2]-- TIME:20090305-161139

[500](16:11:40)[3]-- TIME:20090305-161140

[501](16:11:41)[0]-- TIME:20090305-161141

[502](16:11:42)[1]-- TIME:20090305-161142

[503](16:11:43)[2]-- TIME:20090305-161143

[504](16:11:44)[3]-- TIME:20090305-161144

[505](16:11:45)[0]-- TIME:20090305-161145

[506](16:11:46)[1]-- TIME:20090305-161146

[507](16:11:47)[2]-- TIME:20090305-161147

[508](16:11:48)[3]-- TIME:20090305-161148

[509](16:11:49)[0]-- TIME:20090305-161149

[510](16:11:50)[1]-- TIME:20090305-161150

[511](16:11:51)[2]-- TIME:20090305-161151

[512](16:11:52)[3]-- TIME:20090305-161152

[513](16:11:53)[0]-- TIME:20090305-161153

[514](16:11:54)[1]-- TIME:20090305-161154

[515](16:11:55)[2]-- TIME:20090305-161155

[516](16:11:56)[3]-- TIME:20090305-161156

[517](16:11:57)[0]-- TIME:20090305-161157

[518](16:11:58)[1]-- TIME:20090305-161158

[519](16:11:59)[2]-- TIME:20090305-161159

[520](16:12:00)[3]-- TIME:20090305-161200

[521](16:12:01)[0]-- TIME:20090305-161201

[522](16:12:02)[1]-- TIME:20090305-161202

[523](16:12:03)[2]-- TIME:20090305-161203

[524](16:12:04)[3]-- TIME:20090305-161204

[525](16:12:05)[0]-- TIME:20090305-161205

[526](16:12:06)[1]-- TIME:20090305-161206

[527](16:12:07)[2]-- TIME:20090305-161207

[528](16:12:08)[3]-- TIME:20090305-161208

[529](16:12:09)[0]-- TIME:20090305-161209

[530](16:12:10)[1]-- TIME:20090305-161210

[531](16:12:11)[2]-- TIME:20090305-161211

[532](16:12:12)[3]-- TIME:20090305-161212

[533](16:12:13)[0]-- TIME:20090305-161213

[534](16:12:14)[1]-- TIME:20090305-161214

[535](16:12:15)[2]-- TIME:20090305-161215

[536](16:12:16)[3]-- TIME:20090305-161216

[537](16:12:17)[0]-- TIME:20090305-161217

[538](16:12:18)[1]-- TIME:20090305-161218

[539](16:12:19)[2]-- TIME:20090305-161219

[540](16:12:20)[3]-- TIME:20090305-161220

[541](16:12:21)[0]-- TIME:20090305-161221

[542](16:12:22)[1]-- TIME:20090305-161222

[543](16:12:23)[2]-- TIME:20090305-161223

[544](16:12:24)[3]-- TIME:20090305-161224

[545](16:12:25)[0]-- TIME:20090305-161225

[546](16:12:26)[1]-- TIME:20090305-161226

[547](16:12:27)[2]-- TIME:20090305-161227

[548](16:12:28)[3]-- TIME:20090305-161228

[549](16:12:29)[0]-- TIME:20090305-161229

[550](16:12:30)[1]-- TIME:20090305-161230

[551](16:12:31)[2]-- TIME:20090305-161231

[552](16:12:32)[3]-- TIME:20090305-161232

[553](16:12:33)[0]-- TIME:20090305-161233

[554](16:12:34)[1]-- TIME:20090305-161234

[555](16:12:35)[2]-- TIME:20090305-161235

[556](16:12:36)[3]-- TIME:20090305-161236

[557](16:12:37)[0]-- TIME:20090305-161237

[558](16:12:38)[1]-- TIME:20090305-161238

[559](16:12:39)[2]-- TIME:20090305-161239

[560](16:12:40)[3]-- TIME:20090305-161240

[561](16:12:41)[0]-- TIME:20090305-161241

[562](16:12:42)[1]-- TIME:20090305-161242

[563](16:12:43)[2]-- TIME:20090305-161243

[564](16:12:44)[3]-- TIME:20090305-161244

[565](16:12:45)[0]-- TIME:20090305-161245

[566](16:12:46)[1]-- TIME:20090305-161246

[567](16:12:47)[2]-- TIME:20090305-161247

[568](16:12:48)[3]-- TIME:20090305-161248

[569](16:12:49)[0]-- TIME:20090305-161249

[570](16:12:50)[1]-- TIME:20090305-161250

[571](16:12:51)[2]-- TIME:20090305-161251

[572](16:12:52)[3]-- TIME:20090305-161252

[573](16:12:53)[0]-- TIME:20090305-161253

[574](16:12:54)[1]-- TIME:20090305-161254

[575](16:12:55)[2]-- TIME:20090305-161255

[576](16:12:56)[3]-- TIME:20090305-161256

[577](16:12:57)[0]-- TIME:20090305-161257

[578](16:12:58)[1]-- TIME:20090305-161258

[579](16:12:59)[2]-- TIME:20090305-161259

[580](16:13:00)[3]-- TIME:20090305-161300

[581](16:13:01)[0]-- TIME:20090305-161301

[582](16:13:02)[1]-- TIME:20090305-161302

[583](16:13:03)[2]-- TIME:20090305-161303

[584](16:13:04)[3]-- TIME:20090305-161304

[585](16:13:05)[0]-- TIME:20090305-161305

[586](16:13:06)[1]-- TIME:20090305-161306

[587](16:13:07)[2]-- TIME:20090305-161307

[588](16:13:08)[3]-- TIME:20090305-161308

[589](16:13:09)[0]-- TIME:20090305-161309

[590](16:13:10)[1]-- TIME:20090305-161310

[591](16:13:11)[2]-- TIME:20090305-161311

[592](16:13:12)[3]-- TIME:20090305-161312

[593](16:13:13)[0]-- TIME:20090305-161313

[594](16:13:14)[1]-- TIME:20090305-161314

[595](16:13:15)[2]-- TIME:20090305-161315

[596](16:13:16)[3]-- TIME:20090305-161316

[597](16:13:17)[0]-- TIME:20090305-161317

[598](16:13:18)[1]-- TIME:20090305-161318

[599](16:13:19)[2]-- TIME:20090305-161319

[600](16:13:20)[3]-- TIME:20090305-161320

[601](16:13:21)[0]-- TIME:20090305-161321

[602](16:13:22)[1]-- TIME:20090305-161322

[603](16:13:23)[2]-- TIME:20090305-161323

[604](16:13:24)[3]-- TIME:20090305-161324

[605](16:13:25)[0]-- TIME:20090305-161325

[606](16:13:26)[1]-- TIME:20090305-161326

[607](16:13:27)[2]-- TIME:20090305-161327

[608](16:13:28)[3]-- TIME:20090305-161328

[609](16:13:29)[0]-- TIME:20090305-161329

[610](16:13:30)[1]-- TIME:20090305-161330

[611](16:13:31)[2]-- TIME:20090305-161331

[612](16:13:32)[3]-- TIME:20090305-161332

[613](16:13:33)[0]-- TIME:20090305-161333

[614](16:13:34)[1]-- TIME:20090305-161334

[615](16:13:35)[2]-- TIME:20090305-161335

[616](16:13:36)[3]-- TIME:20090305-161336

[617](16:13:37)[0]-- TIME:20090305-161337

[618](16:13:38)[1]-- TIME:20090305-161338

[619](16:13:39)[2]-- TIME:20090305-161339

[620](16:13:40)[3]-- TIME:20090305-161340

[621](16:13:41)[0]-- TIME:20090305-161341

[622](16:13:42)[1]-- TIME:20090305-161342

[623](16:13:43)[2]-- TIME:20090305-161343

[624](16:13:44)[3]-- TIME:20090305-161344

[625](16:13:45)[0]-- TIME:20090305-161345

[626](16:13:46)[1]-- TIME:20090305-161346

[627](16:13:47)[2]-- TIME:20090305-161347

[628](16:13:48)[3]-- TIME:20090305-161348

[629](16:13:49)[0]-- TIME:20090305-161349

[630](16:13:50)[1]-- TIME:20090305-161350

[631](16:13:51)[2]-- TIME:20090305-161351

[632](16:13:52)[3]-- TIME:20090305-161352

[633](16:13:53)[0]-- TIME:20090305-161353

[634](16:13:54)[1]-- TIME:20090305-161354

[635](16:13:55)[2]-- TIME:20090305-161355

[636](16:13:56)[3]-- TIME:20090305-161356

[637](16:13:57)[0]-- TIME:20090305-161357

[638](16:13:58)[1]-- TIME:20090305-161358

[639](16:13:59)[2]-- TIME:20090305-161359

[640](16:14:00)[3]-- TIME:20090305-161400

[641](16:14:01)[0]-- TIME:20090305-161401

[642](16:14:02)[1]-- TIME:20090305-161402

[643](16:14:03)[2]-- TIME:20090305-161403

[644](16:14:04)[3]-- TIME:20090305-161404

[645](16:14:05)[0]-- TIME:20090305-161405

[646](16:14:06)[1]-- TIME:20090305-161406

[647](16:14:07)[2]-- TIME:20090305-161407

[648](16:14:08)[3]-- TIME:20090305-161408

[649](16:14:09)[0]-- TIME:20090305-161409

[650](16:14:10)[1]-- TIME:20090305-161410

[651](16:14:11)[2]-- TIME:20090305-161411

[652](16:14:12)[3]-- TIME:20090305-161412

[653](16:14:13)[0]-- TIME:20090305-161413

[654](16:14:14)[1]-- TIME:20090305-161414

[655](16:14:15)[2]-- TIME:20090305-161415

[656](16:14:16)[3]-- TIME:20090305-161416

[657](16:14:17)[0]-- TIME:20090305-161417

[658](16:14:18)[1]-- TIME:20090305-161418

[659](16:14:19)[2]-- TIME:20090305-161419

[660](16:14:20)[3]-- TIME:20090305-161420

[661](16:14:21)[0]-- TIME:20090305-161421

[662](16:14:22)[1]-- TIME:20090305-161422

[663](16:14:23)[2]-- TIME:20090305-161423

[664](16:14:24)[3]-- TIME:20090305-161424

[665](16:14:25)[0]-- TIME:20090305-161425

[666](16:14:26)[1]-- TIME:20090305-161426

[667](16:14:27)[2]-- TIME:20090305-161427

[668](16:14:28)[3]-- TIME:20090305-161428

[669](16:14:29)[0]-- TIME:20090305-161429

[670](16:14:32)[1]-- TIME:20090305-161432

[671](16:14:33)[2]-- TIME:20090305-161433

[672](16:14:34)[3]-- TIME:20090305-161434

[673](16:14:35)[0]-- TIME:20090305-161435

[674](16:14:36)[1]-- TIME:20090305-161436

[675](16:14:37)[2]-- TIME:20090305-161437

[676](16:14:38)[3]-- TIME:20090305-161438

[677](16:14:39)[0]-- TIME:20090305-161439

[678](16:14:40)[1]-- TIME:20090305-161440

[679](16:14:41)[2]-- TIME:20090305-161441

[680](16:14:42)[3]-- TIME:20090305-161442

[681](16:14:43)[0]-- TIME:20090305-161443

[682](16:14:44)[1]-- TIME:20090305-161444

[683](16:14:45)[2]-- TIME:20090305-161445

[684](16:14:46)[3]-- TIME:20090305-161446

[685](16:14:47)[0]-- TIME:20090305-161447

[686](16:14:48)[1]-- TIME:20090305-161448

[687](16:14:49)[2]-- TIME:20090305-161449

[688](16:14:50)[3]-- TIME:20090305-161450

[689](16:14:51)[0]-- TIME:20090305-161451

[690](16:14:52)[1]-- TIME:20090305-161452

[691](16:14:53)[2]-- TIME:20090305-161453

[692](16:14:54)[3]-- TIME:20090305-161454

[693](16:14:55)[0]-- TIME:20090305-161455

[694](16:14:56)[1]-- TIME:20090305-161456

[695](16:14:57)[2]-- TIME:20090305-161457

[696](16:14:58)[3]-- TIME:20090305-161458

[697](16:14:59)[0]-- TIME:20090305-161459

[698](16:15:00)[1]-- TIME:20090305-161500

[699](16:15:01)[2]-- TIME:20090305-161501

[700](16:15:02)[3]-- TIME:20090305-161502

[701](16:15:03)[0]-- TIME:20090305-161503

[702](16:15:04)[1]-- TIME:20090305-161504

[703](16:15:05)[2]-- TIME:20090305-161505

[704](16:15:06)[3]-- TIME:20090305-161506

[705](16:15:07)[0]-- TIME:20090305-161507

[706](16:15:08)[1]-- TIME:20090305-161508

[707](16:15:09)[2]-- TIME:20090305-161509

[708](16:15:10)[3]-- TIME:20090305-161510

[709](16:15:11)[0]-- TIME:20090305-161511

[710](16:15:12)[1]-- TIME:20090305-161512

[711](16:15:13)[2]-- TIME:20090305-161513

[712](16:15:14)[3]-- TIME:20090305-161514

[713](16:15:15)[0]-- TIME:20090305-161515

[714](16:15:16)[1]-- TIME:20090305-161516

[715](16:15:17)[2]-- TIME:20090305-161517

[716](16:15:18)[3]-- TIME:20090305-161518

[717](16:15:19)[0]-- TIME:20090305-161519

[718](16:15:20)[1]-- TIME:20090305-161520

[719](16:15:21)[2]-- TIME:20090305-161521

[720](16:15:22)[3]-- TIME:20090305-161522

[721](16:15:23)[0]-- TIME:20090305-161523

[722](16:15:24)[1]-- TIME:20090305-161524

[723](16:15:25)[2]-- TIME:20090305-161525

[724](16:15:26)[3]-- TIME:20090305-161526

[725](16:15:27)[0]-- TIME:20090305-161527

[726](16:15:28)[1]-- TIME:20090305-161528

[727](16:15:29)[2]-- TIME:20090305-161529

[728](16:15:30)[3]-- TIME:20090305-161530

[729](16:15:31)[0]-- TIME:20090305-161531

[730](16:15:32)[1]-- TIME:20090305-161532

[731](16:15:33)[2]-- TIME:20090305-161533

[732](16:15:34)[3]-- TIME:20090305-161534

[733](16:15:35)[0]-- TIME:20090305-161535

[734](16:15:36)[1]-- TIME:20090305-161536

[735](16:15:37)[2]-- TIME:20090305-161537

[736](16:15:38)[3]-- TIME:20090305-161538

[737](16:15:39)[0]-- TIME:20090305-161539

[738](16:15:40)[1]-- TIME:20090305-161540

[739](16:15:41)[2]-- TIME:20090305-161541

[740](16:15:42)[3]-- TIME:20090305-161542

[741](16:15:43)[0]-- TIME:20090305-161543

[742](16:15:44)[1]-- TIME:20090305-161544

[743](16:15:45)[2]-- TIME:20090305-161545

[744](16:15:46)[3]-- TIME:20090305-161546

[745](16:15:47)[0]-- TIME:20090305-161547

[746](16:15:48)[1]-- TIME:20090305-161548

[747](16:15:49)[2]-- TIME:20090305-161549

[748](16:15:50)[3]-- TIME:20090305-161550

[749](16:15:51)[0]-- TIME:20090305-161551

[750](16:15:52)[1]-- TIME:20090305-161552

[751](16:15:53)[2]-- TIME:20090305-161553

[752](16:15:54)[3]-- TIME:20090305-161554

[753](16:15:55)[0]-- TIME:20090305-161555

[754](16:15:56)[1]-- TIME:20090305-161556

[755](16:15:57)[2]-- TIME:20090305-161557

[756](16:15:58)[3]-- TIME:20090305-161558

[757](16:15:59)[0]-- TIME:20090305-161559

[758](16:16:00)[1]-- TIME:20090305-161600

[759](16:16:01)[2]-- TIME:20090305-161601

[760](16:16:02)[3]-- TIME:20090305-161602

[761](16:16:03)[0]-- TIME:20090305-161603

[762](16:16:04)[1]-- TIME:20090305-161604

[763](16:16:05)[2]-- TIME:20090305-161605

[764](16:16:06)[3]-- TIME:20090305-161606

[765](16:16:07)[0]-- TIME:20090305-161607

[766](16:16:08)[1]-- TIME:20090305-161608

[767](16:16:09)[2]-- TIME:20090305-161609

[768](16:16:10)[3]-- TIME:20090305-161610

[769](16:16:11)[0]-- TIME:20090305-161611

[770](16:16:12)[1]-- TIME:20090305-161612

[771](16:16:13)[2]-- TIME:20090305-161613

[772](16:16:14)[3]-- TIME:20090305-161614

[773](16:16:15)[0]-- TIME:20090305-161615

[774](16:16:16)[1]-- TIME:20090305-161616

[775](16:16:17)[2]-- TIME:20090305-161617

[776](16:16:18)[3]-- TIME:20090305-161618

[777](16:16:19)[0]-- TIME:20090305-161619

[778](16:16:20)[1]-- TIME:20090305-161620

[779](16:16:21)[2]-- TIME:20090305-161621

[780](16:16:22)[3]-- TIME:20090305-161622

[781](16:16:23)[0]-- TIME:20090305-161623

[782](16:16:24)[1]-- TIME:20090305-161624

[783](16:16:25)[2]-- TIME:20090305-161625

[784](16:16:26)[3]-- TIME:20090305-161626

[785](16:16:27)[0]-- TIME:20090305-161627

[786](16:16:28)[1]-- TIME:20090305-161628

[787](16:16:29)[2]-- TIME:20090305-161629

[788](16:16:30)[3]-- TIME:20090305-161630

[789](16:16:31)[0]-- TIME:20090305-161631

[790](16:16:32)[1]-- TIME:20090305-161632

[791](16:16:33)[2]-- TIME:20090305-161633

[792](16:16:34)[3]-- TIME:20090305-161634

[793](16:16:35)[0]-- TIME:20090305-161635

[794](16:16:36)[1]-- TIME:20090305-161636

[795](16:16:37)[2]-- TIME:20090305-161637

[796](16:16:38)[3]-- TIME:20090305-161638

[797](16:16:39)[0]-- TIME:20090305-161639

[798](16:16:40)[1]-- TIME:20090305-161640

[799](16:16:41)[2]-- TIME:20090305-161641

[800](16:16:42)[3]-- TIME:20090305-161642

[801](16:16:43)[0]-- TIME:20090305-161643

[802](16:16:44)[1]-- TIME:20090305-161644

[803](16:16:45)[2]-- TIME:20090305-161645

[804](16:16:46)[3]-- TIME:20090305-161646

[805](16:16:47)[0]-- TIME:20090305-161647

[806](16:16:48)[1]-- TIME:20090305-161648

[807](16:16:49)[2]-- TIME:20090305-161649

[808](16:16:50)[3]-- TIME:20090305-161650

[809](16:16:51)[0]-- TIME:20090305-161651

[810](16:16:52)[1]-- TIME:20090305-161652

[811](16:16:53)[2]-- TIME:20090305-161653

[812](16:16:54)[3]-- TIME:20090305-161654

[813](16:16:55)[0]-- TIME:20090305-161655

[814](16:16:56)[1]-- TIME:20090305-161656

[815](16:16:57)[2]-- TIME:20090305-161657

[816](16:16:58)[3]-- TIME:20090305-161658

[817](16:16:59)[0]-- TIME:20090305-161659

[818](16:17:00)[1]-- TIME:20090305-161700

[819](16:17:01)[2]-- TIME:20090305-161701

[820](16:17:02)[3]-- TIME:20090305-161702

[821](16:17:03)[0]-- TIME:20090305-161703

[822](16:17:04)[1]-- TIME:20090305-161704

[823](16:17:05)[2]-- TIME:20090305-161705

[824](16:17:06)[3]-- TIME:20090305-161706

[825](16:17:07)[0]-- TIME:20090305-161707

[826](16:17:08)[1]-- TIME:20090305-161708

[827](16:17:09)[2]-- TIME:20090305-161709

[828](16:17:10)[3]-- TIME:20090305-161710

[829](16:17:11)[0]-- TIME:20090305-161711

[830](16:17:12)[1]-- TIME:20090305-161712

[831](16:17:13)[2]-- TIME:20090305-161713

[832](16:17:14)[3]-- TIME:20090305-161714

[833](16:17:15)[0]-- TIME:20090305-161715

[834](16:17:16)[1]-- TIME:20090305-161716

[835](16:17:17)[2]-- TIME:20090305-161717

[836](16:17:18)[3]-- TIME:20090305-161718

[837](16:17:19)[0]-- TIME:20090305-161719

[838](16:17:20)[1]-- TIME:20090305-161720

[839](16:17:21)[2]-- TIME:20090305-161721

[840](16:17:22)[3]-- TIME:20090305-161722

[841](16:17:23)[0]-- TIME:20090305-161723

[842](16:17:24)[1]-- TIME:20090305-161724

[843](16:17:25)[2]-- TIME:20090305-161725

[844](16:17:26)[3]-- TIME:20090305-161726

[845](16:17:27)[0]-- TIME:20090305-161727

[846](16:17:28)[1]-- TIME:20090305-161728

[847](16:17:29)[2]-- TIME:20090305-161729

[848](16:17:30)[3]-- TIME:20090305-161730

[849](16:17:31)[0]-- TIME:20090305-161731

[850](16:17:32)[1]-- TIME:20090305-161732

[851](16:17:33)[2]-- TIME:20090305-161733

[852](16:17:34)[3]-- TIME:20090305-161734

[853](16:17:35)[0]-- TIME:20090305-161735

[854](16:17:36)[1]-- TIME:20090305-161736

[855](16:17:37)[2]-- TIME:20090305-161737

[856](16:17:38)[3]-- TIME:20090305-161738

[857](16:17:39)[0]-- TIME:20090305-161739

[858](16:17:40)[1]-- TIME:20090305-161740

[859](16:17:41)[2]-- TIME:20090305-161741

[860](16:17:42)[3]-- TIME:20090305-161742

[861](16:17:43)[0]-- TIME:20090305-161743

[862](16:17:44)[1]-- TIME:20090305-161744

[863](16:17:45)[2]-- TIME:20090305-161745

[864](16:17:46)[3]-- TIME:20090305-161746

[865](16:17:47)[0]-- TIME:20090305-161747

[866](16:17:48)[1]-- TIME:20090305-161748

[867](16:17:49)[2]-- TIME:20090305-161749

[868](16:17:50)[3]-- TIME:20090305-161750

[869](16:17:51)[0]-- TIME:20090305-161751

[870](16:17:52)[1]-- TIME:20090305-161752

[871](16:17:53)[2]-- TIME:20090305-161753

[872](16:17:54)[3]-- TIME:20090305-161754

[873](16:17:55)[0]-- TIME:20090305-161755

[874](16:17:56)[1]-- TIME:20090305-161756

[875](16:17:57)[2]-- TIME:20090305-161757

[876](16:17:58)[3]-- TIME:20090305-161758

[877](16:17:59)[0]-- TIME:20090305-161759

[878](16:18:00)[1]-- TIME:20090305-161800

[879](16:18:01)[2]-- TIME:20090305-161801

[880](16:18:02)[3]-- TIME:20090305-161802

[881](16:18:03)[0]-- TIME:20090305-161803

[882](16:18:04)[1]-- TIME:20090305-161804

[883](16:18:05)[2]-- TIME:20090305-161805

[884](16:18:06)[3]-- TIME:20090305-161806

[885](16:18:07)[0]-- TIME:20090305-161807

[886](16:18:08)[1]-- TIME:20090305-161808

[887](16:18:09)[2]-- TIME:20090305-161809

[888](16:18:10)[3]-- TIME:20090305-161810

[889](16:18:11)[0]-- TIME:20090305-161811

[890](16:18:12)[1]-- TIME:20090305-161812

[891](16:18:13)[2]-- TIME:20090305-161813

[892](16:18:14)[3]-- TIME:20090305-161814

[893](16:18:15)[0]-- TIME:20090305-161815

[894](16:18:16)[1]-- TIME:20090305-161816

[895](16:18:17)[2]-- TIME:20090305-161817

[896](16:18:18)[3]-- TIME:20090305-161818

[897](16:18:19)[0]-- TIME:20090305-161819

[898](16:18:20)[1]-- TIME:20090305-161820

[899](16:18:21)[2]-- TIME:20090305-161821

[900](16:18:22)[3]-- TIME:20090305-161822

[901](16:18:23)[0]-- TIME:20090305-161823

[902](16:18:24)[1]-- TIME:20090305-161824

[903](16:18:25)[2]-- TIME:20090305-161825

[904](16:18:26)[3]-- TIME:20090305-161826

[905](16:18:27)[0]-- TIME:20090305-161827

[906](16:18:28)[1]-- TIME:20090305-161828

[907](16:18:29)[2]-- TIME:20090305-161829

[908](16:18:30)[3]-- TIME:20090305-161830

[909](16:18:31)[0]-- TIME:20090305-161831

[910](16:18:32)[1]-- TIME:20090305-161832

[911](16:18:33)[2]-- TIME:20090305-161833

[912](16:18:34)[3]-- TIME:20090305-161834

[913](16:18:35)[0]-- TIME:20090305-161835

[914](16:18:36)[1]-- TIME:20090305-161836

[915](16:18:37)[2]-- TIME:20090305-161837

[916](16:18:38)[3]-- TIME:20090305-161838

[917](16:18:39)[0]-- TIME:20090305-161839

[918](16:18:40)[1]-- TIME:20090305-161840

[919](16:18:41)[2]-- TIME:20090305-161841

[920](16:18:42)[3]-- TIME:20090305-161842

[921](16:18:43)[0]-- TIME:20090305-161843

[922](16:18:44)[1]-- TIME:20090305-161844

[923](16:18:45)[2]-- TIME:20090305-161845

[924](16:18:46)[3]-- TIME:20090305-161846

[925](16:18:47)[0]-- TIME:20090305-161847

[926](16:18:48)[1]-- TIME:20090305-161848

[927](16:18:49)[2]-- TIME:20090305-161849

[928](16:18:50)[3]-- TIME:20090305-161850

[929](16:18:51)[0]-- TIME:20090305-161851

[930](16:18:52)[1]-- TIME:20090305-161852

[931](16:18:53)[2]-- TIME:20090305-161853

[932](16:18:54)[3]-- TIME:20090305-161854

[933](16:18:55)[0]-- TIME:20090305-161855

[934](16:18:56)[1]-- TIME:20090305-161856

[935](16:18:57)[2]-- TIME:20090305-161857

[936](16:18:58)[3]-- TIME:20090305-161858

[937](16:18:59)[0]-- TIME:20090305-161859

[938](16:19:00)[1]-- TIME:20090305-161900

[939](16:19:01)[2]-- TIME:20090305-161901

[940](16:19:02)[3]-- TIME:20090305-161902

[941](16:19:03)[0]-- TIME:20090305-161903

[942](16:19:04)[1]-- TIME:20090305-161904

[943](16:19:05)[2]-- TIME:20090305-161905

[944](16:19:06)[3]-- TIME:20090305-161906

[945](16:19:07)[0]-- TIME:20090305-161907

[946](16:19:08)[1]-- TIME:20090305-161908

[947](16:19:09)[2]-- TIME:20090305-161909

[948](16:19:10)[3]-- TIME:20090305-161910

[949](16:19:11)[0]-- TIME:20090305-161911

[950](16:19:12)[1]-- TIME:20090305-161912

[951](16:19:13)[2]-- TIME:20090305-161913

[952](16:19:14)[3]-- TIME:20090305-161914

[953](16:19:15)[0]-- TIME:20090305-161915

[954](16:19:16)[1]-- TIME:20090305-161916

[955](16:19:17)[2]-- TIME:20090305-161917

[956](16:19:19)[3]-- TIME:20090305-161919

[957](16:19:20)[0]-- TIME:20090305-161920

[958](16:19:21)[1]-- TIME:20090305-161921

[959](16:19:22)[2]-- TIME:20090305-161922

[960](16:19:23)[3]-- TIME:20090305-161923

[961](16:19:24)[0]-- TIME:20090305-161924

[962](16:19:25)[1]-- TIME:20090305-161925

[963](16:19:26)[2]-- TIME:20090305-161926

[964](16:19:27)[3]-- TIME:20090305-161927

[965](16:19:28)[0]-- TIME:20090305-161928

[966](16:19:29)[1]-- TIME:20090305-161929

[967](16:19:30)[2]-- TIME:20090305-161930

[968](16:19:31)[3]-- TIME:20090305-161931

[969](16:19:32)[0]-- TIME:20090305-161932

[970](16:19:33)[1]-- TIME:20090305-161933

[971](16:19:34)[2]-- TIME:20090305-161934

[972](16:19:35)[3]-- TIME:20090305-161935

[973](16:19:36)[0]-- TIME:20090305-161936

[974](16:19:37)[1]-- TIME:20090305-161937

[975](16:19:38)[2]-- TIME:20090305-161938

[976](16:19:39)[3]-- TIME:20090305-161939

[977](16:19:40)[0]-- TIME:20090305-161940

[978](16:19:41)[1]-- TIME:20090305-161941

[979](16:19:42)[2]-- TIME:20090305-161942

[980](16:19:43)[3]-- TIME:20090305-161943

[981](16:19:44)[0]-- TIME:20090305-161944

[982](16:19:45)[1]-- TIME:20090305-161945

[983](16:19:46)[2]-- TIME:20090305-161946

[984](16:19:47)[3]-- TIME:20090305-161947

[985](16:19:48)[0]-- TIME:20090305-161948

[986](16:19:49)[1]-- TIME:20090305-161949

[987](16:19:50)[2]-- TIME:20090305-161950

[988](16:19:51)[3]-- TIME:20090305-161951

[989](16:19:52)[0]-- TIME:20090305-161952

[990](16:19:53)[1]-- TIME:20090305-161953

[991](16:19:54)[2]-- TIME:20090305-161954

[992](16:19:55)[3]-- TIME:20090305-161955

[993](16:19:56)[0]-- TIME:20090305-161956

[994](16:19:57)[1]-- TIME:20090305-161957

[995](16:19:58)[2]-- TIME:20090305-161958

[996](16:19:59)[3]-- TIME:20090305-161959

[997](16:20:00)[0]-- TIME:20090305-162000

[998](16:20:01)[1]-- TIME:20090305-162001

[999](16:20:02)[2]-- TIME:20090305-162002

[1000](16:20:03)[3]-- TIME:20090305-162003
