
[0](10:19:28)======== MONITA APP STARTING ===========
[1](10:19:28)Load file konfigurasi
[2](10:19:28)Baca konfig
[3](10:19:28)Baca konfig: OK
[4](10:19:30)Mulai logging data
[5](10:19:31)[0]-- TIME:20090303-101931

[6](10:19:32)[1]-- TIME:20090303-101932

[7](10:19:33)[2]-- TIME:20090303-101933

[8](10:19:34)[3]-- TIME:20090303-101934

[9](10:19:35)[0]-- TIME:20090303-101935

[10](10:19:36)[1]-- TIME:20090303-101936

[11](10:19:37)[2]-- TIME:20090303-101937

[12](10:19:38)[3]-- TIME:20090303-101938

[13](10:19:39)[0]-- TIME:20090303-101939

[14](10:19:40)[1]-- TIME:20090303-101940

[15](10:19:41)[2]-- TIME:20090303-101941

[16](10:19:42)[3]-- TIME:20090303-101942

[17](10:19:42)Stop logging data
[18](10:19:43)[2]-- TIME:20090303-101943

[19](10:19:51)Mulai logging data
[20](10:19:52)[0]-- TIME:20090303-101952

[21](10:19:53)[1]-- TIME:20090303-101953

[22](10:19:54)[2]-- TIME:20090303-101954

[23](10:19:55)[3]-- TIME:20090303-101955

[24](10:19:56)[0]-- TIME:20090303-101956

[25](10:19:57)[1]-- TIME:20090303-101957

[26](10:19:58)[2]-- TIME:20090303-101958

[27](10:19:59)[3]-- TIME:20090303-101959

[28](10:20:00)[0]-- TIME:20090303-102000

[29](10:20:01)[1]-- TIME:20090303-102001

[30](10:20:02)[2]-- TIME:20090303-102002

[31](10:20:03)[3]-- TIME:20090303-102003

[32](10:20:04)[0]-- TIME:20090303-102004

[33](10:20:05)[1]-- TIME:20090303-102005

[34](10:20:06)[2]-- TIME:20090303-102006

[35](10:20:07)[3]-- TIME:20090303-102007

[36](10:20:08)[0]-- TIME:20090303-102008

[37](10:20:09)[1]-- TIME:20090303-102009

[38](10:20:10)[2]-- TIME:20090303-102010

[39](10:20:11)[3]-- TIME:20090303-102011

[40](10:20:12)[0]-- TIME:20090303-102012

[41](10:20:13)[1]-- TIME:20090303-102013

[42](10:20:14)[2]-- TIME:20090303-102014

[43](10:20:14)Stop logging data
[44](10:20:15)[2]-- TIME:20090303-102015

[45](10:23:49)Mulai logging data
[46](10:23:51)[0]-- TIME:20090303-102351

[47](10:23:52)[1]-- TIME:20090303-102352

[48](10:23:53)[2]-- TIME:20090303-102353

[49](10:23:54)[3]-- TIME:20090303-102354

[50](10:23:55)[0]-- TIME:20090303-102355

[51](10:23:56)Stop logging data
[52](10:23:56)[2]-- TIME:20090303-102356

[53](10:23:56)Mulai logging data
[54](10:23:58)[0]-- TIME:20090303-102358

[55](10:23:59)[1]-- TIME:20090303-102359

[56](10:24:00)[2]-- TIME:20090303-102400

[57](10:24:01)[3]-- TIME:20090303-102401

[58](10:24:02)[0]-- TIME:20090303-102402

[59](10:24:03)[1]-- TIME:20090303-102403

[60](10:24:03)Stop logging data
[61](10:24:04)[2]-- TIME:20090303-102404

[62](10:24:05)======== MONITA APP CLOSING =========
[63](10:24:05)============ BYE BYE ===============