
[0](10:23:54)======== MONITA APP STARTING ===========
[1](10:23:54)Load file konfigurasi
[2](10:23:54)Baca konfig
[3](10:23:54)Baca konfig: OK
[4](10:24:01)Mulai logging data
[5](10:24:02)[0]-- TIME:20090417-102402

[6](10:24:03)[1]-- TIME:20090417-102403

[7](10:24:04)[2]-- TIME:20090417-102404

[8](10:24:05)[3]-- TIME:20090417-102405

[9](10:24:06)[0]-- TIME:20090417-102406

[10](10:24:07)[1]-- TIME:20090417-102407

[11](10:24:08)[2]-- TIME:20090417-102408

[12](10:24:09)[3]-- TIME:20090417-102409

[13](10:24:10)[0]-- TIME:20090417-102410

[14](10:24:11)[1]-- TIME:20090417-102411

[15](10:24:12)[2]-- TIME:20090417-102412

[16](10:24:13)[3]-- TIME:20090417-102413

[17](10:24:14)[0]-- TIME:20090417-102414

[18](10:24:15)[1]-- TIME:20090417-102415

[19](10:24:16)[2]-- TIME:20090417-102416

[20](10:24:17)[3]-- TIME:20090417-102417

[21](10:24:18)[0]-- TIME:20090417-102418

[22](10:24:19)[1]-- TIME:20090417-102419

[23](10:24:20)[2]-- TIME:20090417-102420

[24](10:24:21)[3]-- TIME:20090417-102421

[25](10:24:22)[0]-- TIME:20090417-102422

[26](10:24:23)[1]-- TIME:20090417-102423

[27](10:24:24)[2]-- TIME:20090417-102424

[28](10:24:25)[3]-- TIME:20090417-102425

[29](10:24:26)[0]-- TIME:20090417-102426

[30](10:24:27)[1]-- TIME:20090417-102427

[31](10:24:28)[2]-- TIME:20090417-102428

[32](10:24:29)[3]-- TIME:20090417-102429

[33](10:24:30)[0]-- TIME:20090417-102430

[34](10:24:31)[1]-- TIME:20090417-102431

[35](10:24:32)[2]-- TIME:20090417-102432

[36](10:24:33)[3]-- TIME:20090417-102433

[37](10:24:34)[0]-- TIME:20090417-102434

[38](10:24:35)[1]-- TIME:20090417-102435

[39](10:24:36)[2]-- TIME:20090417-102436

[40](10:24:37)[3]-- TIME:20090417-102437

[41](10:24:38)[0]-- TIME:20090417-102438

[42](10:24:39)[1]-- TIME:20090417-102439

[43](10:24:40)[2]-- TIME:20090417-102440

[44](10:24:41)[3]-- TIME:20090417-102441

[45](10:24:42)[0]-- TIME:20090417-102442

[46](10:24:43)[1]-- TIME:20090417-102443

[47](10:24:44)[2]-- TIME:20090417-102444

[48](10:24:45)[3]-- TIME:20090417-102445

[49](10:24:46)[0]-- TIME:20090417-102446

[50](10:24:46)Stop logging data
[51](10:24:47)[2]-- TIME:20090417-102447

[52](10:24:55)Mulai logging data
[53](10:24:56)[0]-- TIME:20090417-102456

[54](10:24:57)[1]-- TIME:20090417-102457

[55](10:24:58)[2]-- TIME:20090417-102458

[56](10:24:59)[3]-- TIME:20090417-102459

[57](10:25:00)[0]-- TIME:20090417-102500

[58](10:25:01)[1]-- TIME:20090417-102501

[59](10:25:02)[2]-- TIME:20090417-102502

[60](10:25:03)[3]-- TIME:20090417-102503

[61](10:25:04)[0]-- TIME:20090417-102504

[62](10:25:05)[1]-- TIME:20090417-102505

[63](10:25:06)[2]-- TIME:20090417-102506

[64](10:25:07)[3]-- TIME:20090417-102507

[65](10:25:08)[0]-- TIME:20090417-102508

[66](10:25:09)[1]-- TIME:20090417-102509

[67](10:25:10)[2]-- TIME:20090417-102510

[68](10:25:11)[3]-- TIME:20090417-102511

[69](10:25:12)[0]-- TIME:20090417-102512

[70](10:25:13)[1]-- TIME:20090417-102513

[71](10:25:14)[2]-- TIME:20090417-102514

[72](10:25:15)[3]-- TIME:20090417-102515

[73](10:25:16)[0]-- TIME:20090417-102516

[74](10:25:17)[1]-- TIME:20090417-102517

[75](10:25:18)[2]-- TIME:20090417-102518

[76](10:25:19)[3]-- TIME:20090417-102519

[77](10:25:20)[0]-- TIME:20090417-102520

[78](10:25:21)[1]-- TIME:20090417-102521

[79](10:25:22)[2]-- TIME:20090417-102522

[80](10:25:23)[3]-- TIME:20090417-102523

[81](10:25:23)192.168.1.250: Timeout
[82](10:25:24)[0]-- TIME:20090417-102524

[83](10:25:25)[1]-- TIME:20090417-102525

[84](10:25:26)[2]-- TIME:20090417-102526

[85](10:25:27)[3]-- TIME:20090417-102527

[86](10:25:27)192.168.1.250: Timeout
[87](10:25:28)[0]-- TIME:20090417-102528

[88](10:25:29)[1]-- TIME:20090417-102529

[89](10:25:30)[2]-- TIME:20090417-102530

[90](10:25:31)[3]-- TIME:20090417-102531

[91](10:25:31)192.168.1.250: Timeout
[92](10:25:32)[0]-- TIME:20090417-102532

[93](10:25:33)[1]-- TIME:20090417-102533

[94](10:25:34)[2]-- TIME:20090417-102534

[95](10:25:35)[3]-- TIME:20090417-102535

[96](10:25:35)192.168.1.250: Timeout
[97](10:25:36)[0]-- TIME:20090417-102536

[98](10:25:37)[1]-- TIME:20090417-102537

[99](10:25:38)[2]-- TIME:20090417-102538

[100](10:25:39)[3]-- TIME:20090417-102539

[101](10:25:39)192.168.1.250: Timeout
[102](10:25:40)[0]-- TIME:20090417-102540

[103](10:25:41)[1]-- TIME:20090417-102541

[104](10:25:42)[2]-- TIME:20090417-102542

[105](10:25:43)[3]-- TIME:20090417-102543

[106](10:25:43)192.168.1.250: Timeout
[107](10:25:44)[0]-- TIME:20090417-102544

[108](10:25:45)[1]-- TIME:20090417-102545

[109](10:25:46)[2]-- TIME:20090417-102546

[110](10:25:47)[3]-- TIME:20090417-102547

[111](10:25:47)192.168.1.250: Timeout
[112](10:25:48)[0]-- TIME:20090417-102548

[113](10:25:49)[1]-- TIME:20090417-102549

[114](10:25:50)[2]-- TIME:20090417-102550

[115](10:25:51)[3]-- TIME:20090417-102551

[116](10:25:51)192.168.1.250: Timeout
[117](10:25:52)[0]-- TIME:20090417-102552

[118](10:25:53)[1]-- TIME:20090417-102553

[119](10:25:54)[2]-- TIME:20090417-102554

[120](10:25:55)[3]-- TIME:20090417-102555

[121](10:25:55)192.168.1.250: Timeout
[122](10:25:56)[0]-- TIME:20090417-102556

[123](10:25:57)[1]-- TIME:20090417-102557

[124](10:25:58)[2]-- TIME:20090417-102558

[125](10:25:59)[3]-- TIME:20090417-102559

[126](10:25:59)192.168.1.250: Timeout
[127](10:26:00)[0]-- TIME:20090417-102600

[128](10:26:01)[1]-- TIME:20090417-102601

[129](10:26:02)[2]-- TIME:20090417-102602

[130](10:26:03)[3]-- TIME:20090417-102603

[131](10:26:03)192.168.1.250: Timeout
[132](10:26:04)[0]-- TIME:20090417-102604

[133](10:26:05)[1]-- TIME:20090417-102605

[134](10:26:06)[2]-- TIME:20090417-102606

[135](10:26:07)[3]-- TIME:20090417-102607

[136](10:26:07)192.168.1.250: Timeout
[137](10:26:08)[0]-- TIME:20090417-102608

[138](10:26:09)[1]-- TIME:20090417-102609

[139](10:26:10)[2]-- TIME:20090417-102610

[140](10:26:11)[3]-- TIME:20090417-102611

[141](10:26:11)192.168.1.250: Timeout
[142](10:26:12)[0]-- TIME:20090417-102612

[143](10:26:13)[1]-- TIME:20090417-102613

[144](10:26:14)[2]-- TIME:20090417-102614

[145](10:26:15)[3]-- TIME:20090417-102615

[146](10:26:15)192.168.1.250: Timeout
[147](10:26:16)[0]-- TIME:20090417-102616

[148](10:26:17)[1]-- TIME:20090417-102617

[149](10:26:18)[2]-- TIME:20090417-102618

[150](10:26:19)[3]-- TIME:20090417-102619

[151](10:26:19)192.168.1.250: Timeout
[152](10:26:20)[0]-- TIME:20090417-102620

[153](10:26:21)[1]-- TIME:20090417-102621

[154](10:26:22)[2]-- TIME:20090417-102622

[155](10:26:23)[3]-- TIME:20090417-102623

[156](10:26:23)192.168.1.250: Timeout
[157](10:26:24)[0]-- TIME:20090417-102624

[158](10:26:25)[1]-- TIME:20090417-102625

[159](10:26:26)[2]-- TIME:20090417-102626

[160](10:26:27)[3]-- TIME:20090417-102627

[161](10:26:27)192.168.1.250: Timeout
[162](10:26:28)[0]-- TIME:20090417-102628

[163](10:26:29)[1]-- TIME:20090417-102629

[164](10:26:30)[2]-- TIME:20090417-102630

[165](10:26:31)[3]-- TIME:20090417-102631

[166](10:26:31)192.168.1.250: Timeout
[167](10:26:32)[0]-- TIME:20090417-102632

[168](10:26:33)[1]-- TIME:20090417-102633

[169](10:26:34)[2]-- TIME:20090417-102634

[170](10:26:35)[3]-- TIME:20090417-102635

[171](10:26:35)192.168.1.250: Timeout
[172](10:26:36)[0]-- TIME:20090417-102636

[173](10:26:37)[1]-- TIME:20090417-102637

[174](10:26:38)[2]-- TIME:20090417-102638

[175](10:26:39)[3]-- TIME:20090417-102639

[176](10:26:39)192.168.1.250: Timeout
[177](10:26:40)[0]-- TIME:20090417-102640

[178](10:26:41)[1]-- TIME:20090417-102641

[179](10:26:42)[2]-- TIME:20090417-102642

[180](10:26:43)[3]-- TIME:20090417-102643

[181](10:26:43)192.168.1.250: Timeout
[182](10:26:44)[0]-- TIME:20090417-102644

[183](10:26:45)[1]-- TIME:20090417-102645

[184](10:26:46)[2]-- TIME:20090417-102646

[185](10:26:47)[3]-- TIME:20090417-102647

[186](10:26:47)192.168.1.250: Timeout
[187](10:26:48)[0]-- TIME:20090417-102648

[188](10:26:49)[1]-- TIME:20090417-102649

[189](10:26:50)[2]-- TIME:20090417-102650

[190](10:26:51)[3]-- TIME:20090417-102651

[191](10:26:51)192.168.1.250: Timeout
[192](10:26:52)[0]-- TIME:20090417-102652

[193](10:26:53)[1]-- TIME:20090417-102653

[194](10:26:54)[2]-- TIME:20090417-102654

[195](10:26:55)[3]-- TIME:20090417-102655

[196](10:26:55)192.168.1.250: Timeout
[197](10:26:56)[0]-- TIME:20090417-102656

[198](10:26:57)[1]-- TIME:20090417-102657

[199](10:26:58)[2]-- TIME:20090417-102658

[200](10:26:59)[3]-- TIME:20090417-102659

[201](10:26:59)192.168.1.250: Timeout
[202](10:27:00)[0]-- TIME:20090417-102700

[203](10:27:01)[1]-- TIME:20090417-102701

[204](10:27:02)[2]-- TIME:20090417-102702

[205](10:27:03)[3]-- TIME:20090417-102703

[206](10:27:03)192.168.1.250: Timeout
[207](10:27:04)[0]-- TIME:20090417-102704

[208](10:27:05)[1]-- TIME:20090417-102705

[209](10:27:06)[2]-- TIME:20090417-102706

[210](10:27:07)[3]-- TIME:20090417-102707

[211](10:27:07)192.168.1.250: Timeout
[212](10:27:08)[0]-- TIME:20090417-102708

[213](10:27:09)[1]-- TIME:20090417-102709

[214](10:27:10)[2]-- TIME:20090417-102710

[215](10:27:11)[3]-- TIME:20090417-102711

[216](10:27:11)192.168.1.250: Timeout
[217](10:27:12)[0]-- TIME:20090417-102712

[218](10:27:13)[1]-- TIME:20090417-102713

[219](10:27:14)[2]-- TIME:20090417-102714

[220](10:27:15)[3]-- TIME:20090417-102715

[221](10:27:15)192.168.1.250: Timeout
[222](10:27:16)[0]-- TIME:20090417-102716

[223](10:27:17)[1]-- TIME:20090417-102717

[224](10:27:18)[2]-- TIME:20090417-102718

[225](10:27:19)[3]-- TIME:20090417-102719

[226](10:27:19)192.168.1.250: Timeout
[227](10:27:20)[0]-- TIME:20090417-102720

[228](10:27:21)[1]-- TIME:20090417-102721

[229](10:27:22)[2]-- TIME:20090417-102722

[230](10:27:23)[3]-- TIME:20090417-102723

[231](10:27:23)192.168.1.250: Timeout
[232](10:27:24)[0]-- TIME:20090417-102724

[233](10:27:25)[1]-- TIME:20090417-102725

[234](10:27:26)[2]-- TIME:20090417-102726

[235](10:27:27)[3]-- TIME:20090417-102727

[236](10:27:27)192.168.1.250: Timeout
[237](10:27:28)[0]-- TIME:20090417-102728

[238](10:27:29)[1]-- TIME:20090417-102729

[239](10:27:30)[2]-- TIME:20090417-102730

[240](10:27:31)[3]-- TIME:20090417-102731

[241](10:27:31)192.168.1.250: Timeout
[242](10:27:32)[0]-- TIME:20090417-102732

[243](10:27:33)[1]-- TIME:20090417-102733

[244](10:27:34)[2]-- TIME:20090417-102734

[245](10:27:35)[3]-- TIME:20090417-102735

[246](10:27:35)192.168.1.250: Timeout
[247](10:27:36)[0]-- TIME:20090417-102736

[248](10:27:37)[1]-- TIME:20090417-102737

[249](10:27:38)[2]-- TIME:20090417-102738

[250](10:27:39)[3]-- TIME:20090417-102739

[251](10:27:39)192.168.1.250: Timeout
[252](10:27:40)[0]-- TIME:20090417-102740

[253](10:27:41)[1]-- TIME:20090417-102741

[254](10:27:42)[2]-- TIME:20090417-102742

[255](10:27:43)[3]-- TIME:20090417-102743

[256](10:27:43)192.168.1.250: Timeout
[257](10:27:44)[0]-- TIME:20090417-102744

[258](10:27:45)[1]-- TIME:20090417-102745

[259](10:27:46)[2]-- TIME:20090417-102746

[260](10:27:47)[3]-- TIME:20090417-102747

[261](10:27:47)192.168.1.250: Timeout
[262](10:27:48)[0]-- TIME:20090417-102748

[263](10:27:49)[1]-- TIME:20090417-102749

[264](10:27:50)[2]-- TIME:20090417-102750

[265](10:27:51)[3]-- TIME:20090417-102751

[266](10:27:51)192.168.1.250: Timeout
[267](10:27:52)[0]-- TIME:20090417-102752

[268](10:27:53)[1]-- TIME:20090417-102753

[269](10:27:54)[2]-- TIME:20090417-102754

[270](10:27:55)[3]-- TIME:20090417-102755

[271](10:27:55)192.168.1.250: Timeout
[272](10:27:56)[0]-- TIME:20090417-102756

[273](10:27:57)[1]-- TIME:20090417-102757

[274](10:27:58)[2]-- TIME:20090417-102758

[275](10:27:59)[3]-- TIME:20090417-102759

[276](10:27:59)192.168.1.250: Timeout
[277](10:28:00)[0]-- TIME:20090417-102800

[278](10:28:01)[1]-- TIME:20090417-102801

[279](10:28:02)[2]-- TIME:20090417-102802

[280](10:28:03)[3]-- TIME:20090417-102803

[281](10:28:03)192.168.1.250: Timeout
[282](10:28:04)[0]-- TIME:20090417-102804

[283](10:28:05)[1]-- TIME:20090417-102805

[284](10:28:06)[2]-- TIME:20090417-102806

[285](10:28:07)[3]-- TIME:20090417-102807

[286](10:28:07)192.168.1.250: Timeout
[287](10:28:08)[0]-- TIME:20090417-102808

[288](10:28:09)[1]-- TIME:20090417-102809

[289](10:28:10)[2]-- TIME:20090417-102810

[290](10:28:11)[3]-- TIME:20090417-102811

[291](10:28:11)192.168.1.250: Timeout
[292](10:28:12)[0]-- TIME:20090417-102812

[293](10:28:13)[1]-- TIME:20090417-102813

[294](10:28:14)[2]-- TIME:20090417-102814

[295](10:28:15)[3]-- TIME:20090417-102815

[296](10:28:15)192.168.1.250: Timeout
[297](10:28:16)[0]-- TIME:20090417-102816

[298](10:28:17)[1]-- TIME:20090417-102817

[299](10:28:18)[2]-- TIME:20090417-102818

[300](10:28:19)[3]-- TIME:20090417-102819

[301](10:28:19)192.168.1.250: Timeout
[302](10:28:20)[0]-- TIME:20090417-102820

[303](10:28:21)[1]-- TIME:20090417-102821

[304](10:28:22)[2]-- TIME:20090417-102822

[305](10:28:23)[3]-- TIME:20090417-102823

[306](10:28:23)192.168.1.250: Timeout
[307](10:28:24)[0]-- TIME:20090417-102824

[308](10:28:25)[1]-- TIME:20090417-102825

[309](10:28:26)[2]-- TIME:20090417-102826

[310](10:28:27)[3]-- TIME:20090417-102827

[311](10:28:27)192.168.1.250: Timeout
[312](10:28:28)[0]-- TIME:20090417-102828

[313](10:28:29)[1]-- TIME:20090417-102829

[314](10:28:30)[2]-- TIME:20090417-102830

[315](10:28:31)[3]-- TIME:20090417-102831

[316](10:28:31)192.168.1.250: Timeout
[317](10:28:32)[0]-- TIME:20090417-102832

[318](10:28:33)[1]-- TIME:20090417-102833

[319](10:28:34)[2]-- TIME:20090417-102834

[320](10:28:35)[3]-- TIME:20090417-102835

[321](10:28:35)192.168.1.250: Timeout
[322](10:28:36)[0]-- TIME:20090417-102836

[323](10:28:37)[1]-- TIME:20090417-102837

[324](10:28:38)[2]-- TIME:20090417-102838

[325](10:28:39)[3]-- TIME:20090417-102839

[326](10:28:39)192.168.1.250: Timeout
[327](10:28:40)[0]-- TIME:20090417-102840

[328](10:28:41)[1]-- TIME:20090417-102841

[329](10:28:42)[2]-- TIME:20090417-102842

[330](10:28:43)[3]-- TIME:20090417-102843

[331](10:28:43)192.168.1.250: Timeout
[332](10:28:44)[0]-- TIME:20090417-102844

[333](10:28:45)[1]-- TIME:20090417-102845

[334](10:28:46)[2]-- TIME:20090417-102846

[335](10:28:47)[3]-- TIME:20090417-102847

[336](10:28:47)192.168.1.250: Timeout
[337](10:28:48)[0]-- TIME:20090417-102848

[338](10:28:49)[1]-- TIME:20090417-102849

[339](10:28:50)[2]-- TIME:20090417-102850

[340](10:28:51)[3]-- TIME:20090417-102851

[341](10:28:51)192.168.1.250: Timeout
[342](10:28:52)[0]-- TIME:20090417-102852

[343](10:28:53)[1]-- TIME:20090417-102853

[344](10:28:54)[2]-- TIME:20090417-102854

[345](10:28:55)[3]-- TIME:20090417-102855

[346](10:28:55)192.168.1.250: Timeout
[347](10:28:56)[0]-- TIME:20090417-102856

[348](10:28:57)[1]-- TIME:20090417-102857

[349](10:28:58)[2]-- TIME:20090417-102858

[350](10:28:59)[3]-- TIME:20090417-102859

[351](10:28:59)192.168.1.250: Timeout
[352](10:29:00)[0]-- TIME:20090417-102900

[353](10:29:01)[1]-- TIME:20090417-102901

[354](10:29:02)[2]-- TIME:20090417-102902

[355](10:29:03)[3]-- TIME:20090417-102903

[356](10:29:03)192.168.1.250: Timeout
[357](10:29:04)[0]-- TIME:20090417-102904

[358](10:29:05)[1]-- TIME:20090417-102905

[359](10:29:06)[2]-- TIME:20090417-102906

[360](10:29:07)[3]-- TIME:20090417-102907

[361](10:29:07)192.168.1.250: Timeout
[362](10:29:08)[0]-- TIME:20090417-102908

[363](10:29:09)[1]-- TIME:20090417-102909

[364](10:29:10)[2]-- TIME:20090417-102910

[365](10:29:11)[3]-- TIME:20090417-102911

[366](10:29:11)192.168.1.250: Timeout
[367](10:29:12)[0]-- TIME:20090417-102912

[368](10:29:13)[1]-- TIME:20090417-102913

[369](10:29:14)[2]-- TIME:20090417-102914

[370](10:29:15)[3]-- TIME:20090417-102915

[371](10:29:15)192.168.1.250: Timeout
[372](10:29:16)[0]-- TIME:20090417-102916

[373](10:29:17)[1]-- TIME:20090417-102917

[374](10:29:18)[2]-- TIME:20090417-102918

[375](10:29:19)[3]-- TIME:20090417-102919

[376](10:29:19)192.168.1.250: Timeout
[377](10:29:20)[0]-- TIME:20090417-102920

[378](10:29:21)[1]-- TIME:20090417-102921

[379](10:29:22)[2]-- TIME:20090417-102922

[380](10:29:23)[3]-- TIME:20090417-102923

[381](10:29:23)192.168.1.250: Timeout
[382](10:29:24)[0]-- TIME:20090417-102924

[383](10:29:25)[1]-- TIME:20090417-102925

[384](10:29:26)[2]-- TIME:20090417-102926

[385](10:29:27)[3]-- TIME:20090417-102927

[386](10:29:27)192.168.1.250: Timeout
[387](10:29:28)[0]-- TIME:20090417-102928

[388](10:29:29)[1]-- TIME:20090417-102929

[389](10:29:30)[2]-- TIME:20090417-102930

[390](10:29:31)[3]-- TIME:20090417-102931

[391](10:29:31)192.168.1.250: Timeout
[392](10:29:32)[0]-- TIME:20090417-102932

[393](10:29:33)[1]-- TIME:20090417-102933

[394](10:29:34)[2]-- TIME:20090417-102934

[395](10:29:35)[3]-- TIME:20090417-102935

[396](10:29:35)192.168.1.250: Timeout
[397](10:29:36)[0]-- TIME:20090417-102936

[398](10:29:37)[1]-- TIME:20090417-102937

[399](10:29:38)[2]-- TIME:20090417-102938

[400](10:29:39)[3]-- TIME:20090417-102939

[401](10:29:39)192.168.1.250: Timeout
[402](10:29:40)[0]-- TIME:20090417-102940

[403](10:29:41)[1]-- TIME:20090417-102941

[404](10:29:42)[2]-- TIME:20090417-102942

[405](10:29:43)[3]-- TIME:20090417-102943

[406](10:29:43)192.168.1.250: Timeout
[407](10:29:44)[0]-- TIME:20090417-102944

[408](10:29:45)[1]-- TIME:20090417-102945

[409](10:29:46)[2]-- TIME:20090417-102946

[410](10:29:47)[3]-- TIME:20090417-102947

[411](10:29:47)192.168.1.250: Timeout
[412](10:29:48)[0]-- TIME:20090417-102948

[413](10:29:49)[1]-- TIME:20090417-102949

[414](10:29:50)[2]-- TIME:20090417-102950

[415](10:29:51)[3]-- TIME:20090417-102951

[416](10:29:51)192.168.1.250: Timeout
[417](10:29:52)[0]-- TIME:20090417-102952

[418](10:29:53)[1]-- TIME:20090417-102953

[419](10:29:54)[2]-- TIME:20090417-102954

[420](10:29:55)[3]-- TIME:20090417-102955

[421](10:29:55)192.168.1.250: Timeout
[422](10:29:56)[0]-- TIME:20090417-102956

[423](10:29:57)[1]-- TIME:20090417-102957

[424](10:29:58)[2]-- TIME:20090417-102958

[425](10:29:59)[3]-- TIME:20090417-102959

[426](10:29:59)192.168.1.250: Timeout
[427](10:30:00)[0]-- TIME:20090417-103000

[428](10:30:01)[1]-- TIME:20090417-103001

[429](10:30:02)[2]-- TIME:20090417-103002

[430](10:30:03)[3]-- TIME:20090417-103003

[431](10:30:03)192.168.1.250: Timeout
[432](10:30:04)[0]-- TIME:20090417-103004

[433](10:30:05)[1]-- TIME:20090417-103005

[434](10:30:06)[2]-- TIME:20090417-103006

[435](10:30:07)[3]-- TIME:20090417-103007

[436](10:30:07)192.168.1.250: Timeout
[437](10:30:08)[0]-- TIME:20090417-103008

[438](10:30:09)[1]-- TIME:20090417-103009

[439](10:30:10)[2]-- TIME:20090417-103010

[440](10:30:11)[3]-- TIME:20090417-103011

[441](10:30:11)192.168.1.250: Timeout
[442](10:30:12)[0]-- TIME:20090417-103012

[443](10:30:13)[1]-- TIME:20090417-103013

[444](10:30:14)[2]-- TIME:20090417-103014

[445](10:30:15)[3]-- TIME:20090417-103015

[446](10:30:15)192.168.1.250: Timeout
[447](10:30:16)[0]-- TIME:20090417-103016

[448](10:30:17)[1]-- TIME:20090417-103017

[449](10:30:18)[2]-- TIME:20090417-103018

[450](10:30:19)[3]-- TIME:20090417-103019

[451](10:30:19)192.168.1.250: Timeout
[452](10:30:20)[0]-- TIME:20090417-103020

[453](10:30:21)[1]-- TIME:20090417-103021

[454](10:30:22)[2]-- TIME:20090417-103022

[455](10:30:23)[3]-- TIME:20090417-103023

[456](10:30:23)192.168.1.250: Timeout
[457](10:30:24)[0]-- TIME:20090417-103024

[458](10:30:25)[1]-- TIME:20090417-103025

[459](10:30:26)[2]-- TIME:20090417-103026

[460](10:30:27)[3]-- TIME:20090417-103027

[461](10:30:27)192.168.1.250: Timeout
[462](10:30:28)[0]-- TIME:20090417-103028

[463](10:30:29)[1]-- TIME:20090417-103029

[464](10:30:30)[2]-- TIME:20090417-103030

[465](10:30:31)[3]-- TIME:20090417-103031

[466](10:30:31)192.168.1.250: Timeout
[467](10:30:32)[0]-- TIME:20090417-103032

[468](10:30:33)[1]-- TIME:20090417-103033

[469](10:30:34)[2]-- TIME:20090417-103034

[470](10:30:35)[3]-- TIME:20090417-103035

[471](10:30:35)192.168.1.250: Timeout
[472](10:30:36)[0]-- TIME:20090417-103036

[473](10:30:37)[1]-- TIME:20090417-103037

[474](10:30:38)[2]-- TIME:20090417-103038

[475](10:30:39)[3]-- TIME:20090417-103039

[476](10:30:39)192.168.1.250: Timeout
[477](10:30:40)[0]-- TIME:20090417-103040

[478](10:30:41)[1]-- TIME:20090417-103041

[479](10:30:42)[2]-- TIME:20090417-103042

[480](10:30:43)[3]-- TIME:20090417-103043

[481](10:30:43)192.168.1.250: Timeout
[482](10:30:44)[0]-- TIME:20090417-103044

[483](10:30:45)[1]-- TIME:20090417-103045

[484](10:30:46)[2]-- TIME:20090417-103046

[485](10:30:47)[3]-- TIME:20090417-103047

[486](10:30:47)192.168.1.250: Timeout
[487](10:30:48)[0]-- TIME:20090417-103048

[488](10:30:49)[1]-- TIME:20090417-103049

[489](10:30:50)[2]-- TIME:20090417-103050

[490](10:30:51)[3]-- TIME:20090417-103051

[491](10:30:51)192.168.1.250: Timeout
[492](10:30:52)[0]-- TIME:20090417-103052

[493](10:30:53)[1]-- TIME:20090417-103053

[494](10:30:54)[2]-- TIME:20090417-103054

[495](10:30:55)[3]-- TIME:20090417-103055

[496](10:30:55)192.168.1.250: Timeout
[497](10:30:56)[0]-- TIME:20090417-103056

[498](10:30:57)[1]-- TIME:20090417-103057

[499](10:30:58)[2]-- TIME:20090417-103058

[500](10:30:59)[3]-- TIME:20090417-103059

[501](10:30:59)192.168.1.250: Timeout
[502](10:31:00)[0]-- TIME:20090417-103100

[503](10:31:01)[1]-- TIME:20090417-103101

[504](10:31:02)[2]-- TIME:20090417-103102

[505](10:31:03)[3]-- TIME:20090417-103103

[506](10:31:03)192.168.1.250: Timeout
[507](10:31:04)[0]-- TIME:20090417-103104

[508](10:31:05)[1]-- TIME:20090417-103105

[509](10:31:06)[2]-- TIME:20090417-103106

[510](10:31:07)[3]-- TIME:20090417-103107

[511](10:31:07)192.168.1.250: Timeout
[512](10:31:08)[0]-- TIME:20090417-103108

[513](10:31:09)[1]-- TIME:20090417-103109

[514](10:31:10)[2]-- TIME:20090417-103110

[515](10:31:11)[3]-- TIME:20090417-103111

[516](10:31:11)192.168.1.250: Timeout
[517](10:31:12)[0]-- TIME:20090417-103112

[518](10:31:13)[1]-- TIME:20090417-103113

[519](10:31:14)[2]-- TIME:20090417-103114

[520](10:31:15)[3]-- TIME:20090417-103115

[521](10:31:15)192.168.1.250: Timeout
[522](10:31:16)[0]-- TIME:20090417-103116

[523](10:31:17)[1]-- TIME:20090417-103117

[524](10:31:18)[2]-- TIME:20090417-103118

[525](10:31:19)[3]-- TIME:20090417-103119

[526](10:31:19)192.168.1.250: Timeout
[527](10:31:20)[0]-- TIME:20090417-103120

[528](10:31:21)[1]-- TIME:20090417-103121

[529](10:31:22)[2]-- TIME:20090417-103122

[530](10:31:23)[3]-- TIME:20090417-103123

[531](10:31:23)192.168.1.250: Timeout
[532](10:31:24)[0]-- TIME:20090417-103124

[533](10:31:25)[1]-- TIME:20090417-103125

[534](10:31:26)[2]-- TIME:20090417-103126

[535](10:31:27)[3]-- TIME:20090417-103127

[536](10:31:27)192.168.1.250: Timeout
[537](10:31:28)[0]-- TIME:20090417-103128

[538](10:31:29)[1]-- TIME:20090417-103129

[539](10:31:30)[2]-- TIME:20090417-103130

[540](10:31:31)[3]-- TIME:20090417-103131

[541](10:31:31)192.168.1.250: Timeout
[542](10:31:32)[0]-- TIME:20090417-103132

[543](10:31:33)[1]-- TIME:20090417-103133

[544](10:31:34)[2]-- TIME:20090417-103134

[545](10:31:35)[3]-- TIME:20090417-103135

[546](10:31:35)192.168.1.250: Timeout
[547](10:31:36)[0]-- TIME:20090417-103136

[548](10:31:37)[1]-- TIME:20090417-103137

[549](10:31:38)[2]-- TIME:20090417-103138

[550](10:31:39)[3]-- TIME:20090417-103139

[551](10:31:39)192.168.1.250: Timeout
[552](10:31:40)[0]-- TIME:20090417-103140

[553](10:31:41)[1]-- TIME:20090417-103141

[554](10:31:42)[2]-- TIME:20090417-103142

[555](10:31:43)[3]-- TIME:20090417-103143

[556](10:31:43)192.168.1.250: Timeout
[557](10:31:44)[0]-- TIME:20090417-103144

[558](10:31:45)[1]-- TIME:20090417-103145

[559](10:31:46)[2]-- TIME:20090417-103146

[560](10:31:47)[3]-- TIME:20090417-103147

[561](10:31:47)192.168.1.250: Timeout
[562](10:31:48)[0]-- TIME:20090417-103148

[563](10:31:49)[1]-- TIME:20090417-103149

[564](10:31:50)[2]-- TIME:20090417-103150

[565](10:31:51)[3]-- TIME:20090417-103151

[566](10:31:51)192.168.1.250: Timeout
[567](10:31:52)[0]-- TIME:20090417-103152

[568](10:31:53)[1]-- TIME:20090417-103153

[569](10:31:54)[2]-- TIME:20090417-103154

[570](10:31:55)[3]-- TIME:20090417-103155

[571](10:31:55)192.168.1.250: Timeout
[572](10:31:56)[0]-- TIME:20090417-103156

[573](10:31:57)[1]-- TIME:20090417-103157

[574](10:31:58)[2]-- TIME:20090417-103158

[575](10:31:59)[3]-- TIME:20090417-103159

[576](10:31:59)192.168.1.250: Timeout
[577](10:32:00)[0]-- TIME:20090417-103200

[578](10:32:01)[1]-- TIME:20090417-103201

[579](10:32:02)[2]-- TIME:20090417-103202

[580](10:32:03)[3]-- TIME:20090417-103203

[581](10:32:03)192.168.1.250: Timeout
[582](10:32:04)[0]-- TIME:20090417-103204

[583](10:32:05)[1]-- TIME:20090417-103205

[584](10:32:06)[2]-- TIME:20090417-103206

[585](10:32:07)[3]-- TIME:20090417-103207

[586](10:32:07)192.168.1.250: Timeout
[587](10:32:08)[0]-- TIME:20090417-103208

[588](10:32:09)[1]-- TIME:20090417-103209

[589](10:32:10)[2]-- TIME:20090417-103210

[590](10:32:11)[3]-- TIME:20090417-103211

[591](10:32:12)192.168.1.250: Timeout
[592](10:32:12)[0]-- TIME:20090417-103212

[593](10:32:13)[1]-- TIME:20090417-103213

[594](10:32:14)[2]-- TIME:20090417-103214

[595](10:32:15)[3]-- TIME:20090417-103215

[596](10:32:15)192.168.1.250: Timeout
[597](10:32:16)[0]-- TIME:20090417-103216

[598](10:32:17)[1]-- TIME:20090417-103217

[599](10:32:18)[2]-- TIME:20090417-103218

[600](10:32:19)[3]-- TIME:20090417-103219

[601](10:32:19)192.168.1.250: Timeout
[602](10:32:20)[0]-- TIME:20090417-103220

[603](10:32:21)[1]-- TIME:20090417-103221

[604](10:32:22)[2]-- TIME:20090417-103222

[605](10:32:23)[3]-- TIME:20090417-103223

[606](10:32:23)192.168.1.250: Timeout
[607](10:32:24)[0]-- TIME:20090417-103224

[608](10:32:25)[1]-- TIME:20090417-103225

[609](10:32:26)[2]-- TIME:20090417-103226

[610](10:32:27)[3]-- TIME:20090417-103227

[611](10:32:27)192.168.1.250: Timeout
[612](10:32:28)[0]-- TIME:20090417-103228

[613](10:32:29)[1]-- TIME:20090417-103229

[614](10:32:30)[2]-- TIME:20090417-103230

[615](10:32:31)[3]-- TIME:20090417-103231

[616](10:32:31)192.168.1.250: Timeout
[617](10:32:32)[0]-- TIME:20090417-103232

[618](10:32:33)[1]-- TIME:20090417-103233

[619](10:32:34)[2]-- TIME:20090417-103234

[620](10:32:35)[3]-- TIME:20090417-103235

[621](10:32:35)192.168.1.250: Timeout
[622](10:32:36)[0]-- TIME:20090417-103236

[623](10:32:37)[1]-- TIME:20090417-103237

[624](10:32:38)[2]-- TIME:20090417-103238

[625](10:32:39)[3]-- TIME:20090417-103239

[626](10:32:39)192.168.1.250: Timeout
[627](10:32:40)[0]-- TIME:20090417-103240

[628](10:32:41)[1]-- TIME:20090417-103241

[629](10:32:42)[2]-- TIME:20090417-103242

[630](10:32:43)[3]-- TIME:20090417-103243

[631](10:32:43)192.168.1.250: Timeout
[632](10:32:44)[0]-- TIME:20090417-103244

[633](10:32:45)[1]-- TIME:20090417-103245

[634](10:32:46)[2]-- TIME:20090417-103246

[635](10:32:47)[3]-- TIME:20090417-103247

[636](10:32:47)192.168.1.250: Timeout
[637](10:32:48)[0]-- TIME:20090417-103248

[638](10:32:49)[1]-- TIME:20090417-103249

[639](10:32:50)[2]-- TIME:20090417-103250

[640](10:32:51)[3]-- TIME:20090417-103251

[641](10:32:51)192.168.1.250: Timeout
[642](10:32:52)[0]-- TIME:20090417-103252

[643](10:32:53)[1]-- TIME:20090417-103253

[644](10:32:54)[2]-- TIME:20090417-103254

[645](10:32:55)[3]-- TIME:20090417-103255

[646](10:32:55)192.168.1.250: Timeout
[647](10:32:56)[0]-- TIME:20090417-103256

[648](10:32:57)[1]-- TIME:20090417-103257

[649](10:32:58)[2]-- TIME:20090417-103258

[650](10:32:59)[3]-- TIME:20090417-103259

[651](10:32:59)192.168.1.250: Timeout
[652](10:33:00)[0]-- TIME:20090417-103300

[653](10:33:01)[1]-- TIME:20090417-103301

[654](10:33:02)[2]-- TIME:20090417-103302

[655](10:33:03)[3]-- TIME:20090417-103303

[656](10:33:03)192.168.1.250: Timeout
[657](10:33:04)[0]-- TIME:20090417-103304

[658](10:33:05)[1]-- TIME:20090417-103305

[659](10:33:06)[2]-- TIME:20090417-103306

[660](10:33:07)[3]-- TIME:20090417-103307

[661](10:33:07)192.168.1.250: Timeout
[662](10:33:08)[0]-- TIME:20090417-103308

[663](10:33:09)[1]-- TIME:20090417-103309

[664](10:33:10)[2]-- TIME:20090417-103310

[665](10:33:11)[3]-- TIME:20090417-103311

[666](10:33:11)192.168.1.250: Timeout
[667](10:33:12)[0]-- TIME:20090417-103312

[668](10:33:13)[1]-- TIME:20090417-103313

[669](10:33:14)[2]-- TIME:20090417-103314

[670](10:33:15)[3]-- TIME:20090417-103315

[671](10:33:15)192.168.1.250: Timeout
[672](10:33:16)[0]-- TIME:20090417-103316

[673](10:33:17)[1]-- TIME:20090417-103317

[674](10:33:18)[2]-- TIME:20090417-103318

[675](10:33:19)[3]-- TIME:20090417-103319

[676](10:33:19)192.168.1.250: Timeout
[677](10:33:20)[0]-- TIME:20090417-103320

[678](10:33:21)[1]-- TIME:20090417-103321

[679](10:33:22)[2]-- TIME:20090417-103322

[680](10:33:23)[3]-- TIME:20090417-103323

[681](10:33:23)192.168.1.250: Timeout
[682](10:33:24)[0]-- TIME:20090417-103324

[683](10:33:25)[1]-- TIME:20090417-103325

[684](10:33:26)[2]-- TIME:20090417-103326

[685](10:33:27)[3]-- TIME:20090417-103327

[686](10:33:27)192.168.1.250: Timeout
[687](10:33:28)[0]-- TIME:20090417-103328

[688](10:33:29)[1]-- TIME:20090417-103329

[689](10:33:30)[2]-- TIME:20090417-103330

[690](10:33:31)[3]-- TIME:20090417-103331

[691](10:33:31)192.168.1.250: Timeout
[692](10:33:32)[0]-- TIME:20090417-103332

[693](10:33:33)[1]-- TIME:20090417-103333

[694](10:33:34)[2]-- TIME:20090417-103334

[695](10:33:35)[3]-- TIME:20090417-103335

[696](10:33:35)192.168.1.250: Timeout
[697](10:33:36)[0]-- TIME:20090417-103336

[698](10:33:37)[1]-- TIME:20090417-103337

[699](10:33:38)[2]-- TIME:20090417-103338

[700](10:33:39)[3]-- TIME:20090417-103339

[701](10:33:39)192.168.1.250: Timeout
[702](10:33:40)[0]-- TIME:20090417-103340

[703](10:33:41)[1]-- TIME:20090417-103341

[704](10:33:42)[2]-- TIME:20090417-103342

[705](10:33:43)[3]-- TIME:20090417-103343

[706](10:33:43)192.168.1.250: Timeout
[707](10:33:44)[0]-- TIME:20090417-103344

[708](10:33:45)[1]-- TIME:20090417-103345

[709](10:33:46)[2]-- TIME:20090417-103346

[710](10:33:47)[3]-- TIME:20090417-103347

[711](10:33:47)192.168.1.250: Timeout
[712](10:33:48)[0]-- TIME:20090417-103348

[713](10:33:49)[1]-- TIME:20090417-103349

[714](10:33:50)[2]-- TIME:20090417-103350

[715](10:33:51)[3]-- TIME:20090417-103351

[716](10:33:51)192.168.1.250: Timeout
[717](10:33:52)[0]-- TIME:20090417-103352

[718](10:33:53)[1]-- TIME:20090417-103353

[719](10:33:54)[2]-- TIME:20090417-103354

[720](10:33:55)[3]-- TIME:20090417-103355

[721](10:33:55)192.168.1.250: Timeout
[722](10:33:56)[0]-- TIME:20090417-103356

[723](10:33:57)[1]-- TIME:20090417-103357

[724](10:33:58)[2]-- TIME:20090417-103358

[725](10:33:59)[3]-- TIME:20090417-103359

[726](10:33:59)192.168.1.250: Timeout
[727](10:34:00)[0]-- TIME:20090417-103400

[728](10:34:01)[1]-- TIME:20090417-103401

[729](10:34:02)[2]-- TIME:20090417-103402

[730](10:34:03)[3]-- TIME:20090417-103403

[731](10:34:03)192.168.1.250: Timeout
[732](10:34:04)[0]-- TIME:20090417-103404

[733](10:34:05)[1]-- TIME:20090417-103405

[734](10:34:06)[2]-- TIME:20090417-103406

[735](10:34:07)[3]-- TIME:20090417-103407

[736](10:34:07)192.168.1.250: Timeout
[737](10:34:08)[0]-- TIME:20090417-103408

[738](10:34:09)[1]-- TIME:20090417-103409

[739](10:34:10)[2]-- TIME:20090417-103410

[740](10:34:11)[3]-- TIME:20090417-103411

[741](10:34:11)192.168.1.250: Timeout
[742](10:34:12)[0]-- TIME:20090417-103412

[743](10:34:13)[1]-- TIME:20090417-103413

[744](10:34:14)[2]-- TIME:20090417-103414

[745](10:34:15)[3]-- TIME:20090417-103415

[746](10:34:15)192.168.1.250: Timeout
[747](10:34:16)[0]-- TIME:20090417-103416

[748](10:34:17)[1]-- TIME:20090417-103417

[749](10:34:18)[2]-- TIME:20090417-103418

[750](10:34:19)[3]-- TIME:20090417-103419

[751](10:34:19)192.168.1.250: Timeout
[752](10:34:20)[0]-- TIME:20090417-103420

[753](10:34:21)[1]-- TIME:20090417-103421

[754](10:34:22)[2]-- TIME:20090417-103422

[755](10:34:23)[3]-- TIME:20090417-103423

[756](10:34:23)192.168.1.250: Timeout
[757](10:34:24)[0]-- TIME:20090417-103424

[758](10:34:25)[1]-- TIME:20090417-103425

[759](10:34:26)[2]-- TIME:20090417-103426

[760](10:34:27)[3]-- TIME:20090417-103427

[761](10:34:27)192.168.1.250: Timeout
[762](10:34:28)[0]-- TIME:20090417-103428

[763](10:34:29)[1]-- TIME:20090417-103429

[764](10:34:30)[2]-- TIME:20090417-103430

[765](10:34:31)[3]-- TIME:20090417-103431

[766](10:34:31)192.168.1.250: Timeout
[767](10:34:32)[0]-- TIME:20090417-103432

[768](10:34:33)[1]-- TIME:20090417-103433

[769](10:34:34)[2]-- TIME:20090417-103434

[770](10:34:35)[3]-- TIME:20090417-103435

[771](10:34:35)192.168.1.250: Timeout
[772](10:34:36)[0]-- TIME:20090417-103436

[773](10:34:37)[1]-- TIME:20090417-103437

[774](10:34:38)[2]-- TIME:20090417-103438

[775](10:34:39)[3]-- TIME:20090417-103439

[776](10:34:39)192.168.1.250: Timeout
[777](10:34:40)[0]-- TIME:20090417-103440

[778](10:34:41)[1]-- TIME:20090417-103441

[779](10:34:42)[2]-- TIME:20090417-103442

[780](10:34:43)[3]-- TIME:20090417-103443

[781](10:34:43)192.168.1.250: Timeout
[782](10:34:44)[0]-- TIME:20090417-103444

[783](10:34:45)[1]-- TIME:20090417-103445

[784](10:34:46)[2]-- TIME:20090417-103446

[785](10:34:47)[3]-- TIME:20090417-103447

[786](10:34:47)192.168.1.250: Timeout
[787](10:34:48)[0]-- TIME:20090417-103448

[788](10:34:49)[1]-- TIME:20090417-103449

[789](10:34:50)[2]-- TIME:20090417-103450

[790](10:34:51)[3]-- TIME:20090417-103451

[791](10:34:51)192.168.1.250: Timeout
[792](10:34:52)[0]-- TIME:20090417-103452

[793](10:34:53)[1]-- TIME:20090417-103453

[794](10:34:54)[2]-- TIME:20090417-103454

[795](10:34:55)[3]-- TIME:20090417-103455

[796](10:34:55)192.168.1.250: Timeout
[797](10:34:56)[0]-- TIME:20090417-103456

[798](10:34:57)[1]-- TIME:20090417-103457

[799](10:34:58)[2]-- TIME:20090417-103458

[800](10:34:59)[3]-- TIME:20090417-103459

[801](10:34:59)192.168.1.250: Timeout
[802](10:35:00)[0]-- TIME:20090417-103500

[803](10:35:01)[1]-- TIME:20090417-103501

[804](10:35:02)[2]-- TIME:20090417-103502

[805](10:35:03)[3]-- TIME:20090417-103503

[806](10:35:03)192.168.1.250: Timeout
[807](10:35:04)[0]-- TIME:20090417-103504

[808](10:35:05)[1]-- TIME:20090417-103505

[809](10:35:06)[2]-- TIME:20090417-103506

[810](10:35:07)[3]-- TIME:20090417-103507

[811](10:35:07)192.168.1.250: Timeout
[812](10:35:08)[0]-- TIME:20090417-103508

[813](10:35:09)[1]-- TIME:20090417-103509

[814](10:35:10)[2]-- TIME:20090417-103510

[815](10:35:11)[3]-- TIME:20090417-103511

[816](10:35:11)192.168.1.250: Timeout
[817](10:35:12)[0]-- TIME:20090417-103512

[818](10:35:13)[1]-- TIME:20090417-103513

[819](10:35:14)[2]-- TIME:20090417-103514

[820](10:35:15)[3]-- TIME:20090417-103515

[821](10:35:15)192.168.1.250: Timeout
[822](10:35:16)[0]-- TIME:20090417-103516

[823](10:35:17)[1]-- TIME:20090417-103517

[824](10:35:18)[2]-- TIME:20090417-103518

[825](10:35:19)[3]-- TIME:20090417-103519

[826](10:35:19)192.168.1.250: Timeout
[827](10:35:20)[0]-- TIME:20090417-103520

[828](10:35:21)[1]-- TIME:20090417-103521

[829](10:35:22)[2]-- TIME:20090417-103522

[830](10:35:23)[3]-- TIME:20090417-103523

[831](10:35:23)192.168.1.250: Timeout
[832](10:35:24)[0]-- TIME:20090417-103524

[833](10:35:25)[1]-- TIME:20090417-103525

[834](10:35:26)[2]-- TIME:20090417-103526

[835](10:35:27)[3]-- TIME:20090417-103527

[836](10:35:27)192.168.1.250: Timeout
[837](10:35:28)[0]-- TIME:20090417-103528

[838](10:35:29)[1]-- TIME:20090417-103529

[839](10:35:30)[2]-- TIME:20090417-103530

[840](10:35:31)[3]-- TIME:20090417-103531

[841](10:35:31)192.168.1.250: Timeout
[842](10:35:32)[0]-- TIME:20090417-103532

[843](10:35:33)[1]-- TIME:20090417-103533

[844](10:35:34)[2]-- TIME:20090417-103534

[845](10:35:35)[3]-- TIME:20090417-103535

[846](10:35:35)192.168.1.250: Timeout
[847](10:35:36)[0]-- TIME:20090417-103536

[848](10:35:37)[1]-- TIME:20090417-103537

[849](10:35:38)[2]-- TIME:20090417-103538

[850](10:35:39)[3]-- TIME:20090417-103539

[851](10:35:39)192.168.1.250: Timeout
[852](10:35:40)[0]-- TIME:20090417-103540

[853](10:35:41)[1]-- TIME:20090417-103541

[854](10:35:42)[2]-- TIME:20090417-103542

[855](10:35:43)[3]-- TIME:20090417-103543

[856](10:35:43)192.168.1.250: Timeout
[857](10:35:44)[0]-- TIME:20090417-103544

[858](10:35:45)[1]-- TIME:20090417-103545

[859](10:35:46)[2]-- TIME:20090417-103546

[860](10:35:47)[3]-- TIME:20090417-103547

[861](10:35:47)192.168.1.250: Timeout
[862](10:35:48)[0]-- TIME:20090417-103548

[863](10:35:49)[1]-- TIME:20090417-103549

[864](10:35:50)[2]-- TIME:20090417-103550

[865](10:35:51)[3]-- TIME:20090417-103551

[866](10:35:51)192.168.1.250: Timeout
[867](10:35:52)[0]-- TIME:20090417-103552

[868](10:35:53)[1]-- TIME:20090417-103553

[869](10:35:54)[2]-- TIME:20090417-103554

[870](10:35:55)[3]-- TIME:20090417-103555

[871](10:35:55)192.168.1.250: Timeout
[872](10:35:56)[0]-- TIME:20090417-103556

[873](10:35:57)[1]-- TIME:20090417-103557

[874](10:35:58)[2]-- TIME:20090417-103558

[875](10:35:59)[3]-- TIME:20090417-103559

[876](10:35:59)192.168.1.250: Timeout
[877](10:36:00)[0]-- TIME:20090417-103600

[878](10:36:01)[1]-- TIME:20090417-103601

[879](10:36:02)[2]-- TIME:20090417-103602

[880](10:36:03)[3]-- TIME:20090417-103603

[881](10:36:03)192.168.1.250: Timeout
[882](10:36:04)[0]-- TIME:20090417-103604

[883](10:36:05)[1]-- TIME:20090417-103605

[884](10:36:06)[2]-- TIME:20090417-103606

[885](10:36:07)[3]-- TIME:20090417-103607

[886](10:36:07)192.168.1.250: Timeout
[887](10:36:08)[0]-- TIME:20090417-103608

[888](10:36:09)[1]-- TIME:20090417-103609

[889](10:36:10)[2]-- TIME:20090417-103610

[890](10:36:11)[3]-- TIME:20090417-103611

[891](10:36:11)192.168.1.250: Timeout
[892](10:36:12)[0]-- TIME:20090417-103612

[893](10:36:13)[1]-- TIME:20090417-103613

[894](10:36:14)[2]-- TIME:20090417-103614

[895](10:36:15)[3]-- TIME:20090417-103615

[896](10:36:15)192.168.1.250: Timeout
[897](10:36:16)[0]-- TIME:20090417-103616

[898](10:36:17)[1]-- TIME:20090417-103617

[899](10:36:18)[2]-- TIME:20090417-103618

[900](10:36:19)[3]-- TIME:20090417-103619

[901](10:36:19)192.168.1.250: Timeout
[902](10:36:20)[0]-- TIME:20090417-103620

[903](10:36:21)[1]-- TIME:20090417-103621

[904](10:36:22)[2]-- TIME:20090417-103622

[905](10:36:23)[3]-- TIME:20090417-103623

[906](10:36:23)192.168.1.250: Timeout
[907](10:36:24)[0]-- TIME:20090417-103624

[908](10:36:25)[1]-- TIME:20090417-103625

[909](10:36:26)[2]-- TIME:20090417-103626

[910](10:36:27)[3]-- TIME:20090417-103627

[911](10:36:27)192.168.1.250: Timeout
[912](10:36:28)[0]-- TIME:20090417-103628

[913](10:36:29)[1]-- TIME:20090417-103629

[914](10:36:30)[2]-- TIME:20090417-103630

[915](10:36:31)[3]-- TIME:20090417-103631

[916](10:36:31)192.168.1.250: Timeout
[917](10:36:32)[0]-- TIME:20090417-103632

[918](10:36:33)[1]-- TIME:20090417-103633

[919](10:36:34)[2]-- TIME:20090417-103634

[920](10:36:35)[3]-- TIME:20090417-103635

[921](10:36:35)192.168.1.250: Timeout
[922](10:36:36)[0]-- TIME:20090417-103636

[923](10:36:37)[1]-- TIME:20090417-103637

[924](10:36:38)[2]-- TIME:20090417-103638

[925](10:36:39)[3]-- TIME:20090417-103639

[926](10:36:39)192.168.1.250: Timeout
[927](10:36:40)[0]-- TIME:20090417-103640

[928](10:36:41)[1]-- TIME:20090417-103641

[929](10:36:42)[2]-- TIME:20090417-103642

[930](10:36:43)[3]-- TIME:20090417-103643

[931](10:36:43)192.168.1.250: Timeout
[932](10:36:44)[0]-- TIME:20090417-103644

[933](10:36:45)[1]-- TIME:20090417-103645

[934](10:36:46)[2]-- TIME:20090417-103646

[935](10:36:47)[3]-- TIME:20090417-103647

[936](10:36:47)192.168.1.250: Timeout
[937](10:36:48)[0]-- TIME:20090417-103648

[938](10:36:49)[1]-- TIME:20090417-103649

[939](10:36:50)[2]-- TIME:20090417-103650

[940](10:36:51)[3]-- TIME:20090417-103651

[941](10:36:51)192.168.1.250: Timeout
[942](10:36:52)[0]-- TIME:20090417-103652

[943](10:36:53)[1]-- TIME:20090417-103653

[944](10:36:54)[2]-- TIME:20090417-103654

[945](10:36:55)[3]-- TIME:20090417-103655

[946](10:36:55)192.168.1.250: Timeout
[947](10:36:56)[0]-- TIME:20090417-103656

[948](10:36:57)[1]-- TIME:20090417-103657

[949](10:36:58)[2]-- TIME:20090417-103658

[950](10:36:59)[3]-- TIME:20090417-103659

[951](10:36:59)192.168.1.250: Timeout
[952](10:37:00)[0]-- TIME:20090417-103700

[953](10:37:01)[1]-- TIME:20090417-103701

[954](10:37:02)[2]-- TIME:20090417-103702

[955](10:37:03)[3]-- TIME:20090417-103703

[956](10:37:03)192.168.1.250: Timeout
[957](10:37:04)[0]-- TIME:20090417-103704

[958](10:37:05)[1]-- TIME:20090417-103705

[959](10:37:06)[2]-- TIME:20090417-103706

[960](10:37:07)[3]-- TIME:20090417-103707

[961](10:37:07)192.168.1.250: Timeout
[962](10:37:08)[0]-- TIME:20090417-103708

[963](10:37:09)[1]-- TIME:20090417-103709

[964](10:37:10)[2]-- TIME:20090417-103710

[965](10:37:11)[3]-- TIME:20090417-103711

[966](10:37:11)192.168.1.250: Timeout
[967](10:37:12)[0]-- TIME:20090417-103712

[968](10:37:13)[1]-- TIME:20090417-103713

[969](10:37:14)[2]-- TIME:20090417-103714

[970](10:37:15)[3]-- TIME:20090417-103715

[971](10:37:15)192.168.1.250: Timeout
[972](10:37:16)[0]-- TIME:20090417-103716

[973](10:37:17)[1]-- TIME:20090417-103717

[974](10:37:18)[2]-- TIME:20090417-103718

[975](10:37:19)[3]-- TIME:20090417-103719

[976](10:37:19)192.168.1.250: Timeout
[977](10:37:20)[0]-- TIME:20090417-103720

[978](10:37:21)[1]-- TIME:20090417-103721

[979](10:37:22)[2]-- TIME:20090417-103722

[980](10:37:23)[3]-- TIME:20090417-103723

[981](10:37:23)192.168.1.250: Timeout
[982](10:37:24)[0]-- TIME:20090417-103724

[983](10:37:25)[1]-- TIME:20090417-103725

[984](10:37:26)[2]-- TIME:20090417-103726

[985](10:37:27)[3]-- TIME:20090417-103727

[986](10:37:27)192.168.1.250: Timeout
[987](10:37:28)[0]-- TIME:20090417-103728

[988](10:37:29)[1]-- TIME:20090417-103729

[989](10:37:30)[2]-- TIME:20090417-103730

[990](10:37:31)[3]-- TIME:20090417-103731

[991](10:37:31)192.168.1.250: Timeout
[992](10:37:32)[0]-- TIME:20090417-103732

[993](10:37:33)[1]-- TIME:20090417-103733

[994](10:37:34)[2]-- TIME:20090417-103734

[995](10:37:35)[3]-- TIME:20090417-103735

[996](10:37:35)192.168.1.250: Timeout
[997](10:37:36)[0]-- TIME:20090417-103736

[998](10:37:37)[1]-- TIME:20090417-103737

[999](10:37:38)[2]-- TIME:20090417-103738

[1000](10:37:39)[3]-- TIME:20090417-103739
