
[0](09:28:46)======== MONITA APP STARTING ===========
[1](09:28:46)Load file konfigurasi
[2](09:28:46)Baca konfig
[3](09:28:46)Baca konfig: OK
[4](09:28:48)Mulai logging data
[5](09:28:49)[0]-- TIME:20090305-092849

[6](09:28:50)[1]-- TIME:20090305-092850

[7](09:28:51)[2]-- TIME:20090305-092851

[8](09:28:52)[3]-- TIME:20090305-092852

[9](09:28:52)10.23.128.24: Timeout
[10](09:28:53)[0]-- TIME:20090305-092853

[11](09:28:54)[1]-- TIME:20090305-092854

[12](09:28:55)[2]-- TIME:20090305-092855

[13](09:28:56)[3]-- TIME:20090305-092856

[14](09:28:56)10.23.128.24: Timeout
[15](09:28:57)[0]-- TIME:20090305-092857

[16](09:28:58)[1]-- TIME:20090305-092858

[17](09:28:59)[2]-- TIME:20090305-092859

[18](09:29:00)[3]-- TIME:20090305-092900

[19](09:29:00)10.23.128.24: Timeout
[20](09:29:01)[0]-- TIME:20090305-092901

[21](09:29:02)[1]-- TIME:20090305-092902

[22](09:29:03)[2]-- TIME:20090305-092903

[23](09:29:04)[3]-- TIME:20090305-092904

[24](09:29:04)10.23.128.24: Timeout
[25](09:29:05)[0]-- TIME:20090305-092905

[26](09:29:06)[1]-- TIME:20090305-092906

[27](09:29:07)[2]-- TIME:20090305-092907

[28](09:29:08)[3]-- TIME:20090305-092908

[29](09:29:08)10.23.128.24: Timeout
[30](09:29:09)[0]-- TIME:20090305-092909

[31](09:29:10)[1]-- TIME:20090305-092910

[32](09:29:11)[2]-- TIME:20090305-092911

[33](09:29:12)Stop logging data
[34](09:29:12)[2]-- TIME:20090305-092912

[35](09:29:12)Mulai logging data
[36](09:29:14)[0]-- TIME:20090305-092914

[37](09:29:15)[1]-- TIME:20090305-092915

[38](09:29:16)[2]-- TIME:20090305-092916

[39](09:29:17)[3]-- TIME:20090305-092917

[40](09:29:17)10.23.128.24: Timeout
[41](09:29:17)======== MONITA APP CLOSING =========
[42](09:29:17)============ BYE BYE ===============