
[0](10:51:29)======== MONITA APP STARTING ===========
[1](10:51:29)Load file konfigurasi
[2](10:51:29)Baca konfig
[3](10:51:29)Baca konfig: OK
[4](11:02:42)Mulai logging data
[5](11:02:43)[0]-- TIME:20090416-110243

[6](11:02:44)[1]-- TIME:20090416-110244

[7](11:02:45)[2]-- TIME:20090416-110245

[8](11:02:46)[3]-- TIME:20090416-110246

[9](11:02:47)[0]-- TIME:20090416-110247

[10](11:02:48)[1]-- TIME:20090416-110248

[11](11:02:49)[2]-- TIME:20090416-110249

[12](11:02:50)[3]-- TIME:20090416-110250

[13](11:02:51)[0]-- TIME:20090416-110251

[14](11:02:52)[1]-- TIME:20090416-110252

[15](11:02:53)[2]-- TIME:20090416-110253

[16](11:02:54)[3]-- TIME:20090416-110254

[17](11:02:55)[0]-- TIME:20090416-110255

[18](11:02:56)[1]-- TIME:20090416-110256

[19](11:02:57)[2]-- TIME:20090416-110257

[20](11:02:58)[3]-- TIME:20090416-110258

[21](11:02:59)[0]-- TIME:20090416-110259

[22](11:03:00)[1]-- TIME:20090416-110300

[23](11:03:01)[2]-- TIME:20090416-110301

[24](11:03:02)[3]-- TIME:20090416-110302

[25](11:03:03)[0]-- TIME:20090416-110303

[26](11:03:04)[1]-- TIME:20090416-110304

[27](11:03:05)[2]-- TIME:20090416-110305

[28](11:03:06)[3]-- TIME:20090416-110306

[29](11:03:07)[0]-- TIME:20090416-110307

[30](11:03:08)[1]-- TIME:20090416-110308

[31](11:03:09)[2]-- TIME:20090416-110309

[32](11:03:10)[3]-- TIME:20090416-110310

[33](11:03:11)[0]-- TIME:20090416-110311

[34](11:03:12)[1]-- TIME:20090416-110312

[35](11:03:13)[2]-- TIME:20090416-110313

[36](11:03:13)Stop logging data
[37](11:03:14)Mulai logging data
[38](11:03:14)[0]-- TIME:20090416-110314

[39](11:03:15)[1]-- TIME:20090416-110315

[40](11:03:15)[2]-- TIME:20090416-110315

[41](11:03:16)[3]-- TIME:20090416-110316

[42](11:03:16)[0]-- TIME:20090416-110316

[43](11:03:17)[1]-- TIME:20090416-110317

[44](11:03:17)[2]-- TIME:20090416-110317

[45](11:03:18)[3]-- TIME:20090416-110318

[46](11:03:18)[0]-- TIME:20090416-110318

[47](11:03:19)[1]-- TIME:20090416-110319

[48](11:03:19)[2]-- TIME:20090416-110319

[49](11:03:20)[3]-- TIME:20090416-110320

[50](11:03:20)[0]-- TIME:20090416-110320

[51](11:03:21)[1]-- TIME:20090416-110321

[52](11:03:21)[2]-- TIME:20090416-110321

[53](11:03:22)[3]-- TIME:20090416-110322

[54](11:03:22)[0]-- TIME:20090416-110322

[55](11:03:23)[1]-- TIME:20090416-110323

[56](11:03:23)[2]-- TIME:20090416-110323

[57](11:03:24)[3]-- TIME:20090416-110324

[58](11:03:24)[0]-- TIME:20090416-110324

[59](11:03:25)[1]-- TIME:20090416-110325

[60](11:03:25)[2]-- TIME:20090416-110325

[61](11:03:26)[3]-- TIME:20090416-110326

[62](11:03:26)[0]-- TIME:20090416-110326

[63](11:03:27)[1]-- TIME:20090416-110327

[64](11:03:27)[2]-- TIME:20090416-110327

[65](11:03:28)[3]-- TIME:20090416-110328

[66](11:03:28)[0]-- TIME:20090416-110328

[67](11:03:29)[1]-- TIME:20090416-110329

[68](11:03:29)[2]-- TIME:20090416-110329

[69](11:03:30)[3]-- TIME:20090416-110330

[70](11:03:30)[0]-- TIME:20090416-110330

[71](11:03:31)[1]-- TIME:20090416-110331

[72](11:03:31)[2]-- TIME:20090416-110331

[73](11:03:32)[3]-- TIME:20090416-110332

[74](11:03:32)[0]-- TIME:20090416-110332

[75](11:03:33)[1]-- TIME:20090416-110333

[76](11:03:33)[2]-- TIME:20090416-110333

[77](11:03:34)Stop logging data
[78](11:03:34)Mulai logging data
[79](11:03:34)[0]-- TIME:20090416-110334

[80](11:03:34)[1]-- TIME:20090416-110334

[81](11:03:35)[2]-- TIME:20090416-110335

[82](11:03:35)[3]-- TIME:20090416-110335

[83](11:03:35)[0]-- TIME:20090416-110335

[84](11:03:36)[1]-- TIME:20090416-110336

[85](11:03:36)[2]-- TIME:20090416-110336

[86](11:03:36)[3]-- TIME:20090416-110336

[87](11:03:37)[0]-- TIME:20090416-110337

[88](11:03:37)[1]-- TIME:20090416-110337

[89](11:03:37)[2]-- TIME:20090416-110337

[90](11:03:38)[3]-- TIME:20090416-110338

[91](11:03:38)[0]-- TIME:20090416-110338

[92](11:03:38)[1]-- TIME:20090416-110338

[93](11:03:39)[2]-- TIME:20090416-110339

[94](11:03:39)[3]-- TIME:20090416-110339

[95](11:03:39)[0]-- TIME:20090416-110339

[96](11:03:40)[1]-- TIME:20090416-110340

[97](11:03:40)[2]-- TIME:20090416-110340

[98](11:03:40)[3]-- TIME:20090416-110340

[99](11:03:41)[0]-- TIME:20090416-110341

[100](11:03:41)[1]-- TIME:20090416-110341

[101](11:03:41)[2]-- TIME:20090416-110341

[102](11:03:42)[3]-- TIME:20090416-110342

[103](11:03:42)[0]-- TIME:20090416-110342

[104](11:03:42)[1]-- TIME:20090416-110342

[105](11:03:43)[2]-- TIME:20090416-110343

[106](11:03:43)[3]-- TIME:20090416-110343

[107](11:03:43)[0]-- TIME:20090416-110343

[108](11:03:44)[1]-- TIME:20090416-110344

[109](11:03:44)[2]-- TIME:20090416-110344

[110](11:03:44)[3]-- TIME:20090416-110344

[111](11:03:45)[0]-- TIME:20090416-110345

[112](11:03:45)[1]-- TIME:20090416-110345

[113](11:03:45)[2]-- TIME:20090416-110345

[114](11:03:46)[3]-- TIME:20090416-110346

[115](11:03:46)[0]-- TIME:20090416-110346

[116](11:03:46)[1]-- TIME:20090416-110346

[117](11:03:47)[2]-- TIME:20090416-110347

[118](11:03:47)[3]-- TIME:20090416-110347

[119](11:03:47)[0]-- TIME:20090416-110347

[120](11:03:48)[1]-- TIME:20090416-110348

[121](11:03:48)[2]-- TIME:20090416-110348

[122](11:03:48)[3]-- TIME:20090416-110348

[123](11:03:49)[0]-- TIME:20090416-110349

[124](11:03:49)[1]-- TIME:20090416-110349

[125](11:03:49)[2]-- TIME:20090416-110349

[126](11:03:50)[3]-- TIME:20090416-110350

[127](11:03:50)[0]-- TIME:20090416-110350

[128](11:03:50)[1]-- TIME:20090416-110350

[129](11:03:51)[2]-- TIME:20090416-110351

[130](11:03:51)[3]-- TIME:20090416-110351

[131](11:03:51)[0]-- TIME:20090416-110351

[132](11:03:52)[1]-- TIME:20090416-110352

[133](11:03:52)[2]-- TIME:20090416-110352

[134](11:03:52)[3]-- TIME:20090416-110352

[135](11:03:53)[0]-- TIME:20090416-110353

[136](11:03:53)[1]-- TIME:20090416-110353

[137](11:03:53)[2]-- TIME:20090416-110353

[138](11:03:54)[3]-- TIME:20090416-110354

[139](11:03:54)[0]-- TIME:20090416-110354

[140](11:03:54)[1]-- TIME:20090416-110354

[141](11:03:55)[2]-- TIME:20090416-110355

[142](11:03:55)[3]-- TIME:20090416-110355

[143](11:03:55)[0]-- TIME:20090416-110355

[144](11:03:56)[1]-- TIME:20090416-110356

[145](11:03:56)[2]-- TIME:20090416-110356

[146](11:03:56)[3]-- TIME:20090416-110356

[147](11:03:57)[0]-- TIME:20090416-110357

[148](11:03:57)[1]-- TIME:20090416-110357

[149](11:03:57)[2]-- TIME:20090416-110357

[150](11:03:58)[3]-- TIME:20090416-110358

[151](11:03:58)[0]-- TIME:20090416-110358

[152](11:03:58)[1]-- TIME:20090416-110358

[153](11:03:59)[2]-- TIME:20090416-110359

[154](11:03:59)[3]-- TIME:20090416-110359

[155](11:03:59)[0]-- TIME:20090416-110359

[156](11:04:00)[1]-- TIME:20090416-110400

[157](11:04:00)[2]-- TIME:20090416-110400

[158](11:04:00)[3]-- TIME:20090416-110400

[159](11:04:01)[0]-- TIME:20090416-110401

[160](11:04:01)[1]-- TIME:20090416-110401

[161](11:04:01)[2]-- TIME:20090416-110401

[162](11:04:02)[3]-- TIME:20090416-110402

[163](11:04:02)[0]-- TIME:20090416-110402

[164](11:04:02)[1]-- TIME:20090416-110402

[165](11:04:03)[2]-- TIME:20090416-110403

[166](11:04:03)[3]-- TIME:20090416-110403

[167](11:04:03)[0]-- TIME:20090416-110403

[168](11:04:04)[1]-- TIME:20090416-110404

[169](11:04:04)[2]-- TIME:20090416-110404

[170](11:04:04)[3]-- TIME:20090416-110404

[171](11:04:05)[0]-- TIME:20090416-110405

[172](11:04:05)[1]-- TIME:20090416-110405

[173](11:04:05)[2]-- TIME:20090416-110405

[174](11:04:06)[3]-- TIME:20090416-110406

[175](11:04:06)[0]-- TIME:20090416-110406

[176](11:04:06)[1]-- TIME:20090416-110406

[177](11:04:07)[2]-- TIME:20090416-110407

[178](11:04:07)[3]-- TIME:20090416-110407

[179](11:04:07)[0]-- TIME:20090416-110407

[180](11:04:08)[1]-- TIME:20090416-110408

[181](11:04:08)[2]-- TIME:20090416-110408

[182](11:04:08)[3]-- TIME:20090416-110408

[183](11:04:09)[0]-- TIME:20090416-110409

[184](11:04:09)[1]-- TIME:20090416-110409

[185](11:04:09)[2]-- TIME:20090416-110409

[186](11:04:10)Stop logging data
[187](11:04:10)[2]-- TIME:20090416-110410

[188](11:04:10)[2]-- TIME:20090416-110410

[189](11:04:10)[2]-- TIME:20090416-110410

[190](11:04:11)Mulai logging data
[191](11:04:12)[0]-- TIME:20090416-110412

[192](11:04:13)[1]-- TIME:20090416-110413

[193](11:04:14)[2]-- TIME:20090416-110414

[194](11:04:15)[3]-- TIME:20090416-110415

[195](11:04:15)ALARM: Data Titik 115 (Titik 114) diluar jangkauan ukur
[196](11:04:16)[0]-- TIME:20090416-110416

[197](11:04:17)[1]-- TIME:20090416-110417

[198](11:04:18)[2]-- TIME:20090416-110418

[199](11:04:19)[3]-- TIME:20090416-110419

[200](11:04:19)ALARM: Data Titik 115 (Titik 114) diluar jangkauan ukur
[201](11:04:20)[0]-- TIME:20090416-110420

[202](11:04:21)[1]-- TIME:20090416-110421

[203](11:04:22)[2]-- TIME:20090416-110422

[204](11:04:23)[3]-- TIME:20090416-110423

[205](11:04:23)ALARM: Data Titik 115 (Titik 114) diluar jangkauan ukur
[206](11:04:24)[0]-- TIME:20090416-110424

[207](11:04:25)[1]-- TIME:20090416-110425

[208](11:04:26)[2]-- TIME:20090416-110426

[209](11:04:26)Stop logging data
[210](11:04:27)[2]-- TIME:20090416-110427

[211](11:04:28)Mulai logging data
[212](11:04:29)[0]-- TIME:20090416-110429

[213](11:04:30)[1]-- TIME:20090416-110430

[214](11:04:31)[2]-- TIME:20090416-110431

[215](11:04:32)[3]-- TIME:20090416-110432

[216](11:04:32)ALARM: Data Titik 115 (Titik 114) diluar jangkauan ukur
[217](11:04:33)[0]-- TIME:20090416-110433

[218](11:04:34)[1]-- TIME:20090416-110434

[219](11:04:35)[2]-- TIME:20090416-110435

[220](11:04:36)[3]-- TIME:20090416-110436

[221](11:04:36)ALARM: Data Titik 115 (Titik 114) diluar jangkauan ukur
[222](11:04:37)[0]-- TIME:20090416-110437

[223](11:04:38)[1]-- TIME:20090416-110438

[224](11:04:39)[2]-- TIME:20090416-110439

[225](11:04:40)[3]-- TIME:20090416-110440

[226](11:04:40)ALARM: Data Titik 115 (Titik 114) diluar jangkauan ukur
[227](11:04:41)[0]-- TIME:20090416-110441

[228](11:04:42)[1]-- TIME:20090416-110442

[229](11:04:43)[2]-- TIME:20090416-110443

[230](11:04:44)[3]-- TIME:20090416-110444

[231](11:04:44)ALARM: Data Titik 115 (Titik 114) diluar jangkauan ukur
[232](11:04:45)[0]-- TIME:20090416-110445

[233](11:04:46)[1]-- TIME:20090416-110446

[234](11:04:47)[2]-- TIME:20090416-110447

[235](11:04:48)[3]-- TIME:20090416-110448

[236](11:04:48)ALARM: Data Titik 115 (Titik 114) diluar jangkauan ukur
[237](11:04:49)[0]-- TIME:20090416-110449

[238](11:04:50)[1]-- TIME:20090416-110450

[239](11:04:51)[2]-- TIME:20090416-110451

[240](11:04:52)[3]-- TIME:20090416-110452

[241](11:04:52)ALARM: Data Titik 115 (Titik 114) diluar jangkauan ukur
[242](11:04:53)[0]-- TIME:20090416-110453

[243](11:04:54)[1]-- TIME:20090416-110454

[244](11:04:55)[2]-- TIME:20090416-110455

[245](11:04:56)[3]-- TIME:20090416-110456

[246](11:04:56)ALARM: Data Titik 115 (Titik 114) diluar jangkauan ukur
[247](11:04:57)[0]-- TIME:20090416-110457

[248](11:04:58)[1]-- TIME:20090416-110458

[249](11:04:59)[2]-- TIME:20090416-110459

[250](11:05:00)[3]-- TIME:20090416-110500

[251](11:05:00)ALARM: Data Titik 115 (Titik 114) diluar jangkauan ukur
[252](11:05:01)[0]-- TIME:20090416-110501

[253](11:05:02)[1]-- TIME:20090416-110502

[254](11:05:03)[2]-- TIME:20090416-110503

[255](11:05:04)[3]-- TIME:20090416-110504

[256](11:05:04)ALARM: Data Titik 115 (Titik 114) diluar jangkauan ukur
[257](11:05:05)[0]-- TIME:20090416-110505

[258](11:05:06)[1]-- TIME:20090416-110506

[259](11:05:07)[2]-- TIME:20090416-110507

[260](11:05:08)[3]-- TIME:20090416-110508

[261](11:05:08)ALARM: Data Titik 115 (Titik 114) diluar jangkauan ukur
[262](11:05:09)[0]-- TIME:20090416-110509

[263](11:05:10)[1]-- TIME:20090416-110510

[264](11:05:11)[2]-- TIME:20090416-110511

[265](11:05:12)[3]-- TIME:20090416-110512

[266](11:05:12)ALARM: Data Titik 115 (Titik 114) diluar jangkauan ukur
[267](11:05:13)[0]-- TIME:20090416-110513

[268](11:05:14)[1]-- TIME:20090416-110514

[269](11:05:15)[2]-- TIME:20090416-110515

[270](11:05:16)[3]-- TIME:20090416-110516

[271](11:05:16)ALARM: Data Titik 115 (Titik 114) diluar jangkauan ukur
[272](11:05:17)[0]-- TIME:20090416-110517

[273](11:05:18)[1]-- TIME:20090416-110518

[274](11:05:19)[2]-- TIME:20090416-110519

[275](11:05:20)[3]-- TIME:20090416-110520

[276](11:05:20)ALARM: Data Titik 115 (Titik 114) diluar jangkauan ukur
[277](11:05:21)[0]-- TIME:20090416-110521

[278](11:05:22)[1]-- TIME:20090416-110522

[279](11:05:23)[2]-- TIME:20090416-110523

[280](11:05:24)[3]-- TIME:20090416-110524

[281](11:05:24)ALARM: Data Titik 115 (Titik 114) diluar jangkauan ukur
[282](11:05:25)[0]-- TIME:20090416-110525

[283](11:05:26)[1]-- TIME:20090416-110526

[284](11:05:27)[2]-- TIME:20090416-110527

[285](11:05:28)[3]-- TIME:20090416-110528

[286](11:05:28)ALARM: Data Titik 115 (Titik 114) diluar jangkauan ukur
[287](11:05:29)[0]-- TIME:20090416-110529

[288](11:05:30)[1]-- TIME:20090416-110530

[289](11:05:31)[2]-- TIME:20090416-110531

[290](11:05:32)[3]-- TIME:20090416-110532

[291](11:05:32)ALARM: Data Titik 115 (Titik 114) diluar jangkauan ukur
[292](11:05:33)[0]-- TIME:20090416-110533

[293](11:05:34)[1]-- TIME:20090416-110534

[294](11:05:35)[2]-- TIME:20090416-110535

[295](11:05:36)[3]-- TIME:20090416-110536

[296](11:05:36)ALARM: Data Titik 115 (Titik 114) diluar jangkauan ukur
[297](11:05:37)[0]-- TIME:20090416-110537

[298](11:05:38)[1]-- TIME:20090416-110538

[299](11:05:39)[2]-- TIME:20090416-110539

[300](11:05:40)[3]-- TIME:20090416-110540

[301](11:05:40)ALARM: Data Titik 115 (Titik 114) diluar jangkauan ukur
[302](11:05:41)[0]-- TIME:20090416-110541

[303](11:05:42)[1]-- TIME:20090416-110542

[304](11:05:43)[2]-- TIME:20090416-110543

[305](11:05:44)[3]-- TIME:20090416-110544

[306](11:05:44)192.168.1.250: Timeout
[307](11:05:45)[0]-- TIME:20090416-110545

[308](11:05:46)[1]-- TIME:20090416-110546

[309](11:05:47)[2]-- TIME:20090416-110547

[310](11:05:48)[3]-- TIME:20090416-110548

[311](11:05:48)192.168.1.250: Timeout
[312](11:05:49)[0]-- TIME:20090416-110549

[313](11:05:50)[1]-- TIME:20090416-110550

[314](11:05:51)[2]-- TIME:20090416-110551

[315](11:05:52)[3]-- TIME:20090416-110552

[316](11:05:52)192.168.1.250: Timeout
[317](11:05:53)[0]-- TIME:20090416-110553

[318](11:05:54)[1]-- TIME:20090416-110554

[319](11:05:55)[2]-- TIME:20090416-110555

[320](11:05:56)[3]-- TIME:20090416-110556

[321](11:05:56)192.168.1.250: Timeout
[322](11:05:57)[0]-- TIME:20090416-110557

[323](11:05:58)[1]-- TIME:20090416-110558

[324](11:05:59)[2]-- TIME:20090416-110559

[325](11:06:00)[3]-- TIME:20090416-110600

[326](11:06:00)192.168.1.250: Timeout
[327](11:06:01)[0]-- TIME:20090416-110601

[328](11:06:02)[1]-- TIME:20090416-110602

[329](11:06:03)[2]-- TIME:20090416-110603

[330](11:06:04)[3]-- TIME:20090416-110604

[331](11:06:04)192.168.1.250: Timeout
[332](11:06:05)[0]-- TIME:20090416-110605

[333](11:06:06)[1]-- TIME:20090416-110606

[334](11:06:07)[2]-- TIME:20090416-110607

[335](11:06:08)[3]-- TIME:20090416-110608

[336](11:06:08)192.168.1.250: Timeout
[337](11:06:09)[0]-- TIME:20090416-110609

[338](11:06:10)[1]-- TIME:20090416-110610

[339](11:06:11)[2]-- TIME:20090416-110611

[340](11:06:12)[3]-- TIME:20090416-110612

[341](11:06:12)192.168.1.250: Timeout
[342](11:06:13)[0]-- TIME:20090416-110613

[343](11:06:14)[1]-- TIME:20090416-110614

[344](11:06:15)[2]-- TIME:20090416-110615

[345](11:06:16)[3]-- TIME:20090416-110616

[346](11:06:16)192.168.1.250: Timeout
[347](11:06:17)[0]-- TIME:20090416-110617

[348](11:06:18)[1]-- TIME:20090416-110618

[349](11:06:19)[2]-- TIME:20090416-110619

[350](11:06:20)[3]-- TIME:20090416-110620

[351](11:06:20)192.168.1.250: Timeout
[352](11:06:21)[0]-- TIME:20090416-110621

[353](11:06:22)[1]-- TIME:20090416-110622

[354](11:06:23)[2]-- TIME:20090416-110623

[355](11:06:24)[3]-- TIME:20090416-110624

[356](11:06:24)192.168.1.250: Timeout
[357](11:06:25)[0]-- TIME:20090416-110625

[358](11:06:26)[1]-- TIME:20090416-110626

[359](11:06:27)[2]-- TIME:20090416-110627

[360](11:06:28)[3]-- TIME:20090416-110628

[361](11:06:28)192.168.1.250: Timeout
[362](11:06:29)[0]-- TIME:20090416-110629

[363](11:06:30)[1]-- TIME:20090416-110630

[364](11:06:31)[2]-- TIME:20090416-110631

[365](11:06:32)[3]-- TIME:20090416-110632

[366](11:06:32)192.168.1.250: Timeout
[367](11:06:33)[0]-- TIME:20090416-110633

[368](11:06:34)[1]-- TIME:20090416-110634

[369](11:06:35)[2]-- TIME:20090416-110635

[370](11:06:36)[3]-- TIME:20090416-110636

[371](11:06:36)192.168.1.250: Timeout
[372](11:06:37)[0]-- TIME:20090416-110637

[373](11:06:38)[1]-- TIME:20090416-110638

[374](11:06:39)[2]-- TIME:20090416-110639

[375](11:06:40)[3]-- TIME:20090416-110640

[376](11:06:40)192.168.1.250: Timeout
[377](11:06:41)[0]-- TIME:20090416-110641

[378](11:06:42)[1]-- TIME:20090416-110642

[379](11:06:43)[2]-- TIME:20090416-110643

[380](11:06:44)[3]-- TIME:20090416-110644

[381](11:06:44)192.168.1.250: Timeout
[382](11:06:45)[0]-- TIME:20090416-110645

[383](11:06:46)[1]-- TIME:20090416-110646

[384](11:06:47)[2]-- TIME:20090416-110647

[385](11:06:48)[3]-- TIME:20090416-110648

[386](11:06:48)192.168.1.250: Timeout
[387](11:06:49)[0]-- TIME:20090416-110649

[388](11:06:50)[1]-- TIME:20090416-110650

[389](11:06:51)[2]-- TIME:20090416-110651

[390](11:06:52)[3]-- TIME:20090416-110652

[391](11:06:52)192.168.1.250: Timeout
[392](11:06:53)[0]-- TIME:20090416-110653

[393](11:06:54)[1]-- TIME:20090416-110654

[394](11:06:55)[2]-- TIME:20090416-110655

[395](11:06:56)[3]-- TIME:20090416-110656

[396](11:06:56)192.168.1.250: Timeout
[397](11:06:57)[0]-- TIME:20090416-110657

[398](11:06:58)[1]-- TIME:20090416-110658

[399](11:06:59)[2]-- TIME:20090416-110659

[400](11:07:00)[3]-- TIME:20090416-110700

[401](11:07:00)192.168.1.250: Timeout
[402](11:07:01)[0]-- TIME:20090416-110701

[403](11:07:02)[1]-- TIME:20090416-110702

[404](11:07:03)[2]-- TIME:20090416-110703

[405](11:07:04)[3]-- TIME:20090416-110704

[406](11:07:04)192.168.1.250: Timeout
[407](11:07:05)[0]-- TIME:20090416-110705

[408](11:07:06)[1]-- TIME:20090416-110706

[409](11:07:07)[2]-- TIME:20090416-110707

[410](11:07:08)[3]-- TIME:20090416-110708

[411](11:07:08)192.168.1.250: Timeout
[412](11:07:09)[0]-- TIME:20090416-110709

[413](11:07:10)[1]-- TIME:20090416-110710

[414](11:07:11)[2]-- TIME:20090416-110711

[415](11:07:12)[3]-- TIME:20090416-110712

[416](11:07:12)192.168.1.250: Timeout
[417](11:07:13)[0]-- TIME:20090416-110713

[418](11:07:14)[1]-- TIME:20090416-110714

[419](11:07:15)[2]-- TIME:20090416-110715

[420](11:07:16)[3]-- TIME:20090416-110716

[421](11:07:16)192.168.1.250: Timeout
[422](11:07:17)[0]-- TIME:20090416-110717

[423](11:07:18)[1]-- TIME:20090416-110718

[424](11:07:19)[2]-- TIME:20090416-110719

[425](11:07:20)[3]-- TIME:20090416-110720

[426](11:07:20)192.168.1.250: Timeout
[427](11:07:21)[0]-- TIME:20090416-110721

[428](11:07:22)[1]-- TIME:20090416-110722

[429](11:07:23)[2]-- TIME:20090416-110723

[430](11:07:24)[3]-- TIME:20090416-110724

[431](11:07:24)192.168.1.250: Timeout
[432](11:07:25)[0]-- TIME:20090416-110725

[433](11:07:26)[1]-- TIME:20090416-110726

[434](11:07:27)[2]-- TIME:20090416-110727

[435](11:07:28)[3]-- TIME:20090416-110728

[436](11:07:28)192.168.1.250: Timeout
[437](11:07:29)[0]-- TIME:20090416-110729

[438](11:07:30)[1]-- TIME:20090416-110730

[439](11:07:31)[2]-- TIME:20090416-110731

[440](11:07:32)[3]-- TIME:20090416-110732

[441](11:07:32)192.168.1.250: Timeout
[442](11:07:33)[0]-- TIME:20090416-110733

[443](11:07:34)[1]-- TIME:20090416-110734

[444](11:07:35)[2]-- TIME:20090416-110735

[445](11:07:36)[3]-- TIME:20090416-110736

[446](11:07:36)192.168.1.250: Timeout
[447](11:07:37)[0]-- TIME:20090416-110737

[448](11:07:38)[1]-- TIME:20090416-110738

[449](11:07:39)[2]-- TIME:20090416-110739

[450](11:07:40)[3]-- TIME:20090416-110740

[451](11:07:40)192.168.1.250: Timeout
[452](11:07:41)[0]-- TIME:20090416-110741

[453](11:07:42)[1]-- TIME:20090416-110742

[454](11:07:43)[2]-- TIME:20090416-110743

[455](11:07:44)[3]-- TIME:20090416-110744

[456](11:07:44)192.168.1.250: Timeout
[457](11:07:45)[0]-- TIME:20090416-110745

[458](11:07:46)[1]-- TIME:20090416-110746

[459](11:07:47)[2]-- TIME:20090416-110747

[460](11:07:48)[3]-- TIME:20090416-110748

[461](11:07:48)192.168.1.250: Timeout
[462](11:07:49)[0]-- TIME:20090416-110749

[463](11:07:50)[1]-- TIME:20090416-110750

[464](11:07:51)[2]-- TIME:20090416-110751

[465](11:07:52)[3]-- TIME:20090416-110752

[466](11:07:52)192.168.1.250: Timeout
[467](11:07:53)[0]-- TIME:20090416-110753

[468](11:07:54)[1]-- TIME:20090416-110754

[469](11:07:55)[2]-- TIME:20090416-110755

[470](11:07:56)[3]-- TIME:20090416-110756

[471](11:07:56)192.168.1.250: Timeout
[472](11:07:57)[0]-- TIME:20090416-110757

[473](11:07:58)[1]-- TIME:20090416-110758

[474](11:07:59)[2]-- TIME:20090416-110759

[475](11:08:00)[3]-- TIME:20090416-110800

[476](11:08:00)192.168.1.250: Timeout
[477](11:08:01)[0]-- TIME:20090416-110801

[478](11:08:02)[1]-- TIME:20090416-110802

[479](11:08:03)[2]-- TIME:20090416-110803

[480](11:08:04)[3]-- TIME:20090416-110804

[481](11:08:04)192.168.1.250: Timeout
[482](11:08:05)[0]-- TIME:20090416-110805

[483](11:08:06)[1]-- TIME:20090416-110806

[484](11:08:07)[2]-- TIME:20090416-110807

[485](11:08:08)[3]-- TIME:20090416-110808

[486](11:08:08)192.168.1.250: Timeout
[487](11:08:09)[0]-- TIME:20090416-110809

[488](11:08:10)[1]-- TIME:20090416-110810

[489](11:08:11)[2]-- TIME:20090416-110811

[490](11:08:12)[3]-- TIME:20090416-110812

[491](11:08:12)192.168.1.250: Timeout
[492](11:08:13)[0]-- TIME:20090416-110813

[493](11:08:14)[1]-- TIME:20090416-110814

[494](11:08:15)[2]-- TIME:20090416-110815

[495](11:08:16)[3]-- TIME:20090416-110816

[496](11:08:16)192.168.1.250: Timeout
[497](11:08:17)[0]-- TIME:20090416-110817

[498](11:08:18)[1]-- TIME:20090416-110818

[499](11:08:19)[2]-- TIME:20090416-110819

[500](11:08:20)[3]-- TIME:20090416-110820

[501](11:08:20)192.168.1.250: Timeout
[502](11:08:21)[0]-- TIME:20090416-110821

[503](11:08:22)[1]-- TIME:20090416-110822

[504](11:08:23)[2]-- TIME:20090416-110823

[505](11:08:24)[3]-- TIME:20090416-110824

[506](11:08:24)192.168.1.250: Timeout
[507](11:08:25)[0]-- TIME:20090416-110825

[508](11:08:26)[1]-- TIME:20090416-110826

[509](11:08:27)[2]-- TIME:20090416-110827

[510](11:08:28)[3]-- TIME:20090416-110828

[511](11:08:28)192.168.1.250: Timeout
[512](11:08:29)[0]-- TIME:20090416-110829

[513](11:08:30)[1]-- TIME:20090416-110830

[514](11:08:31)[2]-- TIME:20090416-110831

[515](11:08:32)[3]-- TIME:20090416-110832

[516](11:08:32)192.168.1.250: Timeout
[517](11:08:33)[0]-- TIME:20090416-110833

[518](11:08:34)[1]-- TIME:20090416-110834

[519](11:08:35)[2]-- TIME:20090416-110835

[520](11:08:36)[3]-- TIME:20090416-110836

[521](11:08:36)192.168.1.250: Timeout
[522](11:08:37)[0]-- TIME:20090416-110837

[523](11:08:38)[1]-- TIME:20090416-110838

[524](11:08:39)[2]-- TIME:20090416-110839

[525](11:08:40)[3]-- TIME:20090416-110840

[526](11:08:40)192.168.1.250: Timeout
[527](11:08:41)[0]-- TIME:20090416-110841

[528](11:08:42)[1]-- TIME:20090416-110842

[529](11:08:43)[2]-- TIME:20090416-110843

[530](11:08:44)[3]-- TIME:20090416-110844

[531](11:08:44)192.168.1.250: Timeout
[532](11:08:45)[0]-- TIME:20090416-110845

[533](11:08:46)[1]-- TIME:20090416-110846

[534](11:08:47)[2]-- TIME:20090416-110847

[535](11:08:48)[3]-- TIME:20090416-110848

[536](11:08:48)192.168.1.250: Timeout
[537](11:08:49)[0]-- TIME:20090416-110849

[538](11:08:50)[1]-- TIME:20090416-110850

[539](11:08:51)[2]-- TIME:20090416-110851

[540](11:08:52)[3]-- TIME:20090416-110852

[541](11:08:52)192.168.1.250: Timeout
[542](11:08:53)[0]-- TIME:20090416-110853

[543](11:08:54)[1]-- TIME:20090416-110854

[544](11:08:55)[2]-- TIME:20090416-110855

[545](11:08:56)[3]-- TIME:20090416-110856

[546](11:08:56)ALARM: Data Titik 115 (Titik 114) diluar jangkauan ukur
[547](11:08:56)ALARM: Data Titik 114 (Titik 113) diluar jangkauan ukur
[548](11:08:57)[0]-- TIME:20090416-110857

[549](11:08:58)[1]-- TIME:20090416-110858

[550](11:08:59)[2]-- TIME:20090416-110859

[551](11:09:00)[3]-- TIME:20090416-110900

[552](11:09:00)ALARM: Data Titik 115 (Titik 114) diluar jangkauan ukur
[553](11:09:01)[0]-- TIME:20090416-110901

[554](11:09:02)[1]-- TIME:20090416-110902

[555](11:09:03)[2]-- TIME:20090416-110903

[556](11:09:04)[3]-- TIME:20090416-110904

[557](11:09:04)ALARM: Data Titik 115 (Titik 114) diluar jangkauan ukur
[558](11:09:05)[0]-- TIME:20090416-110905

[559](11:09:06)[1]-- TIME:20090416-110906

[560](11:09:07)[2]-- TIME:20090416-110907

[561](11:09:08)[3]-- TIME:20090416-110908

[562](11:09:08)ALARM: Data Titik 115 (Titik 114) diluar jangkauan ukur
[563](11:09:09)[0]-- TIME:20090416-110909

[564](11:09:10)[1]-- TIME:20090416-110910

[565](11:09:11)[2]-- TIME:20090416-110911

[566](11:09:12)[3]-- TIME:20090416-110912

[567](11:09:12)ALARM: Data Titik 115 (Titik 114) diluar jangkauan ukur
[568](11:09:13)[0]-- TIME:20090416-110913

[569](11:09:14)[1]-- TIME:20090416-110914

[570](11:09:15)[2]-- TIME:20090416-110915

[571](11:09:16)[3]-- TIME:20090416-110916

[572](11:09:16)ALARM: Data Titik 115 (Titik 114) diluar jangkauan ukur
[573](11:09:17)[0]-- TIME:20090416-110917

[574](11:09:18)[1]-- TIME:20090416-110918

[575](11:09:19)[2]-- TIME:20090416-110919

[576](11:09:20)[3]-- TIME:20090416-110920

[577](11:09:20)ALARM: Data Titik 115 (Titik 114) diluar jangkauan ukur
[578](11:09:21)[0]-- TIME:20090416-110921

[579](11:09:22)[1]-- TIME:20090416-110922

[580](11:09:23)[2]-- TIME:20090416-110923

[581](11:09:24)[3]-- TIME:20090416-110924

[582](11:09:24)ALARM: Data Titik 115 (Titik 114) diluar jangkauan ukur
[583](11:09:25)[0]-- TIME:20090416-110925

[584](11:09:26)[1]-- TIME:20090416-110926

[585](11:09:27)[2]-- TIME:20090416-110927

[586](11:09:28)[3]-- TIME:20090416-110928

[587](11:09:28)ALARM: Data Titik 115 (Titik 114) diluar jangkauan ukur
[588](11:09:29)[0]-- TIME:20090416-110929

[589](11:09:30)[1]-- TIME:20090416-110930

[590](11:09:31)[2]-- TIME:20090416-110931

[591](11:09:32)[3]-- TIME:20090416-110932

[592](11:09:32)ALARM: Data Titik 115 (Titik 114) diluar jangkauan ukur
[593](11:09:33)[0]-- TIME:20090416-110933

[594](11:09:34)[1]-- TIME:20090416-110934

[595](11:09:35)[2]-- TIME:20090416-110935

[596](11:09:36)[3]-- TIME:20090416-110936

[597](11:09:36)ALARM: Data Titik 115 (Titik 114) diluar jangkauan ukur
[598](11:09:37)[0]-- TIME:20090416-110937

[599](11:09:38)[1]-- TIME:20090416-110938

[600](11:09:39)[2]-- TIME:20090416-110939

[601](11:09:40)[3]-- TIME:20090416-110940

[602](11:09:40)192.168.1.250: Timeout
[603](11:09:41)[0]-- TIME:20090416-110941

[604](11:09:42)[1]-- TIME:20090416-110942

[605](11:09:43)[2]-- TIME:20090416-110943

[606](11:09:44)[3]-- TIME:20090416-110944

[607](11:09:44)192.168.1.250: Timeout
[608](11:09:45)[0]-- TIME:20090416-110945

[609](11:09:46)[1]-- TIME:20090416-110946

[610](11:09:47)[2]-- TIME:20090416-110947

[611](11:09:48)[3]-- TIME:20090416-110948

[612](11:09:48)192.168.1.250: Timeout
[613](11:09:49)[0]-- TIME:20090416-110949

[614](11:09:50)[1]-- TIME:20090416-110950

[615](11:09:51)[2]-- TIME:20090416-110951

[616](11:09:52)[3]-- TIME:20090416-110952

[617](11:09:52)192.168.1.250: Timeout
[618](11:09:53)[0]-- TIME:20090416-110953

[619](11:09:54)[1]-- TIME:20090416-110954

[620](11:09:55)[2]-- TIME:20090416-110955

[621](11:09:56)[3]-- TIME:20090416-110956

[622](11:09:56)192.168.1.250: Timeout
[623](11:09:57)[0]-- TIME:20090416-110957

[624](11:09:58)[1]-- TIME:20090416-110958

[625](11:09:59)[2]-- TIME:20090416-110959

[626](11:10:00)[3]-- TIME:20090416-111000

[627](11:10:00)192.168.1.250: Timeout
[628](11:10:01)[0]-- TIME:20090416-111001

[629](11:10:02)[1]-- TIME:20090416-111002

[630](11:10:03)[2]-- TIME:20090416-111003

[631](11:10:04)[3]-- TIME:20090416-111004

[632](11:10:04)192.168.1.250: Timeout
[633](11:10:05)[0]-- TIME:20090416-111005

[634](11:10:06)[1]-- TIME:20090416-111006

[635](11:10:07)[2]-- TIME:20090416-111007

[636](11:10:08)[3]-- TIME:20090416-111008

[637](11:10:08)192.168.1.250: Timeout
[638](11:10:09)[0]-- TIME:20090416-111009

[639](11:10:10)[1]-- TIME:20090416-111010

[640](11:10:11)[2]-- TIME:20090416-111011

[641](11:10:12)[3]-- TIME:20090416-111012

[642](11:10:12)192.168.1.250: Timeout
[643](11:10:13)[0]-- TIME:20090416-111013

[644](11:10:14)[1]-- TIME:20090416-111014

[645](11:10:15)[2]-- TIME:20090416-111015

[646](11:10:16)[3]-- TIME:20090416-111016

[647](11:10:16)192.168.1.250: Timeout
[648](11:10:17)[0]-- TIME:20090416-111017

[649](11:10:18)[1]-- TIME:20090416-111018

[650](11:10:19)[2]-- TIME:20090416-111019

[651](11:10:20)[3]-- TIME:20090416-111020

[652](11:10:20)192.168.1.250: Timeout
[653](11:10:21)[0]-- TIME:20090416-111021

[654](11:10:22)[1]-- TIME:20090416-111022

[655](11:10:23)[2]-- TIME:20090416-111023

[656](11:10:24)[3]-- TIME:20090416-111024

[657](11:10:24)192.168.1.250: Timeout
[658](11:10:25)[0]-- TIME:20090416-111025

[659](11:10:26)[1]-- TIME:20090416-111026

[660](11:10:27)[2]-- TIME:20090416-111027

[661](11:10:28)[3]-- TIME:20090416-111028

[662](11:10:28)192.168.1.250: Timeout
[663](11:10:29)[0]-- TIME:20090416-111029

[664](11:10:30)[1]-- TIME:20090416-111030

[665](11:10:31)[2]-- TIME:20090416-111031

[666](11:10:32)[3]-- TIME:20090416-111032

[667](11:10:32)192.168.1.250: Timeout
[668](11:10:33)[0]-- TIME:20090416-111033

[669](11:10:34)[1]-- TIME:20090416-111034

[670](11:10:35)[2]-- TIME:20090416-111035

[671](11:10:36)[3]-- TIME:20090416-111036

[672](11:10:36)192.168.1.250: Timeout
[673](11:10:37)[0]-- TIME:20090416-111037

[674](11:10:38)[1]-- TIME:20090416-111038

[675](11:10:39)[2]-- TIME:20090416-111039

[676](11:10:40)[3]-- TIME:20090416-111040

[677](11:10:40)192.168.1.250: Timeout
[678](11:10:41)[0]-- TIME:20090416-111041

[679](11:10:42)[1]-- TIME:20090416-111042

[680](11:10:43)[2]-- TIME:20090416-111043

[681](11:10:44)[3]-- TIME:20090416-111044

[682](11:10:44)192.168.1.250: Timeout
[683](11:10:45)[0]-- TIME:20090416-111045

[684](11:10:46)[1]-- TIME:20090416-111046

[685](11:10:47)[2]-- TIME:20090416-111047

[686](11:10:48)[3]-- TIME:20090416-111048

[687](11:10:48)192.168.1.250: Timeout
[688](11:10:49)[0]-- TIME:20090416-111049

[689](11:10:50)[1]-- TIME:20090416-111050

[690](11:10:51)[2]-- TIME:20090416-111051

[691](11:10:52)[3]-- TIME:20090416-111052

[692](11:10:52)192.168.1.250: Timeout
[693](11:10:53)[0]-- TIME:20090416-111053

[694](11:10:54)[1]-- TIME:20090416-111054

[695](11:10:55)[2]-- TIME:20090416-111055

[696](11:10:56)[3]-- TIME:20090416-111056

[697](11:10:56)192.168.1.250: Timeout
[698](11:10:57)[0]-- TIME:20090416-111057

[699](11:10:58)[1]-- TIME:20090416-111058

[700](11:10:59)[2]-- TIME:20090416-111059

[701](11:11:00)[3]-- TIME:20090416-111100

[702](11:11:00)192.168.1.250: Timeout
[703](11:11:01)[0]-- TIME:20090416-111101

[704](11:11:02)[1]-- TIME:20090416-111102

[705](11:11:03)[2]-- TIME:20090416-111103

[706](11:11:04)[3]-- TIME:20090416-111104

[707](11:11:04)192.168.1.250: Timeout
[708](11:11:05)[0]-- TIME:20090416-111105

[709](11:11:06)[1]-- TIME:20090416-111106

[710](11:11:07)[2]-- TIME:20090416-111107

[711](11:11:08)[3]-- TIME:20090416-111108

[712](11:11:08)192.168.1.250: Timeout
[713](11:11:09)[0]-- TIME:20090416-111109

[714](11:11:10)[1]-- TIME:20090416-111110

[715](11:11:11)[2]-- TIME:20090416-111111

[716](11:11:12)[3]-- TIME:20090416-111112

[717](11:11:12)192.168.1.250: Timeout
[718](11:11:13)[0]-- TIME:20090416-111113

[719](11:11:14)[1]-- TIME:20090416-111114

[720](11:11:15)[2]-- TIME:20090416-111115

[721](11:11:16)[3]-- TIME:20090416-111116

[722](11:11:16)192.168.1.250: Timeout
[723](11:11:17)[0]-- TIME:20090416-111117

[724](11:11:18)[1]-- TIME:20090416-111118

[725](11:11:19)[2]-- TIME:20090416-111119

[726](11:11:20)[3]-- TIME:20090416-111120

[727](11:11:20)192.168.1.250: Timeout
[728](11:11:21)[0]-- TIME:20090416-111121

[729](11:11:22)[1]-- TIME:20090416-111122

[730](11:11:23)[2]-- TIME:20090416-111123

[731](11:11:24)[3]-- TIME:20090416-111124

[732](11:11:24)192.168.1.250: Timeout
[733](11:11:25)[0]-- TIME:20090416-111125

[734](11:11:26)[1]-- TIME:20090416-111126

[735](11:11:27)[2]-- TIME:20090416-111127

[736](11:11:28)[3]-- TIME:20090416-111128

[737](11:11:28)192.168.1.250: Timeout
[738](11:11:29)[0]-- TIME:20090416-111129

[739](11:11:30)[1]-- TIME:20090416-111130

[740](11:11:31)[2]-- TIME:20090416-111131

[741](11:11:32)[3]-- TIME:20090416-111132

[742](11:11:32)192.168.1.250: Timeout
[743](11:11:33)[0]-- TIME:20090416-111133

[744](11:11:34)[1]-- TIME:20090416-111134

[745](11:11:35)[2]-- TIME:20090416-111135

[746](11:11:36)[3]-- TIME:20090416-111136

[747](11:11:36)192.168.1.250: Timeout
[748](11:11:37)[0]-- TIME:20090416-111137

[749](11:11:38)[1]-- TIME:20090416-111138

[750](11:11:39)[2]-- TIME:20090416-111139

[751](11:11:40)[3]-- TIME:20090416-111140

[752](11:11:40)192.168.1.250: Timeout
[753](11:11:41)[0]-- TIME:20090416-111141

[754](11:11:42)[1]-- TIME:20090416-111142

[755](11:11:43)[2]-- TIME:20090416-111143

[756](11:11:44)[3]-- TIME:20090416-111144

[757](11:11:44)192.168.1.250: Timeout
[758](11:11:45)[0]-- TIME:20090416-111145

[759](11:11:46)[1]-- TIME:20090416-111146

[760](11:11:47)[2]-- TIME:20090416-111147

[761](11:11:48)[3]-- TIME:20090416-111148

[762](11:11:48)192.168.1.250: Timeout
[763](11:11:49)[0]-- TIME:20090416-111149

[764](11:11:50)[1]-- TIME:20090416-111150

[765](11:11:51)[2]-- TIME:20090416-111151

[766](11:11:52)[3]-- TIME:20090416-111152

[767](11:11:52)192.168.1.250: Timeout
[768](11:11:53)[0]-- TIME:20090416-111153

[769](11:11:54)[1]-- TIME:20090416-111154

[770](11:11:55)[2]-- TIME:20090416-111155

[771](11:11:56)[3]-- TIME:20090416-111156

[772](11:11:56)192.168.1.250: Timeout
[773](11:11:57)[0]-- TIME:20090416-111157

[774](11:11:58)[1]-- TIME:20090416-111158

[775](11:11:59)[2]-- TIME:20090416-111159

[776](11:12:00)[3]-- TIME:20090416-111200

[777](11:12:00)192.168.1.250: Timeout
[778](11:12:01)[0]-- TIME:20090416-111201

[779](11:12:02)[1]-- TIME:20090416-111202

[780](11:12:03)[2]-- TIME:20090416-111203

[781](11:12:04)[3]-- TIME:20090416-111204

[782](11:12:04)192.168.1.250: Timeout
[783](11:12:05)[0]-- TIME:20090416-111205

[784](11:12:06)[1]-- TIME:20090416-111206

[785](11:12:07)[2]-- TIME:20090416-111207

[786](11:12:08)[3]-- TIME:20090416-111208

[787](11:12:08)192.168.1.250: Timeout
[788](11:12:09)[0]-- TIME:20090416-111209

[789](11:12:10)[1]-- TIME:20090416-111210

[790](11:12:11)[2]-- TIME:20090416-111211

[791](11:12:12)[3]-- TIME:20090416-111212

[792](11:12:12)192.168.1.250: Timeout
[793](11:12:13)[0]-- TIME:20090416-111213

[794](11:12:14)[1]-- TIME:20090416-111214

[795](11:12:15)[2]-- TIME:20090416-111215

[796](11:12:16)[3]-- TIME:20090416-111216

[797](11:12:16)192.168.1.250: Timeout
[798](11:12:17)[0]-- TIME:20090416-111217

[799](11:12:18)[1]-- TIME:20090416-111218

[800](11:12:19)[2]-- TIME:20090416-111219

[801](11:12:20)[3]-- TIME:20090416-111220

[802](11:12:20)192.168.1.250: Timeout
[803](11:12:21)[0]-- TIME:20090416-111221

[804](11:12:22)[1]-- TIME:20090416-111222

[805](11:12:23)[2]-- TIME:20090416-111223

[806](11:12:24)[3]-- TIME:20090416-111224

[807](11:12:24)192.168.1.250: Timeout
[808](11:12:25)[0]-- TIME:20090416-111225

[809](11:12:26)[1]-- TIME:20090416-111226

[810](11:12:27)[2]-- TIME:20090416-111227

[811](11:12:28)[3]-- TIME:20090416-111228

[812](11:12:28)192.168.1.250: Timeout
[813](11:12:29)[0]-- TIME:20090416-111229

[814](11:12:30)[1]-- TIME:20090416-111230

[815](11:12:31)[2]-- TIME:20090416-111231

[816](11:12:32)[3]-- TIME:20090416-111232

[817](11:12:32)192.168.1.250: Timeout
[818](11:12:33)[0]-- TIME:20090416-111233

[819](11:12:34)[1]-- TIME:20090416-111234

[820](11:12:35)[2]-- TIME:20090416-111235

[821](11:12:36)[3]-- TIME:20090416-111236

[822](11:12:36)192.168.1.250: Timeout
[823](11:12:37)[0]-- TIME:20090416-111237

[824](11:12:38)[1]-- TIME:20090416-111238

[825](11:12:39)[2]-- TIME:20090416-111239

[826](11:12:40)[3]-- TIME:20090416-111240

[827](11:12:40)192.168.1.250: Timeout
[828](11:12:41)[0]-- TIME:20090416-111241

[829](11:12:42)[1]-- TIME:20090416-111242

[830](11:12:43)[2]-- TIME:20090416-111243

[831](11:12:44)[3]-- TIME:20090416-111244

[832](11:12:44)192.168.1.250: Timeout
[833](11:12:45)[0]-- TIME:20090416-111245

[834](11:12:46)[1]-- TIME:20090416-111246

[835](11:12:47)[2]-- TIME:20090416-111247

[836](11:12:48)[3]-- TIME:20090416-111248

[837](11:12:48)192.168.1.250: Timeout
[838](11:12:49)[0]-- TIME:20090416-111249

[839](11:12:50)[1]-- TIME:20090416-111250

[840](11:12:51)[2]-- TIME:20090416-111251

[841](11:12:52)[3]-- TIME:20090416-111252

[842](11:12:52)192.168.1.250: Timeout
[843](11:12:53)[0]-- TIME:20090416-111253

[844](11:12:54)[1]-- TIME:20090416-111254

[845](11:12:55)[2]-- TIME:20090416-111255

[846](11:12:56)[3]-- TIME:20090416-111256

[847](11:12:56)192.168.1.250: Timeout
[848](11:12:57)[0]-- TIME:20090416-111257

[849](11:12:58)[1]-- TIME:20090416-111258

[850](11:12:59)[2]-- TIME:20090416-111259

[851](11:13:00)[3]-- TIME:20090416-111300

[852](11:13:00)192.168.1.250: Timeout
[853](11:13:01)[0]-- TIME:20090416-111301

[854](11:13:02)[1]-- TIME:20090416-111302

[855](11:13:03)[2]-- TIME:20090416-111303

[856](11:13:04)[3]-- TIME:20090416-111304

[857](11:13:04)192.168.1.250: Timeout
[858](11:13:05)[0]-- TIME:20090416-111305

[859](11:13:06)[1]-- TIME:20090416-111306

[860](11:13:07)[2]-- TIME:20090416-111307

[861](11:13:08)[3]-- TIME:20090416-111308

[862](11:13:08)192.168.1.250: Timeout
[863](11:13:09)[0]-- TIME:20090416-111309

[864](11:13:10)[1]-- TIME:20090416-111310

[865](11:13:11)[2]-- TIME:20090416-111311

[866](11:13:12)[3]-- TIME:20090416-111312

[867](11:13:12)192.168.1.250: Timeout
[868](11:13:13)[0]-- TIME:20090416-111313

[869](11:13:14)[1]-- TIME:20090416-111314

[870](11:13:15)[2]-- TIME:20090416-111315

[871](11:13:16)[3]-- TIME:20090416-111316

[872](11:13:16)192.168.1.250: Timeout
[873](11:13:17)[0]-- TIME:20090416-111317

[874](11:13:18)[1]-- TIME:20090416-111318

[875](11:13:19)[2]-- TIME:20090416-111319

[876](11:13:20)[3]-- TIME:20090416-111320

[877](11:13:20)192.168.1.250: Timeout
[878](11:13:21)[0]-- TIME:20090416-111321

[879](11:13:22)[1]-- TIME:20090416-111322

[880](11:13:23)[2]-- TIME:20090416-111323

[881](11:13:24)[3]-- TIME:20090416-111324

[882](11:13:24)192.168.1.250: Timeout
[883](11:13:25)[0]-- TIME:20090416-111325

[884](11:13:26)[1]-- TIME:20090416-111326

[885](11:13:27)[2]-- TIME:20090416-111327

[886](11:13:28)[3]-- TIME:20090416-111328

[887](11:13:28)192.168.1.250: Timeout
[888](11:13:29)[0]-- TIME:20090416-111329

[889](11:13:30)[1]-- TIME:20090416-111330

[890](11:13:31)[2]-- TIME:20090416-111331

[891](11:13:32)[3]-- TIME:20090416-111332

[892](11:13:32)192.168.1.250: Timeout
[893](11:13:33)[0]-- TIME:20090416-111333

[894](11:13:34)[1]-- TIME:20090416-111334

[895](11:13:35)[2]-- TIME:20090416-111335

[896](11:13:36)[3]-- TIME:20090416-111336

[897](11:13:36)192.168.1.250: Timeout
[898](11:13:37)[0]-- TIME:20090416-111337

[899](11:13:38)[1]-- TIME:20090416-111338

[900](11:13:39)[2]-- TIME:20090416-111339

[901](11:13:40)[3]-- TIME:20090416-111340

[902](11:13:40)192.168.1.250: Timeout
[903](11:13:41)[0]-- TIME:20090416-111341

[904](11:13:42)[1]-- TIME:20090416-111342

[905](11:13:43)[2]-- TIME:20090416-111343

[906](11:13:44)[3]-- TIME:20090416-111344

[907](11:13:44)192.168.1.250: Timeout
[908](11:13:45)[0]-- TIME:20090416-111345

[909](11:13:46)[1]-- TIME:20090416-111346

[910](11:13:47)[2]-- TIME:20090416-111347

[911](11:13:48)[3]-- TIME:20090416-111348

[912](11:13:48)192.168.1.250: Timeout
[913](11:13:49)[0]-- TIME:20090416-111349

[914](11:13:50)[1]-- TIME:20090416-111350

[915](11:13:51)[2]-- TIME:20090416-111351

[916](11:13:52)[3]-- TIME:20090416-111352

[917](11:13:52)192.168.1.250: Timeout
[918](11:13:53)[0]-- TIME:20090416-111353

[919](11:13:54)[1]-- TIME:20090416-111354

[920](11:13:55)[2]-- TIME:20090416-111355

[921](11:13:56)[3]-- TIME:20090416-111356

[922](11:13:56)192.168.1.250: Timeout
[923](11:13:57)[0]-- TIME:20090416-111357

[924](11:13:58)[1]-- TIME:20090416-111358

[925](11:13:59)[2]-- TIME:20090416-111359

[926](11:14:00)[3]-- TIME:20090416-111400

[927](11:14:00)192.168.1.250: Timeout
[928](11:14:01)[0]-- TIME:20090416-111401

[929](11:14:02)[1]-- TIME:20090416-111402

[930](11:14:03)[2]-- TIME:20090416-111403

[931](11:14:04)[3]-- TIME:20090416-111404

[932](11:14:04)192.168.1.250: Timeout
[933](11:14:05)[0]-- TIME:20090416-111405

[934](11:14:06)[1]-- TIME:20090416-111406

[935](11:14:07)[2]-- TIME:20090416-111407

[936](11:14:08)[3]-- TIME:20090416-111408

[937](11:14:08)192.168.1.250: Timeout
[938](11:14:09)[0]-- TIME:20090416-111409

[939](11:14:10)[1]-- TIME:20090416-111410

[940](11:14:11)[2]-- TIME:20090416-111411

[941](11:14:12)[3]-- TIME:20090416-111412

[942](11:14:12)192.168.1.250: Timeout
[943](11:14:13)[0]-- TIME:20090416-111413

[944](11:14:14)[1]-- TIME:20090416-111414

[945](11:14:15)[2]-- TIME:20090416-111415

[946](11:14:16)[3]-- TIME:20090416-111416

[947](11:14:16)192.168.1.250: Timeout
[948](11:14:17)[0]-- TIME:20090416-111417

[949](11:14:18)[1]-- TIME:20090416-111418

[950](11:14:19)[2]-- TIME:20090416-111419

[951](11:14:20)[3]-- TIME:20090416-111420

[952](11:14:20)192.168.1.250: Timeout
[953](11:14:21)[0]-- TIME:20090416-111421

[954](11:14:22)[1]-- TIME:20090416-111422

[955](11:14:23)[2]-- TIME:20090416-111423

[956](11:14:24)[3]-- TIME:20090416-111424

[957](11:14:24)192.168.1.250: Timeout
[958](11:14:25)[0]-- TIME:20090416-111425

[959](11:14:26)[1]-- TIME:20090416-111426

[960](11:14:27)[2]-- TIME:20090416-111427

[961](11:14:28)[3]-- TIME:20090416-111428

[962](11:14:28)192.168.1.250: Timeout
[963](11:14:29)[0]-- TIME:20090416-111429

[964](11:14:30)[1]-- TIME:20090416-111430

[965](11:14:31)[2]-- TIME:20090416-111431

[966](11:14:32)[3]-- TIME:20090416-111432

[967](11:14:32)192.168.1.250: Timeout
[968](11:14:33)[0]-- TIME:20090416-111433

[969](11:14:34)[1]-- TIME:20090416-111434

[970](11:14:35)[2]-- TIME:20090416-111435

[971](11:14:36)[3]-- TIME:20090416-111436

[972](11:14:36)192.168.1.250: Timeout
[973](11:14:37)[0]-- TIME:20090416-111437

[974](11:14:38)[1]-- TIME:20090416-111438

[975](11:14:39)[2]-- TIME:20090416-111439

[976](11:14:40)[3]-- TIME:20090416-111440

[977](11:14:40)192.168.1.250: Timeout
[978](11:14:41)[0]-- TIME:20090416-111441

[979](11:14:42)[1]-- TIME:20090416-111442

[980](11:14:43)[2]-- TIME:20090416-111443

[981](11:14:44)[3]-- TIME:20090416-111444

[982](11:14:44)192.168.1.250: Timeout
[983](11:14:45)[0]-- TIME:20090416-111445

[984](11:14:46)[1]-- TIME:20090416-111446

[985](11:14:47)[2]-- TIME:20090416-111447

[986](11:14:48)[3]-- TIME:20090416-111448

[987](11:14:48)192.168.1.250: Timeout
[988](11:14:49)[0]-- TIME:20090416-111449

[989](11:14:50)[1]-- TIME:20090416-111450

[990](11:14:51)[2]-- TIME:20090416-111451

[991](11:14:52)[3]-- TIME:20090416-111452

[992](11:14:52)192.168.1.250: Timeout
[993](11:14:53)[0]-- TIME:20090416-111453

[994](11:14:54)[1]-- TIME:20090416-111454

[995](11:14:55)[2]-- TIME:20090416-111455

[996](11:14:56)[3]-- TIME:20090416-111456

[997](11:14:56)192.168.1.250: Timeout
[998](11:14:57)[0]-- TIME:20090416-111457

[999](11:14:58)[1]-- TIME:20090416-111458

[1000](11:14:59)[2]-- TIME:20090416-111459
