
[0](08:11:29)======== MONITA APP STARTING ===========
[1](08:11:29)Load file konfigurasi
[2](08:11:29)Baca konfig
[3](08:11:29)Baca konfig: OK
[4](08:11:48)Mulai logging data
[5](08:11:50)[0]-- TIME:20090305-081150

[6](08:11:51)[1]-- TIME:20090305-081151

[7](08:11:52)[2]-- TIME:20090305-081152

[8](08:11:53)[3]-- TIME:20090305-081153

[9](08:11:54)[0]-- TIME:20090305-081154

[10](08:11:55)[1]-- TIME:20090305-081155

[11](08:11:56)[2]-- TIME:20090305-081156

[12](08:11:57)[3]-- TIME:20090305-081157

[13](08:11:58)[0]-- TIME:20090305-081158

[14](08:11:59)[1]-- TIME:20090305-081159

[15](08:12:00)[2]-- TIME:20090305-081200

[16](08:12:01)[3]-- TIME:20090305-081201

[17](08:12:02)[0]-- TIME:20090305-081202

[18](08:12:03)[1]-- TIME:20090305-081203

[19](08:12:04)[2]-- TIME:20090305-081204

[20](08:12:05)[3]-- TIME:20090305-081205

[21](08:12:06)[0]-- TIME:20090305-081206

[22](08:12:07)[1]-- TIME:20090305-081207

[23](08:12:08)[2]-- TIME:20090305-081208

[24](08:12:09)[3]-- TIME:20090305-081209

[25](08:12:10)[0]-- TIME:20090305-081210

[26](08:12:11)[1]-- TIME:20090305-081211

[27](08:12:12)[2]-- TIME:20090305-081212

[28](08:12:13)[3]-- TIME:20090305-081213

[29](08:12:14)[0]-- TIME:20090305-081214

[30](08:12:15)[1]-- TIME:20090305-081215

[31](08:12:16)[2]-- TIME:20090305-081216

[32](08:12:17)[3]-- TIME:20090305-081217

[33](08:12:18)[0]-- TIME:20090305-081218

[34](08:12:19)[1]-- TIME:20090305-081219

[35](08:12:19)Stop logging data
[36](08:12:20)[2]-- TIME:20090305-081220

[37](08:19:52)Mulai logging data
[38](08:19:54)[0]-- TIME:20090305-081954

[39](08:19:55)[1]-- TIME:20090305-081955

[40](08:19:56)[2]-- TIME:20090305-081956

[41](08:19:57)[3]-- TIME:20090305-081957

[42](08:19:58)[0]-- TIME:20090305-081958

[43](08:19:59)[1]-- TIME:20090305-081959

[44](08:20:00)[2]-- TIME:20090305-082000

[45](08:20:01)[3]-- TIME:20090305-082001

[46](08:20:02)[0]-- TIME:20090305-082002

[47](08:20:03)[1]-- TIME:20090305-082003

[48](08:20:04)[2]-- TIME:20090305-082004

[49](08:20:05)[3]-- TIME:20090305-082005

[50](08:20:06)[0]-- TIME:20090305-082006

[51](08:20:07)[1]-- TIME:20090305-082007

[52](08:20:08)[2]-- TIME:20090305-082008

[53](08:20:09)[3]-- TIME:20090305-082009

[54](08:20:10)[0]-- TIME:20090305-082010

[55](08:20:11)[1]-- TIME:20090305-082011

[56](08:20:12)[2]-- TIME:20090305-082012

[57](08:20:13)[3]-- TIME:20090305-082013

[58](08:20:14)[0]-- TIME:20090305-082014

[59](08:20:15)[1]-- TIME:20090305-082015

[60](08:20:16)[2]-- TIME:20090305-082016

[61](08:20:17)[3]-- TIME:20090305-082017

[62](08:20:18)[0]-- TIME:20090305-082018

[63](08:20:19)[1]-- TIME:20090305-082019

[64](08:20:20)[2]-- TIME:20090305-082020

[65](08:20:21)[3]-- TIME:20090305-082021

[66](08:20:22)[0]-- TIME:20090305-082022

[67](08:20:23)[1]-- TIME:20090305-082023

[68](08:20:24)[2]-- TIME:20090305-082024

[69](08:20:25)[3]-- TIME:20090305-082025

[70](08:20:26)[0]-- TIME:20090305-082026

[71](08:20:27)[1]-- TIME:20090305-082027

[72](08:20:28)[2]-- TIME:20090305-082028

[73](08:20:29)[3]-- TIME:20090305-082029

[74](08:20:30)[0]-- TIME:20090305-082030

[75](08:20:31)[1]-- TIME:20090305-082031

[76](08:20:32)[2]-- TIME:20090305-082032

[77](08:20:33)[3]-- TIME:20090305-082033

[78](08:20:34)[0]-- TIME:20090305-082034

[79](08:20:35)[1]-- TIME:20090305-082035

[80](08:20:36)[2]-- TIME:20090305-082036

[81](08:20:37)[3]-- TIME:20090305-082037

[82](08:20:38)[0]-- TIME:20090305-082038

[83](08:20:39)[1]-- TIME:20090305-082039

[84](08:20:40)[2]-- TIME:20090305-082040

[85](08:20:41)[3]-- TIME:20090305-082041

[86](08:20:42)[0]-- TIME:20090305-082042

[87](08:20:43)[1]-- TIME:20090305-082043

[88](08:20:44)[2]-- TIME:20090305-082044

[89](08:20:45)[3]-- TIME:20090305-082045

[90](08:20:46)[0]-- TIME:20090305-082046

[91](08:20:47)[1]-- TIME:20090305-082047

[92](08:20:48)[2]-- TIME:20090305-082048

[93](08:20:49)[3]-- TIME:20090305-082049

[94](08:20:50)[0]-- TIME:20090305-082050

[95](08:20:51)[1]-- TIME:20090305-082051

[96](08:20:52)[2]-- TIME:20090305-082052

[97](08:20:53)[3]-- TIME:20090305-082053

[98](08:20:54)[0]-- TIME:20090305-082054

[99](08:20:55)[1]-- TIME:20090305-082055

[100](08:20:56)[2]-- TIME:20090305-082056

[101](08:20:57)[3]-- TIME:20090305-082057

[102](08:20:58)[0]-- TIME:20090305-082058

[103](08:20:59)[1]-- TIME:20090305-082059

[104](08:21:00)[2]-- TIME:20090305-082100

[105](08:21:01)[3]-- TIME:20090305-082101

[106](08:21:02)[0]-- TIME:20090305-082102

[107](08:21:03)[1]-- TIME:20090305-082103

[108](08:21:04)[2]-- TIME:20090305-082104

[109](08:21:05)[3]-- TIME:20090305-082105

[110](08:21:06)[0]-- TIME:20090305-082106

[111](08:21:07)[1]-- TIME:20090305-082107

[112](08:21:08)[2]-- TIME:20090305-082108

[113](08:21:09)[3]-- TIME:20090305-082109

[114](08:21:10)[0]-- TIME:20090305-082110

[115](08:21:11)[1]-- TIME:20090305-082111

[116](08:21:12)[2]-- TIME:20090305-082112

[117](08:21:13)[3]-- TIME:20090305-082113

[118](08:21:14)[0]-- TIME:20090305-082114

[119](08:21:15)[1]-- TIME:20090305-082115

[120](08:21:16)[2]-- TIME:20090305-082116

[121](08:21:17)[3]-- TIME:20090305-082117

[122](08:21:18)[0]-- TIME:20090305-082118

[123](08:21:19)[1]-- TIME:20090305-082119

[124](08:21:20)[2]-- TIME:20090305-082120

[125](08:21:21)[3]-- TIME:20090305-082121

[126](08:21:22)[0]-- TIME:20090305-082122

[127](08:21:23)[1]-- TIME:20090305-082123

[128](08:21:24)[2]-- TIME:20090305-082124

[129](08:21:25)[3]-- TIME:20090305-082125

[130](08:21:26)[0]-- TIME:20090305-082126

[131](08:21:27)[1]-- TIME:20090305-082127

[132](08:21:28)[2]-- TIME:20090305-082128

[133](08:21:29)[3]-- TIME:20090305-082129

[134](08:21:30)[0]-- TIME:20090305-082130

[135](08:21:31)[1]-- TIME:20090305-082131

[136](08:21:32)[2]-- TIME:20090305-082132

[137](08:21:33)[3]-- TIME:20090305-082133

[138](08:21:34)[0]-- TIME:20090305-082134

[139](08:21:35)[1]-- TIME:20090305-082135

[140](08:21:36)[2]-- TIME:20090305-082136

[141](08:21:37)[3]-- TIME:20090305-082137

[142](08:21:38)[0]-- TIME:20090305-082138

[143](08:21:39)[1]-- TIME:20090305-082139

[144](08:21:40)[2]-- TIME:20090305-082140

[145](08:21:41)[3]-- TIME:20090305-082141

[146](08:21:42)[0]-- TIME:20090305-082142

[147](08:21:43)[1]-- TIME:20090305-082143

[148](08:21:44)[2]-- TIME:20090305-082144

[149](08:21:45)[3]-- TIME:20090305-082145

[150](08:21:46)[0]-- TIME:20090305-082146

[151](08:21:47)[1]-- TIME:20090305-082147

[152](08:21:48)[2]-- TIME:20090305-082148

[153](08:21:49)[3]-- TIME:20090305-082149

[154](08:21:50)[0]-- TIME:20090305-082150

[155](08:21:51)[1]-- TIME:20090305-082151

[156](08:21:52)[2]-- TIME:20090305-082152

[157](08:21:53)[3]-- TIME:20090305-082153

[158](08:21:54)[0]-- TIME:20090305-082154

[159](08:21:55)[1]-- TIME:20090305-082155

[160](08:21:56)[2]-- TIME:20090305-082156

[161](08:21:57)[3]-- TIME:20090305-082157

[162](08:21:58)[0]-- TIME:20090305-082158

[163](08:21:59)[1]-- TIME:20090305-082159

[164](08:22:00)[2]-- TIME:20090305-082200

[165](08:22:01)[3]-- TIME:20090305-082201

[166](08:22:02)[0]-- TIME:20090305-082202

[167](08:22:03)[1]-- TIME:20090305-082203

[168](08:22:04)[2]-- TIME:20090305-082204

[169](08:22:05)[3]-- TIME:20090305-082205

[170](08:22:06)[0]-- TIME:20090305-082206

[171](08:22:07)[1]-- TIME:20090305-082207

[172](08:22:08)[2]-- TIME:20090305-082208

[173](08:22:09)[3]-- TIME:20090305-082209

[174](08:22:10)[0]-- TIME:20090305-082210

[175](08:22:11)[1]-- TIME:20090305-082211

[176](08:22:12)[2]-- TIME:20090305-082212

[177](08:22:13)[3]-- TIME:20090305-082213

[178](08:22:14)[0]-- TIME:20090305-082214

[179](08:22:15)[1]-- TIME:20090305-082215

[180](08:22:16)[2]-- TIME:20090305-082216

[181](08:22:17)[3]-- TIME:20090305-082217

[182](08:22:18)[0]-- TIME:20090305-082218

[183](08:22:19)[1]-- TIME:20090305-082219

[184](08:22:20)[2]-- TIME:20090305-082220

[185](08:22:21)[3]-- TIME:20090305-082221

[186](08:22:22)[0]-- TIME:20090305-082222

[187](08:22:23)[1]-- TIME:20090305-082223

[188](08:22:24)[2]-- TIME:20090305-082224

[189](08:22:25)[3]-- TIME:20090305-082225

[190](08:22:26)[0]-- TIME:20090305-082226

[191](08:22:27)[1]-- TIME:20090305-082227

[192](08:22:28)[2]-- TIME:20090305-082228

[193](08:22:29)[3]-- TIME:20090305-082229

[194](08:22:30)[0]-- TIME:20090305-082230

[195](08:22:31)[1]-- TIME:20090305-082231

[196](08:22:32)[2]-- TIME:20090305-082232

[197](08:22:33)[3]-- TIME:20090305-082233

[198](08:22:34)[0]-- TIME:20090305-082234

[199](08:22:35)[1]-- TIME:20090305-082235

[200](08:22:36)[2]-- TIME:20090305-082236

[201](08:22:37)[3]-- TIME:20090305-082237

[202](08:22:38)[0]-- TIME:20090305-082238

[203](08:22:39)[1]-- TIME:20090305-082239

[204](08:22:40)[2]-- TIME:20090305-082240

[205](08:22:41)[3]-- TIME:20090305-082241

[206](08:22:42)[0]-- TIME:20090305-082242

[207](08:22:43)[1]-- TIME:20090305-082243

[208](08:22:44)[2]-- TIME:20090305-082244

[209](08:22:45)[3]-- TIME:20090305-082245

[210](08:22:46)[0]-- TIME:20090305-082246

[211](08:22:47)[1]-- TIME:20090305-082247

[212](08:22:48)[2]-- TIME:20090305-082248

[213](08:22:49)[3]-- TIME:20090305-082249

[214](08:22:50)[0]-- TIME:20090305-082250

[215](08:22:51)[1]-- TIME:20090305-082251

[216](08:22:52)[2]-- TIME:20090305-082252

[217](08:22:53)[3]-- TIME:20090305-082253

[218](08:22:54)[0]-- TIME:20090305-082254

[219](08:22:55)[1]-- TIME:20090305-082255

[220](08:22:56)[2]-- TIME:20090305-082256

[221](08:22:57)[3]-- TIME:20090305-082257

[222](08:22:58)[0]-- TIME:20090305-082258

[223](08:22:59)[1]-- TIME:20090305-082259

[224](08:23:00)[2]-- TIME:20090305-082300

[225](08:23:01)[3]-- TIME:20090305-082301

[226](08:23:02)[0]-- TIME:20090305-082302

[227](08:23:03)[1]-- TIME:20090305-082303

[228](08:23:04)[2]-- TIME:20090305-082304

[229](08:23:05)[3]-- TIME:20090305-082305

[230](08:23:06)[0]-- TIME:20090305-082306

[231](08:23:07)[1]-- TIME:20090305-082307

[232](08:23:08)[2]-- TIME:20090305-082308

[233](08:23:09)[3]-- TIME:20090305-082309

[234](08:23:10)[0]-- TIME:20090305-082310

[235](08:23:11)[1]-- TIME:20090305-082311

[236](08:23:12)[2]-- TIME:20090305-082312

[237](08:23:13)[3]-- TIME:20090305-082313

[238](08:23:14)[0]-- TIME:20090305-082314

[239](08:23:15)[1]-- TIME:20090305-082315

[240](08:23:16)[2]-- TIME:20090305-082316

[241](08:23:17)[3]-- TIME:20090305-082317

[242](08:23:18)[0]-- TIME:20090305-082318

[243](08:23:19)[1]-- TIME:20090305-082319

[244](08:23:20)[2]-- TIME:20090305-082320

[245](08:23:21)[3]-- TIME:20090305-082321

[246](08:23:22)[0]-- TIME:20090305-082322

[247](08:23:23)[1]-- TIME:20090305-082323

[248](08:23:24)[2]-- TIME:20090305-082324

[249](08:23:25)[3]-- TIME:20090305-082325

[250](08:23:26)[0]-- TIME:20090305-082326

[251](08:23:27)[1]-- TIME:20090305-082327

[252](08:23:28)[2]-- TIME:20090305-082328

[253](08:23:29)[3]-- TIME:20090305-082329

[254](08:23:30)[0]-- TIME:20090305-082330

[255](08:23:31)[1]-- TIME:20090305-082331

[256](08:23:32)[2]-- TIME:20090305-082332

[257](08:23:33)[3]-- TIME:20090305-082333

[258](08:23:34)[0]-- TIME:20090305-082334

[259](08:23:35)[1]-- TIME:20090305-082335

[260](08:23:36)[2]-- TIME:20090305-082336

[261](08:23:37)[3]-- TIME:20090305-082337

[262](08:23:38)[0]-- TIME:20090305-082338

[263](08:23:39)[1]-- TIME:20090305-082339

[264](08:23:40)[2]-- TIME:20090305-082340

[265](08:23:41)[3]-- TIME:20090305-082341

[266](08:23:42)[0]-- TIME:20090305-082342

[267](08:23:43)[1]-- TIME:20090305-082343

[268](08:23:44)[2]-- TIME:20090305-082344

[269](08:23:45)[3]-- TIME:20090305-082345

[270](08:23:46)[0]-- TIME:20090305-082346

[271](08:23:47)[1]-- TIME:20090305-082347

[272](08:23:48)[2]-- TIME:20090305-082348

[273](08:23:49)[3]-- TIME:20090305-082349

[274](08:23:50)[0]-- TIME:20090305-082350

[275](08:23:51)[1]-- TIME:20090305-082351

[276](08:23:52)[2]-- TIME:20090305-082352

[277](08:23:53)[3]-- TIME:20090305-082353

[278](08:23:54)[0]-- TIME:20090305-082354

[279](08:23:55)[1]-- TIME:20090305-082355

[280](08:23:56)[2]-- TIME:20090305-082356

[281](08:23:57)[3]-- TIME:20090305-082357

[282](08:23:58)[0]-- TIME:20090305-082358

[283](08:23:59)[1]-- TIME:20090305-082359

[284](08:24:00)[2]-- TIME:20090305-082400

[285](08:24:01)[3]-- TIME:20090305-082401

[286](08:24:02)[0]-- TIME:20090305-082402

[287](08:24:03)[1]-- TIME:20090305-082403

[288](08:24:04)[2]-- TIME:20090305-082404

[289](08:24:05)[3]-- TIME:20090305-082405

[290](08:24:06)[0]-- TIME:20090305-082406

[291](08:24:07)[1]-- TIME:20090305-082407

[292](08:24:08)[2]-- TIME:20090305-082408

[293](08:24:09)[3]-- TIME:20090305-082409

[294](08:24:10)[0]-- TIME:20090305-082410

[295](08:24:11)[1]-- TIME:20090305-082411

[296](08:24:12)[2]-- TIME:20090305-082412

[297](08:24:13)[3]-- TIME:20090305-082413

[298](08:24:14)[0]-- TIME:20090305-082414

[299](08:24:15)[1]-- TIME:20090305-082415

[300](08:24:16)[2]-- TIME:20090305-082416

[301](08:24:17)[3]-- TIME:20090305-082417

[302](08:24:18)[0]-- TIME:20090305-082418

[303](08:24:19)[1]-- TIME:20090305-082419

[304](08:24:20)[2]-- TIME:20090305-082420

[305](08:24:21)[3]-- TIME:20090305-082421

[306](08:24:22)[0]-- TIME:20090305-082422

[307](08:24:23)[1]-- TIME:20090305-082423

[308](08:24:24)[2]-- TIME:20090305-082424

[309](08:24:25)[3]-- TIME:20090305-082425

[310](08:24:26)[0]-- TIME:20090305-082426

[311](08:24:27)[1]-- TIME:20090305-082427

[312](08:24:28)[2]-- TIME:20090305-082428

[313](08:24:29)[3]-- TIME:20090305-082429

[314](08:24:30)[0]-- TIME:20090305-082430

[315](08:24:31)[1]-- TIME:20090305-082431

[316](08:24:32)[2]-- TIME:20090305-082432

[317](08:24:33)[3]-- TIME:20090305-082433

[318](08:24:34)[0]-- TIME:20090305-082434

[319](08:24:35)[1]-- TIME:20090305-082435

[320](08:24:36)[2]-- TIME:20090305-082436

[321](08:24:37)[3]-- TIME:20090305-082437

[322](08:24:38)[0]-- TIME:20090305-082438

[323](08:24:39)[1]-- TIME:20090305-082439

[324](08:24:40)[2]-- TIME:20090305-082440

[325](08:24:41)[3]-- TIME:20090305-082441

[326](08:24:42)[0]-- TIME:20090305-082442

[327](08:24:43)[1]-- TIME:20090305-082443

[328](08:24:44)[2]-- TIME:20090305-082444

[329](08:24:45)[3]-- TIME:20090305-082445

[330](08:24:46)[0]-- TIME:20090305-082446

[331](08:24:47)[1]-- TIME:20090305-082447

[332](08:24:48)[2]-- TIME:20090305-082448

[333](08:24:49)[3]-- TIME:20090305-082449

[334](08:24:50)[0]-- TIME:20090305-082450

[335](08:24:51)[1]-- TIME:20090305-082451

[336](08:24:52)[2]-- TIME:20090305-082452

[337](08:24:53)[3]-- TIME:20090305-082453

[338](08:24:54)[0]-- TIME:20090305-082454

[339](08:24:55)[1]-- TIME:20090305-082455

[340](08:24:56)[2]-- TIME:20090305-082456

[341](08:24:57)[3]-- TIME:20090305-082457

[342](08:24:58)[0]-- TIME:20090305-082458

[343](08:24:59)[1]-- TIME:20090305-082459

[344](08:25:00)[2]-- TIME:20090305-082500

[345](08:25:01)[3]-- TIME:20090305-082501

[346](08:25:02)[0]-- TIME:20090305-082502

[347](08:25:03)[1]-- TIME:20090305-082503

[348](08:25:04)[2]-- TIME:20090305-082504

[349](08:25:05)[3]-- TIME:20090305-082505

[350](08:25:06)[0]-- TIME:20090305-082506

[351](08:25:07)[1]-- TIME:20090305-082507

[352](08:25:08)[2]-- TIME:20090305-082508

[353](08:25:09)[3]-- TIME:20090305-082509

[354](08:25:10)[0]-- TIME:20090305-082510

[355](08:25:11)[1]-- TIME:20090305-082511

[356](08:25:12)[2]-- TIME:20090305-082512

[357](08:25:13)[3]-- TIME:20090305-082513

[358](08:25:14)[0]-- TIME:20090305-082514

[359](08:25:15)[1]-- TIME:20090305-082515

[360](08:25:16)[2]-- TIME:20090305-082516

[361](08:25:17)[3]-- TIME:20090305-082517

[362](08:25:18)[0]-- TIME:20090305-082518

[363](08:25:19)[1]-- TIME:20090305-082519

[364](08:25:20)[2]-- TIME:20090305-082520

[365](08:25:21)[3]-- TIME:20090305-082521

[366](08:25:22)[0]-- TIME:20090305-082522

[367](08:25:23)[1]-- TIME:20090305-082523

[368](08:25:24)[2]-- TIME:20090305-082524

[369](08:25:25)[3]-- TIME:20090305-082525

[370](08:25:26)[0]-- TIME:20090305-082526

[371](08:25:27)[1]-- TIME:20090305-082527

[372](08:25:28)[2]-- TIME:20090305-082528

[373](08:25:29)[3]-- TIME:20090305-082529

[374](08:25:30)[0]-- TIME:20090305-082530

[375](08:25:31)[1]-- TIME:20090305-082531

[376](08:25:32)[2]-- TIME:20090305-082532

[377](08:25:33)[3]-- TIME:20090305-082533

[378](08:25:34)[0]-- TIME:20090305-082534

[379](08:25:35)[1]-- TIME:20090305-082535

[380](08:25:36)[2]-- TIME:20090305-082536

[381](08:25:37)[3]-- TIME:20090305-082537

[382](08:25:38)[0]-- TIME:20090305-082538

[383](08:25:39)[1]-- TIME:20090305-082539

[384](08:25:40)[2]-- TIME:20090305-082540

[385](08:25:41)[3]-- TIME:20090305-082541

[386](08:25:42)[0]-- TIME:20090305-082542

[387](08:25:43)[1]-- TIME:20090305-082543

[388](08:25:44)[2]-- TIME:20090305-082544

[389](08:25:45)[3]-- TIME:20090305-082545

[390](08:25:46)[0]-- TIME:20090305-082546

[391](08:25:47)[1]-- TIME:20090305-082547

[392](08:25:48)[2]-- TIME:20090305-082548

[393](08:25:49)[3]-- TIME:20090305-082549

[394](08:25:50)[0]-- TIME:20090305-082550

[395](08:25:51)[1]-- TIME:20090305-082551

[396](08:25:52)[2]-- TIME:20090305-082552

[397](08:25:53)[3]-- TIME:20090305-082553

[398](08:25:54)[0]-- TIME:20090305-082554

[399](08:25:55)[1]-- TIME:20090305-082555

[400](08:25:56)[2]-- TIME:20090305-082556

[401](08:25:57)[3]-- TIME:20090305-082557

[402](08:25:58)[0]-- TIME:20090305-082558

[403](08:25:59)[1]-- TIME:20090305-082559

[404](08:26:00)[2]-- TIME:20090305-082600

[405](08:26:01)[3]-- TIME:20090305-082601

[406](08:26:02)[0]-- TIME:20090305-082602

[407](08:26:03)[1]-- TIME:20090305-082603

[408](08:26:04)[2]-- TIME:20090305-082604

[409](08:26:05)[3]-- TIME:20090305-082605

[410](08:26:06)[0]-- TIME:20090305-082606

[411](08:26:07)[1]-- TIME:20090305-082607

[412](08:26:08)[2]-- TIME:20090305-082608

[413](08:26:09)[3]-- TIME:20090305-082609

[414](08:26:10)[0]-- TIME:20090305-082610

[415](08:26:11)[1]-- TIME:20090305-082611

[416](08:26:12)[2]-- TIME:20090305-082612

[417](08:26:13)[3]-- TIME:20090305-082613

[418](08:26:14)[0]-- TIME:20090305-082614

[419](08:26:15)[1]-- TIME:20090305-082615

[420](08:26:16)[2]-- TIME:20090305-082616

[421](08:26:17)[3]-- TIME:20090305-082617

[422](08:26:18)[0]-- TIME:20090305-082618

[423](08:26:19)[1]-- TIME:20090305-082619

[424](08:26:20)[2]-- TIME:20090305-082620

[425](08:26:21)[3]-- TIME:20090305-082621

[426](08:26:22)[0]-- TIME:20090305-082622

[427](08:26:23)[1]-- TIME:20090305-082623

[428](08:26:24)[2]-- TIME:20090305-082624

[429](08:26:25)[3]-- TIME:20090305-082625

[430](08:26:26)[0]-- TIME:20090305-082626

[431](08:26:27)[1]-- TIME:20090305-082627

[432](08:26:28)[2]-- TIME:20090305-082628

[433](08:26:29)[3]-- TIME:20090305-082629

[434](08:26:30)[0]-- TIME:20090305-082630

[435](08:26:31)[1]-- TIME:20090305-082631

[436](08:26:32)[2]-- TIME:20090305-082632

[437](08:26:33)[3]-- TIME:20090305-082633

[438](08:26:34)[0]-- TIME:20090305-082634

[439](08:26:35)[1]-- TIME:20090305-082635

[440](08:26:36)[2]-- TIME:20090305-082636

[441](08:26:37)[3]-- TIME:20090305-082637

[442](08:26:38)[0]-- TIME:20090305-082638

[443](08:26:39)[1]-- TIME:20090305-082639

[444](08:26:40)[2]-- TIME:20090305-082640

[445](08:26:41)[3]-- TIME:20090305-082641

[446](08:26:42)[0]-- TIME:20090305-082642

[447](08:26:43)[1]-- TIME:20090305-082643

[448](08:26:44)[2]-- TIME:20090305-082644

[449](08:26:45)[3]-- TIME:20090305-082645

[450](08:26:46)[0]-- TIME:20090305-082646

[451](08:26:47)[1]-- TIME:20090305-082647

[452](08:26:48)[2]-- TIME:20090305-082648

[453](08:26:49)[3]-- TIME:20090305-082649

[454](08:26:50)[0]-- TIME:20090305-082650

[455](08:26:51)[1]-- TIME:20090305-082651

[456](08:26:52)[2]-- TIME:20090305-082652

[457](08:26:53)[3]-- TIME:20090305-082653

[458](08:26:54)[0]-- TIME:20090305-082654

[459](08:26:55)[1]-- TIME:20090305-082655

[460](08:26:56)[2]-- TIME:20090305-082656

[461](08:26:57)[3]-- TIME:20090305-082657

[462](08:26:58)[0]-- TIME:20090305-082658

[463](08:26:59)[1]-- TIME:20090305-082659

[464](08:27:00)[2]-- TIME:20090305-082700

[465](08:27:01)[3]-- TIME:20090305-082701

[466](08:27:02)[0]-- TIME:20090305-082702

[467](08:27:03)[1]-- TIME:20090305-082703

[468](08:27:04)[2]-- TIME:20090305-082704

[469](08:27:05)[3]-- TIME:20090305-082705

[470](08:27:06)[0]-- TIME:20090305-082706

[471](08:27:07)[1]-- TIME:20090305-082707

[472](08:27:08)[2]-- TIME:20090305-082708

[473](08:27:09)[3]-- TIME:20090305-082709

[474](08:27:10)[0]-- TIME:20090305-082710

[475](08:27:11)[1]-- TIME:20090305-082711

[476](08:27:12)[2]-- TIME:20090305-082712

[477](08:27:13)[3]-- TIME:20090305-082713

[478](08:27:14)[0]-- TIME:20090305-082714

[479](08:27:15)[1]-- TIME:20090305-082715

[480](08:27:16)[2]-- TIME:20090305-082716

[481](08:27:17)[3]-- TIME:20090305-082717

[482](08:27:18)[0]-- TIME:20090305-082718

[483](08:27:19)[1]-- TIME:20090305-082719

[484](08:27:20)[2]-- TIME:20090305-082720

[485](08:27:21)[3]-- TIME:20090305-082721

[486](08:27:22)[0]-- TIME:20090305-082722

[487](08:27:23)[1]-- TIME:20090305-082723

[488](08:27:24)[2]-- TIME:20090305-082724

[489](08:27:25)[3]-- TIME:20090305-082725

[490](08:27:26)[0]-- TIME:20090305-082726

[491](08:27:27)[1]-- TIME:20090305-082727

[492](08:27:28)[2]-- TIME:20090305-082728

[493](08:27:29)[3]-- TIME:20090305-082729

[494](08:27:30)[0]-- TIME:20090305-082730

[495](08:27:31)[1]-- TIME:20090305-082731

[496](08:27:32)[2]-- TIME:20090305-082732

[497](08:27:33)[3]-- TIME:20090305-082733

[498](08:27:34)[0]-- TIME:20090305-082734

[499](08:27:35)[1]-- TIME:20090305-082735

[500](08:27:36)[2]-- TIME:20090305-082736

[501](08:27:37)[3]-- TIME:20090305-082737

[502](08:27:38)[0]-- TIME:20090305-082738

[503](08:27:39)[1]-- TIME:20090305-082739

[504](08:27:40)[2]-- TIME:20090305-082740

[505](08:27:41)[3]-- TIME:20090305-082741

[506](08:27:42)[0]-- TIME:20090305-082742

[507](08:27:43)[1]-- TIME:20090305-082743

[508](08:27:44)[2]-- TIME:20090305-082744

[509](08:27:45)[3]-- TIME:20090305-082745

[510](08:27:46)[0]-- TIME:20090305-082746

[511](08:27:47)[1]-- TIME:20090305-082747

[512](08:27:48)[2]-- TIME:20090305-082748

[513](08:27:49)[3]-- TIME:20090305-082749

[514](08:27:50)[0]-- TIME:20090305-082750

[515](08:27:51)[1]-- TIME:20090305-082751

[516](08:27:52)[2]-- TIME:20090305-082752

[517](08:27:53)[3]-- TIME:20090305-082753

[518](08:27:54)[0]-- TIME:20090305-082754

[519](08:27:55)[1]-- TIME:20090305-082755

[520](08:27:56)[2]-- TIME:20090305-082756

[521](08:27:57)[3]-- TIME:20090305-082757

[522](08:27:58)[0]-- TIME:20090305-082758

[523](08:27:59)[1]-- TIME:20090305-082759

[524](08:28:00)[2]-- TIME:20090305-082800

[525](08:28:01)[3]-- TIME:20090305-082801

[526](08:28:02)[0]-- TIME:20090305-082802

[527](08:28:03)[1]-- TIME:20090305-082803

[528](08:28:04)[2]-- TIME:20090305-082804

[529](08:28:05)[3]-- TIME:20090305-082805

[530](08:28:06)[0]-- TIME:20090305-082806

[531](08:28:07)[1]-- TIME:20090305-082807

[532](08:28:08)[2]-- TIME:20090305-082808

[533](08:28:09)[3]-- TIME:20090305-082809

[534](08:28:10)[0]-- TIME:20090305-082810

[535](08:28:11)[1]-- TIME:20090305-082811

[536](08:28:12)[2]-- TIME:20090305-082812

[537](08:28:13)[3]-- TIME:20090305-082813

[538](08:28:14)[0]-- TIME:20090305-082814

[539](08:28:15)[1]-- TIME:20090305-082815

[540](08:28:16)[2]-- TIME:20090305-082816

[541](08:28:17)[3]-- TIME:20090305-082817

[542](08:28:18)[0]-- TIME:20090305-082818

[543](08:28:19)[1]-- TIME:20090305-082819

[544](08:28:20)[2]-- TIME:20090305-082820

[545](08:28:21)[3]-- TIME:20090305-082821

[546](08:28:22)[0]-- TIME:20090305-082822

[547](08:28:23)[1]-- TIME:20090305-082823

[548](08:28:24)[2]-- TIME:20090305-082824

[549](08:28:25)[3]-- TIME:20090305-082825

[550](08:28:26)[0]-- TIME:20090305-082826

[551](08:28:27)[1]-- TIME:20090305-082827

[552](08:28:28)[2]-- TIME:20090305-082828

[553](08:28:29)[3]-- TIME:20090305-082829

[554](08:28:30)[0]-- TIME:20090305-082830

[555](08:28:31)[1]-- TIME:20090305-082831

[556](08:28:32)[2]-- TIME:20090305-082832

[557](08:28:33)[3]-- TIME:20090305-082833

[558](08:28:34)[0]-- TIME:20090305-082834

[559](08:28:35)[1]-- TIME:20090305-082835

[560](08:28:36)[2]-- TIME:20090305-082836

[561](08:28:37)[3]-- TIME:20090305-082837

[562](08:28:38)[0]-- TIME:20090305-082838

[563](08:28:39)[1]-- TIME:20090305-082839

[564](08:28:40)[2]-- TIME:20090305-082840

[565](08:28:41)[3]-- TIME:20090305-082841

[566](08:28:42)[0]-- TIME:20090305-082842

[567](08:28:43)[1]-- TIME:20090305-082843

[568](08:28:44)[2]-- TIME:20090305-082844

[569](08:28:45)[3]-- TIME:20090305-082845

[570](08:28:46)[0]-- TIME:20090305-082846

[571](08:28:47)[1]-- TIME:20090305-082847

[572](08:28:48)[2]-- TIME:20090305-082848

[573](08:28:49)[3]-- TIME:20090305-082849

[574](08:28:50)[0]-- TIME:20090305-082850

[575](08:28:51)[1]-- TIME:20090305-082851

[576](08:28:52)[2]-- TIME:20090305-082852

[577](08:28:53)[3]-- TIME:20090305-082853

[578](08:28:54)[0]-- TIME:20090305-082854

[579](08:28:55)[1]-- TIME:20090305-082855

[580](08:28:56)[2]-- TIME:20090305-082856

[581](08:28:57)[3]-- TIME:20090305-082857

[582](08:28:58)[0]-- TIME:20090305-082858

[583](08:28:59)[1]-- TIME:20090305-082859

[584](08:29:00)[2]-- TIME:20090305-082900

[585](08:29:01)[3]-- TIME:20090305-082901

[586](08:29:02)[0]-- TIME:20090305-082902

[587](08:29:03)[1]-- TIME:20090305-082903

[588](08:29:04)[2]-- TIME:20090305-082904

[589](08:29:05)[3]-- TIME:20090305-082905

[590](08:29:06)[0]-- TIME:20090305-082906

[591](08:29:07)[1]-- TIME:20090305-082907

[592](08:29:08)[2]-- TIME:20090305-082908

[593](08:29:09)[3]-- TIME:20090305-082909

[594](08:29:10)[0]-- TIME:20090305-082910

[595](08:29:11)[1]-- TIME:20090305-082911

[596](08:29:12)[2]-- TIME:20090305-082912

[597](08:29:13)[3]-- TIME:20090305-082913

[598](08:29:14)[0]-- TIME:20090305-082914

[599](08:29:15)[1]-- TIME:20090305-082915

[600](08:29:16)[2]-- TIME:20090305-082916

[601](08:29:17)[3]-- TIME:20090305-082917

[602](08:29:18)[0]-- TIME:20090305-082918

[603](08:29:19)[1]-- TIME:20090305-082919

[604](08:29:20)[2]-- TIME:20090305-082920

[605](08:29:21)[3]-- TIME:20090305-082921

[606](08:29:22)[0]-- TIME:20090305-082922

[607](08:29:23)[1]-- TIME:20090305-082923

[608](08:29:24)[2]-- TIME:20090305-082924

[609](08:29:25)[3]-- TIME:20090305-082925

[610](08:29:26)[0]-- TIME:20090305-082926

[611](08:29:27)[1]-- TIME:20090305-082927

[612](08:29:28)[2]-- TIME:20090305-082928

[613](08:29:29)[3]-- TIME:20090305-082929

[614](08:29:30)[0]-- TIME:20090305-082930

[615](08:29:31)[1]-- TIME:20090305-082931

[616](08:29:32)[2]-- TIME:20090305-082932

[617](08:29:33)[3]-- TIME:20090305-082933

[618](08:29:34)[0]-- TIME:20090305-082934

[619](08:29:35)[1]-- TIME:20090305-082935

[620](08:29:36)[2]-- TIME:20090305-082936

[621](08:29:37)[3]-- TIME:20090305-082937

[622](08:29:38)[0]-- TIME:20090305-082938

[623](08:29:39)[1]-- TIME:20090305-082939

[624](08:29:40)[2]-- TIME:20090305-082940

[625](08:29:41)[3]-- TIME:20090305-082941

[626](08:29:42)[0]-- TIME:20090305-082942

[627](08:29:43)[1]-- TIME:20090305-082943

[628](08:29:44)[2]-- TIME:20090305-082944

[629](08:29:45)[3]-- TIME:20090305-082945

[630](08:29:46)[0]-- TIME:20090305-082946

[631](08:29:47)[1]-- TIME:20090305-082947

[632](08:29:48)[2]-- TIME:20090305-082948

[633](08:29:49)[3]-- TIME:20090305-082949

[634](08:29:50)[0]-- TIME:20090305-082950

[635](08:29:51)[1]-- TIME:20090305-082951

[636](08:29:52)[2]-- TIME:20090305-082952

[637](08:29:53)[3]-- TIME:20090305-082953

[638](08:29:54)[0]-- TIME:20090305-082954

[639](08:29:55)[1]-- TIME:20090305-082955

[640](08:29:56)[2]-- TIME:20090305-082956

[641](08:29:57)[3]-- TIME:20090305-082957

[642](08:29:58)[0]-- TIME:20090305-082958

[643](08:29:59)[1]-- TIME:20090305-082959

[644](08:30:00)[2]-- TIME:20090305-083000

[645](08:30:01)[3]-- TIME:20090305-083001

[646](08:30:02)[0]-- TIME:20090305-083002

[647](08:30:03)[1]-- TIME:20090305-083003

[648](08:30:04)[2]-- TIME:20090305-083004

[649](08:30:05)[3]-- TIME:20090305-083005

[650](08:30:06)[0]-- TIME:20090305-083006

[651](08:30:07)[1]-- TIME:20090305-083007

[652](08:30:08)[2]-- TIME:20090305-083008

[653](08:30:09)[3]-- TIME:20090305-083009

[654](08:30:10)[0]-- TIME:20090305-083010

[655](08:30:11)[1]-- TIME:20090305-083011

[656](08:30:12)[2]-- TIME:20090305-083012

[657](08:30:13)[3]-- TIME:20090305-083013

[658](08:30:14)[0]-- TIME:20090305-083014

[659](08:30:15)[1]-- TIME:20090305-083015

[660](08:30:16)[2]-- TIME:20090305-083016

[661](08:30:17)[3]-- TIME:20090305-083017

[662](08:30:18)[0]-- TIME:20090305-083018

[663](08:30:19)[1]-- TIME:20090305-083019

[664](08:30:20)[2]-- TIME:20090305-083020

[665](08:30:21)[3]-- TIME:20090305-083021

[666](08:30:22)[0]-- TIME:20090305-083022

[667](08:30:23)[1]-- TIME:20090305-083023

[668](08:30:24)[2]-- TIME:20090305-083024

[669](08:30:25)[3]-- TIME:20090305-083025

[670](08:30:26)[0]-- TIME:20090305-083026

[671](08:30:27)[1]-- TIME:20090305-083027

[672](08:30:28)[2]-- TIME:20090305-083028

[673](08:30:29)[3]-- TIME:20090305-083029

[674](08:30:30)[0]-- TIME:20090305-083030

[675](08:30:31)[1]-- TIME:20090305-083031

[676](08:30:32)[2]-- TIME:20090305-083032

[677](08:30:33)[3]-- TIME:20090305-083033

[678](08:30:34)[0]-- TIME:20090305-083034

[679](08:30:35)[1]-- TIME:20090305-083035

[680](08:30:36)[2]-- TIME:20090305-083036

[681](08:30:37)[3]-- TIME:20090305-083037

[682](08:30:38)[0]-- TIME:20090305-083038

[683](08:30:39)[1]-- TIME:20090305-083039

[684](08:30:40)[2]-- TIME:20090305-083040

[685](08:30:41)[3]-- TIME:20090305-083041

[686](08:30:42)[0]-- TIME:20090305-083042

[687](08:30:43)[1]-- TIME:20090305-083043

[688](08:30:44)[2]-- TIME:20090305-083044

[689](08:30:45)[3]-- TIME:20090305-083045

[690](08:30:46)[0]-- TIME:20090305-083046

[691](08:30:47)[1]-- TIME:20090305-083047

[692](08:30:48)[2]-- TIME:20090305-083048

[693](08:30:49)[3]-- TIME:20090305-083049

[694](08:30:50)[0]-- TIME:20090305-083050

[695](08:30:51)[1]-- TIME:20090305-083051

[696](08:30:52)[2]-- TIME:20090305-083052

[697](08:30:53)[3]-- TIME:20090305-083053

[698](08:30:54)[0]-- TIME:20090305-083054

[699](08:30:55)[1]-- TIME:20090305-083055

[700](08:30:56)[2]-- TIME:20090305-083056

[701](08:30:57)[3]-- TIME:20090305-083057

[702](08:30:58)[0]-- TIME:20090305-083058

[703](08:30:59)[1]-- TIME:20090305-083059

[704](08:31:00)[2]-- TIME:20090305-083100

[705](08:31:01)[3]-- TIME:20090305-083101

[706](08:31:02)[0]-- TIME:20090305-083102

[707](08:31:03)[1]-- TIME:20090305-083103

[708](08:31:04)[2]-- TIME:20090305-083104

[709](08:31:05)[3]-- TIME:20090305-083105

[710](08:31:06)[0]-- TIME:20090305-083106

[711](08:31:07)[1]-- TIME:20090305-083107

[712](08:31:08)[2]-- TIME:20090305-083108

[713](08:31:09)[3]-- TIME:20090305-083109

[714](08:31:10)[0]-- TIME:20090305-083110

[715](08:31:11)[1]-- TIME:20090305-083111

[716](08:31:12)[2]-- TIME:20090305-083112

[717](08:31:13)[3]-- TIME:20090305-083113

[718](08:31:14)[0]-- TIME:20090305-083114

[719](08:31:15)[1]-- TIME:20090305-083115

[720](08:31:16)[2]-- TIME:20090305-083116

[721](08:31:17)[3]-- TIME:20090305-083117

[722](08:31:18)[0]-- TIME:20090305-083118

[723](08:31:19)[1]-- TIME:20090305-083119

[724](08:31:20)[2]-- TIME:20090305-083120

[725](08:31:21)[3]-- TIME:20090305-083121

[726](08:31:22)[0]-- TIME:20090305-083122

[727](08:31:23)[1]-- TIME:20090305-083123

[728](08:31:24)[2]-- TIME:20090305-083124

[729](08:31:25)[3]-- TIME:20090305-083125

[730](08:31:26)[0]-- TIME:20090305-083126

[731](08:31:27)[1]-- TIME:20090305-083127

[732](08:31:28)[2]-- TIME:20090305-083128

[733](08:31:29)[3]-- TIME:20090305-083129

[734](08:31:30)[0]-- TIME:20090305-083130

[735](08:31:31)[1]-- TIME:20090305-083131

[736](08:31:32)[2]-- TIME:20090305-083132

[737](08:31:33)[3]-- TIME:20090305-083133

[738](08:31:34)[0]-- TIME:20090305-083134

[739](08:31:35)[1]-- TIME:20090305-083135

[740](08:31:36)[2]-- TIME:20090305-083136

[741](08:31:37)[3]-- TIME:20090305-083137

[742](08:31:38)[0]-- TIME:20090305-083138

[743](08:31:39)[1]-- TIME:20090305-083139

[744](08:31:40)[2]-- TIME:20090305-083140

[745](08:31:41)[3]-- TIME:20090305-083141

[746](08:31:42)[0]-- TIME:20090305-083142

[747](08:31:43)[1]-- TIME:20090305-083143

[748](08:31:44)[2]-- TIME:20090305-083144

[749](08:31:45)[3]-- TIME:20090305-083145

[750](08:31:46)[0]-- TIME:20090305-083146

[751](08:31:47)[1]-- TIME:20090305-083147

[752](08:31:48)[2]-- TIME:20090305-083148

[753](08:31:49)[3]-- TIME:20090305-083149

[754](08:31:50)[0]-- TIME:20090305-083150

[755](08:31:51)[1]-- TIME:20090305-083151

[756](08:31:52)[2]-- TIME:20090305-083152

[757](08:31:53)[3]-- TIME:20090305-083153

[758](08:31:54)[0]-- TIME:20090305-083154

[759](08:31:55)[1]-- TIME:20090305-083155

[760](08:31:56)[2]-- TIME:20090305-083156

[761](08:31:57)[3]-- TIME:20090305-083157

[762](08:31:58)[0]-- TIME:20090305-083158

[763](08:31:59)[1]-- TIME:20090305-083159

[764](08:32:00)[2]-- TIME:20090305-083200

[765](08:32:01)[3]-- TIME:20090305-083201

[766](08:32:02)[0]-- TIME:20090305-083202

[767](08:32:03)[1]-- TIME:20090305-083203

[768](08:32:04)[2]-- TIME:20090305-083204

[769](08:32:05)[3]-- TIME:20090305-083205

[770](08:32:06)[0]-- TIME:20090305-083206

[771](08:32:07)[1]-- TIME:20090305-083207

[772](08:32:08)[2]-- TIME:20090305-083208

[773](08:32:09)[3]-- TIME:20090305-083209

[774](08:32:10)[0]-- TIME:20090305-083210

[775](08:32:11)[1]-- TIME:20090305-083211

[776](08:32:12)[2]-- TIME:20090305-083212

[777](08:32:13)[3]-- TIME:20090305-083213

[778](08:32:14)[0]-- TIME:20090305-083214

[779](08:32:15)[1]-- TIME:20090305-083215

[780](08:32:16)[2]-- TIME:20090305-083216

[781](08:32:17)[3]-- TIME:20090305-083217

[782](08:32:18)[0]-- TIME:20090305-083218

[783](08:32:19)[1]-- TIME:20090305-083219

[784](08:32:20)[2]-- TIME:20090305-083220

[785](08:32:21)[3]-- TIME:20090305-083221

[786](08:32:22)[0]-- TIME:20090305-083222

[787](08:32:23)[1]-- TIME:20090305-083223

[788](08:32:24)[2]-- TIME:20090305-083224

[789](08:32:25)[3]-- TIME:20090305-083225

[790](08:32:26)[0]-- TIME:20090305-083226

[791](08:32:27)[1]-- TIME:20090305-083227

[792](08:32:28)[2]-- TIME:20090305-083228

[793](08:32:29)[3]-- TIME:20090305-083229

[794](08:32:30)[0]-- TIME:20090305-083230

[795](08:32:31)[1]-- TIME:20090305-083231

[796](08:32:32)[2]-- TIME:20090305-083232

[797](08:32:33)[3]-- TIME:20090305-083233

[798](08:32:34)[0]-- TIME:20090305-083234

[799](08:32:35)[1]-- TIME:20090305-083235

[800](08:32:36)[2]-- TIME:20090305-083236

[801](08:32:37)[3]-- TIME:20090305-083237

[802](08:32:38)[0]-- TIME:20090305-083238

[803](08:32:39)[1]-- TIME:20090305-083239

[804](08:32:40)[2]-- TIME:20090305-083240

[805](08:32:41)[3]-- TIME:20090305-083241

[806](08:32:42)[0]-- TIME:20090305-083242

[807](08:32:43)[1]-- TIME:20090305-083243

[808](08:32:44)[2]-- TIME:20090305-083244

[809](08:32:45)[3]-- TIME:20090305-083245

[810](08:32:46)[0]-- TIME:20090305-083246

[811](08:32:47)[1]-- TIME:20090305-083247

[812](08:32:48)[2]-- TIME:20090305-083248

[813](08:32:49)[3]-- TIME:20090305-083249

[814](08:32:50)[0]-- TIME:20090305-083250

[815](08:32:51)[1]-- TIME:20090305-083251

[816](08:32:52)[2]-- TIME:20090305-083252

[817](08:32:53)[3]-- TIME:20090305-083253

[818](08:32:54)[0]-- TIME:20090305-083254

[819](08:32:55)[1]-- TIME:20090305-083255

[820](08:32:56)[2]-- TIME:20090305-083256

[821](08:32:57)[3]-- TIME:20090305-083257

[822](08:32:58)[0]-- TIME:20090305-083258

[823](08:32:59)[1]-- TIME:20090305-083259

[824](08:33:00)[2]-- TIME:20090305-083300

[825](08:33:01)[3]-- TIME:20090305-083301

[826](08:33:02)[0]-- TIME:20090305-083302

[827](08:33:03)[1]-- TIME:20090305-083303

[828](08:33:04)[2]-- TIME:20090305-083304

[829](08:33:05)[3]-- TIME:20090305-083305

[830](08:33:06)[0]-- TIME:20090305-083306

[831](08:33:07)[1]-- TIME:20090305-083307

[832](08:33:08)[2]-- TIME:20090305-083308

[833](08:33:09)[3]-- TIME:20090305-083309

[834](08:33:10)[0]-- TIME:20090305-083310

[835](08:33:11)[1]-- TIME:20090305-083311

[836](08:33:12)[2]-- TIME:20090305-083312

[837](08:33:13)[3]-- TIME:20090305-083313

[838](08:33:14)[0]-- TIME:20090305-083314

[839](08:33:15)[1]-- TIME:20090305-083315

[840](08:33:16)[2]-- TIME:20090305-083316

[841](08:33:17)[3]-- TIME:20090305-083317

[842](08:33:18)[0]-- TIME:20090305-083318

[843](08:33:19)[1]-- TIME:20090305-083319

[844](08:33:20)[2]-- TIME:20090305-083320

[845](08:33:21)[3]-- TIME:20090305-083321

[846](08:33:22)[0]-- TIME:20090305-083322

[847](08:33:23)[1]-- TIME:20090305-083323

[848](08:33:24)[2]-- TIME:20090305-083324

[849](08:33:25)[3]-- TIME:20090305-083325

[850](08:33:26)[0]-- TIME:20090305-083326

[851](08:33:27)[1]-- TIME:20090305-083327

[852](08:33:28)[2]-- TIME:20090305-083328

[853](08:33:29)[3]-- TIME:20090305-083329

[854](08:33:30)[0]-- TIME:20090305-083330

[855](08:33:31)[1]-- TIME:20090305-083331

[856](08:33:32)[2]-- TIME:20090305-083332

[857](08:33:33)[3]-- TIME:20090305-083333

[858](08:33:34)[0]-- TIME:20090305-083334

[859](08:33:35)[1]-- TIME:20090305-083335

[860](08:33:36)[2]-- TIME:20090305-083336

[861](08:33:37)[3]-- TIME:20090305-083337

[862](08:33:38)[0]-- TIME:20090305-083338

[863](08:33:39)[1]-- TIME:20090305-083339

[864](08:33:40)[2]-- TIME:20090305-083340

[865](08:33:41)[3]-- TIME:20090305-083341

[866](08:33:42)[0]-- TIME:20090305-083342

[867](08:33:43)[1]-- TIME:20090305-083343

[868](08:33:44)[2]-- TIME:20090305-083344

[869](08:33:45)[3]-- TIME:20090305-083345

[870](08:33:46)[0]-- TIME:20090305-083346

[871](08:33:47)[1]-- TIME:20090305-083347

[872](08:33:48)[2]-- TIME:20090305-083348

[873](08:33:49)[3]-- TIME:20090305-083349

[874](08:33:50)[0]-- TIME:20090305-083350

[875](08:33:51)[1]-- TIME:20090305-083351

[876](08:33:52)[2]-- TIME:20090305-083352

[877](08:33:53)[3]-- TIME:20090305-083353

[878](08:33:54)[0]-- TIME:20090305-083354

[879](08:33:55)[1]-- TIME:20090305-083355

[880](08:33:56)[2]-- TIME:20090305-083356

[881](08:33:57)[3]-- TIME:20090305-083357

[882](08:33:58)[0]-- TIME:20090305-083358

[883](08:33:59)[1]-- TIME:20090305-083359

[884](08:34:00)[2]-- TIME:20090305-083400

[885](08:34:01)[3]-- TIME:20090305-083401

[886](08:34:02)[0]-- TIME:20090305-083402

[887](08:34:03)[1]-- TIME:20090305-083403

[888](08:34:04)[2]-- TIME:20090305-083404

[889](08:34:05)[3]-- TIME:20090305-083405

[890](08:34:05)10.23.128.24: Timeout
[891](08:34:06)[0]-- TIME:20090305-083406

[892](08:34:07)[1]-- TIME:20090305-083407

[893](08:34:08)[2]-- TIME:20090305-083408

[894](08:34:09)[3]-- TIME:20090305-083409

[895](08:34:09)10.23.128.24: Timeout
[896](08:34:10)[0]-- TIME:20090305-083410

[897](08:34:11)[1]-- TIME:20090305-083411

[898](08:34:12)[2]-- TIME:20090305-083412

[899](08:34:13)[3]-- TIME:20090305-083413

[900](08:34:14)[0]-- TIME:20090305-083414

[901](08:34:15)[1]-- TIME:20090305-083415

[902](08:34:16)[2]-- TIME:20090305-083416

[903](08:34:17)[3]-- TIME:20090305-083417

[904](08:34:18)[0]-- TIME:20090305-083418

[905](08:34:19)[1]-- TIME:20090305-083419

[906](08:34:20)[2]-- TIME:20090305-083420

[907](08:34:21)[3]-- TIME:20090305-083421

[908](08:34:22)[0]-- TIME:20090305-083422

[909](08:34:23)[1]-- TIME:20090305-083423

[910](08:34:24)[2]-- TIME:20090305-083424

[911](08:34:25)[3]-- TIME:20090305-083425

[912](08:34:26)[0]-- TIME:20090305-083426

[913](08:34:27)[1]-- TIME:20090305-083427

[914](08:34:28)[2]-- TIME:20090305-083428

[915](08:34:29)[3]-- TIME:20090305-083429

[916](08:34:29)10.23.128.24: Timeout
[917](08:34:30)[0]-- TIME:20090305-083430

[918](08:34:31)[1]-- TIME:20090305-083431

[919](08:34:32)[2]-- TIME:20090305-083432

[920](08:34:33)[3]-- TIME:20090305-083433

[921](08:34:34)[0]-- TIME:20090305-083434

[922](08:34:35)[1]-- TIME:20090305-083435

[923](08:34:36)[2]-- TIME:20090305-083436

[924](08:34:37)[3]-- TIME:20090305-083437

[925](08:34:37)10.23.128.24: Timeout
[926](08:34:38)[0]-- TIME:20090305-083438

[927](08:34:41)[1]-- TIME:20090305-083441

[928](08:34:42)[2]-- TIME:20090305-083442

[929](08:34:43)[3]-- TIME:20090305-083443

[930](08:34:43)10.23.128.24: Timeout
[931](08:34:44)[0]-- TIME:20090305-083444

[932](08:34:45)[1]-- TIME:20090305-083445

[933](08:34:46)[2]-- TIME:20090305-083446

[934](08:34:47)[3]-- TIME:20090305-083447

[935](08:34:48)[0]-- TIME:20090305-083448

[936](08:34:49)[1]-- TIME:20090305-083449

[937](08:34:50)[2]-- TIME:20090305-083450

[938](08:34:51)[3]-- TIME:20090305-083451

[939](08:34:52)[0]-- TIME:20090305-083452

[940](08:34:53)[1]-- TIME:20090305-083453

[941](08:34:54)[2]-- TIME:20090305-083454

[942](08:34:55)[3]-- TIME:20090305-083455

[943](08:34:55)10.23.128.24: Timeout
[944](08:34:56)[0]-- TIME:20090305-083456

[945](08:34:57)[1]-- TIME:20090305-083457

[946](08:34:58)[2]-- TIME:20090305-083458

[947](08:34:59)[3]-- TIME:20090305-083459

[948](08:35:00)[0]-- TIME:20090305-083500

[949](08:35:01)[1]-- TIME:20090305-083501

[950](08:35:02)[2]-- TIME:20090305-083502

[951](08:35:03)[3]-- TIME:20090305-083503

[952](08:35:03)10.23.128.24: Timeout
[953](08:35:04)[0]-- TIME:20090305-083504

[954](08:35:05)[1]-- TIME:20090305-083505

[955](08:35:06)[2]-- TIME:20090305-083506

[956](08:35:07)[3]-- TIME:20090305-083507

[957](08:35:08)[0]-- TIME:20090305-083508

[958](08:35:09)[1]-- TIME:20090305-083509

[959](08:35:10)[2]-- TIME:20090305-083510

[960](08:35:11)[3]-- TIME:20090305-083511

[961](08:35:11)10.23.128.24: Timeout
[962](08:35:12)[0]-- TIME:20090305-083512

[963](08:35:13)[1]-- TIME:20090305-083513

[964](08:35:14)[2]-- TIME:20090305-083514

[965](08:35:15)[3]-- TIME:20090305-083515

[966](08:35:15)10.23.128.24: Timeout
[967](08:35:16)[0]-- TIME:20090305-083516

[968](08:35:17)[1]-- TIME:20090305-083517

[969](08:35:18)[2]-- TIME:20090305-083518

[970](08:35:19)[3]-- TIME:20090305-083519

[971](08:35:20)[0]-- TIME:20090305-083520

[972](08:35:21)[1]-- TIME:20090305-083521

[973](08:35:22)[2]-- TIME:20090305-083522

[974](08:35:23)[3]-- TIME:20090305-083523

[975](08:35:24)[0]-- TIME:20090305-083524

[976](08:35:25)[1]-- TIME:20090305-083525

[977](08:35:26)[2]-- TIME:20090305-083526

[978](08:35:27)[3]-- TIME:20090305-083527

[979](08:35:27)10.23.128.24: Timeout
[980](08:35:28)[0]-- TIME:20090305-083528

[981](08:35:29)[1]-- TIME:20090305-083529

[982](08:35:30)[2]-- TIME:20090305-083530

[983](08:35:31)[3]-- TIME:20090305-083531

[984](08:35:31)10.23.128.24: Timeout
[985](08:35:32)[0]-- TIME:20090305-083532

[986](08:35:33)[1]-- TIME:20090305-083533

[987](08:35:34)[2]-- TIME:20090305-083534

[988](08:35:35)[3]-- TIME:20090305-083535

[989](08:35:35)10.23.128.24: Timeout
[990](08:35:36)[0]-- TIME:20090305-083536

[991](08:35:37)[1]-- TIME:20090305-083537

[992](08:35:38)[2]-- TIME:20090305-083538

[993](08:35:39)[3]-- TIME:20090305-083539

[994](08:35:39)10.23.128.24: Timeout
[995](08:35:40)[0]-- TIME:20090305-083540

[996](08:35:41)[1]-- TIME:20090305-083541

[997](08:35:42)[2]-- TIME:20090305-083542

[998](08:35:43)[3]-- TIME:20090305-083543

[999](08:35:43)10.23.128.24: Timeout
[1000](08:35:44)[0]-- TIME:20090305-083544
